&&&& RUNNING TensorRT.trtexec [TensorRT v8001] # /usr/src/tensorrt/bin/trtexec --onnx=models/tomato_yolov8n_cls_fieldaug_opset12.onnx --saveEngine=engines/tomato_yolov8n_cls_int8_synthetic.engine --int8 --workspace=512 --warmUp=500 --duration=15 --iterations=500
[05/14/2026-03:52:14] [I] === Model Options ===
[05/14/2026-03:52:14] [I] Format: ONNX
[05/14/2026-03:52:14] [I] Model: models/tomato_yolov8n_cls_fieldaug_opset12.onnx
[05/14/2026-03:52:14] [I] Output:
[05/14/2026-03:52:14] [I] === Build Options ===
[05/14/2026-03:52:14] [I] Max batch: explicit
[05/14/2026-03:52:14] [I] Workspace: 512 MiB
[05/14/2026-03:52:14] [I] minTiming: 1
[05/14/2026-03:52:14] [I] avgTiming: 8
[05/14/2026-03:52:14] [I] Precision: FP32+INT8
[05/14/2026-03:52:14] [I] Calibration: Dynamic
[05/14/2026-03:52:14] [I] Refit: Disabled
[05/14/2026-03:52:14] [I] Sparsity: Disabled
[05/14/2026-03:52:14] [I] Safe mode: Disabled
[05/14/2026-03:52:14] [I] Restricted mode: Disabled
[05/14/2026-03:52:14] [I] Save engine: engines/tomato_yolov8n_cls_int8_synthetic.engine
[05/14/2026-03:52:14] [I] Load engine: 
[05/14/2026-03:52:14] [I] NVTX verbosity: 0
[05/14/2026-03:52:14] [I] Tactic sources: Using default tactic sources
[05/14/2026-03:52:14] [I] timingCacheMode: local
[05/14/2026-03:52:14] [I] timingCacheFile: 
[05/14/2026-03:52:14] [I] Input(s)s format: fp32:CHW
[05/14/2026-03:52:14] [I] Output(s)s format: fp32:CHW
[05/14/2026-03:52:14] [I] Input build shapes: model
[05/14/2026-03:52:14] [I] Input calibration shapes: model
[05/14/2026-03:52:14] [I] === System Options ===
[05/14/2026-03:52:14] [I] Device: 0
[05/14/2026-03:52:14] [I] DLACore: 
[05/14/2026-03:52:14] [I] Plugins:
[05/14/2026-03:52:14] [I] === Inference Options ===
[05/14/2026-03:52:14] [I] Batch: Explicit
[05/14/2026-03:52:14] [I] Input inference shapes: model
[05/14/2026-03:52:14] [I] Iterations: 500
[05/14/2026-03:52:14] [I] Duration: 15s (+ 500ms warm up)
[05/14/2026-03:52:14] [I] Sleep time: 0ms
[05/14/2026-03:52:14] [I] Streams: 1
[05/14/2026-03:52:14] [I] ExposeDMA: Disabled
[05/14/2026-03:52:14] [I] Data transfers: Enabled
[05/14/2026-03:52:14] [I] Spin-wait: Disabled
[05/14/2026-03:52:14] [I] Multithreading: Disabled
[05/14/2026-03:52:14] [I] CUDA Graph: Disabled
[05/14/2026-03:52:14] [I] Separate profiling: Disabled
[05/14/2026-03:52:14] [I] Time Deserialize: Disabled
[05/14/2026-03:52:14] [I] Time Refit: Disabled
[05/14/2026-03:52:14] [I] Skip inference: Disabled
[05/14/2026-03:52:14] [I] Inputs:
[05/14/2026-03:52:14] [I] === Reporting Options ===
[05/14/2026-03:52:14] [I] Verbose: Disabled
[05/14/2026-03:52:14] [I] Averages: 10 inferences
[05/14/2026-03:52:14] [I] Percentile: 99
[05/14/2026-03:52:14] [I] Dump refittable layers:Disabled
[05/14/2026-03:52:14] [I] Dump output: Disabled
[05/14/2026-03:52:14] [I] Profile: Disabled
[05/14/2026-03:52:14] [I] Export timing to JSON file: 
[05/14/2026-03:52:14] [I] Export output to JSON file: 
[05/14/2026-03:52:14] [I] Export profile to JSON file: 
[05/14/2026-03:52:14] [I] 
[05/14/2026-03:52:14] [I] === Device Information ===
[05/14/2026-03:52:14] [I] Selected Device: NVIDIA Tegra X1
[05/14/2026-03:52:14] [I] Compute Capability: 5.3
[05/14/2026-03:52:14] [I] SMs: 1
[05/14/2026-03:52:14] [I] Compute Clock Rate: 0.9216 GHz
[05/14/2026-03:52:14] [I] Device Global Memory: 3964 MiB
[05/14/2026-03:52:14] [I] Shared Memory per SM: 64 KiB
[05/14/2026-03:52:14] [I] Memory Bus Width: 64 bits (ECC disabled)
[05/14/2026-03:52:14] [I] Memory Clock Rate: 0.01275 GHz
[05/14/2026-03:52:14] [I] 
[05/14/2026-03:52:14] [I] TensorRT version: 8001
[05/14/2026-03:52:16] [I] [TRT] [MemUsageChange] Init CUDA: CPU +203, GPU +0, now: CPU 221, GPU 3223 (MiB)
[05/14/2026-03:52:16] [I] Start parsing network model
[05/14/2026-03:52:16] [I] [TRT] ----------------------------------------------------------------
[05/14/2026-03:52:16] [I] [TRT] Input filename:   models/tomato_yolov8n_cls_fieldaug_opset12.onnx
[05/14/2026-03:52:16] [I] [TRT] ONNX IR version:  0.0.7
[05/14/2026-03:52:16] [I] [TRT] Opset version:    12
[05/14/2026-03:52:16] [I] [TRT] Producer name:    pytorch
[05/14/2026-03:52:16] [I] [TRT] Producer version: 2.12.0
[05/14/2026-03:52:16] [I] [TRT] Domain:           
[05/14/2026-03:52:16] [I] [TRT] Model version:    0
[05/14/2026-03:52:16] [I] [TRT] Doc string:       
[05/14/2026-03:52:16] [I] [TRT] ----------------------------------------------------------------
[05/14/2026-03:52:16] [I] Finish parsing network model
[05/14/2026-03:52:16] [I] [TRT] [MemUsageChange] Init CUDA: CPU +0, GPU +0, now: CPU 227, GPU 3240 (MiB)
[05/14/2026-03:52:16] [I] FP32 and INT8 precisions have been specified - more performance might be enabled by additionally specifying --fp16 or --best
[05/14/2026-03:52:16] [I] [TRT] [MemUsageSnapshot] Builder begin: CPU 227 MiB, GPU 3240 MiB
[05/14/2026-03:52:16] [W] [TRT] Int8 support requested on hardware without native Int8 support, performance will be negatively affected.
[05/14/2026-03:52:16] [W] [TRT] Calibrator is not being used. Users must provide dynamic range for all tensors that are not Int32.
[05/14/2026-03:52:16] [I] [TRT] ---------- Layers Running on DLA ----------
[05/14/2026-03:52:16] [I] [TRT] ---------- Layers Running on GPU ----------
[05/14/2026-03:52:16] [I] [TRT] [GpuLayer] /model.0/conv/Conv
[05/14/2026-03:52:16] [I] [TRT] [GpuLayer] PWN(PWN(/model.0/act/Sigmoid), /model.0/act/Mul)
[05/14/2026-03:52:16] [I] [TRT] [GpuLayer] /model.1/conv/Conv
[05/14/2026-03:52:16] [I] [TRT] [GpuLayer] PWN(PWN(/model.1/act/Sigmoid), /model.1/act/Mul)
[05/14/2026-03:52:16] [I] [TRT] [GpuLayer] /model.2/cv1/conv/Conv
[05/14/2026-03:52:16] [I] [TRT] [GpuLayer] PWN(PWN(/model.2/cv1/act/Sigmoid), /model.2/cv1/act/Mul)
[05/14/2026-03:52:16] [I] [TRT] [GpuLayer] /model.2/Split
[05/14/2026-03:52:16] [I] [TRT] [GpuLayer] /model.2/Split_0
[05/14/2026-03:52:16] [I] [TRT] [GpuLayer] /model.2/m.0/cv1/conv/Conv
[05/14/2026-03:52:16] [I] [TRT] [GpuLayer] PWN(PWN(/model.2/m.0/cv1/act/Sigmoid), /model.2/m.0/cv1/act/Mul)
[05/14/2026-03:52:16] [I] [TRT] [GpuLayer] /model.2/m.0/cv2/conv/Conv
[05/14/2026-03:52:16] [I] [TRT] [GpuLayer] PWN(PWN(PWN(/model.2/m.0/cv2/act/Sigmoid), /model.2/m.0/cv2/act/Mul), /model.2/m.0/Add)
[05/14/2026-03:52:16] [I] [TRT] [GpuLayer] /model.2/Split_output_1 copy
[05/14/2026-03:52:16] [I] [TRT] [GpuLayer] /model.2/cv2/conv/Conv
[05/14/2026-03:52:16] [I] [TRT] [GpuLayer] PWN(PWN(/model.2/cv2/act/Sigmoid), /model.2/cv2/act/Mul)
[05/14/2026-03:52:16] [I] [TRT] [GpuLayer] /model.3/conv/Conv
[05/14/2026-03:52:16] [I] [TRT] [GpuLayer] PWN(PWN(/model.3/act/Sigmoid), /model.3/act/Mul)
[05/14/2026-03:52:16] [I] [TRT] [GpuLayer] /model.4/cv1/conv/Conv
[05/14/2026-03:52:16] [I] [TRT] [GpuLayer] PWN(PWN(/model.4/cv1/act/Sigmoid), /model.4/cv1/act/Mul)
[05/14/2026-03:52:16] [I] [TRT] [GpuLayer] /model.4/Split
[05/14/2026-03:52:16] [I] [TRT] [GpuLayer] /model.4/Split_1
[05/14/2026-03:52:16] [I] [TRT] [GpuLayer] /model.4/m.0/cv1/conv/Conv
[05/14/2026-03:52:16] [I] [TRT] [GpuLayer] PWN(PWN(/model.4/m.0/cv1/act/Sigmoid), /model.4/m.0/cv1/act/Mul)
[05/14/2026-03:52:16] [I] [TRT] [GpuLayer] /model.4/m.0/cv2/conv/Conv
[05/14/2026-03:52:16] [I] [TRT] [GpuLayer] PWN(PWN(PWN(/model.4/m.0/cv2/act/Sigmoid), /model.4/m.0/cv2/act/Mul), /model.4/m.0/Add)
[05/14/2026-03:52:16] [I] [TRT] [GpuLayer] /model.4/m.1/cv1/conv/Conv
[05/14/2026-03:52:16] [I] [TRT] [GpuLayer] PWN(PWN(/model.4/m.1/cv1/act/Sigmoid), /model.4/m.1/cv1/act/Mul)
[05/14/2026-03:52:16] [I] [TRT] [GpuLayer] /model.4/m.1/cv2/conv/Conv
[05/14/2026-03:52:16] [I] [TRT] [GpuLayer] PWN(PWN(PWN(/model.4/m.1/cv2/act/Sigmoid), /model.4/m.1/cv2/act/Mul), /model.4/m.1/Add)
[05/14/2026-03:52:16] [I] [TRT] [GpuLayer] /model.4/Split_output_1 copy
[05/14/2026-03:52:16] [I] [TRT] [GpuLayer] /model.4/m.0/Add_output_0 copy
[05/14/2026-03:52:16] [I] [TRT] [GpuLayer] /model.4/cv2/conv/Conv
[05/14/2026-03:52:16] [I] [TRT] [GpuLayer] PWN(PWN(/model.4/cv2/act/Sigmoid), /model.4/cv2/act/Mul)
[05/14/2026-03:52:16] [I] [TRT] [GpuLayer] /model.5/conv/Conv
[05/14/2026-03:52:16] [I] [TRT] [GpuLayer] PWN(PWN(/model.5/act/Sigmoid), /model.5/act/Mul)
[05/14/2026-03:52:16] [I] [TRT] [GpuLayer] /model.6/cv1/conv/Conv
[05/14/2026-03:52:16] [I] [TRT] [GpuLayer] PWN(PWN(/model.6/cv1/act/Sigmoid), /model.6/cv1/act/Mul)
[05/14/2026-03:52:16] [I] [TRT] [GpuLayer] /model.6/Split
[05/14/2026-03:52:16] [I] [TRT] [GpuLayer] /model.6/Split_2
[05/14/2026-03:52:16] [I] [TRT] [GpuLayer] /model.6/m.0/cv1/conv/Conv
[05/14/2026-03:52:16] [I] [TRT] [GpuLayer] PWN(PWN(/model.6/m.0/cv1/act/Sigmoid), /model.6/m.0/cv1/act/Mul)
[05/14/2026-03:52:16] [I] [TRT] [GpuLayer] /model.6/m.0/cv2/conv/Conv
[05/14/2026-03:52:16] [I] [TRT] [GpuLayer] PWN(PWN(PWN(/model.6/m.0/cv2/act/Sigmoid), /model.6/m.0/cv2/act/Mul), /model.6/m.0/Add)
[05/14/2026-03:52:16] [I] [TRT] [GpuLayer] /model.6/m.1/cv1/conv/Conv
[05/14/2026-03:52:16] [I] [TRT] [GpuLayer] PWN(PWN(/model.6/m.1/cv1/act/Sigmoid), /model.6/m.1/cv1/act/Mul)
[05/14/2026-03:52:16] [I] [TRT] [GpuLayer] /model.6/m.1/cv2/conv/Conv
[05/14/2026-03:52:16] [I] [TRT] [GpuLayer] PWN(PWN(PWN(/model.6/m.1/cv2/act/Sigmoid), /model.6/m.1/cv2/act/Mul), /model.6/m.1/Add)
[05/14/2026-03:52:16] [I] [TRT] [GpuLayer] /model.6/Split_output_1 copy
[05/14/2026-03:52:16] [I] [TRT] [GpuLayer] /model.6/m.0/Add_output_0 copy
[05/14/2026-03:52:16] [I] [TRT] [GpuLayer] /model.6/cv2/conv/Conv
[05/14/2026-03:52:16] [I] [TRT] [GpuLayer] PWN(PWN(/model.6/cv2/act/Sigmoid), /model.6/cv2/act/Mul)
[05/14/2026-03:52:16] [I] [TRT] [GpuLayer] /model.7/conv/Conv
[05/14/2026-03:52:16] [I] [TRT] [GpuLayer] PWN(PWN(/model.7/act/Sigmoid), /model.7/act/Mul)
[05/14/2026-03:52:16] [I] [TRT] [GpuLayer] /model.8/cv1/conv/Conv
[05/14/2026-03:52:16] [I] [TRT] [GpuLayer] PWN(PWN(/model.8/cv1/act/Sigmoid), /model.8/cv1/act/Mul)
[05/14/2026-03:52:16] [I] [TRT] [GpuLayer] /model.8/Split
[05/14/2026-03:52:16] [I] [TRT] [GpuLayer] /model.8/Split_3
[05/14/2026-03:52:16] [I] [TRT] [GpuLayer] /model.8/m.0/cv1/conv/Conv
[05/14/2026-03:52:16] [I] [TRT] [GpuLayer] PWN(PWN(/model.8/m.0/cv1/act/Sigmoid), /model.8/m.0/cv1/act/Mul)
[05/14/2026-03:52:16] [I] [TRT] [GpuLayer] /model.8/m.0/cv2/conv/Conv
[05/14/2026-03:52:16] [I] [TRT] [GpuLayer] PWN(PWN(PWN(/model.8/m.0/cv2/act/Sigmoid), /model.8/m.0/cv2/act/Mul), /model.8/m.0/Add)
[05/14/2026-03:52:16] [I] [TRT] [GpuLayer] /model.8/Split_output_1 copy
[05/14/2026-03:52:16] [I] [TRT] [GpuLayer] /model.8/cv2/conv/Conv
[05/14/2026-03:52:16] [I] [TRT] [GpuLayer] PWN(PWN(/model.8/cv2/act/Sigmoid), /model.8/cv2/act/Mul)
[05/14/2026-03:52:16] [I] [TRT] [GpuLayer] /model.9/conv/conv/Conv
[05/14/2026-03:52:16] [I] [TRT] [GpuLayer] PWN(PWN(/model.9/conv/act/Sigmoid), /model.9/conv/act/Mul)
[05/14/2026-03:52:16] [I] [TRT] [GpuLayer] /model.9/pool/GlobalAveragePool
[05/14/2026-03:52:16] [I] [TRT] [GpuLayer] /model.9/linear/Gemm
[05/14/2026-03:52:16] [I] [TRT] [GpuLayer] (Unnamed Layer* 100) [Shuffle] + (Unnamed Layer* 101) [Shuffle]
[05/14/2026-03:52:16] [I] [TRT] [GpuLayer] /model.9/Softmax
[05/14/2026-03:52:18] [I] [TRT] [MemUsageChange] Init cuBLAS/cuBLASLt: CPU +158, GPU +238, now: CPU 385, GPU 3478 (MiB)
[05/14/2026-03:52:20] [I] [TRT] [MemUsageChange] Init cuDNN: CPU +241, GPU +345, now: CPU 626, GPU 3823 (MiB)
[05/14/2026-03:52:20] [W] [TRT] Detected invalid timing cache, setup a local cache instead
[05/14/2026-03:55:19] [I] [TRT] Some tactics do not have sufficient workspace memory to run. Increasing workspace size may increase performance, please check verbose output.
[05/14/2026-03:55:23] [I] [TRT] Detected 1 inputs and 1 output network tensors.
[05/14/2026-03:55:23] [I] [TRT] Total Host Persistent Memory: 52464
[05/14/2026-03:55:23] [I] [TRT] Total Device Persistent Memory: 4253696
[05/14/2026-03:55:23] [I] [TRT] Total Scratch Memory: 5120
[05/14/2026-03:55:23] [I] [TRT] [MemUsageStats] Peak memory usage of TRT CPU/GPU memory allocators: CPU 1 MiB, GPU 221 MiB
[05/14/2026-03:55:23] [I] [TRT] [MemUsageChange] Init cuBLAS/cuBLASLt: CPU +0, GPU +4, now: CPU 879, GPU 3886 (MiB)
[05/14/2026-03:55:23] [I] [TRT] [MemUsageChange] Init cuDNN: CPU +0, GPU -3, now: CPU 879, GPU 3883 (MiB)
[05/14/2026-03:55:23] [I] [TRT] [MemUsageChange] Init cuBLAS/cuBLASLt: CPU +0, GPU -1, now: CPU 879, GPU 3863 (MiB)
[05/14/2026-03:55:23] [I] [TRT] [MemUsageChange] Init cuBLAS/cuBLASLt: CPU +0, GPU -2, now: CPU 879, GPU 3841 (MiB)
[05/14/2026-03:55:23] [I] [TRT] [MemUsageSnapshot] Builder end: CPU 879 MiB, GPU 3823 MiB
[05/14/2026-03:55:23] [I] [TRT] Loaded engine size: 8 MB
[05/14/2026-03:55:23] [I] [TRT] [MemUsageSnapshot] deserializeCudaEngine begin: CPU 886 MiB, GPU 3794 MiB
[05/14/2026-03:55:23] [I] [TRT] [MemUsageChange] Init cuBLAS/cuBLASLt: CPU +0, GPU +0, now: CPU 889, GPU 3794 (MiB)
[05/14/2026-03:55:23] [I] [TRT] [MemUsageChange] Init cuDNN: CPU +1, GPU +0, now: CPU 890, GPU 3794 (MiB)
[05/14/2026-03:55:23] [I] [TRT] [MemUsageChange] Init cuBLAS/cuBLASLt: CPU +0, GPU +0, now: CPU 889, GPU 3794 (MiB)
[05/14/2026-03:55:23] [I] [TRT] [MemUsageSnapshot] deserializeCudaEngine end: CPU 889 MiB, GPU 3794 MiB
[05/14/2026-03:55:23] [I] Engine built in 189.093 sec.
[05/14/2026-03:55:23] [I] [TRT] [MemUsageSnapshot] ExecutionContext creation begin: CPU 883 MiB, GPU 3802 MiB
[05/14/2026-03:55:23] [I] [TRT] [MemUsageChange] Init cuBLAS/cuBLASLt: CPU +0, GPU +0, now: CPU 883, GPU 3802 (MiB)
[05/14/2026-03:55:23] [I] [TRT] [MemUsageChange] Init cuDNN: CPU +0, GPU +0, now: CPU 883, GPU 3802 (MiB)
[05/14/2026-03:55:23] [I] [TRT] [MemUsageSnapshot] ExecutionContext creation end: CPU 883 MiB, GPU 3802 MiB
[05/14/2026-03:55:23] [I] Created input binding for images with dimensions 1x3x224x224
[05/14/2026-03:55:23] [I] Created output binding for output0 with dimensions 1x10
[05/14/2026-03:55:23] [I] Starting inference
[05/14/2026-03:55:39] [I] Warmup completed 70 queries over 500 ms
[05/14/2026-03:55:39] [I] Timing trace has 2961 queries over 15.006 s
[05/14/2026-03:55:39] [I] 
[05/14/2026-03:55:39] [I] === Trace details ===
[05/14/2026-03:55:39] [I] Trace averages of 10 runs:
[05/14/2026-03:55:39] [I] Average on 10 runs - GPU latency: 4.94991 ms - Host latency: 5.00828 ms (end to end 5.01804 ms, enqueue 3.19959 ms)
[05/14/2026-03:55:39] [I] Average on 10 runs - GPU latency: 4.99035 ms - Host latency: 5.04893 ms (end to end 5.05857 ms, enqueue 2.47072 ms)
[05/14/2026-03:55:39] [I] Average on 10 runs - GPU latency: 4.95619 ms - Host latency: 5.0144 ms (end to end 5.02437 ms, enqueue 3.12739 ms)
[05/14/2026-03:55:39] [I] Average on 10 runs - GPU latency: 4.94728 ms - Host latency: 5.00569 ms (end to end 5.01523 ms, enqueue 3.35562 ms)
[05/14/2026-03:55:39] [I] Average on 10 runs - GPU latency: 4.9532 ms - Host latency: 5.01129 ms (end to end 5.02143 ms, enqueue 3.36526 ms)
[05/14/2026-03:55:39] [I] Average on 10 runs - GPU latency: 4.94916 ms - Host latency: 5.00745 ms (end to end 5.01806 ms, enqueue 3.30268 ms)
[05/14/2026-03:55:39] [I] Average on 10 runs - GPU latency: 4.96228 ms - Host latency: 5.0207 ms (end to end 5.03117 ms, enqueue 3.23879 ms)
[05/14/2026-03:55:39] [I] Average on 10 runs - GPU latency: 4.94855 ms - Host latency: 5.00672 ms (end to end 5.01667 ms, enqueue 3.31797 ms)
[05/14/2026-03:55:39] [I] Average on 10 runs - GPU latency: 4.95281 ms - Host latency: 5.01137 ms (end to end 5.02157 ms, enqueue 3.4231 ms)
[05/14/2026-03:55:39] [I] Average on 10 runs - GPU latency: 4.95015 ms - Host latency: 5.00854 ms (end to end 5.01765 ms, enqueue 3.40131 ms)
[05/14/2026-03:55:39] [I] Average on 10 runs - GPU latency: 4.95814 ms - Host latency: 5.01681 ms (end to end 5.02756 ms, enqueue 3.15999 ms)
[05/14/2026-03:55:39] [I] Average on 10 runs - GPU latency: 4.95664 ms - Host latency: 5.01475 ms (end to end 5.02445 ms, enqueue 3.15195 ms)
[05/14/2026-03:55:39] [I] Average on 10 runs - GPU latency: 4.96582 ms - Host latency: 5.02438 ms (end to end 5.03451 ms, enqueue 3.2588 ms)
[05/14/2026-03:55:39] [I] Average on 10 runs - GPU latency: 4.98059 ms - Host latency: 5.03886 ms (end to end 5.04833 ms, enqueue 3.20002 ms)
[05/14/2026-03:55:39] [I] Average on 10 runs - GPU latency: 4.97566 ms - Host latency: 5.03376 ms (end to end 5.04331 ms, enqueue 3.36538 ms)
[05/14/2026-03:55:39] [I] Average on 10 runs - GPU latency: 4.97612 ms - Host latency: 5.03439 ms (end to end 5.04404 ms, enqueue 3.18069 ms)
[05/14/2026-03:55:39] [I] Average on 10 runs - GPU latency: 4.99069 ms - Host latency: 5.04938 ms (end to end 5.05916 ms, enqueue 3.34337 ms)
[05/14/2026-03:55:39] [I] Average on 10 runs - GPU latency: 4.98269 ms - Host latency: 5.04083 ms (end to end 5.05145 ms, enqueue 2.9759 ms)
[05/14/2026-03:55:39] [I] Average on 10 runs - GPU latency: 4.97953 ms - Host latency: 5.03815 ms (end to end 5.04738 ms, enqueue 3.22833 ms)
[05/14/2026-03:55:39] [I] Average on 10 runs - GPU latency: 4.99058 ms - Host latency: 5.04911 ms (end to end 5.05879 ms, enqueue 3.05043 ms)
[05/14/2026-03:55:39] [I] Average on 10 runs - GPU latency: 4.96997 ms - Host latency: 5.02809 ms (end to end 5.03789 ms, enqueue 3.20457 ms)
[05/14/2026-03:55:39] [I] Average on 10 runs - GPU latency: 4.97402 ms - Host latency: 5.03232 ms (end to end 5.04228 ms, enqueue 3.45359 ms)
[05/14/2026-03:55:39] [I] Average on 10 runs - GPU latency: 4.97982 ms - Host latency: 5.03807 ms (end to end 5.04766 ms, enqueue 3.22872 ms)
[05/14/2026-03:55:39] [I] Average on 10 runs - GPU latency: 4.97974 ms - Host latency: 5.03811 ms (end to end 5.04792 ms, enqueue 3.2156 ms)
[05/14/2026-03:55:39] [I] Average on 10 runs - GPU latency: 4.97368 ms - Host latency: 5.03201 ms (end to end 5.04172 ms, enqueue 3.23096 ms)
[05/14/2026-03:55:39] [I] Average on 10 runs - GPU latency: 4.99778 ms - Host latency: 5.05603 ms (end to end 5.06587 ms, enqueue 2.92625 ms)
[05/14/2026-03:55:39] [I] Average on 10 runs - GPU latency: 5.0043 ms - Host latency: 5.0625 ms (end to end 5.07235 ms, enqueue 2.66017 ms)
[05/14/2026-03:55:39] [I] Average on 10 runs - GPU latency: 5.00808 ms - Host latency: 5.06683 ms (end to end 5.07643 ms, enqueue 2.50789 ms)
[05/14/2026-03:55:39] [I] Average on 10 runs - GPU latency: 5.0146 ms - Host latency: 5.0729 ms (end to end 5.08264 ms, enqueue 2.50553 ms)
[05/14/2026-03:55:39] [I] Average on 10 runs - GPU latency: 5.00513 ms - Host latency: 5.06353 ms (end to end 5.0734 ms, enqueue 2.49954 ms)
[05/14/2026-03:55:39] [I] Average on 10 runs - GPU latency: 5.0092 ms - Host latency: 5.06754 ms (end to end 5.07723 ms, enqueue 2.52583 ms)
[05/14/2026-03:55:39] [I] Average on 10 runs - GPU latency: 5.00884 ms - Host latency: 5.06697 ms (end to end 5.07676 ms, enqueue 2.45483 ms)
[05/14/2026-03:55:39] [I] Average on 10 runs - GPU latency: 5.00386 ms - Host latency: 5.06216 ms (end to end 5.07173 ms, enqueue 2.46758 ms)
[05/14/2026-03:55:39] [I] Average on 10 runs - GPU latency: 4.9708 ms - Host latency: 5.02878 ms (end to end 5.03892 ms, enqueue 3.29961 ms)
[05/14/2026-03:55:39] [I] Average on 10 runs - GPU latency: 4.97036 ms - Host latency: 5.02874 ms (end to end 5.03928 ms, enqueue 3.66113 ms)
[05/14/2026-03:55:39] [I] Average on 10 runs - GPU latency: 4.98325 ms - Host latency: 5.0417 ms (end to end 5.05137 ms, enqueue 3.19836 ms)
[05/14/2026-03:55:39] [I] Average on 10 runs - GPU latency: 4.98462 ms - Host latency: 5.04282 ms (end to end 5.05256 ms, enqueue 3.06768 ms)
[05/14/2026-03:55:39] [I] Average on 10 runs - GPU latency: 4.97437 ms - Host latency: 5.03242 ms (end to end 5.04255 ms, enqueue 3.13328 ms)
[05/14/2026-03:55:39] [I] Average on 10 runs - GPU latency: 4.99482 ms - Host latency: 5.05325 ms (end to end 5.06416 ms, enqueue 3.07134 ms)
[05/14/2026-03:55:39] [I] Average on 10 runs - GPU latency: 4.98625 ms - Host latency: 5.04434 ms (end to end 5.05422 ms, enqueue 3.13623 ms)
[05/14/2026-03:55:39] [I] Average on 10 runs - GPU latency: 5.00005 ms - Host latency: 5.05959 ms (end to end 5.06946 ms, enqueue 2.92766 ms)
[05/14/2026-03:55:39] [I] Average on 10 runs - GPU latency: 5.00286 ms - Host latency: 5.06235 ms (end to end 5.07227 ms, enqueue 2.82925 ms)
[05/14/2026-03:55:39] [I] Average on 10 runs - GPU latency: 5.01892 ms - Host latency: 5.07837 ms (end to end 5.08826 ms, enqueue 2.69695 ms)
[05/14/2026-03:55:39] [I] Average on 10 runs - GPU latency: 5.00991 ms - Host latency: 5.06865 ms (end to end 5.07847 ms, enqueue 2.83862 ms)
[05/14/2026-03:55:39] [I] Average on 10 runs - GPU latency: 5.0073 ms - Host latency: 5.06814 ms (end to end 5.07803 ms, enqueue 2.82009 ms)
[05/14/2026-03:55:39] [I] Average on 10 runs - GPU latency: 5.07295 ms - Host latency: 5.13286 ms (end to end 5.17976 ms, enqueue 3.71509 ms)
[05/14/2026-03:55:39] [I] Average on 10 runs - GPU latency: 5.11658 ms - Host latency: 5.17678 ms (end to end 5.24939 ms, enqueue 3.38643 ms)
[05/14/2026-03:55:39] [I] Average on 10 runs - GPU latency: 5.22065 ms - Host latency: 5.28035 ms (end to end 5.39153 ms, enqueue 2.73796 ms)
[05/14/2026-03:55:39] [I] Average on 10 runs - GPU latency: 5.24045 ms - Host latency: 5.29985 ms (end to end 5.40117 ms, enqueue 2.72661 ms)
[05/14/2026-03:55:39] [I] Average on 10 runs - GPU latency: 5.0679 ms - Host latency: 5.12637 ms (end to end 5.17544 ms, enqueue 2.56697 ms)
[05/14/2026-03:55:39] [I] Average on 10 runs - GPU latency: 5.01011 ms - Host latency: 5.06868 ms (end to end 5.07837 ms, enqueue 2.46758 ms)
[05/14/2026-03:55:39] [I] Average on 10 runs - GPU latency: 5.01804 ms - Host latency: 5.07651 ms (end to end 5.08638 ms, enqueue 2.34299 ms)
[05/14/2026-03:55:39] [I] Average on 10 runs - GPU latency: 5.01694 ms - Host latency: 5.07522 ms (end to end 5.08518 ms, enqueue 2.33555 ms)
[05/14/2026-03:55:39] [I] Average on 10 runs - GPU latency: 5.01321 ms - Host latency: 5.07156 ms (end to end 5.0813 ms, enqueue 2.34888 ms)
[05/14/2026-03:55:39] [I] Average on 10 runs - GPU latency: 4.98066 ms - Host latency: 5.03904 ms (end to end 5.04895 ms, enqueue 3.04377 ms)
[05/14/2026-03:55:39] [I] Average on 10 runs - GPU latency: 4.97881 ms - Host latency: 5.03674 ms (end to end 5.04636 ms, enqueue 3.17532 ms)
[05/14/2026-03:55:39] [I] Average on 10 runs - GPU latency: 4.99331 ms - Host latency: 5.05186 ms (end to end 5.06169 ms, enqueue 3.08599 ms)
[05/14/2026-03:55:39] [I] Average on 10 runs - GPU latency: 4.98728 ms - Host latency: 5.04578 ms (end to end 5.05569 ms, enqueue 2.90037 ms)
[05/14/2026-03:55:39] [I] Average on 10 runs - GPU latency: 4.99023 ms - Host latency: 5.04851 ms (end to end 5.05828 ms, enqueue 2.95396 ms)
[05/14/2026-03:55:39] [I] Average on 10 runs - GPU latency: 5.00393 ms - Host latency: 5.06228 ms (end to end 5.07197 ms, enqueue 2.93318 ms)
[05/14/2026-03:55:39] [I] Average on 10 runs - GPU latency: 4.98376 ms - Host latency: 5.04248 ms (end to end 5.05212 ms, enqueue 3.25764 ms)
[05/14/2026-03:55:39] [I] Average on 10 runs - GPU latency: 4.98262 ms - Host latency: 5.04111 ms (end to end 5.05112 ms, enqueue 3.22251 ms)
[05/14/2026-03:55:39] [I] Average on 10 runs - GPU latency: 4.98303 ms - Host latency: 5.04189 ms (end to end 5.05149 ms, enqueue 3.16321 ms)
[05/14/2026-03:55:39] [I] Average on 10 runs - GPU latency: 4.98987 ms - Host latency: 5.04807 ms (end to end 5.05801 ms, enqueue 3.01445 ms)
[05/14/2026-03:55:39] [I] Average on 10 runs - GPU latency: 4.99785 ms - Host latency: 5.05605 ms (end to end 5.06589 ms, enqueue 2.81956 ms)
[05/14/2026-03:55:39] [I] Average on 10 runs - GPU latency: 5.00571 ms - Host latency: 5.06433 ms (end to end 5.07419 ms, enqueue 2.54929 ms)
[05/14/2026-03:55:39] [I] Average on 10 runs - GPU latency: 4.99355 ms - Host latency: 5.05198 ms (end to end 5.06184 ms, enqueue 2.74998 ms)
[05/14/2026-03:55:39] [I] Average on 10 runs - GPU latency: 4.98362 ms - Host latency: 5.04182 ms (end to end 5.05159 ms, enqueue 3.21917 ms)
[05/14/2026-03:55:39] [I] Average on 10 runs - GPU latency: 4.97312 ms - Host latency: 5.0313 ms (end to end 5.04102 ms, enqueue 3.3678 ms)
[05/14/2026-03:55:39] [I] Average on 10 runs - GPU latency: 4.97788 ms - Host latency: 5.03638 ms (end to end 5.04604 ms, enqueue 3.35708 ms)
[05/14/2026-03:55:39] [I] Average on 10 runs - GPU latency: 4.97197 ms - Host latency: 5.03101 ms (end to end 5.04089 ms, enqueue 3.42754 ms)
[05/14/2026-03:55:39] [I] Average on 10 runs - GPU latency: 4.97476 ms - Host latency: 5.03262 ms (end to end 5.04233 ms, enqueue 3.44248 ms)
[05/14/2026-03:55:39] [I] Average on 10 runs - GPU latency: 5.0023 ms - Host latency: 5.06055 ms (end to end 5.07056 ms, enqueue 2.629 ms)
[05/14/2026-03:55:39] [I] Average on 10 runs - GPU latency: 4.97822 ms - Host latency: 5.03667 ms (end to end 5.04629 ms, enqueue 3.36216 ms)
[05/14/2026-03:55:39] [I] Average on 10 runs - GPU latency: 4.97798 ms - Host latency: 5.03657 ms (end to end 5.04634 ms, enqueue 3.39609 ms)
[05/14/2026-03:55:39] [I] Average on 10 runs - GPU latency: 4.98887 ms - Host latency: 5.0478 ms (end to end 5.05757 ms, enqueue 3.17524 ms)
[05/14/2026-03:55:39] [I] Average on 10 runs - GPU latency: 5.00977 ms - Host latency: 5.0686 ms (end to end 5.07808 ms, enqueue 2.49741 ms)
[05/14/2026-03:55:39] [I] Average on 10 runs - GPU latency: 5.00386 ms - Host latency: 5.06211 ms (end to end 5.07188 ms, enqueue 2.63413 ms)
[05/14/2026-03:55:39] [I] Average on 10 runs - GPU latency: 5.00835 ms - Host latency: 5.06689 ms (end to end 5.07666 ms, enqueue 2.52974 ms)
[05/14/2026-03:55:39] [I] Average on 10 runs - GPU latency: 5.02666 ms - Host latency: 5.08496 ms (end to end 5.09478 ms, enqueue 2.8938 ms)
[05/14/2026-03:55:39] [I] Average on 10 runs - GPU latency: 5.02686 ms - Host latency: 5.0855 ms (end to end 5.13853 ms, enqueue 3.10293 ms)
[05/14/2026-03:55:39] [I] Average on 10 runs - GPU latency: 4.97134 ms - Host latency: 5.02974 ms (end to end 5.03901 ms, enqueue 3.29033 ms)
[05/14/2026-03:55:39] [I] Average on 10 runs - GPU latency: 4.97666 ms - Host latency: 5.03516 ms (end to end 5.04468 ms, enqueue 3.31797 ms)
[05/14/2026-03:55:39] [I] Average on 10 runs - GPU latency: 4.97119 ms - Host latency: 5.02925 ms (end to end 5.03906 ms, enqueue 3.33203 ms)
[05/14/2026-03:55:39] [I] Average on 10 runs - GPU latency: 4.97642 ms - Host latency: 5.03491 ms (end to end 5.04409 ms, enqueue 3.51626 ms)
[05/14/2026-03:55:39] [I] Average on 10 runs - GPU latency: 4.97456 ms - Host latency: 5.03384 ms (end to end 5.0438 ms, enqueue 3.32788 ms)
[05/14/2026-03:55:39] [I] Average on 10 runs - GPU latency: 4.97817 ms - Host latency: 5.03677 ms (end to end 5.04653 ms, enqueue 3.323 ms)
[05/14/2026-03:55:39] [I] Average on 10 runs - GPU latency: 4.97793 ms - Host latency: 5.03594 ms (end to end 5.0458 ms, enqueue 3.41772 ms)
[05/14/2026-03:55:39] [I] Average on 10 runs - GPU latency: 4.98149 ms - Host latency: 5.03989 ms (end to end 5.05093 ms, enqueue 3.36431 ms)
[05/14/2026-03:55:39] [I] Average on 10 runs - GPU latency: 5.00054 ms - Host latency: 5.05884 ms (end to end 5.0688 ms, enqueue 2.76865 ms)
[05/14/2026-03:55:39] [I] Average on 10 runs - GPU latency: 4.99937 ms - Host latency: 5.05781 ms (end to end 5.06758 ms, enqueue 2.70088 ms)
[05/14/2026-03:55:39] [I] Average on 10 runs - GPU latency: 5.02437 ms - Host latency: 5.08232 ms (end to end 5.09224 ms, enqueue 2.42427 ms)
[05/14/2026-03:55:39] [I] Average on 10 runs - GPU latency: 5.01128 ms - Host latency: 5.06958 ms (end to end 5.07949 ms, enqueue 2.34683 ms)
[05/14/2026-03:55:39] [I] Average on 10 runs - GPU latency: 5.01509 ms - Host latency: 5.07349 ms (end to end 5.08345 ms, enqueue 2.25146 ms)
[05/14/2026-03:55:39] [I] Average on 10 runs - GPU latency: 4.98696 ms - Host latency: 5.04556 ms (end to end 5.05513 ms, enqueue 3.03125 ms)
[05/14/2026-03:55:39] [I] Average on 10 runs - GPU latency: 4.98091 ms - Host latency: 5.03984 ms (end to end 5.04937 ms, enqueue 3.45552 ms)
[05/14/2026-03:55:39] [I] Average on 10 runs - GPU latency: 4.98979 ms - Host latency: 5.048 ms (end to end 5.05791 ms, enqueue 3.04561 ms)
[05/14/2026-03:55:39] [I] Average on 10 runs - GPU latency: 4.97661 ms - Host latency: 5.03462 ms (end to end 5.04443 ms, enqueue 3.42212 ms)
[05/14/2026-03:55:39] [I] Average on 10 runs - GPU latency: 4.98652 ms - Host latency: 5.04536 ms (end to end 5.05483 ms, enqueue 3.29004 ms)
[05/14/2026-03:55:39] [I] Average on 10 runs - GPU latency: 5.05195 ms - Host latency: 5.11084 ms (end to end 5.16128 ms, enqueue 2.88218 ms)
[05/14/2026-03:55:39] [I] Average on 10 runs - GPU latency: 5.01206 ms - Host latency: 5.0708 ms (end to end 5.08047 ms, enqueue 2.49526 ms)
[05/14/2026-03:55:39] [I] Average on 10 runs - GPU latency: 4.98735 ms - Host latency: 5.046 ms (end to end 5.05576 ms, enqueue 2.90767 ms)
[05/14/2026-03:55:39] [I] Average on 10 runs - GPU latency: 4.99966 ms - Host latency: 5.05776 ms (end to end 5.06743 ms, enqueue 2.79658 ms)
[05/14/2026-03:55:39] [I] Average on 10 runs - GPU latency: 5.01274 ms - Host latency: 5.07104 ms (end to end 5.08062 ms, enqueue 2.46411 ms)
[05/14/2026-03:55:39] [I] Average on 10 runs - GPU latency: 5.01709 ms - Host latency: 5.07534 ms (end to end 5.08501 ms, enqueue 2.36958 ms)
[05/14/2026-03:55:39] [I] Average on 10 runs - GPU latency: 4.99204 ms - Host latency: 5.05024 ms (end to end 5.06011 ms, enqueue 2.86504 ms)
[05/14/2026-03:55:39] [I] Average on 10 runs - GPU latency: 4.99292 ms - Host latency: 5.05117 ms (end to end 5.06113 ms, enqueue 2.83555 ms)
[05/14/2026-03:55:39] [I] Average on 10 runs - GPU latency: 5.00273 ms - Host latency: 5.06094 ms (end to end 5.0709 ms, enqueue 2.58506 ms)
[05/14/2026-03:55:39] [I] Average on 10 runs - GPU latency: 5.01519 ms - Host latency: 5.07349 ms (end to end 5.0834 ms, enqueue 2.39404 ms)
[05/14/2026-03:55:39] [I] Average on 10 runs - GPU latency: 5.01548 ms - Host latency: 5.07412 ms (end to end 5.08384 ms, enqueue 2.44746 ms)
[05/14/2026-03:55:39] [I] Average on 10 runs - GPU latency: 5.01904 ms - Host latency: 5.07739 ms (end to end 5.0873 ms, enqueue 2.4124 ms)
[05/14/2026-03:55:39] [I] Average on 10 runs - GPU latency: 5.01763 ms - Host latency: 5.07603 ms (end to end 5.08594 ms, enqueue 2.327 ms)
[05/14/2026-03:55:39] [I] Average on 10 runs - GPU latency: 5.021 ms - Host latency: 5.07954 ms (end to end 5.08955 ms, enqueue 2.30234 ms)
[05/14/2026-03:55:39] [I] Average on 10 runs - GPU latency: 5.01362 ms - Host latency: 5.07197 ms (end to end 5.08198 ms, enqueue 2.42402 ms)
[05/14/2026-03:55:39] [I] Average on 10 runs - GPU latency: 4.99053 ms - Host latency: 5.04897 ms (end to end 5.05869 ms, enqueue 3.04585 ms)
[05/14/2026-03:55:39] [I] Average on 10 runs - GPU latency: 5.0019 ms - Host latency: 5.06011 ms (end to end 5.06992 ms, enqueue 2.66714 ms)
[05/14/2026-03:55:39] [I] Average on 10 runs - GPU latency: 4.99438 ms - Host latency: 5.05293 ms (end to end 5.0626 ms, enqueue 2.83437 ms)
[05/14/2026-03:55:39] [I] Average on 10 runs - GPU latency: 4.98262 ms - Host latency: 5.04106 ms (end to end 5.05078 ms, enqueue 3.11831 ms)
[05/14/2026-03:55:39] [I] Average on 10 runs - GPU latency: 4.97725 ms - Host latency: 5.03579 ms (end to end 5.04556 ms, enqueue 3.53696 ms)
[05/14/2026-03:55:39] [I] Average on 10 runs - GPU latency: 5.0603 ms - Host latency: 5.11924 ms (end to end 5.17217 ms, enqueue 3.0293 ms)
[05/14/2026-03:55:39] [I] Average on 10 runs - GPU latency: 5.00166 ms - Host latency: 5.05957 ms (end to end 5.06929 ms, enqueue 2.70049 ms)
[05/14/2026-03:55:39] [I] Average on 10 runs - GPU latency: 5.01313 ms - Host latency: 5.07163 ms (end to end 5.08149 ms, enqueue 2.36201 ms)
[05/14/2026-03:55:39] [I] Average on 10 runs - GPU latency: 4.97744 ms - Host latency: 5.03579 ms (end to end 5.0457 ms, enqueue 3.09888 ms)
[05/14/2026-03:55:39] [I] Average on 10 runs - GPU latency: 4.9832 ms - Host latency: 5.04146 ms (end to end 5.05137 ms, enqueue 3.15703 ms)
[05/14/2026-03:55:39] [I] Average on 10 runs - GPU latency: 4.99497 ms - Host latency: 5.05332 ms (end to end 5.06294 ms, enqueue 2.70278 ms)
[05/14/2026-03:55:39] [I] Average on 10 runs - GPU latency: 4.96899 ms - Host latency: 5.0273 ms (end to end 5.03618 ms, enqueue 3.5394 ms)
[05/14/2026-03:55:39] [I] Average on 10 runs - GPU latency: 4.99111 ms - Host latency: 5.04932 ms (end to end 5.05894 ms, enqueue 3.05977 ms)
[05/14/2026-03:55:39] [I] Average on 10 runs - GPU latency: 4.98652 ms - Host latency: 5.04473 ms (end to end 5.05454 ms, enqueue 2.97866 ms)
[05/14/2026-03:55:39] [I] Average on 10 runs - GPU latency: 5.00801 ms - Host latency: 5.06753 ms (end to end 5.07744 ms, enqueue 2.80786 ms)
[05/14/2026-03:55:39] [I] Average on 10 runs - GPU latency: 5.01064 ms - Host latency: 5.06973 ms (end to end 5.07949 ms, enqueue 2.75215 ms)
[05/14/2026-03:55:39] [I] Average on 10 runs - GPU latency: 5.00391 ms - Host latency: 5.06284 ms (end to end 5.07275 ms, enqueue 2.72422 ms)
[05/14/2026-03:55:39] [I] Average on 10 runs - GPU latency: 4.97368 ms - Host latency: 5.03296 ms (end to end 5.04282 ms, enqueue 3.36611 ms)
[05/14/2026-03:55:39] [I] Average on 10 runs - GPU latency: 4.96567 ms - Host latency: 5.02432 ms (end to end 5.03438 ms, enqueue 3.78804 ms)
[05/14/2026-03:55:39] [I] Average on 10 runs - GPU latency: 4.97988 ms - Host latency: 5.03809 ms (end to end 5.04766 ms, enqueue 3.28223 ms)
[05/14/2026-03:55:39] [I] Average on 10 runs - GPU latency: 4.97437 ms - Host latency: 5.03267 ms (end to end 5.04243 ms, enqueue 3.27627 ms)
[05/14/2026-03:55:39] [I] Average on 10 runs - GPU latency: 4.97837 ms - Host latency: 5.03677 ms (end to end 5.04653 ms, enqueue 3.31406 ms)
[05/14/2026-03:55:39] [I] Average on 10 runs - GPU latency: 4.97524 ms - Host latency: 5.0334 ms (end to end 5.04297 ms, enqueue 3.25269 ms)
[05/14/2026-03:55:39] [I] Average on 10 runs - GPU latency: 5.00103 ms - Host latency: 5.05977 ms (end to end 5.06958 ms, enqueue 2.83203 ms)
[05/14/2026-03:55:39] [I] Average on 10 runs - GPU latency: 5.00859 ms - Host latency: 5.06689 ms (end to end 5.07666 ms, enqueue 2.49019 ms)
[05/14/2026-03:55:39] [I] Average on 10 runs - GPU latency: 5.06362 ms - Host latency: 5.12231 ms (end to end 5.14116 ms, enqueue 3.22256 ms)
[05/14/2026-03:55:39] [I] Average on 10 runs - GPU latency: 4.97529 ms - Host latency: 5.03379 ms (end to end 5.04331 ms, enqueue 3.26255 ms)
[05/14/2026-03:55:39] [I] Average on 10 runs - GPU latency: 4.98125 ms - Host latency: 5.0396 ms (end to end 5.04946 ms, enqueue 3.2959 ms)
[05/14/2026-03:55:39] [I] Average on 10 runs - GPU latency: 4.97036 ms - Host latency: 5.02842 ms (end to end 5.03833 ms, enqueue 3.2521 ms)
[05/14/2026-03:55:39] [I] Average on 10 runs - GPU latency: 4.9814 ms - Host latency: 5.03999 ms (end to end 5.04976 ms, enqueue 3.2335 ms)
[05/14/2026-03:55:39] [I] Average on 10 runs - GPU latency: 4.97666 ms - Host latency: 5.03525 ms (end to end 5.04517 ms, enqueue 3.29434 ms)
[05/14/2026-03:55:39] [I] Average on 10 runs - GPU latency: 5.01865 ms - Host latency: 5.07695 ms (end to end 5.08657 ms, enqueue 2.43608 ms)
[05/14/2026-03:55:39] [I] Average on 10 runs - GPU latency: 5.00039 ms - Host latency: 5.05889 ms (end to end 5.06875 ms, enqueue 2.66572 ms)
[05/14/2026-03:55:39] [I] Average on 10 runs - GPU latency: 4.99224 ms - Host latency: 5.05049 ms (end to end 5.06025 ms, enqueue 2.89902 ms)
[05/14/2026-03:55:39] [I] Average on 10 runs - GPU latency: 4.99424 ms - Host latency: 5.05225 ms (end to end 5.06221 ms, enqueue 2.80483 ms)
[05/14/2026-03:55:39] [I] Average on 10 runs - GPU latency: 5.00938 ms - Host latency: 5.06802 ms (end to end 5.07764 ms, enqueue 2.62559 ms)
[05/14/2026-03:55:39] [I] Average on 10 runs - GPU latency: 4.98711 ms - Host latency: 5.04541 ms (end to end 5.05493 ms, enqueue 3.01084 ms)
[05/14/2026-03:55:39] [I] Average on 10 runs - GPU latency: 4.97178 ms - Host latency: 5.03066 ms (end to end 5.04014 ms, enqueue 3.67065 ms)
[05/14/2026-03:55:39] [I] Average on 10 runs - GPU latency: 4.99668 ms - Host latency: 5.05498 ms (end to end 5.06514 ms, enqueue 2.86084 ms)
[05/14/2026-03:55:39] [I] Average on 10 runs - GPU latency: 4.97725 ms - Host latency: 5.03535 ms (end to end 5.04502 ms, enqueue 3.27627 ms)
[05/14/2026-03:55:39] [I] Average on 10 runs - GPU latency: 4.97881 ms - Host latency: 5.0373 ms (end to end 5.04688 ms, enqueue 3.28457 ms)
[05/14/2026-03:55:39] [I] Average on 10 runs - GPU latency: 4.98828 ms - Host latency: 5.04639 ms (end to end 5.05625 ms, enqueue 3.14932 ms)
[05/14/2026-03:55:39] [I] Average on 10 runs - GPU latency: 4.98252 ms - Host latency: 5.04082 ms (end to end 5.05039 ms, enqueue 3.09258 ms)
[05/14/2026-03:55:39] [I] Average on 10 runs - GPU latency: 4.97734 ms - Host latency: 5.03594 ms (end to end 5.04541 ms, enqueue 3.35332 ms)
[05/14/2026-03:55:39] [I] Average on 10 runs - GPU latency: 4.99102 ms - Host latency: 5.04912 ms (end to end 5.05889 ms, enqueue 3.29033 ms)
[05/14/2026-03:55:39] [I] Average on 10 runs - GPU latency: 5.07363 ms - Host latency: 5.13213 ms (end to end 5.18125 ms, enqueue 2.61074 ms)
[05/14/2026-03:55:39] [I] Average on 10 runs - GPU latency: 5.00801 ms - Host latency: 5.06611 ms (end to end 5.07578 ms, enqueue 2.51377 ms)
[05/14/2026-03:55:39] [I] Average on 10 runs - GPU latency: 4.99092 ms - Host latency: 5.04971 ms (end to end 5.05937 ms, enqueue 2.85303 ms)
[05/14/2026-03:55:39] [I] Average on 10 runs - GPU latency: 4.99883 ms - Host latency: 5.05762 ms (end to end 5.06748 ms, enqueue 2.79531 ms)
[05/14/2026-03:55:39] [I] Average on 10 runs - GPU latency: 5.00693 ms - Host latency: 5.06523 ms (end to end 5.0748 ms, enqueue 2.49492 ms)
[05/14/2026-03:55:39] [I] Average on 10 runs - GPU latency: 4.9918 ms - Host latency: 5.05039 ms (end to end 5.05967 ms, enqueue 2.83252 ms)
[05/14/2026-03:55:39] [I] Average on 10 runs - GPU latency: 4.99463 ms - Host latency: 5.05361 ms (end to end 5.06289 ms, enqueue 2.97324 ms)
[05/14/2026-03:55:39] [I] Average on 10 runs - GPU latency: 4.97354 ms - Host latency: 5.03271 ms (end to end 5.04336 ms, enqueue 3.49131 ms)
[05/14/2026-03:55:39] [I] Average on 10 runs - GPU latency: 5.00039 ms - Host latency: 5.0583 ms (end to end 5.06787 ms, enqueue 2.83447 ms)
[05/14/2026-03:55:39] [I] Average on 10 runs - GPU latency: 4.98906 ms - Host latency: 5.04736 ms (end to end 5.05752 ms, enqueue 3.15303 ms)
[05/14/2026-03:55:39] [I] Average on 10 runs - GPU latency: 4.97686 ms - Host latency: 5.03525 ms (end to end 5.04521 ms, enqueue 3.21758 ms)
[05/14/2026-03:55:39] [I] Average on 10 runs - GPU latency: 4.9959 ms - Host latency: 5.05439 ms (end to end 5.06406 ms, enqueue 2.7998 ms)
[05/14/2026-03:55:39] [I] Average on 10 runs - GPU latency: 4.9958 ms - Host latency: 5.05391 ms (end to end 5.06357 ms, enqueue 2.80801 ms)
[05/14/2026-03:55:39] [I] Average on 10 runs - GPU latency: 4.9834 ms - Host latency: 5.04131 ms (end to end 5.05117 ms, enqueue 3.17158 ms)
[05/14/2026-03:55:39] [I] Average on 10 runs - GPU latency: 4.9915 ms - Host latency: 5.04971 ms (end to end 5.05967 ms, enqueue 2.99521 ms)
[05/14/2026-03:55:39] [I] Average on 10 runs - GPU latency: 4.98701 ms - Host latency: 5.04521 ms (end to end 5.05557 ms, enqueue 2.95352 ms)
[05/14/2026-03:55:39] [I] Average on 10 runs - GPU latency: 4.9791 ms - Host latency: 5.0376 ms (end to end 5.04746 ms, enqueue 3.37617 ms)
[05/14/2026-03:55:39] [I] Average on 10 runs - GPU latency: 4.98789 ms - Host latency: 5.04658 ms (end to end 5.05674 ms, enqueue 3.16719 ms)
[05/14/2026-03:55:39] [I] Average on 10 runs - GPU latency: 4.97568 ms - Host latency: 5.03418 ms (end to end 5.04434 ms, enqueue 3.38672 ms)
[05/14/2026-03:55:39] [I] Average on 10 runs - GPU latency: 5.09111 ms - Host latency: 5.1498 ms (end to end 5.1709 ms, enqueue 2.88672 ms)
[05/14/2026-03:55:39] [I] Average on 10 runs - GPU latency: 5.00293 ms - Host latency: 5.06123 ms (end to end 5.07197 ms, enqueue 2.69971 ms)
[05/14/2026-03:55:39] [I] Average on 10 runs - GPU latency: 4.99541 ms - Host latency: 5.054 ms (end to end 5.06387 ms, enqueue 3.05615 ms)
[05/14/2026-03:55:39] [I] Average on 10 runs - GPU latency: 5.00146 ms - Host latency: 5.05996 ms (end to end 5.06973 ms, enqueue 2.67617 ms)
[05/14/2026-03:55:39] [I] Average on 10 runs - GPU latency: 4.98389 ms - Host latency: 5.04248 ms (end to end 5.05312 ms, enqueue 3.26455 ms)
[05/14/2026-03:55:39] [I] Average on 10 runs - GPU latency: 4.98857 ms - Host latency: 5.04707 ms (end to end 5.05645 ms, enqueue 3.04697 ms)
[05/14/2026-03:55:39] [I] Average on 10 runs - GPU latency: 4.99277 ms - Host latency: 5.05166 ms (end to end 5.06113 ms, enqueue 2.89746 ms)
[05/14/2026-03:55:39] [I] Average on 10 runs - GPU latency: 4.98115 ms - Host latency: 5.03906 ms (end to end 5.04883 ms, enqueue 3.18945 ms)
[05/14/2026-03:55:39] [I] Average on 10 runs - GPU latency: 4.99385 ms - Host latency: 5.05254 ms (end to end 5.06211 ms, enqueue 3.03037 ms)
[05/14/2026-03:55:39] [I] Average on 10 runs - GPU latency: 4.98994 ms - Host latency: 5.04854 ms (end to end 5.0583 ms, enqueue 3.03838 ms)
[05/14/2026-03:55:39] [I] Average on 10 runs - GPU latency: 4.99531 ms - Host latency: 5.054 ms (end to end 5.06367 ms, enqueue 2.82949 ms)
[05/14/2026-03:55:39] [I] Average on 10 runs - GPU latency: 5.0042 ms - Host latency: 5.06328 ms (end to end 5.07314 ms, enqueue 2.74688 ms)
[05/14/2026-03:55:39] [I] Average on 10 runs - GPU latency: 5.01504 ms - Host latency: 5.07324 ms (end to end 5.08359 ms, enqueue 2.40947 ms)
[05/14/2026-03:55:39] [I] Average on 10 runs - GPU latency: 4.99951 ms - Host latency: 5.05781 ms (end to end 5.06777 ms, enqueue 2.74746 ms)
[05/14/2026-03:55:39] [I] Average on 10 runs - GPU latency: 4.99199 ms - Host latency: 5.05078 ms (end to end 5.06064 ms, enqueue 3.38535 ms)
[05/14/2026-03:55:39] [I] Average on 10 runs - GPU latency: 4.97441 ms - Host latency: 5.03291 ms (end to end 5.04228 ms, enqueue 3.51797 ms)
[05/14/2026-03:55:39] [I] Average on 10 runs - GPU latency: 4.99404 ms - Host latency: 5.05273 ms (end to end 5.0623 ms, enqueue 2.96875 ms)
[05/14/2026-03:55:39] [I] Average on 10 runs - GPU latency: 4.98809 ms - Host latency: 5.04609 ms (end to end 5.05596 ms, enqueue 3.10293 ms)
[05/14/2026-03:55:39] [I] Average on 10 runs - GPU latency: 4.99238 ms - Host latency: 5.05078 ms (end to end 5.06045 ms, enqueue 2.89707 ms)
[05/14/2026-03:55:39] [I] Average on 10 runs - GPU latency: 4.99072 ms - Host latency: 5.04873 ms (end to end 5.0585 ms, enqueue 3.08818 ms)
[05/14/2026-03:55:39] [I] Average on 10 runs - GPU latency: 5.04902 ms - Host latency: 5.10781 ms (end to end 5.16064 ms, enqueue 3.01875 ms)
[05/14/2026-03:55:39] [I] Average on 10 runs - GPU latency: 4.99199 ms - Host latency: 5.05039 ms (end to end 5.06006 ms, enqueue 2.90234 ms)
[05/14/2026-03:55:39] [I] Average on 10 runs - GPU latency: 4.99023 ms - Host latency: 5.04873 ms (end to end 5.0584 ms, enqueue 3.07139 ms)
[05/14/2026-03:55:39] [I] Average on 10 runs - GPU latency: 4.99463 ms - Host latency: 5.05303 ms (end to end 5.06299 ms, enqueue 2.89863 ms)
[05/14/2026-03:55:39] [I] Average on 10 runs - GPU latency: 5.00576 ms - Host latency: 5.06475 ms (end to end 5.07461 ms, enqueue 2.696 ms)
[05/14/2026-03:55:39] [I] Average on 10 runs - GPU latency: 5.01436 ms - Host latency: 5.07314 ms (end to end 5.08281 ms, enqueue 2.41299 ms)
[05/14/2026-03:55:39] [I] Average on 10 runs - GPU latency: 5.01201 ms - Host latency: 5.07061 ms (end to end 5.08037 ms, enqueue 2.304 ms)
[05/14/2026-03:55:39] [I] Average on 10 runs - GPU latency: 5.02148 ms - Host latency: 5.07979 ms (end to end 5.08984 ms, enqueue 2.28594 ms)
[05/14/2026-03:55:39] [I] Average on 10 runs - GPU latency: 4.98887 ms - Host latency: 5.04688 ms (end to end 5.05664 ms, enqueue 3.0665 ms)
[05/14/2026-03:55:39] [I] Average on 10 runs - GPU latency: 4.98887 ms - Host latency: 5.04746 ms (end to end 5.05723 ms, enqueue 3.00332 ms)
[05/14/2026-03:55:39] [I] Average on 10 runs - GPU latency: 4.98691 ms - Host latency: 5.04482 ms (end to end 5.05459 ms, enqueue 3.21836 ms)
[05/14/2026-03:55:39] [I] Average on 10 runs - GPU latency: 4.99434 ms - Host latency: 5.05234 ms (end to end 5.0623 ms, enqueue 2.78887 ms)
[05/14/2026-03:55:39] [I] Average on 10 runs - GPU latency: 5.00391 ms - Host latency: 5.06289 ms (end to end 5.07295 ms, enqueue 2.71035 ms)
[05/14/2026-03:55:39] [I] Average on 10 runs - GPU latency: 5.01406 ms - Host latency: 5.07266 ms (end to end 5.08232 ms, enqueue 2.45742 ms)
[05/14/2026-03:55:39] [I] Average on 10 runs - GPU latency: 5.01543 ms - Host latency: 5.07383 ms (end to end 5.08359 ms, enqueue 2.56367 ms)
[05/14/2026-03:55:39] [I] Average on 10 runs - GPU latency: 4.99062 ms - Host latency: 5.04893 ms (end to end 5.05859 ms, enqueue 3.03379 ms)
[05/14/2026-03:55:39] [I] Average on 10 runs - GPU latency: 4.98105 ms - Host latency: 5.03965 ms (end to end 5.05059 ms, enqueue 3.30576 ms)
[05/14/2026-03:55:39] [I] Average on 10 runs - GPU latency: 4.99062 ms - Host latency: 5.04893 ms (end to end 5.05889 ms, enqueue 2.93574 ms)
[05/14/2026-03:55:39] [I] Average on 10 runs - GPU latency: 4.99922 ms - Host latency: 5.05752 ms (end to end 5.06738 ms, enqueue 2.69424 ms)
[05/14/2026-03:55:39] [I] Average on 10 runs - GPU latency: 4.99307 ms - Host latency: 5.05166 ms (end to end 5.06133 ms, enqueue 2.82549 ms)
[05/14/2026-03:55:39] [I] Average on 10 runs - GPU latency: 5.03857 ms - Host latency: 5.09766 ms (end to end 5.1498 ms, enqueue 3.05303 ms)
[05/14/2026-03:55:39] [I] Average on 10 runs - GPU latency: 4.99697 ms - Host latency: 5.05547 ms (end to end 5.06533 ms, enqueue 2.98896 ms)
[05/14/2026-03:55:39] [I] Average on 10 runs - GPU latency: 4.98486 ms - Host latency: 5.04355 ms (end to end 5.05293 ms, enqueue 2.85801 ms)
[05/14/2026-03:55:39] [I] Average on 10 runs - GPU latency: 4.98438 ms - Host latency: 5.04307 ms (end to end 5.05283 ms, enqueue 3.16201 ms)
[05/14/2026-03:55:39] [I] Average on 10 runs - GPU latency: 4.98945 ms - Host latency: 5.04775 ms (end to end 5.05752 ms, enqueue 2.7835 ms)
[05/14/2026-03:55:39] [I] Average on 10 runs - GPU latency: 4.98281 ms - Host latency: 5.04111 ms (end to end 5.05088 ms, enqueue 3.01758 ms)
[05/14/2026-03:55:39] [I] Average on 10 runs - GPU latency: 4.98203 ms - Host latency: 5.04004 ms (end to end 5.0501 ms, enqueue 3.06465 ms)
[05/14/2026-03:55:39] [I] Average on 10 runs - GPU latency: 5.0042 ms - Host latency: 5.0624 ms (end to end 5.07188 ms, enqueue 2.63213 ms)
[05/14/2026-03:55:39] [I] Average on 10 runs - GPU latency: 5.00127 ms - Host latency: 5.06016 ms (end to end 5.06982 ms, enqueue 2.83447 ms)
[05/14/2026-03:55:39] [I] Average on 10 runs - GPU latency: 4.98789 ms - Host latency: 5.046 ms (end to end 5.05566 ms, enqueue 3.2001 ms)
[05/14/2026-03:55:39] [I] Average on 10 runs - GPU latency: 4.97441 ms - Host latency: 5.03311 ms (end to end 5.04326 ms, enqueue 3.34746 ms)
[05/14/2026-03:55:39] [I] Average on 10 runs - GPU latency: 4.97422 ms - Host latency: 5.03242 ms (end to end 5.04307 ms, enqueue 3.41689 ms)
[05/14/2026-03:55:39] [I] Average on 10 runs - GPU latency: 4.96895 ms - Host latency: 5.02793 ms (end to end 5.03828 ms, enqueue 3.47217 ms)
[05/14/2026-03:55:39] [I] Average on 10 runs - GPU latency: 4.9792 ms - Host latency: 5.0376 ms (end to end 5.04707 ms, enqueue 3.40381 ms)
[05/14/2026-03:55:39] [I] Average on 10 runs - GPU latency: 4.98115 ms - Host latency: 5.03955 ms (end to end 5.04941 ms, enqueue 3.32988 ms)
[05/14/2026-03:55:39] [I] Average on 10 runs - GPU latency: 4.9874 ms - Host latency: 5.0459 ms (end to end 5.05576 ms, enqueue 3.1458 ms)
[05/14/2026-03:55:39] [I] Average on 10 runs - GPU latency: 4.97705 ms - Host latency: 5.03604 ms (end to end 5.04551 ms, enqueue 3.40537 ms)
[05/14/2026-03:55:39] [I] Average on 10 runs - GPU latency: 4.98975 ms - Host latency: 5.04824 ms (end to end 5.05879 ms, enqueue 3.2332 ms)
[05/14/2026-03:55:39] [I] Average on 10 runs - GPU latency: 4.98193 ms - Host latency: 5.04063 ms (end to end 5.0502 ms, enqueue 3.19482 ms)
[05/14/2026-03:55:39] [I] Average on 10 runs - GPU latency: 4.97842 ms - Host latency: 5.03643 ms (end to end 5.0459 ms, enqueue 3.33994 ms)
[05/14/2026-03:55:39] [I] Average on 10 runs - GPU latency: 5.07012 ms - Host latency: 5.12939 ms (end to end 5.14844 ms, enqueue 3.61279 ms)
[05/14/2026-03:55:39] [I] Average on 10 runs - GPU latency: 4.97568 ms - Host latency: 5.03408 ms (end to end 5.04404 ms, enqueue 3.39131 ms)
[05/14/2026-03:55:39] [I] Average on 10 runs - GPU latency: 4.98076 ms - Host latency: 5.03945 ms (end to end 5.04932 ms, enqueue 3.36201 ms)
[05/14/2026-03:55:39] [I] Average on 10 runs - GPU latency: 4.97393 ms - Host latency: 5.03193 ms (end to end 5.0418 ms, enqueue 3.35605 ms)
[05/14/2026-03:55:39] [I] Average on 10 runs - GPU latency: 4.9834 ms - Host latency: 5.04092 ms (end to end 5.05098 ms, enqueue 3.35088 ms)
[05/14/2026-03:55:39] [I] Average on 10 runs - GPU latency: 5.02598 ms - Host latency: 5.08437 ms (end to end 5.09414 ms, enqueue 2.30625 ms)
[05/14/2026-03:55:39] [I] Average on 10 runs - GPU latency: 5.00801 ms - Host latency: 5.06641 ms (end to end 5.07607 ms, enqueue 2.47822 ms)
[05/14/2026-03:55:39] [I] Average on 10 runs - GPU latency: 4.99385 ms - Host latency: 5.05254 ms (end to end 5.06201 ms, enqueue 3.18926 ms)
[05/14/2026-03:55:39] [I] Average on 10 runs - GPU latency: 5.01182 ms - Host latency: 5.0708 ms (end to end 5.08086 ms, enqueue 2.44287 ms)
[05/14/2026-03:55:39] [I] Average on 10 runs - GPU latency: 4.98359 ms - Host latency: 5.0418 ms (end to end 5.05166 ms, enqueue 3.1377 ms)
[05/14/2026-03:55:39] [I] Average on 10 runs - GPU latency: 5.00293 ms - Host latency: 5.06113 ms (end to end 5.0709 ms, enqueue 2.76797 ms)
[05/14/2026-03:55:39] [I] Average on 10 runs - GPU latency: 5.01191 ms - Host latency: 5.07051 ms (end to end 5.08018 ms, enqueue 2.56436 ms)
[05/14/2026-03:55:39] [I] Average on 10 runs - GPU latency: 4.98496 ms - Host latency: 5.04346 ms (end to end 5.05381 ms, enqueue 3.12607 ms)
[05/14/2026-03:55:39] [I] Average on 10 runs - GPU latency: 4.98135 ms - Host latency: 5.03965 ms (end to end 5.04951 ms, enqueue 3.25615 ms)
[05/14/2026-03:55:39] [I] Average on 10 runs - GPU latency: 4.98926 ms - Host latency: 5.04785 ms (end to end 5.05781 ms, enqueue 2.94443 ms)
[05/14/2026-03:55:39] [I] Average on 10 runs - GPU latency: 4.99053 ms - Host latency: 5.04951 ms (end to end 5.05918 ms, enqueue 2.89453 ms)
[05/14/2026-03:55:39] [I] Average on 10 runs - GPU latency: 4.9876 ms - Host latency: 5.04619 ms (end to end 5.05596 ms, enqueue 2.99199 ms)
[05/14/2026-03:55:39] [I] Average on 10 runs - GPU latency: 4.97725 ms - Host latency: 5.03584 ms (end to end 5.0457 ms, enqueue 3.45361 ms)
[05/14/2026-03:55:39] [I] Average on 10 runs - GPU latency: 5.00156 ms - Host latency: 5.06016 ms (end to end 5.07002 ms, enqueue 2.70732 ms)
[05/14/2026-03:55:39] [I] Average on 10 runs - GPU latency: 5.09092 ms - Host latency: 5.1502 ms (end to end 5.17119 ms, enqueue 2.56748 ms)
[05/14/2026-03:55:39] [I] Average on 10 runs - GPU latency: 5.00898 ms - Host latency: 5.06758 ms (end to end 5.07725 ms, enqueue 2.38604 ms)
[05/14/2026-03:55:39] [I] Average on 10 runs - GPU latency: 5.00254 ms - Host latency: 5.06152 ms (end to end 5.07109 ms, enqueue 2.80928 ms)
[05/14/2026-03:55:39] [I] Average on 10 runs - GPU latency: 5.0124 ms - Host latency: 5.07119 ms (end to end 5.08076 ms, enqueue 2.40918 ms)
[05/14/2026-03:55:39] [I] Average on 10 runs - GPU latency: 5.0166 ms - Host latency: 5.07461 ms (end to end 5.08418 ms, enqueue 2.30605 ms)
[05/14/2026-03:55:39] [I] Average on 10 runs - GPU latency: 5.00957 ms - Host latency: 5.06797 ms (end to end 5.07744 ms, enqueue 2.43906 ms)
[05/14/2026-03:55:39] [I] Average on 10 runs - GPU latency: 4.98945 ms - Host latency: 5.04824 ms (end to end 5.05781 ms, enqueue 3.13721 ms)
[05/14/2026-03:55:39] [I] Average on 10 runs - GPU latency: 5.00889 ms - Host latency: 5.0668 ms (end to end 5.07686 ms, enqueue 2.53359 ms)
[05/14/2026-03:55:39] [I] Average on 10 runs - GPU latency: 4.9959 ms - Host latency: 5.0543 ms (end to end 5.06406 ms, enqueue 2.9543 ms)
[05/14/2026-03:55:39] [I] Average on 10 runs - GPU latency: 4.99023 ms - Host latency: 5.04912 ms (end to end 5.05918 ms, enqueue 2.91299 ms)
[05/14/2026-03:55:39] [I] Average on 10 runs - GPU latency: 5.00439 ms - Host latency: 5.06299 ms (end to end 5.07246 ms, enqueue 2.59697 ms)
[05/14/2026-03:55:39] [I] Average on 10 runs - GPU latency: 5.00439 ms - Host latency: 5.06299 ms (end to end 5.07285 ms, enqueue 2.73184 ms)
[05/14/2026-03:55:39] [I] Average on 10 runs - GPU latency: 4.98477 ms - Host latency: 5.04326 ms (end to end 5.05312 ms, enqueue 2.98477 ms)
[05/14/2026-03:55:39] [I] Average on 10 runs - GPU latency: 4.98701 ms - Host latency: 5.0457 ms (end to end 5.05537 ms, enqueue 2.92578 ms)
[05/14/2026-03:55:39] [I] Average on 10 runs - GPU latency: 5.00859 ms - Host latency: 5.06729 ms (end to end 5.07725 ms, enqueue 2.53926 ms)
[05/14/2026-03:55:39] [I] Average on 10 runs - GPU latency: 5.00088 ms - Host latency: 5.05898 ms (end to end 5.06895 ms, enqueue 2.85703 ms)
[05/14/2026-03:55:39] [I] Average on 10 runs - GPU latency: 4.99834 ms - Host latency: 5.05703 ms (end to end 5.06641 ms, enqueue 2.72061 ms)
[05/14/2026-03:55:39] [I] Average on 10 runs - GPU latency: 5.00508 ms - Host latency: 5.06309 ms (end to end 5.07305 ms, enqueue 2.6542 ms)
[05/14/2026-03:55:39] [I] Average on 10 runs - GPU latency: 5.01504 ms - Host latency: 5.07353 ms (end to end 5.0833 ms, enqueue 2.34727 ms)
[05/14/2026-03:55:39] [I] Average on 10 runs - GPU latency: 5.02441 ms - Host latency: 5.08291 ms (end to end 5.09238 ms, enqueue 2.28428 ms)
[05/14/2026-03:55:39] [I] Average on 10 runs - GPU latency: 5.07471 ms - Host latency: 5.13369 ms (end to end 5.18174 ms, enqueue 2.74404 ms)
[05/14/2026-03:55:39] [I] Average on 10 runs - GPU latency: 4.99951 ms - Host latency: 5.05781 ms (end to end 5.06738 ms, enqueue 2.7791 ms)
[05/14/2026-03:55:39] [I] Average on 10 runs - GPU latency: 5.00605 ms - Host latency: 5.06436 ms (end to end 5.07412 ms, enqueue 2.57881 ms)
[05/14/2026-03:55:39] [I] Average on 10 runs - GPU latency: 5.0168 ms - Host latency: 5.07549 ms (end to end 5.08516 ms, enqueue 2.33613 ms)
[05/14/2026-03:55:39] [I] Average on 10 runs - GPU latency: 5.01885 ms - Host latency: 5.07705 ms (end to end 5.08662 ms, enqueue 2.3125 ms)
[05/14/2026-03:55:39] [I] Average on 10 runs - GPU latency: 5.01377 ms - Host latency: 5.07217 ms (end to end 5.08213 ms, enqueue 2.30098 ms)
[05/14/2026-03:55:39] [I] Average on 10 runs - GPU latency: 5.01523 ms - Host latency: 5.07373 ms (end to end 5.0833 ms, enqueue 2.29717 ms)
[05/14/2026-03:55:39] [I] Average on 10 runs - GPU latency: 5.00723 ms - Host latency: 5.06611 ms (end to end 5.07578 ms, enqueue 2.46035 ms)
[05/14/2026-03:55:39] [I] Average on 10 runs - GPU latency: 4.97617 ms - Host latency: 5.03428 ms (end to end 5.04385 ms, enqueue 3.32441 ms)
[05/14/2026-03:55:39] [I] Average on 10 runs - GPU latency: 4.99414 ms - Host latency: 5.05244 ms (end to end 5.06211 ms, enqueue 2.96572 ms)
[05/14/2026-03:55:39] [I] Average on 10 runs - GPU latency: 4.99824 ms - Host latency: 5.05615 ms (end to end 5.06641 ms, enqueue 2.69102 ms)
[05/14/2026-03:55:39] [I] Average on 10 runs - GPU latency: 4.99795 ms - Host latency: 5.05693 ms (end to end 5.06641 ms, enqueue 2.74609 ms)
[05/14/2026-03:55:39] [I] Average on 10 runs - GPU latency: 5.01103 ms - Host latency: 5.06924 ms (end to end 5.079 ms, enqueue 2.3959 ms)
[05/14/2026-03:55:39] [I] Average on 10 runs - GPU latency: 4.97217 ms - Host latency: 5.03047 ms (end to end 5.04014 ms, enqueue 3.40439 ms)
[05/14/2026-03:55:39] [I] Average on 10 runs - GPU latency: 4.97324 ms - Host latency: 5.03184 ms (end to end 5.0417 ms, enqueue 3.28828 ms)
[05/14/2026-03:55:39] [I] Average on 10 runs - GPU latency: 4.98545 ms - Host latency: 5.04443 ms (end to end 5.05352 ms, enqueue 3.09297 ms)
[05/14/2026-03:55:39] [I] Average on 10 runs - GPU latency: 4.99414 ms - Host latency: 5.05264 ms (end to end 5.0623 ms, enqueue 2.83027 ms)
[05/14/2026-03:55:39] [I] Average on 10 runs - GPU latency: 4.99336 ms - Host latency: 5.05186 ms (end to end 5.06152 ms, enqueue 2.96592 ms)
[05/14/2026-03:55:39] [I] Average on 10 runs - GPU latency: 4.98506 ms - Host latency: 5.04326 ms (end to end 5.05293 ms, enqueue 3.06387 ms)
[05/14/2026-03:55:39] [I] 
[05/14/2026-03:55:39] [I] === Performance summary ===
[05/14/2026-03:55:39] [I] Throughput: 197.321 qps
[05/14/2026-03:55:39] [I] Latency: min = 4.95813 ms, max = 5.73438 ms, mean = 5.05523 ms, median = 5.05176 ms, percentile(99%) = 5.27734 ms
[05/14/2026-03:55:39] [I] End-to-End Host Latency: min = 4.96509 ms, max = 5.86011 ms, mean = 5.06728 ms, median = 5.06152 ms, percentile(99%) = 5.39307 ms
[05/14/2026-03:55:39] [I] Enqueue Time: min = 2.0708 ms, max = 6.20508 ms, mean = 2.95285 ms, median = 2.85059 ms, percentile(99%) = 4.64844 ms
[05/14/2026-03:55:39] [I] H2D Latency: min = 0.0537109 ms, max = 0.0639648 ms, mean = 0.0557316 ms, median = 0.0556641 ms, percentile(99%) = 0.0588379 ms
[05/14/2026-03:55:39] [I] GPU Compute Time: min = 4.90021 ms, max = 5.67578 ms, mean = 4.99675 ms, median = 4.99316 ms, percentile(99%) = 5.21777 ms
[05/14/2026-03:55:39] [I] D2H Latency: min = 0.000976562 ms, max = 0.00390625 ms, mean = 0.002754 ms, median = 0.00292969 ms, percentile(99%) = 0.00390625 ms
[05/14/2026-03:55:39] [I] Total Host Walltime: 15.006 s
[05/14/2026-03:55:39] [I] Total GPU Compute Time: 14.7954 s
[05/14/2026-03:55:39] [I] Explanations of the performance metrics are printed in the verbose logs.
[05/14/2026-03:55:39] [I] 
&&&& PASSED TensorRT.trtexec [TensorRT v8001] # /usr/src/tensorrt/bin/trtexec --onnx=models/tomato_yolov8n_cls_fieldaug_opset12.onnx --saveEngine=engines/tomato_yolov8n_cls_int8_synthetic.engine --int8 --workspace=512 --warmUp=500 --duration=15 --iterations=500
[05/14/2026-03:55:39] [I] [TRT] [MemUsageChange] Init cuBLAS/cuBLASLt: CPU +0, GPU +0, now: CPU 883, GPU 3737 (MiB)
