&&&& RUNNING TensorRT.trtexec [TensorRT v8001] # /usr/src/tensorrt/bin/trtexec --loadEngine=engines/tomato_yolov8n_cls_fp16.engine --warmUp=1000 --duration=20 --iterations=1000
[05/14/2026-13:42:11] [I] === Model Options ===
[05/14/2026-13:42:11] [I] Format: *
[05/14/2026-13:42:11] [I] Model: 
[05/14/2026-13:42:11] [I] Output:
[05/14/2026-13:42:11] [I] === Build Options ===
[05/14/2026-13:42:11] [I] Max batch: 1
[05/14/2026-13:42:11] [I] Workspace: 16 MiB
[05/14/2026-13:42:11] [I] minTiming: 1
[05/14/2026-13:42:11] [I] avgTiming: 8
[05/14/2026-13:42:11] [I] Precision: FP32
[05/14/2026-13:42:11] [I] Calibration: 
[05/14/2026-13:42:11] [I] Refit: Disabled
[05/14/2026-13:42:11] [I] Sparsity: Disabled
[05/14/2026-13:42:11] [I] Safe mode: Disabled
[05/14/2026-13:42:11] [I] Restricted mode: Disabled
[05/14/2026-13:42:11] [I] Save engine: 
[05/14/2026-13:42:11] [I] Load engine: engines/tomato_yolov8n_cls_fp16.engine
[05/14/2026-13:42:11] [I] NVTX verbosity: 0
[05/14/2026-13:42:11] [I] Tactic sources: Using default tactic sources
[05/14/2026-13:42:11] [I] timingCacheMode: local
[05/14/2026-13:42:11] [I] timingCacheFile: 
[05/14/2026-13:42:11] [I] Input(s)s format: fp32:CHW
[05/14/2026-13:42:11] [I] Output(s)s format: fp32:CHW
[05/14/2026-13:42:11] [I] Input build shapes: model
[05/14/2026-13:42:11] [I] Input calibration shapes: model
[05/14/2026-13:42:11] [I] === System Options ===
[05/14/2026-13:42:11] [I] Device: 0
[05/14/2026-13:42:11] [I] DLACore: 
[05/14/2026-13:42:11] [I] Plugins:
[05/14/2026-13:42:11] [I] === Inference Options ===
[05/14/2026-13:42:11] [I] Batch: 1
[05/14/2026-13:42:11] [I] Input inference shapes: model
[05/14/2026-13:42:11] [I] Iterations: 1000
[05/14/2026-13:42:11] [I] Duration: 20s (+ 1000ms warm up)
[05/14/2026-13:42:11] [I] Sleep time: 0ms
[05/14/2026-13:42:11] [I] Streams: 1
[05/14/2026-13:42:11] [I] ExposeDMA: Disabled
[05/14/2026-13:42:11] [I] Data transfers: Enabled
[05/14/2026-13:42:11] [I] Spin-wait: Disabled
[05/14/2026-13:42:11] [I] Multithreading: Disabled
[05/14/2026-13:42:11] [I] CUDA Graph: Disabled
[05/14/2026-13:42:11] [I] Separate profiling: Disabled
[05/14/2026-13:42:11] [I] Time Deserialize: Disabled
[05/14/2026-13:42:11] [I] Time Refit: Disabled
[05/14/2026-13:42:11] [I] Skip inference: Disabled
[05/14/2026-13:42:11] [I] Inputs:
[05/14/2026-13:42:11] [I] === Reporting Options ===
[05/14/2026-13:42:11] [I] Verbose: Disabled
[05/14/2026-13:42:11] [I] Averages: 10 inferences
[05/14/2026-13:42:11] [I] Percentile: 99
[05/14/2026-13:42:11] [I] Dump refittable layers:Disabled
[05/14/2026-13:42:11] [I] Dump output: Disabled
[05/14/2026-13:42:11] [I] Profile: Disabled
[05/14/2026-13:42:11] [I] Export timing to JSON file: 
[05/14/2026-13:42:11] [I] Export output to JSON file: 
[05/14/2026-13:42:11] [I] Export profile to JSON file: 
[05/14/2026-13:42:11] [I] 
[05/14/2026-13:42:11] [I] === Device Information ===
[05/14/2026-13:42:11] [I] Selected Device: NVIDIA Tegra X1
[05/14/2026-13:42:11] [I] Compute Capability: 5.3
[05/14/2026-13:42:11] [I] SMs: 1
[05/14/2026-13:42:11] [I] Compute Clock Rate: 0.9216 GHz
[05/14/2026-13:42:11] [I] Device Global Memory: 3964 MiB
[05/14/2026-13:42:11] [I] Shared Memory per SM: 64 KiB
[05/14/2026-13:42:11] [I] Memory Bus Width: 64 bits (ECC disabled)
[05/14/2026-13:42:11] [I] Memory Clock Rate: 0.01275 GHz
[05/14/2026-13:42:11] [I] 
[05/14/2026-13:42:11] [I] TensorRT version: 8001
[05/14/2026-13:42:13] [I] [TRT] [MemUsageChange] Init CUDA: CPU +203, GPU +0, now: CPU 226, GPU 3339 (MiB)
[05/14/2026-13:42:13] [I] [TRT] Loaded engine size: 5 MB
[05/14/2026-13:42:13] [I] [TRT] [MemUsageSnapshot] deserializeCudaEngine begin: CPU 226 MiB, GPU 3339 MiB
[05/14/2026-13:42:14] [I] [TRT] [MemUsageChange] Init cuBLAS/cuBLASLt: CPU +158, GPU +212, now: CPU 387, GPU 3553 (MiB)
[05/14/2026-13:42:16] [I] [TRT] [MemUsageChange] Init cuDNN: CPU +241, GPU +269, now: CPU 628, GPU 3822 (MiB)
[05/14/2026-13:42:16] [I] [TRT] [MemUsageChange] Init cuBLAS/cuBLASLt: CPU +0, GPU +0, now: CPU 627, GPU 3822 (MiB)
[05/14/2026-13:42:16] [I] [TRT] [MemUsageSnapshot] deserializeCudaEngine end: CPU 627 MiB, GPU 3822 MiB
[05/14/2026-13:42:16] [I] Engine loaded in 5.47768 sec.
[05/14/2026-13:42:16] [I] [TRT] [MemUsageSnapshot] ExecutionContext creation begin: CPU 622 MiB, GPU 3817 MiB
[05/14/2026-13:42:16] [I] [TRT] [MemUsageChange] Init cuBLAS/cuBLASLt: CPU +0, GPU +0, now: CPU 622, GPU 3817 (MiB)
[05/14/2026-13:42:16] [I] [TRT] [MemUsageChange] Init cuDNN: CPU +0, GPU +0, now: CPU 622, GPU 3817 (MiB)
[05/14/2026-13:42:16] [I] [TRT] [MemUsageSnapshot] ExecutionContext creation end: CPU 622 MiB, GPU 3822 MiB
[05/14/2026-13:42:16] [I] Created input binding for images with dimensions 1x3x224x224
[05/14/2026-13:42:16] [I] Created output binding for output0 with dimensions 1x10
[05/14/2026-13:42:16] [I] Starting inference
[05/14/2026-13:42:37] [I] Warmup completed 225 queries over 1000 ms
[05/14/2026-13:42:37] [I] Timing trace has 5178 queries over 20.0083 s
[05/14/2026-13:42:37] [I] 
[05/14/2026-13:42:37] [I] === Trace details ===
[05/14/2026-13:42:37] [I] Trace averages of 10 runs:
[05/14/2026-13:42:37] [I] Average on 10 runs - GPU latency: 3.77133 ms - Host latency: 3.83279 ms (end to end 3.84213 ms, enqueue 2.339 ms)
[05/14/2026-13:42:37] [I] Average on 10 runs - GPU latency: 3.77118 ms - Host latency: 3.83287 ms (end to end 3.84261 ms, enqueue 2.43466 ms)
[05/14/2026-13:42:37] [I] Average on 10 runs - GPU latency: 3.77699 ms - Host latency: 3.83822 ms (end to end 3.84791 ms, enqueue 2.2913 ms)
[05/14/2026-13:42:37] [I] Average on 10 runs - GPU latency: 3.75671 ms - Host latency: 3.81809 ms (end to end 3.82866 ms, enqueue 2.54384 ms)
[05/14/2026-13:42:37] [I] Average on 10 runs - GPU latency: 3.7947 ms - Host latency: 3.85631 ms (end to end 3.86598 ms, enqueue 2.04006 ms)
[05/14/2026-13:42:37] [I] Average on 10 runs - GPU latency: 3.7519 ms - Host latency: 3.81377 ms (end to end 3.82361 ms, enqueue 2.66489 ms)
[05/14/2026-13:42:37] [I] Average on 10 runs - GPU latency: 3.72939 ms - Host latency: 3.79185 ms (end to end 3.80305 ms, enqueue 3.3975 ms)
[05/14/2026-13:42:37] [I] Average on 10 runs - GPU latency: 3.73182 ms - Host latency: 3.7934 ms (end to end 3.80292 ms, enqueue 3.37428 ms)
[05/14/2026-13:42:37] [I] Average on 10 runs - GPU latency: 3.72462 ms - Host latency: 3.78678 ms (end to end 3.79757 ms, enqueue 3.43396 ms)
[05/14/2026-13:42:37] [I] Average on 10 runs - GPU latency: 3.72802 ms - Host latency: 3.79082 ms (end to end 3.8027 ms, enqueue 3.42228 ms)
[05/14/2026-13:42:37] [I] Average on 10 runs - GPU latency: 3.73304 ms - Host latency: 3.79425 ms (end to end 3.804 ms, enqueue 3.33687 ms)
[05/14/2026-13:42:37] [I] Average on 10 runs - GPU latency: 3.72859 ms - Host latency: 3.79103 ms (end to end 3.8027 ms, enqueue 3.32876 ms)
[05/14/2026-13:42:37] [I] Average on 10 runs - GPU latency: 3.73293 ms - Host latency: 3.79541 ms (end to end 3.80653 ms, enqueue 3.38849 ms)
[05/14/2026-13:42:37] [I] Average on 10 runs - GPU latency: 3.75048 ms - Host latency: 3.8125 ms (end to end 3.82363 ms, enqueue 3.47511 ms)
[05/14/2026-13:42:37] [I] Average on 10 runs - GPU latency: 3.7537 ms - Host latency: 3.81478 ms (end to end 3.82461 ms, enqueue 3.35939 ms)
[05/14/2026-13:42:37] [I] Average on 10 runs - GPU latency: 3.74994 ms - Host latency: 3.81101 ms (end to end 3.82065 ms, enqueue 3.34969 ms)
[05/14/2026-13:42:37] [I] Average on 10 runs - GPU latency: 3.75068 ms - Host latency: 3.81204 ms (end to end 3.82155 ms, enqueue 3.36964 ms)
[05/14/2026-13:42:37] [I] Average on 10 runs - GPU latency: 3.79712 ms - Host latency: 3.85845 ms (end to end 3.86814 ms, enqueue 2.52944 ms)
[05/14/2026-13:42:37] [I] Average on 10 runs - GPU latency: 3.7994 ms - Host latency: 3.86047 ms (end to end 3.87015 ms, enqueue 2.20518 ms)
[05/14/2026-13:42:37] [I] Average on 10 runs - GPU latency: 3.78479 ms - Host latency: 3.84631 ms (end to end 3.85591 ms, enqueue 2.4056 ms)
[05/14/2026-13:42:37] [I] Average on 10 runs - GPU latency: 3.78273 ms - Host latency: 3.84485 ms (end to end 3.85427 ms, enqueue 2.68662 ms)
[05/14/2026-13:42:37] [I] Average on 10 runs - GPU latency: 3.75553 ms - Host latency: 3.81689 ms (end to end 3.82836 ms, enqueue 3.13096 ms)
[05/14/2026-13:42:37] [I] Average on 10 runs - GPU latency: 3.79337 ms - Host latency: 3.85486 ms (end to end 3.86509 ms, enqueue 2.61837 ms)
[05/14/2026-13:42:37] [I] Average on 10 runs - GPU latency: 3.81003 ms - Host latency: 3.87119 ms (end to end 3.88082 ms, enqueue 2.13069 ms)
[05/14/2026-13:42:37] [I] Average on 10 runs - GPU latency: 3.80625 ms - Host latency: 3.86776 ms (end to end 3.87716 ms, enqueue 2.21114 ms)
[05/14/2026-13:42:37] [I] Average on 10 runs - GPU latency: 3.77994 ms - Host latency: 3.84156 ms (end to end 3.8511 ms, enqueue 2.5694 ms)
[05/14/2026-13:42:37] [I] Average on 10 runs - GPU latency: 3.78181 ms - Host latency: 3.84368 ms (end to end 3.85398 ms, enqueue 2.54971 ms)
[05/14/2026-13:42:37] [I] Average on 10 runs - GPU latency: 3.79221 ms - Host latency: 3.85333 ms (end to end 3.86282 ms, enqueue 2.36318 ms)
[05/14/2026-13:42:37] [I] Average on 10 runs - GPU latency: 3.77297 ms - Host latency: 3.83433 ms (end to end 3.84492 ms, enqueue 2.80156 ms)
[05/14/2026-13:42:37] [I] Average on 10 runs - GPU latency: 3.79216 ms - Host latency: 3.85339 ms (end to end 3.86296 ms, enqueue 2.35281 ms)
[05/14/2026-13:42:37] [I] Average on 10 runs - GPU latency: 3.7811 ms - Host latency: 3.84226 ms (end to end 3.8521 ms, enqueue 2.53074 ms)
[05/14/2026-13:42:37] [I] Average on 10 runs - GPU latency: 3.77253 ms - Host latency: 3.83433 ms (end to end 3.84426 ms, enqueue 2.83677 ms)
[05/14/2026-13:42:37] [I] Average on 10 runs - GPU latency: 3.8042 ms - Host latency: 3.86562 ms (end to end 3.8751 ms, enqueue 2.41587 ms)
[05/14/2026-13:42:37] [I] Average on 10 runs - GPU latency: 3.77466 ms - Host latency: 3.83616 ms (end to end 3.84583 ms, enqueue 2.64001 ms)
[05/14/2026-13:42:37] [I] Average on 10 runs - GPU latency: 3.77585 ms - Host latency: 3.8373 ms (end to end 3.84719 ms, enqueue 2.49919 ms)
[05/14/2026-13:42:37] [I] Average on 10 runs - GPU latency: 3.77964 ms - Host latency: 3.84094 ms (end to end 3.85059 ms, enqueue 2.44475 ms)
[05/14/2026-13:42:37] [I] Average on 10 runs - GPU latency: 3.78567 ms - Host latency: 3.84714 ms (end to end 3.85676 ms, enqueue 2.36462 ms)
[05/14/2026-13:42:37] [I] Average on 10 runs - GPU latency: 3.8179 ms - Host latency: 3.87957 ms (end to end 3.88906 ms, enqueue 2.04919 ms)
[05/14/2026-13:42:37] [I] Average on 10 runs - GPU latency: 3.77834 ms - Host latency: 3.83987 ms (end to end 3.84968 ms, enqueue 2.51875 ms)
[05/14/2026-13:42:37] [I] Average on 10 runs - GPU latency: 3.79558 ms - Host latency: 3.85664 ms (end to end 3.86631 ms, enqueue 2.35105 ms)
[05/14/2026-13:42:37] [I] Average on 10 runs - GPU latency: 3.79124 ms - Host latency: 3.85291 ms (end to end 3.86338 ms, enqueue 2.32734 ms)
[05/14/2026-13:42:37] [I] Average on 10 runs - GPU latency: 3.8062 ms - Host latency: 3.8677 ms (end to end 3.87742 ms, enqueue 2.36782 ms)
[05/14/2026-13:42:37] [I] Average on 10 runs - GPU latency: 3.78892 ms - Host latency: 3.85059 ms (end to end 3.86018 ms, enqueue 2.47749 ms)
[05/14/2026-13:42:37] [I] Average on 10 runs - GPU latency: 3.8103 ms - Host latency: 3.87173 ms (end to end 3.88137 ms, enqueue 2.18835 ms)
[05/14/2026-13:42:37] [I] Average on 10 runs - GPU latency: 3.80728 ms - Host latency: 3.86875 ms (end to end 3.87852 ms, enqueue 2.14944 ms)
[05/14/2026-13:42:37] [I] Average on 10 runs - GPU latency: 3.77439 ms - Host latency: 3.83569 ms (end to end 3.84521 ms, enqueue 2.76287 ms)
[05/14/2026-13:42:37] [I] Average on 10 runs - GPU latency: 3.78472 ms - Host latency: 3.84668 ms (end to end 3.85649 ms, enqueue 2.52734 ms)
[05/14/2026-13:42:37] [I] Average on 10 runs - GPU latency: 3.80137 ms - Host latency: 3.86335 ms (end to end 3.873 ms, enqueue 2.21147 ms)
[05/14/2026-13:42:37] [I] Average on 10 runs - GPU latency: 3.78906 ms - Host latency: 3.85037 ms (end to end 3.86021 ms, enqueue 2.42771 ms)
[05/14/2026-13:42:37] [I] Average on 10 runs - GPU latency: 3.79236 ms - Host latency: 3.85439 ms (end to end 3.86436 ms, enqueue 2.45801 ms)
[05/14/2026-13:42:37] [I] Average on 10 runs - GPU latency: 3.79404 ms - Host latency: 3.85566 ms (end to end 3.86543 ms, enqueue 2.39731 ms)
[05/14/2026-13:42:37] [I] Average on 10 runs - GPU latency: 3.83525 ms - Host latency: 3.89839 ms (end to end 3.95596 ms, enqueue 3.03818 ms)
[05/14/2026-13:42:37] [I] Average on 10 runs - GPU latency: 3.7498 ms - Host latency: 3.81165 ms (end to end 3.8218 ms, enqueue 3.3582 ms)
[05/14/2026-13:42:37] [I] Average on 10 runs - GPU latency: 3.75176 ms - Host latency: 3.81323 ms (end to end 3.82236 ms, enqueue 3.37275 ms)
[05/14/2026-13:42:37] [I] Average on 10 runs - GPU latency: 3.74519 ms - Host latency: 3.80754 ms (end to end 3.82063 ms, enqueue 3.4928 ms)
[05/14/2026-13:42:37] [I] Average on 10 runs - GPU latency: 3.77905 ms - Host latency: 3.84058 ms (end to end 3.85034 ms, enqueue 2.87151 ms)
[05/14/2026-13:42:37] [I] Average on 10 runs - GPU latency: 3.80078 ms - Host latency: 3.86201 ms (end to end 3.87146 ms, enqueue 2.23403 ms)
[05/14/2026-13:42:37] [I] Average on 10 runs - GPU latency: 3.77922 ms - Host latency: 3.84082 ms (end to end 3.85039 ms, enqueue 2.61191 ms)
[05/14/2026-13:42:37] [I] Average on 10 runs - GPU latency: 3.78311 ms - Host latency: 3.84504 ms (end to end 3.85483 ms, enqueue 2.53599 ms)
[05/14/2026-13:42:37] [I] Average on 10 runs - GPU latency: 3.78181 ms - Host latency: 3.84302 ms (end to end 3.85288 ms, enqueue 2.74907 ms)
[05/14/2026-13:42:37] [I] Average on 10 runs - GPU latency: 3.77969 ms - Host latency: 3.84111 ms (end to end 3.85024 ms, enqueue 2.60625 ms)
[05/14/2026-13:42:37] [I] Average on 10 runs - GPU latency: 3.78301 ms - Host latency: 3.84446 ms (end to end 3.85417 ms, enqueue 2.59038 ms)
[05/14/2026-13:42:37] [I] Average on 10 runs - GPU latency: 3.76189 ms - Host latency: 3.82314 ms (end to end 3.83325 ms, enqueue 3.01689 ms)
[05/14/2026-13:42:37] [I] Average on 10 runs - GPU latency: 3.75305 ms - Host latency: 3.81729 ms (end to end 3.82905 ms, enqueue 3.74402 ms)
[05/14/2026-13:42:37] [I] Average on 10 runs - GPU latency: 3.74033 ms - Host latency: 3.8032 ms (end to end 3.81692 ms, enqueue 3.37712 ms)
[05/14/2026-13:42:37] [I] Average on 10 runs - GPU latency: 3.7457 ms - Host latency: 3.80771 ms (end to end 3.8198 ms, enqueue 3.37368 ms)
[05/14/2026-13:42:37] [I] Average on 10 runs - GPU latency: 3.75107 ms - Host latency: 3.81243 ms (end to end 3.82212 ms, enqueue 3.35659 ms)
[05/14/2026-13:42:37] [I] Average on 10 runs - GPU latency: 3.74702 ms - Host latency: 3.8092 ms (end to end 3.81951 ms, enqueue 3.45261 ms)
[05/14/2026-13:42:37] [I] Average on 10 runs - GPU latency: 3.75017 ms - Host latency: 3.81155 ms (end to end 3.82332 ms, enqueue 3.40254 ms)
[05/14/2026-13:42:37] [I] Average on 10 runs - GPU latency: 3.74966 ms - Host latency: 3.81111 ms (end to end 3.82073 ms, enqueue 3.36482 ms)
[05/14/2026-13:42:37] [I] Average on 10 runs - GPU latency: 3.74961 ms - Host latency: 3.81111 ms (end to end 3.82031 ms, enqueue 3.36448 ms)
[05/14/2026-13:42:37] [I] Average on 10 runs - GPU latency: 3.7519 ms - Host latency: 3.81353 ms (end to end 3.82458 ms, enqueue 3.3804 ms)
[05/14/2026-13:42:37] [I] Average on 10 runs - GPU latency: 3.78501 ms - Host latency: 3.84646 ms (end to end 3.85615 ms, enqueue 2.85222 ms)
[05/14/2026-13:42:37] [I] Average on 10 runs - GPU latency: 3.80906 ms - Host latency: 3.87058 ms (end to end 3.87991 ms, enqueue 2.18059 ms)
[05/14/2026-13:42:37] [I] Average on 10 runs - GPU latency: 3.81055 ms - Host latency: 3.87256 ms (end to end 3.88232 ms, enqueue 2.20525 ms)
[05/14/2026-13:42:37] [I] Average on 10 runs - GPU latency: 3.80615 ms - Host latency: 3.8678 ms (end to end 3.87732 ms, enqueue 2.1959 ms)
[05/14/2026-13:42:37] [I] Average on 10 runs - GPU latency: 3.78149 ms - Host latency: 3.84321 ms (end to end 3.85308 ms, enqueue 2.48596 ms)
[05/14/2026-13:42:37] [I] Average on 10 runs - GPU latency: 3.83618 ms - Host latency: 3.89912 ms (end to end 3.91755 ms, enqueue 3.56406 ms)
[05/14/2026-13:42:37] [I] Average on 10 runs - GPU latency: 3.78894 ms - Host latency: 3.85117 ms (end to end 3.86255 ms, enqueue 2.70652 ms)
[05/14/2026-13:42:37] [I] Average on 10 runs - GPU latency: 3.80503 ms - Host latency: 3.86655 ms (end to end 3.87651 ms, enqueue 2.16802 ms)
[05/14/2026-13:42:37] [I] Average on 10 runs - GPU latency: 3.78325 ms - Host latency: 3.84509 ms (end to end 3.85449 ms, enqueue 2.40112 ms)
[05/14/2026-13:42:37] [I] Average on 10 runs - GPU latency: 3.80332 ms - Host latency: 3.86499 ms (end to end 3.8749 ms, enqueue 2.19756 ms)
[05/14/2026-13:42:37] [I] Average on 10 runs - GPU latency: 3.80298 ms - Host latency: 3.8644 ms (end to end 3.87388 ms, enqueue 2.35859 ms)
[05/14/2026-13:42:37] [I] Average on 10 runs - GPU latency: 3.78652 ms - Host latency: 3.84736 ms (end to end 3.85679 ms, enqueue 2.38066 ms)
[05/14/2026-13:42:37] [I] Average on 10 runs - GPU latency: 3.79355 ms - Host latency: 3.85537 ms (end to end 3.86626 ms, enqueue 2.61118 ms)
[05/14/2026-13:42:37] [I] Average on 10 runs - GPU latency: 3.79009 ms - Host latency: 3.85171 ms (end to end 3.86162 ms, enqueue 2.30376 ms)
[05/14/2026-13:42:37] [I] Average on 10 runs - GPU latency: 3.78203 ms - Host latency: 3.84355 ms (end to end 3.85313 ms, enqueue 2.46392 ms)
[05/14/2026-13:42:37] [I] Average on 10 runs - GPU latency: 3.80205 ms - Host latency: 3.86333 ms (end to end 3.87295 ms, enqueue 2.28213 ms)
[05/14/2026-13:42:37] [I] Average on 10 runs - GPU latency: 3.77461 ms - Host latency: 3.83638 ms (end to end 3.84624 ms, enqueue 2.5042 ms)
[05/14/2026-13:42:37] [I] Average on 10 runs - GPU latency: 3.77505 ms - Host latency: 3.83662 ms (end to end 3.84624 ms, enqueue 2.51782 ms)
[05/14/2026-13:42:37] [I] Average on 10 runs - GPU latency: 3.77837 ms - Host latency: 3.83994 ms (end to end 3.84937 ms, enqueue 2.47085 ms)
[05/14/2026-13:42:37] [I] Average on 10 runs - GPU latency: 3.79644 ms - Host latency: 3.85781 ms (end to end 3.86763 ms, enqueue 2.2332 ms)
[05/14/2026-13:42:37] [I] Average on 10 runs - GPU latency: 3.78779 ms - Host latency: 3.84912 ms (end to end 3.85854 ms, enqueue 2.38188 ms)
[05/14/2026-13:42:37] [I] Average on 10 runs - GPU latency: 3.81323 ms - Host latency: 3.87524 ms (end to end 3.88486 ms, enqueue 2.03115 ms)
[05/14/2026-13:42:37] [I] Average on 10 runs - GPU latency: 3.7939 ms - Host latency: 3.85562 ms (end to end 3.86592 ms, enqueue 2.32031 ms)
[05/14/2026-13:42:37] [I] Average on 10 runs - GPU latency: 3.79844 ms - Host latency: 3.8606 ms (end to end 3.87075 ms, enqueue 2.21973 ms)
[05/14/2026-13:42:37] [I] Average on 10 runs - GPU latency: 3.79692 ms - Host latency: 3.85835 ms (end to end 3.86812 ms, enqueue 2.33975 ms)
[05/14/2026-13:42:37] [I] Average on 10 runs - GPU latency: 3.796 ms - Host latency: 3.85767 ms (end to end 3.8667 ms, enqueue 2.27466 ms)
[05/14/2026-13:42:37] [I] Average on 10 runs - GPU latency: 3.79048 ms - Host latency: 3.852 ms (end to end 3.8625 ms, enqueue 2.49663 ms)
[05/14/2026-13:42:37] [I] Average on 10 runs - GPU latency: 3.80049 ms - Host latency: 3.86167 ms (end to end 3.87134 ms, enqueue 2.36479 ms)
[05/14/2026-13:42:37] [I] Average on 10 runs - GPU latency: 3.79932 ms - Host latency: 3.86079 ms (end to end 3.87041 ms, enqueue 2.28228 ms)
[05/14/2026-13:42:37] [I] Average on 10 runs - GPU latency: 3.78677 ms - Host latency: 3.84873 ms (end to end 3.8584 ms, enqueue 2.4395 ms)
[05/14/2026-13:42:37] [I] Average on 10 runs - GPU latency: 3.77769 ms - Host latency: 3.83926 ms (end to end 3.84873 ms, enqueue 2.596 ms)
[05/14/2026-13:42:37] [I] Average on 10 runs - GPU latency: 3.88115 ms - Host latency: 3.94351 ms (end to end 3.96328 ms, enqueue 2.3855 ms)
[05/14/2026-13:42:37] [I] Average on 10 runs - GPU latency: 3.80801 ms - Host latency: 3.86929 ms (end to end 3.87905 ms, enqueue 2.12827 ms)
[05/14/2026-13:42:37] [I] Average on 10 runs - GPU latency: 3.79429 ms - Host latency: 3.85591 ms (end to end 3.86553 ms, enqueue 2.30322 ms)
[05/14/2026-13:42:37] [I] Average on 10 runs - GPU latency: 3.77856 ms - Host latency: 3.83994 ms (end to end 3.85005 ms, enqueue 2.59854 ms)
[05/14/2026-13:42:37] [I] Average on 10 runs - GPU latency: 3.79551 ms - Host latency: 3.85693 ms (end to end 3.86689 ms, enqueue 2.23545 ms)
[05/14/2026-13:42:37] [I] Average on 10 runs - GPU latency: 3.80957 ms - Host latency: 3.87163 ms (end to end 3.8813 ms, enqueue 2.22021 ms)
[05/14/2026-13:42:37] [I] Average on 10 runs - GPU latency: 3.79941 ms - Host latency: 3.86084 ms (end to end 3.87075 ms, enqueue 2.22339 ms)
[05/14/2026-13:42:37] [I] Average on 10 runs - GPU latency: 3.80635 ms - Host latency: 3.86782 ms (end to end 3.87764 ms, enqueue 2.21523 ms)
[05/14/2026-13:42:37] [I] Average on 10 runs - GPU latency: 3.78359 ms - Host latency: 3.84517 ms (end to end 3.85479 ms, enqueue 2.50049 ms)
[05/14/2026-13:42:37] [I] Average on 10 runs - GPU latency: 3.79839 ms - Host latency: 3.85938 ms (end to end 3.86904 ms, enqueue 2.27739 ms)
[05/14/2026-13:42:37] [I] Average on 10 runs - GPU latency: 3.78662 ms - Host latency: 3.84785 ms (end to end 3.85771 ms, enqueue 2.36475 ms)
[05/14/2026-13:42:37] [I] Average on 10 runs - GPU latency: 3.78687 ms - Host latency: 3.84883 ms (end to end 3.85845 ms, enqueue 2.50591 ms)
[05/14/2026-13:42:37] [I] Average on 10 runs - GPU latency: 3.79165 ms - Host latency: 3.85405 ms (end to end 3.86377 ms, enqueue 2.42563 ms)
[05/14/2026-13:42:37] [I] Average on 10 runs - GPU latency: 3.81128 ms - Host latency: 3.87231 ms (end to end 3.88203 ms, enqueue 2.12925 ms)
[05/14/2026-13:42:37] [I] Average on 10 runs - GPU latency: 3.78394 ms - Host latency: 3.84526 ms (end to end 3.85503 ms, enqueue 2.42964 ms)
[05/14/2026-13:42:37] [I] Average on 10 runs - GPU latency: 3.80625 ms - Host latency: 3.86792 ms (end to end 3.87754 ms, enqueue 2.21733 ms)
[05/14/2026-13:42:37] [I] Average on 10 runs - GPU latency: 3.78589 ms - Host latency: 3.84736 ms (end to end 3.85698 ms, enqueue 2.36841 ms)
[05/14/2026-13:42:37] [I] Average on 10 runs - GPU latency: 3.78101 ms - Host latency: 3.84229 ms (end to end 3.85234 ms, enqueue 2.42061 ms)
[05/14/2026-13:42:37] [I] Average on 10 runs - GPU latency: 3.80918 ms - Host latency: 3.87041 ms (end to end 3.88013 ms, enqueue 2.13413 ms)
[05/14/2026-13:42:37] [I] Average on 10 runs - GPU latency: 3.80107 ms - Host latency: 3.86304 ms (end to end 3.87261 ms, enqueue 2.17217 ms)
[05/14/2026-13:42:37] [I] Average on 10 runs - GPU latency: 3.79365 ms - Host latency: 3.85537 ms (end to end 3.86489 ms, enqueue 2.32451 ms)
[05/14/2026-13:42:37] [I] Average on 10 runs - GPU latency: 3.77876 ms - Host latency: 3.83979 ms (end to end 3.84956 ms, enqueue 2.4418 ms)
[05/14/2026-13:42:37] [I] Average on 10 runs - GPU latency: 3.77549 ms - Host latency: 3.83677 ms (end to end 3.84678 ms, enqueue 2.48296 ms)
[05/14/2026-13:42:37] [I] Average on 10 runs - GPU latency: 3.80469 ms - Host latency: 3.86621 ms (end to end 3.87603 ms, enqueue 2.18232 ms)
[05/14/2026-13:42:37] [I] Average on 10 runs - GPU latency: 3.77773 ms - Host latency: 3.83877 ms (end to end 3.84849 ms, enqueue 2.45957 ms)
[05/14/2026-13:42:37] [I] Average on 10 runs - GPU latency: 3.77271 ms - Host latency: 3.83389 ms (end to end 3.84355 ms, enqueue 2.4708 ms)
[05/14/2026-13:42:37] [I] Average on 10 runs - GPU latency: 3.89048 ms - Host latency: 3.95337 ms (end to end 3.97178 ms, enqueue 2.37754 ms)
[05/14/2026-13:42:37] [I] Average on 10 runs - GPU latency: 3.81509 ms - Host latency: 3.87681 ms (end to end 3.88618 ms, enqueue 2.0248 ms)
[05/14/2026-13:42:37] [I] Average on 10 runs - GPU latency: 3.7999 ms - Host latency: 3.86118 ms (end to end 3.87036 ms, enqueue 2.13208 ms)
[05/14/2026-13:42:37] [I] Average on 10 runs - GPU latency: 3.78462 ms - Host latency: 3.84644 ms (end to end 3.85742 ms, enqueue 2.5939 ms)
[05/14/2026-13:42:37] [I] Average on 10 runs - GPU latency: 3.79048 ms - Host latency: 3.8519 ms (end to end 3.86157 ms, enqueue 2.40112 ms)
[05/14/2026-13:42:37] [I] Average on 10 runs - GPU latency: 3.80806 ms - Host latency: 3.86968 ms (end to end 3.8792 ms, enqueue 2.19385 ms)
[05/14/2026-13:42:37] [I] Average on 10 runs - GPU latency: 3.80771 ms - Host latency: 3.86963 ms (end to end 3.87915 ms, enqueue 2.09438 ms)
[05/14/2026-13:42:37] [I] Average on 10 runs - GPU latency: 3.80186 ms - Host latency: 3.86323 ms (end to end 3.8727 ms, enqueue 2.28623 ms)
[05/14/2026-13:42:37] [I] Average on 10 runs - GPU latency: 3.79346 ms - Host latency: 3.85498 ms (end to end 3.86465 ms, enqueue 2.38525 ms)
[05/14/2026-13:42:37] [I] Average on 10 runs - GPU latency: 3.7854 ms - Host latency: 3.84673 ms (end to end 3.85645 ms, enqueue 2.55605 ms)
[05/14/2026-13:42:37] [I] Average on 10 runs - GPU latency: 3.79688 ms - Host latency: 3.8583 ms (end to end 3.86792 ms, enqueue 2.3123 ms)
[05/14/2026-13:42:37] [I] Average on 10 runs - GPU latency: 3.79375 ms - Host latency: 3.85513 ms (end to end 3.8647 ms, enqueue 2.38086 ms)
[05/14/2026-13:42:37] [I] Average on 10 runs - GPU latency: 3.77817 ms - Host latency: 3.8396 ms (end to end 3.84893 ms, enqueue 2.64775 ms)
[05/14/2026-13:42:37] [I] Average on 10 runs - GPU latency: 3.7772 ms - Host latency: 3.83882 ms (end to end 3.84819 ms, enqueue 2.61406 ms)
[05/14/2026-13:42:37] [I] Average on 10 runs - GPU latency: 3.80903 ms - Host latency: 3.8707 ms (end to end 3.88022 ms, enqueue 2.20874 ms)
[05/14/2026-13:42:37] [I] Average on 10 runs - GPU latency: 3.7874 ms - Host latency: 3.84868 ms (end to end 3.8582 ms, enqueue 2.39746 ms)
[05/14/2026-13:42:37] [I] Average on 10 runs - GPU latency: 3.78174 ms - Host latency: 3.84312 ms (end to end 3.85269 ms, enqueue 2.42554 ms)
[05/14/2026-13:42:37] [I] Average on 10 runs - GPU latency: 3.77441 ms - Host latency: 3.83589 ms (end to end 3.84536 ms, enqueue 2.46802 ms)
[05/14/2026-13:42:37] [I] Average on 10 runs - GPU latency: 3.78613 ms - Host latency: 3.84727 ms (end to end 3.85674 ms, enqueue 2.4041 ms)
[05/14/2026-13:42:37] [I] Average on 10 runs - GPU latency: 3.80962 ms - Host latency: 3.87139 ms (end to end 3.88105 ms, enqueue 2.09053 ms)
[05/14/2026-13:42:37] [I] Average on 10 runs - GPU latency: 3.79663 ms - Host latency: 3.8582 ms (end to end 3.86802 ms, enqueue 2.2208 ms)
[05/14/2026-13:42:37] [I] Average on 10 runs - GPU latency: 3.77192 ms - Host latency: 3.83384 ms (end to end 3.8439 ms, enqueue 2.80034 ms)
[05/14/2026-13:42:37] [I] Average on 10 runs - GPU latency: 3.77798 ms - Host latency: 3.83926 ms (end to end 3.84897 ms, enqueue 2.48999 ms)
[05/14/2026-13:42:37] [I] Average on 10 runs - GPU latency: 3.78154 ms - Host latency: 3.84277 ms (end to end 3.85249 ms, enqueue 2.43384 ms)
[05/14/2026-13:42:37] [I] Average on 10 runs - GPU latency: 3.78184 ms - Host latency: 3.84346 ms (end to end 3.85308 ms, enqueue 2.41738 ms)
[05/14/2026-13:42:37] [I] Average on 10 runs - GPU latency: 3.779 ms - Host latency: 3.84014 ms (end to end 3.85 ms, enqueue 2.48872 ms)
[05/14/2026-13:42:37] [I] Average on 10 runs - GPU latency: 3.89805 ms - Host latency: 3.9603 ms (end to end 3.97988 ms, enqueue 2.39712 ms)
[05/14/2026-13:42:37] [I] Average on 10 runs - GPU latency: 3.80942 ms - Host latency: 3.87124 ms (end to end 3.88071 ms, enqueue 2.18213 ms)
[05/14/2026-13:42:37] [I] Average on 10 runs - GPU latency: 3.80073 ms - Host latency: 3.86226 ms (end to end 3.87217 ms, enqueue 2.31143 ms)
[05/14/2026-13:42:37] [I] Average on 10 runs - GPU latency: 3.78813 ms - Host latency: 3.84927 ms (end to end 3.85898 ms, enqueue 2.36558 ms)
[05/14/2026-13:42:37] [I] Average on 10 runs - GPU latency: 3.78296 ms - Host latency: 3.84443 ms (end to end 3.85405 ms, enqueue 2.47163 ms)
[05/14/2026-13:42:37] [I] Average on 10 runs - GPU latency: 3.78242 ms - Host latency: 3.84419 ms (end to end 3.85391 ms, enqueue 2.44385 ms)
[05/14/2026-13:42:37] [I] Average on 10 runs - GPU latency: 3.81484 ms - Host latency: 3.87593 ms (end to end 3.88584 ms, enqueue 2.10962 ms)
[05/14/2026-13:42:37] [I] Average on 10 runs - GPU latency: 3.80566 ms - Host latency: 3.86729 ms (end to end 3.87725 ms, enqueue 2.21812 ms)
[05/14/2026-13:42:37] [I] Average on 10 runs - GPU latency: 3.79521 ms - Host latency: 3.85693 ms (end to end 3.86655 ms, enqueue 2.29355 ms)
[05/14/2026-13:42:37] [I] Average on 10 runs - GPU latency: 3.7874 ms - Host latency: 3.84878 ms (end to end 3.85864 ms, enqueue 2.48247 ms)
[05/14/2026-13:42:37] [I] Average on 10 runs - GPU latency: 3.77939 ms - Host latency: 3.84067 ms (end to end 3.85049 ms, enqueue 2.571 ms)
[05/14/2026-13:42:37] [I] Average on 10 runs - GPU latency: 3.78857 ms - Host latency: 3.84966 ms (end to end 3.85957 ms, enqueue 2.54409 ms)
[05/14/2026-13:42:37] [I] Average on 10 runs - GPU latency: 3.81182 ms - Host latency: 3.87314 ms (end to end 3.88286 ms, enqueue 2.11782 ms)
[05/14/2026-13:42:37] [I] Average on 10 runs - GPU latency: 3.78735 ms - Host latency: 3.84927 ms (end to end 3.85894 ms, enqueue 2.43877 ms)
[05/14/2026-13:42:37] [I] Average on 10 runs - GPU latency: 3.77876 ms - Host latency: 3.84038 ms (end to end 3.85034 ms, enqueue 2.4749 ms)
[05/14/2026-13:42:37] [I] Average on 10 runs - GPU latency: 3.80635 ms - Host latency: 3.86782 ms (end to end 3.87734 ms, enqueue 2.19751 ms)
[05/14/2026-13:42:37] [I] Average on 10 runs - GPU latency: 3.79932 ms - Host latency: 3.86084 ms (end to end 3.87031 ms, enqueue 2.29644 ms)
[05/14/2026-13:42:37] [I] Average on 10 runs - GPU latency: 3.76899 ms - Host latency: 3.83135 ms (end to end 3.84136 ms, enqueue 2.7665 ms)
[05/14/2026-13:42:37] [I] Average on 10 runs - GPU latency: 3.81079 ms - Host latency: 3.87227 ms (end to end 3.88188 ms, enqueue 2.17285 ms)
[05/14/2026-13:42:37] [I] Average on 10 runs - GPU latency: 3.80327 ms - Host latency: 3.8645 ms (end to end 3.87397 ms, enqueue 2.22559 ms)
[05/14/2026-13:42:37] [I] Average on 10 runs - GPU latency: 3.7938 ms - Host latency: 3.85527 ms (end to end 3.86499 ms, enqueue 2.44507 ms)
[05/14/2026-13:42:37] [I] Average on 10 runs - GPU latency: 3.80117 ms - Host latency: 3.8627 ms (end to end 3.87256 ms, enqueue 2.31011 ms)
[05/14/2026-13:42:37] [I] Average on 10 runs - GPU latency: 3.77734 ms - Host latency: 3.83828 ms (end to end 3.84741 ms, enqueue 2.60557 ms)
[05/14/2026-13:42:37] [I] Average on 10 runs - GPU latency: 3.78467 ms - Host latency: 3.84565 ms (end to end 3.8564 ms, enqueue 2.5936 ms)
[05/14/2026-13:42:37] [I] Average on 10 runs - GPU latency: 3.78589 ms - Host latency: 3.84746 ms (end to end 3.85713 ms, enqueue 2.43081 ms)
[05/14/2026-13:42:37] [I] Average on 10 runs - GPU latency: 3.77754 ms - Host latency: 3.83872 ms (end to end 3.84839 ms, enqueue 2.44194 ms)
[05/14/2026-13:42:37] [I] Average on 10 runs - GPU latency: 3.88823 ms - Host latency: 3.95112 ms (end to end 3.97007 ms, enqueue 2.40996 ms)
[05/14/2026-13:42:37] [I] Average on 10 runs - GPU latency: 3.81348 ms - Host latency: 3.87495 ms (end to end 3.88457 ms, enqueue 2.06973 ms)
[05/14/2026-13:42:37] [I] Average on 10 runs - GPU latency: 3.80479 ms - Host latency: 3.86616 ms (end to end 3.87554 ms, enqueue 2.24912 ms)
[05/14/2026-13:42:37] [I] Average on 10 runs - GPU latency: 3.81772 ms - Host latency: 3.87939 ms (end to end 3.88921 ms, enqueue 2.07524 ms)
[05/14/2026-13:42:37] [I] Average on 10 runs - GPU latency: 3.78936 ms - Host latency: 3.85103 ms (end to end 3.86113 ms, enqueue 2.54082 ms)
[05/14/2026-13:42:37] [I] Average on 10 runs - GPU latency: 3.79453 ms - Host latency: 3.85596 ms (end to end 3.86548 ms, enqueue 2.33823 ms)
[05/14/2026-13:42:37] [I] Average on 10 runs - GPU latency: 3.78633 ms - Host latency: 3.84785 ms (end to end 3.85742 ms, enqueue 2.54395 ms)
[05/14/2026-13:42:37] [I] Average on 10 runs - GPU latency: 3.78242 ms - Host latency: 3.84385 ms (end to end 3.85342 ms, enqueue 2.44629 ms)
[05/14/2026-13:42:37] [I] Average on 10 runs - GPU latency: 3.77949 ms - Host latency: 3.84053 ms (end to end 3.85068 ms, enqueue 2.45684 ms)
[05/14/2026-13:42:37] [I] Average on 10 runs - GPU latency: 3.79033 ms - Host latency: 3.85215 ms (end to end 3.86152 ms, enqueue 2.37842 ms)
[05/14/2026-13:42:37] [I] Average on 10 runs - GPU latency: 3.81406 ms - Host latency: 3.87559 ms (end to end 3.88506 ms, enqueue 2.10215 ms)
[05/14/2026-13:42:37] [I] Average on 10 runs - GPU latency: 3.79014 ms - Host latency: 3.85156 ms (end to end 3.86211 ms, enqueue 2.43262 ms)
[05/14/2026-13:42:37] [I] Average on 10 runs - GPU latency: 3.79141 ms - Host latency: 3.85254 ms (end to end 3.8626 ms, enqueue 2.28213 ms)
[05/14/2026-13:42:37] [I] Average on 10 runs - GPU latency: 3.79893 ms - Host latency: 3.86016 ms (end to end 3.87002 ms, enqueue 2.37783 ms)
[05/14/2026-13:42:37] [I] Average on 10 runs - GPU latency: 3.79199 ms - Host latency: 3.85352 ms (end to end 3.86289 ms, enqueue 2.36719 ms)
[05/14/2026-13:42:37] [I] Average on 10 runs - GPU latency: 3.79707 ms - Host latency: 3.85879 ms (end to end 3.86846 ms, enqueue 2.29775 ms)
[05/14/2026-13:42:37] [I] Average on 10 runs - GPU latency: 3.78848 ms - Host latency: 3.8499 ms (end to end 3.85977 ms, enqueue 2.56348 ms)
[05/14/2026-13:42:37] [I] Average on 10 runs - GPU latency: 3.81748 ms - Host latency: 3.87852 ms (end to end 3.88779 ms, enqueue 2.01396 ms)
[05/14/2026-13:42:37] [I] Average on 10 runs - GPU latency: 3.80029 ms - Host latency: 3.86211 ms (end to end 3.87158 ms, enqueue 2.27539 ms)
[05/14/2026-13:42:37] [I] Average on 10 runs - GPU latency: 3.80156 ms - Host latency: 3.8627 ms (end to end 3.87256 ms, enqueue 2.20566 ms)
[05/14/2026-13:42:37] [I] Average on 10 runs - GPU latency: 3.79834 ms - Host latency: 3.85967 ms (end to end 3.86914 ms, enqueue 2.34277 ms)
[05/14/2026-13:42:37] [I] Average on 10 runs - GPU latency: 3.79082 ms - Host latency: 3.85254 ms (end to end 3.86201 ms, enqueue 2.44902 ms)
[05/14/2026-13:42:37] [I] Average on 10 runs - GPU latency: 3.79072 ms - Host latency: 3.85254 ms (end to end 3.86211 ms, enqueue 2.41582 ms)
[05/14/2026-13:42:37] [I] Average on 10 runs - GPU latency: 3.8041 ms - Host latency: 3.86592 ms (end to end 3.87539 ms, enqueue 2.23359 ms)
[05/14/2026-13:42:37] [I] Average on 10 runs - GPU latency: 3.77686 ms - Host latency: 3.83818 ms (end to end 3.84805 ms, enqueue 2.60498 ms)
[05/14/2026-13:42:37] [I] Average on 10 runs - GPU latency: 3.79004 ms - Host latency: 3.85098 ms (end to end 3.86074 ms, enqueue 2.42158 ms)
[05/14/2026-13:42:37] [I] Average on 10 runs - GPU latency: 3.88369 ms - Host latency: 3.946 ms (end to end 3.96494 ms, enqueue 2.37852 ms)
[05/14/2026-13:42:37] [I] Average on 10 runs - GPU latency: 3.78545 ms - Host latency: 3.84697 ms (end to end 3.85635 ms, enqueue 2.41689 ms)
[05/14/2026-13:42:37] [I] Average on 10 runs - GPU latency: 3.78086 ms - Host latency: 3.84238 ms (end to end 3.85303 ms, enqueue 2.62217 ms)
[05/14/2026-13:42:37] [I] Average on 10 runs - GPU latency: 3.79297 ms - Host latency: 3.85576 ms (end to end 3.86523 ms, enqueue 2.48887 ms)
[05/14/2026-13:42:37] [I] Average on 10 runs - GPU latency: 3.79287 ms - Host latency: 3.8542 ms (end to end 3.86406 ms, enqueue 2.33633 ms)
[05/14/2026-13:42:37] [I] Average on 10 runs - GPU latency: 3.78213 ms - Host latency: 3.84375 ms (end to end 3.85322 ms, enqueue 2.4252 ms)
[05/14/2026-13:42:37] [I] Average on 10 runs - GPU latency: 3.8001 ms - Host latency: 3.86104 ms (end to end 3.87051 ms, enqueue 2.28926 ms)
[05/14/2026-13:42:37] [I] Average on 10 runs - GPU latency: 3.80615 ms - Host latency: 3.86797 ms (end to end 3.87764 ms, enqueue 2.15137 ms)
[05/14/2026-13:42:37] [I] Average on 10 runs - GPU latency: 3.79883 ms - Host latency: 3.85986 ms (end to end 3.86904 ms, enqueue 2.12646 ms)
[05/14/2026-13:42:37] [I] Average on 10 runs - GPU latency: 3.79033 ms - Host latency: 3.85195 ms (end to end 3.8625 ms, enqueue 2.42031 ms)
[05/14/2026-13:42:37] [I] Average on 10 runs - GPU latency: 3.7834 ms - Host latency: 3.84736 ms (end to end 3.85742 ms, enqueue 3.02168 ms)
[05/14/2026-13:42:37] [I] Average on 10 runs - GPU latency: 3.8084 ms - Host latency: 3.87012 ms (end to end 3.87949 ms, enqueue 2.13936 ms)
[05/14/2026-13:42:37] [I] Average on 10 runs - GPU latency: 3.80059 ms - Host latency: 3.86289 ms (end to end 3.87256 ms, enqueue 2.29111 ms)
[05/14/2026-13:42:37] [I] Average on 10 runs - GPU latency: 3.7833 ms - Host latency: 3.84502 ms (end to end 3.85449 ms, enqueue 2.43623 ms)
[05/14/2026-13:42:37] [I] Average on 10 runs - GPU latency: 3.79287 ms - Host latency: 3.854 ms (end to end 3.86406 ms, enqueue 2.30088 ms)
[05/14/2026-13:42:37] [I] Average on 10 runs - GPU latency: 3.7793 ms - Host latency: 3.84043 ms (end to end 3.8502 ms, enqueue 2.44922 ms)
[05/14/2026-13:42:37] [I] Average on 10 runs - GPU latency: 3.77725 ms - Host latency: 3.83828 ms (end to end 3.84775 ms, enqueue 2.47051 ms)
[05/14/2026-13:42:37] [I] Average on 10 runs - GPU latency: 3.77197 ms - Host latency: 3.83408 ms (end to end 3.84375 ms, enqueue 2.60693 ms)
[05/14/2026-13:42:37] [I] Average on 10 runs - GPU latency: 3.79873 ms - Host latency: 3.85967 ms (end to end 3.86924 ms, enqueue 2.26104 ms)
[05/14/2026-13:42:37] [I] Average on 10 runs - GPU latency: 3.80977 ms - Host latency: 3.871 ms (end to end 3.88076 ms, enqueue 2.09766 ms)
[05/14/2026-13:42:37] [I] Average on 10 runs - GPU latency: 3.7998 ms - Host latency: 3.86123 ms (end to end 3.871 ms, enqueue 2.24912 ms)
[05/14/2026-13:42:37] [I] Average on 10 runs - GPU latency: 3.80498 ms - Host latency: 3.86631 ms (end to end 3.87568 ms, enqueue 2.18691 ms)
[05/14/2026-13:42:37] [I] Average on 10 runs - GPU latency: 3.7748 ms - Host latency: 3.83613 ms (end to end 3.84561 ms, enqueue 2.60264 ms)
[05/14/2026-13:42:37] [I] Average on 10 runs - GPU latency: 3.80469 ms - Host latency: 3.86611 ms (end to end 3.87578 ms, enqueue 2.39717 ms)
[05/14/2026-13:42:37] [I] Average on 10 runs - GPU latency: 3.78818 ms - Host latency: 3.8498 ms (end to end 3.85977 ms, enqueue 2.4624 ms)
[05/14/2026-13:42:37] [I] Average on 10 runs - GPU latency: 3.78066 ms - Host latency: 3.84229 ms (end to end 3.85254 ms, enqueue 2.82051 ms)
[05/14/2026-13:42:37] [I] Average on 10 runs - GPU latency: 3.85811 ms - Host latency: 3.91973 ms (end to end 3.93857 ms, enqueue 2.57549 ms)
[05/14/2026-13:42:37] [I] Average on 10 runs - GPU latency: 3.80254 ms - Host latency: 3.86377 ms (end to end 3.87334 ms, enqueue 2.28643 ms)
[05/14/2026-13:42:37] [I] Average on 10 runs - GPU latency: 3.79023 ms - Host latency: 3.85117 ms (end to end 3.86094 ms, enqueue 2.49463 ms)
[05/14/2026-13:42:37] [I] Average on 10 runs - GPU latency: 3.78105 ms - Host latency: 3.84258 ms (end to end 3.85254 ms, enqueue 2.61582 ms)
[05/14/2026-13:42:37] [I] Average on 10 runs - GPU latency: 3.76846 ms - Host latency: 3.82998 ms (end to end 3.83994 ms, enqueue 2.7124 ms)
[05/14/2026-13:42:37] [I] Average on 10 runs - GPU latency: 3.79199 ms - Host latency: 3.85361 ms (end to end 3.86348 ms, enqueue 2.4833 ms)
[05/14/2026-13:42:37] [I] Average on 10 runs - GPU latency: 3.78857 ms - Host latency: 3.8499 ms (end to end 3.85947 ms, enqueue 2.43154 ms)
[05/14/2026-13:42:37] [I] Average on 10 runs - GPU latency: 3.7835 ms - Host latency: 3.84463 ms (end to end 3.85449 ms, enqueue 2.45586 ms)
[05/14/2026-13:42:37] [I] Average on 10 runs - GPU latency: 3.78262 ms - Host latency: 3.84395 ms (end to end 3.85371 ms, enqueue 2.471 ms)
[05/14/2026-13:42:37] [I] Average on 10 runs - GPU latency: 3.81201 ms - Host latency: 3.87344 ms (end to end 3.88291 ms, enqueue 2.12637 ms)
[05/14/2026-13:42:37] [I] Average on 10 runs - GPU latency: 3.80117 ms - Host latency: 3.8625 ms (end to end 3.87207 ms, enqueue 2.17344 ms)
[05/14/2026-13:42:37] [I] Average on 10 runs - GPU latency: 3.79688 ms - Host latency: 3.85791 ms (end to end 3.86777 ms, enqueue 2.33662 ms)
[05/14/2026-13:42:37] [I] Average on 10 runs - GPU latency: 3.8082 ms - Host latency: 3.87168 ms (end to end 3.88164 ms, enqueue 2.30049 ms)
[05/14/2026-13:42:37] [I] Average on 10 runs - GPU latency: 3.8083 ms - Host latency: 3.87012 ms (end to end 3.87939 ms, enqueue 2.13838 ms)
[05/14/2026-13:42:37] [I] Average on 10 runs - GPU latency: 3.79863 ms - Host latency: 3.85957 ms (end to end 3.86934 ms, enqueue 2.33613 ms)
[05/14/2026-13:42:37] [I] Average on 10 runs - GPU latency: 3.79805 ms - Host latency: 3.85898 ms (end to end 3.86855 ms, enqueue 2.25889 ms)
[05/14/2026-13:42:37] [I] Average on 10 runs - GPU latency: 3.78545 ms - Host latency: 3.84678 ms (end to end 3.85684 ms, enqueue 2.53125 ms)
[05/14/2026-13:42:37] [I] Average on 10 runs - GPU latency: 3.79355 ms - Host latency: 3.85479 ms (end to end 3.86494 ms, enqueue 2.38154 ms)
[05/14/2026-13:42:37] [I] Average on 10 runs - GPU latency: 3.78184 ms - Host latency: 3.84385 ms (end to end 3.85283 ms, enqueue 2.53291 ms)
[05/14/2026-13:42:37] [I] Average on 10 runs - GPU latency: 3.80215 ms - Host latency: 3.86367 ms (end to end 3.87305 ms, enqueue 2.17725 ms)
[05/14/2026-13:42:37] [I] Average on 10 runs - GPU latency: 3.80156 ms - Host latency: 3.86299 ms (end to end 3.87256 ms, enqueue 2.34492 ms)
[05/14/2026-13:42:37] [I] Average on 10 runs - GPU latency: 3.80312 ms - Host latency: 3.86484 ms (end to end 3.87471 ms, enqueue 2.12988 ms)
[05/14/2026-13:42:37] [I] Average on 10 runs - GPU latency: 3.78086 ms - Host latency: 3.84258 ms (end to end 3.85205 ms, enqueue 2.42266 ms)
[05/14/2026-13:42:37] [I] Average on 10 runs - GPU latency: 3.77559 ms - Host latency: 3.83711 ms (end to end 3.84697 ms, enqueue 2.4749 ms)
[05/14/2026-13:42:37] [I] Average on 10 runs - GPU latency: 3.79941 ms - Host latency: 3.86055 ms (end to end 3.87051 ms, enqueue 2.31748 ms)
[05/14/2026-13:42:37] [I] Average on 10 runs - GPU latency: 3.80586 ms - Host latency: 3.86816 ms (end to end 3.87705 ms, enqueue 2.44404 ms)
[05/14/2026-13:42:37] [I] Average on 10 runs - GPU latency: 3.87227 ms - Host latency: 3.94004 ms (end to end 3.95449 ms, enqueue 2.36689 ms)
[05/14/2026-13:42:37] [I] Average on 10 runs - GPU latency: 3.80762 ms - Host latency: 3.86875 ms (end to end 3.87852 ms, enqueue 2.1501 ms)
[05/14/2026-13:42:37] [I] Average on 10 runs - GPU latency: 3.79424 ms - Host latency: 3.85586 ms (end to end 3.86553 ms, enqueue 2.28271 ms)
[05/14/2026-13:42:37] [I] Average on 10 runs - GPU latency: 3.77754 ms - Host latency: 3.83867 ms (end to end 3.84814 ms, enqueue 2.52256 ms)
[05/14/2026-13:42:37] [I] Average on 10 runs - GPU latency: 3.79805 ms - Host latency: 3.85938 ms (end to end 3.86914 ms, enqueue 2.31426 ms)
[05/14/2026-13:42:37] [I] Average on 10 runs - GPU latency: 3.79434 ms - Host latency: 3.85605 ms (end to end 3.86572 ms, enqueue 2.36924 ms)
[05/14/2026-13:42:37] [I] Average on 10 runs - GPU latency: 3.75781 ms - Host latency: 3.82021 ms (end to end 3.83027 ms, enqueue 3.10723 ms)
[05/14/2026-13:42:37] [I] Average on 10 runs - GPU latency: 3.81221 ms - Host latency: 3.87314 ms (end to end 3.8833 ms, enqueue 2.10986 ms)
[05/14/2026-13:42:37] [I] Average on 10 runs - GPU latency: 3.79355 ms - Host latency: 3.85527 ms (end to end 3.86475 ms, enqueue 2.36699 ms)
[05/14/2026-13:42:37] [I] Average on 10 runs - GPU latency: 3.79287 ms - Host latency: 3.85449 ms (end to end 3.86377 ms, enqueue 2.34434 ms)
[05/14/2026-13:42:37] [I] Average on 10 runs - GPU latency: 3.79189 ms - Host latency: 3.85342 ms (end to end 3.86348 ms, enqueue 2.33691 ms)
[05/14/2026-13:42:37] [I] Average on 10 runs - GPU latency: 3.80273 ms - Host latency: 3.86406 ms (end to end 3.87402 ms, enqueue 2.12666 ms)
[05/14/2026-13:42:37] [I] Average on 10 runs - GPU latency: 3.79658 ms - Host latency: 3.8585 ms (end to end 3.86836 ms, enqueue 2.3335 ms)
[05/14/2026-13:42:37] [I] Average on 10 runs - GPU latency: 3.79697 ms - Host latency: 3.85889 ms (end to end 3.86875 ms, enqueue 2.40488 ms)
[05/14/2026-13:42:37] [I] Average on 10 runs - GPU latency: 3.80332 ms - Host latency: 3.86562 ms (end to end 3.8751 ms, enqueue 2.28828 ms)
[05/14/2026-13:42:37] [I] Average on 10 runs - GPU latency: 3.79199 ms - Host latency: 3.85332 ms (end to end 3.86338 ms, enqueue 2.34473 ms)
[05/14/2026-13:42:37] [I] Average on 10 runs - GPU latency: 3.77832 ms - Host latency: 3.83975 ms (end to end 3.84922 ms, enqueue 2.53027 ms)
[05/14/2026-13:42:37] [I] Average on 10 runs - GPU latency: 3.79795 ms - Host latency: 3.85947 ms (end to end 3.86924 ms, enqueue 2.3292 ms)
[05/14/2026-13:42:37] [I] Average on 10 runs - GPU latency: 3.79111 ms - Host latency: 3.85234 ms (end to end 3.86162 ms, enqueue 2.32451 ms)
[05/14/2026-13:42:37] [I] Average on 10 runs - GPU latency: 3.7874 ms - Host latency: 3.84902 ms (end to end 3.85908 ms, enqueue 2.46299 ms)
[05/14/2026-13:42:37] [I] Average on 10 runs - GPU latency: 3.80176 ms - Host latency: 3.86387 ms (end to end 3.87363 ms, enqueue 2.22412 ms)
[05/14/2026-13:42:37] [I] Average on 10 runs - GPU latency: 3.80117 ms - Host latency: 3.8623 ms (end to end 3.87178 ms, enqueue 2.28242 ms)
[05/14/2026-13:42:37] [I] Average on 10 runs - GPU latency: 3.78086 ms - Host latency: 3.8418 ms (end to end 3.85166 ms, enqueue 2.62451 ms)
[05/14/2026-13:42:37] [I] Average on 10 runs - GPU latency: 3.79922 ms - Host latency: 3.86035 ms (end to end 3.87021 ms, enqueue 2.27344 ms)
[05/14/2026-13:42:37] [I] Average on 10 runs - GPU latency: 3.78877 ms - Host latency: 3.8498 ms (end to end 3.85928 ms, enqueue 2.43125 ms)
[05/14/2026-13:42:37] [I] Average on 10 runs - GPU latency: 3.87441 ms - Host latency: 3.93574 ms (end to end 3.95459 ms, enqueue 2.55869 ms)
[05/14/2026-13:42:37] [I] Average on 10 runs - GPU latency: 3.79658 ms - Host latency: 3.8584 ms (end to end 3.86777 ms, enqueue 2.37959 ms)
[05/14/2026-13:42:37] [I] Average on 10 runs - GPU latency: 3.8 ms - Host latency: 3.86133 ms (end to end 3.87129 ms, enqueue 2.26973 ms)
[05/14/2026-13:42:37] [I] Average on 10 runs - GPU latency: 3.79365 ms - Host latency: 3.85566 ms (end to end 3.86543 ms, enqueue 2.47285 ms)
[05/14/2026-13:42:37] [I] Average on 10 runs - GPU latency: 3.78799 ms - Host latency: 3.84951 ms (end to end 3.85938 ms, enqueue 2.43701 ms)
[05/14/2026-13:42:37] [I] Average on 10 runs - GPU latency: 3.80947 ms - Host latency: 3.87051 ms (end to end 3.88027 ms, enqueue 2.15342 ms)
[05/14/2026-13:42:37] [I] Average on 10 runs - GPU latency: 3.78965 ms - Host latency: 3.85107 ms (end to end 3.86045 ms, enqueue 2.32803 ms)
[05/14/2026-13:42:37] [I] Average on 10 runs - GPU latency: 3.7835 ms - Host latency: 3.84473 ms (end to end 3.85391 ms, enqueue 2.48711 ms)
[05/14/2026-13:42:37] [I] Average on 10 runs - GPU latency: 3.79824 ms - Host latency: 3.85996 ms (end to end 3.86973 ms, enqueue 2.38887 ms)
[05/14/2026-13:42:37] [I] Average on 10 runs - GPU latency: 3.78975 ms - Host latency: 3.85088 ms (end to end 3.86064 ms, enqueue 2.37021 ms)
[05/14/2026-13:42:37] [I] Average on 10 runs - GPU latency: 3.79229 ms - Host latency: 3.85371 ms (end to end 3.86318 ms, enqueue 2.50117 ms)
[05/14/2026-13:42:37] [I] Average on 10 runs - GPU latency: 3.7877 ms - Host latency: 3.84902 ms (end to end 3.85898 ms, enqueue 2.41992 ms)
[05/14/2026-13:42:37] [I] Average on 10 runs - GPU latency: 3.78564 ms - Host latency: 3.84727 ms (end to end 3.85713 ms, enqueue 2.42588 ms)
[05/14/2026-13:42:37] [I] Average on 10 runs - GPU latency: 3.81367 ms - Host latency: 3.8752 ms (end to end 3.88506 ms, enqueue 2.1209 ms)
[05/14/2026-13:42:37] [I] Average on 10 runs - GPU latency: 3.78926 ms - Host latency: 3.85107 ms (end to end 3.86104 ms, enqueue 2.33789 ms)
[05/14/2026-13:42:37] [I] Average on 10 runs - GPU latency: 3.77637 ms - Host latency: 3.83848 ms (end to end 3.84863 ms, enqueue 2.84414 ms)
[05/14/2026-13:42:37] [I] Average on 10 runs - GPU latency: 3.78672 ms - Host latency: 3.84824 ms (end to end 3.85771 ms, enqueue 2.49678 ms)
[05/14/2026-13:42:37] [I] Average on 10 runs - GPU latency: 3.80332 ms - Host latency: 3.86494 ms (end to end 3.87451 ms, enqueue 2.2127 ms)
[05/14/2026-13:42:37] [I] Average on 10 runs - GPU latency: 3.79336 ms - Host latency: 3.85469 ms (end to end 3.86436 ms, enqueue 2.41523 ms)
[05/14/2026-13:42:37] [I] Average on 10 runs - GPU latency: 3.78682 ms - Host latency: 3.84854 ms (end to end 3.8582 ms, enqueue 2.42822 ms)
[05/14/2026-13:42:37] [I] Average on 10 runs - GPU latency: 3.79756 ms - Host latency: 3.8585 ms (end to end 3.86846 ms, enqueue 2.31846 ms)
[05/14/2026-13:42:37] [I] Average on 10 runs - GPU latency: 3.79941 ms - Host latency: 3.86064 ms (end to end 3.8707 ms, enqueue 2.28506 ms)
[05/14/2026-13:42:37] [I] Average on 10 runs - GPU latency: 3.80166 ms - Host latency: 3.86387 ms (end to end 3.87344 ms, enqueue 2.21787 ms)
[05/14/2026-13:42:37] [I] Average on 10 runs - GPU latency: 3.80518 ms - Host latency: 3.86631 ms (end to end 3.87607 ms, enqueue 2.22168 ms)
[05/14/2026-13:42:37] [I] Average on 10 runs - GPU latency: 3.80107 ms - Host latency: 3.86191 ms (end to end 3.87148 ms, enqueue 2.23945 ms)
[05/14/2026-13:42:37] [I] Average on 10 runs - GPU latency: 3.78906 ms - Host latency: 3.85068 ms (end to end 3.86025 ms, enqueue 2.43037 ms)
[05/14/2026-13:42:37] [I] Average on 10 runs - GPU latency: 3.87988 ms - Host latency: 3.94229 ms (end to end 3.96221 ms, enqueue 2.53623 ms)
[05/14/2026-13:42:37] [I] Average on 10 runs - GPU latency: 3.77451 ms - Host latency: 3.83564 ms (end to end 3.84531 ms, enqueue 2.57246 ms)
[05/14/2026-13:42:37] [I] Average on 10 runs - GPU latency: 3.80908 ms - Host latency: 3.87002 ms (end to end 3.87959 ms, enqueue 2.14023 ms)
[05/14/2026-13:42:37] [I] Average on 10 runs - GPU latency: 3.80439 ms - Host latency: 3.86641 ms (end to end 3.87598 ms, enqueue 2.22139 ms)
[05/14/2026-13:42:37] [I] Average on 10 runs - GPU latency: 3.80859 ms - Host latency: 3.86973 ms (end to end 3.87969 ms, enqueue 2.09922 ms)
[05/14/2026-13:42:37] [I] Average on 10 runs - GPU latency: 3.79229 ms - Host latency: 3.85381 ms (end to end 3.86309 ms, enqueue 2.4708 ms)
[05/14/2026-13:42:37] [I] Average on 10 runs - GPU latency: 3.79053 ms - Host latency: 3.85225 ms (end to end 3.86211 ms, enqueue 2.46133 ms)
[05/14/2026-13:42:37] [I] Average on 10 runs - GPU latency: 3.79287 ms - Host latency: 3.85381 ms (end to end 3.86348 ms, enqueue 2.43242 ms)
[05/14/2026-13:42:37] [I] Average on 10 runs - GPU latency: 3.80742 ms - Host latency: 3.86885 ms (end to end 3.87822 ms, enqueue 2.17686 ms)
[05/14/2026-13:42:37] [I] Average on 10 runs - GPU latency: 3.80547 ms - Host latency: 3.86699 ms (end to end 3.87666 ms, enqueue 2.19639 ms)
[05/14/2026-13:42:37] [I] Average on 10 runs - GPU latency: 3.81465 ms - Host latency: 3.87617 ms (end to end 3.88564 ms, enqueue 2.10186 ms)
[05/14/2026-13:42:37] [I] Average on 10 runs - GPU latency: 3.79727 ms - Host latency: 3.85811 ms (end to end 3.86807 ms, enqueue 2.42529 ms)
[05/14/2026-13:42:37] [I] Average on 10 runs - GPU latency: 3.79033 ms - Host latency: 3.85137 ms (end to end 3.86123 ms, enqueue 2.51904 ms)
[05/14/2026-13:42:37] [I] Average on 10 runs - GPU latency: 3.77402 ms - Host latency: 3.83643 ms (end to end 3.84678 ms, enqueue 2.81738 ms)
[05/14/2026-13:42:37] [I] Average on 10 runs - GPU latency: 3.81123 ms - Host latency: 3.87266 ms (end to end 3.88242 ms, enqueue 2.16221 ms)
[05/14/2026-13:42:37] [I] Average on 10 runs - GPU latency: 3.7792 ms - Host latency: 3.84053 ms (end to end 3.85059 ms, enqueue 2.45635 ms)
[05/14/2026-13:42:37] [I] Average on 10 runs - GPU latency: 3.79639 ms - Host latency: 3.8585 ms (end to end 3.86846 ms, enqueue 2.36133 ms)
[05/14/2026-13:42:37] [I] Average on 10 runs - GPU latency: 3.80371 ms - Host latency: 3.86514 ms (end to end 3.87451 ms, enqueue 2.2084 ms)
[05/14/2026-13:42:37] [I] Average on 10 runs - GPU latency: 3.7916 ms - Host latency: 3.85332 ms (end to end 3.86279 ms, enqueue 2.43975 ms)
[05/14/2026-13:42:37] [I] Average on 10 runs - GPU latency: 3.78457 ms - Host latency: 3.84619 ms (end to end 3.85566 ms, enqueue 2.46729 ms)
[05/14/2026-13:42:37] [I] Average on 10 runs - GPU latency: 3.80127 ms - Host latency: 3.8626 ms (end to end 3.87227 ms, enqueue 2.23105 ms)
[05/14/2026-13:42:37] [I] Average on 10 runs - GPU latency: 3.78457 ms - Host latency: 3.84648 ms (end to end 3.85654 ms, enqueue 2.52842 ms)
[05/14/2026-13:42:37] [I] Average on 10 runs - GPU latency: 3.81035 ms - Host latency: 3.87139 ms (end to end 3.88115 ms, enqueue 2.17959 ms)
[05/14/2026-13:42:37] [I] Average on 10 runs - GPU latency: 3.7998 ms - Host latency: 3.86152 ms (end to end 3.87119 ms, enqueue 2.34482 ms)
[05/14/2026-13:42:37] [I] Average on 10 runs - GPU latency: 3.79336 ms - Host latency: 3.85459 ms (end to end 3.86396 ms, enqueue 2.39902 ms)
[05/14/2026-13:42:37] [I] Average on 10 runs - GPU latency: 3.80488 ms - Host latency: 3.86641 ms (end to end 3.87598 ms, enqueue 2.24395 ms)
[05/14/2026-13:42:37] [I] Average on 10 runs - GPU latency: 3.89248 ms - Host latency: 3.95469 ms (end to end 3.97383 ms, enqueue 2.46055 ms)
[05/14/2026-13:42:37] [I] Average on 10 runs - GPU latency: 3.79551 ms - Host latency: 3.85664 ms (end to end 3.8668 ms, enqueue 2.42168 ms)
[05/14/2026-13:42:37] [I] Average on 10 runs - GPU latency: 3.79561 ms - Host latency: 3.85713 ms (end to end 3.86709 ms, enqueue 2.35947 ms)
[05/14/2026-13:42:37] [I] Average on 10 runs - GPU latency: 3.78193 ms - Host latency: 3.84297 ms (end to end 3.85293 ms, enqueue 2.42959 ms)
[05/14/2026-13:42:37] [I] Average on 10 runs - GPU latency: 3.77656 ms - Host latency: 3.83809 ms (end to end 3.84785 ms, enqueue 2.62744 ms)
[05/14/2026-13:42:37] [I] Average on 10 runs - GPU latency: 3.8165 ms - Host latency: 3.87793 ms (end to end 3.88682 ms, enqueue 2.13096 ms)
[05/14/2026-13:42:37] [I] Average on 10 runs - GPU latency: 3.80254 ms - Host latency: 3.86367 ms (end to end 3.87363 ms, enqueue 2.22207 ms)
[05/14/2026-13:42:37] [I] Average on 10 runs - GPU latency: 3.80537 ms - Host latency: 3.8668 ms (end to end 3.87607 ms, enqueue 2.28271 ms)
[05/14/2026-13:42:37] [I] Average on 10 runs - GPU latency: 3.80254 ms - Host latency: 3.86396 ms (end to end 3.87354 ms, enqueue 2.2168 ms)
[05/14/2026-13:42:37] [I] Average on 10 runs - GPU latency: 3.7835 ms - Host latency: 3.84482 ms (end to end 3.85449 ms, enqueue 2.58135 ms)
[05/14/2026-13:42:37] [I] Average on 10 runs - GPU latency: 3.80615 ms - Host latency: 3.86768 ms (end to end 3.87725 ms, enqueue 2.20635 ms)
[05/14/2026-13:42:37] [I] Average on 10 runs - GPU latency: 3.796 ms - Host latency: 3.8583 ms (end to end 3.86816 ms, enqueue 2.33789 ms)
[05/14/2026-13:42:37] [I] Average on 10 runs - GPU latency: 3.79893 ms - Host latency: 3.86025 ms (end to end 3.86953 ms, enqueue 2.37588 ms)
[05/14/2026-13:42:37] [I] Average on 10 runs - GPU latency: 3.7917 ms - Host latency: 3.85322 ms (end to end 3.8626 ms, enqueue 2.5168 ms)
[05/14/2026-13:42:37] [I] Average on 10 runs - GPU latency: 3.80459 ms - Host latency: 3.86611 ms (end to end 3.87568 ms, enqueue 2.29199 ms)
[05/14/2026-13:42:37] [I] Average on 10 runs - GPU latency: 3.79785 ms - Host latency: 3.85957 ms (end to end 3.86924 ms, enqueue 2.38447 ms)
[05/14/2026-13:42:37] [I] Average on 10 runs - GPU latency: 3.7876 ms - Host latency: 3.84922 ms (end to end 3.85889 ms, enqueue 2.47168 ms)
[05/14/2026-13:42:37] [I] Average on 10 runs - GPU latency: 3.80518 ms - Host latency: 3.8666 ms (end to end 3.87617 ms, enqueue 2.25752 ms)
[05/14/2026-13:42:37] [I] Average on 10 runs - GPU latency: 3.8125 ms - Host latency: 3.87461 ms (end to end 3.88418 ms, enqueue 2.19512 ms)
[05/14/2026-13:42:37] [I] Average on 10 runs - GPU latency: 3.79639 ms - Host latency: 3.8583 ms (end to end 3.86797 ms, enqueue 2.40811 ms)
[05/14/2026-13:42:37] [I] Average on 10 runs - GPU latency: 3.79404 ms - Host latency: 3.85518 ms (end to end 3.86445 ms, enqueue 2.39736 ms)
[05/14/2026-13:42:37] [I] Average on 10 runs - GPU latency: 3.79063 ms - Host latency: 3.85186 ms (end to end 3.86152 ms, enqueue 2.50625 ms)
[05/14/2026-13:42:37] [I] Average on 10 runs - GPU latency: 3.79443 ms - Host latency: 3.85586 ms (end to end 3.86543 ms, enqueue 2.41006 ms)
[05/14/2026-13:42:37] [I] Average on 10 runs - GPU latency: 3.8 ms - Host latency: 3.86182 ms (end to end 3.87129 ms, enqueue 2.29365 ms)
[05/14/2026-13:42:37] [I] Average on 10 runs - GPU latency: 3.78682 ms - Host latency: 3.84824 ms (end to end 3.8582 ms, enqueue 2.55117 ms)
[05/14/2026-13:42:37] [I] Average on 10 runs - GPU latency: 3.75391 ms - Host latency: 3.81533 ms (end to end 3.82686 ms, enqueue 3.41846 ms)
[05/14/2026-13:42:37] [I] Average on 10 runs - GPU latency: 3.82998 ms - Host latency: 3.89346 ms (end to end 3.91367 ms, enqueue 3.58779 ms)
[05/14/2026-13:42:37] [I] Average on 10 runs - GPU latency: 3.75332 ms - Host latency: 3.81494 ms (end to end 3.82686 ms, enqueue 3.36768 ms)
[05/14/2026-13:42:37] [I] Average on 10 runs - GPU latency: 3.75771 ms - Host latency: 3.81904 ms (end to end 3.82871 ms, enqueue 3.28564 ms)
[05/14/2026-13:42:37] [I] Average on 10 runs - GPU latency: 3.75312 ms - Host latency: 3.81436 ms (end to end 3.82383 ms, enqueue 3.35479 ms)
[05/14/2026-13:42:37] [I] Average on 10 runs - GPU latency: 3.75303 ms - Host latency: 3.81504 ms (end to end 3.82441 ms, enqueue 3.35674 ms)
[05/14/2026-13:42:37] [I] Average on 10 runs - GPU latency: 3.75098 ms - Host latency: 3.81328 ms (end to end 3.82432 ms, enqueue 3.43691 ms)
[05/14/2026-13:42:37] [I] Average on 10 runs - GPU latency: 3.75166 ms - Host latency: 3.8127 ms (end to end 3.82285 ms, enqueue 3.3707 ms)
[05/14/2026-13:42:37] [I] Average on 10 runs - GPU latency: 3.75029 ms - Host latency: 3.81162 ms (end to end 3.82158 ms, enqueue 3.3585 ms)
[05/14/2026-13:42:37] [I] Average on 10 runs - GPU latency: 3.75566 ms - Host latency: 3.8168 ms (end to end 3.82646 ms, enqueue 3.37041 ms)
[05/14/2026-13:42:37] [I] Average on 10 runs - GPU latency: 3.74834 ms - Host latency: 3.80996 ms (end to end 3.81914 ms, enqueue 3.36797 ms)
[05/14/2026-13:42:37] [I] Average on 10 runs - GPU latency: 3.74775 ms - Host latency: 3.80918 ms (end to end 3.81865 ms, enqueue 3.39443 ms)
[05/14/2026-13:42:37] [I] Average on 10 runs - GPU latency: 3.75391 ms - Host latency: 3.81504 ms (end to end 3.8249 ms, enqueue 3.34102 ms)
[05/14/2026-13:42:37] [I] Average on 10 runs - GPU latency: 3.76436 ms - Host latency: 3.83623 ms (end to end 3.84824 ms, enqueue 3.829 ms)
[05/14/2026-13:42:37] [I] Average on 10 runs - GPU latency: 3.91064 ms - Host latency: 4.0082 ms (end to end 4.01904 ms, enqueue 3.52627 ms)
[05/14/2026-13:42:37] [I] Average on 10 runs - GPU latency: 3.74697 ms - Host latency: 3.80967 ms (end to end 3.82207 ms, enqueue 3.33613 ms)
[05/14/2026-13:42:37] [I] Average on 10 runs - GPU latency: 3.75244 ms - Host latency: 3.81406 ms (end to end 3.82334 ms, enqueue 3.3625 ms)
[05/14/2026-13:42:37] [I] Average on 10 runs - GPU latency: 3.77402 ms - Host latency: 3.83525 ms (end to end 3.84521 ms, enqueue 2.98135 ms)
[05/14/2026-13:42:37] [I] Average on 10 runs - GPU latency: 3.80723 ms - Host latency: 3.86826 ms (end to end 3.87803 ms, enqueue 2.13174 ms)
[05/14/2026-13:42:37] [I] Average on 10 runs - GPU latency: 3.78633 ms - Host latency: 3.84775 ms (end to end 3.85742 ms, enqueue 2.41553 ms)
[05/14/2026-13:42:37] [I] Average on 10 runs - GPU latency: 3.779 ms - Host latency: 3.84063 ms (end to end 3.85029 ms, enqueue 2.479 ms)
[05/14/2026-13:42:37] [I] Average on 10 runs - GPU latency: 3.77773 ms - Host latency: 3.83887 ms (end to end 3.84893 ms, enqueue 2.63027 ms)
[05/14/2026-13:42:37] [I] Average on 10 runs - GPU latency: 3.79707 ms - Host latency: 3.85869 ms (end to end 3.86797 ms, enqueue 2.27227 ms)
[05/14/2026-13:42:37] [I] Average on 10 runs - GPU latency: 3.80732 ms - Host latency: 3.86865 ms (end to end 3.87803 ms, enqueue 2.1165 ms)
[05/14/2026-13:42:37] [I] Average on 10 runs - GPU latency: 3.78281 ms - Host latency: 3.84404 ms (end to end 3.85361 ms, enqueue 2.46006 ms)
[05/14/2026-13:42:37] [I] Average on 10 runs - GPU latency: 3.80605 ms - Host latency: 3.86738 ms (end to end 3.87695 ms, enqueue 2.21719 ms)
[05/14/2026-13:42:37] [I] Average on 10 runs - GPU latency: 3.78408 ms - Host latency: 3.84531 ms (end to end 3.85547 ms, enqueue 2.4708 ms)
[05/14/2026-13:42:37] [I] Average on 10 runs - GPU latency: 3.89854 ms - Host latency: 3.96094 ms (end to end 3.98994 ms, enqueue 2.39453 ms)
[05/14/2026-13:42:37] [I] Average on 10 runs - GPU latency: 3.80684 ms - Host latency: 3.86807 ms (end to end 3.87783 ms, enqueue 2.22666 ms)
[05/14/2026-13:42:37] [I] Average on 10 runs - GPU latency: 3.7793 ms - Host latency: 3.84092 ms (end to end 3.85068 ms, enqueue 2.56387 ms)
[05/14/2026-13:42:37] [I] Average on 10 runs - GPU latency: 3.80127 ms - Host latency: 3.8627 ms (end to end 3.87275 ms, enqueue 2.28164 ms)
[05/14/2026-13:42:37] [I] Average on 10 runs - GPU latency: 3.8084 ms - Host latency: 3.86963 ms (end to end 3.87861 ms, enqueue 2.06377 ms)
[05/14/2026-13:42:37] [I] Average on 10 runs - GPU latency: 3.77285 ms - Host latency: 3.83467 ms (end to end 3.84531 ms, enqueue 2.77988 ms)
[05/14/2026-13:42:37] [I] Average on 10 runs - GPU latency: 3.7873 ms - Host latency: 3.84863 ms (end to end 3.8583 ms, enqueue 2.42656 ms)
[05/14/2026-13:42:37] [I] Average on 10 runs - GPU latency: 3.80752 ms - Host latency: 3.86875 ms (end to end 3.87861 ms, enqueue 2.19678 ms)
[05/14/2026-13:42:37] [I] Average on 10 runs - GPU latency: 3.77793 ms - Host latency: 3.83975 ms (end to end 3.8501 ms, enqueue 2.68955 ms)
[05/14/2026-13:42:37] [I] Average on 10 runs - GPU latency: 3.80713 ms - Host latency: 3.86826 ms (end to end 3.87764 ms, enqueue 2.18994 ms)
[05/14/2026-13:42:37] [I] Average on 10 runs - GPU latency: 3.77998 ms - Host latency: 3.84092 ms (end to end 3.8502 ms, enqueue 2.47627 ms)
[05/14/2026-13:42:37] [I] Average on 10 runs - GPU latency: 3.81035 ms - Host latency: 3.87227 ms (end to end 3.88145 ms, enqueue 2.15273 ms)
[05/14/2026-13:42:37] [I] Average on 10 runs - GPU latency: 3.7875 ms - Host latency: 3.84883 ms (end to end 3.8584 ms, enqueue 2.35625 ms)
[05/14/2026-13:42:37] [I] Average on 10 runs - GPU latency: 3.80215 ms - Host latency: 3.86348 ms (end to end 3.87305 ms, enqueue 2.31426 ms)
[05/14/2026-13:42:37] [I] Average on 10 runs - GPU latency: 3.79316 ms - Host latency: 3.85449 ms (end to end 3.86426 ms, enqueue 2.34746 ms)
[05/14/2026-13:42:37] [I] Average on 10 runs - GPU latency: 3.8127 ms - Host latency: 3.87441 ms (end to end 3.88418 ms, enqueue 2.0877 ms)
[05/14/2026-13:42:37] [I] Average on 10 runs - GPU latency: 3.7873 ms - Host latency: 3.84824 ms (end to end 3.85762 ms, enqueue 2.49199 ms)
[05/14/2026-13:42:37] [I] Average on 10 runs - GPU latency: 3.80371 ms - Host latency: 3.86523 ms (end to end 3.87441 ms, enqueue 2.28242 ms)
[05/14/2026-13:42:37] [I] Average on 10 runs - GPU latency: 3.79941 ms - Host latency: 3.86113 ms (end to end 3.87109 ms, enqueue 2.21055 ms)
[05/14/2026-13:42:37] [I] Average on 10 runs - GPU latency: 3.78105 ms - Host latency: 3.84277 ms (end to end 3.85273 ms, enqueue 2.59609 ms)
[05/14/2026-13:42:37] [I] Average on 10 runs - GPU latency: 3.79922 ms - Host latency: 3.86113 ms (end to end 3.87031 ms, enqueue 2.30879 ms)
[05/14/2026-13:42:37] [I] Average on 10 runs - GPU latency: 3.80781 ms - Host latency: 3.86992 ms (end to end 3.88008 ms, enqueue 2.17266 ms)
[05/14/2026-13:42:37] [I] Average on 10 runs - GPU latency: 3.78574 ms - Host latency: 3.84687 ms (end to end 3.85703 ms, enqueue 2.5502 ms)
[05/14/2026-13:42:37] [I] Average on 10 runs - GPU latency: 3.8084 ms - Host latency: 3.86973 ms (end to end 3.87949 ms, enqueue 2.26094 ms)
[05/14/2026-13:42:37] [I] Average on 10 runs - GPU latency: 3.79492 ms - Host latency: 3.85605 ms (end to end 3.86504 ms, enqueue 2.38438 ms)
[05/14/2026-13:42:37] [I] Average on 10 runs - GPU latency: 3.78828 ms - Host latency: 3.84961 ms (end to end 3.85898 ms, enqueue 2.51289 ms)
[05/14/2026-13:42:37] [I] Average on 10 runs - GPU latency: 3.88223 ms - Host latency: 3.94531 ms (end to end 3.96543 ms, enqueue 2.34785 ms)
[05/14/2026-13:42:37] [I] Average on 10 runs - GPU latency: 3.80508 ms - Host latency: 3.8666 ms (end to end 3.87637 ms, enqueue 2.26953 ms)
[05/14/2026-13:42:37] [I] Average on 10 runs - GPU latency: 3.79043 ms - Host latency: 3.85215 ms (end to end 3.86113 ms, enqueue 2.35762 ms)
[05/14/2026-13:42:37] [I] Average on 10 runs - GPU latency: 3.7959 ms - Host latency: 3.85664 ms (end to end 3.86641 ms, enqueue 2.33652 ms)
[05/14/2026-13:42:37] [I] Average on 10 runs - GPU latency: 3.78066 ms - Host latency: 3.8416 ms (end to end 3.85137 ms, enqueue 2.43965 ms)
[05/14/2026-13:42:37] [I] Average on 10 runs - GPU latency: 3.80527 ms - Host latency: 3.86621 ms (end to end 3.87637 ms, enqueue 2.15156 ms)
[05/14/2026-13:42:37] [I] Average on 10 runs - GPU latency: 3.79004 ms - Host latency: 3.85098 ms (end to end 3.86055 ms, enqueue 2.36191 ms)
[05/14/2026-13:42:37] [I] Average on 10 runs - GPU latency: 3.81328 ms - Host latency: 3.8752 ms (end to end 3.88496 ms, enqueue 1.97344 ms)
[05/14/2026-13:42:37] [I] Average on 10 runs - GPU latency: 3.80645 ms - Host latency: 3.86797 ms (end to end 3.87715 ms, enqueue 2.23359 ms)
[05/14/2026-13:42:37] [I] Average on 10 runs - GPU latency: 3.79531 ms - Host latency: 3.85664 ms (end to end 3.86641 ms, enqueue 2.40547 ms)
[05/14/2026-13:42:37] [I] Average on 10 runs - GPU latency: 3.79102 ms - Host latency: 3.85234 ms (end to end 3.86191 ms, enqueue 2.39824 ms)
[05/14/2026-13:42:37] [I] Average on 10 runs - GPU latency: 3.80664 ms - Host latency: 3.86777 ms (end to end 3.87754 ms, enqueue 2.20664 ms)
[05/14/2026-13:42:37] [I] Average on 10 runs - GPU latency: 3.78262 ms - Host latency: 3.84395 ms (end to end 3.85371 ms, enqueue 2.51582 ms)
[05/14/2026-13:42:37] [I] Average on 10 runs - GPU latency: 3.78516 ms - Host latency: 3.84609 ms (end to end 3.85645 ms, enqueue 2.53437 ms)
[05/14/2026-13:42:37] [I] Average on 10 runs - GPU latency: 3.77227 ms - Host latency: 3.83457 ms (end to end 3.84473 ms, enqueue 2.70937 ms)
[05/14/2026-13:42:37] [I] Average on 10 runs - GPU latency: 3.78457 ms - Host latency: 3.84629 ms (end to end 3.85586 ms, enqueue 2.42207 ms)
[05/14/2026-13:42:37] [I] Average on 10 runs - GPU latency: 3.78379 ms - Host latency: 3.84492 ms (end to end 3.85508 ms, enqueue 2.42891 ms)
[05/14/2026-13:42:37] [I] Average on 10 runs - GPU latency: 3.78359 ms - Host latency: 3.84453 ms (end to end 3.85488 ms, enqueue 2.45059 ms)
[05/14/2026-13:42:37] [I] Average on 10 runs - GPU latency: 3.80137 ms - Host latency: 3.86328 ms (end to end 3.87324 ms, enqueue 2.21094 ms)
[05/14/2026-13:42:37] [I] Average on 10 runs - GPU latency: 3.79629 ms - Host latency: 3.85781 ms (end to end 3.86758 ms, enqueue 2.25625 ms)
[05/14/2026-13:42:37] [I] Average on 10 runs - GPU latency: 3.81387 ms - Host latency: 3.8752 ms (end to end 3.88574 ms, enqueue 2.2084 ms)
[05/14/2026-13:42:37] [I] Average on 10 runs - GPU latency: 3.80156 ms - Host latency: 3.86309 ms (end to end 3.87266 ms, enqueue 2.26445 ms)
[05/14/2026-13:42:37] [I] Average on 10 runs - GPU latency: 3.79043 ms - Host latency: 3.85215 ms (end to end 3.86211 ms, enqueue 2.56523 ms)
[05/14/2026-13:42:37] [I] Average on 10 runs - GPU latency: 3.79316 ms - Host latency: 3.85508 ms (end to end 3.86426 ms, enqueue 2.32246 ms)
[05/14/2026-13:42:37] [I] Average on 10 runs - GPU latency: 3.78242 ms - Host latency: 3.84414 ms (end to end 3.85449 ms, enqueue 2.43652 ms)
[05/14/2026-13:42:37] [I] Average on 10 runs - GPU latency: 3.79746 ms - Host latency: 3.8584 ms (end to end 3.86758 ms, enqueue 2.21699 ms)
[05/14/2026-13:42:37] [I] Average on 10 runs - GPU latency: 3.89395 ms - Host latency: 3.95605 ms (end to end 3.97578 ms, enqueue 2.27246 ms)
[05/14/2026-13:42:37] [I] Average on 10 runs - GPU latency: 3.8084 ms - Host latency: 3.86973 ms (end to end 3.87891 ms, enqueue 2.14727 ms)
[05/14/2026-13:42:37] [I] Average on 10 runs - GPU latency: 3.80254 ms - Host latency: 3.86348 ms (end to end 3.87305 ms, enqueue 2.33184 ms)
[05/14/2026-13:42:37] [I] Average on 10 runs - GPU latency: 3.81152 ms - Host latency: 3.87266 ms (end to end 3.88262 ms, enqueue 2.14727 ms)
[05/14/2026-13:42:37] [I] Average on 10 runs - GPU latency: 3.78262 ms - Host latency: 3.84434 ms (end to end 3.8543 ms, enqueue 2.54766 ms)
[05/14/2026-13:42:37] [I] Average on 10 runs - GPU latency: 3.79063 ms - Host latency: 3.85215 ms (end to end 3.86191 ms, enqueue 2.39687 ms)
[05/14/2026-13:42:37] [I] Average on 10 runs - GPU latency: 3.79922 ms - Host latency: 3.86074 ms (end to end 3.87031 ms, enqueue 2.20449 ms)
[05/14/2026-13:42:37] [I] Average on 10 runs - GPU latency: 3.81113 ms - Host latency: 3.87305 ms (end to end 3.88262 ms, enqueue 2.12051 ms)
[05/14/2026-13:42:37] [I] Average on 10 runs - GPU latency: 3.78516 ms - Host latency: 3.84687 ms (end to end 3.85645 ms, enqueue 2.51582 ms)
[05/14/2026-13:42:37] [I] Average on 10 runs - GPU latency: 3.77246 ms - Host latency: 3.83398 ms (end to end 3.84375 ms, enqueue 2.68809 ms)
[05/14/2026-13:42:37] [I] Average on 10 runs - GPU latency: 3.79883 ms - Host latency: 3.86035 ms (end to end 3.86973 ms, enqueue 2.34395 ms)
[05/14/2026-13:42:37] [I] Average on 10 runs - GPU latency: 3.78613 ms - Host latency: 3.84707 ms (end to end 3.85703 ms, enqueue 2.37285 ms)
[05/14/2026-13:42:37] [I] Average on 10 runs - GPU latency: 3.78223 ms - Host latency: 3.84453 ms (end to end 3.8543 ms, enqueue 2.50508 ms)
[05/14/2026-13:42:37] [I] Average on 10 runs - GPU latency: 3.80664 ms - Host latency: 3.86836 ms (end to end 3.87734 ms, enqueue 2.14883 ms)
[05/14/2026-13:42:37] [I] Average on 10 runs - GPU latency: 3.81035 ms - Host latency: 3.87188 ms (end to end 3.88145 ms, enqueue 2.1041 ms)
[05/14/2026-13:42:37] [I] Average on 10 runs - GPU latency: 3.77598 ms - Host latency: 3.83848 ms (end to end 3.84883 ms, enqueue 2.50605 ms)
[05/14/2026-13:42:37] [I] Average on 10 runs - GPU latency: 3.80098 ms - Host latency: 3.8623 ms (end to end 3.87148 ms, enqueue 2.26133 ms)
[05/14/2026-13:42:37] [I] Average on 10 runs - GPU latency: 3.81035 ms - Host latency: 3.87148 ms (end to end 3.88184 ms, enqueue 2.14277 ms)
[05/14/2026-13:42:37] [I] Average on 10 runs - GPU latency: 3.7918 ms - Host latency: 3.85195 ms (end to end 3.86211 ms, enqueue 2.4084 ms)
[05/14/2026-13:42:37] [I] Average on 10 runs - GPU latency: 3.79629 ms - Host latency: 3.85742 ms (end to end 3.86797 ms, enqueue 2.38965 ms)
[05/14/2026-13:42:37] [I] Average on 10 runs - GPU latency: 3.79355 ms - Host latency: 3.85488 ms (end to end 3.86523 ms, enqueue 2.41328 ms)
[05/14/2026-13:42:37] [I] Average on 10 runs - GPU latency: 3.7957 ms - Host latency: 3.85723 ms (end to end 3.8668 ms, enqueue 2.36719 ms)
[05/14/2026-13:42:37] [I] Average on 10 runs - GPU latency: 3.80723 ms - Host latency: 3.86953 ms (end to end 3.87871 ms, enqueue 2.05586 ms)
[05/14/2026-13:42:37] [I] Average on 10 runs - GPU latency: 3.79961 ms - Host latency: 3.86094 ms (end to end 3.87031 ms, enqueue 2.24902 ms)
[05/14/2026-13:42:37] [I] Average on 10 runs - GPU latency: 3.79922 ms - Host latency: 3.86152 ms (end to end 3.8707 ms, enqueue 2.35195 ms)
[05/14/2026-13:42:37] [I] Average on 10 runs - GPU latency: 3.75645 ms - Host latency: 3.81738 ms (end to end 3.82598 ms, enqueue 3.21211 ms)
[05/14/2026-13:42:37] [I] Average on 10 runs - GPU latency: 3.82656 ms - Host latency: 3.89023 ms (end to end 3.91113 ms, enqueue 3.64531 ms)
[05/14/2026-13:42:37] [I] Average on 10 runs - GPU latency: 3.75469 ms - Host latency: 3.8166 ms (end to end 3.82617 ms, enqueue 3.34863 ms)
[05/14/2026-13:42:37] [I] Average on 10 runs - GPU latency: 3.75176 ms - Host latency: 3.81387 ms (end to end 3.82344 ms, enqueue 3.39277 ms)
[05/14/2026-13:42:37] [I] Average on 10 runs - GPU latency: 3.75547 ms - Host latency: 3.81719 ms (end to end 3.82676 ms, enqueue 3.33633 ms)
[05/14/2026-13:42:37] [I] Average on 10 runs - GPU latency: 3.75352 ms - Host latency: 3.81484 ms (end to end 3.82402 ms, enqueue 3.32656 ms)
[05/14/2026-13:42:37] [I] Average on 10 runs - GPU latency: 3.75996 ms - Host latency: 3.82188 ms (end to end 3.83203 ms, enqueue 3.21953 ms)
[05/14/2026-13:42:37] [I] Average on 10 runs - GPU latency: 3.80918 ms - Host latency: 3.87012 ms (end to end 3.88027 ms, enqueue 2.16152 ms)
[05/14/2026-13:42:37] [I] Average on 10 runs - GPU latency: 3.79883 ms - Host latency: 3.85957 ms (end to end 3.86934 ms, enqueue 2.28613 ms)
[05/14/2026-13:42:37] [I] Average on 10 runs - GPU latency: 3.775 ms - Host latency: 3.8373 ms (end to end 3.84687 ms, enqueue 2.67266 ms)
[05/14/2026-13:42:37] [I] Average on 10 runs - GPU latency: 3.76055 ms - Host latency: 3.82207 ms (end to end 3.83223 ms, enqueue 3.0166 ms)
[05/14/2026-13:42:37] [I] Average on 10 runs - GPU latency: 3.7541 ms - Host latency: 3.81543 ms (end to end 3.8248 ms, enqueue 3.36836 ms)
[05/14/2026-13:42:37] [I] Average on 10 runs - GPU latency: 3.75078 ms - Host latency: 3.81152 ms (end to end 3.82129 ms, enqueue 3.34336 ms)
[05/14/2026-13:42:37] [I] Average on 10 runs - GPU latency: 3.74844 ms - Host latency: 3.80918 ms (end to end 3.81934 ms, enqueue 3.40566 ms)
[05/14/2026-13:42:37] [I] Average on 10 runs - GPU latency: 3.7498 ms - Host latency: 3.81094 ms (end to end 3.82109 ms, enqueue 3.3709 ms)
[05/14/2026-13:42:37] [I] Average on 10 runs - GPU latency: 3.75254 ms - Host latency: 3.81406 ms (end to end 3.82363 ms, enqueue 3.3666 ms)
[05/14/2026-13:42:37] [I] Average on 10 runs - GPU latency: 3.77207 ms - Host latency: 3.83398 ms (end to end 3.84336 ms, enqueue 3.09004 ms)
[05/14/2026-13:42:37] [I] Average on 10 runs - GPU latency: 3.81328 ms - Host latency: 3.875 ms (end to end 3.88516 ms, enqueue 2.15313 ms)
[05/14/2026-13:42:37] [I] Average on 10 runs - GPU latency: 3.80605 ms - Host latency: 3.86738 ms (end to end 3.87656 ms, enqueue 2.23809 ms)
[05/14/2026-13:42:37] [I] Average on 10 runs - GPU latency: 3.7834 ms - Host latency: 3.84492 ms (end to end 3.8541 ms, enqueue 2.5291 ms)
[05/14/2026-13:42:37] [I] Average on 10 runs - GPU latency: 3.78516 ms - Host latency: 3.84648 ms (end to end 3.85625 ms, enqueue 2.57988 ms)
[05/14/2026-13:42:37] [I] Average on 10 runs - GPU latency: 3.77559 ms - Host latency: 3.83691 ms (end to end 3.84687 ms, enqueue 2.66016 ms)
[05/14/2026-13:42:37] [I] Average on 10 runs - GPU latency: 3.77285 ms - Host latency: 3.83496 ms (end to end 3.84434 ms, enqueue 2.89336 ms)
[05/14/2026-13:42:37] [I] Average on 10 runs - GPU latency: 3.78867 ms - Host latency: 3.85059 ms (end to end 3.85977 ms, enqueue 2.53066 ms)
[05/14/2026-13:42:37] [I] Average on 10 runs - GPU latency: 3.78086 ms - Host latency: 3.84258 ms (end to end 3.85215 ms, enqueue 2.71152 ms)
[05/14/2026-13:42:37] [I] Average on 10 runs - GPU latency: 3.78437 ms - Host latency: 3.8457 ms (end to end 3.85586 ms, enqueue 2.56641 ms)
[05/14/2026-13:42:37] [I] Average on 10 runs - GPU latency: 3.78418 ms - Host latency: 3.8457 ms (end to end 3.85645 ms, enqueue 2.58086 ms)
[05/14/2026-13:42:37] [I] Average on 10 runs - GPU latency: 3.86738 ms - Host latency: 3.92871 ms (end to end 3.94844 ms, enqueue 2.64062 ms)
[05/14/2026-13:42:37] [I] Average on 10 runs - GPU latency: 3.78125 ms - Host latency: 3.84316 ms (end to end 3.85273 ms, enqueue 2.59824 ms)
[05/14/2026-13:42:37] [I] Average on 10 runs - GPU latency: 3.79492 ms - Host latency: 3.85645 ms (end to end 3.86562 ms, enqueue 2.43262 ms)
[05/14/2026-13:42:37] [I] Average on 10 runs - GPU latency: 3.78652 ms - Host latency: 3.84746 ms (end to end 3.85645 ms, enqueue 2.49609 ms)
[05/14/2026-13:42:37] [I] Average on 10 runs - GPU latency: 3.78281 ms - Host latency: 3.84434 ms (end to end 3.85449 ms, enqueue 2.65762 ms)
[05/14/2026-13:42:37] [I] Average on 10 runs - GPU latency: 3.8 ms - Host latency: 3.86133 ms (end to end 3.8707 ms, enqueue 2.33047 ms)
[05/14/2026-13:42:37] [I] Average on 10 runs - GPU latency: 3.775 ms - Host latency: 3.83613 ms (end to end 3.84648 ms, enqueue 2.66523 ms)
[05/14/2026-13:42:37] [I] Average on 10 runs - GPU latency: 3.80215 ms - Host latency: 3.86289 ms (end to end 3.87285 ms, enqueue 2.25352 ms)
[05/14/2026-13:42:37] [I] Average on 10 runs - GPU latency: 3.7957 ms - Host latency: 3.85645 ms (end to end 3.86621 ms, enqueue 2.29922 ms)
[05/14/2026-13:42:37] [I] Average on 10 runs - GPU latency: 3.77891 ms - Host latency: 3.84023 ms (end to end 3.8498 ms, enqueue 2.44688 ms)
[05/14/2026-13:42:37] [I] Average on 10 runs - GPU latency: 3.80586 ms - Host latency: 3.86738 ms (end to end 3.87715 ms, enqueue 2.17285 ms)
[05/14/2026-13:42:37] [I] Average on 10 runs - GPU latency: 3.78984 ms - Host latency: 3.85098 ms (end to end 3.86074 ms, enqueue 2.38125 ms)
[05/14/2026-13:42:37] [I] Average on 10 runs - GPU latency: 3.79414 ms - Host latency: 3.85566 ms (end to end 3.86582 ms, enqueue 2.35371 ms)
[05/14/2026-13:42:37] [I] Average on 10 runs - GPU latency: 3.79785 ms - Host latency: 3.85977 ms (end to end 3.86875 ms, enqueue 2.28145 ms)
[05/14/2026-13:42:37] [I] Average on 10 runs - GPU latency: 3.78437 ms - Host latency: 3.84551 ms (end to end 3.85469 ms, enqueue 2.36875 ms)
[05/14/2026-13:42:37] [I] Average on 10 runs - GPU latency: 3.79629 ms - Host latency: 3.85781 ms (end to end 3.86719 ms, enqueue 2.34395 ms)
[05/14/2026-13:42:37] [I] Average on 10 runs - GPU latency: 3.80879 ms - Host latency: 3.86992 ms (end to end 3.88008 ms, enqueue 2.15273 ms)
[05/14/2026-13:42:37] [I] Average on 10 runs - GPU latency: 3.79766 ms - Host latency: 3.85918 ms (end to end 3.86836 ms, enqueue 2.22891 ms)
[05/14/2026-13:42:37] [I] Average on 10 runs - GPU latency: 3.78984 ms - Host latency: 3.85098 ms (end to end 3.85996 ms, enqueue 2.4793 ms)
[05/14/2026-13:42:37] [I] Average on 10 runs - GPU latency: 3.77891 ms - Host latency: 3.84063 ms (end to end 3.85039 ms, enqueue 2.56992 ms)
[05/14/2026-13:42:37] [I] Average on 10 runs - GPU latency: 3.78242 ms - Host latency: 3.84395 ms (end to end 3.85352 ms, enqueue 2.55586 ms)
[05/14/2026-13:42:37] [I] Average on 10 runs - GPU latency: 3.80488 ms - Host latency: 3.86621 ms (end to end 3.87559 ms, enqueue 2.20801 ms)
[05/14/2026-13:42:37] [I] Average on 10 runs - GPU latency: 3.78789 ms - Host latency: 3.84922 ms (end to end 3.85898 ms, enqueue 2.42422 ms)
[05/14/2026-13:42:37] [I] Average on 10 runs - GPU latency: 3.81152 ms - Host latency: 3.87305 ms (end to end 3.88223 ms, enqueue 2.09941 ms)
[05/14/2026-13:42:37] [I] Average on 10 runs - GPU latency: 3.78555 ms - Host latency: 3.84727 ms (end to end 3.85703 ms, enqueue 2.56211 ms)
[05/14/2026-13:42:37] [I] 
[05/14/2026-13:42:37] [I] === Performance summary ===
[05/14/2026-13:42:37] [I] Throughput: 258.792 qps
[05/14/2026-13:42:37] [I] Latency: min = 3.77039 ms, max = 4.75879 ms, mean = 3.85322 ms, median = 3.85205 ms, percentile(99%) = 3.9458 ms
[05/14/2026-13:42:37] [I] End-to-End Host Latency: min = 3.77429 ms, max = 4.76172 ms, mean = 3.86343 ms, median = 3.86145 ms, percentile(99%) = 3.95996 ms
[05/14/2026-13:42:37] [I] Enqueue Time: min = 1.83594 ms, max = 4.85449 ms, mean = 2.49119 ms, median = 2.39844 ms, percentile(99%) = 3.66528 ms
[05/14/2026-13:42:37] [I] H2D Latency: min = 0.0566406 ms, max = 0.123047 ms, mean = 0.0588167 ms, median = 0.0585938 ms, percentile(99%) = 0.0625 ms
[05/14/2026-13:42:37] [I] GPU Compute Time: min = 3.70996 ms, max = 4.53125 ms, mean = 3.79158 ms, median = 3.79102 ms, percentile(99%) = 3.87305 ms
[05/14/2026-13:42:37] [I] D2H Latency: min = 0.000976562 ms, max = 0.106445 ms, mean = 0.00282648 ms, median = 0.00292969 ms, percentile(99%) = 0.00390625 ms
[05/14/2026-13:42:37] [I] Total Host Walltime: 20.0083 s
[05/14/2026-13:42:37] [I] Total GPU Compute Time: 19.6328 s
[05/14/2026-13:42:37] [I] Explanations of the performance metrics are printed in the verbose logs.
[05/14/2026-13:42:37] [I] 
&&&& PASSED TensorRT.trtexec [TensorRT v8001] # /usr/src/tensorrt/bin/trtexec --loadEngine=engines/tomato_yolov8n_cls_fp16.engine --warmUp=1000 --duration=20 --iterations=1000
[05/14/2026-13:42:37] [I] [TRT] [MemUsageChange] Init cuBLAS/cuBLASLt: CPU +0, GPU +0, now: CPU 623, GPU 3833 (MiB)
