[TensorRT] INFO: [MemUsageChange] Init CUDA: CPU +202, GPU +0, now: CPU 227, GPU 3241 (MiB)
[TensorRT] INFO: [MemUsageSnapshot] Builder begin: CPU 238 MiB, GPU 3256 MiB
[TensorRT] WARNING: Int8 support requested on hardware without native Int8 support, performance will be negatively affected.
[TensorRT] INFO: [MemUsageChange] Init cuBLAS/cuBLASLt: CPU +158, GPU +164, now: CPU 396, GPU 3420 (MiB)
[TensorRT] INFO: [MemUsageChange] Init cuDNN: CPU +241, GPU +240, now: CPU 637, GPU 3660 (MiB)
[TensorRT] INFO: Detected 1 inputs and 1 output network tensors.
[TensorRT] INFO: Total Host Persistent Memory: 7520
[TensorRT] INFO: Total Device Persistent Memory: 0
[TensorRT] INFO: Total Scratch Memory: 0
[TensorRT] INFO: [MemUsageStats] Peak memory usage of TRT CPU/GPU memory allocators: CPU 0 MiB, GPU 12 MiB
[TensorRT] INFO: [MemUsageChange] Init cuBLAS/cuBLASLt: CPU +0, GPU +0, now: CPU 883, GPU 3893 (MiB)
[TensorRT] INFO: [MemUsageChange] Init cuDNN: CPU +0, GPU +0, now: CPU 883, GPU 3893 (MiB)
[TensorRT] INFO: [MemUsageChange] Init cuBLAS/cuBLASLt: CPU +0, GPU +0, now: CPU 883, GPU 3893 (MiB)
[TensorRT] INFO: [MemUsageChange] Init cuBLAS/cuBLASLt: CPU +0, GPU +0, now: CPU 883, GPU 3893 (MiB)
[TensorRT] INFO: [MemUsageSnapshot] ExecutionContext creation begin: CPU 883 MiB, GPU 3893 MiB
[TensorRT] INFO: [MemUsageChange] Init cuBLAS/cuBLASLt: CPU +0, GPU +0, now: CPU 883, GPU 3893 (MiB)
[TensorRT] INFO: [MemUsageChange] Init cuDNN: CPU +0, GPU +0, now: CPU 883, GPU 3893 (MiB)
[TensorRT] INFO: [MemUsageSnapshot] ExecutionContext creation end: CPU 883 MiB, GPU 3893 MiB
[TensorRT] INFO: Starting Calibration.
[TensorRT] INFO:   Calibrated batch 0 in 0.266958 seconds.
[TensorRT] INFO:   Calibrated batch 1 in 0.232366 seconds.
[TensorRT] INFO:   Calibrated batch 2 in 0.231027 seconds.
[TensorRT] INFO:   Calibrated batch 3 in 0.204812 seconds.
[TensorRT] INFO:   Calibrated batch 4 in 0.204634 seconds.
[TensorRT] INFO:   Calibrated batch 5 in 0.252538 seconds.
[TensorRT] INFO:   Calibrated batch 6 in 0.223997 seconds.
[TensorRT] INFO:   Calibrated batch 7 in 0.21715 seconds.
[TensorRT] INFO:   Calibrated batch 8 in 0.212748 seconds.
[TensorRT] INFO:   Calibrated batch 9 in 0.200562 seconds.
[TensorRT] INFO:   Calibrated batch 10 in 0.228271 seconds.
[TensorRT] INFO:   Calibrated batch 11 in 0.211523 seconds.
[TensorRT] INFO:   Calibrated batch 12 in 0.213133 seconds.
[TensorRT] INFO:   Calibrated batch 13 in 0.210189 seconds.
[TensorRT] INFO:   Calibrated batch 14 in 0.215575 seconds.
[TensorRT] INFO:   Calibrated batch 15 in 0.215898 seconds.
[TensorRT] INFO:   Calibrated batch 16 in 0.217406 seconds.
[TensorRT] INFO:   Calibrated batch 17 in 0.225792 seconds.
[TensorRT] INFO:   Calibrated batch 18 in 0.215061 seconds.
[TensorRT] INFO:   Calibrated batch 19 in 0.211113 seconds.
[TensorRT] INFO:   Calibrated batch 20 in 0.218502 seconds.
[TensorRT] INFO:   Calibrated batch 21 in 0.219408 seconds.
[TensorRT] INFO:   Calibrated batch 22 in 0.216348 seconds.
[TensorRT] INFO:   Calibrated batch 23 in 0.216766 seconds.
[TensorRT] INFO:   Calibrated batch 24 in 0.210841 seconds.
[TensorRT] INFO:   Calibrated batch 25 in 0.213002 seconds.
[TensorRT] INFO:   Calibrated batch 26 in 0.221719 seconds.
[TensorRT] INFO:   Calibrated batch 27 in 0.217481 seconds.
[TensorRT] INFO:   Calibrated batch 28 in 0.220312 seconds.
[TensorRT] INFO:   Calibrated batch 29 in 0.218385 seconds.
[TensorRT] INFO:   Calibrated batch 30 in 0.222444 seconds.
[TensorRT] INFO:   Calibrated batch 31 in 0.221118 seconds.
[TensorRT] INFO:   Calibrated batch 32 in 0.223298 seconds.
[TensorRT] INFO:   Calibrated batch 33 in 0.21701 seconds.
[TensorRT] INFO:   Calibrated batch 34 in 0.220467 seconds.
[TensorRT] INFO:   Calibrated batch 35 in 0.221481 seconds.
[TensorRT] INFO:   Calibrated batch 36 in 0.222512 seconds.
[TensorRT] INFO:   Calibrated batch 37 in 0.216629 seconds.
[TensorRT] INFO:   Calibrated batch 38 in 0.21558 seconds.
[TensorRT] INFO:   Calibrated batch 39 in 0.215294 seconds.
[TensorRT] INFO:   Calibrated batch 40 in 0.216919 seconds.
[TensorRT] INFO:   Calibrated batch 41 in 0.218623 seconds.
[TensorRT] INFO:   Calibrated batch 42 in 0.259753 seconds.
[TensorRT] INFO:   Calibrated batch 43 in 0.219526 seconds.
[TensorRT] INFO:   Calibrated batch 44 in 0.216927 seconds.
[TensorRT] INFO:   Calibrated batch 45 in 0.207906 seconds.
[TensorRT] INFO:   Calibrated batch 46 in 0.219985 seconds.
[TensorRT] INFO:   Calibrated batch 47 in 0.232683 seconds.
[TensorRT] INFO:   Calibrated batch 48 in 0.216067 seconds.
[TensorRT] INFO:   Calibrated batch 49 in 0.221948 seconds.
[TensorRT] INFO:   Calibrated batch 50 in 0.220933 seconds.
[TensorRT] INFO:   Calibrated batch 51 in 0.223347 seconds.
[TensorRT] INFO:   Calibrated batch 52 in 0.214348 seconds.
[TensorRT] INFO:   Calibrated batch 53 in 0.229461 seconds.
[TensorRT] INFO:   Calibrated batch 54 in 0.222258 seconds.
[TensorRT] INFO:   Calibrated batch 55 in 0.222501 seconds.
[TensorRT] INFO:   Calibrated batch 56 in 0.220665 seconds.
[TensorRT] INFO:   Calibrated batch 57 in 0.217748 seconds.
[TensorRT] INFO:   Calibrated batch 58 in 0.228501 seconds.
[TensorRT] INFO:   Calibrated batch 59 in 0.226323 seconds.
[TensorRT] INFO:   Calibrated batch 60 in 0.227384 seconds.
[TensorRT] INFO:   Calibrated batch 61 in 0.21868 seconds.
[TensorRT] INFO:   Calibrated batch 62 in 0.21799 seconds.
[TensorRT] INFO: [MemUsageChange] Init cuBLAS/cuBLASLt: CPU +0, GPU +0, now: CPU 934, GPU 3867 (MiB)
[TensorRT] INFO:   Post Processing Calibration data in 53.8312 seconds.
[TensorRT] INFO: Calibration completed in 80.934 seconds.
[TensorRT] INFO: Writing Calibration Cache for calibrator: TRT-8001-EntropyCalibration2
[TensorRT] WARNING: Missing scale and zero-point for tensor (Unnamed Layer* 101) [Shuffle]_output, expect fall back to non-int8 implementation for any layer consuming or producing given tensor
[TensorRT] WARNING: Missing scale and zero-point for tensor (Unnamed Layer* 102) [Softmax]_output, expect fall back to non-int8 implementation for any layer consuming or producing given tensor
[TensorRT] INFO: ---------- Layers Running on DLA ----------
[TensorRT] INFO: ---------- Layers Running on GPU ----------
[TensorRT] INFO: [GpuLayer] /model.0/conv/Conv
[TensorRT] INFO: [GpuLayer] PWN(PWN(/model.0/act/Sigmoid), /model.0/act/Mul)
[TensorRT] INFO: [GpuLayer] /model.1/conv/Conv
[TensorRT] INFO: [GpuLayer] PWN(PWN(/model.1/act/Sigmoid), /model.1/act/Mul)
[TensorRT] INFO: [GpuLayer] /model.2/cv1/conv/Conv
[TensorRT] INFO: [GpuLayer] PWN(PWN(/model.2/cv1/act/Sigmoid), /model.2/cv1/act/Mul)
[TensorRT] INFO: [GpuLayer] /model.2/Split
[TensorRT] INFO: [GpuLayer] /model.2/Split_0
[TensorRT] INFO: [GpuLayer] /model.2/m.0/cv1/conv/Conv
[TensorRT] INFO: [GpuLayer] PWN(PWN(/model.2/m.0/cv1/act/Sigmoid), /model.2/m.0/cv1/act/Mul)
[TensorRT] INFO: [GpuLayer] /model.2/m.0/cv2/conv/Conv
[TensorRT] INFO: [GpuLayer] PWN(PWN(PWN(/model.2/m.0/cv2/act/Sigmoid), /model.2/m.0/cv2/act/Mul), /model.2/m.0/Add)
[TensorRT] INFO: [GpuLayer] /model.2/Split_output_1 copy
[TensorRT] INFO: [GpuLayer] /model.2/cv2/conv/Conv
[TensorRT] INFO: [GpuLayer] PWN(PWN(/model.2/cv2/act/Sigmoid), /model.2/cv2/act/Mul)
[TensorRT] INFO: [GpuLayer] /model.3/conv/Conv
[TensorRT] INFO: [GpuLayer] PWN(PWN(/model.3/act/Sigmoid), /model.3/act/Mul)
[TensorRT] INFO: [GpuLayer] /model.4/cv1/conv/Conv
[TensorRT] INFO: [GpuLayer] PWN(PWN(/model.4/cv1/act/Sigmoid), /model.4/cv1/act/Mul)
[TensorRT] INFO: [GpuLayer] /model.4/Split
[TensorRT] INFO: [GpuLayer] /model.4/Split_1
[TensorRT] INFO: [GpuLayer] /model.4/m.0/cv1/conv/Conv
[TensorRT] INFO: [GpuLayer] PWN(PWN(/model.4/m.0/cv1/act/Sigmoid), /model.4/m.0/cv1/act/Mul)
[TensorRT] INFO: [GpuLayer] /model.4/m.0/cv2/conv/Conv
[TensorRT] INFO: [GpuLayer] PWN(PWN(PWN(/model.4/m.0/cv2/act/Sigmoid), /model.4/m.0/cv2/act/Mul), /model.4/m.0/Add)
[TensorRT] INFO: [GpuLayer] /model.4/m.1/cv1/conv/Conv
[TensorRT] INFO: [GpuLayer] PWN(PWN(/model.4/m.1/cv1/act/Sigmoid), /model.4/m.1/cv1/act/Mul)
[TensorRT] INFO: [GpuLayer] /model.4/m.1/cv2/conv/Conv
[TensorRT] INFO: [GpuLayer] PWN(PWN(PWN(/model.4/m.1/cv2/act/Sigmoid), /model.4/m.1/cv2/act/Mul), /model.4/m.1/Add)
[TensorRT] INFO: [GpuLayer] /model.4/Split_output_1 copy
[TensorRT] INFO: [GpuLayer] /model.4/m.0/Add_output_0 copy
[TensorRT] INFO: [GpuLayer] /model.4/cv2/conv/Conv
[TensorRT] INFO: [GpuLayer] PWN(PWN(/model.4/cv2/act/Sigmoid), /model.4/cv2/act/Mul)
[TensorRT] INFO: [GpuLayer] /model.5/conv/Conv
[TensorRT] INFO: [GpuLayer] PWN(PWN(/model.5/act/Sigmoid), /model.5/act/Mul)
[TensorRT] INFO: [GpuLayer] /model.6/cv1/conv/Conv
[TensorRT] INFO: [GpuLayer] PWN(PWN(/model.6/cv1/act/Sigmoid), /model.6/cv1/act/Mul)
[TensorRT] INFO: [GpuLayer] /model.6/Split
[TensorRT] INFO: [GpuLayer] /model.6/Split_2
[TensorRT] INFO: [GpuLayer] /model.6/m.0/cv1/conv/Conv
[TensorRT] INFO: [GpuLayer] PWN(PWN(/model.6/m.0/cv1/act/Sigmoid), /model.6/m.0/cv1/act/Mul)
[TensorRT] INFO: [GpuLayer] /model.6/m.0/cv2/conv/Conv
[TensorRT] INFO: [GpuLayer] PWN(PWN(PWN(/model.6/m.0/cv2/act/Sigmoid), /model.6/m.0/cv2/act/Mul), /model.6/m.0/Add)
[TensorRT] INFO: [GpuLayer] /model.6/m.1/cv1/conv/Conv
[TensorRT] INFO: [GpuLayer] PWN(PWN(/model.6/m.1/cv1/act/Sigmoid), /model.6/m.1/cv1/act/Mul)
[TensorRT] INFO: [GpuLayer] /model.6/m.1/cv2/conv/Conv
[TensorRT] INFO: [GpuLayer] PWN(PWN(PWN(/model.6/m.1/cv2/act/Sigmoid), /model.6/m.1/cv2/act/Mul), /model.6/m.1/Add)
[TensorRT] INFO: [GpuLayer] /model.6/Split_output_1 copy
[TensorRT] INFO: [GpuLayer] /model.6/m.0/Add_output_0 copy
[TensorRT] INFO: [GpuLayer] /model.6/cv2/conv/Conv
[TensorRT] INFO: [GpuLayer] PWN(PWN(/model.6/cv2/act/Sigmoid), /model.6/cv2/act/Mul)
[TensorRT] INFO: [GpuLayer] /model.7/conv/Conv
[TensorRT] INFO: [GpuLayer] PWN(PWN(/model.7/act/Sigmoid), /model.7/act/Mul)
[TensorRT] INFO: [GpuLayer] /model.8/cv1/conv/Conv
[TensorRT] INFO: [GpuLayer] PWN(PWN(/model.8/cv1/act/Sigmoid), /model.8/cv1/act/Mul)
[TensorRT] INFO: [GpuLayer] /model.8/Split
[TensorRT] INFO: [GpuLayer] /model.8/Split_3
[TensorRT] INFO: [GpuLayer] /model.8/m.0/cv1/conv/Conv
[TensorRT] INFO: [GpuLayer] PWN(PWN(/model.8/m.0/cv1/act/Sigmoid), /model.8/m.0/cv1/act/Mul)
[TensorRT] INFO: [GpuLayer] /model.8/m.0/cv2/conv/Conv
[TensorRT] INFO: [GpuLayer] PWN(PWN(PWN(/model.8/m.0/cv2/act/Sigmoid), /model.8/m.0/cv2/act/Mul), /model.8/m.0/Add)
[TensorRT] INFO: [GpuLayer] /model.8/Split_output_1 copy
[TensorRT] INFO: [GpuLayer] /model.8/cv2/conv/Conv
[TensorRT] INFO: [GpuLayer] PWN(PWN(/model.8/cv2/act/Sigmoid), /model.8/cv2/act/Mul)
[TensorRT] INFO: [GpuLayer] /model.9/conv/conv/Conv
[TensorRT] INFO: [GpuLayer] PWN(PWN(/model.9/conv/act/Sigmoid), /model.9/conv/act/Mul)
[TensorRT] INFO: [GpuLayer] /model.9/pool/GlobalAveragePool
[TensorRT] INFO: [GpuLayer] /model.9/linear/Gemm
[TensorRT] INFO: [GpuLayer] (Unnamed Layer* 100) [Shuffle] + (Unnamed Layer* 101) [Shuffle]
[TensorRT] INFO: [GpuLayer] /model.9/Softmax
[TensorRT] INFO: [MemUsageChange] Init cuBLAS/cuBLASLt: CPU +0, GPU +0, now: CPU 930, GPU 3852 (MiB)
[TensorRT] INFO: [MemUsageChange] Init cuDNN: CPU +0, GPU +0, now: CPU 930, GPU 3852 (MiB)
[TensorRT] WARNING: Detected invalid timing cache, setup a local cache instead
[TensorRT] INFO: Some tactics do not have sufficient workspace memory to run. Increasing workspace size may increase performance, please check verbose output.
[TensorRT] INFO: Detected 1 inputs and 1 output network tensors.
[TensorRT] INFO: Total Host Persistent Memory: 51360
[TensorRT] INFO: Total Device Persistent Memory: 2797568
[TensorRT] INFO: Total Scratch Memory: 5120
[TensorRT] INFO: [MemUsageStats] Peak memory usage of TRT CPU/GPU memory allocators: CPU 3 MiB, GPU 221 MiB
[TensorRT] INFO: [MemUsageChange] Init cuBLAS/cuBLASLt: CPU +0, GPU +0, now: CPU 939, GPU 3858 (MiB)
[TensorRT] INFO: [MemUsageChange] Init cuDNN: CPU +0, GPU +0, now: CPU 939, GPU 3858 (MiB)
[TensorRT] INFO: [MemUsageChange] Init cuBLAS/cuBLASLt: CPU +0, GPU +0, now: CPU 939, GPU 3858 (MiB)
[TensorRT] INFO: [MemUsageChange] Init cuBLAS/cuBLASLt: CPU +0, GPU +0, now: CPU 939, GPU 3858 (MiB)
[TensorRT] INFO: [MemUsageSnapshot] Builder end: CPU 938 MiB, GPU 3858 MiB
Using 500 calibration images
Wrote engines/tomato_yolov8n_cls_domainmix_pd5_umair_hard_int8_50pc.engine
