RAM 2593/3964MB (lfb 2x2MB) SWAP 1980/1982MB (cached 3MB) CPU [76%@204,4%@204,0%@204,8%@1479] EMC_FREQ 0% GR3D_FREQ 0% PLL@47C CPU@51C PMIC@50C GPU@49C AO@57C thermal@48.5C POM_5V_IN 3016/3016 POM_5V_GPU 81/81 POM_5V_CPU 854/854
RAM 2593/3964MB (lfb 2x2MB) SWAP 1980/1982MB (cached 3MB) CPU [12%@518,0%@518,3%@518,0%@518] EMC_FREQ 0% GR3D_FREQ 0% PLL@46C CPU@49.5C PMIC@50C GPU@49C AO@56C thermal@48.5C POM_5V_IN 2283/2649 POM_5V_GPU 81/81 POM_5V_CPU 285/569
RAM 2593/3964MB (lfb 2x2MB) SWAP 1980/1982MB (cached 3MB) CPU [20%@102,11%@102,3%@102,0%@102] EMC_FREQ 0% GR3D_FREQ 0% PLL@45.5C CPU@49C PMIC@50C GPU@48.5C AO@56C thermal@48.75C POM_5V_IN 2242/2513 POM_5V_GPU 81/81 POM_5V_CPU 244/461
RAM 2593/3964MB (lfb 2x2MB) SWAP 1980/1982MB (cached 3MB) CPU [11%@102,10%@102,3%@102,3%@102] EMC_FREQ 0% GR3D_FREQ 0% PLL@45.5C CPU@49C PMIC@50C GPU@48.5C AO@55.5C thermal@48.75C POM_5V_IN 2201/2435 POM_5V_GPU 81/81 POM_5V_CPU 244/406
RAM 2593/3964MB (lfb 2x2MB) SWAP 1980/1982MB (cached 3MB) CPU [14%@102,3%@102,3%@102,0%@102] EMC_FREQ 0% GR3D_FREQ 0% PLL@45.5C CPU@48.5C PMIC@50C GPU@48.5C AO@55.5C thermal@48.75C POM_5V_IN 2201/2388 POM_5V_GPU 81/81 POM_5V_CPU 203/366
RAM 2593/3964MB (lfb 2x2MB) SWAP 1980/1982MB (cached 3MB) CPU [12%@102,3%@102,3%@102,3%@102] EMC_FREQ 0% GR3D_FREQ 0% PLL@45.5C CPU@48.5C PMIC@50C GPU@48C AO@55.5C thermal@48.75C POM_5V_IN 2201/2357 POM_5V_GPU 81/81 POM_5V_CPU 203/338
RAM 2593/3964MB (lfb 2x2MB) SWAP 1980/1982MB (cached 3MB) CPU [14%@102,7%@102,3%@102,0%@102] EMC_FREQ 0% GR3D_FREQ 0% PLL@45.5C CPU@48.5C PMIC@50C GPU@48C AO@55C thermal@48C POM_5V_IN 2201/2335 POM_5V_GPU 81/81 POM_5V_CPU 203/319
RAM 2594/3964MB (lfb 2x2MB) SWAP 1980/1982MB (cached 3MB) CPU [28%@307,4%@307,8%@307,20%@307] EMC_FREQ 0% GR3D_FREQ 0% PLL@46C CPU@48.5C PMIC@50C GPU@48C AO@55.5C thermal@48C POM_5V_IN 2649/2374 POM_5V_GPU 81/81 POM_5V_CPU 407/330
RAM 2639/3964MB (lfb 27x1MB) SWAP 1980/1982MB (cached 3MB) CPU [50%@1479,36%@1479,8%@1479,8%@1479] EMC_FREQ 0% GR3D_FREQ 8% PLL@46.5C CPU@50.5C PMIC@50C GPU@48.5C AO@56.5C thermal@48C POM_5V_IN 3337/2481 POM_5V_GPU 122/85 POM_5V_CPU 1058/411
RAM 2673/3964MB (lfb 27x1MB) SWAP 1980/1982MB (cached 3MB) CPU [86%@1479,8%@1479,4%@1479,12%@1479] EMC_FREQ 0% GR3D_FREQ 0% PLL@47.5C CPU@53C PMIC@50C GPU@49C AO@57.5C thermal@48C POM_5V_IN 3500/2583 POM_5V_GPU 122/89 POM_5V_CPU 1302/500
RAM 2697/3964MB (lfb 27x1MB) SWAP 1980/1982MB (cached 3MB) CPU [83%@1479,11%@1479,8%@1479,11%@1479] EMC_FREQ 0% GR3D_FREQ 47% PLL@47.5C CPU@53C PMIC@50C GPU@49.5C AO@57C thermal@51.25C POM_5V_IN 3500/2666 POM_5V_GPU 162/95 POM_5V_CPU 1221/565
RAM 2720/3964MB (lfb 27x1MB) SWAP 1980/1982MB (cached 3MB) CPU [52%@1479,8%@1479,11%@1479,44%@1479] EMC_FREQ 0% GR3D_FREQ 87% PLL@48C CPU@52.5C PMIC@50C GPU@50C AO@57.5C thermal@51.25C POM_5V_IN 3622/2746 POM_5V_GPU 244/108 POM_5V_CPU 1465/640
RAM 2750/3964MB (lfb 27x1MB) SWAP 1980/1982MB (cached 3MB) CPU [34%@1479,50%@1479,12%@1479,14%@1479] EMC_FREQ 0% GR3D_FREQ 11% PLL@48C CPU@52.5C PMIC@50C GPU@50C AO@57.5C thermal@51.25C POM_5V_IN 3581/2810 POM_5V_GPU 122/109 POM_5V_CPU 1221/685
RAM 2777/3964MB (lfb 27x1MB) SWAP 1980/1982MB (cached 3MB) CPU [24%@1479,72%@1479,14%@1479,30%@1479] EMC_FREQ 0% GR3D_FREQ 0% PLL@48.5C CPU@51.5C PMIC@50C GPU@50C AO@57.5C thermal@51.25C POM_5V_IN 3581/2865 POM_5V_GPU 162/113 POM_5V_CPU 1424/738
RAM 2811/3964MB (lfb 26x1MB) SWAP 1980/1982MB (cached 3MB) CPU [20%@1479,50%@1479,19%@1479,37%@1479] EMC_FREQ 0% GR3D_FREQ 26% PLL@48.5C CPU@53.5C PMIC@50C GPU@50.5C AO@57.5C thermal@51.25C POM_5V_IN 3622/2915 POM_5V_GPU 162/116 POM_5V_CPU 1343/778
RAM 2829/3964MB (lfb 26x1MB) SWAP 1980/1982MB (cached 3MB) CPU [36%@1479,30%@1479,48%@1479,4%@1479] EMC_FREQ 0% GR3D_FREQ 16% PLL@48.5C CPU@53.5C PMIC@50C GPU@50.5C AO@58C thermal@51.25C POM_5V_IN 3704/2965 POM_5V_GPU 203/121 POM_5V_CPU 1506/823
RAM 2859/3964MB (lfb 26x1MB) SWAP 1980/1982MB (cached 3MB) CPU [19%@1479,36%@1479,12%@1479,38%@1479] EMC_FREQ 0% GR3D_FREQ 0% PLL@48.5C CPU@52C PMIC@50C GPU@50.5C AO@57.5C thermal@51.25C POM_5V_IN 3419/2991 POM_5V_GPU 122/121 POM_5V_CPU 1058/837
RAM 2873/3964MB (lfb 26x1MB) SWAP 1980/1982MB (cached 3MB) CPU [8%@1479,64%@1479,8%@1479,26%@1479] EMC_FREQ 0% GR3D_FREQ 0% PLL@49C CPU@52C PMIC@50C GPU@50.5C AO@58C thermal@51.25C POM_5V_IN 3419/3015 POM_5V_GPU 122/121 POM_5V_CPU 1058/849
RAM 2893/3964MB (lfb 26x1MB) SWAP 1980/1982MB (cached 3MB) CPU [12%@614,46%@614,38%@1479,23%@1479] EMC_FREQ 0% GR3D_FREQ 32% PLL@48.5C CPU@52C PMIC@50C GPU@51C AO@58C thermal@51.25C POM_5V_IN 3663/3049 POM_5V_GPU 203/126 POM_5V_CPU 1383/878
RAM 2920/3964MB (lfb 26x1MB) SWAP 1980/1982MB (cached 3MB) CPU [12%@1479,24%@1479,33%@1479,37%@1479] EMC_FREQ 0% GR3D_FREQ 41% PLL@49.5C CPU@52C PMIC@50C GPU@50.5C AO@58C thermal@51.75C POM_5V_IN 3663/3080 POM_5V_GPU 162/127 POM_5V_CPU 1221/895
RAM 2947/3964MB (lfb 26x1MB) SWAP 1980/1982MB (cached 3MB) CPU [12%@1479,57%@1479,12%@1479,32%@1479] EMC_FREQ 0% GR3D_FREQ 44% PLL@49C CPU@52.5C PMIC@50C GPU@51C AO@58C thermal@51.75C POM_5V_IN 3622/3106 POM_5V_GPU 162/129 POM_5V_CPU 1261/912
RAM 2976/3964MB (lfb 26x1MB) SWAP 1980/1982MB (cached 3MB) CPU [16%@1479,41%@1479,20%@1479,25%@1479] EMC_FREQ 0% GR3D_FREQ 16% PLL@49C CPU@53.5C PMIC@50C GPU@50.5C AO@58C thermal@51.75C POM_5V_IN 3663/3131 POM_5V_GPU 162/130 POM_5V_CPU 1343/932
RAM 3005/3964MB (lfb 26x1MB) SWAP 1980/1982MB (cached 3MB) CPU [11%@1479,36%@1479,38%@1479,25%@1479] EMC_FREQ 0% GR3D_FREQ 33% PLL@49C CPU@52C PMIC@50C GPU@50.5C AO@58C thermal@51.75C POM_5V_IN 3663/3154 POM_5V_GPU 162/132 POM_5V_CPU 1221/944
RAM 3030/3964MB (lfb 26x1MB) SWAP 1980/1982MB (cached 3MB) CPU [16%@825,44%@825,4%@825,44%@825] EMC_FREQ 0% GR3D_FREQ 4% PLL@49C CPU@53C PMIC@50C GPU@51C AO@58C thermal@52C POM_5V_IN 3581/3172 POM_5V_GPU 162/133 POM_5V_CPU 1261/957
RAM 3057/3964MB (lfb 26x1MB) SWAP 1980/1982MB (cached 3MB) CPU [19%@1479,42%@1479,12%@1479,47%@1479] EMC_FREQ 0% GR3D_FREQ 50% PLL@49.5C CPU@53C PMIC@50C GPU@51C AO@58C thermal@52C POM_5V_IN 3704/3193 POM_5V_GPU 244/137 POM_5V_CPU 1465/978
RAM 3065/3964MB (lfb 26x1MB) SWAP 1980/1982MB (cached 3MB) CPU [15%@1479,88%@1479,4%@1479,16%@1479] EMC_FREQ 0% GR3D_FREQ 4% PLL@49C CPU@53.5C PMIC@50C GPU@51C AO@58.5C thermal@52C POM_5V_IN 3541/3206 POM_5V_GPU 162/138 POM_5V_CPU 1221/987
RAM 3102/3964MB (lfb 26x1MB) SWAP 1980/1982MB (cached 3MB) CPU [8%@1479,18%@1479,77%@1479,21%@1479] EMC_FREQ 0% GR3D_FREQ 51% PLL@49.5C CPU@52C PMIC@50C GPU@51C AO@58C thermal@52C POM_5V_IN 3744/3226 POM_5V_GPU 162/139 POM_5V_CPU 1465/1005
RAM 3115/3964MB (lfb 9x1MB) SWAP 1980/1982MB (cached 3MB) CPU [29%@1479,19%@1479,4%@1479,72%@1479] EMC_FREQ 0% GR3D_FREQ 0% PLL@49.5C CPU@53.5C PMIC@50C GPU@51C AO@58C thermal@52C POM_5V_IN 3866/3249 POM_5V_GPU 122/139 POM_5V_CPU 1544/1024
RAM 3113/3964MB (lfb 11x1MB) SWAP 1980/1982MB (cached 3MB) CPU [26%@1479,55%@1479,12%@1479,43%@1479] EMC_FREQ 0% GR3D_FREQ 47% PLL@49.5C CPU@53.5C PMIC@50C GPU@51.5C AO@58.5C thermal@51.75C POM_5V_IN 3744/3266 POM_5V_GPU 244/142 POM_5V_CPU 1544/1042
RAM 3116/3964MB (lfb 8x1MB) SWAP 1980/1982MB (cached 3MB) CPU [12%@1479,32%@1479,45%@1479,33%@1479] EMC_FREQ 0% GR3D_FREQ 42% PLL@50C CPU@53.5C PMIC@50C GPU@51.5C AO@58.5C thermal@51.75C POM_5V_IN 3704/3281 POM_5V_GPU 162/143 POM_5V_CPU 1302/1051
RAM 3118/3964MB (lfb 3x1MB) SWAP 1980/1982MB (cached 3MB) CPU [12%@1479,20%@1479,84%@1479,26%@1479] EMC_FREQ 0% GR3D_FREQ 49% PLL@50C CPU@53C PMIC@50C GPU@51.5C AO@58.5C thermal@51.75C POM_5V_IN 3866/3300 POM_5V_GPU 162/143 POM_5V_CPU 1584/1068
RAM 3130/3964MB (lfb 3x1MB) SWAP 1980/1982MB (cached 3MB) CPU [25%@1132,19%@1132,55%@1132,12%@1132] EMC_FREQ 0% GR3D_FREQ 98% PLL@49.5C CPU@52.5C PMIC@50C GPU@51.5C AO@58.5C thermal@51.75C POM_5V_IN 3337/3301 POM_5V_GPU 325/149 POM_5V_CPU 895/1062
RAM 3130/3964MB (lfb 3x1MB) SWAP 1980/1982MB (cached 3MB) CPU [19%@1479,66%@1479,12%@1479,8%@1479] EMC_FREQ 0% GR3D_FREQ 99% PLL@50.5C CPU@54C PMIC@50C GPU@54C AO@59C thermal@52.5C POM_5V_IN 6979/3412 POM_5V_GPU 3038/237 POM_5V_CPU 1458/1074
RAM 3130/3964MB (lfb 1x2MB) SWAP 1980/1982MB (cached 3MB) CPU [15%@1479,84%@1479,32%@1479,16%@1479] EMC_FREQ 0% GR3D_FREQ 98% PLL@52C CPU@56C PMIC@50C GPU@56.5C AO@60.5C thermal@52.5C POM_5V_IN 7587/3535 POM_5V_GPU 3484/332 POM_5V_CPU 1579/1089
RAM 3130/3964MB (lfb 1x2MB) SWAP 1980/1982MB (cached 3MB) CPU [20%@1479,77%@1479,30%@1479,8%@1479] EMC_FREQ 0% GR3D_FREQ 99% PLL@53C CPU@57C PMIC@50C GPU@58C AO@62C thermal@52.5C POM_5V_IN 7668/3653 POM_5V_GPU 3524/423 POM_5V_CPU 1620/1104
RAM 3130/3964MB (lfb 1x2MB) SWAP 1980/1982MB (cached 3MB) CPU [60%@1479,36%@1479,8%@1479,20%@1479] EMC_FREQ 0% GR3D_FREQ 99% PLL@54C CPU@58C PMIC@50C GPU@59C AO@63C thermal@52.5C POM_5V_IN 7656/3764 POM_5V_GPU 3524/509 POM_5V_CPU 1620/1119
RAM 3130/3964MB (lfb 1x2MB) SWAP 1980/1982MB (cached 3MB) CPU [72%@1479,30%@1479,13%@1479,36%@1479] EMC_FREQ 0% GR3D_FREQ 98% PLL@54.5C CPU@59C PMIC@50C GPU@60C AO@63.5C thermal@59.5C POM_5V_IN 7697/3871 POM_5V_GPU 3565/592 POM_5V_CPU 1579/1131
RAM 3130/3964MB (lfb 1x2MB) SWAP 1980/1982MB (cached 3MB) CPU [51%@1036,29%@1036,20%@1036,62%@1036] EMC_FREQ 0% GR3D_FREQ 99% PLL@55C CPU@60C PMIC@50C GPU@60C AO@64.5C thermal@59.5C POM_5V_IN 7737/3972 POM_5V_GPU 3565/670 POM_5V_CPU 1620/1144
RAM 3130/3964MB (lfb 1x2MB) SWAP 1980/1982MB (cached 3MB) CPU [29%@921,32%@921,40%@921,57%@921] EMC_FREQ 0% GR3D_FREQ 98% PLL@56C CPU@61C PMIC@50C GPU@61C AO@65C thermal@59.5C POM_5V_IN 7778/4070 POM_5V_GPU 3565/744 POM_5V_CPU 1620/1156
RAM 3130/3964MB (lfb 1x2MB) SWAP 1980/1982MB (cached 3MB) CPU [38%@1479,25%@1479,25%@1479,48%@1479] EMC_FREQ 0% GR3D_FREQ 99% PLL@56.5C CPU@61C PMIC@50C GPU@61.5C AO@65C thermal@59.5C POM_5V_IN 7859/4165 POM_5V_GPU 3605/816 POM_5V_CPU 1701/1170
RAM 3130/3964MB (lfb 1x2MB) SWAP 1980/1982MB (cached 3MB) CPU [68%@1479,20%@1479,12%@1479,30%@1479] EMC_FREQ 0% GR3D_FREQ 98% PLL@57C CPU@61.5C PMIC@50C GPU@62.5C AO@66C thermal@59.5C POM_5V_IN 7859/4255 POM_5V_GPU 3605/884 POM_5V_CPU 1701/1183
RAM 3130/3964MB (lfb 1x2MB) SWAP 1980/1982MB (cached 3MB) CPU [61%@921,29%@921,24%@921,30%@921] EMC_FREQ 0% GR3D_FREQ 98% PLL@57.5C CPU@62.5C PMIC@50C GPU@62.5C AO@66.5C thermal@61.75C POM_5V_IN 7859/4340 POM_5V_GPU 3605/949 POM_5V_CPU 1742/1196
RAM 3130/3964MB (lfb 1x2MB) SWAP 1980/1982MB (cached 3MB) CPU [20%@1479,32%@1479,46%@1479,50%@1479] EMC_FREQ 0% GR3D_FREQ 99% PLL@58C CPU@63C PMIC@50C GPU@63C AO@66.5C thermal@61.75C POM_5V_IN 7778/4420 POM_5V_GPU 3646/1011 POM_5V_CPU 1579/1205
RAM 3130/3964MB (lfb 1x2MB) SWAP 1980/1982MB (cached 3MB) CPU [29%@1224,28%@1224,45%@1224,48%@1224] EMC_FREQ 0% GR3D_FREQ 98% PLL@58.5C CPU@63C PMIC@50C GPU@63.5C AO@67C thermal@61.75C POM_5V_IN 7818/4498 POM_5V_GPU 3646/1071 POM_5V_CPU 1620/1214
RAM 3130/3964MB (lfb 1x2MB) SWAP 1980/1982MB (cached 3MB) CPU [29%@1479,35%@1479,25%@1479,72%@1479] EMC_FREQ 0% GR3D_FREQ 98% PLL@58.5C CPU@64C PMIC@50C GPU@63.5C AO@67C thermal@61.75C POM_5V_IN 7859/4572 POM_5V_GPU 3646/1129 POM_5V_CPU 1620/1223
RAM 3130/3964MB (lfb 1x2MB) SWAP 1980/1982MB (cached 3MB) CPU [24%@1479,21%@1479,62%@1479,25%@1479] EMC_FREQ 0% GR3D_FREQ 98% PLL@59C CPU@64C PMIC@50C GPU@64C AO@67.5C thermal@64.25C POM_5V_IN 7818/4643 POM_5V_GPU 3646/1183 POM_5V_CPU 1579/1231
RAM 3130/3964MB (lfb 1x2MB) SWAP 1980/1982MB (cached 3MB) CPU [28%@1132,34%@1132,72%@1132,13%@1132] EMC_FREQ 0% GR3D_FREQ 98% PLL@59C CPU@64.5C PMIC@50C GPU@64.5C AO@68C thermal@64.25C POM_5V_IN 7859/4711 POM_5V_GPU 3646/1236 POM_5V_CPU 1620/1239
RAM 3130/3964MB (lfb 1x2MB) SWAP 1980/1982MB (cached 3MB) CPU [33%@1479,24%@1479,31%@1479,44%@1479] EMC_FREQ 0% GR3D_FREQ 99% PLL@59.5C CPU@64.5C PMIC@50C GPU@65C AO@68C thermal@64.25C POM_5V_IN 7940/4778 POM_5V_GPU 3686/1287 POM_5V_CPU 1701/1249
RAM 3130/3964MB (lfb 1x2MB) SWAP 1980/1982MB (cached 3MB) CPU [45%@1479,25%@1479,16%@1479,48%@1479] EMC_FREQ 0% GR3D_FREQ 98% PLL@60C CPU@65C PMIC@50C GPU@65C AO@69C thermal@64.25C POM_5V_IN 7940/4843 POM_5V_GPU 3686/1336 POM_5V_CPU 1660/1257
RAM 3130/3964MB (lfb 1x2MB) SWAP 1980/1982MB (cached 3MB) CPU [60%@1479,30%@1479,37%@1479,19%@1479] EMC_FREQ 0% GR3D_FREQ 98% PLL@60.5C CPU@65.5C PMIC@50C GPU@65.5C AO@69C thermal@64.25C POM_5V_IN 8061/4907 POM_5V_GPU 3686/1383 POM_5V_CPU 1782/1268
RAM 3130/3964MB (lfb 1x2MB) SWAP 1980/1982MB (cached 3MB) CPU [31%@1479,35%@1479,20%@1479,52%@1479] EMC_FREQ 0% GR3D_FREQ 98% PLL@60.5C CPU@65.5C PMIC@50C GPU@66C AO@69C thermal@65.5C POM_5V_IN 7940/4967 POM_5V_GPU 3686/1428 POM_5V_CPU 1620/1275
RAM 3130/3964MB (lfb 1x2MB) SWAP 1980/1982MB (cached 3MB) CPU [20%@1479,8%@1479,53%@1479,53%@1479] EMC_FREQ 0% GR3D_FREQ 99% PLL@61C CPU@66.5C PMIC@50C GPU@66C AO@69.5C thermal@65.5C POM_5V_IN 7940/5024 POM_5V_GPU 3727/1472 POM_5V_CPU 1660/1282
RAM 3130/3964MB (lfb 1x2MB) SWAP 1980/1982MB (cached 3MB) CPU [29%@1479,7%@1479,100%@1479,15%@1479] EMC_FREQ 0% GR3D_FREQ 99% PLL@61C CPU@67C PMIC@50C GPU@66.5C AO@70C thermal@65.5C POM_5V_IN 7899/5078 POM_5V_GPU 3727/1515 POM_5V_CPU 1579/1288
RAM 3130/3964MB (lfb 1x2MB) SWAP 1980/1982MB (cached 3MB) CPU [28%@1479,20%@1479,100%@1479,24%@1479] EMC_FREQ 0% GR3D_FREQ 97% PLL@61.5C CPU@67C PMIC@50C GPU@66.5C AO@70C thermal@65.5C POM_5V_IN 7899/5130 POM_5V_GPU 3484/1551 POM_5V_CPU 1823/1298
RAM 3130/3964MB (lfb 1x2MB) SWAP 1980/1982MB (cached 3MB) CPU [17%@1479,11%@1479,92%@1479,13%@1479] EMC_FREQ 0% GR3D_FREQ 98% PLL@61.5C CPU@67C PMIC@50C GPU@67C AO@70.5C thermal@67C POM_5V_IN 7940/5182 POM_5V_GPU 3686/1590 POM_5V_CPU 1660/1304
RAM 3130/3964MB (lfb 1x2MB) SWAP 1980/1982MB (cached 3MB) CPU [24%@710,28%@921,20%@921,62%@921] EMC_FREQ 0% GR3D_FREQ 98% PLL@62C CPU@67C PMIC@50C GPU@67C AO@70.5C thermal@67C POM_5V_IN 7940/5231 POM_5V_GPU 3646/1626 POM_5V_CPU 1660/1310
RAM 3130/3964MB (lfb 1x2MB) SWAP 1980/1982MB (cached 3MB) CPU [20%@921,36%@921,28%@921,57%@921] EMC_FREQ 0% GR3D_FREQ 98% PLL@62.5C CPU@67.5C PMIC@50C GPU@67C AO@70.5C thermal@67C POM_5V_IN 8021/5280 POM_5V_GPU 3646/1662 POM_5V_CPU 1782/1319
RAM 3130/3964MB (lfb 1x2MB) SWAP 1980/1982MB (cached 3MB) CPU [66%@1479,24%@1479,17%@1479,24%@1479] EMC_FREQ 0% GR3D_FREQ 98% PLL@62.5C CPU@67.5C PMIC@50C GPU@67C AO@71C thermal@67C POM_5V_IN 8021/5327 POM_5V_GPU 3646/1696 POM_5V_CPU 1782/1327
RAM 3130/3964MB (lfb 1x2MB) SWAP 1980/1982MB (cached 3MB) CPU [40%@1479,20%@1479,21%@1479,61%@1479] EMC_FREQ 0% GR3D_FREQ 98% PLL@62.5C CPU@67.5C PMIC@50C GPU@67.5C AO@71C thermal@67.5C POM_5V_IN 7940/5371 POM_5V_GPU 3646/1729 POM_5V_CPU 1701/1333
RAM 3130/3964MB (lfb 1x2MB) SWAP 1980/1982MB (cached 3MB) CPU [50%@1428,29%@1428,20%@1428,33%@1428] EMC_FREQ 0% GR3D_FREQ 98% PLL@62.5C CPU@68C PMIC@50C GPU@68C AO@71.5C thermal@67.5C POM_5V_IN 8102/5417 POM_5V_GPU 3686/1762 POM_5V_CPU 1742/1340
RAM 3130/3964MB (lfb 1x2MB) SWAP 1980/1982MB (cached 3MB) CPU [16%@1479,66%@1479,21%@1479,23%@1479] EMC_FREQ 0% GR3D_FREQ 98% PLL@63C CPU@68C PMIC@50C GPU@68C AO@72C thermal@67.5C POM_5V_IN 8061/5460 POM_5V_GPU 3646/1793 POM_5V_CPU 1782/1347
RAM 3130/3964MB (lfb 1x2MB) SWAP 1980/1982MB (cached 3MB) CPU [18%@1479,33%@1479,29%@1479,56%@1479] EMC_FREQ 0% GR3D_FREQ 98% PLL@63C CPU@68.5C PMIC@50C GPU@68.5C AO@72C thermal@67.5C POM_5V_IN 8061/5502 POM_5V_GPU 3646/1823 POM_5V_CPU 1782/1354
RAM 3130/3964MB (lfb 1x2MB) SWAP 1980/1982MB (cached 3MB) CPU [74%@1479,28%@1479,17%@1479,30%@1479] EMC_FREQ 0% GR3D_FREQ 99% PLL@63C CPU@69C PMIC@50C GPU@68.5C AO@72.5C thermal@67.5C POM_5V_IN 8021/5542 POM_5V_GPU 3686/1852 POM_5V_CPU 1742/1360
RAM 3130/3964MB (lfb 1x2MB) SWAP 1980/1982MB (cached 3MB) CPU [30%@1479,58%@1479,30%@1479,23%@1479] EMC_FREQ 0% GR3D_FREQ 98% PLL@63.5C CPU@69C PMIC@50C GPU@68.5C AO@72.5C thermal@68.75C POM_5V_IN 8142/5583 POM_5V_GPU 3686/1881 POM_5V_CPU 1820/1367
RAM 3130/3964MB (lfb 1x2MB) SWAP 1980/1982MB (cached 3MB) CPU [55%@1479,26%@1479,30%@1479,40%@1479] EMC_FREQ 0% GR3D_FREQ 98% PLL@64C CPU@69.5C PMIC@50C GPU@69C AO@72.5C thermal@68.75C POM_5V_IN 8061/5621 POM_5V_GPU 3686/1909 POM_5V_CPU 1782/1374
RAM 3130/3964MB (lfb 1x2MB) SWAP 1980/1982MB (cached 3MB) CPU [59%@1479,20%@1479,24%@1479,41%@1479] EMC_FREQ 0% GR3D_FREQ 98% PLL@64C CPU@69C PMIC@50C GPU@69.5C AO@73C thermal@68.75C POM_5V_IN 8021/5657 POM_5V_GPU 3686/1935 POM_5V_CPU 1701/1379
RAM 3130/3964MB (lfb 1x2MB) SWAP 1980/1982MB (cached 3MB) CPU [14%@1479,48%@1479,17%@1479,46%@1479] EMC_FREQ 0% GR3D_FREQ 98% PLL@64C CPU@69C PMIC@50C GPU@69.5C AO@72.5C thermal@68.75C POM_5V_IN 8102/5694 POM_5V_GPU 3686/1962 POM_5V_CPU 1779/1385
RAM 3130/3964MB (lfb 1x2MB) SWAP 1980/1982MB (cached 3MB) CPU [30%@1479,33%@1479,20%@1479,50%@1479] EMC_FREQ 0% GR3D_FREQ 98% PLL@64.5C CPU@70C PMIC@50C GPU@69.5C AO@73C thermal@69.5C POM_5V_IN 8102/5729 POM_5V_GPU 3727/1988 POM_5V_CPU 1782/1391
RAM 3130/3964MB (lfb 1x2MB) SWAP 1980/1982MB (cached 3MB) CPU [29%@825,34%@825,20%@825,56%@825] EMC_FREQ 0% GR3D_FREQ 98% PLL@64.5C CPU@70C PMIC@50C GPU@69.5C AO@73C thermal@69.5C POM_5V_IN 8102/5763 POM_5V_GPU 3727/2013 POM_5V_CPU 1742/1396
RAM 3130/3964MB (lfb 1x2MB) SWAP 1980/1982MB (cached 3MB) CPU [55%@1479,34%@1479,30%@1479,23%@1479] EMC_FREQ 0% GR3D_FREQ 98% PLL@64.5C CPU@70C PMIC@50C GPU@69.5C AO@73C thermal@69.5C POM_5V_IN 8142/5797 POM_5V_GPU 3721/2037 POM_5V_CPU 1779/1401
RAM 3130/3964MB (lfb 1x2MB) SWAP 1980/1982MB (cached 3MB) CPU [23%@1479,57%@1479,29%@1479,25%@1479] EMC_FREQ 0% GR3D_FREQ 98% PLL@65C CPU@70.5C PMIC@50C GPU@70C AO@73.5C thermal@69.5C POM_5V_IN 8183/5831 POM_5V_GPU 3721/2061 POM_5V_CPU 1823/1407
RAM 3130/3964MB (lfb 1x2MB) SWAP 1980/1982MB (cached 3MB) CPU [26%@1479,54%@1479,10%@1479,30%@1479] EMC_FREQ 0% GR3D_FREQ 98% PLL@65C CPU@70.5C PMIC@50C GPU@70.5C AO@74C thermal@70.5C POM_5V_IN 8385/5866 POM_5V_GPU 3721/2084 POM_5V_CPU 1981/1415
RAM 3131/3964MB (lfb 1x2MB) SWAP 1978/1982MB (cached 3MB) CPU [40%@1479,46%@1479,46%@1479,92%@1479] EMC_FREQ 0% GR3D_FREQ 98% PLL@66C CPU@71C PMIC@50C GPU@70.5C AO@74C thermal@70.5C POM_5V_IN 8791/5906 POM_5V_GPU 3721/2106 POM_5V_CPU 2224/1426
RAM 3131/3964MB (lfb 1x2MB) SWAP 1978/1982MB (cached 3MB) CPU [40%@1479,77%@1479,37%@1479,40%@1479] EMC_FREQ 0% GR3D_FREQ 98% PLL@66C CPU@71.5C PMIC@50C GPU@71C AO@74.5C thermal@70.5C POM_5V_IN 8345/5939 POM_5V_GPU 3640/2127 POM_5V_CPU 1941/1433
RAM 3132/3964MB (lfb 1x2MB) SWAP 1978/1982MB (cached 3MB) CPU [26%@1479,61%@1479,18%@1479,24%@1479] EMC_FREQ 0% GR3D_FREQ 98% PLL@66C CPU@71C PMIC@50C GPU@71C AO@74C thermal@70.5C POM_5V_IN 8264/5970 POM_5V_GPU 3721/2148 POM_5V_CPU 1901/1439
RAM 3132/3964MB (lfb 1x2MB) SWAP 1978/1982MB (cached 3MB) CPU [36%@1479,65%@1479,25%@1479,16%@1479] EMC_FREQ 0% GR3D_FREQ 98% PLL@66C CPU@71C PMIC@50C GPU@71C AO@75C thermal@70.5C POM_5V_IN 8345/6002 POM_5V_GPU 3721/2169 POM_5V_CPU 1981/1446
RAM 3132/3964MB (lfb 1x2MB) SWAP 1978/1982MB (cached 3MB) CPU [53%@1479,44%@1479,29%@1479,19%@1479] EMC_FREQ 0% GR3D_FREQ 99% PLL@66C CPU@71.5C PMIC@50C GPU@71C AO@75.5C thermal@71C POM_5V_IN 8223/6030 POM_5V_GPU 3767/2190 POM_5V_CPU 1823/1451
RAM 3132/3964MB (lfb 1x2MB) SWAP 1978/1982MB (cached 3MB) CPU [48%@1224,29%@1224,21%@1224,42%@1224] EMC_FREQ 0% GR3D_FREQ 98% PLL@66C CPU@72C PMIC@50C GPU@71.5C AO@75C thermal@71C POM_5V_IN 8223/6059 POM_5V_GPU 3721/2209 POM_5V_CPU 1863/1457
RAM 3132/3964MB (lfb 1x2MB) SWAP 1978/1982MB (cached 3MB) CPU [32%@1479,30%@1479,28%@1479,46%@1479] EMC_FREQ 0% GR3D_FREQ 98% PLL@66.5C CPU@72C PMIC@50C GPU@72C AO@75.5C thermal@71C POM_5V_IN 8183/6085 POM_5V_GPU 3767/2229 POM_5V_CPU 1779/1461
RAM 3132/3964MB (lfb 1x2MB) SWAP 1978/1982MB (cached 3MB) CPU [16%@1479,72%@1479,32%@1479,32%@1479] EMC_FREQ 0% GR3D_FREQ 98% PLL@66.5C CPU@72C PMIC@50C GPU@72C AO@75.5C thermal@71C POM_5V_IN 8223/6112 POM_5V_GPU 3767/2248 POM_5V_CPU 1782/1465
RAM 3132/3964MB (lfb 1x2MB) SWAP 1978/1982MB (cached 3MB) CPU [28%@1224,52%@1224,20%@1224,33%@1224] EMC_FREQ 0% GR3D_FREQ 98% PLL@66.5C CPU@71.5C PMIC@50C GPU@71.5C AO@75.5C thermal@71.75C POM_5V_IN 8183/6138 POM_5V_GPU 3767/2267 POM_5V_CPU 1782/1469
RAM 3132/3964MB (lfb 1x2MB) SWAP 1978/1982MB (cached 3MB) CPU [17%@1479,76%@1479,32%@1479,24%@1479] EMC_FREQ 0% GR3D_FREQ 98% PLL@66.5C CPU@72C PMIC@50C GPU@72C AO@75.5C thermal@71.75C POM_5V_IN 8183/6163 POM_5V_GPU 3761/2285 POM_5V_CPU 1779/1472
RAM 3132/3964MB (lfb 1x2MB) SWAP 1978/1982MB (cached 3MB) CPU [18%@1224,40%@1224,21%@1224,53%@1224] EMC_FREQ 0% GR3D_FREQ 98% PLL@67C CPU@72.5C PMIC@50C GPU@72C AO@75.5C thermal@71.75C POM_5V_IN 8264/6188 POM_5V_GPU 3767/2303 POM_5V_CPU 1820/1476
RAM 3132/3964MB (lfb 1x2MB) SWAP 1978/1982MB (cached 3MB) CPU [35%@825,64%@825,32%@825,29%@825] EMC_FREQ 0% GR3D_FREQ 98% PLL@67C CPU@72.5C PMIC@50C GPU@72.5C AO@75.5C thermal@71.75C POM_5V_IN 8264/6213 POM_5V_GPU 3761/2320 POM_5V_CPU 1779/1480
RAM 3132/3964MB (lfb 1x2MB) SWAP 1978/1982MB (cached 3MB) CPU [43%@1479,26%@1479,20%@1479,42%@1479] EMC_FREQ 0% GR3D_FREQ 98% PLL@67C CPU@72.5C PMIC@50C GPU@72.5C AO@76C thermal@72.5C POM_5V_IN 8304/6237 POM_5V_GPU 3761/2337 POM_5V_CPU 1860/1485
RAM 3132/3964MB (lfb 1x2MB) SWAP 1978/1982MB (cached 3MB) CPU [45%@1224,29%@1224,30%@1224,42%@1224] EMC_FREQ 0% GR3D_FREQ 98% PLL@67C CPU@73C PMIC@50C GPU@73C AO@76C thermal@72.5C POM_5V_IN 8223/6260 POM_5V_GPU 3761/2354 POM_5V_CPU 1820/1488
RAM 3132/3964MB (lfb 1x2MB) SWAP 1978/1982MB (cached 3MB) CPU [36%@1479,20%@1479,25%@1479,58%@1479] EMC_FREQ 0% GR3D_FREQ 98% PLL@67.5C CPU@73C PMIC@50C GPU@73C AO@76C thermal@72.5C POM_5V_IN 8345/6284 POM_5V_GPU 3761/2370 POM_5V_CPU 1901/1493
RAM 3132/3964MB (lfb 1x2MB) SWAP 1978/1982MB (cached 3MB) CPU [33%@1479,42%@1479,29%@1479,45%@1479] EMC_FREQ 0% GR3D_FREQ 98% PLL@68C CPU@73C PMIC@50C GPU@73C AO@76.5C thermal@72.5C POM_5V_IN 8304/6307 POM_5V_GPU 3808/2386 POM_5V_CPU 1860/1497
RAM 3132/3964MB (lfb 1x2MB) SWAP 1978/1982MB (cached 3MB) CPU [70%@1479,12%@1479,28%@1479,28%@1479] EMC_FREQ 0% GR3D_FREQ 98% PLL@68C CPU@73.5C PMIC@50C GPU@73C AO@76.5C thermal@72.5C POM_5V_IN 8304/6330 POM_5V_GPU 3802/2402 POM_5V_CPU 1860/1501
RAM 3132/3964MB (lfb 1x2MB) SWAP 1978/1982MB (cached 3MB) CPU [60%@1479,32%@1479,24%@1479,23%@1479] EMC_FREQ 0% GR3D_FREQ 98% PLL@68C CPU@73.5C PMIC@50C GPU@73C AO@77C thermal@73.25C POM_5V_IN 8426/6353 POM_5V_GPU 3802/2418 POM_5V_CPU 1941/1506
RAM 3127/3964MB (lfb 1x2MB) SWAP 1978/1982MB (cached 3MB) CPU [26%@1224,50%@1224,18%@1224,48%@1224] EMC_FREQ 0% GR3D_FREQ 98% PLL@68C CPU@73.5C PMIC@50C GPU@73.5C AO@77C thermal@73.25C POM_5V_IN 8304/6374 POM_5V_GPU 3802/2433 POM_5V_CPU 1860/1510
RAM 3127/3964MB (lfb 1x2MB) SWAP 1978/1982MB (cached 3MB) CPU [29%@1224,56%@1224,30%@1224,24%@1224] EMC_FREQ 0% GR3D_FREQ 98% PLL@68C CPU@74C PMIC@50C GPU@73.5C AO@77C thermal@73.25C POM_5V_IN 8264/6395 POM_5V_GPU 3808/2448 POM_5V_CPU 1820/1514
RAM 3127/3964MB (lfb 1x2MB) SWAP 1978/1982MB (cached 3MB) CPU [60%@1479,29%@1479,24%@1479,24%@1479] EMC_FREQ 0% GR3D_FREQ 98% PLL@68C CPU@74C PMIC@50C GPU@73.5C AO@77C thermal@73.25C POM_5V_IN 8345/6416 POM_5V_GPU 3802/2463 POM_5V_CPU 1860/1517
RAM 3127/3964MB (lfb 1x2MB) SWAP 1978/1982MB (cached 3MB) CPU [40%@1224,25%@1224,30%@1224,42%@1224] EMC_FREQ 0% GR3D_FREQ 98% PLL@68.5C CPU@74C PMIC@50C GPU@74C AO@77.5C thermal@73.75C POM_5V_IN 8345/6436 POM_5V_GPU 3802/2477 POM_5V_CPU 1820/1520
RAM 3127/3964MB (lfb 1x2MB) SWAP 1978/1982MB (cached 3MB) CPU [33%@1224,22%@1224,24%@1224,50%@1224] EMC_FREQ 0% GR3D_FREQ 98% PLL@68.5C CPU@74C PMIC@50C GPU@74C AO@77.5C thermal@73.75C POM_5V_IN 8345/6457 POM_5V_GPU 3802/2491 POM_5V_CPU 1860/1524
RAM 3127/3964MB (lfb 1x2MB) SWAP 1978/1982MB (cached 3MB) CPU [42%@1479,36%@1479,28%@1479,34%@1479] EMC_FREQ 0% GR3D_FREQ 98% PLL@69C CPU@74C PMIC@50C GPU@74C AO@77.5C thermal@73.75C POM_5V_IN 8426/6477 POM_5V_GPU 3802/2504 POM_5V_CPU 1901/1528
RAM 3127/3964MB (lfb 1x2MB) SWAP 1978/1982MB (cached 3MB) CPU [34%@1428,21%@1428,21%@1428,44%@1428] EMC_FREQ 0% GR3D_FREQ 98% PLL@68.5C CPU@74.5C PMIC@50C GPU@74C AO@77.5C thermal@73.75C POM_5V_IN 8385/6497 POM_5V_GPU 3802/2518 POM_5V_CPU 1860/1531
RAM 3127/3964MB (lfb 1x2MB) SWAP 1978/1982MB (cached 3MB) CPU [47%@1326,33%@1326,24%@1326,26%@1326] EMC_FREQ 0% GR3D_FREQ 98% PLL@69C CPU@74.5C PMIC@50C GPU@74C AO@78C thermal@73.75C POM_5V_IN 8345/6516 POM_5V_GPU 3802/2531 POM_5V_CPU 1860/1535
RAM 3127/3964MB (lfb 1x2MB) SWAP 1978/1982MB (cached 3MB) CPU [68%@1479,20%@1479,23%@1479,28%@1479] EMC_FREQ 0% GR3D_FREQ 98% PLL@69C CPU@74C PMIC@50C GPU@74C AO@78C thermal@74.25C POM_5V_IN 8385/6534 POM_5V_GPU 3802/2544 POM_5V_CPU 1860/1538
RAM 3127/3964MB (lfb 1x2MB) SWAP 1978/1982MB (cached 3MB) CPU [40%@1479,16%@1479,21%@1479,52%@1479] EMC_FREQ 0% GR3D_FREQ 98% PLL@69.5C CPU@75C PMIC@50C GPU@74.5C AO@78C thermal@74.25C POM_5V_IN 8507/6554 POM_5V_GPU 3802/2556 POM_5V_CPU 1941/1542
RAM 3127/3964MB (lfb 1x2MB) SWAP 1978/1982MB (cached 3MB) CPU [44%@1224,28%@1224,26%@1224,41%@1224] EMC_FREQ 0% GR3D_FREQ 98% PLL@69.5C CPU@75C PMIC@50C GPU@74.5C AO@78C thermal@74.25C POM_5V_IN 8467/6573 POM_5V_GPU 3842/2569 POM_5V_CPU 1901/1546
RAM 3127/3964MB (lfb 1x2MB) SWAP 1978/1982MB (cached 3MB) CPU [28%@1479,92%@1479,8%@1479,12%@1479] EMC_FREQ 0% GR3D_FREQ 99% PLL@69C CPU@74.5C PMIC@50C GPU@74.5C AO@78C thermal@74.25C POM_5V_IN 8304/6590 POM_5V_GPU 3842/2581 POM_5V_CPU 1820/1548
RAM 3127/3964MB (lfb 1x2MB) SWAP 1978/1982MB (cached 3MB) CPU [13%@1479,100%@1479,7%@1479,12%@1479] EMC_FREQ 0% GR3D_FREQ 99% PLL@69C CPU@74C PMIC@50C GPU@74.5C AO@78C thermal@74.25C POM_5V_IN 8304/6607 POM_5V_GPU 3842/2594 POM_5V_CPU 1779/1550
RAM 3127/3964MB (lfb 1x2MB) SWAP 1978/1982MB (cached 3MB) CPU [70%@1479,40%@1479,8%@1479,9%@1479] EMC_FREQ 0% GR3D_FREQ 97% PLL@69C CPU@74.5C PMIC@50C GPU@74.5C AO@78.5C thermal@74.25C POM_5V_IN 8223/6622 POM_5V_GPU 3808/2605 POM_5V_CPU 1739/1552
RAM 3127/3964MB (lfb 1x2MB) SWAP 1978/1982MB (cached 3MB) CPU [100%@1479,11%@1479,12%@1479,8%@1479] EMC_FREQ 0% GR3D_FREQ 97% PLL@69C CPU@74.5C PMIC@50C GPU@74.5C AO@78.5C thermal@74.25C POM_5V_IN 8102/6636 POM_5V_GPU 3767/2616 POM_5V_CPU 1660/1553
RAM 3127/3964MB (lfb 1x2MB) SWAP 1978/1982MB (cached 3MB) CPU [65%@1224,12%@1224,11%@1224,44%@1224] EMC_FREQ 0% GR3D_FREQ 98% PLL@69C CPU@74.5C PMIC@50C GPU@74.5C AO@78.5C thermal@74.25C POM_5V_IN 8264/6652 POM_5V_GPU 3802/2628 POM_5V_CPU 1739/1555
RAM 3127/3964MB (lfb 1x2MB) SWAP 1978/1982MB (cached 3MB) CPU [28%@1479,12%@1479,24%@1479,59%@1479] EMC_FREQ 0% GR3D_FREQ 99% PLL@69C CPU@74.5C PMIC@50C GPU@75C AO@78.5C thermal@74.75C POM_5V_IN 8264/6667 POM_5V_GPU 3848/2639 POM_5V_CPU 1739/1557
RAM 3127/3964MB (lfb 1x2MB) SWAP 1978/1982MB (cached 3MB) CPU [42%@1479,53%@1479,22%@1479,33%@1479] EMC_FREQ 0% GR3D_FREQ 98% PLL@69.5C CPU@75C PMIC@50C GPU@75C AO@78.5C thermal@74.75C POM_5V_IN 8385/6683 POM_5V_GPU 3842/2650 POM_5V_CPU 1860/1560
RAM 3127/3964MB (lfb 1x2MB) SWAP 1978/1982MB (cached 3MB) CPU [29%@1479,48%@1479,36%@1479,12%@1479] EMC_FREQ 0% GR3D_FREQ 98% PLL@69.5C CPU@76C PMIC@50C GPU@75.5C AO@79C thermal@74.75C POM_5V_IN 8385/6698 POM_5V_GPU 3842/2661 POM_5V_CPU 1860/1562
RAM 3127/3964MB (lfb 1x2MB) SWAP 1978/1982MB (cached 3MB) CPU [25%@1326,37%@1326,32%@1326,34%@1326] EMC_FREQ 0% GR3D_FREQ 98% PLL@69.5C CPU@76C PMIC@50C GPU@75C AO@78.5C thermal@74.75C POM_5V_IN 8426/6714 POM_5V_GPU 3842/2672 POM_5V_CPU 1901/1565
RAM 3127/3964MB (lfb 1x2MB) SWAP 1978/1982MB (cached 3MB) CPU [28%@1479,40%@1479,32%@1479,30%@1479] EMC_FREQ 0% GR3D_FREQ 98% PLL@70C CPU@76C PMIC@50C GPU@75.5C AO@79C thermal@74.75C POM_5V_IN 8385/6729 POM_5V_GPU 3842/2682 POM_5V_CPU 1860/1568
RAM 3127/3964MB (lfb 1x2MB) SWAP 1978/1982MB (cached 3MB) CPU [29%@1132,29%@1132,34%@1132,34%@1132] EMC_FREQ 0% GR3D_FREQ 98% PLL@70C CPU@76C PMIC@50C GPU@75.5C AO@79.5C thermal@75.75C POM_5V_IN 8345/6743 POM_5V_GPU 3842/2693 POM_5V_CPU 1820/1570
RAM 3127/3964MB (lfb 1x2MB) SWAP 1978/1982MB (cached 3MB) CPU [22%@1479,48%@1479,36%@1479,16%@1479] EMC_FREQ 0% GR3D_FREQ 98% PLL@70C CPU@76.5C PMIC@50C GPU@76C AO@79C thermal@75.75C POM_5V_IN 8548/6759 POM_5V_GPU 3842/2703 POM_5V_CPU 1981/1574
RAM 3128/3964MB (lfb 1x2MB) SWAP 1978/1982MB (cached 3MB) CPU [38%@1479,19%@1479,44%@1428,33%@1428] EMC_FREQ 0% GR3D_FREQ 0% PLL@70C CPU@75C PMIC@50C GPU@74.5C AO@79C thermal@75.75C POM_5V_IN 5892/6752 POM_5V_GPU 1825/2695 POM_5V_CPU 1663/1575
RAM 3113/3964MB (lfb 1x2MB) SWAP 1978/1982MB (cached 3MB) CPU [3%@1479,100%@1479,8%@1479,8%@1479] EMC_FREQ 0% GR3D_FREQ 2% PLL@68C CPU@71.5C PMIC@50C GPU@70C AO@77C thermal@75.75C POM_5V_IN 4111/6729 POM_5V_GPU 366/2675 POM_5V_CPU 1381/1573
