&&&& RUNNING TensorRT.trtexec [TensorRT v8001] # /usr/src/tensorrt/bin/trtexec --loadEngine=engines/tomato_yolov8n_cls_domainmix_pd5_umair_hard_headprune20_fp16.engine --warmUp=1000 --duration=20 --iterations=1000
[05/15/2026-04:11:32] [I] === Model Options ===
[05/15/2026-04:11:32] [I] Format: *
[05/15/2026-04:11:32] [I] Model: 
[05/15/2026-04:11:32] [I] Output:
[05/15/2026-04:11:32] [I] === Build Options ===
[05/15/2026-04:11:32] [I] Max batch: 1
[05/15/2026-04:11:32] [I] Workspace: 16 MiB
[05/15/2026-04:11:32] [I] minTiming: 1
[05/15/2026-04:11:32] [I] avgTiming: 8
[05/15/2026-04:11:32] [I] Precision: FP32
[05/15/2026-04:11:32] [I] Calibration: 
[05/15/2026-04:11:32] [I] Refit: Disabled
[05/15/2026-04:11:32] [I] Sparsity: Disabled
[05/15/2026-04:11:32] [I] Safe mode: Disabled
[05/15/2026-04:11:32] [I] Restricted mode: Disabled
[05/15/2026-04:11:32] [I] Save engine: 
[05/15/2026-04:11:32] [I] Load engine: engines/tomato_yolov8n_cls_domainmix_pd5_umair_hard_headprune20_fp16.engine
[05/15/2026-04:11:32] [I] NVTX verbosity: 0
[05/15/2026-04:11:32] [I] Tactic sources: Using default tactic sources
[05/15/2026-04:11:32] [I] timingCacheMode: local
[05/15/2026-04:11:32] [I] timingCacheFile: 
[05/15/2026-04:11:32] [I] Input(s)s format: fp32:CHW
[05/15/2026-04:11:32] [I] Output(s)s format: fp32:CHW
[05/15/2026-04:11:32] [I] Input build shapes: model
[05/15/2026-04:11:32] [I] Input calibration shapes: model
[05/15/2026-04:11:32] [I] === System Options ===
[05/15/2026-04:11:32] [I] Device: 0
[05/15/2026-04:11:32] [I] DLACore: 
[05/15/2026-04:11:32] [I] Plugins:
[05/15/2026-04:11:32] [I] === Inference Options ===
[05/15/2026-04:11:32] [I] Batch: 1
[05/15/2026-04:11:32] [I] Input inference shapes: model
[05/15/2026-04:11:32] [I] Iterations: 1000
[05/15/2026-04:11:32] [I] Duration: 20s (+ 1000ms warm up)
[05/15/2026-04:11:32] [I] Sleep time: 0ms
[05/15/2026-04:11:32] [I] Streams: 1
[05/15/2026-04:11:32] [I] ExposeDMA: Disabled
[05/15/2026-04:11:32] [I] Data transfers: Enabled
[05/15/2026-04:11:32] [I] Spin-wait: Disabled
[05/15/2026-04:11:32] [I] Multithreading: Disabled
[05/15/2026-04:11:32] [I] CUDA Graph: Disabled
[05/15/2026-04:11:32] [I] Separate profiling: Disabled
[05/15/2026-04:11:32] [I] Time Deserialize: Disabled
[05/15/2026-04:11:32] [I] Time Refit: Disabled
[05/15/2026-04:11:32] [I] Skip inference: Disabled
[05/15/2026-04:11:32] [I] Inputs:
[05/15/2026-04:11:32] [I] === Reporting Options ===
[05/15/2026-04:11:32] [I] Verbose: Disabled
[05/15/2026-04:11:32] [I] Averages: 10 inferences
[05/15/2026-04:11:32] [I] Percentile: 99
[05/15/2026-04:11:32] [I] Dump refittable layers:Disabled
[05/15/2026-04:11:32] [I] Dump output: Disabled
[05/15/2026-04:11:32] [I] Profile: Disabled
[05/15/2026-04:11:32] [I] Export timing to JSON file: 
[05/15/2026-04:11:32] [I] Export output to JSON file: 
[05/15/2026-04:11:32] [I] Export profile to JSON file: 
[05/15/2026-04:11:32] [I] 
[05/15/2026-04:11:32] [I] === Device Information ===
[05/15/2026-04:11:32] [I] Selected Device: NVIDIA Tegra X1
[05/15/2026-04:11:32] [I] Compute Capability: 5.3
[05/15/2026-04:11:32] [I] SMs: 1
[05/15/2026-04:11:32] [I] Compute Clock Rate: 0.9216 GHz
[05/15/2026-04:11:32] [I] Device Global Memory: 3964 MiB
[05/15/2026-04:11:32] [I] Shared Memory per SM: 64 KiB
[05/15/2026-04:11:32] [I] Memory Bus Width: 64 bits (ECC disabled)
[05/15/2026-04:11:32] [I] Memory Clock Rate: 0.01275 GHz
[05/15/2026-04:11:32] [I] 
[05/15/2026-04:11:32] [I] TensorRT version: 8001
[05/15/2026-04:11:33] [I] [TRT] [MemUsageChange] Init CUDA: CPU +203, GPU +0, now: CPU 226, GPU 3272 (MiB)
[05/15/2026-04:11:33] [I] [TRT] Loaded engine size: 5 MB
[05/15/2026-04:11:33] [I] [TRT] [MemUsageSnapshot] deserializeCudaEngine begin: CPU 226 MiB, GPU 3272 MiB
[05/15/2026-04:11:35] [I] [TRT] [MemUsageChange] Init cuBLAS/cuBLASLt: CPU +158, GPU +228, now: CPU 387, GPU 3503 (MiB)
[05/15/2026-04:11:38] [I] [TRT] [MemUsageChange] Init cuDNN: CPU +241, GPU +194, now: CPU 628, GPU 3697 (MiB)
[05/15/2026-04:11:38] [I] [TRT] [MemUsageChange] Init cuBLAS/cuBLASLt: CPU +0, GPU +0, now: CPU 627, GPU 3697 (MiB)
[05/15/2026-04:11:38] [I] [TRT] [MemUsageSnapshot] deserializeCudaEngine end: CPU 627 MiB, GPU 3697 MiB
[05/15/2026-04:11:38] [I] Engine loaded in 5.95848 sec.
[05/15/2026-04:11:38] [I] [TRT] [MemUsageSnapshot] ExecutionContext creation begin: CPU 622 MiB, GPU 3692 MiB
[05/15/2026-04:11:38] [I] [TRT] [MemUsageChange] Init cuBLAS/cuBLASLt: CPU +0, GPU +0, now: CPU 622, GPU 3692 (MiB)
[05/15/2026-04:11:38] [I] [TRT] [MemUsageChange] Init cuDNN: CPU +0, GPU +0, now: CPU 622, GPU 3692 (MiB)
[05/15/2026-04:11:38] [I] [TRT] [MemUsageSnapshot] ExecutionContext creation end: CPU 623 MiB, GPU 3692 MiB
[05/15/2026-04:11:38] [I] Created input binding for images with dimensions 1x3x224x224
[05/15/2026-04:11:38] [I] Created output binding for output0 with dimensions 1x10
[05/15/2026-04:11:38] [I] Starting inference
[05/15/2026-04:11:59] [I] Warmup completed 244 queries over 1000 ms
[05/15/2026-04:11:59] [I] Timing trace has 5544 queries over 20.0071 s
[05/15/2026-04:11:59] [I] 
[05/15/2026-04:11:59] [I] === Trace details ===
[05/15/2026-04:11:59] [I] Trace averages of 10 runs:
[05/15/2026-04:11:59] [I] Average on 10 runs - GPU latency: 3.50867 ms - Host latency: 3.57014 ms (end to end 3.57961 ms, enqueue 2.53547 ms)
[05/15/2026-04:11:59] [I] Average on 10 runs - GPU latency: 3.49713 ms - Host latency: 3.55828 ms (end to end 3.56783 ms, enqueue 2.76213 ms)
[05/15/2026-04:11:59] [I] Average on 10 runs - GPU latency: 3.49587 ms - Host latency: 3.55741 ms (end to end 3.56718 ms, enqueue 2.87644 ms)
[05/15/2026-04:11:59] [I] Average on 10 runs - GPU latency: 3.48901 ms - Host latency: 3.55112 ms (end to end 3.56188 ms, enqueue 2.85618 ms)
[05/15/2026-04:11:59] [I] Average on 10 runs - GPU latency: 3.4947 ms - Host latency: 3.5566 ms (end to end 3.56641 ms, enqueue 2.84506 ms)
[05/15/2026-04:11:59] [I] Average on 10 runs - GPU latency: 3.50413 ms - Host latency: 3.56576 ms (end to end 3.57574 ms, enqueue 2.67501 ms)
[05/15/2026-04:11:59] [I] Average on 10 runs - GPU latency: 3.49458 ms - Host latency: 3.5566 ms (end to end 3.56588 ms, enqueue 2.69171 ms)
[05/15/2026-04:11:59] [I] Average on 10 runs - GPU latency: 3.49299 ms - Host latency: 3.55537 ms (end to end 3.56511 ms, enqueue 2.92952 ms)
[05/15/2026-04:11:59] [I] Average on 10 runs - GPU latency: 3.50448 ms - Host latency: 3.56666 ms (end to end 3.57609 ms, enqueue 2.63866 ms)
[05/15/2026-04:11:59] [I] Average on 10 runs - GPU latency: 3.51519 ms - Host latency: 3.57679 ms (end to end 3.58635 ms, enqueue 2.33513 ms)
[05/15/2026-04:11:59] [I] Average on 10 runs - GPU latency: 3.50472 ms - Host latency: 3.56576 ms (end to end 3.57476 ms, enqueue 2.58127 ms)
[05/15/2026-04:11:59] [I] Average on 10 runs - GPU latency: 3.51279 ms - Host latency: 3.57456 ms (end to end 3.58464 ms, enqueue 2.64784 ms)
[05/15/2026-04:11:59] [I] Average on 10 runs - GPU latency: 3.50156 ms - Host latency: 3.5627 ms (end to end 3.57167 ms, enqueue 2.48849 ms)
[05/15/2026-04:11:59] [I] Average on 10 runs - GPU latency: 3.4991 ms - Host latency: 3.56115 ms (end to end 3.57206 ms, enqueue 2.76329 ms)
[05/15/2026-04:11:59] [I] Average on 10 runs - GPU latency: 3.49744 ms - Host latency: 3.5595 ms (end to end 3.56895 ms, enqueue 2.7776 ms)
[05/15/2026-04:11:59] [I] Average on 10 runs - GPU latency: 3.49612 ms - Host latency: 3.55846 ms (end to end 3.5692 ms, enqueue 2.7776 ms)
[05/15/2026-04:11:59] [I] Average on 10 runs - GPU latency: 3.5197 ms - Host latency: 3.58114 ms (end to end 3.59075 ms, enqueue 2.3327 ms)
[05/15/2026-04:11:59] [I] Average on 10 runs - GPU latency: 3.51699 ms - Host latency: 3.57849 ms (end to end 3.588 ms, enqueue 2.40554 ms)
[05/15/2026-04:11:59] [I] Average on 10 runs - GPU latency: 3.51151 ms - Host latency: 3.57247 ms (end to end 3.58198 ms, enqueue 2.41895 ms)
[05/15/2026-04:11:59] [I] Average on 10 runs - GPU latency: 3.50532 ms - Host latency: 3.56702 ms (end to end 3.57649 ms, enqueue 2.58723 ms)
[05/15/2026-04:11:59] [I] Average on 10 runs - GPU latency: 3.49966 ms - Host latency: 3.56151 ms (end to end 3.57157 ms, enqueue 2.78811 ms)
[05/15/2026-04:11:59] [I] Average on 10 runs - GPU latency: 3.51124 ms - Host latency: 3.57275 ms (end to end 3.58411 ms, enqueue 2.49124 ms)
[05/15/2026-04:11:59] [I] Average on 10 runs - GPU latency: 3.51776 ms - Host latency: 3.57971 ms (end to end 3.58947 ms, enqueue 2.39 ms)
[05/15/2026-04:11:59] [I] Average on 10 runs - GPU latency: 3.5134 ms - Host latency: 3.57522 ms (end to end 3.58567 ms, enqueue 2.34709 ms)
[05/15/2026-04:11:59] [I] Average on 10 runs - GPU latency: 3.52109 ms - Host latency: 3.58259 ms (end to end 3.59211 ms, enqueue 2.27756 ms)
[05/15/2026-04:11:59] [I] Average on 10 runs - GPU latency: 3.52178 ms - Host latency: 3.58344 ms (end to end 3.59282 ms, enqueue 2.22289 ms)
[05/15/2026-04:11:59] [I] Average on 10 runs - GPU latency: 3.50736 ms - Host latency: 3.56899 ms (end to end 3.57927 ms, enqueue 2.54309 ms)
[05/15/2026-04:11:59] [I] Average on 10 runs - GPU latency: 3.51682 ms - Host latency: 3.57808 ms (end to end 3.58756 ms, enqueue 2.32555 ms)
[05/15/2026-04:11:59] [I] Average on 10 runs - GPU latency: 3.50743 ms - Host latency: 3.56926 ms (end to end 3.57919 ms, enqueue 2.54856 ms)
[05/15/2026-04:11:59] [I] Average on 10 runs - GPU latency: 3.50878 ms - Host latency: 3.57035 ms (end to end 3.57994 ms, enqueue 2.49164 ms)
[05/15/2026-04:11:59] [I] Average on 10 runs - GPU latency: 3.50291 ms - Host latency: 3.5646 ms (end to end 3.57395 ms, enqueue 2.5625 ms)
[05/15/2026-04:11:59] [I] Average on 10 runs - GPU latency: 3.50559 ms - Host latency: 3.56687 ms (end to end 3.57646 ms, enqueue 2.50278 ms)
[05/15/2026-04:11:59] [I] Average on 10 runs - GPU latency: 3.50413 ms - Host latency: 3.56538 ms (end to end 3.57483 ms, enqueue 2.42659 ms)
[05/15/2026-04:11:59] [I] Average on 10 runs - GPU latency: 3.51116 ms - Host latency: 3.5728 ms (end to end 3.58237 ms, enqueue 2.47078 ms)
[05/15/2026-04:11:59] [I] Average on 10 runs - GPU latency: 3.53164 ms - Host latency: 3.59282 ms (end to end 3.60249 ms, enqueue 2.15693 ms)
[05/15/2026-04:11:59] [I] Average on 10 runs - GPU latency: 3.51575 ms - Host latency: 3.57747 ms (end to end 3.5874 ms, enqueue 2.26038 ms)
[05/15/2026-04:11:59] [I] Average on 10 runs - GPU latency: 3.50696 ms - Host latency: 3.56816 ms (end to end 3.57759 ms, enqueue 2.46868 ms)
[05/15/2026-04:11:59] [I] Average on 10 runs - GPU latency: 3.50034 ms - Host latency: 3.56199 ms (end to end 3.57146 ms, enqueue 2.48213 ms)
[05/15/2026-04:11:59] [I] Average on 10 runs - GPU latency: 3.50217 ms - Host latency: 3.5636 ms (end to end 3.57297 ms, enqueue 2.56633 ms)
[05/15/2026-04:11:59] [I] Average on 10 runs - GPU latency: 3.51011 ms - Host latency: 3.57122 ms (end to end 3.58079 ms, enqueue 2.42021 ms)
[05/15/2026-04:11:59] [I] Average on 10 runs - GPU latency: 3.51965 ms - Host latency: 3.58091 ms (end to end 3.59055 ms, enqueue 2.33467 ms)
[05/15/2026-04:11:59] [I] Average on 10 runs - GPU latency: 3.51023 ms - Host latency: 3.57153 ms (end to end 3.5811 ms, enqueue 2.33545 ms)
[05/15/2026-04:11:59] [I] Average on 10 runs - GPU latency: 3.50574 ms - Host latency: 3.56724 ms (end to end 3.57673 ms, enqueue 2.48386 ms)
[05/15/2026-04:11:59] [I] Average on 10 runs - GPU latency: 3.52148 ms - Host latency: 3.58323 ms (end to end 3.59309 ms, enqueue 2.29578 ms)
[05/15/2026-04:11:59] [I] Average on 10 runs - GPU latency: 3.53406 ms - Host latency: 3.5958 ms (end to end 3.6053 ms, enqueue 2.11389 ms)
[05/15/2026-04:11:59] [I] Average on 10 runs - GPU latency: 3.50276 ms - Host latency: 3.56511 ms (end to end 3.57661 ms, enqueue 2.65974 ms)
[05/15/2026-04:11:59] [I] Average on 10 runs - GPU latency: 3.52712 ms - Host latency: 3.5886 ms (end to end 3.59814 ms, enqueue 2.17439 ms)
[05/15/2026-04:11:59] [I] Average on 10 runs - GPU latency: 3.51089 ms - Host latency: 3.57214 ms (end to end 3.58184 ms, enqueue 2.41194 ms)
[05/15/2026-04:11:59] [I] Average on 10 runs - GPU latency: 3.50544 ms - Host latency: 3.56704 ms (end to end 3.57688 ms, enqueue 2.52493 ms)
[05/15/2026-04:11:59] [I] Average on 10 runs - GPU latency: 3.5106 ms - Host latency: 3.57202 ms (end to end 3.58147 ms, enqueue 2.53521 ms)
[05/15/2026-04:11:59] [I] Average on 10 runs - GPU latency: 3.50979 ms - Host latency: 3.57144 ms (end to end 3.58049 ms, enqueue 2.49336 ms)
[05/15/2026-04:11:59] [I] Average on 10 runs - GPU latency: 3.51011 ms - Host latency: 3.5717 ms (end to end 3.58127 ms, enqueue 2.429 ms)
[05/15/2026-04:11:59] [I] Average on 10 runs - GPU latency: 3.51396 ms - Host latency: 3.57539 ms (end to end 3.58489 ms, enqueue 2.47078 ms)
[05/15/2026-04:11:59] [I] Average on 10 runs - GPU latency: 3.51965 ms - Host latency: 3.58132 ms (end to end 3.59077 ms, enqueue 2.33955 ms)
[05/15/2026-04:11:59] [I] Average on 10 runs - GPU latency: 3.51235 ms - Host latency: 3.57375 ms (end to end 3.58342 ms, enqueue 2.43984 ms)
[05/15/2026-04:11:59] [I] Average on 10 runs - GPU latency: 3.52063 ms - Host latency: 3.58196 ms (end to end 3.59177 ms, enqueue 2.35005 ms)
[05/15/2026-04:11:59] [I] Average on 10 runs - GPU latency: 3.52236 ms - Host latency: 3.58391 ms (end to end 3.59363 ms, enqueue 2.38267 ms)
[05/15/2026-04:11:59] [I] Average on 10 runs - GPU latency: 3.52231 ms - Host latency: 3.58398 ms (end to end 3.59373 ms, enqueue 2.28528 ms)
[05/15/2026-04:11:59] [I] Average on 10 runs - GPU latency: 3.51616 ms - Host latency: 3.57805 ms (end to end 3.58752 ms, enqueue 2.40027 ms)
[05/15/2026-04:11:59] [I] Average on 10 runs - GPU latency: 3.51594 ms - Host latency: 3.57754 ms (end to end 3.58718 ms, enqueue 2.28989 ms)
[05/15/2026-04:11:59] [I] Average on 10 runs - GPU latency: 3.51697 ms - Host latency: 3.57864 ms (end to end 3.58828 ms, enqueue 2.30186 ms)
[05/15/2026-04:11:59] [I] Average on 10 runs - GPU latency: 3.51165 ms - Host latency: 3.57336 ms (end to end 3.58206 ms, enqueue 2.52913 ms)
[05/15/2026-04:11:59] [I] Average on 10 runs - GPU latency: 3.5031 ms - Host latency: 3.5645 ms (end to end 3.57419 ms, enqueue 2.66655 ms)
[05/15/2026-04:11:59] [I] Average on 10 runs - GPU latency: 3.51213 ms - Host latency: 3.57439 ms (end to end 3.58459 ms, enqueue 2.58398 ms)
[05/15/2026-04:11:59] [I] Average on 10 runs - GPU latency: 3.51345 ms - Host latency: 3.5752 ms (end to end 3.58445 ms, enqueue 2.53042 ms)
[05/15/2026-04:11:59] [I] Average on 10 runs - GPU latency: 3.50186 ms - Host latency: 3.56338 ms (end to end 3.57397 ms, enqueue 2.57275 ms)
[05/15/2026-04:11:59] [I] Average on 10 runs - GPU latency: 3.50396 ms - Host latency: 3.56558 ms (end to end 3.57505 ms, enqueue 2.51001 ms)
[05/15/2026-04:11:59] [I] Average on 10 runs - GPU latency: 3.52422 ms - Host latency: 3.58594 ms (end to end 3.59548 ms, enqueue 2.31331 ms)
[05/15/2026-04:11:59] [I] Average on 10 runs - GPU latency: 3.52424 ms - Host latency: 3.58586 ms (end to end 3.59534 ms, enqueue 2.14675 ms)
[05/15/2026-04:11:59] [I] Average on 10 runs - GPU latency: 3.52429 ms - Host latency: 3.58542 ms (end to end 3.59504 ms, enqueue 2.31851 ms)
[05/15/2026-04:11:59] [I] Average on 10 runs - GPU latency: 3.51848 ms - Host latency: 3.57964 ms (end to end 3.58857 ms, enqueue 2.36482 ms)
[05/15/2026-04:11:59] [I] Average on 10 runs - GPU latency: 3.51042 ms - Host latency: 3.57305 ms (end to end 3.58308 ms, enqueue 2.42136 ms)
[05/15/2026-04:11:59] [I] Average on 10 runs - GPU latency: 3.51428 ms - Host latency: 3.57627 ms (end to end 3.58589 ms, enqueue 2.46968 ms)
[05/15/2026-04:11:59] [I] Average on 10 runs - GPU latency: 3.51707 ms - Host latency: 3.57859 ms (end to end 3.58828 ms, enqueue 2.32202 ms)
[05/15/2026-04:11:59] [I] Average on 10 runs - GPU latency: 3.51143 ms - Host latency: 3.57295 ms (end to end 3.5822 ms, enqueue 2.43259 ms)
[05/15/2026-04:11:59] [I] Average on 10 runs - GPU latency: 3.50845 ms - Host latency: 3.57019 ms (end to end 3.57944 ms, enqueue 2.51003 ms)
[05/15/2026-04:11:59] [I] Average on 10 runs - GPU latency: 3.5085 ms - Host latency: 3.56997 ms (end to end 3.57947 ms, enqueue 2.51079 ms)
[05/15/2026-04:11:59] [I] Average on 10 runs - GPU latency: 3.51331 ms - Host latency: 3.57427 ms (end to end 3.58345 ms, enqueue 2.33008 ms)
[05/15/2026-04:11:59] [I] Average on 10 runs - GPU latency: 3.51223 ms - Host latency: 3.57407 ms (end to end 3.58503 ms, enqueue 2.57148 ms)
[05/15/2026-04:11:59] [I] Average on 10 runs - GPU latency: 3.51414 ms - Host latency: 3.57554 ms (end to end 3.58516 ms, enqueue 2.3814 ms)
[05/15/2026-04:11:59] [I] Average on 10 runs - GPU latency: 3.51689 ms - Host latency: 3.57825 ms (end to end 3.58774 ms, enqueue 2.44626 ms)
[05/15/2026-04:11:59] [I] Average on 10 runs - GPU latency: 3.52529 ms - Host latency: 3.58696 ms (end to end 3.59641 ms, enqueue 2.19556 ms)
[05/15/2026-04:11:59] [I] Average on 10 runs - GPU latency: 3.52822 ms - Host latency: 3.59023 ms (end to end 3.59998 ms, enqueue 2.13738 ms)
[05/15/2026-04:11:59] [I] Average on 10 runs - GPU latency: 3.52297 ms - Host latency: 3.5843 ms (end to end 3.59375 ms, enqueue 2.24734 ms)
[05/15/2026-04:11:59] [I] Average on 10 runs - GPU latency: 3.51194 ms - Host latency: 3.57324 ms (end to end 3.58274 ms, enqueue 2.47495 ms)
[05/15/2026-04:11:59] [I] Average on 10 runs - GPU latency: 3.52754 ms - Host latency: 3.58865 ms (end to end 3.59817 ms, enqueue 2.17913 ms)
[05/15/2026-04:11:59] [I] Average on 10 runs - GPU latency: 3.51675 ms - Host latency: 3.57822 ms (end to end 3.58791 ms, enqueue 2.27922 ms)
[05/15/2026-04:11:59] [I] Average on 10 runs - GPU latency: 3.50449 ms - Host latency: 3.56602 ms (end to end 3.57554 ms, enqueue 2.40073 ms)
[05/15/2026-04:11:59] [I] Average on 10 runs - GPU latency: 3.52944 ms - Host latency: 3.59111 ms (end to end 3.60054 ms, enqueue 2.20312 ms)
[05/15/2026-04:11:59] [I] Average on 10 runs - GPU latency: 3.50991 ms - Host latency: 3.57153 ms (end to end 3.58062 ms, enqueue 2.42295 ms)
[05/15/2026-04:11:59] [I] Average on 10 runs - GPU latency: 3.50361 ms - Host latency: 3.56562 ms (end to end 3.5771 ms, enqueue 2.6875 ms)
[05/15/2026-04:11:59] [I] Average on 10 runs - GPU latency: 3.51924 ms - Host latency: 3.58032 ms (end to end 3.59004 ms, enqueue 2.32241 ms)
[05/15/2026-04:11:59] [I] Average on 10 runs - GPU latency: 3.50791 ms - Host latency: 3.56934 ms (end to end 3.57788 ms, enqueue 2.45444 ms)
[05/15/2026-04:11:59] [I] Average on 10 runs - GPU latency: 3.50674 ms - Host latency: 3.56846 ms (end to end 3.57778 ms, enqueue 2.60117 ms)
[05/15/2026-04:11:59] [I] Average on 10 runs - GPU latency: 3.50342 ms - Host latency: 3.56475 ms (end to end 3.57427 ms, enqueue 2.45381 ms)
[05/15/2026-04:11:59] [I] Average on 10 runs - GPU latency: 3.50576 ms - Host latency: 3.56689 ms (end to end 3.57642 ms, enqueue 2.51133 ms)
[05/15/2026-04:11:59] [I] Average on 10 runs - GPU latency: 3.50293 ms - Host latency: 3.5644 ms (end to end 3.57432 ms, enqueue 2.48184 ms)
[05/15/2026-04:11:59] [I] Average on 10 runs - GPU latency: 3.50156 ms - Host latency: 3.56328 ms (end to end 3.57285 ms, enqueue 2.55229 ms)
[05/15/2026-04:11:59] [I] Average on 10 runs - GPU latency: 3.50273 ms - Host latency: 3.56426 ms (end to end 3.57388 ms, enqueue 2.42339 ms)
[05/15/2026-04:11:59] [I] Average on 10 runs - GPU latency: 3.50605 ms - Host latency: 3.56743 ms (end to end 3.57715 ms, enqueue 2.47754 ms)
[05/15/2026-04:11:59] [I] Average on 10 runs - GPU latency: 3.51265 ms - Host latency: 3.57427 ms (end to end 3.58457 ms, enqueue 2.53765 ms)
[05/15/2026-04:11:59] [I] Average on 10 runs - GPU latency: 3.54048 ms - Host latency: 3.60205 ms (end to end 3.61162 ms, enqueue 2.00049 ms)
[05/15/2026-04:11:59] [I] Average on 10 runs - GPU latency: 3.51919 ms - Host latency: 3.58071 ms (end to end 3.59028 ms, enqueue 2.33198 ms)
[05/15/2026-04:11:59] [I] Average on 10 runs - GPU latency: 3.51348 ms - Host latency: 3.57471 ms (end to end 3.58433 ms, enqueue 2.3375 ms)
[05/15/2026-04:11:59] [I] Average on 10 runs - GPU latency: 3.52046 ms - Host latency: 3.58203 ms (end to end 3.59175 ms, enqueue 2.37993 ms)
[05/15/2026-04:11:59] [I] Average on 10 runs - GPU latency: 3.53389 ms - Host latency: 3.59531 ms (end to end 3.60459 ms, enqueue 2.07026 ms)
[05/15/2026-04:11:59] [I] Average on 10 runs - GPU latency: 3.53057 ms - Host latency: 3.59209 ms (end to end 3.60142 ms, enqueue 2.11367 ms)
[05/15/2026-04:11:59] [I] Average on 10 runs - GPU latency: 3.52197 ms - Host latency: 3.58369 ms (end to end 3.59312 ms, enqueue 2.20029 ms)
[05/15/2026-04:11:59] [I] Average on 10 runs - GPU latency: 3.51909 ms - Host latency: 3.58062 ms (end to end 3.59023 ms, enqueue 2.3333 ms)
[05/15/2026-04:11:59] [I] Average on 10 runs - GPU latency: 3.51831 ms - Host latency: 3.58008 ms (end to end 3.5894 ms, enqueue 2.37939 ms)
[05/15/2026-04:11:59] [I] Average on 10 runs - GPU latency: 3.50923 ms - Host latency: 3.57051 ms (end to end 3.57988 ms, enqueue 2.36265 ms)
[05/15/2026-04:11:59] [I] Average on 10 runs - GPU latency: 3.521 ms - Host latency: 3.58262 ms (end to end 3.59219 ms, enqueue 2.39917 ms)
[05/15/2026-04:11:59] [I] Average on 10 runs - GPU latency: 3.51348 ms - Host latency: 3.57485 ms (end to end 3.58433 ms, enqueue 2.27861 ms)
[05/15/2026-04:11:59] [I] Average on 10 runs - GPU latency: 3.53218 ms - Host latency: 3.59321 ms (end to end 3.60293 ms, enqueue 2.22378 ms)
[05/15/2026-04:11:59] [I] Average on 10 runs - GPU latency: 3.52856 ms - Host latency: 3.59009 ms (end to end 3.59946 ms, enqueue 2.13999 ms)
[05/15/2026-04:11:59] [I] Average on 10 runs - GPU latency: 3.47598 ms - Host latency: 3.5374 ms (end to end 3.54976 ms, enqueue 3.09712 ms)
[05/15/2026-04:11:59] [I] Average on 10 runs - GPU latency: 3.46992 ms - Host latency: 3.53228 ms (end to end 3.54629 ms, enqueue 3.40244 ms)
[05/15/2026-04:11:59] [I] Average on 10 runs - GPU latency: 3.473 ms - Host latency: 3.53569 ms (end to end 3.54912 ms, enqueue 3.34741 ms)
[05/15/2026-04:11:59] [I] Average on 10 runs - GPU latency: 3.46924 ms - Host latency: 3.5314 ms (end to end 3.54546 ms, enqueue 3.28867 ms)
[05/15/2026-04:11:59] [I] Average on 10 runs - GPU latency: 3.47437 ms - Host latency: 3.53701 ms (end to end 3.55078 ms, enqueue 3.33472 ms)
[05/15/2026-04:11:59] [I] Average on 10 runs - GPU latency: 3.47002 ms - Host latency: 3.53306 ms (end to end 3.54673 ms, enqueue 3.18354 ms)
[05/15/2026-04:11:59] [I] Average on 10 runs - GPU latency: 3.4729 ms - Host latency: 3.53594 ms (end to end 3.54966 ms, enqueue 3.33335 ms)
[05/15/2026-04:11:59] [I] Average on 10 runs - GPU latency: 3.47515 ms - Host latency: 3.53784 ms (end to end 3.55127 ms, enqueue 3.22261 ms)
[05/15/2026-04:11:59] [I] Average on 10 runs - GPU latency: 3.47314 ms - Host latency: 3.53628 ms (end to end 3.54985 ms, enqueue 3.22817 ms)
[05/15/2026-04:11:59] [I] Average on 10 runs - GPU latency: 3.47183 ms - Host latency: 3.53462 ms (end to end 3.54795 ms, enqueue 3.2417 ms)
[05/15/2026-04:11:59] [I] Average on 10 runs - GPU latency: 3.47075 ms - Host latency: 3.53374 ms (end to end 3.54692 ms, enqueue 3.23442 ms)
[05/15/2026-04:11:59] [I] Average on 10 runs - GPU latency: 3.47822 ms - Host latency: 3.54146 ms (end to end 3.55483 ms, enqueue 3.36382 ms)
[05/15/2026-04:11:59] [I] Average on 10 runs - GPU latency: 3.47354 ms - Host latency: 3.53623 ms (end to end 3.54976 ms, enqueue 3.26597 ms)
[05/15/2026-04:11:59] [I] Average on 10 runs - GPU latency: 3.47261 ms - Host latency: 3.53584 ms (end to end 3.54932 ms, enqueue 3.34531 ms)
[05/15/2026-04:11:59] [I] Average on 10 runs - GPU latency: 4.33916 ms - Host latency: 4.53379 ms (end to end 4.57969 ms, enqueue 4.31475 ms)
[05/15/2026-04:11:59] [I] Average on 10 runs - GPU latency: 3.53691 ms - Host latency: 3.63989 ms (end to end 3.65146 ms, enqueue 3.40093 ms)
[05/15/2026-04:11:59] [I] Average on 10 runs - GPU latency: 3.49609 ms - Host latency: 3.56714 ms (end to end 3.577 ms, enqueue 3.3022 ms)
[05/15/2026-04:11:59] [I] Average on 10 runs - GPU latency: 3.47129 ms - Host latency: 3.53345 ms (end to end 3.54761 ms, enqueue 3.2373 ms)
[05/15/2026-04:11:59] [I] Average on 10 runs - GPU latency: 3.49302 ms - Host latency: 3.56318 ms (end to end 3.57402 ms, enqueue 3.37329 ms)
[05/15/2026-04:11:59] [I] Average on 10 runs - GPU latency: 3.48135 ms - Host latency: 3.54365 ms (end to end 3.5562 ms, enqueue 3.27085 ms)
[05/15/2026-04:11:59] [I] Average on 10 runs - GPU latency: 3.48594 ms - Host latency: 3.55269 ms (end to end 3.56641 ms, enqueue 3.32671 ms)
[05/15/2026-04:11:59] [I] Average on 10 runs - GPU latency: 3.502 ms - Host latency: 3.57998 ms (end to end 3.5959 ms, enqueue 3.38755 ms)
[05/15/2026-04:11:59] [I] Average on 10 runs - GPU latency: 3.53965 ms - Host latency: 3.60171 ms (end to end 3.6127 ms, enqueue 2.33843 ms)
[05/15/2026-04:11:59] [I] Average on 10 runs - GPU latency: 3.54575 ms - Host latency: 3.60728 ms (end to end 3.61685 ms, enqueue 2.17134 ms)
[05/15/2026-04:11:59] [I] Average on 10 runs - GPU latency: 3.53906 ms - Host latency: 3.60039 ms (end to end 3.60981 ms, enqueue 2.22573 ms)
[05/15/2026-04:11:59] [I] Average on 10 runs - GPU latency: 3.53892 ms - Host latency: 3.60024 ms (end to end 3.60996 ms, enqueue 2.41982 ms)
[05/15/2026-04:11:59] [I] Average on 10 runs - GPU latency: 3.55098 ms - Host latency: 3.61235 ms (end to end 3.62183 ms, enqueue 2.1373 ms)
[05/15/2026-04:11:59] [I] Average on 10 runs - GPU latency: 3.55498 ms - Host latency: 3.61699 ms (end to end 3.62617 ms, enqueue 2.09492 ms)
[05/15/2026-04:11:59] [I] Average on 10 runs - GPU latency: 3.53804 ms - Host latency: 3.59941 ms (end to end 3.60889 ms, enqueue 2.34121 ms)
[05/15/2026-04:11:59] [I] Average on 10 runs - GPU latency: 3.5291 ms - Host latency: 3.59067 ms (end to end 3.60088 ms, enqueue 2.5374 ms)
[05/15/2026-04:11:59] [I] Average on 10 runs - GPU latency: 3.52988 ms - Host latency: 3.59155 ms (end to end 3.60093 ms, enqueue 2.43838 ms)
[05/15/2026-04:11:59] [I] Average on 10 runs - GPU latency: 3.53164 ms - Host latency: 3.5936 ms (end to end 3.60327 ms, enqueue 2.59971 ms)
[05/15/2026-04:11:59] [I] Average on 10 runs - GPU latency: 3.52598 ms - Host latency: 3.5876 ms (end to end 3.59707 ms, enqueue 2.65415 ms)
[05/15/2026-04:11:59] [I] Average on 10 runs - GPU latency: 3.54805 ms - Host latency: 3.61006 ms (end to end 3.61963 ms, enqueue 2.1499 ms)
[05/15/2026-04:11:59] [I] Average on 10 runs - GPU latency: 3.54473 ms - Host latency: 3.6062 ms (end to end 3.61602 ms, enqueue 2.18413 ms)
[05/15/2026-04:11:59] [I] Average on 10 runs - GPU latency: 3.55825 ms - Host latency: 3.61968 ms (end to end 3.62915 ms, enqueue 2.06387 ms)
[05/15/2026-04:11:59] [I] Average on 10 runs - GPU latency: 3.54326 ms - Host latency: 3.60469 ms (end to end 3.61426 ms, enqueue 2.18481 ms)
[05/15/2026-04:11:59] [I] Average on 10 runs - GPU latency: 3.53428 ms - Host latency: 3.59595 ms (end to end 3.60562 ms, enqueue 2.37124 ms)
[05/15/2026-04:11:59] [I] Average on 10 runs - GPU latency: 3.51943 ms - Host latency: 3.58096 ms (end to end 3.59048 ms, enqueue 2.69478 ms)
[05/15/2026-04:11:59] [I] Average on 10 runs - GPU latency: 3.5125 ms - Host latency: 3.57422 ms (end to end 3.58447 ms, enqueue 2.76235 ms)
[05/15/2026-04:11:59] [I] Average on 10 runs - GPU latency: 3.51011 ms - Host latency: 3.57212 ms (end to end 3.58159 ms, enqueue 2.78237 ms)
[05/15/2026-04:11:59] [I] Average on 10 runs - GPU latency: 3.52651 ms - Host latency: 3.58853 ms (end to end 3.59858 ms, enqueue 2.54507 ms)
[05/15/2026-04:11:59] [I] Average on 10 runs - GPU latency: 3.54526 ms - Host latency: 3.60693 ms (end to end 3.61636 ms, enqueue 2.1561 ms)
[05/15/2026-04:11:59] [I] Average on 10 runs - GPU latency: 3.5354 ms - Host latency: 3.59668 ms (end to end 3.60586 ms, enqueue 2.25215 ms)
[05/15/2026-04:11:59] [I] Average on 10 runs - GPU latency: 3.52524 ms - Host latency: 3.58657 ms (end to end 3.59624 ms, enqueue 2.54224 ms)
[05/15/2026-04:11:59] [I] Average on 10 runs - GPU latency: 3.55596 ms - Host latency: 3.61733 ms (end to end 3.62661 ms, enqueue 2.11997 ms)
[05/15/2026-04:11:59] [I] Average on 10 runs - GPU latency: 3.53452 ms - Host latency: 3.59629 ms (end to end 3.60586 ms, enqueue 2.3148 ms)
[05/15/2026-04:11:59] [I] Average on 10 runs - GPU latency: 3.5313 ms - Host latency: 3.59312 ms (end to end 3.60244 ms, enqueue 2.44004 ms)
[05/15/2026-04:11:59] [I] Average on 10 runs - GPU latency: 3.52954 ms - Host latency: 3.59106 ms (end to end 3.60103 ms, enqueue 2.60229 ms)
[05/15/2026-04:11:59] [I] Average on 10 runs - GPU latency: 3.53223 ms - Host latency: 3.59336 ms (end to end 3.60249 ms, enqueue 2.43193 ms)
[05/15/2026-04:11:59] [I] Average on 10 runs - GPU latency: 3.5292 ms - Host latency: 3.59067 ms (end to end 3.6002 ms, enqueue 2.51772 ms)
[05/15/2026-04:11:59] [I] Average on 10 runs - GPU latency: 3.51924 ms - Host latency: 3.58071 ms (end to end 3.59126 ms, enqueue 2.63677 ms)
[05/15/2026-04:11:59] [I] Average on 10 runs - GPU latency: 3.5083 ms - Host latency: 3.57051 ms (end to end 3.58184 ms, enqueue 2.79951 ms)
[05/15/2026-04:11:59] [I] Average on 10 runs - GPU latency: 3.52485 ms - Host latency: 3.58667 ms (end to end 3.59722 ms, enqueue 2.60591 ms)
[05/15/2026-04:11:59] [I] Average on 10 runs - GPU latency: 3.51533 ms - Host latency: 3.57725 ms (end to end 3.58799 ms, enqueue 2.80923 ms)
[05/15/2026-04:11:59] [I] Average on 10 runs - GPU latency: 3.53594 ms - Host latency: 3.59756 ms (end to end 3.60732 ms, enqueue 2.38008 ms)
[05/15/2026-04:11:59] [I] Average on 10 runs - GPU latency: 3.53716 ms - Host latency: 3.59883 ms (end to end 3.6083 ms, enqueue 2.35859 ms)
[05/15/2026-04:11:59] [I] Average on 10 runs - GPU latency: 3.53486 ms - Host latency: 3.59648 ms (end to end 3.60615 ms, enqueue 2.36992 ms)
[05/15/2026-04:11:59] [I] Average on 10 runs - GPU latency: 3.53994 ms - Host latency: 3.60146 ms (end to end 3.61104 ms, enqueue 2.15425 ms)
[05/15/2026-04:11:59] [I] Average on 10 runs - GPU latency: 3.54844 ms - Host latency: 3.60977 ms (end to end 3.61904 ms, enqueue 2.07139 ms)
[05/15/2026-04:11:59] [I] Average on 10 runs - GPU latency: 3.55273 ms - Host latency: 3.6144 ms (end to end 3.62402 ms, enqueue 2.07148 ms)
[05/15/2026-04:11:59] [I] Average on 10 runs - GPU latency: 3.54448 ms - Host latency: 3.60571 ms (end to end 3.61533 ms, enqueue 2.05552 ms)
[05/15/2026-04:11:59] [I] Average on 10 runs - GPU latency: 3.53555 ms - Host latency: 3.5979 ms (end to end 3.60752 ms, enqueue 2.16738 ms)
[05/15/2026-04:11:59] [I] Average on 10 runs - GPU latency: 3.54546 ms - Host latency: 3.60703 ms (end to end 3.61675 ms, enqueue 2.13818 ms)
[05/15/2026-04:11:59] [I] Average on 10 runs - GPU latency: 3.5541 ms - Host latency: 3.61533 ms (end to end 3.62485 ms, enqueue 2.05122 ms)
[05/15/2026-04:11:59] [I] Average on 10 runs - GPU latency: 3.54946 ms - Host latency: 3.61094 ms (end to end 3.62051 ms, enqueue 2.10635 ms)
[05/15/2026-04:11:59] [I] Average on 10 runs - GPU latency: 3.55708 ms - Host latency: 3.61846 ms (end to end 3.62808 ms, enqueue 2.05591 ms)
[05/15/2026-04:11:59] [I] Average on 10 runs - GPU latency: 3.54556 ms - Host latency: 3.60693 ms (end to end 3.61646 ms, enqueue 2.12925 ms)
[05/15/2026-04:11:59] [I] Average on 10 runs - GPU latency: 3.53628 ms - Host latency: 3.59766 ms (end to end 3.60674 ms, enqueue 2.37222 ms)
[05/15/2026-04:11:59] [I] Average on 10 runs - GPU latency: 3.53335 ms - Host latency: 3.59546 ms (end to end 3.6063 ms, enqueue 2.52554 ms)
[05/15/2026-04:11:59] [I] Average on 10 runs - GPU latency: 3.53198 ms - Host latency: 3.59375 ms (end to end 3.60303 ms, enqueue 2.5186 ms)
[05/15/2026-04:11:59] [I] Average on 10 runs - GPU latency: 3.54849 ms - Host latency: 3.61011 ms (end to end 3.61953 ms, enqueue 2.22734 ms)
[05/15/2026-04:11:59] [I] Average on 10 runs - GPU latency: 3.55415 ms - Host latency: 3.61567 ms (end to end 3.62529 ms, enqueue 2.06733 ms)
[05/15/2026-04:11:59] [I] Average on 10 runs - GPU latency: 3.53765 ms - Host latency: 3.59897 ms (end to end 3.60854 ms, enqueue 2.28813 ms)
[05/15/2026-04:11:59] [I] Average on 10 runs - GPU latency: 3.5105 ms - Host latency: 3.57241 ms (end to end 3.58208 ms, enqueue 2.75166 ms)
[05/15/2026-04:11:59] [I] Average on 10 runs - GPU latency: 3.51152 ms - Host latency: 3.57295 ms (end to end 3.58403 ms, enqueue 2.85264 ms)
[05/15/2026-04:11:59] [I] Average on 10 runs - GPU latency: 3.51387 ms - Host latency: 3.57617 ms (end to end 3.58696 ms, enqueue 2.8916 ms)
[05/15/2026-04:11:59] [I] Average on 10 runs - GPU latency: 3.52476 ms - Host latency: 3.58657 ms (end to end 3.59624 ms, enqueue 2.62627 ms)
[05/15/2026-04:11:59] [I] Average on 10 runs - GPU latency: 3.54043 ms - Host latency: 3.60161 ms (end to end 3.61133 ms, enqueue 2.31123 ms)
[05/15/2026-04:11:59] [I] Average on 10 runs - GPU latency: 3.51606 ms - Host latency: 3.57739 ms (end to end 3.58794 ms, enqueue 2.80098 ms)
[05/15/2026-04:11:59] [I] Average on 10 runs - GPU latency: 3.54453 ms - Host latency: 3.60566 ms (end to end 3.61509 ms, enqueue 2.27988 ms)
[05/15/2026-04:11:59] [I] Average on 10 runs - GPU latency: 3.5457 ms - Host latency: 3.60737 ms (end to end 3.61675 ms, enqueue 2.15171 ms)
[05/15/2026-04:11:59] [I] Average on 10 runs - GPU latency: 3.5519 ms - Host latency: 3.61338 ms (end to end 3.62285 ms, enqueue 2.11646 ms)
[05/15/2026-04:11:59] [I] Average on 10 runs - GPU latency: 3.55508 ms - Host latency: 3.61665 ms (end to end 3.62637 ms, enqueue 2.05225 ms)
[05/15/2026-04:11:59] [I] Average on 10 runs - GPU latency: 3.53628 ms - Host latency: 3.59824 ms (end to end 3.60776 ms, enqueue 2.18618 ms)
[05/15/2026-04:11:59] [I] Average on 10 runs - GPU latency: 3.55273 ms - Host latency: 3.61436 ms (end to end 3.62378 ms, enqueue 2.07373 ms)
[05/15/2026-04:11:59] [I] Average on 10 runs - GPU latency: 3.5417 ms - Host latency: 3.60303 ms (end to end 3.61299 ms, enqueue 2.19121 ms)
[05/15/2026-04:11:59] [I] Average on 10 runs - GPU latency: 3.52119 ms - Host latency: 3.58203 ms (end to end 3.5917 ms, enqueue 2.56885 ms)
[05/15/2026-04:11:59] [I] Average on 10 runs - GPU latency: 3.51514 ms - Host latency: 3.57676 ms (end to end 3.58682 ms, enqueue 2.7748 ms)
[05/15/2026-04:11:59] [I] Average on 10 runs - GPU latency: 3.51123 ms - Host latency: 3.57314 ms (end to end 3.58408 ms, enqueue 2.82236 ms)
[05/15/2026-04:11:59] [I] Average on 10 runs - GPU latency: 3.54707 ms - Host latency: 3.60869 ms (end to end 3.61787 ms, enqueue 2.1582 ms)
[05/15/2026-04:11:59] [I] Average on 10 runs - GPU latency: 3.54229 ms - Host latency: 3.60439 ms (end to end 3.61367 ms, enqueue 2.23662 ms)
[05/15/2026-04:11:59] [I] Average on 10 runs - GPU latency: 3.5375 ms - Host latency: 3.59922 ms (end to end 3.6084 ms, enqueue 2.28584 ms)
[05/15/2026-04:11:59] [I] Average on 10 runs - GPU latency: 3.54043 ms - Host latency: 3.60186 ms (end to end 3.6126 ms, enqueue 2.35264 ms)
[05/15/2026-04:11:59] [I] Average on 10 runs - GPU latency: 3.54199 ms - Host latency: 3.60332 ms (end to end 3.6127 ms, enqueue 2.21553 ms)
[05/15/2026-04:11:59] [I] Average on 10 runs - GPU latency: 3.51895 ms - Host latency: 3.58047 ms (end to end 3.59063 ms, enqueue 2.59717 ms)
[05/15/2026-04:11:59] [I] Average on 10 runs - GPU latency: 3.51982 ms - Host latency: 3.58174 ms (end to end 3.59229 ms, enqueue 2.65674 ms)
[05/15/2026-04:11:59] [I] Average on 10 runs - GPU latency: 3.50596 ms - Host latency: 3.56748 ms (end to end 3.57715 ms, enqueue 2.97598 ms)
[05/15/2026-04:11:59] [I] Average on 10 runs - GPU latency: 3.51631 ms - Host latency: 3.57832 ms (end to end 3.59023 ms, enqueue 2.91416 ms)
[05/15/2026-04:11:59] [I] Average on 10 runs - GPU latency: 3.53916 ms - Host latency: 3.60127 ms (end to end 3.61064 ms, enqueue 2.39355 ms)
[05/15/2026-04:11:59] [I] Average on 10 runs - GPU latency: 3.52793 ms - Host latency: 3.58877 ms (end to end 3.59824 ms, enqueue 2.5375 ms)
[05/15/2026-04:11:59] [I] Average on 10 runs - GPU latency: 3.53604 ms - Host latency: 3.59795 ms (end to end 3.60771 ms, enqueue 2.4041 ms)
[05/15/2026-04:11:59] [I] Average on 10 runs - GPU latency: 3.53896 ms - Host latency: 3.60029 ms (end to end 3.61025 ms, enqueue 2.42324 ms)
[05/15/2026-04:11:59] [I] Average on 10 runs - GPU latency: 3.52842 ms - Host latency: 3.59063 ms (end to end 3.5998 ms, enqueue 2.53623 ms)
[05/15/2026-04:11:59] [I] Average on 10 runs - GPU latency: 3.54814 ms - Host latency: 3.60947 ms (end to end 3.61924 ms, enqueue 2.22178 ms)
[05/15/2026-04:11:59] [I] Average on 10 runs - GPU latency: 3.54834 ms - Host latency: 3.61006 ms (end to end 3.61943 ms, enqueue 2.09629 ms)
[05/15/2026-04:11:59] [I] Average on 10 runs - GPU latency: 3.54072 ms - Host latency: 3.60234 ms (end to end 3.61201 ms, enqueue 2.175 ms)
[05/15/2026-04:11:59] [I] Average on 10 runs - GPU latency: 3.54932 ms - Host latency: 3.61055 ms (end to end 3.61992 ms, enqueue 2.06963 ms)
[05/15/2026-04:11:59] [I] Average on 10 runs - GPU latency: 3.54609 ms - Host latency: 3.60771 ms (end to end 3.61689 ms, enqueue 2.12686 ms)
[05/15/2026-04:11:59] [I] Average on 10 runs - GPU latency: 3.55557 ms - Host latency: 3.61699 ms (end to end 3.62676 ms, enqueue 2.05 ms)
[05/15/2026-04:11:59] [I] Average on 10 runs - GPU latency: 3.55234 ms - Host latency: 3.61357 ms (end to end 3.62285 ms, enqueue 2.06924 ms)
[05/15/2026-04:11:59] [I] Average on 10 runs - GPU latency: 3.5374 ms - Host latency: 3.59883 ms (end to end 3.6085 ms, enqueue 2.29902 ms)
[05/15/2026-04:11:59] [I] Average on 10 runs - GPU latency: 3.54258 ms - Host latency: 3.6043 ms (end to end 3.61426 ms, enqueue 2.446 ms)
[05/15/2026-04:11:59] [I] Average on 10 runs - GPU latency: 3.54668 ms - Host latency: 3.60869 ms (end to end 3.61816 ms, enqueue 2.18271 ms)
[05/15/2026-04:11:59] [I] Average on 10 runs - GPU latency: 3.54053 ms - Host latency: 3.60176 ms (end to end 3.61123 ms, enqueue 2.32002 ms)
[05/15/2026-04:11:59] [I] Average on 10 runs - GPU latency: 3.52725 ms - Host latency: 3.58896 ms (end to end 3.59863 ms, enqueue 2.44775 ms)
[05/15/2026-04:11:59] [I] Average on 10 runs - GPU latency: 3.55283 ms - Host latency: 3.61436 ms (end to end 3.62363 ms, enqueue 2.13398 ms)
[05/15/2026-04:11:59] [I] Average on 10 runs - GPU latency: 3.55449 ms - Host latency: 3.61641 ms (end to end 3.62588 ms, enqueue 2.06787 ms)
[05/15/2026-04:11:59] [I] Average on 10 runs - GPU latency: 3.53955 ms - Host latency: 3.60088 ms (end to end 3.61074 ms, enqueue 2.33564 ms)
[05/15/2026-04:11:59] [I] Average on 10 runs - GPU latency: 3.52607 ms - Host latency: 3.58779 ms (end to end 3.59707 ms, enqueue 2.58467 ms)
[05/15/2026-04:11:59] [I] Average on 10 runs - GPU latency: 3.53535 ms - Host latency: 3.59697 ms (end to end 3.60664 ms, enqueue 2.36475 ms)
[05/15/2026-04:11:59] [I] Average on 10 runs - GPU latency: 3.5458 ms - Host latency: 3.60742 ms (end to end 3.61719 ms, enqueue 2.24326 ms)
[05/15/2026-04:11:59] [I] Average on 10 runs - GPU latency: 3.51738 ms - Host latency: 3.57939 ms (end to end 3.58975 ms, enqueue 2.68652 ms)
[05/15/2026-04:11:59] [I] Average on 10 runs - GPU latency: 3.51553 ms - Host latency: 3.57725 ms (end to end 3.58662 ms, enqueue 2.65781 ms)
[05/15/2026-04:11:59] [I] Average on 10 runs - GPU latency: 3.51035 ms - Host latency: 3.57197 ms (end to end 3.58369 ms, enqueue 2.8624 ms)
[05/15/2026-04:11:59] [I] Average on 10 runs - GPU latency: 3.51953 ms - Host latency: 3.58057 ms (end to end 3.58975 ms, enqueue 2.6293 ms)
[05/15/2026-04:11:59] [I] Average on 10 runs - GPU latency: 3.546 ms - Host latency: 3.60742 ms (end to end 3.61768 ms, enqueue 2.41689 ms)
[05/15/2026-04:11:59] [I] Average on 10 runs - GPU latency: 3.54336 ms - Host latency: 3.60439 ms (end to end 3.61416 ms, enqueue 2.16729 ms)
[05/15/2026-04:11:59] [I] Average on 10 runs - GPU latency: 3.54297 ms - Host latency: 3.6041 ms (end to end 3.61387 ms, enqueue 2.17119 ms)
[05/15/2026-04:11:59] [I] Average on 10 runs - GPU latency: 3.54736 ms - Host latency: 3.6085 ms (end to end 3.61807 ms, enqueue 2.11582 ms)
[05/15/2026-04:11:59] [I] Average on 10 runs - GPU latency: 3.55469 ms - Host latency: 3.61592 ms (end to end 3.62529 ms, enqueue 2.06318 ms)
[05/15/2026-04:11:59] [I] Average on 10 runs - GPU latency: 3.54971 ms - Host latency: 3.61104 ms (end to end 3.62051 ms, enqueue 2.05049 ms)
[05/15/2026-04:11:59] [I] Average on 10 runs - GPU latency: 3.54102 ms - Host latency: 3.60215 ms (end to end 3.61133 ms, enqueue 2.05146 ms)
[05/15/2026-04:11:59] [I] Average on 10 runs - GPU latency: 3.55322 ms - Host latency: 3.61455 ms (end to end 3.62422 ms, enqueue 2.05723 ms)
[05/15/2026-04:11:59] [I] Average on 10 runs - GPU latency: 3.54932 ms - Host latency: 3.61074 ms (end to end 3.62031 ms, enqueue 2.11338 ms)
[05/15/2026-04:11:59] [I] Average on 10 runs - GPU latency: 3.546 ms - Host latency: 3.60791 ms (end to end 3.61768 ms, enqueue 2.17578 ms)
[05/15/2026-04:11:59] [I] Average on 10 runs - GPU latency: 3.54316 ms - Host latency: 3.60498 ms (end to end 3.61445 ms, enqueue 2.11924 ms)
[05/15/2026-04:11:59] [I] Average on 10 runs - GPU latency: 3.54932 ms - Host latency: 3.61104 ms (end to end 3.62041 ms, enqueue 2.05293 ms)
[05/15/2026-04:11:59] [I] Average on 10 runs - GPU latency: 3.54785 ms - Host latency: 3.60938 ms (end to end 3.61885 ms, enqueue 2.0502 ms)
[05/15/2026-04:11:59] [I] Average on 10 runs - GPU latency: 3.54658 ms - Host latency: 3.60771 ms (end to end 3.61719 ms, enqueue 2.0376 ms)
[05/15/2026-04:11:59] [I] Average on 10 runs - GPU latency: 3.55361 ms - Host latency: 3.61523 ms (end to end 3.6248 ms, enqueue 2.03916 ms)
[05/15/2026-04:11:59] [I] Average on 10 runs - GPU latency: 3.55479 ms - Host latency: 3.61641 ms (end to end 3.62578 ms, enqueue 2.15107 ms)
[05/15/2026-04:11:59] [I] Average on 10 runs - GPU latency: 3.53867 ms - Host latency: 3.60049 ms (end to end 3.60977 ms, enqueue 2.35303 ms)
[05/15/2026-04:11:59] [I] Average on 10 runs - GPU latency: 3.51533 ms - Host latency: 3.5792 ms (end to end 3.59072 ms, enqueue 3.17471 ms)
[05/15/2026-04:11:59] [I] Average on 10 runs - GPU latency: 3.50264 ms - Host latency: 3.56582 ms (end to end 3.57764 ms, enqueue 3.09922 ms)
[05/15/2026-04:11:59] [I] Average on 10 runs - GPU latency: 3.51221 ms - Host latency: 3.57607 ms (end to end 3.59014 ms, enqueue 3.25518 ms)
[05/15/2026-04:11:59] [I] Average on 10 runs - GPU latency: 3.50713 ms - Host latency: 3.56973 ms (end to end 3.58223 ms, enqueue 3.19336 ms)
[05/15/2026-04:11:59] [I] Average on 10 runs - GPU latency: 3.50439 ms - Host latency: 3.56914 ms (end to end 3.58223 ms, enqueue 3.36357 ms)
[05/15/2026-04:11:59] [I] Average on 10 runs - GPU latency: 3.51309 ms - Host latency: 3.57783 ms (end to end 3.58945 ms, enqueue 3.05488 ms)
[05/15/2026-04:11:59] [I] Average on 10 runs - GPU latency: 3.529 ms - Host latency: 3.59121 ms (end to end 3.60088 ms, enqueue 2.4417 ms)
[05/15/2026-04:11:59] [I] Average on 10 runs - GPU latency: 3.53525 ms - Host latency: 3.59902 ms (end to end 3.60859 ms, enqueue 2.50859 ms)
[05/15/2026-04:11:59] [I] Average on 10 runs - GPU latency: 3.5667 ms - Host latency: 3.62949 ms (end to end 3.63896 ms, enqueue 2.49541 ms)
[05/15/2026-04:11:59] [I] Average on 10 runs - GPU latency: 3.63184 ms - Host latency: 3.69443 ms (end to end 3.72266 ms, enqueue 2.57422 ms)
[05/15/2026-04:11:59] [I] Average on 10 runs - GPU latency: 3.73467 ms - Host latency: 3.79824 ms (end to end 3.82676 ms, enqueue 2.41074 ms)
[05/15/2026-04:11:59] [I] Average on 10 runs - GPU latency: 3.76602 ms - Host latency: 3.82822 ms (end to end 3.85684 ms, enqueue 2.53301 ms)
[05/15/2026-04:11:59] [I] Average on 10 runs - GPU latency: 3.73105 ms - Host latency: 3.79355 ms (end to end 3.83164 ms, enqueue 2.4457 ms)
[05/15/2026-04:11:59] [I] Average on 10 runs - GPU latency: 3.7293 ms - Host latency: 3.79209 ms (end to end 3.82021 ms, enqueue 2.44121 ms)
[05/15/2026-04:11:59] [I] Average on 10 runs - GPU latency: 3.5708 ms - Host latency: 3.63311 ms (end to end 3.67881 ms, enqueue 2.40283 ms)
[05/15/2026-04:11:59] [I] Average on 10 runs - GPU latency: 3.55166 ms - Host latency: 3.61328 ms (end to end 3.62275 ms, enqueue 2.16475 ms)
[05/15/2026-04:11:59] [I] Average on 10 runs - GPU latency: 3.54814 ms - Host latency: 3.61006 ms (end to end 3.61953 ms, enqueue 2.19619 ms)
[05/15/2026-04:11:59] [I] Average on 10 runs - GPU latency: 3.53887 ms - Host latency: 3.60059 ms (end to end 3.61035 ms, enqueue 2.35381 ms)
[05/15/2026-04:11:59] [I] Average on 10 runs - GPU latency: 3.5415 ms - Host latency: 3.60342 ms (end to end 3.6126 ms, enqueue 2.31836 ms)
[05/15/2026-04:11:59] [I] Average on 10 runs - GPU latency: 3.54219 ms - Host latency: 3.6041 ms (end to end 3.61357 ms, enqueue 2.30117 ms)
[05/15/2026-04:11:59] [I] Average on 10 runs - GPU latency: 3.5374 ms - Host latency: 3.59922 ms (end to end 3.60889 ms, enqueue 2.36025 ms)
[05/15/2026-04:11:59] [I] Average on 10 runs - GPU latency: 3.54316 ms - Host latency: 3.60498 ms (end to end 3.61445 ms, enqueue 2.21387 ms)
[05/15/2026-04:11:59] [I] Average on 10 runs - GPU latency: 3.53857 ms - Host latency: 3.60029 ms (end to end 3.60967 ms, enqueue 2.24609 ms)
[05/15/2026-04:11:59] [I] Average on 10 runs - GPU latency: 3.53711 ms - Host latency: 3.59863 ms (end to end 3.6084 ms, enqueue 2.34043 ms)
[05/15/2026-04:11:59] [I] Average on 10 runs - GPU latency: 3.52256 ms - Host latency: 3.58418 ms (end to end 3.59492 ms, enqueue 2.5623 ms)
[05/15/2026-04:11:59] [I] Average on 10 runs - GPU latency: 3.54424 ms - Host latency: 3.60557 ms (end to end 3.61504 ms, enqueue 2.21885 ms)
[05/15/2026-04:11:59] [I] Average on 10 runs - GPU latency: 3.54746 ms - Host latency: 3.60898 ms (end to end 3.61865 ms, enqueue 2.2125 ms)
[05/15/2026-04:11:59] [I] Average on 10 runs - GPU latency: 3.55508 ms - Host latency: 3.61719 ms (end to end 3.62676 ms, enqueue 2.25635 ms)
[05/15/2026-04:11:59] [I] Average on 10 runs - GPU latency: 3.61201 ms - Host latency: 3.67402 ms (end to end 3.69316 ms, enqueue 2.39746 ms)
[05/15/2026-04:11:59] [I] Average on 10 runs - GPU latency: 3.54258 ms - Host latency: 3.60449 ms (end to end 3.61396 ms, enqueue 2.18379 ms)
[05/15/2026-04:11:59] [I] Average on 10 runs - GPU latency: 3.55508 ms - Host latency: 3.61631 ms (end to end 3.62568 ms, enqueue 2.0915 ms)
[05/15/2026-04:11:59] [I] Average on 10 runs - GPU latency: 3.54375 ms - Host latency: 3.60547 ms (end to end 3.61494 ms, enqueue 2.18779 ms)
[05/15/2026-04:11:59] [I] Average on 10 runs - GPU latency: 3.5374 ms - Host latency: 3.59912 ms (end to end 3.60889 ms, enqueue 2.38262 ms)
[05/15/2026-04:11:59] [I] Average on 10 runs - GPU latency: 3.52324 ms - Host latency: 3.58477 ms (end to end 3.59434 ms, enqueue 2.5751 ms)
[05/15/2026-04:11:59] [I] Average on 10 runs - GPU latency: 3.5209 ms - Host latency: 3.58232 ms (end to end 3.59209 ms, enqueue 2.45156 ms)
[05/15/2026-04:11:59] [I] Average on 10 runs - GPU latency: 3.52051 ms - Host latency: 3.58252 ms (end to end 3.59209 ms, enqueue 2.44033 ms)
[05/15/2026-04:11:59] [I] Average on 10 runs - GPU latency: 3.51787 ms - Host latency: 3.57998 ms (end to end 3.59072 ms, enqueue 2.72236 ms)
[05/15/2026-04:11:59] [I] Average on 10 runs - GPU latency: 3.52383 ms - Host latency: 3.58545 ms (end to end 3.59473 ms, enqueue 2.42236 ms)
[05/15/2026-04:11:59] [I] Average on 10 runs - GPU latency: 3.53437 ms - Host latency: 3.5959 ms (end to end 3.60537 ms, enqueue 2.39814 ms)
[05/15/2026-04:11:59] [I] Average on 10 runs - GPU latency: 3.55654 ms - Host latency: 3.61846 ms (end to end 3.62812 ms, enqueue 2.01826 ms)
[05/15/2026-04:11:59] [I] Average on 10 runs - GPU latency: 3.5502 ms - Host latency: 3.61162 ms (end to end 3.6208 ms, enqueue 2.10391 ms)
[05/15/2026-04:11:59] [I] Average on 10 runs - GPU latency: 3.53857 ms - Host latency: 3.6001 ms (end to end 3.60947 ms, enqueue 2.25977 ms)
[05/15/2026-04:11:59] [I] Average on 10 runs - GPU latency: 3.54521 ms - Host latency: 3.60625 ms (end to end 3.61543 ms, enqueue 2.24219 ms)
[05/15/2026-04:11:59] [I] Average on 10 runs - GPU latency: 3.54541 ms - Host latency: 3.60742 ms (end to end 3.61689 ms, enqueue 2.29277 ms)
[05/15/2026-04:11:59] [I] Average on 10 runs - GPU latency: 3.54004 ms - Host latency: 3.60146 ms (end to end 3.61064 ms, enqueue 2.40342 ms)
[05/15/2026-04:11:59] [I] Average on 10 runs - GPU latency: 3.529 ms - Host latency: 3.59082 ms (end to end 3.60029 ms, enqueue 2.42061 ms)
[05/15/2026-04:11:59] [I] Average on 10 runs - GPU latency: 3.53525 ms - Host latency: 3.59639 ms (end to end 3.60615 ms, enqueue 2.33691 ms)
[05/15/2026-04:11:59] [I] Average on 10 runs - GPU latency: 3.55127 ms - Host latency: 3.61279 ms (end to end 3.62285 ms, enqueue 2.07344 ms)
[05/15/2026-04:11:59] [I] Average on 10 runs - GPU latency: 3.53906 ms - Host latency: 3.59971 ms (end to end 3.60977 ms, enqueue 2.26943 ms)
[05/15/2026-04:11:59] [I] Average on 10 runs - GPU latency: 3.53154 ms - Host latency: 3.59297 ms (end to end 3.60254 ms, enqueue 2.46553 ms)
[05/15/2026-04:11:59] [I] Average on 10 runs - GPU latency: 3.5374 ms - Host latency: 3.59902 ms (end to end 3.6084 ms, enqueue 2.44902 ms)
[05/15/2026-04:11:59] [I] Average on 10 runs - GPU latency: 3.53486 ms - Host latency: 3.59619 ms (end to end 3.60576 ms, enqueue 2.3709 ms)
[05/15/2026-04:11:59] [I] Average on 10 runs - GPU latency: 3.53369 ms - Host latency: 3.59521 ms (end to end 3.60459 ms, enqueue 2.51992 ms)
[05/15/2026-04:11:59] [I] Average on 10 runs - GPU latency: 3.53066 ms - Host latency: 3.59238 ms (end to end 3.60166 ms, enqueue 2.4332 ms)
[05/15/2026-04:11:59] [I] Average on 10 runs - GPU latency: 3.54082 ms - Host latency: 3.60273 ms (end to end 3.61221 ms, enqueue 2.37803 ms)
[05/15/2026-04:11:59] [I] Average on 10 runs - GPU latency: 3.63574 ms - Host latency: 3.69805 ms (end to end 3.71787 ms, enqueue 2.30986 ms)
[05/15/2026-04:11:59] [I] Average on 10 runs - GPU latency: 3.53047 ms - Host latency: 3.59199 ms (end to end 3.60225 ms, enqueue 2.32666 ms)
[05/15/2026-04:11:59] [I] Average on 10 runs - GPU latency: 3.53066 ms - Host latency: 3.59268 ms (end to end 3.60225 ms, enqueue 2.52725 ms)
[05/15/2026-04:11:59] [I] Average on 10 runs - GPU latency: 3.5373 ms - Host latency: 3.59854 ms (end to end 3.60801 ms, enqueue 2.4083 ms)
[05/15/2026-04:11:59] [I] Average on 10 runs - GPU latency: 3.54131 ms - Host latency: 3.60254 ms (end to end 3.61221 ms, enqueue 2.31875 ms)
[05/15/2026-04:11:59] [I] Average on 10 runs - GPU latency: 3.54717 ms - Host latency: 3.6083 ms (end to end 3.61777 ms, enqueue 2.22305 ms)
[05/15/2026-04:11:59] [I] Average on 10 runs - GPU latency: 3.53701 ms - Host latency: 3.59814 ms (end to end 3.60762 ms, enqueue 2.29111 ms)
[05/15/2026-04:11:59] [I] Average on 10 runs - GPU latency: 3.54775 ms - Host latency: 3.60928 ms (end to end 3.61865 ms, enqueue 2.2082 ms)
[05/15/2026-04:11:59] [I] Average on 10 runs - GPU latency: 3.53301 ms - Host latency: 3.59463 ms (end to end 3.6042 ms, enqueue 2.36738 ms)
[05/15/2026-04:11:59] [I] Average on 10 runs - GPU latency: 3.53711 ms - Host latency: 3.59912 ms (end to end 3.6084 ms, enqueue 2.3623 ms)
[05/15/2026-04:11:59] [I] Average on 10 runs - GPU latency: 3.53457 ms - Host latency: 3.59687 ms (end to end 3.60645 ms, enqueue 2.38281 ms)
[05/15/2026-04:11:59] [I] Average on 10 runs - GPU latency: 3.53496 ms - Host latency: 3.59678 ms (end to end 3.60615 ms, enqueue 2.42812 ms)
[05/15/2026-04:11:59] [I] Average on 10 runs - GPU latency: 3.53672 ms - Host latency: 3.59834 ms (end to end 3.60762 ms, enqueue 2.29961 ms)
[05/15/2026-04:11:59] [I] Average on 10 runs - GPU latency: 3.53682 ms - Host latency: 3.59912 ms (end to end 3.6083 ms, enqueue 2.44932 ms)
[05/15/2026-04:11:59] [I] Average on 10 runs - GPU latency: 3.52686 ms - Host latency: 3.58857 ms (end to end 3.59854 ms, enqueue 2.39541 ms)
[05/15/2026-04:11:59] [I] Average on 10 runs - GPU latency: 3.52285 ms - Host latency: 3.58457 ms (end to end 3.59287 ms, enqueue 2.46318 ms)
[05/15/2026-04:11:59] [I] Average on 10 runs - GPU latency: 3.53379 ms - Host latency: 3.59512 ms (end to end 3.60596 ms, enqueue 2.51299 ms)
[05/15/2026-04:11:59] [I] Average on 10 runs - GPU latency: 3.53281 ms - Host latency: 3.59453 ms (end to end 3.604 ms, enqueue 2.51514 ms)
[05/15/2026-04:11:59] [I] Average on 10 runs - GPU latency: 3.53486 ms - Host latency: 3.59658 ms (end to end 3.60596 ms, enqueue 2.32197 ms)
[05/15/2026-04:11:59] [I] Average on 10 runs - GPU latency: 3.53906 ms - Host latency: 3.60049 ms (end to end 3.61025 ms, enqueue 2.38105 ms)
[05/15/2026-04:11:59] [I] Average on 10 runs - GPU latency: 3.53252 ms - Host latency: 3.59453 ms (end to end 3.60449 ms, enqueue 2.54033 ms)
[05/15/2026-04:11:59] [I] Average on 10 runs - GPU latency: 3.53711 ms - Host latency: 3.59883 ms (end to end 3.6083 ms, enqueue 2.35283 ms)
[05/15/2026-04:11:59] [I] Average on 10 runs - GPU latency: 3.54424 ms - Host latency: 3.60537 ms (end to end 3.61484 ms, enqueue 2.25254 ms)
[05/15/2026-04:11:59] [I] Average on 10 runs - GPU latency: 3.54395 ms - Host latency: 3.60527 ms (end to end 3.61484 ms, enqueue 2.24482 ms)
[05/15/2026-04:11:59] [I] Average on 10 runs - GPU latency: 3.53906 ms - Host latency: 3.60039 ms (end to end 3.60967 ms, enqueue 2.39883 ms)
[05/15/2026-04:11:59] [I] Average on 10 runs - GPU latency: 3.53945 ms - Host latency: 3.60088 ms (end to end 3.61055 ms, enqueue 2.35713 ms)
[05/15/2026-04:11:59] [I] Average on 10 runs - GPU latency: 3.5334 ms - Host latency: 3.59512 ms (end to end 3.60439 ms, enqueue 2.51035 ms)
[05/15/2026-04:11:59] [I] Average on 10 runs - GPU latency: 3.52764 ms - Host latency: 3.58916 ms (end to end 3.59883 ms, enqueue 2.53711 ms)
[05/15/2026-04:11:59] [I] Average on 10 runs - GPU latency: 3.62559 ms - Host latency: 3.68721 ms (end to end 3.70537 ms, enqueue 2.29863 ms)
[05/15/2026-04:11:59] [I] Average on 10 runs - GPU latency: 3.54053 ms - Host latency: 3.60146 ms (end to end 3.61123 ms, enqueue 2.30518 ms)
[05/15/2026-04:11:59] [I] Average on 10 runs - GPU latency: 3.52041 ms - Host latency: 3.58203 ms (end to end 3.59238 ms, enqueue 2.65977 ms)
[05/15/2026-04:11:59] [I] Average on 10 runs - GPU latency: 3.5335 ms - Host latency: 3.59453 ms (end to end 3.60391 ms, enqueue 2.40254 ms)
[05/15/2026-04:11:59] [I] Average on 10 runs - GPU latency: 3.5502 ms - Host latency: 3.61162 ms (end to end 3.6209 ms, enqueue 2.13945 ms)
[05/15/2026-04:11:59] [I] Average on 10 runs - GPU latency: 3.54023 ms - Host latency: 3.60186 ms (end to end 3.61172 ms, enqueue 2.26709 ms)
[05/15/2026-04:11:59] [I] Average on 10 runs - GPU latency: 3.52734 ms - Host latency: 3.58877 ms (end to end 3.59873 ms, enqueue 2.47129 ms)
[05/15/2026-04:11:59] [I] Average on 10 runs - GPU latency: 3.52549 ms - Host latency: 3.58701 ms (end to end 3.59678 ms, enqueue 2.51641 ms)
[05/15/2026-04:11:59] [I] Average on 10 runs - GPU latency: 3.53877 ms - Host latency: 3.6002 ms (end to end 3.60957 ms, enqueue 2.22061 ms)
[05/15/2026-04:11:59] [I] Average on 10 runs - GPU latency: 3.51943 ms - Host latency: 3.58115 ms (end to end 3.59043 ms, enqueue 2.50996 ms)
[05/15/2026-04:11:59] [I] Average on 10 runs - GPU latency: 3.52705 ms - Host latency: 3.58877 ms (end to end 3.59844 ms, enqueue 2.53389 ms)
[05/15/2026-04:11:59] [I] Average on 10 runs - GPU latency: 3.52549 ms - Host latency: 3.58721 ms (end to end 3.59648 ms, enqueue 2.57422 ms)
[05/15/2026-04:11:59] [I] Average on 10 runs - GPU latency: 3.53428 ms - Host latency: 3.5959 ms (end to end 3.60547 ms, enqueue 2.31191 ms)
[05/15/2026-04:11:59] [I] Average on 10 runs - GPU latency: 3.54385 ms - Host latency: 3.60537 ms (end to end 3.61514 ms, enqueue 2.2583 ms)
[05/15/2026-04:11:59] [I] Average on 10 runs - GPU latency: 3.54746 ms - Host latency: 3.60898 ms (end to end 3.61885 ms, enqueue 2.11562 ms)
[05/15/2026-04:11:59] [I] Average on 10 runs - GPU latency: 3.54307 ms - Host latency: 3.6041 ms (end to end 3.61367 ms, enqueue 2.20703 ms)
[05/15/2026-04:11:59] [I] Average on 10 runs - GPU latency: 3.53682 ms - Host latency: 3.59854 ms (end to end 3.6083 ms, enqueue 2.2749 ms)
[05/15/2026-04:11:59] [I] Average on 10 runs - GPU latency: 3.53516 ms - Host latency: 3.59668 ms (end to end 3.60635 ms, enqueue 2.41504 ms)
[05/15/2026-04:11:59] [I] Average on 10 runs - GPU latency: 3.52949 ms - Host latency: 3.5915 ms (end to end 3.60156 ms, enqueue 2.50576 ms)
[05/15/2026-04:11:59] [I] Average on 10 runs - GPU latency: 3.55068 ms - Host latency: 3.6125 ms (end to end 3.62168 ms, enqueue 2.18691 ms)
[05/15/2026-04:11:59] [I] Average on 10 runs - GPU latency: 3.53437 ms - Host latency: 3.596 ms (end to end 3.60537 ms, enqueue 2.29404 ms)
[05/15/2026-04:11:59] [I] Average on 10 runs - GPU latency: 3.51445 ms - Host latency: 3.57607 ms (end to end 3.58652 ms, enqueue 2.78828 ms)
[05/15/2026-04:11:59] [I] Average on 10 runs - GPU latency: 3.53584 ms - Host latency: 3.59805 ms (end to end 3.60742 ms, enqueue 2.32754 ms)
[05/15/2026-04:11:59] [I] Average on 10 runs - GPU latency: 3.55801 ms - Host latency: 3.61934 ms (end to end 3.6292 ms, enqueue 2.00859 ms)
[05/15/2026-04:11:59] [I] Average on 10 runs - GPU latency: 3.54346 ms - Host latency: 3.60527 ms (end to end 3.61484 ms, enqueue 2.21924 ms)
[05/15/2026-04:11:59] [I] Average on 10 runs - GPU latency: 3.53799 ms - Host latency: 3.6 ms (end to end 3.60947 ms, enqueue 2.31455 ms)
[05/15/2026-04:11:59] [I] Average on 10 runs - GPU latency: 3.53643 ms - Host latency: 3.59814 ms (end to end 3.60742 ms, enqueue 2.34004 ms)
[05/15/2026-04:11:59] [I] Average on 10 runs - GPU latency: 3.53564 ms - Host latency: 3.59717 ms (end to end 3.60664 ms, enqueue 2.40693 ms)
[05/15/2026-04:11:59] [I] Average on 10 runs - GPU latency: 3.63008 ms - Host latency: 3.69316 ms (end to end 3.71133 ms, enqueue 2.40098 ms)
[05/15/2026-04:11:59] [I] Average on 10 runs - GPU latency: 3.54023 ms - Host latency: 3.60156 ms (end to end 3.61133 ms, enqueue 2.29043 ms)
[05/15/2026-04:11:59] [I] Average on 10 runs - GPU latency: 3.52754 ms - Host latency: 3.58887 ms (end to end 3.59893 ms, enqueue 2.40713 ms)
[05/15/2026-04:11:59] [I] Average on 10 runs - GPU latency: 3.52266 ms - Host latency: 3.58408 ms (end to end 3.59355 ms, enqueue 2.56953 ms)
[05/15/2026-04:11:59] [I] Average on 10 runs - GPU latency: 3.52949 ms - Host latency: 3.59053 ms (end to end 3.6 ms, enqueue 2.42988 ms)
[05/15/2026-04:11:59] [I] Average on 10 runs - GPU latency: 3.52705 ms - Host latency: 3.58818 ms (end to end 3.59775 ms, enqueue 2.52305 ms)
[05/15/2026-04:11:59] [I] Average on 10 runs - GPU latency: 3.53564 ms - Host latency: 3.59707 ms (end to end 3.60576 ms, enqueue 2.33262 ms)
[05/15/2026-04:11:59] [I] Average on 10 runs - GPU latency: 3.52256 ms - Host latency: 3.58467 ms (end to end 3.59551 ms, enqueue 2.65 ms)
[05/15/2026-04:11:59] [I] Average on 10 runs - GPU latency: 3.52422 ms - Host latency: 3.58535 ms (end to end 3.59502 ms, enqueue 2.52334 ms)
[05/15/2026-04:11:59] [I] Average on 10 runs - GPU latency: 3.52686 ms - Host latency: 3.58838 ms (end to end 3.59805 ms, enqueue 2.44551 ms)
[05/15/2026-04:11:59] [I] Average on 10 runs - GPU latency: 3.52773 ms - Host latency: 3.58945 ms (end to end 3.59873 ms, enqueue 2.45752 ms)
[05/15/2026-04:11:59] [I] Average on 10 runs - GPU latency: 3.52471 ms - Host latency: 3.58564 ms (end to end 3.59551 ms, enqueue 2.46572 ms)
[05/15/2026-04:11:59] [I] Average on 10 runs - GPU latency: 3.53701 ms - Host latency: 3.59893 ms (end to end 3.6085 ms, enqueue 2.2707 ms)
[05/15/2026-04:11:59] [I] Average on 10 runs - GPU latency: 3.55 ms - Host latency: 3.61162 ms (end to end 3.62109 ms, enqueue 2.21426 ms)
[05/15/2026-04:11:59] [I] Average on 10 runs - GPU latency: 3.53545 ms - Host latency: 3.59717 ms (end to end 3.60674 ms, enqueue 2.32441 ms)
[05/15/2026-04:11:59] [I] Average on 10 runs - GPU latency: 3.52969 ms - Host latency: 3.59121 ms (end to end 3.60059 ms, enqueue 2.48506 ms)
[05/15/2026-04:11:59] [I] Average on 10 runs - GPU latency: 3.54863 ms - Host latency: 3.61016 ms (end to end 3.61963 ms, enqueue 2.17656 ms)
[05/15/2026-04:11:59] [I] Average on 10 runs - GPU latency: 3.53291 ms - Host latency: 3.59502 ms (end to end 3.60488 ms, enqueue 2.38682 ms)
[05/15/2026-04:11:59] [I] Average on 10 runs - GPU latency: 3.55156 ms - Host latency: 3.61309 ms (end to end 3.62275 ms, enqueue 2.05342 ms)
[05/15/2026-04:11:59] [I] Average on 10 runs - GPU latency: 3.53848 ms - Host latency: 3.60068 ms (end to end 3.60996 ms, enqueue 2.22109 ms)
[05/15/2026-04:11:59] [I] Average on 10 runs - GPU latency: 3.53906 ms - Host latency: 3.60283 ms (end to end 3.61338 ms, enqueue 2.51387 ms)
[05/15/2026-04:11:59] [I] Average on 10 runs - GPU latency: 3.53516 ms - Host latency: 3.59795 ms (end to end 3.60732 ms, enqueue 2.4252 ms)
[05/15/2026-04:11:59] [I] Average on 10 runs - GPU latency: 3.53867 ms - Host latency: 3.59971 ms (end to end 3.60938 ms, enqueue 2.37197 ms)
[05/15/2026-04:11:59] [I] Average on 10 runs - GPU latency: 3.54824 ms - Host latency: 3.60957 ms (end to end 3.61895 ms, enqueue 2.20322 ms)
[05/15/2026-04:11:59] [I] Average on 10 runs - GPU latency: 3.5458 ms - Host latency: 3.60752 ms (end to end 3.61709 ms, enqueue 2.21611 ms)
[05/15/2026-04:11:59] [I] Average on 10 runs - GPU latency: 3.5376 ms - Host latency: 3.59863 ms (end to end 3.6084 ms, enqueue 2.2791 ms)
[05/15/2026-04:11:59] [I] Average on 10 runs - GPU latency: 3.52822 ms - Host latency: 3.58955 ms (end to end 3.59932 ms, enqueue 2.43369 ms)
[05/15/2026-04:11:59] [I] Average on 10 runs - GPU latency: 3.55137 ms - Host latency: 3.61377 ms (end to end 3.62334 ms, enqueue 2.2335 ms)
[05/15/2026-04:11:59] [I] Average on 10 runs - GPU latency: 3.60352 ms - Host latency: 3.66553 ms (end to end 3.71357 ms, enqueue 2.29121 ms)
[05/15/2026-04:11:59] [I] Average on 10 runs - GPU latency: 3.54443 ms - Host latency: 3.60586 ms (end to end 3.61572 ms, enqueue 2.1999 ms)
[05/15/2026-04:11:59] [I] Average on 10 runs - GPU latency: 3.53984 ms - Host latency: 3.60078 ms (end to end 3.61055 ms, enqueue 2.30186 ms)
[05/15/2026-04:11:59] [I] Average on 10 runs - GPU latency: 3.52715 ms - Host latency: 3.58848 ms (end to end 3.59844 ms, enqueue 2.45068 ms)
[05/15/2026-04:11:59] [I] Average on 10 runs - GPU latency: 3.54365 ms - Host latency: 3.60547 ms (end to end 3.61475 ms, enqueue 2.34531 ms)
[05/15/2026-04:11:59] [I] Average on 10 runs - GPU latency: 3.55273 ms - Host latency: 3.61396 ms (end to end 3.62373 ms, enqueue 2.06982 ms)
[05/15/2026-04:11:59] [I] Average on 10 runs - GPU latency: 3.53242 ms - Host latency: 3.59355 ms (end to end 3.60332 ms, enqueue 2.34238 ms)
[05/15/2026-04:11:59] [I] Average on 10 runs - GPU latency: 3.53193 ms - Host latency: 3.59434 ms (end to end 3.60381 ms, enqueue 2.34697 ms)
[05/15/2026-04:11:59] [I] Average on 10 runs - GPU latency: 3.52031 ms - Host latency: 3.58184 ms (end to end 3.59121 ms, enqueue 2.57451 ms)
[05/15/2026-04:11:59] [I] Average on 10 runs - GPU latency: 3.52813 ms - Host latency: 3.58916 ms (end to end 3.59844 ms, enqueue 2.40996 ms)
[05/15/2026-04:11:59] [I] Average on 10 runs - GPU latency: 3.53496 ms - Host latency: 3.59639 ms (end to end 3.60605 ms, enqueue 2.38047 ms)
[05/15/2026-04:11:59] [I] Average on 10 runs - GPU latency: 3.53623 ms - Host latency: 3.59814 ms (end to end 3.60791 ms, enqueue 2.2916 ms)
[05/15/2026-04:11:59] [I] Average on 10 runs - GPU latency: 3.5249 ms - Host latency: 3.58643 ms (end to end 3.596 ms, enqueue 2.43857 ms)
[05/15/2026-04:11:59] [I] Average on 10 runs - GPU latency: 3.54063 ms - Host latency: 3.60205 ms (end to end 3.61191 ms, enqueue 2.34404 ms)
[05/15/2026-04:11:59] [I] Average on 10 runs - GPU latency: 3.56016 ms - Host latency: 3.62158 ms (end to end 3.63115 ms, enqueue 1.98262 ms)
[05/15/2026-04:11:59] [I] Average on 10 runs - GPU latency: 3.55088 ms - Host latency: 3.6126 ms (end to end 3.62188 ms, enqueue 2.13223 ms)
[05/15/2026-04:11:59] [I] Average on 10 runs - GPU latency: 3.54004 ms - Host latency: 3.60186 ms (end to end 3.61113 ms, enqueue 2.34531 ms)
[05/15/2026-04:11:59] [I] Average on 10 runs - GPU latency: 3.53701 ms - Host latency: 3.59854 ms (end to end 3.60752 ms, enqueue 2.27393 ms)
[05/15/2026-04:11:59] [I] Average on 10 runs - GPU latency: 3.54053 ms - Host latency: 3.60215 ms (end to end 3.61279 ms, enqueue 2.40684 ms)
[05/15/2026-04:11:59] [I] Average on 10 runs - GPU latency: 3.5335 ms - Host latency: 3.59541 ms (end to end 3.6042 ms, enqueue 2.50312 ms)
[05/15/2026-04:11:59] [I] Average on 10 runs - GPU latency: 3.52773 ms - Host latency: 3.58916 ms (end to end 3.59893 ms, enqueue 2.38545 ms)
[05/15/2026-04:11:59] [I] Average on 10 runs - GPU latency: 3.56104 ms - Host latency: 3.62227 ms (end to end 3.63184 ms, enqueue 1.98975 ms)
[05/15/2026-04:11:59] [I] Average on 10 runs - GPU latency: 3.54297 ms - Host latency: 3.60449 ms (end to end 3.61367 ms, enqueue 2.20244 ms)
[05/15/2026-04:11:59] [I] Average on 10 runs - GPU latency: 3.54756 ms - Host latency: 3.60908 ms (end to end 3.61855 ms, enqueue 2.21406 ms)
[05/15/2026-04:11:59] [I] Average on 10 runs - GPU latency: 3.53887 ms - Host latency: 3.60029 ms (end to end 3.61006 ms, enqueue 2.36699 ms)
[05/15/2026-04:11:59] [I] Average on 10 runs - GPU latency: 3.5543 ms - Host latency: 3.61611 ms (end to end 3.62598 ms, enqueue 2.15791 ms)
[05/15/2026-04:11:59] [I] Average on 10 runs - GPU latency: 3.53389 ms - Host latency: 3.59561 ms (end to end 3.60508 ms, enqueue 2.40566 ms)
[05/15/2026-04:11:59] [I] Average on 10 runs - GPU latency: 3.60479 ms - Host latency: 3.66777 ms (end to end 3.68711 ms, enqueue 2.60957 ms)
[05/15/2026-04:11:59] [I] Average on 10 runs - GPU latency: 3.55693 ms - Host latency: 3.61836 ms (end to end 3.62783 ms, enqueue 2.12441 ms)
[05/15/2026-04:11:59] [I] Average on 10 runs - GPU latency: 3.55713 ms - Host latency: 3.61924 ms (end to end 3.6292 ms, enqueue 2.08086 ms)
[05/15/2026-04:11:59] [I] Average on 10 runs - GPU latency: 3.53848 ms - Host latency: 3.5998 ms (end to end 3.60918 ms, enqueue 2.27676 ms)
[05/15/2026-04:11:59] [I] Average on 10 runs - GPU latency: 3.52383 ms - Host latency: 3.58477 ms (end to end 3.59414 ms, enqueue 2.47129 ms)
[05/15/2026-04:11:59] [I] Average on 10 runs - GPU latency: 3.52559 ms - Host latency: 3.5875 ms (end to end 3.59727 ms, enqueue 2.51426 ms)
[05/15/2026-04:11:59] [I] Average on 10 runs - GPU latency: 3.55449 ms - Host latency: 3.61621 ms (end to end 3.62598 ms, enqueue 2.10742 ms)
[05/15/2026-04:11:59] [I] Average on 10 runs - GPU latency: 3.54473 ms - Host latency: 3.60625 ms (end to end 3.61621 ms, enqueue 2.25254 ms)
[05/15/2026-04:11:59] [I] Average on 10 runs - GPU latency: 3.55449 ms - Host latency: 3.61602 ms (end to end 3.62578 ms, enqueue 2.0623 ms)
[05/15/2026-04:11:59] [I] Average on 10 runs - GPU latency: 3.54238 ms - Host latency: 3.60391 ms (end to end 3.61387 ms, enqueue 2.26348 ms)
[05/15/2026-04:11:59] [I] Average on 10 runs - GPU latency: 3.55586 ms - Host latency: 3.61699 ms (end to end 3.62676 ms, enqueue 2.14375 ms)
[05/15/2026-04:11:59] [I] Average on 10 runs - GPU latency: 3.5291 ms - Host latency: 3.59121 ms (end to end 3.60078 ms, enqueue 2.43984 ms)
[05/15/2026-04:11:59] [I] Average on 10 runs - GPU latency: 3.52754 ms - Host latency: 3.58926 ms (end to end 3.59922 ms, enqueue 2.48262 ms)
[05/15/2026-04:11:59] [I] Average on 10 runs - GPU latency: 3.52305 ms - Host latency: 3.58457 ms (end to end 3.59375 ms, enqueue 2.44238 ms)
[05/15/2026-04:11:59] [I] Average on 10 runs - GPU latency: 3.52969 ms - Host latency: 3.59102 ms (end to end 3.60039 ms, enqueue 2.46113 ms)
[05/15/2026-04:11:59] [I] Average on 10 runs - GPU latency: 3.55645 ms - Host latency: 3.61777 ms (end to end 3.62773 ms, enqueue 2.1334 ms)
[05/15/2026-04:11:59] [I] Average on 10 runs - GPU latency: 3.55391 ms - Host latency: 3.61523 ms (end to end 3.62461 ms, enqueue 2.06152 ms)
[05/15/2026-04:11:59] [I] Average on 10 runs - GPU latency: 3.55078 ms - Host latency: 3.6127 ms (end to end 3.62148 ms, enqueue 2.05879 ms)
[05/15/2026-04:11:59] [I] Average on 10 runs - GPU latency: 3.54063 ms - Host latency: 3.60234 ms (end to end 3.61172 ms, enqueue 2.32246 ms)
[05/15/2026-04:11:59] [I] Average on 10 runs - GPU latency: 3.53945 ms - Host latency: 3.60098 ms (end to end 3.61074 ms, enqueue 2.46367 ms)
[05/15/2026-04:11:59] [I] Average on 10 runs - GPU latency: 3.53965 ms - Host latency: 3.60078 ms (end to end 3.61055 ms, enqueue 2.19824 ms)
[05/15/2026-04:11:59] [I] Average on 10 runs - GPU latency: 3.53965 ms - Host latency: 3.60078 ms (end to end 3.60996 ms, enqueue 2.25098 ms)
[05/15/2026-04:11:59] [I] Average on 10 runs - GPU latency: 3.52402 ms - Host latency: 3.58613 ms (end to end 3.5957 ms, enqueue 2.43867 ms)
[05/15/2026-04:11:59] [I] Average on 10 runs - GPU latency: 3.5291 ms - Host latency: 3.59102 ms (end to end 3.60078 ms, enqueue 2.34727 ms)
[05/15/2026-04:11:59] [I] Average on 10 runs - GPU latency: 3.52285 ms - Host latency: 3.58477 ms (end to end 3.59434 ms, enqueue 2.48691 ms)
[05/15/2026-04:11:59] [I] Average on 10 runs - GPU latency: 3.52617 ms - Host latency: 3.58809 ms (end to end 3.59785 ms, enqueue 2.47344 ms)
[05/15/2026-04:11:59] [I] Average on 10 runs - GPU latency: 3.5334 ms - Host latency: 3.59473 ms (end to end 3.6041 ms, enqueue 2.41758 ms)
[05/15/2026-04:11:59] [I] Average on 10 runs - GPU latency: 3.55605 ms - Host latency: 3.61758 ms (end to end 3.62715 ms, enqueue 1.99492 ms)
[05/15/2026-04:11:59] [I] Average on 10 runs - GPU latency: 3.63672 ms - Host latency: 3.69883 ms (end to end 3.71719 ms, enqueue 2.30684 ms)
[05/15/2026-04:11:59] [I] Average on 10 runs - GPU latency: 3.52793 ms - Host latency: 3.58926 ms (end to end 3.59883 ms, enqueue 2.41855 ms)
[05/15/2026-04:11:59] [I] Average on 10 runs - GPU latency: 3.5291 ms - Host latency: 3.5916 ms (end to end 3.60117 ms, enqueue 2.55938 ms)
[05/15/2026-04:11:59] [I] Average on 10 runs - GPU latency: 3.55801 ms - Host latency: 3.61973 ms (end to end 3.63047 ms, enqueue 2.02227 ms)
[05/15/2026-04:11:59] [I] Average on 10 runs - GPU latency: 3.55703 ms - Host latency: 3.61777 ms (end to end 3.62734 ms, enqueue 2.06445 ms)
[05/15/2026-04:11:59] [I] Average on 10 runs - GPU latency: 3.54141 ms - Host latency: 3.60352 ms (end to end 3.61289 ms, enqueue 2.21504 ms)
[05/15/2026-04:11:59] [I] Average on 10 runs - GPU latency: 3.53809 ms - Host latency: 3.59961 ms (end to end 3.60898 ms, enqueue 2.26113 ms)
[05/15/2026-04:11:59] [I] Average on 10 runs - GPU latency: 3.52344 ms - Host latency: 3.58437 ms (end to end 3.59492 ms, enqueue 2.51621 ms)
[05/15/2026-04:11:59] [I] Average on 10 runs - GPU latency: 3.54473 ms - Host latency: 3.60605 ms (end to end 3.61621 ms, enqueue 2.2541 ms)
[05/15/2026-04:11:59] [I] Average on 10 runs - GPU latency: 3.55156 ms - Host latency: 3.61367 ms (end to end 3.62344 ms, enqueue 2.12344 ms)
[05/15/2026-04:11:59] [I] Average on 10 runs - GPU latency: 3.5332 ms - Host latency: 3.59453 ms (end to end 3.60371 ms, enqueue 2.37891 ms)
[05/15/2026-04:11:59] [I] Average on 10 runs - GPU latency: 3.53281 ms - Host latency: 3.59473 ms (end to end 3.6043 ms, enqueue 2.30254 ms)
[05/15/2026-04:11:59] [I] Average on 10 runs - GPU latency: 3.52207 ms - Host latency: 3.58379 ms (end to end 3.59355 ms, enqueue 2.49902 ms)
[05/15/2026-04:11:59] [I] Average on 10 runs - GPU latency: 3.49277 ms - Host latency: 3.5541 ms (end to end 3.56836 ms, enqueue 3.17324 ms)
[05/15/2026-04:11:59] [I] Average on 10 runs - GPU latency: 3.49062 ms - Host latency: 3.55352 ms (end to end 3.56621 ms, enqueue 3.27871 ms)
[05/15/2026-04:11:59] [I] Average on 10 runs - GPU latency: 3.48926 ms - Host latency: 3.55078 ms (end to end 3.56543 ms, enqueue 3.30391 ms)
[05/15/2026-04:11:59] [I] Average on 10 runs - GPU latency: 3.49395 ms - Host latency: 3.55566 ms (end to end 3.57012 ms, enqueue 3.25703 ms)
[05/15/2026-04:11:59] [I] Average on 10 runs - GPU latency: 3.48789 ms - Host latency: 3.55039 ms (end to end 3.56348 ms, enqueue 3.39863 ms)
[05/15/2026-04:11:59] [I] Average on 10 runs - GPU latency: 3.48867 ms - Host latency: 3.55156 ms (end to end 3.56543 ms, enqueue 3.36621 ms)
[05/15/2026-04:11:59] [I] Average on 10 runs - GPU latency: 3.49062 ms - Host latency: 3.55293 ms (end to end 3.56738 ms, enqueue 3.39883 ms)
[05/15/2026-04:11:59] [I] Average on 10 runs - GPU latency: 3.48965 ms - Host latency: 3.55234 ms (end to end 3.56543 ms, enqueue 3.30996 ms)
[05/15/2026-04:11:59] [I] Average on 10 runs - GPU latency: 3.4877 ms - Host latency: 3.5498 ms (end to end 3.56387 ms, enqueue 3.29297 ms)
[05/15/2026-04:11:59] [I] Average on 10 runs - GPU latency: 3.48828 ms - Host latency: 3.55098 ms (end to end 3.56445 ms, enqueue 3.34961 ms)
[05/15/2026-04:11:59] [I] Average on 10 runs - GPU latency: 3.49004 ms - Host latency: 3.55371 ms (end to end 3.56719 ms, enqueue 3.31875 ms)
[05/15/2026-04:11:59] [I] Average on 10 runs - GPU latency: 3.48828 ms - Host latency: 3.55078 ms (end to end 3.56484 ms, enqueue 3.42383 ms)
[05/15/2026-04:11:59] [I] Average on 10 runs - GPU latency: 3.48867 ms - Host latency: 3.55117 ms (end to end 3.56562 ms, enqueue 3.38047 ms)
[05/15/2026-04:11:59] [I] Average on 10 runs - GPU latency: 3.48984 ms - Host latency: 3.55234 ms (end to end 3.56523 ms, enqueue 3.34531 ms)
[05/15/2026-04:11:59] [I] Average on 10 runs - GPU latency: 3.48867 ms - Host latency: 3.55137 ms (end to end 3.56504 ms, enqueue 3.29668 ms)
[05/15/2026-04:11:59] [I] Average on 10 runs - GPU latency: 3.61172 ms - Host latency: 3.67539 ms (end to end 3.69668 ms, enqueue 2.90469 ms)
[05/15/2026-04:11:59] [I] Average on 10 runs - GPU latency: 3.55566 ms - Host latency: 3.6166 ms (end to end 3.62617 ms, enqueue 2.05566 ms)
[05/15/2026-04:11:59] [I] Average on 10 runs - GPU latency: 3.4873 ms - Host latency: 3.5498 ms (end to end 3.56387 ms, enqueue 3.27305 ms)
[05/15/2026-04:11:59] [I] Average on 10 runs - GPU latency: 3.49062 ms - Host latency: 3.55332 ms (end to end 3.5666 ms, enqueue 3.49414 ms)
[05/15/2026-04:11:59] [I] Average on 10 runs - GPU latency: 3.51484 ms - Host latency: 3.58496 ms (end to end 3.59551 ms, enqueue 3.38555 ms)
[05/15/2026-04:11:59] [I] Average on 10 runs - GPU latency: 3.55527 ms - Host latency: 3.67539 ms (end to end 3.69258 ms, enqueue 3.40898 ms)
[05/15/2026-04:11:59] [I] Average on 10 runs - GPU latency: 3.54961 ms - Host latency: 3.6459 ms (end to end 3.64922 ms, enqueue 3.38008 ms)
[05/15/2026-04:11:59] [I] Average on 10 runs - GPU latency: 3.54531 ms - Host latency: 3.62246 ms (end to end 3.62988 ms, enqueue 3.35762 ms)
[05/15/2026-04:11:59] [I] Average on 10 runs - GPU latency: 3.55625 ms - Host latency: 3.69219 ms (end to end 3.71387 ms, enqueue 3.45078 ms)
[05/15/2026-04:11:59] [I] Average on 10 runs - GPU latency: 3.55312 ms - Host latency: 3.65215 ms (end to end 3.6582 ms, enqueue 3.37754 ms)
[05/15/2026-04:11:59] [I] Average on 10 runs - GPU latency: 3.59355 ms - Host latency: 3.74531 ms (end to end 3.76172 ms, enqueue 3.48145 ms)
[05/15/2026-04:11:59] [I] Average on 10 runs - GPU latency: 3.54766 ms - Host latency: 3.64375 ms (end to end 3.64824 ms, enqueue 3.36797 ms)
[05/15/2026-04:11:59] [I] Average on 10 runs - GPU latency: 3.59063 ms - Host latency: 3.70586 ms (end to end 3.7248 ms, enqueue 3.46465 ms)
[05/15/2026-04:11:59] [I] Average on 10 runs - GPU latency: 3.57422 ms - Host latency: 3.72969 ms (end to end 3.7418 ms, enqueue 3.4666 ms)
[05/15/2026-04:11:59] [I] Average on 10 runs - GPU latency: 3.5459 ms - Host latency: 3.65293 ms (end to end 3.65996 ms, enqueue 3.38438 ms)
[05/15/2026-04:11:59] [I] Average on 10 runs - GPU latency: 3.54375 ms - Host latency: 3.61855 ms (end to end 3.62559 ms, enqueue 3.02871 ms)
[05/15/2026-04:11:59] [I] Average on 10 runs - GPU latency: 3.55547 ms - Host latency: 3.6168 ms (end to end 3.62598 ms, enqueue 2.1084 ms)
[05/15/2026-04:11:59] [I] Average on 10 runs - GPU latency: 3.54961 ms - Host latency: 3.61152 ms (end to end 3.6209 ms, enqueue 2.17422 ms)
[05/15/2026-04:11:59] [I] Average on 10 runs - GPU latency: 3.54453 ms - Host latency: 3.60488 ms (end to end 3.61445 ms, enqueue 2.2248 ms)
[05/15/2026-04:11:59] [I] Average on 10 runs - GPU latency: 3.5418 ms - Host latency: 3.60254 ms (end to end 3.61172 ms, enqueue 2.31816 ms)
[05/15/2026-04:11:59] [I] Average on 10 runs - GPU latency: 3.54707 ms - Host latency: 3.60781 ms (end to end 3.61758 ms, enqueue 2.24805 ms)
[05/15/2026-04:11:59] [I] Average on 10 runs - GPU latency: 3.53008 ms - Host latency: 3.59141 ms (end to end 3.60098 ms, enqueue 2.34199 ms)
[05/15/2026-04:11:59] [I] Average on 10 runs - GPU latency: 3.52813 ms - Host latency: 3.58945 ms (end to end 3.59844 ms, enqueue 2.58027 ms)
[05/15/2026-04:11:59] [I] Average on 10 runs - GPU latency: 3.54258 ms - Host latency: 3.60469 ms (end to end 3.61465 ms, enqueue 2.41914 ms)
[05/15/2026-04:11:59] [I] Average on 10 runs - GPU latency: 3.5252 ms - Host latency: 3.58691 ms (end to end 3.59668 ms, enqueue 2.5377 ms)
[05/15/2026-04:11:59] [I] Average on 10 runs - GPU latency: 3.52422 ms - Host latency: 3.58535 ms (end to end 3.59473 ms, enqueue 2.49121 ms)
[05/15/2026-04:11:59] [I] Average on 10 runs - GPU latency: 3.4873 ms - Host latency: 3.54941 ms (end to end 3.56387 ms, enqueue 3.51387 ms)
[05/15/2026-04:11:59] [I] Average on 10 runs - GPU latency: 3.62324 ms - Host latency: 3.68652 ms (end to end 3.70566 ms, enqueue 2.47734 ms)
[05/15/2026-04:11:59] [I] Average on 10 runs - GPU latency: 3.54688 ms - Host latency: 3.60859 ms (end to end 3.61797 ms, enqueue 2.21035 ms)
[05/15/2026-04:11:59] [I] Average on 10 runs - GPU latency: 3.55664 ms - Host latency: 3.61777 ms (end to end 3.62715 ms, enqueue 2.01016 ms)
[05/15/2026-04:11:59] [I] Average on 10 runs - GPU latency: 3.53027 ms - Host latency: 3.59277 ms (end to end 3.60273 ms, enqueue 2.4625 ms)
[05/15/2026-04:11:59] [I] Average on 10 runs - GPU latency: 3.54492 ms - Host latency: 3.60664 ms (end to end 3.61641 ms, enqueue 2.1293 ms)
[05/15/2026-04:11:59] [I] Average on 10 runs - GPU latency: 3.55527 ms - Host latency: 3.61719 ms (end to end 3.62676 ms, enqueue 2.07715 ms)
[05/15/2026-04:11:59] [I] Average on 10 runs - GPU latency: 3.54434 ms - Host latency: 3.60645 ms (end to end 3.61465 ms, enqueue 2.08906 ms)
[05/15/2026-04:11:59] [I] Average on 10 runs - GPU latency: 3.55137 ms - Host latency: 3.61367 ms (end to end 3.62266 ms, enqueue 2.11133 ms)
[05/15/2026-04:11:59] [I] Average on 10 runs - GPU latency: 3.54492 ms - Host latency: 3.60664 ms (end to end 3.61621 ms, enqueue 2.10781 ms)
[05/15/2026-04:11:59] [I] Average on 10 runs - GPU latency: 3.54805 ms - Host latency: 3.60996 ms (end to end 3.61992 ms, enqueue 2.09883 ms)
[05/15/2026-04:11:59] [I] Average on 10 runs - GPU latency: 3.54727 ms - Host latency: 3.60898 ms (end to end 3.61895 ms, enqueue 2.08398 ms)
[05/15/2026-04:11:59] [I] Average on 10 runs - GPU latency: 3.55176 ms - Host latency: 3.6127 ms (end to end 3.62207 ms, enqueue 2.09863 ms)
[05/15/2026-04:11:59] [I] Average on 10 runs - GPU latency: 3.55195 ms - Host latency: 3.61367 ms (end to end 3.62305 ms, enqueue 2.09648 ms)
[05/15/2026-04:11:59] [I] Average on 10 runs - GPU latency: 3.53887 ms - Host latency: 3.6002 ms (end to end 3.60918 ms, enqueue 2.44844 ms)
[05/15/2026-04:11:59] [I] Average on 10 runs - GPU latency: 3.53574 ms - Host latency: 3.59707 ms (end to end 3.60664 ms, enqueue 2.37773 ms)
[05/15/2026-04:11:59] [I] Average on 10 runs - GPU latency: 3.55137 ms - Host latency: 3.61289 ms (end to end 3.62305 ms, enqueue 2.19082 ms)
[05/15/2026-04:11:59] [I] Average on 10 runs - GPU latency: 3.5502 ms - Host latency: 3.6123 ms (end to end 3.62129 ms, enqueue 2.06719 ms)
[05/15/2026-04:11:59] [I] Average on 10 runs - GPU latency: 3.55664 ms - Host latency: 3.61719 ms (end to end 3.62754 ms, enqueue 2.04434 ms)
[05/15/2026-04:11:59] [I] Average on 10 runs - GPU latency: 3.54844 ms - Host latency: 3.61016 ms (end to end 3.62012 ms, enqueue 2.13203 ms)
[05/15/2026-04:11:59] [I] Average on 10 runs - GPU latency: 3.54434 ms - Host latency: 3.60586 ms (end to end 3.61543 ms, enqueue 2.16875 ms)
[05/15/2026-04:11:59] [I] Average on 10 runs - GPU latency: 3.55039 ms - Host latency: 3.61152 ms (end to end 3.62148 ms, enqueue 2.17676 ms)
[05/15/2026-04:11:59] [I] Average on 10 runs - GPU latency: 3.54961 ms - Host latency: 3.61055 ms (end to end 3.62031 ms, enqueue 2.1668 ms)
[05/15/2026-04:11:59] [I] Average on 10 runs - GPU latency: 3.55156 ms - Host latency: 3.61367 ms (end to end 3.62305 ms, enqueue 2.06777 ms)
[05/15/2026-04:11:59] [I] Average on 10 runs - GPU latency: 3.55078 ms - Host latency: 3.6125 ms (end to end 3.62266 ms, enqueue 2.06191 ms)
[05/15/2026-04:11:59] [I] Average on 10 runs - GPU latency: 3.55703 ms - Host latency: 3.61914 ms (end to end 3.62832 ms, enqueue 2.05234 ms)
[05/15/2026-04:11:59] [I] Average on 10 runs - GPU latency: 3.54648 ms - Host latency: 3.6082 ms (end to end 3.61816 ms, enqueue 2.19668 ms)
[05/15/2026-04:11:59] [I] Average on 10 runs - GPU latency: 3.53574 ms - Host latency: 3.59707 ms (end to end 3.60605 ms, enqueue 2.37734 ms)
[05/15/2026-04:11:59] [I] Average on 10 runs - GPU latency: 3.54258 ms - Host latency: 3.6041 ms (end to end 3.61426 ms, enqueue 2.45234 ms)
[05/15/2026-04:11:59] [I] Average on 10 runs - GPU latency: 3.63223 ms - Host latency: 3.69453 ms (end to end 3.71426 ms, enqueue 2.26289 ms)
[05/15/2026-04:11:59] [I] Average on 10 runs - GPU latency: 3.54824 ms - Host latency: 3.61016 ms (end to end 3.61914 ms, enqueue 2.11172 ms)
[05/15/2026-04:11:59] [I] Average on 10 runs - GPU latency: 3.53613 ms - Host latency: 3.59785 ms (end to end 3.60742 ms, enqueue 2.34512 ms)
[05/15/2026-04:11:59] [I] Average on 10 runs - GPU latency: 3.52441 ms - Host latency: 3.58613 ms (end to end 3.59687 ms, enqueue 2.66523 ms)
[05/15/2026-04:11:59] [I] Average on 10 runs - GPU latency: 3.54551 ms - Host latency: 3.60742 ms (end to end 3.6168 ms, enqueue 2.22578 ms)
[05/15/2026-04:11:59] [I] Average on 10 runs - GPU latency: 3.5377 ms - Host latency: 3.59863 ms (end to end 3.60801 ms, enqueue 2.42051 ms)
[05/15/2026-04:11:59] [I] Average on 10 runs - GPU latency: 3.53809 ms - Host latency: 3.6002 ms (end to end 3.60957 ms, enqueue 2.27187 ms)
[05/15/2026-04:11:59] [I] Average on 10 runs - GPU latency: 3.54609 ms - Host latency: 3.60801 ms (end to end 3.61816 ms, enqueue 2.17441 ms)
[05/15/2026-04:11:59] [I] Average on 10 runs - GPU latency: 3.53965 ms - Host latency: 3.60156 ms (end to end 3.61133 ms, enqueue 2.12773 ms)
[05/15/2026-04:11:59] [I] Average on 10 runs - GPU latency: 3.53301 ms - Host latency: 3.59453 ms (end to end 3.60352 ms, enqueue 2.27852 ms)
[05/15/2026-04:11:59] [I] Average on 10 runs - GPU latency: 3.53457 ms - Host latency: 3.59648 ms (end to end 3.60762 ms, enqueue 2.51133 ms)
[05/15/2026-04:11:59] [I] Average on 10 runs - GPU latency: 3.54668 ms - Host latency: 3.60898 ms (end to end 3.61836 ms, enqueue 2.13223 ms)
[05/15/2026-04:11:59] [I] Average on 10 runs - GPU latency: 3.55352 ms - Host latency: 3.61445 ms (end to end 3.62441 ms, enqueue 2.06484 ms)
[05/15/2026-04:11:59] [I] Average on 10 runs - GPU latency: 3.54766 ms - Host latency: 3.60938 ms (end to end 3.61777 ms, enqueue 1.98086 ms)
[05/15/2026-04:11:59] [I] Average on 10 runs - GPU latency: 3.52168 ms - Host latency: 3.58379 ms (end to end 3.5959 ms, enqueue 2.87383 ms)
[05/15/2026-04:11:59] [I] Average on 10 runs - GPU latency: 3.53926 ms - Host latency: 3.60156 ms (end to end 3.61133 ms, enqueue 2.15586 ms)
[05/15/2026-04:11:59] [I] Average on 10 runs - GPU latency: 3.53613 ms - Host latency: 3.59707 ms (end to end 3.60703 ms, enqueue 2.42656 ms)
[05/15/2026-04:11:59] [I] Average on 10 runs - GPU latency: 3.52676 ms - Host latency: 3.58887 ms (end to end 3.59941 ms, enqueue 2.58008 ms)
[05/15/2026-04:11:59] [I] Average on 10 runs - GPU latency: 3.53984 ms - Host latency: 3.60117 ms (end to end 3.61074 ms, enqueue 2.19238 ms)
[05/15/2026-04:11:59] [I] 
[05/15/2026-04:11:59] [I] === Performance summary ===
[05/15/2026-04:11:59] [I] Throughput: 277.101 qps
[05/15/2026-04:11:59] [I] Latency: min = 3.51794 ms, max = 5.25977 ms, mean = 3.59708 ms, median = 3.59473 ms, percentile(99%) = 3.80566 ms
[05/15/2026-04:11:59] [I] End-to-End Host Latency: min = 3.52234 ms, max = 5.31543 ms, mean = 3.60761 ms, median = 3.60449 ms, percentile(99%) = 3.8584 ms
[05/15/2026-04:11:59] [I] Enqueue Time: min = 1.84668 ms, max = 4.99512 ms, mean = 2.45653 ms, median = 2.34229 ms, percentile(99%) = 3.73926 ms
[05/15/2026-04:11:59] [I] H2D Latency: min = 0.0566406 ms, max = 0.131836 ms, mean = 0.0596346 ms, median = 0.0585938 ms, percentile(99%) = 0.107422 ms
[05/15/2026-04:11:59] [I] GPU Compute Time: min = 3.45703 ms, max = 5.02197 ms, mean = 3.53398 ms, median = 3.5332 ms, percentile(99%) = 3.73242 ms
[05/15/2026-04:11:59] [I] D2H Latency: min = 0 ms, max = 0.109375 ms, mean = 0.00346693 ms, median = 0.00292969 ms, percentile(99%) = 0.00390625 ms
[05/15/2026-04:11:59] [I] Total Host Walltime: 20.0071 s
[05/15/2026-04:11:59] [I] Total GPU Compute Time: 19.5924 s
[05/15/2026-04:11:59] [I] Explanations of the performance metrics are printed in the verbose logs.
[05/15/2026-04:11:59] [I] 
&&&& PASSED TensorRT.trtexec [TensorRT v8001] # /usr/src/tensorrt/bin/trtexec --loadEngine=engines/tomato_yolov8n_cls_domainmix_pd5_umair_hard_headprune20_fp16.engine --warmUp=1000 --duration=20 --iterations=1000
[05/15/2026-04:11:59] [I] [TRT] [MemUsageChange] Init cuBLAS/cuBLASLt: CPU +0, GPU +0, now: CPU 623, GPU 3729 (MiB)
