RAM 2464/3964MB (lfb 1x4MB) SWAP 1982/1982MB (cached 3MB) CPU [4%@1479,0%@102,0%@102,52%@1479] EMC_FREQ 0% GR3D_FREQ 0% PLL@42.5C CPU@46.5C PMIC@50C GPU@45C AO@52C thermal@44.75C POM_5V_IN 2283/2283 POM_5V_GPU 81/81 POM_5V_CPU 366/366
RAM 2464/3964MB (lfb 1x4MB) SWAP 1982/1982MB (cached 3MB) CPU [18%@102,3%@102,0%@102,7%@102] EMC_FREQ 0% GR3D_FREQ 0% PLL@42C CPU@45C PMIC@50C GPU@45C AO@51.5C thermal@45.5C POM_5V_IN 2160/2221 POM_5V_GPU 81/81 POM_5V_CPU 203/284
RAM 2464/3964MB (lfb 1x4MB) SWAP 1982/1982MB (cached 3MB) CPU [15%@102,7%@102,3%@102,0%@102] EMC_FREQ 0% GR3D_FREQ 0% PLL@42C CPU@45.5C PMIC@50C GPU@45C AO@51.5C thermal@45.5C POM_5V_IN 2201/2214 POM_5V_GPU 81/81 POM_5V_CPU 203/257
RAM 2464/3964MB (lfb 1x4MB) SWAP 1982/1982MB (cached 3MB) CPU [25%@204,7%@204,3%@204,7%@204] EMC_FREQ 0% GR3D_FREQ 0% PLL@42C CPU@45C PMIC@50C GPU@45C AO@51.5C thermal@45.5C POM_5V_IN 2201/2211 POM_5V_GPU 81/81 POM_5V_CPU 244/254
RAM 2464/3964MB (lfb 1x4MB) SWAP 1982/1982MB (cached 3MB) CPU [11%@403,3%@403,0%@403,0%@403] EMC_FREQ 0% GR3D_FREQ 0% PLL@42C CPU@45.5C PMIC@50C GPU@45C AO@51.5C thermal@45.5C POM_5V_IN 2160/2201 POM_5V_GPU 81/81 POM_5V_CPU 203/243
RAM 2464/3964MB (lfb 1x4MB) SWAP 1982/1982MB (cached 3MB) CPU [18%@102,3%@102,7%@102,3%@102] EMC_FREQ 0% GR3D_FREQ 0% PLL@42C CPU@45C PMIC@50C GPU@45C AO@51.5C thermal@45C POM_5V_IN 2201/2201 POM_5V_GPU 81/81 POM_5V_CPU 244/243
RAM 2464/3964MB (lfb 1x4MB) SWAP 1982/1982MB (cached 3MB) CPU [12%@102,3%@102,3%@102,7%@102] EMC_FREQ 0% GR3D_FREQ 0% PLL@42C CPU@45C PMIC@50C GPU@45C AO@51.5C thermal@45C POM_5V_IN 2201/2201 POM_5V_GPU 81/81 POM_5V_CPU 244/243
RAM 2497/3964MB (lfb 1x4MB) SWAP 1982/1982MB (cached 3MB) CPU [12%@1479,40%@1479,4%@1479,7%@1479] EMC_FREQ 0% GR3D_FREQ 0% PLL@42.5C CPU@47C PMIC@50C GPU@45C AO@52C thermal@45C POM_5V_IN 2889/2287 POM_5V_GPU 81/81 POM_5V_CPU 814/315
RAM 2534/3964MB (lfb 1x4MB) SWAP 1982/1982MB (cached 3MB) CPU [18%@1479,92%@1479,4%@1479,8%@1479] EMC_FREQ 0% GR3D_FREQ 22% PLL@44C CPU@49C PMIC@50C GPU@45.5C AO@52.5C thermal@45C POM_5V_IN 3459/2417 POM_5V_GPU 162/90 POM_5V_CPU 1302/424
RAM 2577/3964MB (lfb 1x4MB) SWAP 1982/1982MB (cached 3MB) CPU [4%@1479,69%@1479,30%@1479,4%@1479] EMC_FREQ 0% GR3D_FREQ 48% PLL@44C CPU@49.5C PMIC@50C GPU@46C AO@53.5C thermal@45C POM_5V_IN 3419/2517 POM_5V_GPU 122/93 POM_5V_CPU 1302/512
RAM 2590/3964MB (lfb 1x4MB) SWAP 1982/1982MB (cached 3MB) CPU [12%@1479,91%@1479,15%@1479,4%@1479] EMC_FREQ 0% GR3D_FREQ 27% PLL@44.5C CPU@49.5C PMIC@50C GPU@46.5C AO@53.5C thermal@47.25C POM_5V_IN 3459/2603 POM_5V_GPU 122/95 POM_5V_CPU 1302/584
RAM 2628/3964MB (lfb 1x4MB) SWAP 1982/1982MB (cached 3MB) CPU [11%@1479,64%@1479,38%@1479,11%@1479] EMC_FREQ 0% GR3D_FREQ 27% PLL@45C CPU@48C PMIC@50C GPU@47C AO@53.5C thermal@47.25C POM_5V_IN 3459/2674 POM_5V_GPU 122/98 POM_5V_CPU 1343/647
RAM 2656/3964MB (lfb 1x4MB) SWAP 1982/1982MB (cached 3MB) CPU [16%@1479,41%@1479,57%@1479,12%@1479] EMC_FREQ 0% GR3D_FREQ 29% PLL@45C CPU@50C PMIC@50C GPU@47C AO@54C thermal@47.25C POM_5V_IN 3459/2734 POM_5V_GPU 162/102 POM_5V_CPU 1343/701
RAM 2693/3964MB (lfb 1x4MB) SWAP 1982/1982MB (cached 3MB) CPU [16%@1479,37%@1479,12%@1479,66%@1479] EMC_FREQ 0% GR3D_FREQ 7% PLL@45.5C CPU@48.5C PMIC@50C GPU@47C AO@54C thermal@47.25C POM_5V_IN 3663/2801 POM_5V_GPU 162/107 POM_5V_CPU 1503/758
RAM 2714/3964MB (lfb 1x4MB) SWAP 1982/1982MB (cached 3MB) CPU [8%@1479,16%@1479,36%@1479,68%@1479] EMC_FREQ 0% GR3D_FREQ 35% PLL@45.5C CPU@49C PMIC@50C GPU@47.5C AO@54C thermal@47.75C POM_5V_IN 3663/2858 POM_5V_GPU 162/110 POM_5V_CPU 1503/807
RAM 2746/3964MB (lfb 1x4MB) SWAP 1982/1982MB (cached 3MB) CPU [12%@1479,30%@1479,76%@1479,11%@1479] EMC_FREQ 0% GR3D_FREQ 7% PLL@45.5C CPU@50C PMIC@50C GPU@47.5C AO@54.5C thermal@47.75C POM_5V_IN 3541/2901 POM_5V_GPU 162/114 POM_5V_CPU 1383/843
RAM 2772/3964MB (lfb 1x4MB) SWAP 1982/1982MB (cached 3MB) CPU [15%@1479,79%@1479,8%@1479,20%@1479] EMC_FREQ 0% GR3D_FREQ 52% PLL@45.5C CPU@51C PMIC@50C GPU@47.5C AO@54.5C thermal@47.75C POM_5V_IN 3622/2943 POM_5V_GPU 162/116 POM_5V_CPU 1422/877
RAM 2803/3964MB (lfb 1x4MB) SWAP 1982/1982MB (cached 3MB) CPU [34%@1479,12%@1479,47%@1479,37%@1479] EMC_FREQ 0% GR3D_FREQ 10% PLL@45.5C CPU@49C PMIC@50C GPU@48C AO@54.5C thermal@47.75C POM_5V_IN 3581/2978 POM_5V_GPU 162/119 POM_5V_CPU 1424/908
RAM 2848/3964MB (lfb 18x1MB) SWAP 1982/1982MB (cached 3MB) CPU [19%@1479,28%@1479,67%@1479,20%@1479] EMC_FREQ 0% GR3D_FREQ 0% PLL@46C CPU@49C PMIC@50C GPU@47.5C AO@54.5C thermal@48.5C POM_5V_IN 3581/3010 POM_5V_GPU 122/119 POM_5V_CPU 1422/935
RAM 2885/3964MB (lfb 18x1MB) SWAP 1982/1982MB (cached 3MB) CPU [8%@1479,54%@1479,29%@1479,23%@1479] EMC_FREQ 0% GR3D_FREQ 12% PLL@46C CPU@49C PMIC@50C GPU@48C AO@54.5C thermal@48.5C POM_5V_IN 3704/3045 POM_5V_GPU 162/121 POM_5V_CPU 1503/963
RAM 2944/3964MB (lfb 18x1MB) SWAP 1982/1982MB (cached 3MB) CPU [11%@1479,95%@1479,4%@1479,4%@1479] EMC_FREQ 0% GR3D_FREQ 0% PLL@46C CPU@50.5C PMIC@50C GPU@47.5C AO@54.5C thermal@48.5C POM_5V_IN 3297/3057 POM_5V_GPU 81/119 POM_5V_CPU 1221/975
RAM 2947/3964MB (lfb 18x1MB) SWAP 1982/1982MB (cached 3MB) CPU [20%@1479,37%@1479,68%@1479,18%@1479] EMC_FREQ 0% GR3D_FREQ 26% PLL@46C CPU@50C PMIC@50C GPU@48C AO@54.5C thermal@48.5C POM_5V_IN 3581/3081 POM_5V_GPU 122/119 POM_5V_CPU 1463/998
RAM 2973/3964MB (lfb 18x1MB) SWAP 1982/1982MB (cached 3MB) CPU [19%@1479,16%@1479,88%@1479,18%@1479] EMC_FREQ 0% GR3D_FREQ 50% PLL@46.5C CPU@49C PMIC@50C GPU@48.5C AO@55C thermal@48.5C POM_5V_IN 3622/3104 POM_5V_GPU 162/121 POM_5V_CPU 1422/1016
RAM 3009/3964MB (lfb 18x1MB) SWAP 1982/1982MB (cached 3MB) CPU [20%@1479,30%@1479,73%@1479,15%@1479] EMC_FREQ 0% GR3D_FREQ 20% PLL@46.5C CPU@51C PMIC@50C GPU@48C AO@54.5C thermal@49.25C POM_5V_IN 3581/3124 POM_5V_GPU 162/123 POM_5V_CPU 1381/1031
RAM 3039/3964MB (lfb 18x1MB) SWAP 1982/1982MB (cached 3MB) CPU [12%@1479,24%@1479,83%@1479,21%@1479] EMC_FREQ 0% GR3D_FREQ 52% PLL@46.5C CPU@50C PMIC@50C GPU@48.5C AO@55C thermal@49.25C POM_5V_IN 3744/3149 POM_5V_GPU 203/126 POM_5V_CPU 1584/1053
RAM 3061/3964MB (lfb 18x1MB) SWAP 1982/1982MB (cached 3MB) CPU [23%@1479,55%@1479,40%@1479,8%@1479] EMC_FREQ 0% GR3D_FREQ 52% PLL@46.5C CPU@52C PMIC@50C GPU@48C AO@55C thermal@49.25C POM_5V_IN 3581/3165 POM_5V_GPU 162/127 POM_5V_CPU 1422/1067
RAM 3095/3964MB (lfb 8x1MB) SWAP 1982/1982MB (cached 3MB) CPU [23%@1479,11%@1479,84%@1479,12%@1479] EMC_FREQ 0% GR3D_FREQ 0% PLL@46.5C CPU@49.5C PMIC@50C GPU@48.5C AO@55C thermal@49.25C POM_5V_IN 3500/3178 POM_5V_GPU 122/127 POM_5V_CPU 1343/1078
RAM 3097/3964MB (lfb 1x2MB) SWAP 1982/1982MB (cached 3MB) CPU [39%@1479,11%@1479,40%@1479,11%@1479] EMC_FREQ 0% GR3D_FREQ 98% PLL@46C CPU@50.5C PMIC@50C GPU@49C AO@55C thermal@48.5C POM_5V_IN 4876/3238 POM_5V_GPU 1463/175 POM_5V_CPU 1137/1080
RAM 3097/3964MB (lfb 1x2MB) SWAP 1982/1982MB (cached 3MB) CPU [100%@1479,4%@1479,16%@1479,12%@1479] EMC_FREQ 0% GR3D_FREQ 98% PLL@47.5C CPU@52C PMIC@50C GPU@52C AO@56.5C thermal@48.5C POM_5V_IN 7222/3376 POM_5V_GPU 3362/285 POM_5V_CPU 1417/1091
RAM 3097/3964MB (lfb 1x2MB) SWAP 1982/1982MB (cached 3MB) CPU [100%@1479,12%@1479,15%@1479,8%@1479] EMC_FREQ 0% GR3D_FREQ 98% PLL@49C CPU@53.5C PMIC@50C GPU@54C AO@58C thermal@48.5C POM_5V_IN 7344/3508 POM_5V_GPU 3403/389 POM_5V_CPU 1417/1102
RAM 3097/3964MB (lfb 1x2MB) SWAP 1982/1982MB (cached 3MB) CPU [76%@1326,4%@1326,20%@1326,21%@1326] EMC_FREQ 0% GR3D_FREQ 98% PLL@50C CPU@54C PMIC@50C GPU@55C AO@58.5C thermal@48.5C POM_5V_IN 7373/3633 POM_5V_GPU 3443/487 POM_5V_CPU 1458/1114
RAM 3097/3964MB (lfb 1x2MB) SWAP 1982/1982MB (cached 3MB) CPU [30%@1479,15%@1479,23%@1479,56%@1479] EMC_FREQ 0% GR3D_FREQ 98% PLL@50.5C CPU@55.5C PMIC@50C GPU@56C AO@59.5C thermal@55.75C POM_5V_IN 7535/3755 POM_5V_GPU 3484/581 POM_5V_CPU 1539/1127
RAM 3097/3964MB (lfb 1x2MB) SWAP 1982/1982MB (cached 3MB) CPU [37%@1479,19%@1479,16%@1479,60%@1479] EMC_FREQ 0% GR3D_FREQ 98% PLL@52C CPU@56C PMIC@50C GPU@56.5C AO@59.5C thermal@55.75C POM_5V_IN 7535/3869 POM_5V_GPU 3484/669 POM_5V_CPU 1539/1139
RAM 3097/3964MB (lfb 1x2MB) SWAP 1982/1982MB (cached 3MB) CPU [28%@1479,8%@1479,25%@1479,57%@1479] EMC_FREQ 0% GR3D_FREQ 98% PLL@52.5C CPU@56.5C PMIC@50C GPU@57C AO@60.5C thermal@55.75C POM_5V_IN 7575/3978 POM_5V_GPU 3484/752 POM_5V_CPU 1579/1152
RAM 3097/3964MB (lfb 1x2MB) SWAP 1982/1982MB (cached 3MB) CPU [29%@1326,52%@1326,25%@1326,28%@1326] EMC_FREQ 0% GR3D_FREQ 98% PLL@53C CPU@57.5C PMIC@50C GPU@58C AO@61.5C thermal@55.75C POM_5V_IN 7535/4080 POM_5V_GPU 3524/831 POM_5V_CPU 1498/1162
RAM 3097/3964MB (lfb 1x2MB) SWAP 1982/1982MB (cached 3MB) CPU [29%@1132,37%@1132,60%@1132,20%@1132] EMC_FREQ 0% GR3D_FREQ 98% PLL@53C CPU@57.5C PMIC@50C GPU@58.5C AO@61.5C thermal@55.75C POM_5V_IN 7575/4177 POM_5V_GPU 3524/906 POM_5V_CPU 1498/1171
RAM 3098/3964MB (lfb 1x2MB) SWAP 1982/1982MB (cached 3MB) CPU [28%@710,20%@710,66%@710,26%@710] EMC_FREQ 0% GR3D_FREQ 98% PLL@53.5C CPU@58.5C PMIC@50C GPU@59C AO@62C thermal@58.25C POM_5V_IN 7535/4268 POM_5V_GPU 3565/977 POM_5V_CPU 1458/1179
RAM 3097/3964MB (lfb 1x2MB) SWAP 1982/1982MB (cached 3MB) CPU [36%@1479,13%@1479,56%@1479,32%@1479] EMC_FREQ 0% GR3D_FREQ 98% PLL@54C CPU@59C PMIC@50C GPU@59.5C AO@62.5C thermal@58.25C POM_5V_IN 7616/4356 POM_5V_GPU 3565/1045 POM_5V_CPU 1539/1189
RAM 3097/3964MB (lfb 1x2MB) SWAP 1982/1982MB (cached 3MB) CPU [32%@921,56%@921,40%@921,17%@921] EMC_FREQ 0% GR3D_FREQ 98% PLL@54.5C CPU@59C PMIC@50C GPU@60C AO@62.5C thermal@58.25C POM_5V_IN 7575/4438 POM_5V_GPU 3565/1110 POM_5V_CPU 1458/1196
RAM 3097/3964MB (lfb 1x2MB) SWAP 1982/1982MB (cached 3MB) CPU [32%@1479,23%@1479,42%@1479,46%@1479] EMC_FREQ 0% GR3D_FREQ 98% PLL@55C CPU@60C PMIC@50C GPU@60.5C AO@63.5C thermal@58.25C POM_5V_IN 7737/4521 POM_5V_GPU 3565/1171 POM_5V_CPU 1579/1205
RAM 3098/3964MB (lfb 1x2MB) SWAP 1982/1982MB (cached 3MB) CPU [25%@1479,20%@1479,12%@1479,69%@1479] EMC_FREQ 0% GR3D_FREQ 98% PLL@55.5C CPU@60.5C PMIC@50C GPU@61C AO@64C thermal@60.25C POM_5V_IN 7737/4599 POM_5V_GPU 3565/1230 POM_5V_CPU 1620/1215
RAM 3097/3964MB (lfb 1x2MB) SWAP 1982/1982MB (cached 3MB) CPU [23%@1479,57%@1479,20%@1479,39%@1479] EMC_FREQ 0% GR3D_FREQ 99% PLL@56C CPU@60.5C PMIC@50C GPU@61C AO@64C thermal@60.25C POM_5V_IN 7778/4675 POM_5V_GPU 3605/1286 POM_5V_CPU 1620/1225
RAM 3098/3964MB (lfb 1x2MB) SWAP 1982/1982MB (cached 3MB) CPU [4%@1479,100%@1479,22%@1479,15%@1479] EMC_FREQ 0% GR3D_FREQ 99% PLL@56C CPU@60.5C PMIC@50C GPU@61C AO@64.5C thermal@60.25C POM_5V_IN 7778/4747 POM_5V_GPU 3646/1341 POM_5V_CPU 1620/1234
RAM 3098/3964MB (lfb 1x2MB) SWAP 1982/1982MB (cached 3MB) CPU [16%@1479,100%@1479,19%@1479,12%@1479] EMC_FREQ 0% GR3D_FREQ 99% PLL@56C CPU@61C PMIC@50C GPU@62C AO@65C thermal@60.25C POM_5V_IN 7778/4816 POM_5V_GPU 3646/1394 POM_5V_CPU 1620/1243
RAM 3097/3964MB (lfb 1x1MB) SWAP 1982/1982MB (cached 3MB) CPU [16%@1479,70%@1479,30%@1479,28%@1479] EMC_FREQ 0% GR3D_FREQ 98% PLL@56.5C CPU@62C PMIC@50C GPU@62C AO@65.5C thermal@60.25C POM_5V_IN 7899/4884 POM_5V_GPU 3605/1443 POM_5V_CPU 1739/1254
RAM 3088/3964MB (lfb 1x1MB) SWAP 1982/1982MB (cached 3MB) CPU [100%@1479,42%@1479,22%@1479,28%@1479] EMC_FREQ 0% GR3D_FREQ 96% PLL@57C CPU@61.5C PMIC@50C GPU@62.5C AO@66C thermal@62C POM_5V_IN 7575/4943 POM_5V_GPU 3524/1488 POM_5V_CPU 1539/1260
RAM 3088/3964MB (lfb 1x1MB) SWAP 1982/1982MB (cached 3MB) CPU [37%@1479,8%@1479,62%@1479,12%@1479] EMC_FREQ 0% GR3D_FREQ 98% PLL@57C CPU@62.5C PMIC@50C GPU@63C AO@66C thermal@62C POM_5V_IN 7697/5001 POM_5V_GPU 3605/1533 POM_5V_CPU 1498/1265
RAM 3089/3964MB (lfb 1x1MB) SWAP 1982/1982MB (cached 3MB) CPU [32%@614,30%@614,65%@614,20%@614] EMC_FREQ 0% GR3D_FREQ 98% PLL@57.5C CPU@62.5C PMIC@50C GPU@62.5C AO@66C thermal@62C POM_5V_IN 7697/5058 POM_5V_GPU 3646/1577 POM_5V_CPU 1539/1271
RAM 3089/3964MB (lfb 1x1MB) SWAP 1982/1982MB (cached 3MB) CPU [22%@921,30%@921,26%@921,48%@921] EMC_FREQ 0% GR3D_FREQ 98% PLL@57.5C CPU@63C PMIC@50C GPU@63C AO@66.5C thermal@62C POM_5V_IN 7818/5114 POM_5V_GPU 3646/1619 POM_5V_CPU 1620/1278
RAM 3089/3964MB (lfb 1x1MB) SWAP 1982/1982MB (cached 3MB) CPU [21%@1479,16%@1479,16%@1479,62%@1479] EMC_FREQ 0% GR3D_FREQ 98% PLL@58.5C CPU@63C PMIC@50C GPU@63.5C AO@66.5C thermal@63C POM_5V_IN 7859/5169 POM_5V_GPU 3646/1660 POM_5V_CPU 1660/1286
RAM 3089/3964MB (lfb 1x1MB) SWAP 1982/1982MB (cached 3MB) CPU [29%@1132,19%@1479,16%@1479,62%@1479] EMC_FREQ 0% GR3D_FREQ 98% PLL@58.5C CPU@63.5C PMIC@50C GPU@63.5C AO@67C thermal@63C POM_5V_IN 7859/5221 POM_5V_GPU 3646/1699 POM_5V_CPU 1620/1292
RAM 3090/3964MB (lfb 1x1MB) SWAP 1982/1982MB (cached 3MB) CPU [26%@1479,16%@1479,23%@1479,64%@1479] EMC_FREQ 0% GR3D_FREQ 98% PLL@58.5C CPU@63.5C PMIC@50C GPU@64C AO@67C thermal@63C POM_5V_IN 7899/5273 POM_5V_GPU 3646/1736 POM_5V_CPU 1620/1298
RAM 3090/3964MB (lfb 1x1MB) SWAP 1982/1982MB (cached 3MB) CPU [28%@1479,28%@1479,32%@1479,44%@1479] EMC_FREQ 0% GR3D_FREQ 98% PLL@59C CPU@64C PMIC@50C GPU@64C AO@67.5C thermal@63C POM_5V_IN 8021/5325 POM_5V_GPU 3646/1772 POM_5V_CPU 1739/1307
RAM 3090/3964MB (lfb 1x1MB) SWAP 1982/1982MB (cached 3MB) CPU [33%@1479,24%@1479,60%@1479,33%@1479] EMC_FREQ 0% GR3D_FREQ 98% PLL@59.5C CPU@64C PMIC@50C GPU@64.5C AO@68C thermal@64.75C POM_5V_IN 7940/5373 POM_5V_GPU 3686/1808 POM_5V_CPU 1698/1314
RAM 3089/3964MB (lfb 1x1MB) SWAP 1982/1982MB (cached 3MB) CPU [28%@1479,24%@1224,24%@1479,57%@1479] EMC_FREQ 0% GR3D_FREQ 98% PLL@59.5C CPU@65C PMIC@50C GPU@64.5C AO@68C thermal@64.75C POM_5V_IN 7980/5421 POM_5V_GPU 3686/1842 POM_5V_CPU 1701/1321
RAM 3090/3964MB (lfb 1x1MB) SWAP 1982/1982MB (cached 3MB) CPU [29%@1479,22%@1479,16%@1479,64%@1479] EMC_FREQ 0% GR3D_FREQ 98% PLL@60C CPU@65C PMIC@50C GPU@65C AO@68C thermal@64.75C POM_5V_IN 7980/5466 POM_5V_GPU 3686/1875 POM_5V_CPU 1701/1328
RAM 3090/3964MB (lfb 1x1MB) SWAP 1982/1982MB (cached 3MB) CPU [28%@710,45%@710,37%@710,24%@710] EMC_FREQ 0% GR3D_FREQ 98% PLL@59.5C CPU@64.5C PMIC@50C GPU@65C AO@68.5C thermal@64.75C POM_5V_IN 7818/5508 POM_5V_GPU 3686/1906 POM_5V_CPU 1579/1332
RAM 3089/3964MB (lfb 1x1MB) SWAP 1982/1982MB (cached 3MB) CPU [32%@1479,46%@1479,18%@1479,36%@1479] EMC_FREQ 0% GR3D_FREQ 98% PLL@60.5C CPU@65.5C PMIC@50C GPU@65C AO@68.5C thermal@64.75C POM_5V_IN 7940/5549 POM_5V_GPU 3686/1937 POM_5V_CPU 1660/1338
RAM 3089/3964MB (lfb 1x1MB) SWAP 1982/1982MB (cached 3MB) CPU [26%@1132,16%@1132,68%@1132,21%@1132] EMC_FREQ 0% GR3D_FREQ 98% PLL@60C CPU@65C PMIC@50C GPU@65.5C AO@68.5C thermal@65.25C POM_5V_IN 7818/5588 POM_5V_GPU 3686/1967 POM_5V_CPU 1579/1342
RAM 3090/3964MB (lfb 1x1MB) SWAP 1982/1982MB (cached 3MB) CPU [34%@1479,20%@1479,80%@1479,23%@1479] EMC_FREQ 0% GR3D_FREQ 98% PLL@60C CPU@66C PMIC@50C GPU@66C AO@69C thermal@65.25C POM_5V_IN 7818/5625 POM_5V_GPU 3686/1995 POM_5V_CPU 1539/1345
RAM 3090/3964MB (lfb 1x1MB) SWAP 1982/1982MB (cached 3MB) CPU [34%@1479,20%@1479,37%@1479,53%@1479] EMC_FREQ 0% GR3D_FREQ 98% PLL@61C CPU@66C PMIC@50C GPU@66C AO@69C thermal@65.25C POM_5V_IN 7980/5664 POM_5V_GPU 3686/2023 POM_5V_CPU 1701/1351
RAM 3090/3964MB (lfb 1x1MB) SWAP 1982/1982MB (cached 3MB) CPU [29%@1479,16%@1479,4%@1479,65%@1479] EMC_FREQ 0% GR3D_FREQ 98% PLL@61C CPU@66C PMIC@50C GPU@66.5C AO@69.5C thermal@65.25C POM_5V_IN 7980/5701 POM_5V_GPU 3727/2051 POM_5V_CPU 1698/1357
RAM 3090/3964MB (lfb 1x1MB) SWAP 1982/1982MB (cached 3MB) CPU [32%@1479,25%@1479,22%@1479,56%@1479] EMC_FREQ 0% GR3D_FREQ 98% PLL@61C CPU@66.5C PMIC@50C GPU@66C AO@69.5C thermal@66.25C POM_5V_IN 7980/5737 POM_5V_GPU 3686/2076 POM_5V_CPU 1698/1362
RAM 3090/3964MB (lfb 1x1MB) SWAP 1982/1982MB (cached 3MB) CPU [30%@1479,16%@1479,40%@1479,43%@1479] EMC_FREQ 0% GR3D_FREQ 98% PLL@61.5C CPU@67C PMIC@50C GPU@66.5C AO@69.5C thermal@66.25C POM_5V_IN 8021/5773 POM_5V_GPU 3727/2102 POM_5V_CPU 1701/1367
RAM 3090/3964MB (lfb 1x1MB) SWAP 1982/1982MB (cached 3MB) CPU [26%@1479,19%@1479,50%@1479,37%@1479] EMC_FREQ 0% GR3D_FREQ 98% PLL@61.5C CPU@67C PMIC@50C GPU@66.5C AO@70C thermal@66.25C POM_5V_IN 8021/5807 POM_5V_GPU 3727/2127 POM_5V_CPU 1698/1372
RAM 3089/3964MB (lfb 1x1MB) SWAP 1982/1982MB (cached 3MB) CPU [25%@1479,20%@1479,41%@1479,44%@1479] EMC_FREQ 0% GR3D_FREQ 98% PLL@61.5C CPU@66.5C PMIC@50C GPU@67C AO@70C thermal@66.25C POM_5V_IN 7940/5840 POM_5V_GPU 3727/2151 POM_5V_CPU 1660/1377
RAM 3090/3964MB (lfb 1x1MB) SWAP 1982/1982MB (cached 3MB) CPU [28%@1479,20%@1479,12%@1479,62%@1479] EMC_FREQ 0% GR3D_FREQ 98% PLL@61.5C CPU@67C PMIC@50C GPU@67C AO@70.5C thermal@67C POM_5V_IN 7980/5872 POM_5V_GPU 3646/2174 POM_5V_CPU 1742/1382
RAM 3090/3964MB (lfb 1x1MB) SWAP 1982/1982MB (cached 3MB) CPU [25%@1479,46%@1479,44%@1479,25%@1479] EMC_FREQ 0% GR3D_FREQ 98% PLL@62C CPU@67C PMIC@50C GPU@67C AO@70.5C thermal@67C POM_5V_IN 7899/5901 POM_5V_GPU 3646/2195 POM_5V_CPU 1701/1387
RAM 3089/3964MB (lfb 1x1MB) SWAP 1982/1982MB (cached 3MB) CPU [37%@1479,16%@1479,19%@1479,64%@1479] EMC_FREQ 0% GR3D_FREQ 98% PLL@62.5C CPU@67C PMIC@50C GPU@67.5C AO@70.5C thermal@67C POM_5V_IN 7940/5931 POM_5V_GPU 3646/2216 POM_5V_CPU 1701/1391
RAM 3090/3964MB (lfb 1x1MB) SWAP 1982/1982MB (cached 3MB) CPU [17%@1479,71%@1479,12%@1479,32%@1479] EMC_FREQ 0% GR3D_FREQ 99% PLL@62C CPU@67C PMIC@50C GPU@67.5C AO@71C thermal@67C POM_5V_IN 7940/5960 POM_5V_GPU 3686/2237 POM_5V_CPU 1660/1395
RAM 3090/3964MB (lfb 1x1MB) SWAP 1982/1982MB (cached 3MB) CPU [19%@1479,100%@1479,18%@1479,8%@1479] EMC_FREQ 0% GR3D_FREQ 99% PLL@62.5C CPU@67.5C PMIC@50C GPU@67.5C AO@71C thermal@67C POM_5V_IN 7980/5988 POM_5V_GPU 3686/2258 POM_5V_CPU 1698/1399
RAM 3090/3964MB (lfb 1x1MB) SWAP 1982/1982MB (cached 3MB) CPU [19%@1479,100%@1479,20%@1479,8%@1479] EMC_FREQ 0% GR3D_FREQ 99% PLL@62.5C CPU@67C PMIC@50C GPU@67.5C AO@71.5C thermal@67.25C POM_5V_IN 7980/6016 POM_5V_GPU 3686/2278 POM_5V_CPU 1701/1404
RAM 3090/3964MB (lfb 1x1MB) SWAP 1982/1982MB (cached 3MB) CPU [32%@1479,44%@1479,67%@1479,28%@1479] EMC_FREQ 0% GR3D_FREQ 98% PLL@63C CPU@68C PMIC@50C GPU@68.5C AO@71.5C thermal@67.25C POM_5V_IN 8061/6044 POM_5V_GPU 3646/2296 POM_5V_CPU 1739/1408
RAM 3090/3964MB (lfb 1x1MB) SWAP 1982/1982MB (cached 3MB) CPU [42%@1479,8%@1479,76%@1479,22%@1479] EMC_FREQ 0% GR3D_FREQ 98% PLL@62.5C CPU@68C PMIC@50C GPU@68C AO@71.5C thermal@67.25C POM_5V_IN 7818/6068 POM_5V_GPU 3686/2315 POM_5V_CPU 1539/1410
RAM 3089/3964MB (lfb 1x1MB) SWAP 1982/1982MB (cached 3MB) CPU [84%@1479,8%@1479,20%@1479,16%@1479] EMC_FREQ 0% GR3D_FREQ 97% PLL@62.5C CPU@67.5C PMIC@50C GPU@68C AO@72C thermal@67.25C POM_5V_IN 7859/6092 POM_5V_GPU 3646/2333 POM_5V_CPU 1660/1413
RAM 3089/3964MB (lfb 1x1MB) SWAP 1982/1982MB (cached 3MB) CPU [48%@1479,15%@1479,28%@1479,46%@1479] EMC_FREQ 0% GR3D_FREQ 98% PLL@62.5C CPU@68C PMIC@50C GPU@68C AO@71.5C thermal@68.25C POM_5V_IN 7859/6115 POM_5V_GPU 3686/2351 POM_5V_CPU 1539/1415
RAM 3089/3964MB (lfb 1x1MB) SWAP 1982/1982MB (cached 3MB) CPU [32%@1479,17%@1479,25%@1479,76%@1479] EMC_FREQ 0% GR3D_FREQ 98% PLL@63C CPU@68C PMIC@50C GPU@68.5C AO@71.5C thermal@68.25C POM_5V_IN 7899/6138 POM_5V_GPU 3686/2368 POM_5V_CPU 1620/1418
RAM 3090/3964MB (lfb 1x1MB) SWAP 1982/1982MB (cached 3MB) CPU [36%@1479,8%@1479,20%@1479,76%@1479] EMC_FREQ 0% GR3D_FREQ 98% PLL@63C CPU@68.5C PMIC@50C GPU@68.5C AO@72C thermal@68.25C POM_5V_IN 7859/6160 POM_5V_GPU 3686/2385 POM_5V_CPU 1620/1420
RAM 3090/3964MB (lfb 1x1MB) SWAP 1982/1982MB (cached 3MB) CPU [28%@1479,34%@1479,57%@1479,23%@1479] EMC_FREQ 0% GR3D_FREQ 98% PLL@63C CPU@68C PMIC@50C GPU@68.5C AO@72C thermal@68.25C POM_5V_IN 8021/6184 POM_5V_GPU 3686/2401 POM_5V_CPU 1739/1424
RAM 3089/3964MB (lfb 1x1MB) SWAP 1982/1982MB (cached 3MB) CPU [29%@1479,52%@1479,28%@1479,16%@1479] EMC_FREQ 0% GR3D_FREQ 98% PLL@63.5C CPU@69C PMIC@50C GPU@68.5C AO@72.5C thermal@68.25C POM_5V_IN 8142/6208 POM_5V_GPU 3680/2417 POM_5V_CPU 1779/1429
RAM 3089/3964MB (lfb 1x1MB) SWAP 1982/1982MB (cached 3MB) CPU [29%@1479,28%@1479,32%@1479,56%@1479] EMC_FREQ 0% GR3D_FREQ 98% PLL@63.5C CPU@69C PMIC@50C GPU@69C AO@72.5C thermal@68.75C POM_5V_IN 8061/6231 POM_5V_GPU 3686/2433 POM_5V_CPU 1698/1432
RAM 3090/3964MB (lfb 1x1MB) SWAP 1982/1982MB (cached 3MB) CPU [19%@1479,24%@1479,70%@1479,23%@1479] EMC_FREQ 0% GR3D_FREQ 98% PLL@63.5C CPU@69.5C PMIC@50C GPU@69C AO@72.5C thermal@68.75C POM_5V_IN 7980/6252 POM_5V_GPU 3686/2448 POM_5V_CPU 1617/1434
RAM 3090/3964MB (lfb 1x1MB) SWAP 1982/1982MB (cached 3MB) CPU [33%@1224,30%@1224,55%@1224,37%@1224] EMC_FREQ 0% GR3D_FREQ 98% PLL@64C CPU@69C PMIC@50C GPU@69C AO@72.5C thermal@68.75C POM_5V_IN 8061/6274 POM_5V_GPU 3680/2463 POM_5V_CPU 1739/1438
RAM 3090/3964MB (lfb 1x1MB) SWAP 1982/1982MB (cached 3MB) CPU [32%@1132,29%@1132,24%@1132,50%@1132] EMC_FREQ 0% GR3D_FREQ 98% PLL@64C CPU@69.5C PMIC@50C GPU@69.5C AO@73C thermal@68.75C POM_5V_IN 8061/6295 POM_5V_GPU 3680/2478 POM_5V_CPU 1739/1441
RAM 3089/3964MB (lfb 2x1MB) SWAP 1982/1982MB (cached 3MB) CPU [32%@1479,29%@1479,42%@1479,60%@1479] EMC_FREQ 0% GR3D_FREQ 99% PLL@64C CPU@69C PMIC@50C GPU@69.5C AO@73C thermal@69.25C POM_5V_IN 8385/6320 POM_5V_GPU 3721/2492 POM_5V_CPU 1981/1448
RAM 3090/3964MB (lfb 32x1MB) SWAP 1982/1982MB (cached 3MB) CPU [41%@1479,92%@1479,26%@1479,88%@1326] EMC_FREQ 0% GR3D_FREQ 99% PLL@65.5C CPU@70C PMIC@50C GPU@70C AO@74C thermal@69.25C POM_5V_IN 8710/6348 POM_5V_GPU 3721/2507 POM_5V_CPU 2143/1456
RAM 3090/3964MB (lfb 32x1MB) SWAP 1982/1982MB (cached 3MB) CPU [33%@1479,24%@1479,8%@1479,60%@1479] EMC_FREQ 0% GR3D_FREQ 98% PLL@65C CPU@69.5C PMIC@50C GPU@70C AO@73.5C thermal@69.25C POM_5V_IN 8142/6368 POM_5V_GPU 3721/2520 POM_5V_CPU 1779/1460
RAM 3090/3964MB (lfb 32x1MB) SWAP 1982/1982MB (cached 3MB) CPU [29%@1036,32%@1036,42%@1036,37%@1036] EMC_FREQ 0% GR3D_FREQ 98% PLL@65C CPU@70.5C PMIC@50C GPU@70C AO@73.5C thermal@69.25C POM_5V_IN 8183/6389 POM_5V_GPU 3721/2534 POM_5V_CPU 1820/1464
RAM 3091/3964MB (lfb 32x1MB) SWAP 1982/1982MB (cached 3MB) CPU [28%@1479,57%@1479,20%@1479,26%@1479] EMC_FREQ 0% GR3D_FREQ 98% PLL@65C CPU@70C PMIC@50C GPU@70C AO@74C thermal@69.75C POM_5V_IN 8183/6409 POM_5V_GPU 3721/2547 POM_5V_CPU 1820/1468
RAM 3090/3964MB (lfb 32x1MB) SWAP 1982/1982MB (cached 3MB) CPU [33%@1479,28%@1479,44%@1479,50%@1479] EMC_FREQ 0% GR3D_FREQ 98% PLL@65C CPU@70C PMIC@50C GPU@70.5C AO@73.5C thermal@69.75C POM_5V_IN 8264/6430 POM_5V_GPU 3721/2560 POM_5V_CPU 1901/1472
RAM 3085/3964MB (lfb 31x1MB) SWAP 1982/1982MB (cached 3MB) CPU [44%@1479,40%@1479,100%@1479,44%@1479] EMC_FREQ 0% GR3D_FREQ 93% PLL@65.5C CPU@71C PMIC@50C GPU@70.5C AO@74.5C thermal@69.75C POM_5V_IN 8345/6451 POM_5V_GPU 3438/2570 POM_5V_CPU 2103/1479
RAM 3086/3964MB (lfb 31x1MB) SWAP 1982/1982MB (cached 3MB) CPU [20%@1479,25%@1479,100%@1479,14%@1479] EMC_FREQ 0% GR3D_FREQ 99% PLL@65.5C CPU@71C PMIC@50C GPU@70.5C AO@74C thermal@69.75C POM_5V_IN 8102/6469 POM_5V_GPU 3680/2582 POM_5V_CPU 1779/1483
RAM 3086/3964MB (lfb 31x1MB) SWAP 1982/1982MB (cached 3MB) CPU [25%@1326,20%@1326,72%@1326,24%@1326] EMC_FREQ 0% GR3D_FREQ 98% PLL@65C CPU@70.5C PMIC@50C GPU@71C AO@74C thermal@69.75C POM_5V_IN 8102/6486 POM_5V_GPU 3721/2594 POM_5V_CPU 1739/1485
RAM 3086/3964MB (lfb 31x1MB) SWAP 1982/1982MB (cached 3MB) CPU [20%@1479,41%@1479,44%@1479,25%@1479] EMC_FREQ 0% GR3D_FREQ 98% PLL@65.5C CPU@70.5C PMIC@50C GPU@70.5C AO@74C thermal@71C POM_5V_IN 8142/6504 POM_5V_GPU 3721/2606 POM_5V_CPU 1739/1488
RAM 3086/3964MB (lfb 31x1MB) SWAP 1982/1982MB (cached 3MB) CPU [15%@1479,23%@1479,85%@1479,24%@1479] EMC_FREQ 0% GR3D_FREQ 99% PLL@65.5C CPU@71C PMIC@50C GPU@71C AO@74C thermal@71C POM_5V_IN 8183/6522 POM_5V_GPU 3761/2619 POM_5V_CPU 1779/1491
RAM 3086/3964MB (lfb 31x1MB) SWAP 1982/1982MB (cached 3MB) CPU [25%@1224,28%@1224,36%@1479,48%@1479] EMC_FREQ 0% GR3D_FREQ 98% PLL@65.5C CPU@71C PMIC@50C GPU@71C AO@74.5C thermal@71C POM_5V_IN 8183/6539 POM_5V_GPU 3721/2630 POM_5V_CPU 1820/1495
RAM 3086/3964MB (lfb 31x1MB) SWAP 1982/1982MB (cached 3MB) CPU [34%@1428,26%@1428,34%@1428,53%@1428] EMC_FREQ 0% GR3D_FREQ 98% PLL@65.5C CPU@71C PMIC@50C GPU@71C AO@74.5C thermal@71C POM_5V_IN 8223/6556 POM_5V_GPU 3721/2641 POM_5V_CPU 1820/1498
RAM 3086/3964MB (lfb 31x1MB) SWAP 1982/1982MB (cached 3MB) CPU [39%@1479,40%@1479,25%@1479,32%@1479] EMC_FREQ 0% GR3D_FREQ 99% PLL@65.5C CPU@71C PMIC@50C GPU@71C AO@75C thermal@71C POM_5V_IN 8223/6573 POM_5V_GPU 3721/2652 POM_5V_CPU 1820/1501
RAM 3086/3964MB (lfb 31x1MB) SWAP 1982/1982MB (cached 3MB) CPU [34%@1479,38%@1479,22%@1479,32%@1479] EMC_FREQ 0% GR3D_FREQ 98% PLL@66C CPU@71C PMIC@50C GPU@71.5C AO@75C thermal@71C POM_5V_IN 8223/6590 POM_5V_GPU 3761/2663 POM_5V_CPU 1860/1505
RAM 3086/3964MB (lfb 31x1MB) SWAP 1982/1982MB (cached 3MB) CPU [33%@1479,38%@1479,20%@1479,30%@1479] EMC_FREQ 0% GR3D_FREQ 98% PLL@66C CPU@71.5C PMIC@50C GPU@71.5C AO@75C thermal@71C POM_5V_IN 8223/6606 POM_5V_GPU 3761/2674 POM_5V_CPU 1820/1508
RAM 3086/3964MB (lfb 31x1MB) SWAP 1982/1982MB (cached 3MB) CPU [36%@1479,38%@1479,18%@1479,40%@1479] EMC_FREQ 0% GR3D_FREQ 98% PLL@66C CPU@71.5C PMIC@50C GPU@71.5C AO@75C thermal@71C POM_5V_IN 8183/6622 POM_5V_GPU 3761/2685 POM_5V_CPU 1779/1511
RAM 3086/3964MB (lfb 31x1MB) SWAP 1982/1982MB (cached 3MB) CPU [40%@1479,33%@1479,34%@1479,26%@1479] EMC_FREQ 0% GR3D_FREQ 98% PLL@66.5C CPU@71.5C PMIC@50C GPU@71.5C AO@75C thermal@71.5C POM_5V_IN 8304/6638 POM_5V_GPU 3761/2696 POM_5V_CPU 1941/1515
RAM 3086/3964MB (lfb 31x1MB) SWAP 1982/1982MB (cached 3MB) CPU [42%@1479,37%@1479,18%@1479,37%@1479] EMC_FREQ 0% GR3D_FREQ 98% PLL@66.5C CPU@71.5C PMIC@50C GPU@72C AO@75C thermal@71.5C POM_5V_IN 8264/6654 POM_5V_GPU 3767/2706 POM_5V_CPU 1820/1518
RAM 3086/3964MB (lfb 31x1MB) SWAP 1982/1982MB (cached 3MB) CPU [41%@1326,20%@1326,20%@1326,44%@1326] EMC_FREQ 0% GR3D_FREQ 98% PLL@66.5C CPU@72C PMIC@50C GPU@72C AO@75.5C thermal@71.5C POM_5V_IN 8385/6671 POM_5V_GPU 3761/2716 POM_5V_CPU 1941/1522
RAM 3086/3964MB (lfb 31x1MB) SWAP 1982/1982MB (cached 3MB) CPU [24%@1479,32%@1479,34%@1479,55%@1479] EMC_FREQ 0% GR3D_FREQ 98% PLL@67C CPU@72C PMIC@50C GPU@72C AO@75.5C thermal@71.5C POM_5V_IN 8183/6685 POM_5V_GPU 3761/2726 POM_5V_CPU 1779/1524
RAM 3087/3964MB (lfb 31x1MB) SWAP 1982/1982MB (cached 3MB) CPU [57%@1479,20%@1479,24%@1479,32%@1479] EMC_FREQ 0% GR3D_FREQ 98% PLL@66.5C CPU@72C PMIC@50C GPU@72C AO@76C thermal@71.5C POM_5V_IN 8345/6701 POM_5V_GPU 3761/2736 POM_5V_CPU 1901/1528
RAM 3087/3964MB (lfb 31x1MB) SWAP 1982/1982MB (cached 3MB) CPU [60%@1479,17%@1479,17%@1479,18%@1479] EMC_FREQ 0% GR3D_FREQ 98% PLL@66.5C CPU@72.5C PMIC@50C GPU@72C AO@76C thermal@72C POM_5V_IN 8345/6716 POM_5V_GPU 3761/2746 POM_5V_CPU 1901/1531
RAM 3087/3964MB (lfb 31x1MB) SWAP 1982/1982MB (cached 3MB) CPU [42%@1479,20%@1479,33%@1479,45%@1479] EMC_FREQ 0% GR3D_FREQ 98% PLL@67C CPU@72.5C PMIC@50C GPU@72.5C AO@76C thermal@72C POM_5V_IN 8223/6730 POM_5V_GPU 3761/2755 POM_5V_CPU 1820/1534
RAM 3086/3964MB (lfb 31x1MB) SWAP 1982/1982MB (cached 3MB) CPU [44%@1479,46%@1479,25%@1479,23%@1479] EMC_FREQ 0% GR3D_FREQ 98% PLL@67C CPU@72.5C PMIC@50C GPU@72.5C AO@76C thermal@72C POM_5V_IN 8304/6745 POM_5V_GPU 3802/2765 POM_5V_CPU 1860/1537
RAM 3087/3964MB (lfb 31x1MB) SWAP 1982/1982MB (cached 3MB) CPU [92%@1479,8%@1479,8%@1479,12%@1479] EMC_FREQ 0% GR3D_FREQ 0% PLL@66C CPU@70C PMIC@50C GPU@68.5C AO@75.5C thermal@72C POM_5V_IN 3907/6719 POM_5V_GPU 447/2743 POM_5V_CPU 1259/1534
RAM 2503/3964MB (lfb 1x4MB) SWAP 1982/1982MB (cached 3MB) CPU [69%@1479,37%@1479,0%@1479,8%@1479] EMC_FREQ 0% GR3D_FREQ 0% PLL@64C CPU@69C PMIC@50C GPU@66.5C AO@73.5C thermal@68.5C POM_5V_IN 3744/6692 POM_5V_GPU 284/2721 POM_5V_CPU 1300/1532
