&&&& RUNNING TensorRT.trtexec [TensorRT v8001] # /usr/src/tensorrt/bin/trtexec --loadEngine=engines/tomato_yolov8n_cls_domainmix_pd5_umair_hard_headprune20_recovery_e5_fp16.engine --warmUp=1000 --duration=20 --iterations=1000
[05/15/2026-04:31:27] [I] === Model Options ===
[05/15/2026-04:31:27] [I] Format: *
[05/15/2026-04:31:27] [I] Model: 
[05/15/2026-04:31:27] [I] Output:
[05/15/2026-04:31:27] [I] === Build Options ===
[05/15/2026-04:31:27] [I] Max batch: 1
[05/15/2026-04:31:27] [I] Workspace: 16 MiB
[05/15/2026-04:31:27] [I] minTiming: 1
[05/15/2026-04:31:27] [I] avgTiming: 8
[05/15/2026-04:31:27] [I] Precision: FP32
[05/15/2026-04:31:27] [I] Calibration: 
[05/15/2026-04:31:27] [I] Refit: Disabled
[05/15/2026-04:31:27] [I] Sparsity: Disabled
[05/15/2026-04:31:27] [I] Safe mode: Disabled
[05/15/2026-04:31:27] [I] Restricted mode: Disabled
[05/15/2026-04:31:27] [I] Save engine: 
[05/15/2026-04:31:27] [I] Load engine: engines/tomato_yolov8n_cls_domainmix_pd5_umair_hard_headprune20_recovery_e5_fp16.engine
[05/15/2026-04:31:27] [I] NVTX verbosity: 0
[05/15/2026-04:31:27] [I] Tactic sources: Using default tactic sources
[05/15/2026-04:31:27] [I] timingCacheMode: local
[05/15/2026-04:31:27] [I] timingCacheFile: 
[05/15/2026-04:31:27] [I] Input(s)s format: fp32:CHW
[05/15/2026-04:31:27] [I] Output(s)s format: fp32:CHW
[05/15/2026-04:31:27] [I] Input build shapes: model
[05/15/2026-04:31:27] [I] Input calibration shapes: model
[05/15/2026-04:31:27] [I] === System Options ===
[05/15/2026-04:31:27] [I] Device: 0
[05/15/2026-04:31:27] [I] DLACore: 
[05/15/2026-04:31:27] [I] Plugins:
[05/15/2026-04:31:27] [I] === Inference Options ===
[05/15/2026-04:31:27] [I] Batch: 1
[05/15/2026-04:31:27] [I] Input inference shapes: model
[05/15/2026-04:31:27] [I] Iterations: 1000
[05/15/2026-04:31:27] [I] Duration: 20s (+ 1000ms warm up)
[05/15/2026-04:31:27] [I] Sleep time: 0ms
[05/15/2026-04:31:27] [I] Streams: 1
[05/15/2026-04:31:27] [I] ExposeDMA: Disabled
[05/15/2026-04:31:27] [I] Data transfers: Enabled
[05/15/2026-04:31:27] [I] Spin-wait: Disabled
[05/15/2026-04:31:27] [I] Multithreading: Disabled
[05/15/2026-04:31:27] [I] CUDA Graph: Disabled
[05/15/2026-04:31:27] [I] Separate profiling: Disabled
[05/15/2026-04:31:27] [I] Time Deserialize: Disabled
[05/15/2026-04:31:27] [I] Time Refit: Disabled
[05/15/2026-04:31:27] [I] Skip inference: Disabled
[05/15/2026-04:31:27] [I] Inputs:
[05/15/2026-04:31:27] [I] === Reporting Options ===
[05/15/2026-04:31:27] [I] Verbose: Disabled
[05/15/2026-04:31:27] [I] Averages: 10 inferences
[05/15/2026-04:31:27] [I] Percentile: 99
[05/15/2026-04:31:27] [I] Dump refittable layers:Disabled
[05/15/2026-04:31:27] [I] Dump output: Disabled
[05/15/2026-04:31:27] [I] Profile: Disabled
[05/15/2026-04:31:27] [I] Export timing to JSON file: 
[05/15/2026-04:31:27] [I] Export output to JSON file: 
[05/15/2026-04:31:27] [I] Export profile to JSON file: 
[05/15/2026-04:31:27] [I] 
[05/15/2026-04:31:27] [I] === Device Information ===
[05/15/2026-04:31:27] [I] Selected Device: NVIDIA Tegra X1
[05/15/2026-04:31:27] [I] Compute Capability: 5.3
[05/15/2026-04:31:27] [I] SMs: 1
[05/15/2026-04:31:27] [I] Compute Clock Rate: 0.9216 GHz
[05/15/2026-04:31:27] [I] Device Global Memory: 3964 MiB
[05/15/2026-04:31:27] [I] Shared Memory per SM: 64 KiB
[05/15/2026-04:31:27] [I] Memory Bus Width: 64 bits (ECC disabled)
[05/15/2026-04:31:27] [I] Memory Clock Rate: 0.01275 GHz
[05/15/2026-04:31:27] [I] 
[05/15/2026-04:31:27] [I] TensorRT version: 8001
[05/15/2026-04:31:28] [I] [TRT] [MemUsageChange] Init CUDA: CPU +203, GPU +0, now: CPU 226, GPU 3322 (MiB)
[05/15/2026-04:31:28] [I] [TRT] Loaded engine size: 5 MB
[05/15/2026-04:31:28] [I] [TRT] [MemUsageSnapshot] deserializeCudaEngine begin: CPU 226 MiB, GPU 3322 MiB
[05/15/2026-04:31:30] [I] [TRT] [MemUsageChange] Init cuBLAS/cuBLASLt: CPU +158, GPU +158, now: CPU 387, GPU 3481 (MiB)
[05/15/2026-04:31:32] [I] [TRT] [MemUsageChange] Init cuDNN: CPU +241, GPU +243, now: CPU 628, GPU 3724 (MiB)
[05/15/2026-04:31:32] [I] [TRT] [MemUsageChange] Init cuBLAS/cuBLASLt: CPU +0, GPU +0, now: CPU 627, GPU 3724 (MiB)
[05/15/2026-04:31:32] [I] [TRT] [MemUsageSnapshot] deserializeCudaEngine end: CPU 627 MiB, GPU 3724 MiB
[05/15/2026-04:31:32] [I] Engine loaded in 4.99581 sec.
[05/15/2026-04:31:32] [I] [TRT] [MemUsageSnapshot] ExecutionContext creation begin: CPU 622 MiB, GPU 3719 MiB
[05/15/2026-04:31:32] [I] [TRT] [MemUsageChange] Init cuBLAS/cuBLASLt: CPU +0, GPU +0, now: CPU 622, GPU 3719 (MiB)
[05/15/2026-04:31:32] [I] [TRT] [MemUsageChange] Init cuDNN: CPU +0, GPU +0, now: CPU 622, GPU 3719 (MiB)
[05/15/2026-04:31:32] [I] [TRT] [MemUsageSnapshot] ExecutionContext creation end: CPU 623 MiB, GPU 3719 MiB
[05/15/2026-04:31:32] [I] Created input binding for images with dimensions 1x3x224x224
[05/15/2026-04:31:32] [I] Created output binding for output0 with dimensions 1x10
[05/15/2026-04:31:32] [I] Starting inference
[05/15/2026-04:31:53] [I] Warmup completed 249 queries over 1000 ms
[05/15/2026-04:31:53] [I] Timing trace has 5546 queries over 20.0083 s
[05/15/2026-04:31:53] [I] 
[05/15/2026-04:31:53] [I] === Trace details ===
[05/15/2026-04:31:53] [I] Trace averages of 10 runs:
[05/15/2026-04:31:53] [I] Average on 10 runs - GPU latency: 3.52011 ms - Host latency: 3.58156 ms (end to end 3.59122 ms, enqueue 2.12163 ms)
[05/15/2026-04:31:53] [I] Average on 10 runs - GPU latency: 3.53124 ms - Host latency: 3.59304 ms (end to end 3.60283 ms, enqueue 2.06544 ms)
[05/15/2026-04:31:53] [I] Average on 10 runs - GPU latency: 3.52628 ms - Host latency: 3.58761 ms (end to end 3.59752 ms, enqueue 2.06711 ms)
[05/15/2026-04:31:53] [I] Average on 10 runs - GPU latency: 3.52853 ms - Host latency: 3.58954 ms (end to end 3.59928 ms, enqueue 2.04489 ms)
[05/15/2026-04:31:53] [I] Average on 10 runs - GPU latency: 3.53252 ms - Host latency: 3.59355 ms (end to end 3.60371 ms, enqueue 2.03802 ms)
[05/15/2026-04:31:53] [I] Average on 10 runs - GPU latency: 3.53063 ms - Host latency: 3.59207 ms (end to end 3.60197 ms, enqueue 2.07675 ms)
[05/15/2026-04:31:53] [I] Average on 10 runs - GPU latency: 3.52681 ms - Host latency: 3.58791 ms (end to end 3.59736 ms, enqueue 2.05828 ms)
[05/15/2026-04:31:53] [I] Average on 10 runs - GPU latency: 3.4889 ms - Host latency: 3.55056 ms (end to end 3.56213 ms, enqueue 2.72987 ms)
[05/15/2026-04:31:53] [I] Average on 10 runs - GPU latency: 3.52644 ms - Host latency: 3.5875 ms (end to end 3.59714 ms, enqueue 2.12043 ms)
[05/15/2026-04:31:53] [I] Average on 10 runs - GPU latency: 3.52636 ms - Host latency: 3.58737 ms (end to end 3.59706 ms, enqueue 2.11506 ms)
[05/15/2026-04:31:53] [I] Average on 10 runs - GPU latency: 3.52957 ms - Host latency: 3.59115 ms (end to end 3.60087 ms, enqueue 2.02234 ms)
[05/15/2026-04:31:53] [I] Average on 10 runs - GPU latency: 3.52788 ms - Host latency: 3.58876 ms (end to end 3.59884 ms, enqueue 2.03839 ms)
[05/15/2026-04:31:53] [I] Average on 10 runs - GPU latency: 3.53038 ms - Host latency: 3.59175 ms (end to end 3.60137 ms, enqueue 2.0808 ms)
[05/15/2026-04:31:53] [I] Average on 10 runs - GPU latency: 3.53169 ms - Host latency: 3.59282 ms (end to end 3.60244 ms, enqueue 2.04832 ms)
[05/15/2026-04:31:53] [I] Average on 10 runs - GPU latency: 3.5255 ms - Host latency: 3.58661 ms (end to end 3.59644 ms, enqueue 2.1271 ms)
[05/15/2026-04:31:53] [I] Average on 10 runs - GPU latency: 3.5316 ms - Host latency: 3.59298 ms (end to end 3.60286 ms, enqueue 2.06497 ms)
[05/15/2026-04:31:53] [I] Average on 10 runs - GPU latency: 3.53484 ms - Host latency: 3.59586 ms (end to end 3.60554 ms, enqueue 2.08776 ms)
[05/15/2026-04:31:53] [I] Average on 10 runs - GPU latency: 3.51985 ms - Host latency: 3.5809 ms (end to end 3.59071 ms, enqueue 2.19104 ms)
[05/15/2026-04:31:53] [I] Average on 10 runs - GPU latency: 3.53262 ms - Host latency: 3.59337 ms (end to end 3.60323 ms, enqueue 2.03589 ms)
[05/15/2026-04:31:53] [I] Average on 10 runs - GPU latency: 3.5235 ms - Host latency: 3.58466 ms (end to end 3.59425 ms, enqueue 2.07787 ms)
[05/15/2026-04:31:53] [I] Average on 10 runs - GPU latency: 3.53674 ms - Host latency: 3.59789 ms (end to end 3.60754 ms, enqueue 1.94581 ms)
[05/15/2026-04:31:53] [I] Average on 10 runs - GPU latency: 3.52494 ms - Host latency: 3.58622 ms (end to end 3.59613 ms, enqueue 2.10054 ms)
[05/15/2026-04:31:53] [I] Average on 10 runs - GPU latency: 3.51564 ms - Host latency: 3.5769 ms (end to end 3.5868 ms, enqueue 2.34037 ms)
[05/15/2026-04:31:53] [I] Average on 10 runs - GPU latency: 3.52725 ms - Host latency: 3.58876 ms (end to end 3.59852 ms, enqueue 2.1995 ms)
[05/15/2026-04:31:53] [I] Average on 10 runs - GPU latency: 3.5127 ms - Host latency: 3.57427 ms (end to end 3.58335 ms, enqueue 2.4266 ms)
[05/15/2026-04:31:53] [I] Average on 10 runs - GPU latency: 3.51992 ms - Host latency: 3.58131 ms (end to end 3.59104 ms, enqueue 2.29708 ms)
[05/15/2026-04:31:53] [I] Average on 10 runs - GPU latency: 3.50637 ms - Host latency: 3.56812 ms (end to end 3.57782 ms, enqueue 2.41088 ms)
[05/15/2026-04:31:53] [I] Average on 10 runs - GPU latency: 3.49849 ms - Host latency: 3.55961 ms (end to end 3.56924 ms, enqueue 2.64678 ms)
[05/15/2026-04:31:53] [I] Average on 10 runs - GPU latency: 3.50549 ms - Host latency: 3.56681 ms (end to end 3.57704 ms, enqueue 2.49196 ms)
[05/15/2026-04:31:53] [I] Average on 10 runs - GPU latency: 3.51649 ms - Host latency: 3.5778 ms (end to end 3.58781 ms, enqueue 2.37015 ms)
[05/15/2026-04:31:53] [I] Average on 10 runs - GPU latency: 3.52051 ms - Host latency: 3.58135 ms (end to end 3.59104 ms, enqueue 2.19329 ms)
[05/15/2026-04:31:53] [I] Average on 10 runs - GPU latency: 3.50415 ms - Host latency: 3.56582 ms (end to end 3.57542 ms, enqueue 2.53979 ms)
[05/15/2026-04:31:53] [I] Average on 10 runs - GPU latency: 3.51062 ms - Host latency: 3.57202 ms (end to end 3.58257 ms, enqueue 2.43472 ms)
[05/15/2026-04:31:53] [I] Average on 10 runs - GPU latency: 3.50068 ms - Host latency: 3.5626 ms (end to end 3.57285 ms, enqueue 2.58713 ms)
[05/15/2026-04:31:53] [I] Average on 10 runs - GPU latency: 3.50647 ms - Host latency: 3.5678 ms (end to end 3.57742 ms, enqueue 2.41106 ms)
[05/15/2026-04:31:53] [I] Average on 10 runs - GPU latency: 3.51064 ms - Host latency: 3.57217 ms (end to end 3.58232 ms, enqueue 2.52874 ms)
[05/15/2026-04:31:53] [I] Average on 10 runs - GPU latency: 3.50879 ms - Host latency: 3.57 ms (end to end 3.5802 ms, enqueue 2.35212 ms)
[05/15/2026-04:31:53] [I] Average on 10 runs - GPU latency: 3.51082 ms - Host latency: 3.57205 ms (end to end 3.58193 ms, enqueue 2.39453 ms)
[05/15/2026-04:31:53] [I] Average on 10 runs - GPU latency: 3.50981 ms - Host latency: 3.57097 ms (end to end 3.58062 ms, enqueue 2.33423 ms)
[05/15/2026-04:31:53] [I] Average on 10 runs - GPU latency: 3.51948 ms - Host latency: 3.58052 ms (end to end 3.5905 ms, enqueue 2.2771 ms)
[05/15/2026-04:31:53] [I] Average on 10 runs - GPU latency: 3.51794 ms - Host latency: 3.5793 ms (end to end 3.58972 ms, enqueue 2.35227 ms)
[05/15/2026-04:31:53] [I] Average on 10 runs - GPU latency: 3.48933 ms - Host latency: 3.55088 ms (end to end 3.56216 ms, enqueue 2.74749 ms)
[05/15/2026-04:31:53] [I] Average on 10 runs - GPU latency: 3.49751 ms - Host latency: 3.55852 ms (end to end 3.56995 ms, enqueue 2.68938 ms)
[05/15/2026-04:31:53] [I] Average on 10 runs - GPU latency: 3.48528 ms - Host latency: 3.54707 ms (end to end 3.5582 ms, enqueue 3.12463 ms)
[05/15/2026-04:31:53] [I] Average on 10 runs - GPU latency: 3.50796 ms - Host latency: 3.57615 ms (end to end 3.58599 ms, enqueue 2.6502 ms)
[05/15/2026-04:31:53] [I] Average on 10 runs - GPU latency: 3.53357 ms - Host latency: 3.5949 ms (end to end 3.60479 ms, enqueue 2.05347 ms)
[05/15/2026-04:31:53] [I] Average on 10 runs - GPU latency: 3.53518 ms - Host latency: 3.59622 ms (end to end 3.60596 ms, enqueue 1.98022 ms)
[05/15/2026-04:31:53] [I] Average on 10 runs - GPU latency: 3.51653 ms - Host latency: 3.57749 ms (end to end 3.5873 ms, enqueue 2.31584 ms)
[05/15/2026-04:31:53] [I] Average on 10 runs - GPU latency: 3.49622 ms - Host latency: 3.55754 ms (end to end 3.56758 ms, enqueue 2.64973 ms)
[05/15/2026-04:31:53] [I] Average on 10 runs - GPU latency: 3.51101 ms - Host latency: 3.57231 ms (end to end 3.58206 ms, enqueue 2.39702 ms)
[05/15/2026-04:31:53] [I] Average on 10 runs - GPU latency: 3.50154 ms - Host latency: 3.56255 ms (end to end 3.57212 ms, enqueue 2.50728 ms)
[05/15/2026-04:31:53] [I] Average on 10 runs - GPU latency: 3.5167 ms - Host latency: 3.57805 ms (end to end 3.58838 ms, enqueue 2.34524 ms)
[05/15/2026-04:31:53] [I] Average on 10 runs - GPU latency: 3.51357 ms - Host latency: 3.57527 ms (end to end 3.58528 ms, enqueue 2.34878 ms)
[05/15/2026-04:31:53] [I] Average on 10 runs - GPU latency: 3.50586 ms - Host latency: 3.56748 ms (end to end 3.57773 ms, enqueue 2.51792 ms)
[05/15/2026-04:31:53] [I] Average on 10 runs - GPU latency: 3.49399 ms - Host latency: 3.55522 ms (end to end 3.56499 ms, enqueue 2.7324 ms)
[05/15/2026-04:31:53] [I] Average on 10 runs - GPU latency: 3.50789 ms - Host latency: 3.56916 ms (end to end 3.57891 ms, enqueue 2.3345 ms)
[05/15/2026-04:31:53] [I] Average on 10 runs - GPU latency: 3.50391 ms - Host latency: 3.56492 ms (end to end 3.57393 ms, enqueue 2.35989 ms)
[05/15/2026-04:31:53] [I] Average on 10 runs - GPU latency: 3.50869 ms - Host latency: 3.57007 ms (end to end 3.58103 ms, enqueue 2.56846 ms)
[05/15/2026-04:31:53] [I] Average on 10 runs - GPU latency: 3.5145 ms - Host latency: 3.57634 ms (end to end 3.58625 ms, enqueue 2.24492 ms)
[05/15/2026-04:31:53] [I] Average on 10 runs - GPU latency: 3.52795 ms - Host latency: 3.58923 ms (end to end 3.59888 ms, enqueue 2.13398 ms)
[05/15/2026-04:31:53] [I] Average on 10 runs - GPU latency: 3.5238 ms - Host latency: 3.58496 ms (end to end 3.59463 ms, enqueue 2.03269 ms)
[05/15/2026-04:31:53] [I] Average on 10 runs - GPU latency: 3.5335 ms - Host latency: 3.59478 ms (end to end 3.60452 ms, enqueue 2.03254 ms)
[05/15/2026-04:31:53] [I] Average on 10 runs - GPU latency: 3.52007 ms - Host latency: 3.58123 ms (end to end 3.59109 ms, enqueue 2.11675 ms)
[05/15/2026-04:31:53] [I] Average on 10 runs - GPU latency: 3.52866 ms - Host latency: 3.58999 ms (end to end 3.59973 ms, enqueue 2.03459 ms)
[05/15/2026-04:31:53] [I] Average on 10 runs - GPU latency: 3.5283 ms - Host latency: 3.58943 ms (end to end 3.59905 ms, enqueue 2.02202 ms)
[05/15/2026-04:31:53] [I] Average on 10 runs - GPU latency: 3.51995 ms - Host latency: 3.58154 ms (end to end 3.59145 ms, enqueue 2.15425 ms)
[05/15/2026-04:31:53] [I] Average on 10 runs - GPU latency: 3.5252 ms - Host latency: 3.58694 ms (end to end 3.5969 ms, enqueue 2.11619 ms)
[05/15/2026-04:31:53] [I] Average on 10 runs - GPU latency: 3.52937 ms - Host latency: 3.59075 ms (end to end 3.60056 ms, enqueue 2.03838 ms)
[05/15/2026-04:31:53] [I] Average on 10 runs - GPU latency: 3.52634 ms - Host latency: 3.58762 ms (end to end 3.59749 ms, enqueue 2.02051 ms)
[05/15/2026-04:31:53] [I] Average on 10 runs - GPU latency: 3.52256 ms - Host latency: 3.58391 ms (end to end 3.59375 ms, enqueue 2.09077 ms)
[05/15/2026-04:31:53] [I] Average on 10 runs - GPU latency: 3.52678 ms - Host latency: 3.58777 ms (end to end 3.59741 ms, enqueue 2.03379 ms)
[05/15/2026-04:31:53] [I] Average on 10 runs - GPU latency: 3.52673 ms - Host latency: 3.58774 ms (end to end 3.59746 ms, enqueue 2.02373 ms)
[05/15/2026-04:31:53] [I] Average on 10 runs - GPU latency: 3.52573 ms - Host latency: 3.58689 ms (end to end 3.59663 ms, enqueue 2.0447 ms)
[05/15/2026-04:31:53] [I] Average on 10 runs - GPU latency: 3.47397 ms - Host latency: 3.53677 ms (end to end 3.54993 ms, enqueue 3.14121 ms)
[05/15/2026-04:31:53] [I] Average on 10 runs - GPU latency: 3.46731 ms - Host latency: 3.52922 ms (end to end 3.54224 ms, enqueue 3.30576 ms)
[05/15/2026-04:31:53] [I] Average on 10 runs - GPU latency: 3.46472 ms - Host latency: 3.52642 ms (end to end 3.54138 ms, enqueue 3.27786 ms)
[05/15/2026-04:31:53] [I] Average on 10 runs - GPU latency: 3.46597 ms - Host latency: 3.52722 ms (end to end 3.54216 ms, enqueue 3.32859 ms)
[05/15/2026-04:31:53] [I] Average on 10 runs - GPU latency: 3.46721 ms - Host latency: 3.52986 ms (end to end 3.54333 ms, enqueue 3.33862 ms)
[05/15/2026-04:31:53] [I] Average on 10 runs - GPU latency: 3.46572 ms - Host latency: 3.52766 ms (end to end 3.54319 ms, enqueue 3.31179 ms)
[05/15/2026-04:31:53] [I] Average on 10 runs - GPU latency: 3.4666 ms - Host latency: 3.5281 ms (end to end 3.54048 ms, enqueue 3.25303 ms)
[05/15/2026-04:31:53] [I] Average on 10 runs - GPU latency: 3.46709 ms - Host latency: 3.52922 ms (end to end 3.54331 ms, enqueue 3.34788 ms)
[05/15/2026-04:31:53] [I] Average on 10 runs - GPU latency: 3.47034 ms - Host latency: 3.53245 ms (end to end 3.54575 ms, enqueue 3.31584 ms)
[05/15/2026-04:31:53] [I] Average on 10 runs - GPU latency: 3.46594 ms - Host latency: 3.52832 ms (end to end 3.54175 ms, enqueue 3.28745 ms)
[05/15/2026-04:31:53] [I] Average on 10 runs - GPU latency: 3.46311 ms - Host latency: 3.52551 ms (end to end 3.53901 ms, enqueue 3.3175 ms)
[05/15/2026-04:31:53] [I] Average on 10 runs - GPU latency: 3.46636 ms - Host latency: 3.5291 ms (end to end 3.54294 ms, enqueue 3.27922 ms)
[05/15/2026-04:31:53] [I] Average on 10 runs - GPU latency: 3.46787 ms - Host latency: 3.5302 ms (end to end 3.54355 ms, enqueue 3.27339 ms)
[05/15/2026-04:31:53] [I] Average on 10 runs - GPU latency: 3.46575 ms - Host latency: 3.52834 ms (end to end 3.54175 ms, enqueue 3.32825 ms)
[05/15/2026-04:31:53] [I] Average on 10 runs - GPU latency: 3.46836 ms - Host latency: 3.53037 ms (end to end 3.54414 ms, enqueue 3.34902 ms)
[05/15/2026-04:31:53] [I] Average on 10 runs - GPU latency: 3.46411 ms - Host latency: 3.52671 ms (end to end 3.54072 ms, enqueue 3.41323 ms)
[05/15/2026-04:31:53] [I] Average on 10 runs - GPU latency: 3.46704 ms - Host latency: 3.52915 ms (end to end 3.54282 ms, enqueue 3.27075 ms)
[05/15/2026-04:31:53] [I] Average on 10 runs - GPU latency: 3.46563 ms - Host latency: 3.52793 ms (end to end 3.54106 ms, enqueue 3.26875 ms)
[05/15/2026-04:31:53] [I] Average on 10 runs - GPU latency: 3.46572 ms - Host latency: 3.52827 ms (end to end 3.5417 ms, enqueue 3.28604 ms)
[05/15/2026-04:31:53] [I] Average on 10 runs - GPU latency: 3.46836 ms - Host latency: 3.53052 ms (end to end 3.54385 ms, enqueue 3.28125 ms)
[05/15/2026-04:31:53] [I] Average on 10 runs - GPU latency: 3.46475 ms - Host latency: 3.5269 ms (end to end 3.54082 ms, enqueue 3.33423 ms)
[05/15/2026-04:31:53] [I] Average on 10 runs - GPU latency: 3.46387 ms - Host latency: 3.52622 ms (end to end 3.53984 ms, enqueue 3.30674 ms)
[05/15/2026-04:31:53] [I] Average on 10 runs - GPU latency: 3.49365 ms - Host latency: 3.5561 ms (end to end 3.56968 ms, enqueue 2.802 ms)
[05/15/2026-04:31:53] [I] Average on 10 runs - GPU latency: 3.53042 ms - Host latency: 3.59131 ms (end to end 3.60117 ms, enqueue 2.05703 ms)
[05/15/2026-04:31:53] [I] Average on 10 runs - GPU latency: 3.50371 ms - Host latency: 3.56523 ms (end to end 3.5749 ms, enqueue 2.63638 ms)
[05/15/2026-04:31:53] [I] Average on 10 runs - GPU latency: 3.64829 ms - Host latency: 3.75269 ms (end to end 3.77817 ms, enqueue 3.46201 ms)
[05/15/2026-04:31:53] [I] Average on 10 runs - GPU latency: 3.86758 ms - Host latency: 4.08003 ms (end to end 4.13159 ms, enqueue 3.85991 ms)
[05/15/2026-04:31:53] [I] Average on 10 runs - GPU latency: 3.83062 ms - Host latency: 4.03872 ms (end to end 4.08931 ms, enqueue 3.82168 ms)
[05/15/2026-04:31:53] [I] Average on 10 runs - GPU latency: 3.55479 ms - Host latency: 3.71211 ms (end to end 3.72891 ms, enqueue 3.45298 ms)
[05/15/2026-04:31:53] [I] Average on 10 runs - GPU latency: 3.56768 ms - Host latency: 3.70742 ms (end to end 3.72983 ms, enqueue 3.45254 ms)
[05/15/2026-04:31:53] [I] Average on 10 runs - GPU latency: 3.51616 ms - Host latency: 3.60718 ms (end to end 3.6167 ms, enqueue 3.34756 ms)
[05/15/2026-04:31:53] [I] Average on 10 runs - GPU latency: 3.53384 ms - Host latency: 3.63213 ms (end to end 3.64395 ms, enqueue 3.37197 ms)
[05/15/2026-04:31:53] [I] Average on 10 runs - GPU latency: 3.52749 ms - Host latency: 3.60581 ms (end to end 3.61558 ms, enqueue 2.30215 ms)
[05/15/2026-04:31:53] [I] Average on 10 runs - GPU latency: 3.53545 ms - Host latency: 3.59653 ms (end to end 3.6061 ms, enqueue 2.10039 ms)
[05/15/2026-04:31:53] [I] Average on 10 runs - GPU latency: 3.52373 ms - Host latency: 3.58467 ms (end to end 3.59468 ms, enqueue 2.21621 ms)
[05/15/2026-04:31:53] [I] Average on 10 runs - GPU latency: 3.51846 ms - Host latency: 3.58013 ms (end to end 3.58989 ms, enqueue 2.33296 ms)
[05/15/2026-04:31:53] [I] Average on 10 runs - GPU latency: 3.5023 ms - Host latency: 3.56426 ms (end to end 3.57422 ms, enqueue 2.371 ms)
[05/15/2026-04:31:53] [I] Average on 10 runs - GPU latency: 3.51294 ms - Host latency: 3.57461 ms (end to end 3.58613 ms, enqueue 2.5793 ms)
[05/15/2026-04:31:53] [I] Average on 10 runs - GPU latency: 3.51729 ms - Host latency: 3.57847 ms (end to end 3.58867 ms, enqueue 2.25391 ms)
[05/15/2026-04:31:53] [I] Average on 10 runs - GPU latency: 3.50542 ms - Host latency: 3.5668 ms (end to end 3.57598 ms, enqueue 2.51343 ms)
[05/15/2026-04:31:53] [I] Average on 10 runs - GPU latency: 3.5209 ms - Host latency: 3.58188 ms (end to end 3.59165 ms, enqueue 2.30605 ms)
[05/15/2026-04:31:53] [I] Average on 10 runs - GPU latency: 3.50566 ms - Host latency: 3.56724 ms (end to end 3.57773 ms, enqueue 2.56396 ms)
[05/15/2026-04:31:53] [I] Average on 10 runs - GPU latency: 3.50371 ms - Host latency: 3.56519 ms (end to end 3.57583 ms, enqueue 2.5814 ms)
[05/15/2026-04:31:53] [I] Average on 10 runs - GPU latency: 3.50596 ms - Host latency: 3.56768 ms (end to end 3.57734 ms, enqueue 2.5375 ms)
[05/15/2026-04:31:53] [I] Average on 10 runs - GPU latency: 3.51577 ms - Host latency: 3.57769 ms (end to end 3.58691 ms, enqueue 2.30103 ms)
[05/15/2026-04:31:53] [I] Average on 10 runs - GPU latency: 3.50425 ms - Host latency: 3.56567 ms (end to end 3.57603 ms, enqueue 2.5689 ms)
[05/15/2026-04:31:53] [I] Average on 10 runs - GPU latency: 3.52251 ms - Host latency: 3.58369 ms (end to end 3.59355 ms, enqueue 2.24004 ms)
[05/15/2026-04:31:53] [I] Average on 10 runs - GPU latency: 3.52187 ms - Host latency: 3.58281 ms (end to end 3.59268 ms, enqueue 2.08784 ms)
[05/15/2026-04:31:53] [I] Average on 10 runs - GPU latency: 3.52617 ms - Host latency: 3.5875 ms (end to end 3.59722 ms, enqueue 2.05869 ms)
[05/15/2026-04:31:53] [I] Average on 10 runs - GPU latency: 3.53027 ms - Host latency: 3.59141 ms (end to end 3.60088 ms, enqueue 2.02578 ms)
[05/15/2026-04:31:53] [I] Average on 10 runs - GPU latency: 3.53105 ms - Host latency: 3.59253 ms (end to end 3.60244 ms, enqueue 2.08828 ms)
[05/15/2026-04:31:53] [I] Average on 10 runs - GPU latency: 3.52368 ms - Host latency: 3.58516 ms (end to end 3.59521 ms, enqueue 2.17856 ms)
[05/15/2026-04:31:53] [I] Average on 10 runs - GPU latency: 3.52222 ms - Host latency: 3.58291 ms (end to end 3.59282 ms, enqueue 2.21021 ms)
[05/15/2026-04:31:53] [I] Average on 10 runs - GPU latency: 3.51084 ms - Host latency: 3.57227 ms (end to end 3.58301 ms, enqueue 2.40937 ms)
[05/15/2026-04:31:53] [I] Average on 10 runs - GPU latency: 3.52788 ms - Host latency: 3.58882 ms (end to end 3.59863 ms, enqueue 2.07051 ms)
[05/15/2026-04:31:53] [I] Average on 10 runs - GPU latency: 3.52725 ms - Host latency: 3.58843 ms (end to end 3.59805 ms, enqueue 2.06025 ms)
[05/15/2026-04:31:53] [I] Average on 10 runs - GPU latency: 3.53003 ms - Host latency: 3.59116 ms (end to end 3.60093 ms, enqueue 2.03696 ms)
[05/15/2026-04:31:53] [I] Average on 10 runs - GPU latency: 3.51758 ms - Host latency: 3.57881 ms (end to end 3.58857 ms, enqueue 2.10249 ms)
[05/15/2026-04:31:53] [I] Average on 10 runs - GPU latency: 3.5231 ms - Host latency: 3.58452 ms (end to end 3.59453 ms, enqueue 2.06831 ms)
[05/15/2026-04:31:53] [I] Average on 10 runs - GPU latency: 3.52432 ms - Host latency: 3.58521 ms (end to end 3.59521 ms, enqueue 2.12578 ms)
[05/15/2026-04:31:53] [I] Average on 10 runs - GPU latency: 3.52183 ms - Host latency: 3.5833 ms (end to end 3.59287 ms, enqueue 2.09268 ms)
[05/15/2026-04:31:53] [I] Average on 10 runs - GPU latency: 3.52524 ms - Host latency: 3.58594 ms (end to end 3.5957 ms, enqueue 2.0396 ms)
[05/15/2026-04:31:53] [I] Average on 10 runs - GPU latency: 3.53218 ms - Host latency: 3.59297 ms (end to end 3.60278 ms, enqueue 2.02813 ms)
[05/15/2026-04:31:53] [I] Average on 10 runs - GPU latency: 3.53149 ms - Host latency: 3.59263 ms (end to end 3.60234 ms, enqueue 2.01094 ms)
[05/15/2026-04:31:53] [I] Average on 10 runs - GPU latency: 3.52534 ms - Host latency: 3.58672 ms (end to end 3.59673 ms, enqueue 2.09814 ms)
[05/15/2026-04:31:53] [I] Average on 10 runs - GPU latency: 3.53164 ms - Host latency: 3.59282 ms (end to end 3.60259 ms, enqueue 2.06987 ms)
[05/15/2026-04:31:53] [I] Average on 10 runs - GPU latency: 3.52256 ms - Host latency: 3.58428 ms (end to end 3.59404 ms, enqueue 2.11953 ms)
[05/15/2026-04:31:53] [I] Average on 10 runs - GPU latency: 3.52363 ms - Host latency: 3.58506 ms (end to end 3.59492 ms, enqueue 2.08867 ms)
[05/15/2026-04:31:53] [I] Average on 10 runs - GPU latency: 3.52744 ms - Host latency: 3.58862 ms (end to end 3.59854 ms, enqueue 2.04155 ms)
[05/15/2026-04:31:53] [I] Average on 10 runs - GPU latency: 3.53159 ms - Host latency: 3.59253 ms (end to end 3.60244 ms, enqueue 2.01655 ms)
[05/15/2026-04:31:53] [I] Average on 10 runs - GPU latency: 3.52686 ms - Host latency: 3.58809 ms (end to end 3.598 ms, enqueue 2.02871 ms)
[05/15/2026-04:31:53] [I] Average on 10 runs - GPU latency: 3.52231 ms - Host latency: 3.58335 ms (end to end 3.59326 ms, enqueue 2.08789 ms)
[05/15/2026-04:31:53] [I] Average on 10 runs - GPU latency: 3.52808 ms - Host latency: 3.58882 ms (end to end 3.59868 ms, enqueue 2.05894 ms)
[05/15/2026-04:31:53] [I] Average on 10 runs - GPU latency: 3.51787 ms - Host latency: 3.57954 ms (end to end 3.58931 ms, enqueue 2.11592 ms)
[05/15/2026-04:31:53] [I] Average on 10 runs - GPU latency: 3.52954 ms - Host latency: 3.59087 ms (end to end 3.60059 ms, enqueue 2.12158 ms)
[05/15/2026-04:31:53] [I] Average on 10 runs - GPU latency: 3.52056 ms - Host latency: 3.58203 ms (end to end 3.59194 ms, enqueue 2.17153 ms)
[05/15/2026-04:31:53] [I] Average on 10 runs - GPU latency: 3.52124 ms - Host latency: 3.58247 ms (end to end 3.59253 ms, enqueue 2.20977 ms)
[05/15/2026-04:31:53] [I] Average on 10 runs - GPU latency: 3.529 ms - Host latency: 3.59063 ms (end to end 3.60034 ms, enqueue 2.04497 ms)
[05/15/2026-04:31:53] [I] Average on 10 runs - GPU latency: 3.52026 ms - Host latency: 3.58154 ms (end to end 3.59126 ms, enqueue 2.08755 ms)
[05/15/2026-04:31:53] [I] Average on 10 runs - GPU latency: 3.53452 ms - Host latency: 3.59531 ms (end to end 3.60518 ms, enqueue 1.97344 ms)
[05/15/2026-04:31:53] [I] Average on 10 runs - GPU latency: 3.5269 ms - Host latency: 3.58809 ms (end to end 3.59785 ms, enqueue 2.13242 ms)
[05/15/2026-04:31:53] [I] Average on 10 runs - GPU latency: 3.5311 ms - Host latency: 3.59272 ms (end to end 3.60254 ms, enqueue 2.1272 ms)
[05/15/2026-04:31:53] [I] Average on 10 runs - GPU latency: 3.51294 ms - Host latency: 3.57441 ms (end to end 3.58384 ms, enqueue 2.30679 ms)
[05/15/2026-04:31:53] [I] Average on 10 runs - GPU latency: 3.50278 ms - Host latency: 3.56396 ms (end to end 3.57275 ms, enqueue 2.46826 ms)
[05/15/2026-04:31:53] [I] Average on 10 runs - GPU latency: 3.50942 ms - Host latency: 3.57104 ms (end to end 3.58325 ms, enqueue 2.575 ms)
[05/15/2026-04:31:53] [I] Average on 10 runs - GPU latency: 3.51299 ms - Host latency: 3.57422 ms (end to end 3.58394 ms, enqueue 2.39316 ms)
[05/15/2026-04:31:53] [I] Average on 10 runs - GPU latency: 3.52056 ms - Host latency: 3.58208 ms (end to end 3.59219 ms, enqueue 2.22236 ms)
[05/15/2026-04:31:53] [I] Average on 10 runs - GPU latency: 3.52803 ms - Host latency: 3.58945 ms (end to end 3.59932 ms, enqueue 2.11016 ms)
[05/15/2026-04:31:53] [I] Average on 10 runs - GPU latency: 3.51973 ms - Host latency: 3.58096 ms (end to end 3.59082 ms, enqueue 2.27305 ms)
[05/15/2026-04:31:53] [I] Average on 10 runs - GPU latency: 3.52715 ms - Host latency: 3.58823 ms (end to end 3.59785 ms, enqueue 2.12397 ms)
[05/15/2026-04:31:53] [I] Average on 10 runs - GPU latency: 3.52539 ms - Host latency: 3.58652 ms (end to end 3.59609 ms, enqueue 2.1269 ms)
[05/15/2026-04:31:53] [I] Average on 10 runs - GPU latency: 3.52441 ms - Host latency: 3.58521 ms (end to end 3.59497 ms, enqueue 2.04233 ms)
[05/15/2026-04:31:53] [I] Average on 10 runs - GPU latency: 3.52695 ms - Host latency: 3.58818 ms (end to end 3.5979 ms, enqueue 2.08442 ms)
[05/15/2026-04:31:53] [I] Average on 10 runs - GPU latency: 3.52471 ms - Host latency: 3.58555 ms (end to end 3.59561 ms, enqueue 2.10254 ms)
[05/15/2026-04:31:53] [I] Average on 10 runs - GPU latency: 3.52432 ms - Host latency: 3.58525 ms (end to end 3.59497 ms, enqueue 2.04248 ms)
[05/15/2026-04:31:53] [I] Average on 10 runs - GPU latency: 3.52422 ms - Host latency: 3.58555 ms (end to end 3.59512 ms, enqueue 2.13071 ms)
[05/15/2026-04:31:53] [I] Average on 10 runs - GPU latency: 3.52192 ms - Host latency: 3.58325 ms (end to end 3.59312 ms, enqueue 2.12437 ms)
[05/15/2026-04:31:53] [I] Average on 10 runs - GPU latency: 3.53018 ms - Host latency: 3.5917 ms (end to end 3.60142 ms, enqueue 2.02261 ms)
[05/15/2026-04:31:53] [I] Average on 10 runs - GPU latency: 3.52593 ms - Host latency: 3.58784 ms (end to end 3.59756 ms, enqueue 2.06172 ms)
[05/15/2026-04:31:53] [I] Average on 10 runs - GPU latency: 3.52886 ms - Host latency: 3.59028 ms (end to end 3.6001 ms, enqueue 2.02119 ms)
[05/15/2026-04:31:53] [I] Average on 10 runs - GPU latency: 3.52622 ms - Host latency: 3.58755 ms (end to end 3.59727 ms, enqueue 2.09995 ms)
[05/15/2026-04:31:53] [I] Average on 10 runs - GPU latency: 3.52261 ms - Host latency: 3.5835 ms (end to end 3.59341 ms, enqueue 2.05078 ms)
[05/15/2026-04:31:53] [I] Average on 10 runs - GPU latency: 3.52769 ms - Host latency: 3.58911 ms (end to end 3.59893 ms, enqueue 2.07104 ms)
[05/15/2026-04:31:53] [I] Average on 10 runs - GPU latency: 3.52222 ms - Host latency: 3.58325 ms (end to end 3.59312 ms, enqueue 2.12915 ms)
[05/15/2026-04:31:53] [I] Average on 10 runs - GPU latency: 3.53242 ms - Host latency: 3.59341 ms (end to end 3.60298 ms, enqueue 2.01431 ms)
[05/15/2026-04:31:53] [I] Average on 10 runs - GPU latency: 3.51851 ms - Host latency: 3.57964 ms (end to end 3.58955 ms, enqueue 2.18398 ms)
[05/15/2026-04:31:53] [I] Average on 10 runs - GPU latency: 3.50176 ms - Host latency: 3.56274 ms (end to end 3.57173 ms, enqueue 2.58262 ms)
[05/15/2026-04:31:53] [I] Average on 10 runs - GPU latency: 3.51797 ms - Host latency: 3.57944 ms (end to end 3.58921 ms, enqueue 2.23213 ms)
[05/15/2026-04:31:53] [I] Average on 10 runs - GPU latency: 3.51846 ms - Host latency: 3.57944 ms (end to end 3.58921 ms, enqueue 2.34121 ms)
[05/15/2026-04:31:53] [I] Average on 10 runs - GPU latency: 3.50342 ms - Host latency: 3.56509 ms (end to end 3.57583 ms, enqueue 2.56328 ms)
[05/15/2026-04:31:53] [I] Average on 10 runs - GPU latency: 3.48521 ms - Host latency: 3.54751 ms (end to end 3.55908 ms, enqueue 2.91763 ms)
[05/15/2026-04:31:53] [I] Average on 10 runs - GPU latency: 3.51318 ms - Host latency: 3.57446 ms (end to end 3.58506 ms, enqueue 2.39854 ms)
[05/15/2026-04:31:53] [I] Average on 10 runs - GPU latency: 3.51387 ms - Host latency: 3.57515 ms (end to end 3.58496 ms, enqueue 2.39106 ms)
[05/15/2026-04:31:53] [I] Average on 10 runs - GPU latency: 3.50518 ms - Host latency: 3.5665 ms (end to end 3.57554 ms, enqueue 2.56284 ms)
[05/15/2026-04:31:53] [I] Average on 10 runs - GPU latency: 3.52358 ms - Host latency: 3.58477 ms (end to end 3.59468 ms, enqueue 2.24097 ms)
[05/15/2026-04:31:53] [I] Average on 10 runs - GPU latency: 3.5311 ms - Host latency: 3.59219 ms (end to end 3.6019 ms, enqueue 2.04351 ms)
[05/15/2026-04:31:53] [I] Average on 10 runs - GPU latency: 3.52881 ms - Host latency: 3.58984 ms (end to end 3.59937 ms, enqueue 2.04512 ms)
[05/15/2026-04:31:53] [I] Average on 10 runs - GPU latency: 3.51768 ms - Host latency: 3.57935 ms (end to end 3.58916 ms, enqueue 2.15024 ms)
[05/15/2026-04:31:53] [I] Average on 10 runs - GPU latency: 3.53062 ms - Host latency: 3.59145 ms (end to end 3.60127 ms, enqueue 2.05469 ms)
[05/15/2026-04:31:53] [I] Average on 10 runs - GPU latency: 3.52554 ms - Host latency: 3.58672 ms (end to end 3.59648 ms, enqueue 2.08252 ms)
[05/15/2026-04:31:53] [I] Average on 10 runs - GPU latency: 3.50713 ms - Host latency: 3.56821 ms (end to end 3.57788 ms, enqueue 2.45068 ms)
[05/15/2026-04:31:53] [I] Average on 10 runs - GPU latency: 3.51523 ms - Host latency: 3.57646 ms (end to end 3.58628 ms, enqueue 2.38735 ms)
[05/15/2026-04:31:53] [I] Average on 10 runs - GPU latency: 3.50537 ms - Host latency: 3.5668 ms (end to end 3.57715 ms, enqueue 2.59448 ms)
[05/15/2026-04:31:53] [I] Average on 10 runs - GPU latency: 3.50488 ms - Host latency: 3.56597 ms (end to end 3.57666 ms, enqueue 2.56016 ms)
[05/15/2026-04:31:53] [I] Average on 10 runs - GPU latency: 3.50337 ms - Host latency: 3.5647 ms (end to end 3.57559 ms, enqueue 2.56055 ms)
[05/15/2026-04:31:53] [I] Average on 10 runs - GPU latency: 3.51396 ms - Host latency: 3.57563 ms (end to end 3.58555 ms, enqueue 2.34888 ms)
[05/15/2026-04:31:53] [I] Average on 10 runs - GPU latency: 3.50981 ms - Host latency: 3.57227 ms (end to end 3.58237 ms, enqueue 2.38765 ms)
[05/15/2026-04:31:53] [I] Average on 10 runs - GPU latency: 3.5083 ms - Host latency: 3.56904 ms (end to end 3.57896 ms, enqueue 2.49438 ms)
[05/15/2026-04:31:53] [I] Average on 10 runs - GPU latency: 3.50732 ms - Host latency: 3.56865 ms (end to end 3.57891 ms, enqueue 2.46094 ms)
[05/15/2026-04:31:53] [I] Average on 10 runs - GPU latency: 3.5 ms - Host latency: 3.56152 ms (end to end 3.5709 ms, enqueue 2.63379 ms)
[05/15/2026-04:31:53] [I] Average on 10 runs - GPU latency: 3.49805 ms - Host latency: 3.55938 ms (end to end 3.5707 ms, enqueue 2.73633 ms)
[05/15/2026-04:31:53] [I] Average on 10 runs - GPU latency: 3.51641 ms - Host latency: 3.57744 ms (end to end 3.5875 ms, enqueue 2.32236 ms)
[05/15/2026-04:31:53] [I] Average on 10 runs - GPU latency: 3.51514 ms - Host latency: 3.57656 ms (end to end 3.58643 ms, enqueue 2.26963 ms)
[05/15/2026-04:31:53] [I] Average on 10 runs - GPU latency: 3.5293 ms - Host latency: 3.59063 ms (end to end 3.6002 ms, enqueue 2.11719 ms)
[05/15/2026-04:31:53] [I] Average on 10 runs - GPU latency: 3.5041 ms - Host latency: 3.56514 ms (end to end 3.5751 ms, enqueue 2.54941 ms)
[05/15/2026-04:31:53] [I] Average on 10 runs - GPU latency: 3.52178 ms - Host latency: 3.58311 ms (end to end 3.59258 ms, enqueue 2.09561 ms)
[05/15/2026-04:31:53] [I] Average on 10 runs - GPU latency: 3.53018 ms - Host latency: 3.5918 ms (end to end 3.60156 ms, enqueue 2.0584 ms)
[05/15/2026-04:31:53] [I] Average on 10 runs - GPU latency: 3.53271 ms - Host latency: 3.59365 ms (end to end 3.60361 ms, enqueue 2.05 ms)
[05/15/2026-04:31:53] [I] Average on 10 runs - GPU latency: 3.52695 ms - Host latency: 3.58789 ms (end to end 3.59785 ms, enqueue 2.04033 ms)
[05/15/2026-04:31:53] [I] Average on 10 runs - GPU latency: 3.52393 ms - Host latency: 3.58564 ms (end to end 3.5958 ms, enqueue 2.07842 ms)
[05/15/2026-04:31:53] [I] Average on 10 runs - GPU latency: 3.52705 ms - Host latency: 3.58818 ms (end to end 3.59795 ms, enqueue 2.10684 ms)
[05/15/2026-04:31:53] [I] Average on 10 runs - GPU latency: 3.52969 ms - Host latency: 3.59082 ms (end to end 3.6001 ms, enqueue 2.01289 ms)
[05/15/2026-04:31:53] [I] Average on 10 runs - GPU latency: 3.52021 ms - Host latency: 3.58154 ms (end to end 3.59111 ms, enqueue 2.07139 ms)
[05/15/2026-04:31:53] [I] Average on 10 runs - GPU latency: 3.52422 ms - Host latency: 3.58477 ms (end to end 3.59473 ms, enqueue 2.0708 ms)
[05/15/2026-04:31:53] [I] Average on 10 runs - GPU latency: 3.52773 ms - Host latency: 3.58867 ms (end to end 3.59844 ms, enqueue 2.03086 ms)
[05/15/2026-04:31:53] [I] Average on 10 runs - GPU latency: 3.52432 ms - Host latency: 3.58516 ms (end to end 3.59502 ms, enqueue 2.04609 ms)
[05/15/2026-04:31:53] [I] Average on 10 runs - GPU latency: 3.52773 ms - Host latency: 3.58877 ms (end to end 3.59912 ms, enqueue 2.06689 ms)
[05/15/2026-04:31:53] [I] Average on 10 runs - GPU latency: 3.50703 ms - Host latency: 3.56875 ms (end to end 3.579 ms, enqueue 2.47256 ms)
[05/15/2026-04:31:53] [I] Average on 10 runs - GPU latency: 3.53281 ms - Host latency: 3.59414 ms (end to end 3.6041 ms, enqueue 2.05322 ms)
[05/15/2026-04:31:53] [I] Average on 10 runs - GPU latency: 3.52295 ms - Host latency: 3.5835 ms (end to end 3.59316 ms, enqueue 2.11836 ms)
[05/15/2026-04:31:53] [I] Average on 10 runs - GPU latency: 3.52705 ms - Host latency: 3.58848 ms (end to end 3.59805 ms, enqueue 2.09453 ms)
[05/15/2026-04:31:53] [I] Average on 10 runs - GPU latency: 3.52627 ms - Host latency: 3.58789 ms (end to end 3.59727 ms, enqueue 2.02734 ms)
[05/15/2026-04:31:53] [I] Average on 10 runs - GPU latency: 3.52578 ms - Host latency: 3.58682 ms (end to end 3.59639 ms, enqueue 2.01719 ms)
[05/15/2026-04:31:53] [I] Average on 10 runs - GPU latency: 3.52549 ms - Host latency: 3.58662 ms (end to end 3.59678 ms, enqueue 2.09287 ms)
[05/15/2026-04:31:53] [I] Average on 10 runs - GPU latency: 3.52148 ms - Host latency: 3.58252 ms (end to end 3.59229 ms, enqueue 2.11553 ms)
[05/15/2026-04:31:53] [I] Average on 10 runs - GPU latency: 3.53047 ms - Host latency: 3.5915 ms (end to end 3.60146 ms, enqueue 2.03105 ms)
[05/15/2026-04:31:53] [I] Average on 10 runs - GPU latency: 3.52617 ms - Host latency: 3.58711 ms (end to end 3.59668 ms, enqueue 2.04443 ms)
[05/15/2026-04:31:53] [I] Average on 10 runs - GPU latency: 3.52637 ms - Host latency: 3.5874 ms (end to end 3.59717 ms, enqueue 2.06045 ms)
[05/15/2026-04:31:53] [I] Average on 10 runs - GPU latency: 3.53096 ms - Host latency: 3.59238 ms (end to end 3.60186 ms, enqueue 2.00889 ms)
[05/15/2026-04:31:53] [I] Average on 10 runs - GPU latency: 3.5083 ms - Host latency: 3.57002 ms (end to end 3.57959 ms, enqueue 2.44824 ms)
[05/15/2026-04:31:53] [I] Average on 10 runs - GPU latency: 3.51729 ms - Host latency: 3.57861 ms (end to end 3.58877 ms, enqueue 2.32998 ms)
[05/15/2026-04:31:53] [I] Average on 10 runs - GPU latency: 3.50986 ms - Host latency: 3.571 ms (end to end 3.58115 ms, enqueue 2.46855 ms)
[05/15/2026-04:31:53] [I] Average on 10 runs - GPU latency: 3.51162 ms - Host latency: 3.57256 ms (end to end 3.58252 ms, enqueue 2.43379 ms)
[05/15/2026-04:31:53] [I] Average on 10 runs - GPU latency: 3.49688 ms - Host latency: 3.55898 ms (end to end 3.56807 ms, enqueue 2.58896 ms)
[05/15/2026-04:31:53] [I] Average on 10 runs - GPU latency: 3.5207 ms - Host latency: 3.58213 ms (end to end 3.5918 ms, enqueue 2.34131 ms)
[05/15/2026-04:31:53] [I] Average on 10 runs - GPU latency: 3.53193 ms - Host latency: 3.59326 ms (end to end 3.60283 ms, enqueue 2.03936 ms)
[05/15/2026-04:31:53] [I] Average on 10 runs - GPU latency: 3.5333 ms - Host latency: 3.59521 ms (end to end 3.60537 ms, enqueue 2.02881 ms)
[05/15/2026-04:31:53] [I] Average on 10 runs - GPU latency: 3.52217 ms - Host latency: 3.5835 ms (end to end 3.59326 ms, enqueue 2.08467 ms)
[05/15/2026-04:31:53] [I] Average on 10 runs - GPU latency: 3.52402 ms - Host latency: 3.58486 ms (end to end 3.59473 ms, enqueue 2.03936 ms)
[05/15/2026-04:31:53] [I] Average on 10 runs - GPU latency: 3.52002 ms - Host latency: 3.58125 ms (end to end 3.59121 ms, enqueue 2.12441 ms)
[05/15/2026-04:31:53] [I] Average on 10 runs - GPU latency: 3.53193 ms - Host latency: 3.59307 ms (end to end 3.60293 ms, enqueue 2.06865 ms)
[05/15/2026-04:31:53] [I] Average on 10 runs - GPU latency: 3.53604 ms - Host latency: 3.59727 ms (end to end 3.60674 ms, enqueue 2.054 ms)
[05/15/2026-04:31:53] [I] Average on 10 runs - GPU latency: 3.52754 ms - Host latency: 3.58857 ms (end to end 3.59844 ms, enqueue 2.08105 ms)
[05/15/2026-04:31:53] [I] Average on 10 runs - GPU latency: 3.51172 ms - Host latency: 3.57266 ms (end to end 3.58242 ms, enqueue 2.52988 ms)
[05/15/2026-04:31:53] [I] Average on 10 runs - GPU latency: 3.52295 ms - Host latency: 3.58437 ms (end to end 3.59482 ms, enqueue 2.38506 ms)
[05/15/2026-04:31:53] [I] Average on 10 runs - GPU latency: 3.54902 ms - Host latency: 3.60996 ms (end to end 3.61992 ms, enqueue 2.07988 ms)
[05/15/2026-04:31:53] [I] Average on 10 runs - GPU latency: 3.54414 ms - Host latency: 3.60576 ms (end to end 3.61582 ms, enqueue 2.14736 ms)
[05/15/2026-04:31:53] [I] Average on 10 runs - GPU latency: 3.54912 ms - Host latency: 3.61025 ms (end to end 3.61992 ms, enqueue 2.05527 ms)
[05/15/2026-04:31:53] [I] Average on 10 runs - GPU latency: 3.54805 ms - Host latency: 3.60928 ms (end to end 3.61924 ms, enqueue 2.09453 ms)
[05/15/2026-04:31:53] [I] Average on 10 runs - GPU latency: 3.54785 ms - Host latency: 3.6083 ms (end to end 3.61816 ms, enqueue 2.03779 ms)
[05/15/2026-04:31:53] [I] Average on 10 runs - GPU latency: 3.54424 ms - Host latency: 3.60566 ms (end to end 3.61533 ms, enqueue 2.03945 ms)
[05/15/2026-04:31:53] [I] Average on 10 runs - GPU latency: 3.55342 ms - Host latency: 3.61455 ms (end to end 3.62441 ms, enqueue 2.0332 ms)
[05/15/2026-04:31:53] [I] Average on 10 runs - GPU latency: 3.55195 ms - Host latency: 3.61309 ms (end to end 3.62314 ms, enqueue 2.17061 ms)
[05/15/2026-04:31:53] [I] Average on 10 runs - GPU latency: 3.53486 ms - Host latency: 3.59639 ms (end to end 3.60635 ms, enqueue 2.42441 ms)
[05/15/2026-04:31:53] [I] Average on 10 runs - GPU latency: 3.53428 ms - Host latency: 3.59541 ms (end to end 3.60547 ms, enqueue 2.29902 ms)
[05/15/2026-04:31:53] [I] Average on 10 runs - GPU latency: 3.54453 ms - Host latency: 3.60605 ms (end to end 3.61553 ms, enqueue 2.18008 ms)
[05/15/2026-04:31:53] [I] Average on 10 runs - GPU latency: 3.53037 ms - Host latency: 3.59141 ms (end to end 3.60176 ms, enqueue 2.50645 ms)
[05/15/2026-04:31:53] [I] Average on 10 runs - GPU latency: 3.53379 ms - Host latency: 3.59512 ms (end to end 3.60479 ms, enqueue 2.34287 ms)
[05/15/2026-04:31:53] [I] Average on 10 runs - GPU latency: 3.5502 ms - Host latency: 3.61113 ms (end to end 3.62109 ms, enqueue 2.11318 ms)
[05/15/2026-04:31:53] [I] Average on 10 runs - GPU latency: 3.54834 ms - Host latency: 3.60928 ms (end to end 3.61934 ms, enqueue 2.05361 ms)
[05/15/2026-04:31:53] [I] Average on 10 runs - GPU latency: 3.54697 ms - Host latency: 3.60791 ms (end to end 3.61738 ms, enqueue 2.02949 ms)
[05/15/2026-04:31:53] [I] Average on 10 runs - GPU latency: 3.54639 ms - Host latency: 3.60801 ms (end to end 3.61768 ms, enqueue 2.12295 ms)
[05/15/2026-04:31:53] [I] Average on 10 runs - GPU latency: 3.54395 ms - Host latency: 3.60508 ms (end to end 3.61543 ms, enqueue 2.09258 ms)
[05/15/2026-04:31:53] [I] Average on 10 runs - GPU latency: 3.55078 ms - Host latency: 3.6123 ms (end to end 3.62197 ms, enqueue 2.0501 ms)
[05/15/2026-04:31:53] [I] Average on 10 runs - GPU latency: 3.55215 ms - Host latency: 3.61309 ms (end to end 3.62334 ms, enqueue 2.02451 ms)
[05/15/2026-04:31:53] [I] Average on 10 runs - GPU latency: 3.54619 ms - Host latency: 3.60742 ms (end to end 3.61729 ms, enqueue 2.0707 ms)
[05/15/2026-04:31:53] [I] Average on 10 runs - GPU latency: 3.54531 ms - Host latency: 3.60635 ms (end to end 3.61572 ms, enqueue 2.03838 ms)
[05/15/2026-04:31:53] [I] Average on 10 runs - GPU latency: 3.54219 ms - Host latency: 3.60303 ms (end to end 3.61318 ms, enqueue 2.03076 ms)
[05/15/2026-04:31:53] [I] Average on 10 runs - GPU latency: 3.53213 ms - Host latency: 3.59355 ms (end to end 3.60273 ms, enqueue 2.15664 ms)
[05/15/2026-04:31:53] [I] Average on 10 runs - GPU latency: 3.4876 ms - Host latency: 3.55 ms (end to end 3.56494 ms, enqueue 3.29141 ms)
[05/15/2026-04:31:53] [I] Average on 10 runs - GPU latency: 3.49346 ms - Host latency: 3.55518 ms (end to end 3.571 ms, enqueue 3.32637 ms)
[05/15/2026-04:31:53] [I] Average on 10 runs - GPU latency: 3.48809 ms - Host latency: 3.54863 ms (end to end 3.56162 ms, enqueue 3.221 ms)
[05/15/2026-04:31:53] [I] Average on 10 runs - GPU latency: 3.49229 ms - Host latency: 3.55371 ms (end to end 3.56719 ms, enqueue 3.22158 ms)
[05/15/2026-04:31:53] [I] Average on 10 runs - GPU latency: 3.48691 ms - Host latency: 3.54971 ms (end to end 3.56348 ms, enqueue 3.35146 ms)
[05/15/2026-04:31:53] [I] Average on 10 runs - GPU latency: 3.48594 ms - Host latency: 3.54746 ms (end to end 3.56377 ms, enqueue 3.32529 ms)
[05/15/2026-04:31:53] [I] Average on 10 runs - GPU latency: 3.48389 ms - Host latency: 3.54688 ms (end to end 3.56035 ms, enqueue 3.36152 ms)
[05/15/2026-04:31:53] [I] Average on 10 runs - GPU latency: 3.48398 ms - Host latency: 3.54688 ms (end to end 3.56025 ms, enqueue 3.29951 ms)
[05/15/2026-04:31:53] [I] Average on 10 runs - GPU latency: 3.48916 ms - Host latency: 3.55186 ms (end to end 3.56582 ms, enqueue 3.35811 ms)
[05/15/2026-04:31:53] [I] Average on 10 runs - GPU latency: 3.48408 ms - Host latency: 3.5457 ms (end to end 3.55938 ms, enqueue 3.32412 ms)
[05/15/2026-04:31:53] [I] Average on 10 runs - GPU latency: 3.48994 ms - Host latency: 3.55098 ms (end to end 3.56621 ms, enqueue 3.23398 ms)
[05/15/2026-04:31:53] [I] Average on 10 runs - GPU latency: 3.48818 ms - Host latency: 3.5502 ms (end to end 3.56416 ms, enqueue 3.34092 ms)
[05/15/2026-04:31:53] [I] Average on 10 runs - GPU latency: 3.48828 ms - Host latency: 3.5499 ms (end to end 3.56426 ms, enqueue 3.23857 ms)
[05/15/2026-04:31:53] [I] Average on 10 runs - GPU latency: 3.48799 ms - Host latency: 3.54902 ms (end to end 3.56104 ms, enqueue 3.23164 ms)
[05/15/2026-04:31:53] [I] Average on 10 runs - GPU latency: 3.48232 ms - Host latency: 3.54492 ms (end to end 3.5583 ms, enqueue 3.40195 ms)
[05/15/2026-04:31:53] [I] Average on 10 runs - GPU latency: 3.48564 ms - Host latency: 3.54844 ms (end to end 3.56201 ms, enqueue 3.3501 ms)
[05/15/2026-04:31:53] [I] Average on 10 runs - GPU latency: 3.48457 ms - Host latency: 3.54717 ms (end to end 3.56074 ms, enqueue 3.28867 ms)
[05/15/2026-04:31:53] [I] Average on 10 runs - GPU latency: 3.48262 ms - Host latency: 3.54463 ms (end to end 3.55781 ms, enqueue 3.27529 ms)
[05/15/2026-04:31:53] [I] Average on 10 runs - GPU latency: 3.49346 ms - Host latency: 3.55615 ms (end to end 3.56953 ms, enqueue 3.23994 ms)
[05/15/2026-04:31:53] [I] Average on 10 runs - GPU latency: 3.55 ms - Host latency: 3.61123 ms (end to end 3.6209 ms, enqueue 2.07715 ms)
[05/15/2026-04:31:53] [I] Average on 10 runs - GPU latency: 3.55137 ms - Host latency: 3.6125 ms (end to end 3.62158 ms, enqueue 2.0668 ms)
[05/15/2026-04:31:53] [I] Average on 10 runs - GPU latency: 3.52324 ms - Host latency: 3.5877 ms (end to end 3.59785 ms, enqueue 2.6708 ms)
[05/15/2026-04:31:53] [I] Average on 10 runs - GPU latency: 3.52559 ms - Host latency: 3.58896 ms (end to end 3.6001 ms, enqueue 2.70625 ms)
[05/15/2026-04:31:53] [I] Average on 10 runs - GPU latency: 3.55332 ms - Host latency: 3.61465 ms (end to end 3.62461 ms, enqueue 2.10479 ms)
[05/15/2026-04:31:53] [I] Average on 10 runs - GPU latency: 3.54805 ms - Host latency: 3.60908 ms (end to end 3.61865 ms, enqueue 2.13799 ms)
[05/15/2026-04:31:53] [I] Average on 10 runs - GPU latency: 3.52197 ms - Host latency: 3.58379 ms (end to end 3.59443 ms, enqueue 2.65625 ms)
[05/15/2026-04:31:53] [I] Average on 10 runs - GPU latency: 3.52881 ms - Host latency: 3.59043 ms (end to end 3.60059 ms, enqueue 2.4583 ms)
[05/15/2026-04:31:53] [I] Average on 10 runs - GPU latency: 3.52539 ms - Host latency: 3.58672 ms (end to end 3.59678 ms, enqueue 2.56514 ms)
[05/15/2026-04:31:53] [I] Average on 10 runs - GPU latency: 3.52002 ms - Host latency: 3.58115 ms (end to end 3.59053 ms, enqueue 2.60029 ms)
[05/15/2026-04:31:53] [I] Average on 10 runs - GPU latency: 3.53672 ms - Host latency: 3.59844 ms (end to end 3.6082 ms, enqueue 2.33477 ms)
[05/15/2026-04:31:53] [I] Average on 10 runs - GPU latency: 3.52998 ms - Host latency: 3.59131 ms (end to end 3.60078 ms, enqueue 2.38252 ms)
[05/15/2026-04:31:53] [I] Average on 10 runs - GPU latency: 3.53115 ms - Host latency: 3.59277 ms (end to end 3.60176 ms, enqueue 2.51846 ms)
[05/15/2026-04:31:53] [I] Average on 10 runs - GPU latency: 3.53115 ms - Host latency: 3.59277 ms (end to end 3.60342 ms, enqueue 2.47031 ms)
[05/15/2026-04:31:53] [I] Average on 10 runs - GPU latency: 3.52295 ms - Host latency: 3.58418 ms (end to end 3.59385 ms, enqueue 2.44863 ms)
[05/15/2026-04:31:53] [I] Average on 10 runs - GPU latency: 3.48301 ms - Host latency: 3.54521 ms (end to end 3.55859 ms, enqueue 3.41699 ms)
[05/15/2026-04:31:53] [I] Average on 10 runs - GPU latency: 3.48711 ms - Host latency: 3.54932 ms (end to end 3.5624 ms, enqueue 3.37041 ms)
[05/15/2026-04:31:53] [I] Average on 10 runs - GPU latency: 3.52305 ms - Host latency: 3.61318 ms (end to end 3.6332 ms, enqueue 3.57695 ms)
[05/15/2026-04:31:53] [I] Average on 10 runs - GPU latency: 3.5333 ms - Host latency: 3.61074 ms (end to end 3.61787 ms, enqueue 3.34951 ms)
[05/15/2026-04:31:53] [I] Average on 10 runs - GPU latency: 3.52187 ms - Host latency: 3.59102 ms (end to end 3.6 ms, enqueue 3.36709 ms)
[05/15/2026-04:31:53] [I] Average on 10 runs - GPU latency: 3.54102 ms - Host latency: 3.6373 ms (end to end 3.64775 ms, enqueue 3.39463 ms)
[05/15/2026-04:31:53] [I] Average on 10 runs - GPU latency: 3.52559 ms - Host latency: 3.59424 ms (end to end 3.60244 ms, enqueue 3.20527 ms)
[05/15/2026-04:31:53] [I] Average on 10 runs - GPU latency: 3.55264 ms - Host latency: 3.61406 ms (end to end 3.62402 ms, enqueue 2.05625 ms)
[05/15/2026-04:31:53] [I] Average on 10 runs - GPU latency: 3.54443 ms - Host latency: 3.60518 ms (end to end 3.61484 ms, enqueue 2.08262 ms)
[05/15/2026-04:31:53] [I] Average on 10 runs - GPU latency: 3.52412 ms - Host latency: 3.58594 ms (end to end 3.5959 ms, enqueue 2.59619 ms)
[05/15/2026-04:31:53] [I] Average on 10 runs - GPU latency: 3.53789 ms - Host latency: 3.59893 ms (end to end 3.60889 ms, enqueue 2.22607 ms)
[05/15/2026-04:31:53] [I] Average on 10 runs - GPU latency: 3.52764 ms - Host latency: 3.58857 ms (end to end 3.59873 ms, enqueue 2.39473 ms)
[05/15/2026-04:31:53] [I] Average on 10 runs - GPU latency: 3.52988 ms - Host latency: 3.59092 ms (end to end 3.60039 ms, enqueue 2.46064 ms)
[05/15/2026-04:31:53] [I] Average on 10 runs - GPU latency: 3.52549 ms - Host latency: 3.58721 ms (end to end 3.59775 ms, enqueue 2.71006 ms)
[05/15/2026-04:31:53] [I] Average on 10 runs - GPU latency: 3.52129 ms - Host latency: 3.58242 ms (end to end 3.5916 ms, enqueue 2.62979 ms)
[05/15/2026-04:31:53] [I] Average on 10 runs - GPU latency: 3.51787 ms - Host latency: 3.57969 ms (end to end 3.58926 ms, enqueue 2.58203 ms)
[05/15/2026-04:31:53] [I] Average on 10 runs - GPU latency: 3.52979 ms - Host latency: 3.59111 ms (end to end 3.60078 ms, enqueue 2.44512 ms)
[05/15/2026-04:31:53] [I] Average on 10 runs - GPU latency: 3.53652 ms - Host latency: 3.59785 ms (end to end 3.60723 ms, enqueue 2.32842 ms)
[05/15/2026-04:31:53] [I] Average on 10 runs - GPU latency: 3.52539 ms - Host latency: 3.58623 ms (end to end 3.59678 ms, enqueue 2.48672 ms)
[05/15/2026-04:31:53] [I] Average on 10 runs - GPU latency: 3.52871 ms - Host latency: 3.58984 ms (end to end 3.5999 ms, enqueue 2.46045 ms)
[05/15/2026-04:31:53] [I] Average on 10 runs - GPU latency: 3.52295 ms - Host latency: 3.58359 ms (end to end 3.59404 ms, enqueue 2.59805 ms)
[05/15/2026-04:31:53] [I] Average on 10 runs - GPU latency: 3.52871 ms - Host latency: 3.59014 ms (end to end 3.6 ms, enqueue 2.47734 ms)
[05/15/2026-04:31:53] [I] Average on 10 runs - GPU latency: 3.52441 ms - Host latency: 3.58594 ms (end to end 3.59707 ms, enqueue 2.48623 ms)
[05/15/2026-04:31:53] [I] Average on 10 runs - GPU latency: 3.52637 ms - Host latency: 3.5874 ms (end to end 3.59707 ms, enqueue 2.52207 ms)
[05/15/2026-04:31:53] [I] Average on 10 runs - GPU latency: 3.52822 ms - Host latency: 3.58994 ms (end to end 3.6001 ms, enqueue 2.46328 ms)
[05/15/2026-04:31:53] [I] Average on 10 runs - GPU latency: 3.52148 ms - Host latency: 3.58252 ms (end to end 3.59219 ms, enqueue 2.50986 ms)
[05/15/2026-04:31:53] [I] Average on 10 runs - GPU latency: 3.53105 ms - Host latency: 3.59297 ms (end to end 3.60313 ms, enqueue 2.54639 ms)
[05/15/2026-04:31:53] [I] Average on 10 runs - GPU latency: 3.53486 ms - Host latency: 3.5959 ms (end to end 3.60566 ms, enqueue 2.33545 ms)
[05/15/2026-04:31:53] [I] Average on 10 runs - GPU latency: 3.51328 ms - Host latency: 3.57451 ms (end to end 3.58467 ms, enqueue 2.62324 ms)
[05/15/2026-04:31:53] [I] Average on 10 runs - GPU latency: 3.52168 ms - Host latency: 3.58281 ms (end to end 3.59199 ms, enqueue 2.57695 ms)
[05/15/2026-04:31:53] [I] Average on 10 runs - GPU latency: 3.51768 ms - Host latency: 3.5793 ms (end to end 3.59043 ms, enqueue 2.75527 ms)
[05/15/2026-04:31:53] [I] Average on 10 runs - GPU latency: 3.53955 ms - Host latency: 3.60068 ms (end to end 3.61035 ms, enqueue 2.21621 ms)
[05/15/2026-04:31:53] [I] Average on 10 runs - GPU latency: 3.54736 ms - Host latency: 3.60859 ms (end to end 3.61836 ms, enqueue 2.08936 ms)
[05/15/2026-04:31:53] [I] Average on 10 runs - GPU latency: 3.55059 ms - Host latency: 3.61182 ms (end to end 3.62119 ms, enqueue 2.03125 ms)
[05/15/2026-04:31:53] [I] Average on 10 runs - GPU latency: 3.54521 ms - Host latency: 3.60664 ms (end to end 3.61611 ms, enqueue 2.11338 ms)
[05/15/2026-04:31:53] [I] Average on 10 runs - GPU latency: 3.54658 ms - Host latency: 3.60771 ms (end to end 3.61719 ms, enqueue 2.04287 ms)
[05/15/2026-04:31:53] [I] Average on 10 runs - GPU latency: 3.5541 ms - Host latency: 3.61494 ms (end to end 3.62441 ms, enqueue 2.02959 ms)
[05/15/2026-04:31:53] [I] Average on 10 runs - GPU latency: 3.54727 ms - Host latency: 3.6085 ms (end to end 3.61816 ms, enqueue 2.07842 ms)
[05/15/2026-04:31:53] [I] Average on 10 runs - GPU latency: 3.53311 ms - Host latency: 3.59434 ms (end to end 3.6042 ms, enqueue 2.16074 ms)
[05/15/2026-04:31:53] [I] Average on 10 runs - GPU latency: 3.55293 ms - Host latency: 3.61416 ms (end to end 3.62393 ms, enqueue 2.07451 ms)
[05/15/2026-04:31:53] [I] Average on 10 runs - GPU latency: 3.55518 ms - Host latency: 3.61582 ms (end to end 3.62588 ms, enqueue 2.03535 ms)
[05/15/2026-04:31:53] [I] Average on 10 runs - GPU latency: 3.52051 ms - Host latency: 3.58193 ms (end to end 3.59277 ms, enqueue 2.43145 ms)
[05/15/2026-04:31:53] [I] Average on 10 runs - GPU latency: 3.52803 ms - Host latency: 3.58887 ms (end to end 3.5998 ms, enqueue 2.58105 ms)
[05/15/2026-04:31:53] [I] Average on 10 runs - GPU latency: 3.52314 ms - Host latency: 3.58457 ms (end to end 3.59531 ms, enqueue 2.58262 ms)
[05/15/2026-04:31:53] [I] Average on 10 runs - GPU latency: 3.51934 ms - Host latency: 3.58145 ms (end to end 3.59238 ms, enqueue 2.67432 ms)
[05/15/2026-04:31:53] [I] Average on 10 runs - GPU latency: 3.53037 ms - Host latency: 3.5916 ms (end to end 3.60195 ms, enqueue 2.46074 ms)
[05/15/2026-04:31:53] [I] Average on 10 runs - GPU latency: 3.54463 ms - Host latency: 3.60557 ms (end to end 3.61543 ms, enqueue 2.13662 ms)
[05/15/2026-04:31:53] [I] Average on 10 runs - GPU latency: 3.55078 ms - Host latency: 3.61211 ms (end to end 3.62158 ms, enqueue 2.03437 ms)
[05/15/2026-04:31:53] [I] Average on 10 runs - GPU latency: 3.52305 ms - Host latency: 3.58418 ms (end to end 3.59375 ms, enqueue 2.50742 ms)
[05/15/2026-04:31:53] [I] Average on 10 runs - GPU latency: 3.53164 ms - Host latency: 3.59287 ms (end to end 3.60303 ms, enqueue 2.34111 ms)
[05/15/2026-04:31:53] [I] Average on 10 runs - GPU latency: 3.53369 ms - Host latency: 3.59482 ms (end to end 3.60469 ms, enqueue 2.3542 ms)
[05/15/2026-04:31:53] [I] Average on 10 runs - GPU latency: 3.53271 ms - Host latency: 3.59404 ms (end to end 3.60352 ms, enqueue 2.46426 ms)
[05/15/2026-04:31:53] [I] Average on 10 runs - GPU latency: 3.52988 ms - Host latency: 3.59111 ms (end to end 3.60107 ms, enqueue 2.45732 ms)
[05/15/2026-04:31:53] [I] Average on 10 runs - GPU latency: 3.53369 ms - Host latency: 3.59492 ms (end to end 3.60449 ms, enqueue 2.32217 ms)
[05/15/2026-04:31:53] [I] Average on 10 runs - GPU latency: 3.53477 ms - Host latency: 3.596 ms (end to end 3.60566 ms, enqueue 2.37646 ms)
[05/15/2026-04:31:53] [I] Average on 10 runs - GPU latency: 3.53887 ms - Host latency: 3.6001 ms (end to end 3.60977 ms, enqueue 2.26221 ms)
[05/15/2026-04:31:53] [I] Average on 10 runs - GPU latency: 3.51768 ms - Host latency: 3.57842 ms (end to end 3.58896 ms, enqueue 2.6626 ms)
[05/15/2026-04:31:53] [I] Average on 10 runs - GPU latency: 3.525 ms - Host latency: 3.58643 ms (end to end 3.59678 ms, enqueue 2.53701 ms)
[05/15/2026-04:31:53] [I] Average on 10 runs - GPU latency: 3.52422 ms - Host latency: 3.58594 ms (end to end 3.5959 ms, enqueue 2.63291 ms)
[05/15/2026-04:31:53] [I] Average on 10 runs - GPU latency: 3.52881 ms - Host latency: 3.59033 ms (end to end 3.60234 ms, enqueue 2.59717 ms)
[05/15/2026-04:31:53] [I] Average on 10 runs - GPU latency: 3.52842 ms - Host latency: 3.59004 ms (end to end 3.59941 ms, enqueue 2.34766 ms)
[05/15/2026-04:31:53] [I] Average on 10 runs - GPU latency: 3.55312 ms - Host latency: 3.61416 ms (end to end 3.62373 ms, enqueue 2.05869 ms)
[05/15/2026-04:31:53] [I] Average on 10 runs - GPU latency: 3.53584 ms - Host latency: 3.59697 ms (end to end 3.60654 ms, enqueue 2.20889 ms)
[05/15/2026-04:31:53] [I] Average on 10 runs - GPU latency: 3.52861 ms - Host latency: 3.58955 ms (end to end 3.59941 ms, enqueue 2.42285 ms)
[05/15/2026-04:31:53] [I] Average on 10 runs - GPU latency: 3.54961 ms - Host latency: 3.61064 ms (end to end 3.6207 ms, enqueue 2.06104 ms)
[05/15/2026-04:31:53] [I] Average on 10 runs - GPU latency: 3.5499 ms - Host latency: 3.61162 ms (end to end 3.62148 ms, enqueue 2.02637 ms)
[05/15/2026-04:31:53] [I] Average on 10 runs - GPU latency: 3.54883 ms - Host latency: 3.61016 ms (end to end 3.61953 ms, enqueue 2.11123 ms)
[05/15/2026-04:31:53] [I] Average on 10 runs - GPU latency: 3.52275 ms - Host latency: 3.58428 ms (end to end 3.59316 ms, enqueue 2.59072 ms)
[05/15/2026-04:31:53] [I] Average on 10 runs - GPU latency: 3.53633 ms - Host latency: 3.59775 ms (end to end 3.60732 ms, enqueue 2.19307 ms)
[05/15/2026-04:31:53] [I] Average on 10 runs - GPU latency: 3.53652 ms - Host latency: 3.59707 ms (end to end 3.60703 ms, enqueue 2.34033 ms)
[05/15/2026-04:31:53] [I] Average on 10 runs - GPU latency: 3.53174 ms - Host latency: 3.59287 ms (end to end 3.60205 ms, enqueue 2.37988 ms)
[05/15/2026-04:31:53] [I] Average on 10 runs - GPU latency: 3.52295 ms - Host latency: 3.58408 ms (end to end 3.59414 ms, enqueue 2.56172 ms)
[05/15/2026-04:31:53] [I] Average on 10 runs - GPU latency: 3.52529 ms - Host latency: 3.58623 ms (end to end 3.59697 ms, enqueue 2.55283 ms)
[05/15/2026-04:31:53] [I] Average on 10 runs - GPU latency: 3.52891 ms - Host latency: 3.59014 ms (end to end 3.59902 ms, enqueue 2.5541 ms)
[05/15/2026-04:31:53] [I] Average on 10 runs - GPU latency: 3.52979 ms - Host latency: 3.59072 ms (end to end 3.60029 ms, enqueue 2.4333 ms)
[05/15/2026-04:31:53] [I] Average on 10 runs - GPU latency: 3.53281 ms - Host latency: 3.59404 ms (end to end 3.60361 ms, enqueue 2.34043 ms)
[05/15/2026-04:31:53] [I] Average on 10 runs - GPU latency: 3.53672 ms - Host latency: 3.60254 ms (end to end 3.6127 ms, enqueue 2.93662 ms)
[05/15/2026-04:31:53] [I] Average on 10 runs - GPU latency: 3.53945 ms - Host latency: 3.60615 ms (end to end 3.61641 ms, enqueue 2.95811 ms)
[05/15/2026-04:31:53] [I] Average on 10 runs - GPU latency: 3.54082 ms - Host latency: 3.60752 ms (end to end 3.61758 ms, enqueue 2.94238 ms)
[05/15/2026-04:31:53] [I] Average on 10 runs - GPU latency: 3.53193 ms - Host latency: 3.59893 ms (end to end 3.60947 ms, enqueue 3.14482 ms)
[05/15/2026-04:31:53] [I] Average on 10 runs - GPU latency: 3.53857 ms - Host latency: 3.60654 ms (end to end 3.61631 ms, enqueue 2.89736 ms)
[05/15/2026-04:31:53] [I] Average on 10 runs - GPU latency: 3.53301 ms - Host latency: 3.6 ms (end to end 3.61064 ms, enqueue 3.1835 ms)
[05/15/2026-04:31:53] [I] Average on 10 runs - GPU latency: 3.53193 ms - Host latency: 3.60137 ms (end to end 3.61348 ms, enqueue 3.28984 ms)
[05/15/2026-04:31:53] [I] Average on 10 runs - GPU latency: 3.53994 ms - Host latency: 3.60381 ms (end to end 3.61602 ms, enqueue 2.61865 ms)
[05/15/2026-04:31:53] [I] Average on 10 runs - GPU latency: 3.55586 ms - Host latency: 3.61729 ms (end to end 3.62695 ms, enqueue 2.03711 ms)
[05/15/2026-04:31:53] [I] Average on 10 runs - GPU latency: 3.54941 ms - Host latency: 3.61006 ms (end to end 3.62002 ms, enqueue 2.01641 ms)
[05/15/2026-04:31:53] [I] Average on 10 runs - GPU latency: 3.53457 ms - Host latency: 3.59541 ms (end to end 3.60537 ms, enqueue 2.31807 ms)
[05/15/2026-04:31:53] [I] Average on 10 runs - GPU latency: 3.53945 ms - Host latency: 3.6002 ms (end to end 3.61074 ms, enqueue 2.3207 ms)
[05/15/2026-04:31:53] [I] Average on 10 runs - GPU latency: 3.54131 ms - Host latency: 3.60215 ms (end to end 3.61182 ms, enqueue 2.20322 ms)
[05/15/2026-04:31:53] [I] Average on 10 runs - GPU latency: 3.5416 ms - Host latency: 3.60254 ms (end to end 3.61221 ms, enqueue 2.17471 ms)
[05/15/2026-04:31:53] [I] Average on 10 runs - GPU latency: 3.53789 ms - Host latency: 3.59941 ms (end to end 3.60908 ms, enqueue 2.32861 ms)
[05/15/2026-04:31:53] [I] Average on 10 runs - GPU latency: 3.5416 ms - Host latency: 3.60254 ms (end to end 3.6124 ms, enqueue 2.26084 ms)
[05/15/2026-04:31:53] [I] Average on 10 runs - GPU latency: 3.53184 ms - Host latency: 3.59277 ms (end to end 3.60234 ms, enqueue 2.34971 ms)
[05/15/2026-04:31:53] [I] Average on 10 runs - GPU latency: 3.54082 ms - Host latency: 3.60166 ms (end to end 3.61191 ms, enqueue 2.34453 ms)
[05/15/2026-04:31:53] [I] Average on 10 runs - GPU latency: 3.55605 ms - Host latency: 3.61709 ms (end to end 3.62686 ms, enqueue 2.05283 ms)
[05/15/2026-04:31:53] [I] Average on 10 runs - GPU latency: 3.55371 ms - Host latency: 3.61475 ms (end to end 3.62461 ms, enqueue 1.9876 ms)
[05/15/2026-04:31:53] [I] Average on 10 runs - GPU latency: 3.53691 ms - Host latency: 3.59766 ms (end to end 3.60811 ms, enqueue 2.2707 ms)
[05/15/2026-04:31:53] [I] Average on 10 runs - GPU latency: 3.53945 ms - Host latency: 3.60039 ms (end to end 3.61016 ms, enqueue 2.32041 ms)
[05/15/2026-04:31:53] [I] Average on 10 runs - GPU latency: 3.53525 ms - Host latency: 3.59668 ms (end to end 3.60615 ms, enqueue 2.36367 ms)
[05/15/2026-04:31:53] [I] Average on 10 runs - GPU latency: 3.54961 ms - Host latency: 3.61055 ms (end to end 3.62021 ms, enqueue 2.09326 ms)
[05/15/2026-04:31:53] [I] Average on 10 runs - GPU latency: 3.54961 ms - Host latency: 3.61064 ms (end to end 3.62012 ms, enqueue 2.04092 ms)
[05/15/2026-04:31:53] [I] Average on 10 runs - GPU latency: 3.54443 ms - Host latency: 3.60557 ms (end to end 3.61514 ms, enqueue 2.0083 ms)
[05/15/2026-04:31:53] [I] Average on 10 runs - GPU latency: 3.54277 ms - Host latency: 3.604 ms (end to end 3.61377 ms, enqueue 2.0625 ms)
[05/15/2026-04:31:53] [I] Average on 10 runs - GPU latency: 3.5499 ms - Host latency: 3.61113 ms (end to end 3.62119 ms, enqueue 2.03252 ms)
[05/15/2026-04:31:53] [I] Average on 10 runs - GPU latency: 3.54443 ms - Host latency: 3.60625 ms (end to end 3.61621 ms, enqueue 2.09121 ms)
[05/15/2026-04:31:53] [I] Average on 10 runs - GPU latency: 3.55459 ms - Host latency: 3.61572 ms (end to end 3.62539 ms, enqueue 2.08662 ms)
[05/15/2026-04:31:53] [I] Average on 10 runs - GPU latency: 3.54121 ms - Host latency: 3.60225 ms (end to end 3.61172 ms, enqueue 2.19678 ms)
[05/15/2026-04:31:53] [I] Average on 10 runs - GPU latency: 3.52314 ms - Host latency: 3.58379 ms (end to end 3.59395 ms, enqueue 2.61748 ms)
[05/15/2026-04:31:53] [I] Average on 10 runs - GPU latency: 3.51885 ms - Host latency: 3.58008 ms (end to end 3.59023 ms, enqueue 2.55693 ms)
[05/15/2026-04:31:53] [I] Average on 10 runs - GPU latency: 3.5335 ms - Host latency: 3.59502 ms (end to end 3.60566 ms, enqueue 2.37441 ms)
[05/15/2026-04:31:53] [I] Average on 10 runs - GPU latency: 3.52754 ms - Host latency: 3.58828 ms (end to end 3.59854 ms, enqueue 2.48604 ms)
[05/15/2026-04:31:53] [I] Average on 10 runs - GPU latency: 3.5293 ms - Host latency: 3.59063 ms (end to end 3.60059 ms, enqueue 2.4043 ms)
[05/15/2026-04:31:53] [I] Average on 10 runs - GPU latency: 3.96309 ms - Host latency: 4.09883 ms (end to end 4.12783 ms, enqueue 3.85342 ms)
[05/15/2026-04:31:53] [I] Average on 10 runs - GPU latency: 3.61045 ms - Host latency: 3.74883 ms (end to end 3.76777 ms, enqueue 3.50146 ms)
[05/15/2026-04:31:53] [I] Average on 10 runs - GPU latency: 3.6542 ms - Host latency: 3.82842 ms (end to end 3.85254 ms, enqueue 3.58193 ms)
[05/15/2026-04:31:53] [I] Average on 10 runs - GPU latency: 3.57129 ms - Host latency: 3.69199 ms (end to end 3.71328 ms, enqueue 3.46484 ms)
[05/15/2026-04:31:53] [I] Average on 10 runs - GPU latency: 3.6833 ms - Host latency: 3.88438 ms (end to end 3.92236 ms, enqueue 3.63438 ms)
[05/15/2026-04:31:53] [I] Average on 10 runs - GPU latency: 3.85928 ms - Host latency: 4.05889 ms (end to end 4.10342 ms, enqueue 3.82979 ms)
[05/15/2026-04:31:53] [I] Average on 10 runs - GPU latency: 3.81631 ms - Host latency: 3.98623 ms (end to end 4.01748 ms, enqueue 3.72002 ms)
[05/15/2026-04:31:53] [I] Average on 10 runs - GPU latency: 3.66436 ms - Host latency: 3.79316 ms (end to end 3.80977 ms, enqueue 3.52979 ms)
[05/15/2026-04:31:53] [I] Average on 10 runs - GPU latency: 3.78486 ms - Host latency: 3.90713 ms (end to end 3.96357 ms, enqueue 3.69082 ms)
[05/15/2026-04:31:53] [I] Average on 10 runs - GPU latency: 3.78516 ms - Host latency: 3.94844 ms (end to end 3.96855 ms, enqueue 3.68418 ms)
[05/15/2026-04:31:53] [I] Average on 10 runs - GPU latency: 3.79414 ms - Host latency: 3.98691 ms (end to end 4.02969 ms, enqueue 3.7166 ms)
[05/15/2026-04:31:53] [I] Average on 10 runs - GPU latency: 3.60039 ms - Host latency: 3.67539 ms (end to end 3.68203 ms, enqueue 3.38594 ms)
[05/15/2026-04:31:53] [I] Average on 10 runs - GPU latency: 3.48574 ms - Host latency: 3.54844 ms (end to end 3.56191 ms, enqueue 3.17383 ms)
[05/15/2026-04:31:53] [I] Average on 10 runs - GPU latency: 3.48711 ms - Host latency: 3.54922 ms (end to end 3.5625 ms, enqueue 3.22969 ms)
[05/15/2026-04:31:53] [I] Average on 10 runs - GPU latency: 3.48691 ms - Host latency: 3.54922 ms (end to end 3.56211 ms, enqueue 3.22187 ms)
[05/15/2026-04:31:53] [I] Average on 10 runs - GPU latency: 3.48223 ms - Host latency: 3.54414 ms (end to end 3.55762 ms, enqueue 3.23105 ms)
[05/15/2026-04:31:53] [I] Average on 10 runs - GPU latency: 3.48555 ms - Host latency: 3.54746 ms (end to end 3.56016 ms, enqueue 3.31699 ms)
[05/15/2026-04:31:53] [I] Average on 10 runs - GPU latency: 3.51465 ms - Host latency: 3.57539 ms (end to end 3.5875 ms, enqueue 2.79844 ms)
[05/15/2026-04:31:53] [I] Average on 10 runs - GPU latency: 3.53555 ms - Host latency: 3.59687 ms (end to end 3.60508 ms, enqueue 2.21406 ms)
[05/15/2026-04:31:53] [I] Average on 10 runs - GPU latency: 3.52832 ms - Host latency: 3.59004 ms (end to end 3.60313 ms, enqueue 2.65996 ms)
[05/15/2026-04:31:53] [I] Average on 10 runs - GPU latency: 3.53848 ms - Host latency: 3.59961 ms (end to end 3.60879 ms, enqueue 2.17949 ms)
[05/15/2026-04:31:53] [I] Average on 10 runs - GPU latency: 3.52598 ms - Host latency: 3.58848 ms (end to end 3.5998 ms, enqueue 2.64805 ms)
[05/15/2026-04:31:53] [I] Average on 10 runs - GPU latency: 3.55 ms - Host latency: 3.61113 ms (end to end 3.62129 ms, enqueue 2.10098 ms)
[05/15/2026-04:31:53] [I] Average on 10 runs - GPU latency: 3.55117 ms - Host latency: 3.6125 ms (end to end 3.62246 ms, enqueue 2.1918 ms)
[05/15/2026-04:31:53] [I] Average on 10 runs - GPU latency: 3.54004 ms - Host latency: 3.60098 ms (end to end 3.61094 ms, enqueue 2.27324 ms)
[05/15/2026-04:31:53] [I] Average on 10 runs - GPU latency: 3.49707 ms - Host latency: 3.55898 ms (end to end 3.5707 ms, enqueue 3.00039 ms)
[05/15/2026-04:31:53] [I] Average on 10 runs - GPU latency: 3.51914 ms - Host latency: 3.58105 ms (end to end 3.59395 ms, enqueue 2.79766 ms)
[05/15/2026-04:31:53] [I] Average on 10 runs - GPU latency: 3.54199 ms - Host latency: 3.60352 ms (end to end 3.61328 ms, enqueue 2.15566 ms)
[05/15/2026-04:31:53] [I] Average on 10 runs - GPU latency: 3.53926 ms - Host latency: 3.60059 ms (end to end 3.61016 ms, enqueue 2.19238 ms)
[05/15/2026-04:31:53] [I] Average on 10 runs - GPU latency: 3.525 ms - Host latency: 3.58633 ms (end to end 3.59609 ms, enqueue 2.50195 ms)
[05/15/2026-04:31:53] [I] Average on 10 runs - GPU latency: 3.48047 ms - Host latency: 3.54277 ms (end to end 3.55684 ms, enqueue 3.33613 ms)
[05/15/2026-04:31:53] [I] Average on 10 runs - GPU latency: 3.48457 ms - Host latency: 3.54688 ms (end to end 3.56035 ms, enqueue 3.3584 ms)
[05/15/2026-04:31:53] [I] Average on 10 runs - GPU latency: 3.48164 ms - Host latency: 3.54414 ms (end to end 3.55762 ms, enqueue 3.37324 ms)
[05/15/2026-04:31:53] [I] Average on 10 runs - GPU latency: 3.48066 ms - Host latency: 3.54297 ms (end to end 3.55625 ms, enqueue 3.3 ms)
[05/15/2026-04:31:53] [I] Average on 10 runs - GPU latency: 3.48457 ms - Host latency: 3.54609 ms (end to end 3.55957 ms, enqueue 3.30898 ms)
[05/15/2026-04:31:53] [I] Average on 10 runs - GPU latency: 3.48262 ms - Host latency: 3.54531 ms (end to end 3.55918 ms, enqueue 3.37715 ms)
[05/15/2026-04:31:53] [I] Average on 10 runs - GPU latency: 3.525 ms - Host latency: 3.58613 ms (end to end 3.59805 ms, enqueue 2.5959 ms)
[05/15/2026-04:31:53] [I] Average on 10 runs - GPU latency: 3.55195 ms - Host latency: 3.61367 ms (end to end 3.62383 ms, enqueue 2.08379 ms)
[05/15/2026-04:31:53] [I] Average on 10 runs - GPU latency: 3.54551 ms - Host latency: 3.60664 ms (end to end 3.6168 ms, enqueue 2.13809 ms)
[05/15/2026-04:31:53] [I] Average on 10 runs - GPU latency: 3.5498 ms - Host latency: 3.61113 ms (end to end 3.6209 ms, enqueue 2.08945 ms)
[05/15/2026-04:31:53] [I] Average on 10 runs - GPU latency: 3.54648 ms - Host latency: 3.6082 ms (end to end 3.61816 ms, enqueue 2.19238 ms)
[05/15/2026-04:31:53] [I] Average on 10 runs - GPU latency: 3.52227 ms - Host latency: 3.58379 ms (end to end 3.59434 ms, enqueue 2.48848 ms)
[05/15/2026-04:31:53] [I] Average on 10 runs - GPU latency: 3.55137 ms - Host latency: 3.61289 ms (end to end 3.62227 ms, enqueue 2.1127 ms)
[05/15/2026-04:31:53] [I] Average on 10 runs - GPU latency: 3.54785 ms - Host latency: 3.60918 ms (end to end 3.61875 ms, enqueue 2.2252 ms)
[05/15/2026-04:31:53] [I] Average on 10 runs - GPU latency: 3.54824 ms - Host latency: 3.60977 ms (end to end 3.61992 ms, enqueue 2.15859 ms)
[05/15/2026-04:31:53] [I] Average on 10 runs - GPU latency: 3.53867 ms - Host latency: 3.59883 ms (end to end 3.60859 ms, enqueue 2.2877 ms)
[05/15/2026-04:31:53] [I] Average on 10 runs - GPU latency: 3.53809 ms - Host latency: 3.5998 ms (end to end 3.60957 ms, enqueue 2.32559 ms)
[05/15/2026-04:31:53] [I] Average on 10 runs - GPU latency: 3.53594 ms - Host latency: 3.59785 ms (end to end 3.60742 ms, enqueue 2.39707 ms)
[05/15/2026-04:31:53] [I] Average on 10 runs - GPU latency: 3.53809 ms - Host latency: 3.59941 ms (end to end 3.60898 ms, enqueue 2.24863 ms)
[05/15/2026-04:31:53] [I] Average on 10 runs - GPU latency: 3.5373 ms - Host latency: 3.5998 ms (end to end 3.60938 ms, enqueue 2.25742 ms)
[05/15/2026-04:31:53] [I] Average on 10 runs - GPU latency: 3.53145 ms - Host latency: 3.59277 ms (end to end 3.60176 ms, enqueue 2.43828 ms)
[05/15/2026-04:31:53] [I] Average on 10 runs - GPU latency: 3.54102 ms - Host latency: 3.60234 ms (end to end 3.61152 ms, enqueue 2.26016 ms)
[05/15/2026-04:31:53] [I] Average on 10 runs - GPU latency: 3.53535 ms - Host latency: 3.59648 ms (end to end 3.60625 ms, enqueue 2.33086 ms)
[05/15/2026-04:31:53] [I] Average on 10 runs - GPU latency: 3.54629 ms - Host latency: 3.60742 ms (end to end 3.61641 ms, enqueue 2.18848 ms)
[05/15/2026-04:31:53] [I] Average on 10 runs - GPU latency: 3.57129 ms - Host latency: 3.63262 ms (end to end 3.65254 ms, enqueue 2.46816 ms)
[05/15/2026-04:31:53] [I] Average on 10 runs - GPU latency: 3.55898 ms - Host latency: 3.6207 ms (end to end 3.63027 ms, enqueue 2.59961 ms)
[05/15/2026-04:31:53] [I] Average on 10 runs - GPU latency: 3.5 ms - Host latency: 3.56211 ms (end to end 3.57324 ms, enqueue 2.9127 ms)
[05/15/2026-04:31:53] [I] Average on 10 runs - GPU latency: 3.54492 ms - Host latency: 3.60684 ms (end to end 3.61582 ms, enqueue 2.04648 ms)
[05/15/2026-04:31:53] [I] Average on 10 runs - GPU latency: 3.54375 ms - Host latency: 3.60488 ms (end to end 3.61484 ms, enqueue 2.16367 ms)
[05/15/2026-04:31:53] [I] Average on 10 runs - GPU latency: 3.53516 ms - Host latency: 3.59648 ms (end to end 3.60605 ms, enqueue 2.30293 ms)
[05/15/2026-04:31:53] [I] Average on 10 runs - GPU latency: 3.54219 ms - Host latency: 3.60313 ms (end to end 3.61309 ms, enqueue 2.11602 ms)
[05/15/2026-04:31:53] [I] Average on 10 runs - GPU latency: 3.54434 ms - Host latency: 3.60566 ms (end to end 3.61523 ms, enqueue 2.1916 ms)
[05/15/2026-04:31:53] [I] Average on 10 runs - GPU latency: 3.52305 ms - Host latency: 3.58418 ms (end to end 3.59414 ms, enqueue 2.44004 ms)
[05/15/2026-04:31:53] [I] Average on 10 runs - GPU latency: 3.54375 ms - Host latency: 3.60488 ms (end to end 3.61426 ms, enqueue 2.22383 ms)
[05/15/2026-04:31:53] [I] Average on 10 runs - GPU latency: 3.54707 ms - Host latency: 3.6084 ms (end to end 3.61875 ms, enqueue 2.07227 ms)
[05/15/2026-04:31:53] [I] Average on 10 runs - GPU latency: 3.53691 ms - Host latency: 3.59824 ms (end to end 3.60762 ms, enqueue 2.2873 ms)
[05/15/2026-04:31:53] [I] Average on 10 runs - GPU latency: 3.54004 ms - Host latency: 3.60195 ms (end to end 3.61094 ms, enqueue 2.20742 ms)
[05/15/2026-04:31:53] [I] Average on 10 runs - GPU latency: 3.54668 ms - Host latency: 3.60859 ms (end to end 3.61758 ms, enqueue 2.11523 ms)
[05/15/2026-04:31:53] [I] Average on 10 runs - GPU latency: 3.53145 ms - Host latency: 3.59238 ms (end to end 3.60215 ms, enqueue 2.32734 ms)
[05/15/2026-04:31:53] [I] Average on 10 runs - GPU latency: 3.53184 ms - Host latency: 3.59316 ms (end to end 3.60273 ms, enqueue 2.36074 ms)
[05/15/2026-04:31:53] [I] Average on 10 runs - GPU latency: 3.52187 ms - Host latency: 3.58359 ms (end to end 3.59316 ms, enqueue 2.51406 ms)
[05/15/2026-04:31:53] [I] Average on 10 runs - GPU latency: 3.54121 ms - Host latency: 3.60313 ms (end to end 3.6127 ms, enqueue 2.21797 ms)
[05/15/2026-04:31:53] [I] Average on 10 runs - GPU latency: 3.55273 ms - Host latency: 3.61445 ms (end to end 3.62422 ms, enqueue 1.97988 ms)
[05/15/2026-04:31:53] [I] Average on 10 runs - GPU latency: 3.54277 ms - Host latency: 3.60391 ms (end to end 3.61289 ms, enqueue 2.09473 ms)
[05/15/2026-04:31:53] [I] Average on 10 runs - GPU latency: 3.54883 ms - Host latency: 3.61113 ms (end to end 3.6207 ms, enqueue 2.1375 ms)
[05/15/2026-04:31:53] [I] Average on 10 runs - GPU latency: 3.52891 ms - Host latency: 3.59023 ms (end to end 3.60078 ms, enqueue 2.40645 ms)
[05/15/2026-04:31:53] [I] Average on 10 runs - GPU latency: 3.5332 ms - Host latency: 3.59375 ms (end to end 3.60449 ms, enqueue 2.49668 ms)
[05/15/2026-04:31:53] [I] Average on 10 runs - GPU latency: 3.5375 ms - Host latency: 3.59863 ms (end to end 3.6084 ms, enqueue 2.35586 ms)
[05/15/2026-04:31:53] [I] Average on 10 runs - GPU latency: 3.53437 ms - Host latency: 3.59531 ms (end to end 3.60449 ms, enqueue 2.22617 ms)
[05/15/2026-04:31:53] [I] Average on 10 runs - GPU latency: 3.49727 ms - Host latency: 3.55938 ms (end to end 3.57344 ms, enqueue 3.08828 ms)
[05/15/2026-04:31:53] [I] Average on 10 runs - GPU latency: 3.54902 ms - Host latency: 3.60957 ms (end to end 3.62012 ms, enqueue 2.2123 ms)
[05/15/2026-04:31:53] [I] Average on 10 runs - GPU latency: 3.54668 ms - Host latency: 3.60801 ms (end to end 3.61719 ms, enqueue 2.14395 ms)
[05/15/2026-04:31:53] [I] Average on 10 runs - GPU latency: 3.61816 ms - Host latency: 3.68086 ms (end to end 3.69883 ms, enqueue 2.41406 ms)
[05/15/2026-04:31:53] [I] Average on 10 runs - GPU latency: 3.52676 ms - Host latency: 3.58789 ms (end to end 3.59785 ms, enqueue 2.4873 ms)
[05/15/2026-04:31:53] [I] Average on 10 runs - GPU latency: 3.54746 ms - Host latency: 3.60879 ms (end to end 3.61836 ms, enqueue 2.06523 ms)
[05/15/2026-04:31:53] [I] Average on 10 runs - GPU latency: 3.54492 ms - Host latency: 3.60527 ms (end to end 3.61523 ms, enqueue 2.12988 ms)
[05/15/2026-04:31:53] [I] Average on 10 runs - GPU latency: 3.53535 ms - Host latency: 3.59629 ms (end to end 3.60566 ms, enqueue 2.27852 ms)
[05/15/2026-04:31:53] [I] Average on 10 runs - GPU latency: 3.54961 ms - Host latency: 3.61016 ms (end to end 3.61992 ms, enqueue 2.10508 ms)
[05/15/2026-04:31:53] [I] Average on 10 runs - GPU latency: 3.54004 ms - Host latency: 3.60098 ms (end to end 3.61113 ms, enqueue 2.2459 ms)
[05/15/2026-04:31:53] [I] Average on 10 runs - GPU latency: 3.5459 ms - Host latency: 3.60742 ms (end to end 3.61738 ms, enqueue 2.19258 ms)
[05/15/2026-04:31:53] [I] Average on 10 runs - GPU latency: 3.52305 ms - Host latency: 3.58359 ms (end to end 3.59355 ms, enqueue 2.44551 ms)
[05/15/2026-04:31:53] [I] Average on 10 runs - GPU latency: 3.52012 ms - Host latency: 3.58184 ms (end to end 3.5918 ms, enqueue 2.4541 ms)
[05/15/2026-04:31:53] [I] Average on 10 runs - GPU latency: 3.53594 ms - Host latency: 3.59727 ms (end to end 3.60703 ms, enqueue 2.35059 ms)
[05/15/2026-04:31:53] [I] Average on 10 runs - GPU latency: 3.53047 ms - Host latency: 3.59121 ms (end to end 3.60098 ms, enqueue 2.27031 ms)
[05/15/2026-04:31:53] [I] Average on 10 runs - GPU latency: 3.55078 ms - Host latency: 3.6125 ms (end to end 3.62246 ms, enqueue 2.05273 ms)
[05/15/2026-04:31:53] [I] Average on 10 runs - GPU latency: 3.54316 ms - Host latency: 3.60391 ms (end to end 3.61426 ms, enqueue 2.16914 ms)
[05/15/2026-04:31:53] [I] Average on 10 runs - GPU latency: 3.53711 ms - Host latency: 3.59844 ms (end to end 3.60859 ms, enqueue 2.23438 ms)
[05/15/2026-04:31:53] [I] Average on 10 runs - GPU latency: 3.54434 ms - Host latency: 3.60488 ms (end to end 3.61445 ms, enqueue 2.14766 ms)
[05/15/2026-04:31:53] [I] Average on 10 runs - GPU latency: 3.54707 ms - Host latency: 3.60859 ms (end to end 3.61855 ms, enqueue 2.06289 ms)
[05/15/2026-04:31:53] [I] Average on 10 runs - GPU latency: 3.54355 ms - Host latency: 3.60508 ms (end to end 3.61426 ms, enqueue 2.21934 ms)
[05/15/2026-04:31:53] [I] Average on 10 runs - GPU latency: 3.5375 ms - Host latency: 3.59844 ms (end to end 3.6084 ms, enqueue 2.32598 ms)
[05/15/2026-04:31:53] [I] Average on 10 runs - GPU latency: 3.5334 ms - Host latency: 3.59453 ms (end to end 3.6041 ms, enqueue 2.3873 ms)
[05/15/2026-04:31:53] [I] Average on 10 runs - GPU latency: 3.53437 ms - Host latency: 3.59551 ms (end to end 3.60527 ms, enqueue 2.34824 ms)
[05/15/2026-04:31:53] [I] Average on 10 runs - GPU latency: 3.54531 ms - Host latency: 3.60625 ms (end to end 3.61621 ms, enqueue 2.14199 ms)
[05/15/2026-04:31:53] [I] Average on 10 runs - GPU latency: 3.53223 ms - Host latency: 3.59395 ms (end to end 3.60332 ms, enqueue 2.44922 ms)
[05/15/2026-04:31:53] [I] Average on 10 runs - GPU latency: 3.52813 ms - Host latency: 3.58965 ms (end to end 3.59922 ms, enqueue 2.44844 ms)
[05/15/2026-04:31:53] [I] Average on 10 runs - GPU latency: 3.54023 ms - Host latency: 3.60254 ms (end to end 3.61172 ms, enqueue 2.24121 ms)
[05/15/2026-04:31:53] [I] Average on 10 runs - GPU latency: 3.53535 ms - Host latency: 3.5959 ms (end to end 3.60527 ms, enqueue 2.32695 ms)
[05/15/2026-04:31:53] [I] Average on 10 runs - GPU latency: 3.52168 ms - Host latency: 3.5832 ms (end to end 3.59277 ms, enqueue 2.42246 ms)
[05/15/2026-04:31:53] [I] Average on 10 runs - GPU latency: 3.52031 ms - Host latency: 3.58203 ms (end to end 3.5918 ms, enqueue 2.39219 ms)
[05/15/2026-04:31:53] [I] Average on 10 runs - GPU latency: 3.60059 ms - Host latency: 3.66367 ms (end to end 3.68301 ms, enqueue 2.72852 ms)
[05/15/2026-04:31:53] [I] Average on 10 runs - GPU latency: 3.54102 ms - Host latency: 3.60234 ms (end to end 3.6125 ms, enqueue 2.22578 ms)
[05/15/2026-04:31:53] [I] Average on 10 runs - GPU latency: 3.53789 ms - Host latency: 3.59902 ms (end to end 3.60898 ms, enqueue 2.1666 ms)
[05/15/2026-04:31:53] [I] Average on 10 runs - GPU latency: 3.51855 ms - Host latency: 3.57949 ms (end to end 3.58926 ms, enqueue 2.47949 ms)
[05/15/2026-04:31:53] [I] Average on 10 runs - GPU latency: 3.54863 ms - Host latency: 3.60957 ms (end to end 3.61973 ms, enqueue 2.06953 ms)
[05/15/2026-04:31:53] [I] Average on 10 runs - GPU latency: 3.53887 ms - Host latency: 3.6002 ms (end to end 3.60996 ms, enqueue 2.19395 ms)
[05/15/2026-04:31:53] [I] Average on 10 runs - GPU latency: 3.52695 ms - Host latency: 3.58809 ms (end to end 3.59785 ms, enqueue 2.31328 ms)
[05/15/2026-04:31:53] [I] Average on 10 runs - GPU latency: 3.51875 ms - Host latency: 3.58027 ms (end to end 3.58945 ms, enqueue 2.48945 ms)
[05/15/2026-04:31:53] [I] Average on 10 runs - GPU latency: 3.5209 ms - Host latency: 3.58223 ms (end to end 3.5918 ms, enqueue 2.45508 ms)
[05/15/2026-04:31:53] [I] Average on 10 runs - GPU latency: 3.55508 ms - Host latency: 3.61602 ms (end to end 3.62578 ms, enqueue 2.0375 ms)
[05/15/2026-04:31:53] [I] Average on 10 runs - GPU latency: 3.54688 ms - Host latency: 3.6082 ms (end to end 3.61816 ms, enqueue 2.07168 ms)
[05/15/2026-04:31:53] [I] Average on 10 runs - GPU latency: 3.52129 ms - Host latency: 3.5832 ms (end to end 3.59316 ms, enqueue 2.41387 ms)
[05/15/2026-04:31:53] [I] Average on 10 runs - GPU latency: 3.5457 ms - Host latency: 3.60664 ms (end to end 3.6168 ms, enqueue 2.14414 ms)
[05/15/2026-04:31:53] [I] Average on 10 runs - GPU latency: 3.53223 ms - Host latency: 3.59355 ms (end to end 3.60293 ms, enqueue 2.29531 ms)
[05/15/2026-04:31:53] [I] Average on 10 runs - GPU latency: 3.55391 ms - Host latency: 3.61602 ms (end to end 3.62539 ms, enqueue 2.0082 ms)
[05/15/2026-04:31:53] [I] Average on 10 runs - GPU latency: 3.54785 ms - Host latency: 3.60859 ms (end to end 3.61855 ms, enqueue 2.12383 ms)
[05/15/2026-04:31:53] [I] Average on 10 runs - GPU latency: 3.53125 ms - Host latency: 3.59258 ms (end to end 3.60293 ms, enqueue 2.40664 ms)
[05/15/2026-04:31:53] [I] Average on 10 runs - GPU latency: 3.525 ms - Host latency: 3.58633 ms (end to end 3.59551 ms, enqueue 2.4877 ms)
[05/15/2026-04:31:53] [I] Average on 10 runs - GPU latency: 3.54883 ms - Host latency: 3.60938 ms (end to end 3.61914 ms, enqueue 2.11914 ms)
[05/15/2026-04:31:53] [I] Average on 10 runs - GPU latency: 3.55781 ms - Host latency: 3.61855 ms (end to end 3.6293 ms, enqueue 2.00215 ms)
[05/15/2026-04:31:53] [I] Average on 10 runs - GPU latency: 3.52773 ms - Host latency: 3.58867 ms (end to end 3.59824 ms, enqueue 2.40859 ms)
[05/15/2026-04:31:53] [I] Average on 10 runs - GPU latency: 3.54688 ms - Host latency: 3.60801 ms (end to end 3.61816 ms, enqueue 2.08223 ms)
[05/15/2026-04:31:53] [I] Average on 10 runs - GPU latency: 3.5373 ms - Host latency: 3.59805 ms (end to end 3.60801 ms, enqueue 2.30957 ms)
[05/15/2026-04:31:53] [I] Average on 10 runs - GPU latency: 3.53691 ms - Host latency: 3.59824 ms (end to end 3.60801 ms, enqueue 2.26797 ms)
[05/15/2026-04:31:53] [I] Average on 10 runs - GPU latency: 3.5168 ms - Host latency: 3.57852 ms (end to end 3.58906 ms, enqueue 2.52734 ms)
[05/15/2026-04:31:53] [I] Average on 10 runs - GPU latency: 3.52539 ms - Host latency: 3.58711 ms (end to end 3.59727 ms, enqueue 2.42891 ms)
[05/15/2026-04:31:53] [I] 
[05/15/2026-04:31:53] [I] === Performance summary ===
[05/15/2026-04:31:53] [I] Throughput: 277.185 qps
[05/15/2026-04:31:53] [I] Latency: min = 3.51025 ms, max = 5.02832 ms, mean = 3.5948 ms, median = 3.58984 ms, percentile(99%) = 3.97754 ms
[05/15/2026-04:31:53] [I] End-to-End Host Latency: min = 3.51562 ms, max = 5.10156 ms, mean = 3.60578 ms, median = 3.6001 ms, percentile(99%) = 4.03711 ms
[05/15/2026-04:31:53] [I] Enqueue Time: min = 1.79688 ms, max = 5.62207 ms, mean = 2.43749 ms, median = 2.17163 ms, percentile(99%) = 3.91211 ms
[05/15/2026-04:31:53] [I] H2D Latency: min = 0.0556641 ms, max = 0.142578 ms, mean = 0.0600842 ms, median = 0.0585938 ms, percentile(99%) = 0.112305 ms
[05/15/2026-04:31:53] [I] GPU Compute Time: min = 3.44775 ms, max = 4.85156 ms, mean = 3.53013 ms, median = 3.52881 ms, percentile(99%) = 3.83984 ms
[05/15/2026-04:31:53] [I] D2H Latency: min = 0 ms, max = 0.318359 ms, mean = 0.00458913 ms, median = 0.00292969 ms, percentile(99%) = 0.0869141 ms
[05/15/2026-04:31:53] [I] Total Host Walltime: 20.0083 s
[05/15/2026-04:31:53] [I] Total GPU Compute Time: 19.5781 s
[05/15/2026-04:31:53] [I] Explanations of the performance metrics are printed in the verbose logs.
[05/15/2026-04:31:53] [I] 
&&&& PASSED TensorRT.trtexec [TensorRT v8001] # /usr/src/tensorrt/bin/trtexec --loadEngine=engines/tomato_yolov8n_cls_domainmix_pd5_umair_hard_headprune20_recovery_e5_fp16.engine --warmUp=1000 --duration=20 --iterations=1000
[05/15/2026-04:31:53] [I] [TRT] [MemUsageChange] Init cuBLAS/cuBLASLt: CPU +0, GPU +0, now: CPU 623, GPU 3741 (MiB)
