&&&& RUNNING TensorRT.trtexec [TensorRT v8001] # /usr/src/tensorrt/bin/trtexec --loadEngine=engines/tomato_yolov8n_cls_domainmix_pd5_fp16.engine --warmUp=1000 --duration=20 --iterations=1000
[05/14/2026-22:36:06] [I] === Model Options ===
[05/14/2026-22:36:06] [I] Format: *
[05/14/2026-22:36:06] [I] Model: 
[05/14/2026-22:36:06] [I] Output:
[05/14/2026-22:36:06] [I] === Build Options ===
[05/14/2026-22:36:06] [I] Max batch: 1
[05/14/2026-22:36:06] [I] Workspace: 16 MiB
[05/14/2026-22:36:06] [I] minTiming: 1
[05/14/2026-22:36:06] [I] avgTiming: 8
[05/14/2026-22:36:06] [I] Precision: FP32
[05/14/2026-22:36:06] [I] Calibration: 
[05/14/2026-22:36:06] [I] Refit: Disabled
[05/14/2026-22:36:06] [I] Sparsity: Disabled
[05/14/2026-22:36:06] [I] Safe mode: Disabled
[05/14/2026-22:36:06] [I] Restricted mode: Disabled
[05/14/2026-22:36:06] [I] Save engine: 
[05/14/2026-22:36:06] [I] Load engine: engines/tomato_yolov8n_cls_domainmix_pd5_fp16.engine
[05/14/2026-22:36:06] [I] NVTX verbosity: 0
[05/14/2026-22:36:06] [I] Tactic sources: Using default tactic sources
[05/14/2026-22:36:06] [I] timingCacheMode: local
[05/14/2026-22:36:06] [I] timingCacheFile: 
[05/14/2026-22:36:06] [I] Input(s)s format: fp32:CHW
[05/14/2026-22:36:06] [I] Output(s)s format: fp32:CHW
[05/14/2026-22:36:06] [I] Input build shapes: model
[05/14/2026-22:36:06] [I] Input calibration shapes: model
[05/14/2026-22:36:06] [I] === System Options ===
[05/14/2026-22:36:06] [I] Device: 0
[05/14/2026-22:36:06] [I] DLACore: 
[05/14/2026-22:36:06] [I] Plugins:
[05/14/2026-22:36:06] [I] === Inference Options ===
[05/14/2026-22:36:06] [I] Batch: 1
[05/14/2026-22:36:06] [I] Input inference shapes: model
[05/14/2026-22:36:06] [I] Iterations: 1000
[05/14/2026-22:36:06] [I] Duration: 20s (+ 1000ms warm up)
[05/14/2026-22:36:06] [I] Sleep time: 0ms
[05/14/2026-22:36:06] [I] Streams: 1
[05/14/2026-22:36:06] [I] ExposeDMA: Disabled
[05/14/2026-22:36:06] [I] Data transfers: Enabled
[05/14/2026-22:36:06] [I] Spin-wait: Disabled
[05/14/2026-22:36:06] [I] Multithreading: Disabled
[05/14/2026-22:36:06] [I] CUDA Graph: Disabled
[05/14/2026-22:36:06] [I] Separate profiling: Disabled
[05/14/2026-22:36:06] [I] Time Deserialize: Disabled
[05/14/2026-22:36:06] [I] Time Refit: Disabled
[05/14/2026-22:36:06] [I] Skip inference: Disabled
[05/14/2026-22:36:06] [I] Inputs:
[05/14/2026-22:36:06] [I] === Reporting Options ===
[05/14/2026-22:36:06] [I] Verbose: Disabled
[05/14/2026-22:36:06] [I] Averages: 10 inferences
[05/14/2026-22:36:06] [I] Percentile: 99
[05/14/2026-22:36:06] [I] Dump refittable layers:Disabled
[05/14/2026-22:36:06] [I] Dump output: Disabled
[05/14/2026-22:36:06] [I] Profile: Disabled
[05/14/2026-22:36:06] [I] Export timing to JSON file: 
[05/14/2026-22:36:06] [I] Export output to JSON file: 
[05/14/2026-22:36:06] [I] Export profile to JSON file: 
[05/14/2026-22:36:06] [I] 
[05/14/2026-22:36:06] [I] === Device Information ===
[05/14/2026-22:36:06] [I] Selected Device: NVIDIA Tegra X1
[05/14/2026-22:36:06] [I] Compute Capability: 5.3
[05/14/2026-22:36:06] [I] SMs: 1
[05/14/2026-22:36:06] [I] Compute Clock Rate: 0.9216 GHz
[05/14/2026-22:36:06] [I] Device Global Memory: 3964 MiB
[05/14/2026-22:36:06] [I] Shared Memory per SM: 64 KiB
[05/14/2026-22:36:06] [I] Memory Bus Width: 64 bits (ECC disabled)
[05/14/2026-22:36:06] [I] Memory Clock Rate: 0.01275 GHz
[05/14/2026-22:36:06] [I] 
[05/14/2026-22:36:06] [I] TensorRT version: 8001
[05/14/2026-22:36:07] [I] [TRT] [MemUsageChange] Init CUDA: CPU +203, GPU +0, now: CPU 226, GPU 3192 (MiB)
[05/14/2026-22:36:07] [I] [TRT] Loaded engine size: 5 MB
[05/14/2026-22:36:07] [I] [TRT] [MemUsageSnapshot] deserializeCudaEngine begin: CPU 226 MiB, GPU 3192 MiB
[05/14/2026-22:36:08] [I] [TRT] [MemUsageChange] Init cuBLAS/cuBLASLt: CPU +158, GPU +160, now: CPU 387, GPU 3354 (MiB)
[05/14/2026-22:36:09] [I] [TRT] [MemUsageChange] Init cuDNN: CPU +241, GPU +244, now: CPU 628, GPU 3598 (MiB)
[05/14/2026-22:36:09] [I] [TRT] [MemUsageChange] Init cuBLAS/cuBLASLt: CPU +0, GPU +0, now: CPU 627, GPU 3598 (MiB)
[05/14/2026-22:36:09] [I] [TRT] [MemUsageSnapshot] deserializeCudaEngine end: CPU 627 MiB, GPU 3598 MiB
[05/14/2026-22:36:09] [I] Engine loaded in 3.64746 sec.
[05/14/2026-22:36:09] [I] [TRT] [MemUsageSnapshot] ExecutionContext creation begin: CPU 622 MiB, GPU 3593 MiB
[05/14/2026-22:36:09] [I] [TRT] [MemUsageChange] Init cuBLAS/cuBLASLt: CPU +0, GPU +0, now: CPU 622, GPU 3593 (MiB)
[05/14/2026-22:36:09] [I] [TRT] [MemUsageChange] Init cuDNN: CPU +0, GPU +0, now: CPU 622, GPU 3593 (MiB)
[05/14/2026-22:36:09] [I] [TRT] [MemUsageSnapshot] ExecutionContext creation end: CPU 622 MiB, GPU 3593 MiB
[05/14/2026-22:36:09] [I] Created input binding for images with dimensions 1x3x224x224
[05/14/2026-22:36:09] [I] Created output binding for output0 with dimensions 1x10
[05/14/2026-22:36:09] [I] Starting inference
[05/14/2026-22:36:30] [I] Warmup completed 229 queries over 1000 ms
[05/14/2026-22:36:30] [I] Timing trace has 5231 queries over 20.0075 s
[05/14/2026-22:36:30] [I] 
[05/14/2026-22:36:30] [I] === Trace details ===
[05/14/2026-22:36:30] [I] Trace averages of 10 runs:
[05/14/2026-22:36:30] [I] Average on 10 runs - GPU latency: 3.7628 ms - Host latency: 3.82401 ms (end to end 3.83392 ms, enqueue 2.23429 ms)
[05/14/2026-22:36:30] [I] Average on 10 runs - GPU latency: 3.758 ms - Host latency: 3.81938 ms (end to end 3.82882 ms, enqueue 2.26738 ms)
[05/14/2026-22:36:30] [I] Average on 10 runs - GPU latency: 3.75597 ms - Host latency: 3.81748 ms (end to end 3.82712 ms, enqueue 2.30696 ms)
[05/14/2026-22:36:30] [I] Average on 10 runs - GPU latency: 3.75704 ms - Host latency: 3.81794 ms (end to end 3.82756 ms, enqueue 2.18871 ms)
[05/14/2026-22:36:30] [I] Average on 10 runs - GPU latency: 3.76833 ms - Host latency: 3.82958 ms (end to end 3.83933 ms, enqueue 2.0829 ms)
[05/14/2026-22:36:30] [I] Average on 10 runs - GPU latency: 3.74061 ms - Host latency: 3.8017 ms (end to end 3.81138 ms, enqueue 2.45897 ms)
[05/14/2026-22:36:30] [I] Average on 10 runs - GPU latency: 3.74703 ms - Host latency: 3.8082 ms (end to end 3.81801 ms, enqueue 2.45884 ms)
[05/14/2026-22:36:30] [I] Average on 10 runs - GPU latency: 3.7314 ms - Host latency: 3.79283 ms (end to end 3.80175 ms, enqueue 2.64272 ms)
[05/14/2026-22:36:30] [I] Average on 10 runs - GPU latency: 3.75513 ms - Host latency: 3.81659 ms (end to end 3.82762 ms, enqueue 2.42306 ms)
[05/14/2026-22:36:30] [I] Average on 10 runs - GPU latency: 3.7303 ms - Host latency: 3.79124 ms (end to end 3.80099 ms, enqueue 2.74773 ms)
[05/14/2026-22:36:30] [I] Average on 10 runs - GPU latency: 3.7481 ms - Host latency: 3.809 ms (end to end 3.81866 ms, enqueue 2.44471 ms)
[05/14/2026-22:36:30] [I] Average on 10 runs - GPU latency: 3.73619 ms - Host latency: 3.7973 ms (end to end 3.80746 ms, enqueue 2.6085 ms)
[05/14/2026-22:36:30] [I] Average on 10 runs - GPU latency: 3.74352 ms - Host latency: 3.80448 ms (end to end 3.8141 ms, enqueue 2.47739 ms)
[05/14/2026-22:36:30] [I] Average on 10 runs - GPU latency: 3.76595 ms - Host latency: 3.82704 ms (end to end 3.8366 ms, enqueue 2.12827 ms)
[05/14/2026-22:36:30] [I] Average on 10 runs - GPU latency: 3.74961 ms - Host latency: 3.81058 ms (end to end 3.82008 ms, enqueue 2.3561 ms)
[05/14/2026-22:36:30] [I] Average on 10 runs - GPU latency: 3.74641 ms - Host latency: 3.80761 ms (end to end 3.81746 ms, enqueue 2.36396 ms)
[05/14/2026-22:36:30] [I] Average on 10 runs - GPU latency: 3.73564 ms - Host latency: 3.79746 ms (end to end 3.80687 ms, enqueue 2.65475 ms)
[05/14/2026-22:36:30] [I] Average on 10 runs - GPU latency: 3.7552 ms - Host latency: 3.81616 ms (end to end 3.82583 ms, enqueue 2.39456 ms)
[05/14/2026-22:36:30] [I] Average on 10 runs - GPU latency: 3.76023 ms - Host latency: 3.82128 ms (end to end 3.83088 ms, enqueue 2.15277 ms)
[05/14/2026-22:36:30] [I] Average on 10 runs - GPU latency: 3.76487 ms - Host latency: 3.82583 ms (end to end 3.83523 ms, enqueue 2.18706 ms)
[05/14/2026-22:36:30] [I] Average on 10 runs - GPU latency: 3.7637 ms - Host latency: 3.8248 ms (end to end 3.83439 ms, enqueue 2.07415 ms)
[05/14/2026-22:36:30] [I] Average on 10 runs - GPU latency: 3.75713 ms - Host latency: 3.81803 ms (end to end 3.82756 ms, enqueue 2.2249 ms)
[05/14/2026-22:36:30] [I] Average on 10 runs - GPU latency: 3.75026 ms - Host latency: 3.81121 ms (end to end 3.82046 ms, enqueue 2.30189 ms)
[05/14/2026-22:36:30] [I] Average on 10 runs - GPU latency: 3.76841 ms - Host latency: 3.83041 ms (end to end 3.84105 ms, enqueue 2.34369 ms)
[05/14/2026-22:36:30] [I] Average on 10 runs - GPU latency: 3.8218 ms - Host latency: 3.8834 ms (end to end 3.90272 ms, enqueue 2.37406 ms)
[05/14/2026-22:36:30] [I] Average on 10 runs - GPU latency: 3.76223 ms - Host latency: 3.82378 ms (end to end 3.83329 ms, enqueue 2.1075 ms)
[05/14/2026-22:36:30] [I] Average on 10 runs - GPU latency: 3.75751 ms - Host latency: 3.8188 ms (end to end 3.82815 ms, enqueue 2.10531 ms)
[05/14/2026-22:36:30] [I] Average on 10 runs - GPU latency: 3.74648 ms - Host latency: 3.8078 ms (end to end 3.81758 ms, enqueue 2.37896 ms)
[05/14/2026-22:36:30] [I] Average on 10 runs - GPU latency: 3.73718 ms - Host latency: 3.79836 ms (end to end 3.80801 ms, enqueue 2.63352 ms)
[05/14/2026-22:36:30] [I] Average on 10 runs - GPU latency: 3.76165 ms - Host latency: 3.82278 ms (end to end 3.8322 ms, enqueue 2.16863 ms)
[05/14/2026-22:36:30] [I] Average on 10 runs - GPU latency: 3.74023 ms - Host latency: 3.80098 ms (end to end 3.81057 ms, enqueue 2.58174 ms)
[05/14/2026-22:36:30] [I] Average on 10 runs - GPU latency: 3.74409 ms - Host latency: 3.80557 ms (end to end 3.81538 ms, enqueue 2.4304 ms)
[05/14/2026-22:36:30] [I] Average on 10 runs - GPU latency: 3.74265 ms - Host latency: 3.80415 ms (end to end 3.81458 ms, enqueue 2.61035 ms)
[05/14/2026-22:36:30] [I] Average on 10 runs - GPU latency: 3.73828 ms - Host latency: 3.79978 ms (end to end 3.80945 ms, enqueue 2.58408 ms)
[05/14/2026-22:36:30] [I] Average on 10 runs - GPU latency: 3.75989 ms - Host latency: 3.82107 ms (end to end 3.83054 ms, enqueue 2.1656 ms)
[05/14/2026-22:36:30] [I] Average on 10 runs - GPU latency: 3.75991 ms - Host latency: 3.82119 ms (end to end 3.83079 ms, enqueue 2.18899 ms)
[05/14/2026-22:36:30] [I] Average on 10 runs - GPU latency: 3.76001 ms - Host latency: 3.82104 ms (end to end 3.83057 ms, enqueue 2.14192 ms)
[05/14/2026-22:36:30] [I] Average on 10 runs - GPU latency: 3.73416 ms - Host latency: 3.79531 ms (end to end 3.80549 ms, enqueue 2.69565 ms)
[05/14/2026-22:36:30] [I] Average on 10 runs - GPU latency: 3.75671 ms - Host latency: 3.81782 ms (end to end 3.82734 ms, enqueue 2.30623 ms)
[05/14/2026-22:36:30] [I] Average on 10 runs - GPU latency: 3.75339 ms - Host latency: 3.8146 ms (end to end 3.82407 ms, enqueue 2.25347 ms)
[05/14/2026-22:36:30] [I] Average on 10 runs - GPU latency: 3.7426 ms - Host latency: 3.80371 ms (end to end 3.81326 ms, enqueue 2.46848 ms)
[05/14/2026-22:36:30] [I] Average on 10 runs - GPU latency: 3.74285 ms - Host latency: 3.80381 ms (end to end 3.81333 ms, enqueue 2.53887 ms)
[05/14/2026-22:36:30] [I] Average on 10 runs - GPU latency: 3.74329 ms - Host latency: 3.80471 ms (end to end 3.81401 ms, enqueue 2.45684 ms)
[05/14/2026-22:36:30] [I] Average on 10 runs - GPU latency: 3.74648 ms - Host latency: 3.80798 ms (end to end 3.81755 ms, enqueue 2.45122 ms)
[05/14/2026-22:36:30] [I] Average on 10 runs - GPU latency: 3.73879 ms - Host latency: 3.80002 ms (end to end 3.80957 ms, enqueue 2.54343 ms)
[05/14/2026-22:36:30] [I] Average on 10 runs - GPU latency: 3.73813 ms - Host latency: 3.79905 ms (end to end 3.80923 ms, enqueue 2.72083 ms)
[05/14/2026-22:36:30] [I] Average on 10 runs - GPU latency: 3.73689 ms - Host latency: 3.7991 ms (end to end 3.80859 ms, enqueue 2.68176 ms)
[05/14/2026-22:36:30] [I] Average on 10 runs - GPU latency: 3.75098 ms - Host latency: 3.81194 ms (end to end 3.82153 ms, enqueue 2.31267 ms)
[05/14/2026-22:36:30] [I] Average on 10 runs - GPU latency: 3.73313 ms - Host latency: 3.79436 ms (end to end 3.80571 ms, enqueue 2.74919 ms)
[05/14/2026-22:36:30] [I] Average on 10 runs - GPU latency: 3.74668 ms - Host latency: 3.80789 ms (end to end 3.81772 ms, enqueue 2.43721 ms)
[05/14/2026-22:36:30] [I] Average on 10 runs - GPU latency: 3.83181 ms - Host latency: 3.89407 ms (end to end 3.91265 ms, enqueue 2.46521 ms)
[05/14/2026-22:36:30] [I] Average on 10 runs - GPU latency: 3.75093 ms - Host latency: 3.81208 ms (end to end 3.82178 ms, enqueue 2.36592 ms)
[05/14/2026-22:36:30] [I] Average on 10 runs - GPU latency: 3.74324 ms - Host latency: 3.80425 ms (end to end 3.81394 ms, enqueue 2.4498 ms)
[05/14/2026-22:36:30] [I] Average on 10 runs - GPU latency: 3.76306 ms - Host latency: 3.82498 ms (end to end 3.83459 ms, enqueue 2.22588 ms)
[05/14/2026-22:36:30] [I] Average on 10 runs - GPU latency: 3.7572 ms - Host latency: 3.81838 ms (end to end 3.82815 ms, enqueue 2.20693 ms)
[05/14/2026-22:36:30] [I] Average on 10 runs - GPU latency: 3.76047 ms - Host latency: 3.8217 ms (end to end 3.83123 ms, enqueue 2.15007 ms)
[05/14/2026-22:36:30] [I] Average on 10 runs - GPU latency: 3.75386 ms - Host latency: 3.81587 ms (end to end 3.82542 ms, enqueue 2.23958 ms)
[05/14/2026-22:36:30] [I] Average on 10 runs - GPU latency: 3.7561 ms - Host latency: 3.81687 ms (end to end 3.82656 ms, enqueue 2.23171 ms)
[05/14/2026-22:36:30] [I] Average on 10 runs - GPU latency: 3.76003 ms - Host latency: 3.82146 ms (end to end 3.83096 ms, enqueue 2.14973 ms)
[05/14/2026-22:36:30] [I] Average on 10 runs - GPU latency: 3.75437 ms - Host latency: 3.81511 ms (end to end 3.82488 ms, enqueue 2.20876 ms)
[05/14/2026-22:36:30] [I] Average on 10 runs - GPU latency: 3.76541 ms - Host latency: 3.82632 ms (end to end 3.83604 ms, enqueue 2.10366 ms)
[05/14/2026-22:36:30] [I] Average on 10 runs - GPU latency: 3.76528 ms - Host latency: 3.82629 ms (end to end 3.83616 ms, enqueue 2.1198 ms)
[05/14/2026-22:36:30] [I] Average on 10 runs - GPU latency: 3.76777 ms - Host latency: 3.82866 ms (end to end 3.83821 ms, enqueue 2.03774 ms)
[05/14/2026-22:36:30] [I] Average on 10 runs - GPU latency: 3.75752 ms - Host latency: 3.81885 ms (end to end 3.8282 ms, enqueue 2.23269 ms)
[05/14/2026-22:36:30] [I] Average on 10 runs - GPU latency: 3.73708 ms - Host latency: 3.79849 ms (end to end 3.80801 ms, enqueue 2.76533 ms)
[05/14/2026-22:36:30] [I] Average on 10 runs - GPU latency: 3.74531 ms - Host latency: 3.80662 ms (end to end 3.81619 ms, enqueue 2.36223 ms)
[05/14/2026-22:36:30] [I] Average on 10 runs - GPU latency: 3.75713 ms - Host latency: 3.8189 ms (end to end 3.82847 ms, enqueue 2.19634 ms)
[05/14/2026-22:36:30] [I] Average on 10 runs - GPU latency: 3.76313 ms - Host latency: 3.82446 ms (end to end 3.83416 ms, enqueue 2.11597 ms)
[05/14/2026-22:36:30] [I] Average on 10 runs - GPU latency: 3.76074 ms - Host latency: 3.82183 ms (end to end 3.83132 ms, enqueue 2.15894 ms)
[05/14/2026-22:36:30] [I] Average on 10 runs - GPU latency: 3.76609 ms - Host latency: 3.82732 ms (end to end 3.83701 ms, enqueue 2.08911 ms)
[05/14/2026-22:36:30] [I] Average on 10 runs - GPU latency: 3.76301 ms - Host latency: 3.82422 ms (end to end 3.83391 ms, enqueue 2.18816 ms)
[05/14/2026-22:36:30] [I] Average on 10 runs - GPU latency: 3.74219 ms - Host latency: 3.80354 ms (end to end 3.81255 ms, enqueue 2.46565 ms)
[05/14/2026-22:36:30] [I] Average on 10 runs - GPU latency: 3.73621 ms - Host latency: 3.79771 ms (end to end 3.80962 ms, enqueue 2.79929 ms)
[05/14/2026-22:36:30] [I] Average on 10 runs - GPU latency: 3.74951 ms - Host latency: 3.81057 ms (end to end 3.82026 ms, enqueue 2.49895 ms)
[05/14/2026-22:36:30] [I] Average on 10 runs - GPU latency: 3.76216 ms - Host latency: 3.82329 ms (end to end 3.83264 ms, enqueue 2.19907 ms)
[05/14/2026-22:36:30] [I] Average on 10 runs - GPU latency: 3.74683 ms - Host latency: 3.80791 ms (end to end 3.8176 ms, enqueue 2.31138 ms)
[05/14/2026-22:36:30] [I] Average on 10 runs - GPU latency: 3.83037 ms - Host latency: 3.89287 ms (end to end 3.9114 ms, enqueue 2.57996 ms)
[05/14/2026-22:36:30] [I] Average on 10 runs - GPU latency: 3.75603 ms - Host latency: 3.81709 ms (end to end 3.827 ms, enqueue 2.27766 ms)
[05/14/2026-22:36:30] [I] Average on 10 runs - GPU latency: 3.7522 ms - Host latency: 3.81335 ms (end to end 3.823 ms, enqueue 2.43987 ms)
[05/14/2026-22:36:30] [I] Average on 10 runs - GPU latency: 3.75002 ms - Host latency: 3.81155 ms (end to end 3.82117 ms, enqueue 2.38621 ms)
[05/14/2026-22:36:30] [I] Average on 10 runs - GPU latency: 3.73635 ms - Host latency: 3.79744 ms (end to end 3.80713 ms, enqueue 2.54917 ms)
[05/14/2026-22:36:30] [I] Average on 10 runs - GPU latency: 3.74194 ms - Host latency: 3.80322 ms (end to end 3.8126 ms, enqueue 2.54194 ms)
[05/14/2026-22:36:30] [I] Average on 10 runs - GPU latency: 3.74258 ms - Host latency: 3.80391 ms (end to end 3.81362 ms, enqueue 2.51567 ms)
[05/14/2026-22:36:30] [I] Average on 10 runs - GPU latency: 3.72715 ms - Host latency: 3.78838 ms (end to end 3.79844 ms, enqueue 2.72891 ms)
[05/14/2026-22:36:30] [I] Average on 10 runs - GPU latency: 3.76211 ms - Host latency: 3.82354 ms (end to end 3.83301 ms, enqueue 2.27314 ms)
[05/14/2026-22:36:30] [I] Average on 10 runs - GPU latency: 3.74648 ms - Host latency: 3.80791 ms (end to end 3.81768 ms, enqueue 2.34785 ms)
[05/14/2026-22:36:30] [I] Average on 10 runs - GPU latency: 3.75962 ms - Host latency: 3.82061 ms (end to end 3.83008 ms, enqueue 2.19004 ms)
[05/14/2026-22:36:30] [I] Average on 10 runs - GPU latency: 3.75498 ms - Host latency: 3.81606 ms (end to end 3.82578 ms, enqueue 2.28926 ms)
[05/14/2026-22:36:30] [I] Average on 10 runs - GPU latency: 3.76479 ms - Host latency: 3.82593 ms (end to end 3.83545 ms, enqueue 2.12949 ms)
[05/14/2026-22:36:30] [I] Average on 10 runs - GPU latency: 3.74731 ms - Host latency: 3.8083 ms (end to end 3.81758 ms, enqueue 2.38174 ms)
[05/14/2026-22:36:30] [I] Average on 10 runs - GPU latency: 3.75518 ms - Host latency: 3.81685 ms (end to end 3.82637 ms, enqueue 2.22939 ms)
[05/14/2026-22:36:30] [I] Average on 10 runs - GPU latency: 3.75195 ms - Host latency: 3.81318 ms (end to end 3.82251 ms, enqueue 2.28687 ms)
[05/14/2026-22:36:30] [I] Average on 10 runs - GPU latency: 3.75967 ms - Host latency: 3.8207 ms (end to end 3.83037 ms, enqueue 2.16279 ms)
[05/14/2026-22:36:30] [I] Average on 10 runs - GPU latency: 3.75854 ms - Host latency: 3.81943 ms (end to end 3.82925 ms, enqueue 2.18828 ms)
[05/14/2026-22:36:30] [I] Average on 10 runs - GPU latency: 3.76167 ms - Host latency: 3.82227 ms (end to end 3.83174 ms, enqueue 2.12974 ms)
[05/14/2026-22:36:30] [I] Average on 10 runs - GPU latency: 3.76206 ms - Host latency: 3.82363 ms (end to end 3.83335 ms, enqueue 2.14233 ms)
[05/14/2026-22:36:30] [I] Average on 10 runs - GPU latency: 3.7689 ms - Host latency: 3.82993 ms (end to end 3.83975 ms, enqueue 2.07407 ms)
[05/14/2026-22:36:30] [I] Average on 10 runs - GPU latency: 3.75527 ms - Host latency: 3.81665 ms (end to end 3.82637 ms, enqueue 2.2707 ms)
[05/14/2026-22:36:30] [I] Average on 10 runs - GPU latency: 3.75361 ms - Host latency: 3.81504 ms (end to end 3.82461 ms, enqueue 2.3627 ms)
[05/14/2026-22:36:30] [I] Average on 10 runs - GPU latency: 3.74712 ms - Host latency: 3.80806 ms (end to end 3.81777 ms, enqueue 2.48086 ms)
[05/14/2026-22:36:30] [I] Average on 10 runs - GPU latency: 3.76323 ms - Host latency: 3.82441 ms (end to end 3.83413 ms, enqueue 2.12939 ms)
[05/14/2026-22:36:30] [I] Average on 10 runs - GPU latency: 3.75376 ms - Host latency: 3.8148 ms (end to end 3.82432 ms, enqueue 2.25542 ms)
[05/14/2026-22:36:30] [I] Average on 10 runs - GPU latency: 3.81289 ms - Host latency: 3.87515 ms (end to end 3.92944 ms, enqueue 2.29224 ms)
[05/14/2026-22:36:30] [I] Average on 10 runs - GPU latency: 3.76035 ms - Host latency: 3.82153 ms (end to end 3.83105 ms, enqueue 2.22148 ms)
[05/14/2026-22:36:30] [I] Average on 10 runs - GPU latency: 3.76138 ms - Host latency: 3.82256 ms (end to end 3.83242 ms, enqueue 2.16523 ms)
[05/14/2026-22:36:30] [I] Average on 10 runs - GPU latency: 3.76392 ms - Host latency: 3.82539 ms (end to end 3.83511 ms, enqueue 2.08784 ms)
[05/14/2026-22:36:30] [I] Average on 10 runs - GPU latency: 3.75581 ms - Host latency: 3.81729 ms (end to end 3.82686 ms, enqueue 2.30083 ms)
[05/14/2026-22:36:30] [I] Average on 10 runs - GPU latency: 3.74961 ms - Host latency: 3.81074 ms (end to end 3.82065 ms, enqueue 2.42246 ms)
[05/14/2026-22:36:30] [I] Average on 10 runs - GPU latency: 3.70171 ms - Host latency: 3.76396 ms (end to end 3.77725 ms, enqueue 3.41367 ms)
[05/14/2026-22:36:30] [I] Average on 10 runs - GPU latency: 3.75977 ms - Host latency: 3.8208 ms (end to end 3.83037 ms, enqueue 2.16929 ms)
[05/14/2026-22:36:30] [I] Average on 10 runs - GPU latency: 3.76548 ms - Host latency: 3.82651 ms (end to end 3.83623 ms, enqueue 2.2146 ms)
[05/14/2026-22:36:30] [I] Average on 10 runs - GPU latency: 3.76113 ms - Host latency: 3.8229 ms (end to end 3.83247 ms, enqueue 2.19839 ms)
[05/14/2026-22:36:30] [I] Average on 10 runs - GPU latency: 3.76016 ms - Host latency: 3.82163 ms (end to end 3.83105 ms, enqueue 2.16538 ms)
[05/14/2026-22:36:30] [I] Average on 10 runs - GPU latency: 3.73687 ms - Host latency: 3.79873 ms (end to end 3.80913 ms, enqueue 2.62095 ms)
[05/14/2026-22:36:30] [I] Average on 10 runs - GPU latency: 3.76128 ms - Host latency: 3.82227 ms (end to end 3.83184 ms, enqueue 2.16641 ms)
[05/14/2026-22:36:30] [I] Average on 10 runs - GPU latency: 3.76416 ms - Host latency: 3.82563 ms (end to end 3.83535 ms, enqueue 2.12178 ms)
[05/14/2026-22:36:30] [I] Average on 10 runs - GPU latency: 3.75811 ms - Host latency: 3.81934 ms (end to end 3.829 ms, enqueue 2.11221 ms)
[05/14/2026-22:36:30] [I] Average on 10 runs - GPU latency: 3.75791 ms - Host latency: 3.8188 ms (end to end 3.82837 ms, enqueue 2.12119 ms)
[05/14/2026-22:36:30] [I] Average on 10 runs - GPU latency: 3.74604 ms - Host latency: 3.80728 ms (end to end 3.81621 ms, enqueue 2.30815 ms)
[05/14/2026-22:36:30] [I] Average on 10 runs - GPU latency: 3.75488 ms - Host latency: 3.81611 ms (end to end 3.827 ms, enqueue 2.29277 ms)
[05/14/2026-22:36:30] [I] Average on 10 runs - GPU latency: 3.75859 ms - Host latency: 3.81943 ms (end to end 3.829 ms, enqueue 2.21025 ms)
[05/14/2026-22:36:30] [I] Average on 10 runs - GPU latency: 3.76255 ms - Host latency: 3.82363 ms (end to end 3.83311 ms, enqueue 2.11519 ms)
[05/14/2026-22:36:30] [I] Average on 10 runs - GPU latency: 3.76191 ms - Host latency: 3.82319 ms (end to end 3.83291 ms, enqueue 2.1728 ms)
[05/14/2026-22:36:30] [I] Average on 10 runs - GPU latency: 3.76392 ms - Host latency: 3.82524 ms (end to end 3.83496 ms, enqueue 2.11577 ms)
[05/14/2026-22:36:30] [I] Average on 10 runs - GPU latency: 3.76426 ms - Host latency: 3.82539 ms (end to end 3.83525 ms, enqueue 2.0917 ms)
[05/14/2026-22:36:30] [I] Average on 10 runs - GPU latency: 3.7582 ms - Host latency: 3.81958 ms (end to end 3.8291 ms, enqueue 2.22065 ms)
[05/14/2026-22:36:30] [I] Average on 10 runs - GPU latency: 3.74814 ms - Host latency: 3.80967 ms (end to end 3.81953 ms, enqueue 2.32363 ms)
[05/14/2026-22:36:30] [I] Average on 10 runs - GPU latency: 3.74092 ms - Host latency: 3.802 ms (end to end 3.81157 ms, enqueue 2.5103 ms)
[05/14/2026-22:36:30] [I] Average on 10 runs - GPU latency: 3.82749 ms - Host latency: 3.88984 ms (end to end 3.90913 ms, enqueue 2.88501 ms)
[05/14/2026-22:36:30] [I] Average on 10 runs - GPU latency: 3.74561 ms - Host latency: 3.80698 ms (end to end 3.81646 ms, enqueue 2.33521 ms)
[05/14/2026-22:36:30] [I] Average on 10 runs - GPU latency: 3.74614 ms - Host latency: 3.80762 ms (end to end 3.81709 ms, enqueue 2.40596 ms)
[05/14/2026-22:36:30] [I] Average on 10 runs - GPU latency: 3.74028 ms - Host latency: 3.80117 ms (end to end 3.8106 ms, enqueue 2.57764 ms)
[05/14/2026-22:36:30] [I] Average on 10 runs - GPU latency: 3.7166 ms - Host latency: 3.77817 ms (end to end 3.78955 ms, enqueue 3.04551 ms)
[05/14/2026-22:36:30] [I] Average on 10 runs - GPU latency: 3.73706 ms - Host latency: 3.79883 ms (end to end 3.80918 ms, enqueue 2.80283 ms)
[05/14/2026-22:36:30] [I] Average on 10 runs - GPU latency: 3.76636 ms - Host latency: 3.82769 ms (end to end 3.8375 ms, enqueue 2.06045 ms)
[05/14/2026-22:36:30] [I] Average on 10 runs - GPU latency: 3.75854 ms - Host latency: 3.81997 ms (end to end 3.82959 ms, enqueue 2.22187 ms)
[05/14/2026-22:36:30] [I] Average on 10 runs - GPU latency: 3.76133 ms - Host latency: 3.82246 ms (end to end 3.83208 ms, enqueue 2.21211 ms)
[05/14/2026-22:36:30] [I] Average on 10 runs - GPU latency: 3.74604 ms - Host latency: 3.80693 ms (end to end 3.81665 ms, enqueue 2.43677 ms)
[05/14/2026-22:36:30] [I] Average on 10 runs - GPU latency: 3.7562 ms - Host latency: 3.81704 ms (end to end 3.82656 ms, enqueue 2.2189 ms)
[05/14/2026-22:36:30] [I] Average on 10 runs - GPU latency: 3.74541 ms - Host latency: 3.80728 ms (end to end 3.81753 ms, enqueue 2.51992 ms)
[05/14/2026-22:36:30] [I] Average on 10 runs - GPU latency: 3.75259 ms - Host latency: 3.81377 ms (end to end 3.82339 ms, enqueue 2.30586 ms)
[05/14/2026-22:36:30] [I] Average on 10 runs - GPU latency: 3.74463 ms - Host latency: 3.80557 ms (end to end 3.8145 ms, enqueue 2.51689 ms)
[05/14/2026-22:36:30] [I] Average on 10 runs - GPU latency: 3.73384 ms - Host latency: 3.79487 ms (end to end 3.80552 ms, enqueue 2.74385 ms)
[05/14/2026-22:36:30] [I] Average on 10 runs - GPU latency: 3.76504 ms - Host latency: 3.82563 ms (end to end 3.8353 ms, enqueue 2.21387 ms)
[05/14/2026-22:36:30] [I] Average on 10 runs - GPU latency: 3.7603 ms - Host latency: 3.82134 ms (end to end 3.83086 ms, enqueue 2.14248 ms)
[05/14/2026-22:36:30] [I] Average on 10 runs - GPU latency: 3.76064 ms - Host latency: 3.82197 ms (end to end 3.83164 ms, enqueue 2.13423 ms)
[05/14/2026-22:36:30] [I] Average on 10 runs - GPU latency: 3.76509 ms - Host latency: 3.82637 ms (end to end 3.83599 ms, enqueue 2.14902 ms)
[05/14/2026-22:36:30] [I] Average on 10 runs - GPU latency: 3.7479 ms - Host latency: 3.80938 ms (end to end 3.81895 ms, enqueue 2.38584 ms)
[05/14/2026-22:36:30] [I] Average on 10 runs - GPU latency: 3.73853 ms - Host latency: 3.79946 ms (end to end 3.80806 ms, enqueue 2.53872 ms)
[05/14/2026-22:36:30] [I] Average on 10 runs - GPU latency: 3.76475 ms - Host latency: 3.82642 ms (end to end 3.83735 ms, enqueue 2.28657 ms)
[05/14/2026-22:36:30] [I] Average on 10 runs - GPU latency: 3.74761 ms - Host latency: 3.80889 ms (end to end 3.81846 ms, enqueue 2.471 ms)
[05/14/2026-22:36:30] [I] Average on 10 runs - GPU latency: 3.75303 ms - Host latency: 3.81416 ms (end to end 3.82334 ms, enqueue 2.39541 ms)
[05/14/2026-22:36:30] [I] Average on 10 runs - GPU latency: 3.76133 ms - Host latency: 3.82222 ms (end to end 3.83174 ms, enqueue 2.22749 ms)
[05/14/2026-22:36:30] [I] Average on 10 runs - GPU latency: 3.7603 ms - Host latency: 3.82163 ms (end to end 3.83101 ms, enqueue 2.20811 ms)
[05/14/2026-22:36:30] [I] Average on 10 runs - GPU latency: 3.84233 ms - Host latency: 3.91064 ms (end to end 3.92334 ms, enqueue 2.27734 ms)
[05/14/2026-22:36:30] [I] Average on 10 runs - GPU latency: 3.7561 ms - Host latency: 3.81768 ms (end to end 3.82871 ms, enqueue 2.26167 ms)
[05/14/2026-22:36:30] [I] Average on 10 runs - GPU latency: 3.76807 ms - Host latency: 3.8293 ms (end to end 3.83906 ms, enqueue 2.06689 ms)
[05/14/2026-22:36:30] [I] Average on 10 runs - GPU latency: 3.7623 ms - Host latency: 3.82349 ms (end to end 3.83315 ms, enqueue 2.13569 ms)
[05/14/2026-22:36:30] [I] Average on 10 runs - GPU latency: 3.73564 ms - Host latency: 3.79697 ms (end to end 3.80728 ms, enqueue 2.59492 ms)
[05/14/2026-22:36:30] [I] Average on 10 runs - GPU latency: 3.75957 ms - Host latency: 3.8209 ms (end to end 3.83066 ms, enqueue 2.21592 ms)
[05/14/2026-22:36:30] [I] Average on 10 runs - GPU latency: 3.75986 ms - Host latency: 3.82124 ms (end to end 3.83071 ms, enqueue 2.17632 ms)
[05/14/2026-22:36:30] [I] Average on 10 runs - GPU latency: 3.75815 ms - Host latency: 3.81934 ms (end to end 3.82891 ms, enqueue 2.26953 ms)
[05/14/2026-22:36:30] [I] Average on 10 runs - GPU latency: 3.75542 ms - Host latency: 3.81646 ms (end to end 3.82588 ms, enqueue 2.3186 ms)
[05/14/2026-22:36:30] [I] Average on 10 runs - GPU latency: 3.74722 ms - Host latency: 3.80845 ms (end to end 3.81797 ms, enqueue 2.40303 ms)
[05/14/2026-22:36:30] [I] Average on 10 runs - GPU latency: 3.74795 ms - Host latency: 3.80933 ms (end to end 3.8189 ms, enqueue 2.38804 ms)
[05/14/2026-22:36:30] [I] Average on 10 runs - GPU latency: 3.75288 ms - Host latency: 3.81392 ms (end to end 3.82344 ms, enqueue 2.35273 ms)
[05/14/2026-22:36:30] [I] Average on 10 runs - GPU latency: 3.75444 ms - Host latency: 3.81611 ms (end to end 3.82607 ms, enqueue 2.28467 ms)
[05/14/2026-22:36:30] [I] Average on 10 runs - GPU latency: 3.74287 ms - Host latency: 3.80386 ms (end to end 3.81313 ms, enqueue 2.40845 ms)
[05/14/2026-22:36:30] [I] Average on 10 runs - GPU latency: 3.75068 ms - Host latency: 3.81226 ms (end to end 3.82222 ms, enqueue 2.49297 ms)
[05/14/2026-22:36:30] [I] Average on 10 runs - GPU latency: 3.73604 ms - Host latency: 3.79697 ms (end to end 3.80635 ms, enqueue 2.59614 ms)
[05/14/2026-22:36:30] [I] Average on 10 runs - GPU latency: 3.74746 ms - Host latency: 3.80845 ms (end to end 3.81792 ms, enqueue 2.43901 ms)
[05/14/2026-22:36:30] [I] Average on 10 runs - GPU latency: 3.75288 ms - Host latency: 3.81421 ms (end to end 3.82393 ms, enqueue 2.29009 ms)
[05/14/2026-22:36:30] [I] Average on 10 runs - GPU latency: 3.7459 ms - Host latency: 3.80718 ms (end to end 3.81816 ms, enqueue 2.58525 ms)
[05/14/2026-22:36:30] [I] Average on 10 runs - GPU latency: 3.75928 ms - Host latency: 3.82056 ms (end to end 3.83013 ms, enqueue 2.25249 ms)
[05/14/2026-22:36:30] [I] Average on 10 runs - GPU latency: 3.73384 ms - Host latency: 3.7957 ms (end to end 3.80532 ms, enqueue 2.56602 ms)
[05/14/2026-22:36:30] [I] Average on 10 runs - GPU latency: 3.75518 ms - Host latency: 3.81646 ms (end to end 3.82583 ms, enqueue 2.30166 ms)
[05/14/2026-22:36:30] [I] Average on 10 runs - GPU latency: 3.75928 ms - Host latency: 3.82012 ms (end to end 3.82969 ms, enqueue 2.1895 ms)
[05/14/2026-22:36:30] [I] Average on 10 runs - GPU latency: 3.74937 ms - Host latency: 3.8104 ms (end to end 3.82017 ms, enqueue 2.42539 ms)
[05/14/2026-22:36:30] [I] Average on 10 runs - GPU latency: 3.75337 ms - Host latency: 3.8146 ms (end to end 3.82402 ms, enqueue 2.27212 ms)
[05/14/2026-22:36:30] [I] Average on 10 runs - GPU latency: 3.76221 ms - Host latency: 3.82285 ms (end to end 3.83237 ms, enqueue 2.16963 ms)
[05/14/2026-22:36:30] [I] Average on 10 runs - GPU latency: 3.75806 ms - Host latency: 3.81978 ms (end to end 3.82925 ms, enqueue 2.36064 ms)
[05/14/2026-22:36:30] [I] Average on 10 runs - GPU latency: 3.82759 ms - Host latency: 3.88892 ms (end to end 3.90879 ms, enqueue 2.33687 ms)
[05/14/2026-22:36:30] [I] Average on 10 runs - GPU latency: 3.75063 ms - Host latency: 3.81157 ms (end to end 3.82134 ms, enqueue 2.43838 ms)
[05/14/2026-22:36:30] [I] Average on 10 runs - GPU latency: 3.74985 ms - Host latency: 3.81074 ms (end to end 3.82051 ms, enqueue 2.42266 ms)
[05/14/2026-22:36:30] [I] Average on 10 runs - GPU latency: 3.73228 ms - Host latency: 3.7937 ms (end to end 3.80454 ms, enqueue 2.76631 ms)
[05/14/2026-22:36:30] [I] Average on 10 runs - GPU latency: 3.73989 ms - Host latency: 3.80093 ms (end to end 3.8105 ms, enqueue 2.66953 ms)
[05/14/2026-22:36:30] [I] Average on 10 runs - GPU latency: 3.7396 ms - Host latency: 3.80073 ms (end to end 3.81123 ms, enqueue 2.58828 ms)
[05/14/2026-22:36:30] [I] Average on 10 runs - GPU latency: 3.74302 ms - Host latency: 3.80449 ms (end to end 3.81387 ms, enqueue 2.49316 ms)
[05/14/2026-22:36:30] [I] Average on 10 runs - GPU latency: 3.73076 ms - Host latency: 3.79238 ms (end to end 3.80264 ms, enqueue 2.81191 ms)
[05/14/2026-22:36:30] [I] Average on 10 runs - GPU latency: 3.72588 ms - Host latency: 3.78682 ms (end to end 3.79639 ms, enqueue 2.67793 ms)
[05/14/2026-22:36:30] [I] Average on 10 runs - GPU latency: 3.72607 ms - Host latency: 3.78672 ms (end to end 3.79658 ms, enqueue 2.81387 ms)
[05/14/2026-22:36:30] [I] Average on 10 runs - GPU latency: 3.7499 ms - Host latency: 3.81084 ms (end to end 3.82012 ms, enqueue 2.35645 ms)
[05/14/2026-22:36:30] [I] Average on 10 runs - GPU latency: 3.74072 ms - Host latency: 3.80166 ms (end to end 3.81123 ms, enqueue 2.48037 ms)
[05/14/2026-22:36:30] [I] Average on 10 runs - GPU latency: 3.73965 ms - Host latency: 3.80098 ms (end to end 3.81035 ms, enqueue 2.59111 ms)
[05/14/2026-22:36:30] [I] Average on 10 runs - GPU latency: 3.74961 ms - Host latency: 3.81162 ms (end to end 3.82139 ms, enqueue 2.34902 ms)
[05/14/2026-22:36:30] [I] Average on 10 runs - GPU latency: 3.75469 ms - Host latency: 3.81582 ms (end to end 3.8249 ms, enqueue 2.34463 ms)
[05/14/2026-22:36:30] [I] Average on 10 runs - GPU latency: 3.74941 ms - Host latency: 3.81113 ms (end to end 3.82061 ms, enqueue 2.48213 ms)
[05/14/2026-22:36:30] [I] Average on 10 runs - GPU latency: 3.74229 ms - Host latency: 3.8041 ms (end to end 3.81367 ms, enqueue 2.43799 ms)
[05/14/2026-22:36:30] [I] Average on 10 runs - GPU latency: 3.73223 ms - Host latency: 3.79365 ms (end to end 3.80283 ms, enqueue 2.74238 ms)
[05/14/2026-22:36:30] [I] Average on 10 runs - GPU latency: 3.73965 ms - Host latency: 3.80098 ms (end to end 3.81104 ms, enqueue 2.59531 ms)
[05/14/2026-22:36:30] [I] Average on 10 runs - GPU latency: 3.75352 ms - Host latency: 3.81484 ms (end to end 3.82432 ms, enqueue 2.40693 ms)
[05/14/2026-22:36:30] [I] Average on 10 runs - GPU latency: 3.74619 ms - Host latency: 3.80752 ms (end to end 3.81719 ms, enqueue 2.38096 ms)
[05/14/2026-22:36:30] [I] Average on 10 runs - GPU latency: 3.75674 ms - Host latency: 3.81768 ms (end to end 3.82725 ms, enqueue 2.30225 ms)
[05/14/2026-22:36:30] [I] Average on 10 runs - GPU latency: 3.73994 ms - Host latency: 3.80107 ms (end to end 3.81064 ms, enqueue 2.47783 ms)
[05/14/2026-22:36:30] [I] Average on 10 runs - GPU latency: 3.76025 ms - Host latency: 3.82178 ms (end to end 3.83145 ms, enqueue 2.28164 ms)
[05/14/2026-22:36:30] [I] Average on 10 runs - GPU latency: 3.75576 ms - Host latency: 3.81699 ms (end to end 3.82656 ms, enqueue 2.3002 ms)
[05/14/2026-22:36:30] [I] Average on 10 runs - GPU latency: 3.75156 ms - Host latency: 3.81221 ms (end to end 3.82188 ms, enqueue 2.4127 ms)
[05/14/2026-22:36:30] [I] Average on 10 runs - GPU latency: 3.82725 ms - Host latency: 3.89033 ms (end to end 3.92002 ms, enqueue 2.73545 ms)
[05/14/2026-22:36:30] [I] Average on 10 runs - GPU latency: 3.7583 ms - Host latency: 3.81904 ms (end to end 3.8292 ms, enqueue 2.28154 ms)
[05/14/2026-22:36:30] [I] Average on 10 runs - GPU latency: 3.76318 ms - Host latency: 3.82412 ms (end to end 3.83379 ms, enqueue 2.15889 ms)
[05/14/2026-22:36:30] [I] Average on 10 runs - GPU latency: 3.76924 ms - Host latency: 3.82988 ms (end to end 3.83955 ms, enqueue 2.05459 ms)
[05/14/2026-22:36:30] [I] Average on 10 runs - GPU latency: 3.76123 ms - Host latency: 3.82295 ms (end to end 3.83301 ms, enqueue 2.20117 ms)
[05/14/2026-22:36:30] [I] Average on 10 runs - GPU latency: 3.74043 ms - Host latency: 3.80107 ms (end to end 3.81123 ms, enqueue 2.51348 ms)
[05/14/2026-22:36:30] [I] Average on 10 runs - GPU latency: 3.73955 ms - Host latency: 3.80088 ms (end to end 3.81064 ms, enqueue 2.5832 ms)
[05/14/2026-22:36:30] [I] Average on 10 runs - GPU latency: 3.75488 ms - Host latency: 3.81611 ms (end to end 3.82549 ms, enqueue 2.34775 ms)
[05/14/2026-22:36:30] [I] Average on 10 runs - GPU latency: 3.76104 ms - Host latency: 3.82217 ms (end to end 3.83184 ms, enqueue 2.24434 ms)
[05/14/2026-22:36:30] [I] Average on 10 runs - GPU latency: 3.74707 ms - Host latency: 3.80791 ms (end to end 3.81758 ms, enqueue 2.42578 ms)
[05/14/2026-22:36:30] [I] Average on 10 runs - GPU latency: 3.73389 ms - Host latency: 3.7959 ms (end to end 3.80615 ms, enqueue 2.80859 ms)
[05/14/2026-22:36:30] [I] Average on 10 runs - GPU latency: 3.74316 ms - Host latency: 3.80439 ms (end to end 3.81436 ms, enqueue 2.6624 ms)
[05/14/2026-22:36:30] [I] Average on 10 runs - GPU latency: 3.75049 ms - Host latency: 3.81172 ms (end to end 3.8209 ms, enqueue 2.35459 ms)
[05/14/2026-22:36:30] [I] Average on 10 runs - GPU latency: 3.7418 ms - Host latency: 3.80312 ms (end to end 3.81406 ms, enqueue 2.62754 ms)
[05/14/2026-22:36:30] [I] Average on 10 runs - GPU latency: 3.74014 ms - Host latency: 3.80166 ms (end to end 3.81123 ms, enqueue 2.66035 ms)
[05/14/2026-22:36:30] [I] Average on 10 runs - GPU latency: 3.75195 ms - Host latency: 3.8127 ms (end to end 3.82236 ms, enqueue 2.34316 ms)
[05/14/2026-22:36:30] [I] Average on 10 runs - GPU latency: 3.74561 ms - Host latency: 3.80693 ms (end to end 3.81641 ms, enqueue 2.49541 ms)
[05/14/2026-22:36:30] [I] Average on 10 runs - GPU latency: 3.74258 ms - Host latency: 3.8043 ms (end to end 3.81523 ms, enqueue 2.62061 ms)
[05/14/2026-22:36:30] [I] Average on 10 runs - GPU latency: 3.73633 ms - Host latency: 3.79785 ms (end to end 3.80771 ms, enqueue 2.52031 ms)
[05/14/2026-22:36:30] [I] Average on 10 runs - GPU latency: 3.74316 ms - Host latency: 3.804 ms (end to end 3.81318 ms, enqueue 2.56084 ms)
[05/14/2026-22:36:30] [I] Average on 10 runs - GPU latency: 3.75508 ms - Host latency: 3.81621 ms (end to end 3.82598 ms, enqueue 2.31543 ms)
[05/14/2026-22:36:30] [I] Average on 10 runs - GPU latency: 3.75146 ms - Host latency: 3.8123 ms (end to end 3.82197 ms, enqueue 2.35479 ms)
[05/14/2026-22:36:30] [I] Average on 10 runs - GPU latency: 3.75176 ms - Host latency: 3.81309 ms (end to end 3.82217 ms, enqueue 2.33076 ms)
[05/14/2026-22:36:30] [I] Average on 10 runs - GPU latency: 3.7377 ms - Host latency: 3.79883 ms (end to end 3.8082 ms, enqueue 2.68896 ms)
[05/14/2026-22:36:30] [I] Average on 10 runs - GPU latency: 3.74297 ms - Host latency: 3.8042 ms (end to end 3.81396 ms, enqueue 2.53809 ms)
[05/14/2026-22:36:30] [I] Average on 10 runs - GPU latency: 3.7416 ms - Host latency: 3.80254 ms (end to end 3.81182 ms, enqueue 2.62256 ms)
[05/14/2026-22:36:30] [I] Average on 10 runs - GPU latency: 3.83125 ms - Host latency: 3.89365 ms (end to end 3.91396 ms, enqueue 2.65371 ms)
[05/14/2026-22:36:30] [I] Average on 10 runs - GPU latency: 3.75879 ms - Host latency: 3.81963 ms (end to end 3.8292 ms, enqueue 2.25703 ms)
[05/14/2026-22:36:30] [I] Average on 10 runs - GPU latency: 3.73643 ms - Host latency: 3.79814 ms (end to end 3.80771 ms, enqueue 2.58594 ms)
[05/14/2026-22:36:30] [I] Average on 10 runs - GPU latency: 3.74863 ms - Host latency: 3.80977 ms (end to end 3.81943 ms, enqueue 2.40127 ms)
[05/14/2026-22:36:30] [I] Average on 10 runs - GPU latency: 3.7502 ms - Host latency: 3.81172 ms (end to end 3.82158 ms, enqueue 2.37803 ms)
[05/14/2026-22:36:30] [I] Average on 10 runs - GPU latency: 3.7459 ms - Host latency: 3.80674 ms (end to end 3.81611 ms, enqueue 2.40293 ms)
[05/14/2026-22:36:30] [I] Average on 10 runs - GPU latency: 3.73887 ms - Host latency: 3.80039 ms (end to end 3.80996 ms, enqueue 2.56895 ms)
[05/14/2026-22:36:30] [I] Average on 10 runs - GPU latency: 3.74473 ms - Host latency: 3.80566 ms (end to end 3.81533 ms, enqueue 2.43721 ms)
[05/14/2026-22:36:30] [I] Average on 10 runs - GPU latency: 3.74814 ms - Host latency: 3.80908 ms (end to end 3.81895 ms, enqueue 2.45439 ms)
[05/14/2026-22:36:30] [I] Average on 10 runs - GPU latency: 3.75029 ms - Host latency: 3.81191 ms (end to end 3.82158 ms, enqueue 2.46338 ms)
[05/14/2026-22:36:30] [I] Average on 10 runs - GPU latency: 3.75078 ms - Host latency: 3.81182 ms (end to end 3.82119 ms, enqueue 2.27139 ms)
[05/14/2026-22:36:30] [I] Average on 10 runs - GPU latency: 3.74131 ms - Host latency: 3.80215 ms (end to end 3.81221 ms, enqueue 2.67695 ms)
[05/14/2026-22:36:30] [I] Average on 10 runs - GPU latency: 3.73984 ms - Host latency: 3.80117 ms (end to end 3.81055 ms, enqueue 2.57461 ms)
[05/14/2026-22:36:30] [I] Average on 10 runs - GPU latency: 3.72832 ms - Host latency: 3.78994 ms (end to end 3.79746 ms, enqueue 2.68262 ms)
[05/14/2026-22:36:30] [I] Average on 10 runs - GPU latency: 3.74131 ms - Host latency: 3.80312 ms (end to end 3.81357 ms, enqueue 2.54922 ms)
[05/14/2026-22:36:30] [I] Average on 10 runs - GPU latency: 3.73447 ms - Host latency: 3.79551 ms (end to end 3.80449 ms, enqueue 2.59268 ms)
[05/14/2026-22:36:30] [I] Average on 10 runs - GPU latency: 3.74912 ms - Host latency: 3.81055 ms (end to end 3.82168 ms, enqueue 2.48613 ms)
[05/14/2026-22:36:30] [I] Average on 10 runs - GPU latency: 3.75166 ms - Host latency: 3.8125 ms (end to end 3.82197 ms, enqueue 2.32041 ms)
[05/14/2026-22:36:30] [I] Average on 10 runs - GPU latency: 3.74404 ms - Host latency: 3.80537 ms (end to end 3.81543 ms, enqueue 2.51035 ms)
[05/14/2026-22:36:30] [I] Average on 10 runs - GPU latency: 3.75352 ms - Host latency: 3.81445 ms (end to end 3.82412 ms, enqueue 2.31621 ms)
[05/14/2026-22:36:30] [I] Average on 10 runs - GPU latency: 3.74248 ms - Host latency: 3.80352 ms (end to end 3.81309 ms, enqueue 2.51875 ms)
[05/14/2026-22:36:30] [I] Average on 10 runs - GPU latency: 3.75615 ms - Host latency: 3.81738 ms (end to end 3.82695 ms, enqueue 2.33613 ms)
[05/14/2026-22:36:30] [I] Average on 10 runs - GPU latency: 3.76055 ms - Host latency: 3.82148 ms (end to end 3.83096 ms, enqueue 2.11436 ms)
[05/14/2026-22:36:30] [I] Average on 10 runs - GPU latency: 3.75576 ms - Host latency: 3.81729 ms (end to end 3.82676 ms, enqueue 2.2791 ms)
[05/14/2026-22:36:30] [I] Average on 10 runs - GPU latency: 3.75371 ms - Host latency: 3.81475 ms (end to end 3.82451 ms, enqueue 2.43096 ms)
[05/14/2026-22:36:30] [I] Average on 10 runs - GPU latency: 3.74951 ms - Host latency: 3.81074 ms (end to end 3.82021 ms, enqueue 2.24854 ms)
[05/14/2026-22:36:30] [I] Average on 10 runs - GPU latency: 3.83252 ms - Host latency: 3.89424 ms (end to end 3.91279 ms, enqueue 2.58418 ms)
[05/14/2026-22:36:30] [I] Average on 10 runs - GPU latency: 3.74482 ms - Host latency: 3.80625 ms (end to end 3.81621 ms, enqueue 2.53057 ms)
[05/14/2026-22:36:30] [I] Average on 10 runs - GPU latency: 3.75576 ms - Host latency: 3.81709 ms (end to end 3.82646 ms, enqueue 2.31865 ms)
[05/14/2026-22:36:30] [I] Average on 10 runs - GPU latency: 3.76045 ms - Host latency: 3.82197 ms (end to end 3.83135 ms, enqueue 2.18486 ms)
[05/14/2026-22:36:30] [I] Average on 10 runs - GPU latency: 3.75342 ms - Host latency: 3.81465 ms (end to end 3.82461 ms, enqueue 2.29502 ms)
[05/14/2026-22:36:30] [I] Average on 10 runs - GPU latency: 3.72803 ms - Host latency: 3.78867 ms (end to end 3.79814 ms, enqueue 2.60625 ms)
[05/14/2026-22:36:30] [I] Average on 10 runs - GPU latency: 3.74248 ms - Host latency: 3.804 ms (end to end 3.81357 ms, enqueue 2.51738 ms)
[05/14/2026-22:36:30] [I] Average on 10 runs - GPU latency: 3.73486 ms - Host latency: 3.79609 ms (end to end 3.80605 ms, enqueue 2.70244 ms)
[05/14/2026-22:36:30] [I] Average on 10 runs - GPU latency: 3.74443 ms - Host latency: 3.80615 ms (end to end 3.81562 ms, enqueue 2.49814 ms)
[05/14/2026-22:36:30] [I] Average on 10 runs - GPU latency: 3.73926 ms - Host latency: 3.80029 ms (end to end 3.80967 ms, enqueue 2.59219 ms)
[05/14/2026-22:36:30] [I] Average on 10 runs - GPU latency: 3.73096 ms - Host latency: 3.79209 ms (end to end 3.80273 ms, enqueue 2.6958 ms)
[05/14/2026-22:36:30] [I] Average on 10 runs - GPU latency: 3.75176 ms - Host latency: 3.81299 ms (end to end 3.82256 ms, enqueue 2.39453 ms)
[05/14/2026-22:36:30] [I] Average on 10 runs - GPU latency: 3.76074 ms - Host latency: 3.82207 ms (end to end 3.83184 ms, enqueue 2.11982 ms)
[05/14/2026-22:36:30] [I] Average on 10 runs - GPU latency: 3.75449 ms - Host latency: 3.81533 ms (end to end 3.8251 ms, enqueue 2.34199 ms)
[05/14/2026-22:36:30] [I] Average on 10 runs - GPU latency: 3.73066 ms - Host latency: 3.79277 ms (end to end 3.80254 ms, enqueue 2.78457 ms)
[05/14/2026-22:36:30] [I] Average on 10 runs - GPU latency: 3.74902 ms - Host latency: 3.81035 ms (end to end 3.82002 ms, enqueue 2.27969 ms)
[05/14/2026-22:36:30] [I] Average on 10 runs - GPU latency: 3.74453 ms - Host latency: 3.80576 ms (end to end 3.81494 ms, enqueue 2.4998 ms)
[05/14/2026-22:36:30] [I] Average on 10 runs - GPU latency: 3.74678 ms - Host latency: 3.80752 ms (end to end 3.81709 ms, enqueue 2.47197 ms)
[05/14/2026-22:36:30] [I] Average on 10 runs - GPU latency: 3.75459 ms - Host latency: 3.81562 ms (end to end 3.8251 ms, enqueue 2.25664 ms)
[05/14/2026-22:36:30] [I] Average on 10 runs - GPU latency: 3.74199 ms - Host latency: 3.80273 ms (end to end 3.81221 ms, enqueue 2.47207 ms)
[05/14/2026-22:36:30] [I] Average on 10 runs - GPU latency: 3.7292 ms - Host latency: 3.79014 ms (end to end 3.79883 ms, enqueue 2.69336 ms)
[05/14/2026-22:36:30] [I] Average on 10 runs - GPU latency: 3.72773 ms - Host latency: 3.78955 ms (end to end 3.80117 ms, enqueue 2.88301 ms)
[05/14/2026-22:36:30] [I] Average on 10 runs - GPU latency: 3.74482 ms - Host latency: 3.80615 ms (end to end 3.81562 ms, enqueue 2.61113 ms)
[05/14/2026-22:36:30] [I] Average on 10 runs - GPU latency: 3.74248 ms - Host latency: 3.80361 ms (end to end 3.81318 ms, enqueue 2.43828 ms)
[05/14/2026-22:36:30] [I] Average on 10 runs - GPU latency: 3.73613 ms - Host latency: 3.79756 ms (end to end 3.80752 ms, enqueue 2.62734 ms)
[05/14/2026-22:36:30] [I] Average on 10 runs - GPU latency: 3.75 ms - Host latency: 3.81123 ms (end to end 3.821 ms, enqueue 2.52578 ms)
[05/14/2026-22:36:30] [I] Average on 10 runs - GPU latency: 3.79805 ms - Host latency: 3.86064 ms (end to end 3.88154 ms, enqueue 2.48984 ms)
[05/14/2026-22:36:30] [I] Average on 10 runs - GPU latency: 3.77158 ms - Host latency: 3.8335 ms (end to end 3.84277 ms, enqueue 2.64053 ms)
[05/14/2026-22:36:30] [I] Average on 10 runs - GPU latency: 3.75088 ms - Host latency: 3.81211 ms (end to end 3.82227 ms, enqueue 2.31172 ms)
[05/14/2026-22:36:30] [I] Average on 10 runs - GPU latency: 3.74668 ms - Host latency: 3.8083 ms (end to end 3.81768 ms, enqueue 2.46094 ms)
[05/14/2026-22:36:30] [I] Average on 10 runs - GPU latency: 3.74619 ms - Host latency: 3.80781 ms (end to end 3.81699 ms, enqueue 2.4626 ms)
[05/14/2026-22:36:30] [I] Average on 10 runs - GPU latency: 3.74629 ms - Host latency: 3.80811 ms (end to end 3.81777 ms, enqueue 2.49033 ms)
[05/14/2026-22:36:30] [I] Average on 10 runs - GPU latency: 3.73584 ms - Host latency: 3.79707 ms (end to end 3.80723 ms, enqueue 2.52783 ms)
[05/14/2026-22:36:30] [I] Average on 10 runs - GPU latency: 3.74141 ms - Host latency: 3.80264 ms (end to end 3.81221 ms, enqueue 2.54238 ms)
[05/14/2026-22:36:30] [I] Average on 10 runs - GPU latency: 3.75254 ms - Host latency: 3.81387 ms (end to end 3.82373 ms, enqueue 2.41641 ms)
[05/14/2026-22:36:30] [I] Average on 10 runs - GPU latency: 3.74336 ms - Host latency: 3.80518 ms (end to end 3.81436 ms, enqueue 2.36436 ms)
[05/14/2026-22:36:30] [I] Average on 10 runs - GPU latency: 3.73193 ms - Host latency: 3.79346 ms (end to end 3.80322 ms, enqueue 2.68467 ms)
[05/14/2026-22:36:30] [I] Average on 10 runs - GPU latency: 3.74961 ms - Host latency: 3.81094 ms (end to end 3.82021 ms, enqueue 2.35137 ms)
[05/14/2026-22:36:30] [I] Average on 10 runs - GPU latency: 3.76475 ms - Host latency: 3.82607 ms (end to end 3.83555 ms, enqueue 2.16367 ms)
[05/14/2026-22:36:30] [I] Average on 10 runs - GPU latency: 3.74697 ms - Host latency: 3.80859 ms (end to end 3.81836 ms, enqueue 2.41445 ms)
[05/14/2026-22:36:30] [I] Average on 10 runs - GPU latency: 3.74951 ms - Host latency: 3.81055 ms (end to end 3.82051 ms, enqueue 2.40605 ms)
[05/14/2026-22:36:30] [I] Average on 10 runs - GPU latency: 3.74795 ms - Host latency: 3.80928 ms (end to end 3.81885 ms, enqueue 2.26289 ms)
[05/14/2026-22:36:30] [I] Average on 10 runs - GPU latency: 3.75273 ms - Host latency: 3.81348 ms (end to end 3.82324 ms, enqueue 2.271 ms)
[05/14/2026-22:36:30] [I] Average on 10 runs - GPU latency: 3.76416 ms - Host latency: 3.82539 ms (end to end 3.83486 ms, enqueue 2.09453 ms)
[05/14/2026-22:36:30] [I] Average on 10 runs - GPU latency: 3.75469 ms - Host latency: 3.81582 ms (end to end 3.8251 ms, enqueue 2.24678 ms)
[05/14/2026-22:36:30] [I] Average on 10 runs - GPU latency: 3.74268 ms - Host latency: 3.80391 ms (end to end 3.81387 ms, enqueue 2.55244 ms)
[05/14/2026-22:36:30] [I] Average on 10 runs - GPU latency: 3.7543 ms - Host latency: 3.81523 ms (end to end 3.8249 ms, enqueue 2.18604 ms)
[05/14/2026-22:36:30] [I] Average on 10 runs - GPU latency: 3.73867 ms - Host latency: 3.80029 ms (end to end 3.81016 ms, enqueue 2.5585 ms)
[05/14/2026-22:36:30] [I] Average on 10 runs - GPU latency: 3.73965 ms - Host latency: 3.80137 ms (end to end 3.81152 ms, enqueue 2.54814 ms)
[05/14/2026-22:36:30] [I] Average on 10 runs - GPU latency: 3.74072 ms - Host latency: 3.80176 ms (end to end 3.81143 ms, enqueue 2.46016 ms)
[05/14/2026-22:36:30] [I] Average on 10 runs - GPU latency: 3.76201 ms - Host latency: 3.82334 ms (end to end 3.83301 ms, enqueue 2.17744 ms)
[05/14/2026-22:36:30] [I] Average on 10 runs - GPU latency: 3.74531 ms - Host latency: 3.80625 ms (end to end 3.81562 ms, enqueue 2.40918 ms)
[05/14/2026-22:36:30] [I] Average on 10 runs - GPU latency: 3.73584 ms - Host latency: 3.79756 ms (end to end 3.80771 ms, enqueue 2.61396 ms)
[05/14/2026-22:36:30] [I] Average on 10 runs - GPU latency: 3.84561 ms - Host latency: 3.90791 ms (end to end 3.92734 ms, enqueue 2.45771 ms)
[05/14/2026-22:36:30] [I] Average on 10 runs - GPU latency: 3.74053 ms - Host latency: 3.80166 ms (end to end 3.81123 ms, enqueue 2.6002 ms)
[05/14/2026-22:36:30] [I] Average on 10 runs - GPU latency: 3.76074 ms - Host latency: 3.82227 ms (end to end 3.83193 ms, enqueue 2.23994 ms)
[05/14/2026-22:36:30] [I] Average on 10 runs - GPU latency: 3.74453 ms - Host latency: 3.80576 ms (end to end 3.81592 ms, enqueue 2.41611 ms)
[05/14/2026-22:36:30] [I] Average on 10 runs - GPU latency: 3.74932 ms - Host latency: 3.81055 ms (end to end 3.81963 ms, enqueue 2.47783 ms)
[05/14/2026-22:36:30] [I] Average on 10 runs - GPU latency: 3.75117 ms - Host latency: 3.8123 ms (end to end 3.82236 ms, enqueue 2.39844 ms)
[05/14/2026-22:36:30] [I] Average on 10 runs - GPU latency: 3.75518 ms - Host latency: 3.8168 ms (end to end 3.82637 ms, enqueue 2.22148 ms)
[05/14/2026-22:36:30] [I] Average on 10 runs - GPU latency: 3.75732 ms - Host latency: 3.81807 ms (end to end 3.82715 ms, enqueue 2.22236 ms)
[05/14/2026-22:36:30] [I] Average on 10 runs - GPU latency: 3.73145 ms - Host latency: 3.79219 ms (end to end 3.80176 ms, enqueue 2.61123 ms)
[05/14/2026-22:36:30] [I] Average on 10 runs - GPU latency: 3.75889 ms - Host latency: 3.821 ms (end to end 3.83057 ms, enqueue 2.35889 ms)
[05/14/2026-22:36:30] [I] Average on 10 runs - GPU latency: 3.76426 ms - Host latency: 3.82539 ms (end to end 3.83496 ms, enqueue 2.0877 ms)
[05/14/2026-22:36:30] [I] Average on 10 runs - GPU latency: 3.75273 ms - Host latency: 3.81416 ms (end to end 3.82373 ms, enqueue 2.28936 ms)
[05/14/2026-22:36:30] [I] Average on 10 runs - GPU latency: 3.75674 ms - Host latency: 3.81777 ms (end to end 3.82715 ms, enqueue 2.14893 ms)
[05/14/2026-22:36:30] [I] Average on 10 runs - GPU latency: 3.75996 ms - Host latency: 3.82158 ms (end to end 3.83096 ms, enqueue 2.17764 ms)
[05/14/2026-22:36:30] [I] Average on 10 runs - GPU latency: 3.75312 ms - Host latency: 3.81455 ms (end to end 3.82432 ms, enqueue 2.21924 ms)
[05/14/2026-22:36:30] [I] Average on 10 runs - GPU latency: 3.75947 ms - Host latency: 3.8207 ms (end to end 3.83037 ms, enqueue 2.30557 ms)
[05/14/2026-22:36:30] [I] Average on 10 runs - GPU latency: 3.7624 ms - Host latency: 3.82363 ms (end to end 3.83311 ms, enqueue 2.17598 ms)
[05/14/2026-22:36:30] [I] Average on 10 runs - GPU latency: 3.73701 ms - Host latency: 3.79785 ms (end to end 3.80732 ms, enqueue 2.52471 ms)
[05/14/2026-22:36:30] [I] Average on 10 runs - GPU latency: 3.74648 ms - Host latency: 3.80762 ms (end to end 3.81738 ms, enqueue 2.42393 ms)
[05/14/2026-22:36:30] [I] Average on 10 runs - GPU latency: 3.74512 ms - Host latency: 3.80625 ms (end to end 3.81602 ms, enqueue 2.49111 ms)
[05/14/2026-22:36:30] [I] Average on 10 runs - GPU latency: 3.74268 ms - Host latency: 3.804 ms (end to end 3.81396 ms, enqueue 2.5042 ms)
[05/14/2026-22:36:30] [I] Average on 10 runs - GPU latency: 3.73838 ms - Host latency: 3.79951 ms (end to end 3.80889 ms, enqueue 2.52178 ms)
[05/14/2026-22:36:30] [I] Average on 10 runs - GPU latency: 3.74609 ms - Host latency: 3.80713 ms (end to end 3.8168 ms, enqueue 2.55361 ms)
[05/14/2026-22:36:30] [I] Average on 10 runs - GPU latency: 3.7666 ms - Host latency: 3.82764 ms (end to end 3.83721 ms, enqueue 2.17959 ms)
[05/14/2026-22:36:30] [I] Average on 10 runs - GPU latency: 3.7542 ms - Host latency: 3.81533 ms (end to end 3.8248 ms, enqueue 2.27266 ms)
[05/14/2026-22:36:30] [I] Average on 10 runs - GPU latency: 3.73945 ms - Host latency: 3.80049 ms (end to end 3.81025 ms, enqueue 2.51445 ms)
[05/14/2026-22:36:30] [I] Average on 10 runs - GPU latency: 3.82441 ms - Host latency: 3.88613 ms (end to end 3.90615 ms, enqueue 2.57295 ms)
[05/14/2026-22:36:30] [I] Average on 10 runs - GPU latency: 3.76084 ms - Host latency: 3.82246 ms (end to end 3.83174 ms, enqueue 2.2415 ms)
[05/14/2026-22:36:30] [I] Average on 10 runs - GPU latency: 3.7623 ms - Host latency: 3.82344 ms (end to end 3.83291 ms, enqueue 2.14648 ms)
[05/14/2026-22:36:30] [I] Average on 10 runs - GPU latency: 3.75811 ms - Host latency: 3.81992 ms (end to end 3.829 ms, enqueue 2.2374 ms)
[05/14/2026-22:36:30] [I] Average on 10 runs - GPU latency: 3.7624 ms - Host latency: 3.82334 ms (end to end 3.83311 ms, enqueue 2.13857 ms)
[05/14/2026-22:36:30] [I] Average on 10 runs - GPU latency: 3.76621 ms - Host latency: 3.82725 ms (end to end 3.83672 ms, enqueue 2.03477 ms)
[05/14/2026-22:36:30] [I] Average on 10 runs - GPU latency: 3.74414 ms - Host latency: 3.80508 ms (end to end 3.81514 ms, enqueue 2.48848 ms)
[05/14/2026-22:36:30] [I] Average on 10 runs - GPU latency: 3.75723 ms - Host latency: 3.81807 ms (end to end 3.82725 ms, enqueue 2.17334 ms)
[05/14/2026-22:36:30] [I] Average on 10 runs - GPU latency: 3.75371 ms - Host latency: 3.81543 ms (end to end 3.8248 ms, enqueue 2.27744 ms)
[05/14/2026-22:36:30] [I] Average on 10 runs - GPU latency: 3.74893 ms - Host latency: 3.81006 ms (end to end 3.81953 ms, enqueue 2.41855 ms)
[05/14/2026-22:36:30] [I] Average on 10 runs - GPU latency: 3.75664 ms - Host latency: 3.81797 ms (end to end 3.82764 ms, enqueue 2.33389 ms)
[05/14/2026-22:36:30] [I] Average on 10 runs - GPU latency: 3.75664 ms - Host latency: 3.81768 ms (end to end 3.82764 ms, enqueue 2.2709 ms)
[05/14/2026-22:36:30] [I] Average on 10 runs - GPU latency: 3.76318 ms - Host latency: 3.82393 ms (end to end 3.83359 ms, enqueue 2.1376 ms)
[05/14/2026-22:36:30] [I] Average on 10 runs - GPU latency: 3.74072 ms - Host latency: 3.80176 ms (end to end 3.81104 ms, enqueue 2.52344 ms)
[05/14/2026-22:36:30] [I] Average on 10 runs - GPU latency: 3.73994 ms - Host latency: 3.80107 ms (end to end 3.81064 ms, enqueue 2.54551 ms)
[05/14/2026-22:36:30] [I] Average on 10 runs - GPU latency: 3.75459 ms - Host latency: 3.81602 ms (end to end 3.82549 ms, enqueue 2.24883 ms)
[05/14/2026-22:36:30] [I] Average on 10 runs - GPU latency: 3.75381 ms - Host latency: 3.81504 ms (end to end 3.8249 ms, enqueue 2.30469 ms)
[05/14/2026-22:36:30] [I] Average on 10 runs - GPU latency: 3.75703 ms - Host latency: 3.81846 ms (end to end 3.82822 ms, enqueue 2.31426 ms)
[05/14/2026-22:36:30] [I] Average on 10 runs - GPU latency: 3.75342 ms - Host latency: 3.81494 ms (end to end 3.8249 ms, enqueue 2.34268 ms)
[05/14/2026-22:36:30] [I] Average on 10 runs - GPU latency: 3.76426 ms - Host latency: 3.82559 ms (end to end 3.83516 ms, enqueue 2.10527 ms)
[05/14/2026-22:36:30] [I] Average on 10 runs - GPU latency: 3.76455 ms - Host latency: 3.82598 ms (end to end 3.83594 ms, enqueue 2.06826 ms)
[05/14/2026-22:36:30] [I] Average on 10 runs - GPU latency: 3.75586 ms - Host latency: 3.8168 ms (end to end 3.82646 ms, enqueue 2.18662 ms)
[05/14/2026-22:36:30] [I] Average on 10 runs - GPU latency: 3.73545 ms - Host latency: 3.79668 ms (end to end 3.80693 ms, enqueue 2.7123 ms)
[05/14/2026-22:36:30] [I] Average on 10 runs - GPU latency: 3.74473 ms - Host latency: 3.80635 ms (end to end 3.81621 ms, enqueue 2.4498 ms)
[05/14/2026-22:36:30] [I] Average on 10 runs - GPU latency: 3.75098 ms - Host latency: 3.81172 ms (end to end 3.82148 ms, enqueue 2.32344 ms)
[05/14/2026-22:36:30] [I] Average on 10 runs - GPU latency: 3.73672 ms - Host latency: 3.79785 ms (end to end 3.80713 ms, enqueue 2.62891 ms)
[05/14/2026-22:36:30] [I] Average on 10 runs - GPU latency: 3.83047 ms - Host latency: 3.8918 ms (end to end 3.91055 ms, enqueue 2.6668 ms)
[05/14/2026-22:36:30] [I] Average on 10 runs - GPU latency: 3.74365 ms - Host latency: 3.80508 ms (end to end 3.81475 ms, enqueue 2.58643 ms)
[05/14/2026-22:36:30] [I] Average on 10 runs - GPU latency: 3.75771 ms - Host latency: 3.81934 ms (end to end 3.82881 ms, enqueue 2.30469 ms)
[05/14/2026-22:36:30] [I] Average on 10 runs - GPU latency: 3.73721 ms - Host latency: 3.79873 ms (end to end 3.80859 ms, enqueue 2.53555 ms)
[05/14/2026-22:36:30] [I] Average on 10 runs - GPU latency: 3.74385 ms - Host latency: 3.80508 ms (end to end 3.81582 ms, enqueue 2.58721 ms)
[05/14/2026-22:36:30] [I] Average on 10 runs - GPU latency: 3.7375 ms - Host latency: 3.79893 ms (end to end 3.80879 ms, enqueue 2.73496 ms)
[05/14/2026-22:36:30] [I] Average on 10 runs - GPU latency: 3.74834 ms - Host latency: 3.80928 ms (end to end 3.81904 ms, enqueue 2.48252 ms)
[05/14/2026-22:36:30] [I] Average on 10 runs - GPU latency: 3.74531 ms - Host latency: 3.80615 ms (end to end 3.81562 ms, enqueue 2.48193 ms)
[05/14/2026-22:36:30] [I] Average on 10 runs - GPU latency: 3.74414 ms - Host latency: 3.80508 ms (end to end 3.81465 ms, enqueue 2.50166 ms)
[05/14/2026-22:36:30] [I] Average on 10 runs - GPU latency: 3.7459 ms - Host latency: 3.80781 ms (end to end 3.81758 ms, enqueue 2.48174 ms)
[05/14/2026-22:36:30] [I] Average on 10 runs - GPU latency: 3.75166 ms - Host latency: 3.81279 ms (end to end 3.82207 ms, enqueue 2.33633 ms)
[05/14/2026-22:36:30] [I] Average on 10 runs - GPU latency: 3.75674 ms - Host latency: 3.81836 ms (end to end 3.82793 ms, enqueue 2.26289 ms)
[05/14/2026-22:36:30] [I] Average on 10 runs - GPU latency: 3.75967 ms - Host latency: 3.82109 ms (end to end 3.83066 ms, enqueue 2.12891 ms)
[05/14/2026-22:36:30] [I] Average on 10 runs - GPU latency: 3.76875 ms - Host latency: 3.82998 ms (end to end 3.83965 ms, enqueue 2.07812 ms)
[05/14/2026-22:36:30] [I] Average on 10 runs - GPU latency: 3.76357 ms - Host latency: 3.8252 ms (end to end 3.83447 ms, enqueue 2.0459 ms)
[05/14/2026-22:36:30] [I] Average on 10 runs - GPU latency: 3.74375 ms - Host latency: 3.804 ms (end to end 3.81426 ms, enqueue 2.46484 ms)
[05/14/2026-22:36:30] [I] Average on 10 runs - GPU latency: 3.75195 ms - Host latency: 3.81318 ms (end to end 3.82275 ms, enqueue 2.49502 ms)
[05/14/2026-22:36:30] [I] Average on 10 runs - GPU latency: 3.74678 ms - Host latency: 3.80781 ms (end to end 3.81758 ms, enqueue 2.38828 ms)
[05/14/2026-22:36:30] [I] Average on 10 runs - GPU latency: 3.73369 ms - Host latency: 3.79453 ms (end to end 3.80322 ms, enqueue 2.59414 ms)
[05/14/2026-22:36:30] [I] Average on 10 runs - GPU latency: 3.74668 ms - Host latency: 3.80762 ms (end to end 3.81807 ms, enqueue 2.53516 ms)
[05/14/2026-22:36:30] [I] Average on 10 runs - GPU latency: 3.75225 ms - Host latency: 3.81318 ms (end to end 3.82227 ms, enqueue 2.46504 ms)
[05/14/2026-22:36:30] [I] Average on 10 runs - GPU latency: 3.73848 ms - Host latency: 3.7998 ms (end to end 3.80928 ms, enqueue 2.53184 ms)
[05/14/2026-22:36:30] [I] Average on 10 runs - GPU latency: 3.75293 ms - Host latency: 3.81436 ms (end to end 3.82393 ms, enqueue 2.39814 ms)
[05/14/2026-22:36:30] [I] Average on 10 runs - GPU latency: 3.74258 ms - Host latency: 3.80391 ms (end to end 3.81387 ms, enqueue 2.4333 ms)
[05/14/2026-22:36:30] [I] Average on 10 runs - GPU latency: 3.74355 ms - Host latency: 3.80488 ms (end to end 3.81455 ms, enqueue 2.50244 ms)
[05/14/2026-22:36:30] [I] Average on 10 runs - GPU latency: 3.7458 ms - Host latency: 3.80684 ms (end to end 3.8168 ms, enqueue 2.38457 ms)
[05/14/2026-22:36:30] [I] Average on 10 runs - GPU latency: 3.83164 ms - Host latency: 3.89424 ms (end to end 3.91318 ms, enqueue 2.52051 ms)
[05/14/2026-22:36:30] [I] Average on 10 runs - GPU latency: 3.75879 ms - Host latency: 3.82041 ms (end to end 3.83057 ms, enqueue 2.23008 ms)
[05/14/2026-22:36:30] [I] Average on 10 runs - GPU latency: 3.74043 ms - Host latency: 3.80186 ms (end to end 3.81104 ms, enqueue 2.36729 ms)
[05/14/2026-22:36:30] [I] Average on 10 runs - GPU latency: 3.74102 ms - Host latency: 3.80215 ms (end to end 3.81221 ms, enqueue 2.49424 ms)
[05/14/2026-22:36:30] [I] Average on 10 runs - GPU latency: 3.75459 ms - Host latency: 3.81562 ms (end to end 3.82529 ms, enqueue 2.36777 ms)
[05/14/2026-22:36:30] [I] Average on 10 runs - GPU latency: 3.7543 ms - Host latency: 3.81553 ms (end to end 3.82539 ms, enqueue 2.2582 ms)
[05/14/2026-22:36:30] [I] Average on 10 runs - GPU latency: 3.74453 ms - Host latency: 3.80596 ms (end to end 3.81553 ms, enqueue 2.59834 ms)
[05/14/2026-22:36:30] [I] Average on 10 runs - GPU latency: 3.73584 ms - Host latency: 3.79736 ms (end to end 3.80732 ms, enqueue 2.57285 ms)
[05/14/2026-22:36:30] [I] Average on 10 runs - GPU latency: 3.73574 ms - Host latency: 3.79707 ms (end to end 3.80723 ms, enqueue 2.69199 ms)
[05/14/2026-22:36:30] [I] Average on 10 runs - GPU latency: 3.7417 ms - Host latency: 3.80303 ms (end to end 3.81494 ms, enqueue 2.62949 ms)
[05/14/2026-22:36:30] [I] Average on 10 runs - GPU latency: 3.73818 ms - Host latency: 3.79922 ms (end to end 3.80957 ms, enqueue 2.76445 ms)
[05/14/2026-22:36:30] [I] Average on 10 runs - GPU latency: 3.74922 ms - Host latency: 3.81064 ms (end to end 3.82031 ms, enqueue 2.33721 ms)
[05/14/2026-22:36:30] [I] Average on 10 runs - GPU latency: 3.74355 ms - Host latency: 3.80479 ms (end to end 3.81455 ms, enqueue 2.54375 ms)
[05/14/2026-22:36:30] [I] Average on 10 runs - GPU latency: 3.75098 ms - Host latency: 3.81191 ms (end to end 3.82129 ms, enqueue 2.39121 ms)
[05/14/2026-22:36:30] [I] Average on 10 runs - GPU latency: 3.75859 ms - Host latency: 3.81875 ms (end to end 3.82852 ms, enqueue 2.18125 ms)
[05/14/2026-22:36:30] [I] Average on 10 runs - GPU latency: 3.75801 ms - Host latency: 3.81855 ms (end to end 3.82871 ms, enqueue 2.2334 ms)
[05/14/2026-22:36:30] [I] Average on 10 runs - GPU latency: 3.75117 ms - Host latency: 3.81172 ms (end to end 3.82129 ms, enqueue 2.34043 ms)
[05/14/2026-22:36:30] [I] Average on 10 runs - GPU latency: 3.75078 ms - Host latency: 3.8127 ms (end to end 3.82227 ms, enqueue 2.43027 ms)
[05/14/2026-22:36:30] [I] Average on 10 runs - GPU latency: 3.75996 ms - Host latency: 3.82129 ms (end to end 3.83145 ms, enqueue 2.22617 ms)
[05/14/2026-22:36:30] [I] Average on 10 runs - GPU latency: 3.74805 ms - Host latency: 3.80996 ms (end to end 3.81914 ms, enqueue 2.4082 ms)
[05/14/2026-22:36:30] [I] Average on 10 runs - GPU latency: 3.7625 ms - Host latency: 3.82441 ms (end to end 3.83398 ms, enqueue 2.14746 ms)
[05/14/2026-22:36:30] [I] Average on 10 runs - GPU latency: 3.75371 ms - Host latency: 3.81465 ms (end to end 3.825 ms, enqueue 2.30742 ms)
[05/14/2026-22:36:30] [I] Average on 10 runs - GPU latency: 3.75566 ms - Host latency: 3.81719 ms (end to end 3.82676 ms, enqueue 2.23574 ms)
[05/14/2026-22:36:30] [I] Average on 10 runs - GPU latency: 3.76973 ms - Host latency: 3.83066 ms (end to end 3.84043 ms, enqueue 2.0791 ms)
[05/14/2026-22:36:30] [I] Average on 10 runs - GPU latency: 3.7457 ms - Host latency: 3.80703 ms (end to end 3.8166 ms, enqueue 2.45332 ms)
[05/14/2026-22:36:30] [I] Average on 10 runs - GPU latency: 3.75293 ms - Host latency: 3.81484 ms (end to end 3.82383 ms, enqueue 2.26074 ms)
[05/14/2026-22:36:30] [I] Average on 10 runs - GPU latency: 3.84844 ms - Host latency: 3.90996 ms (end to end 3.92891 ms, enqueue 2.26758 ms)
[05/14/2026-22:36:30] [I] Average on 10 runs - GPU latency: 3.75781 ms - Host latency: 3.81914 ms (end to end 3.82852 ms, enqueue 2.27051 ms)
[05/14/2026-22:36:30] [I] Average on 10 runs - GPU latency: 3.76191 ms - Host latency: 3.82266 ms (end to end 3.83203 ms, enqueue 2.17363 ms)
[05/14/2026-22:36:30] [I] Average on 10 runs - GPU latency: 3.75645 ms - Host latency: 3.81758 ms (end to end 3.82715 ms, enqueue 2.25137 ms)
[05/14/2026-22:36:30] [I] Average on 10 runs - GPU latency: 3.76465 ms - Host latency: 3.8252 ms (end to end 3.83574 ms, enqueue 2.11953 ms)
[05/14/2026-22:36:30] [I] Average on 10 runs - GPU latency: 3.75977 ms - Host latency: 3.82148 ms (end to end 3.83105 ms, enqueue 2.20098 ms)
[05/14/2026-22:36:30] [I] Average on 10 runs - GPU latency: 3.76582 ms - Host latency: 3.82715 ms (end to end 3.83672 ms, enqueue 2.17266 ms)
[05/14/2026-22:36:30] [I] Average on 10 runs - GPU latency: 3.75449 ms - Host latency: 3.81621 ms (end to end 3.82559 ms, enqueue 2.23809 ms)
[05/14/2026-22:36:30] [I] Average on 10 runs - GPU latency: 3.73418 ms - Host latency: 3.79551 ms (end to end 3.80566 ms, enqueue 2.63809 ms)
[05/14/2026-22:36:30] [I] Average on 10 runs - GPU latency: 3.7377 ms - Host latency: 3.79941 ms (end to end 3.80977 ms, enqueue 2.66445 ms)
[05/14/2026-22:36:30] [I] Average on 10 runs - GPU latency: 3.7498 ms - Host latency: 3.81074 ms (end to end 3.8207 ms, enqueue 2.43672 ms)
[05/14/2026-22:36:30] [I] Average on 10 runs - GPU latency: 3.75996 ms - Host latency: 3.82031 ms (end to end 3.83027 ms, enqueue 2.22422 ms)
[05/14/2026-22:36:30] [I] Average on 10 runs - GPU latency: 3.75195 ms - Host latency: 3.81328 ms (end to end 3.82266 ms, enqueue 2.50098 ms)
[05/14/2026-22:36:30] [I] Average on 10 runs - GPU latency: 3.75469 ms - Host latency: 3.81699 ms (end to end 3.82656 ms, enqueue 2.55117 ms)
[05/14/2026-22:36:30] [I] Average on 10 runs - GPU latency: 3.75645 ms - Host latency: 3.81738 ms (end to end 3.82695 ms, enqueue 2.3627 ms)
[05/14/2026-22:36:30] [I] Average on 10 runs - GPU latency: 3.74434 ms - Host latency: 3.80566 ms (end to end 3.8166 ms, enqueue 2.54473 ms)
[05/14/2026-22:36:30] [I] Average on 10 runs - GPU latency: 3.7627 ms - Host latency: 3.82402 ms (end to end 3.83379 ms, enqueue 2.15527 ms)
[05/14/2026-22:36:30] [I] Average on 10 runs - GPU latency: 3.76113 ms - Host latency: 3.82227 ms (end to end 3.83125 ms, enqueue 2.11836 ms)
[05/14/2026-22:36:30] [I] Average on 10 runs - GPU latency: 3.76875 ms - Host latency: 3.83027 ms (end to end 3.83945 ms, enqueue 2.09531 ms)
[05/14/2026-22:36:30] [I] Average on 10 runs - GPU latency: 3.76309 ms - Host latency: 3.82441 ms (end to end 3.83398 ms, enqueue 2.15039 ms)
[05/14/2026-22:36:30] [I] Average on 10 runs - GPU latency: 3.75098 ms - Host latency: 3.81113 ms (end to end 3.8209 ms, enqueue 2.4127 ms)
[05/14/2026-22:36:30] [I] Average on 10 runs - GPU latency: 3.7416 ms - Host latency: 3.80254 ms (end to end 3.81172 ms, enqueue 2.46543 ms)
[05/14/2026-22:36:30] [I] Average on 10 runs - GPU latency: 3.74492 ms - Host latency: 3.80625 ms (end to end 3.81758 ms, enqueue 2.63145 ms)
[05/14/2026-22:36:30] [I] Average on 10 runs - GPU latency: 3.74258 ms - Host latency: 3.80391 ms (end to end 3.81328 ms, enqueue 2.53652 ms)
[05/14/2026-22:36:30] [I] Average on 10 runs - GPU latency: 3.74141 ms - Host latency: 3.80254 ms (end to end 3.8127 ms, enqueue 2.56738 ms)
[05/14/2026-22:36:30] [I] Average on 10 runs - GPU latency: 3.76152 ms - Host latency: 3.82363 ms (end to end 3.8332 ms, enqueue 2.19707 ms)
[05/14/2026-22:36:30] [I] Average on 10 runs - GPU latency: 3.78965 ms - Host latency: 3.85098 ms (end to end 3.86152 ms, enqueue 2.24531 ms)
[05/14/2026-22:36:30] [I] Average on 10 runs - GPU latency: 3.78203 ms - Host latency: 3.84316 ms (end to end 3.8834 ms, enqueue 2.33418 ms)
[05/14/2026-22:36:30] [I] Average on 10 runs - GPU latency: 3.76113 ms - Host latency: 3.82266 ms (end to end 3.83281 ms, enqueue 2.13457 ms)
[05/14/2026-22:36:30] [I] Average on 10 runs - GPU latency: 3.75938 ms - Host latency: 3.8209 ms (end to end 3.83105 ms, enqueue 2.1373 ms)
[05/14/2026-22:36:30] [I] Average on 10 runs - GPU latency: 3.76523 ms - Host latency: 3.82715 ms (end to end 3.83613 ms, enqueue 2.15098 ms)
[05/14/2026-22:36:30] [I] Average on 10 runs - GPU latency: 3.74453 ms - Host latency: 3.80586 ms (end to end 3.81562 ms, enqueue 2.44824 ms)
[05/14/2026-22:36:30] [I] Average on 10 runs - GPU latency: 3.73633 ms - Host latency: 3.79785 ms (end to end 3.80781 ms, enqueue 2.48887 ms)
[05/14/2026-22:36:30] [I] Average on 10 runs - GPU latency: 3.74219 ms - Host latency: 3.80352 ms (end to end 3.81328 ms, enqueue 2.39512 ms)
[05/14/2026-22:36:30] [I] Average on 10 runs - GPU latency: 3.7457 ms - Host latency: 3.80742 ms (end to end 3.81641 ms, enqueue 2.43809 ms)
[05/14/2026-22:36:30] [I] Average on 10 runs - GPU latency: 3.75078 ms - Host latency: 3.81211 ms (end to end 3.82148 ms, enqueue 2.41777 ms)
[05/14/2026-22:36:30] [I] Average on 10 runs - GPU latency: 3.73398 ms - Host latency: 3.79512 ms (end to end 3.80547 ms, enqueue 2.76211 ms)
[05/14/2026-22:36:30] [I] Average on 10 runs - GPU latency: 3.73594 ms - Host latency: 3.79746 ms (end to end 3.80684 ms, enqueue 2.52207 ms)
[05/14/2026-22:36:30] [I] Average on 10 runs - GPU latency: 3.74355 ms - Host latency: 3.80488 ms (end to end 3.81738 ms, enqueue 2.66406 ms)
[05/14/2026-22:36:30] [I] Average on 10 runs - GPU latency: 3.73789 ms - Host latency: 3.79863 ms (end to end 3.8084 ms, enqueue 2.47852 ms)
[05/14/2026-22:36:30] [I] Average on 10 runs - GPU latency: 3.7291 ms - Host latency: 3.79043 ms (end to end 3.79961 ms, enqueue 2.79434 ms)
[05/14/2026-22:36:30] [I] Average on 10 runs - GPU latency: 3.75117 ms - Host latency: 3.81191 ms (end to end 3.82109 ms, enqueue 2.39023 ms)
[05/14/2026-22:36:30] [I] Average on 10 runs - GPU latency: 3.73711 ms - Host latency: 3.79844 ms (end to end 3.80762 ms, enqueue 2.73223 ms)
[05/14/2026-22:36:30] [I] Average on 10 runs - GPU latency: 3.73574 ms - Host latency: 3.79629 ms (end to end 3.80645 ms, enqueue 2.64297 ms)
[05/14/2026-22:36:30] [I] Average on 10 runs - GPU latency: 3.76035 ms - Host latency: 3.82148 ms (end to end 3.83086 ms, enqueue 2.22676 ms)
[05/14/2026-22:36:30] [I] Average on 10 runs - GPU latency: 3.76699 ms - Host latency: 3.82871 ms (end to end 3.83828 ms, enqueue 2.13457 ms)
[05/14/2026-22:36:30] [I] Average on 10 runs - GPU latency: 3.75684 ms - Host latency: 3.81738 ms (end to end 3.82676 ms, enqueue 2.22227 ms)
[05/14/2026-22:36:30] [I] Average on 10 runs - GPU latency: 3.73125 ms - Host latency: 3.79277 ms (end to end 3.80312 ms, enqueue 2.74551 ms)
[05/14/2026-22:36:30] [I] Average on 10 runs - GPU latency: 3.72637 ms - Host latency: 3.78828 ms (end to end 3.79785 ms, enqueue 2.71992 ms)
[05/14/2026-22:36:30] [I] Average on 10 runs - GPU latency: 3.73594 ms - Host latency: 3.79785 ms (end to end 3.80879 ms, enqueue 2.83145 ms)
[05/14/2026-22:36:30] [I] Average on 10 runs - GPU latency: 3.75879 ms - Host latency: 3.81992 ms (end to end 3.8293 ms, enqueue 2.175 ms)
[05/14/2026-22:36:30] [I] Average on 10 runs - GPU latency: 3.74336 ms - Host latency: 3.8043 ms (end to end 3.81406 ms, enqueue 2.48984 ms)
[05/14/2026-22:36:30] [I] Average on 10 runs - GPU latency: 3.76699 ms - Host latency: 3.82871 ms (end to end 3.83809 ms, enqueue 2.1543 ms)
[05/14/2026-22:36:30] [I] Average on 10 runs - GPU latency: 3.85352 ms - Host latency: 3.91504 ms (end to end 3.93398 ms, enqueue 2.40547 ms)
[05/14/2026-22:36:30] [I] Average on 10 runs - GPU latency: 3.73867 ms - Host latency: 3.8002 ms (end to end 3.81074 ms, enqueue 2.48652 ms)
[05/14/2026-22:36:30] [I] Average on 10 runs - GPU latency: 3.74668 ms - Host latency: 3.80781 ms (end to end 3.81719 ms, enqueue 2.46895 ms)
[05/14/2026-22:36:30] [I] Average on 10 runs - GPU latency: 3.70488 ms - Host latency: 3.76621 ms (end to end 3.77598 ms, enqueue 3.30098 ms)
[05/14/2026-22:36:30] [I] Average on 10 runs - GPU latency: 3.71816 ms - Host latency: 3.77891 ms (end to end 3.78906 ms, enqueue 3.22676 ms)
[05/14/2026-22:36:30] [I] Average on 10 runs - GPU latency: 3.76094 ms - Host latency: 3.82168 ms (end to end 3.83125 ms, enqueue 2.16934 ms)
[05/14/2026-22:36:30] [I] Average on 10 runs - GPU latency: 3.7543 ms - Host latency: 3.81602 ms (end to end 3.82637 ms, enqueue 2.2875 ms)
[05/14/2026-22:36:30] [I] Average on 10 runs - GPU latency: 3.7248 ms - Host latency: 3.78574 ms (end to end 3.7957 ms, enqueue 2.87949 ms)
[05/14/2026-22:36:30] [I] Average on 10 runs - GPU latency: 3.7123 ms - Host latency: 3.77363 ms (end to end 3.78574 ms, enqueue 3.32676 ms)
[05/14/2026-22:36:30] [I] Average on 10 runs - GPU latency: 3.70625 ms - Host latency: 3.76758 ms (end to end 3.77852 ms, enqueue 3.3502 ms)
[05/14/2026-22:36:30] [I] Average on 10 runs - GPU latency: 3.74531 ms - Host latency: 3.80664 ms (end to end 3.81641 ms, enqueue 2.7584 ms)
[05/14/2026-22:36:30] [I] Average on 10 runs - GPU latency: 3.7623 ms - Host latency: 3.82344 ms (end to end 3.83281 ms, enqueue 2.20996 ms)
[05/14/2026-22:36:30] [I] Average on 10 runs - GPU latency: 3.76602 ms - Host latency: 3.82637 ms (end to end 3.83613 ms, enqueue 2.1502 ms)
[05/14/2026-22:36:30] [I] Average on 10 runs - GPU latency: 3.74297 ms - Host latency: 3.80488 ms (end to end 3.81445 ms, enqueue 2.49824 ms)
[05/14/2026-22:36:30] [I] Average on 10 runs - GPU latency: 3.75137 ms - Host latency: 3.81289 ms (end to end 3.82207 ms, enqueue 2.32305 ms)
[05/14/2026-22:36:30] [I] Average on 10 runs - GPU latency: 3.74062 ms - Host latency: 3.80215 ms (end to end 3.81172 ms, enqueue 2.5875 ms)
[05/14/2026-22:36:30] [I] Average on 10 runs - GPU latency: 3.74648 ms - Host latency: 3.80645 ms (end to end 3.81602 ms, enqueue 2.56641 ms)
[05/14/2026-22:36:30] [I] Average on 10 runs - GPU latency: 3.7416 ms - Host latency: 3.80254 ms (end to end 3.81152 ms, enqueue 2.47656 ms)
[05/14/2026-22:36:30] [I] Average on 10 runs - GPU latency: 3.73555 ms - Host latency: 3.79727 ms (end to end 3.80723 ms, enqueue 2.71055 ms)
[05/14/2026-22:36:30] [I] Average on 10 runs - GPU latency: 3.73906 ms - Host latency: 3.80059 ms (end to end 3.81016 ms, enqueue 2.52207 ms)
[05/14/2026-22:36:30] [I] Average on 10 runs - GPU latency: 3.74043 ms - Host latency: 3.80117 ms (end to end 3.81035 ms, enqueue 2.6293 ms)
[05/14/2026-22:36:30] [I] Average on 10 runs - GPU latency: 3.75645 ms - Host latency: 3.8166 ms (end to end 3.82656 ms, enqueue 2.25664 ms)
[05/14/2026-22:36:30] [I] Average on 10 runs - GPU latency: 3.74883 ms - Host latency: 3.81016 ms (end to end 3.81973 ms, enqueue 2.4668 ms)
[05/14/2026-22:36:30] [I] Average on 10 runs - GPU latency: 3.75273 ms - Host latency: 3.81406 ms (end to end 3.82344 ms, enqueue 2.31016 ms)
[05/14/2026-22:36:30] [I] Average on 10 runs - GPU latency: 3.73535 ms - Host latency: 3.79609 ms (end to end 3.80547 ms, enqueue 2.58828 ms)
[05/14/2026-22:36:30] [I] Average on 10 runs - GPU latency: 3.73516 ms - Host latency: 3.7959 ms (end to end 3.80586 ms, enqueue 2.58574 ms)
[05/14/2026-22:36:30] [I] Average on 10 runs - GPU latency: 3.81504 ms - Host latency: 3.87832 ms (end to end 3.89961 ms, enqueue 3.29941 ms)
[05/14/2026-22:36:30] [I] Average on 10 runs - GPU latency: 3.7584 ms - Host latency: 3.81953 ms (end to end 3.8293 ms, enqueue 2.23262 ms)
[05/14/2026-22:36:30] [I] Average on 10 runs - GPU latency: 3.75645 ms - Host latency: 3.8166 ms (end to end 3.82676 ms, enqueue 2.33437 ms)
[05/14/2026-22:36:30] [I] Average on 10 runs - GPU latency: 3.74629 ms - Host latency: 3.80723 ms (end to end 3.8168 ms, enqueue 2.59961 ms)
[05/14/2026-22:36:30] [I] Average on 10 runs - GPU latency: 3.7543 ms - Host latency: 3.81543 ms (end to end 3.82578 ms, enqueue 2.29199 ms)
[05/14/2026-22:36:30] [I] Average on 10 runs - GPU latency: 3.75117 ms - Host latency: 3.81211 ms (end to end 3.82168 ms, enqueue 2.24043 ms)
[05/14/2026-22:36:30] [I] Average on 10 runs - GPU latency: 3.74746 ms - Host latency: 3.8082 ms (end to end 3.81797 ms, enqueue 2.48145 ms)
[05/14/2026-22:36:30] [I] Average on 10 runs - GPU latency: 3.73477 ms - Host latency: 3.7957 ms (end to end 3.80488 ms, enqueue 2.55176 ms)
[05/14/2026-22:36:30] [I] Average on 10 runs - GPU latency: 3.73867 ms - Host latency: 3.80039 ms (end to end 3.80957 ms, enqueue 2.45605 ms)
[05/14/2026-22:36:30] [I] Average on 10 runs - GPU latency: 3.74512 ms - Host latency: 3.80586 ms (end to end 3.81523 ms, enqueue 2.40195 ms)
[05/14/2026-22:36:30] [I] Average on 10 runs - GPU latency: 3.76602 ms - Host latency: 3.82715 ms (end to end 3.83652 ms, enqueue 2.12129 ms)
[05/14/2026-22:36:30] [I] Average on 10 runs - GPU latency: 3.76016 ms - Host latency: 3.82051 ms (end to end 3.82949 ms, enqueue 2.19629 ms)
[05/14/2026-22:36:30] [I] Average on 10 runs - GPU latency: 3.75098 ms - Host latency: 3.81152 ms (end to end 3.82129 ms, enqueue 2.33828 ms)
[05/14/2026-22:36:30] [I] Average on 10 runs - GPU latency: 3.76191 ms - Host latency: 3.82324 ms (end to end 3.8332 ms, enqueue 2.15078 ms)
[05/14/2026-22:36:30] [I] Average on 10 runs - GPU latency: 3.74434 ms - Host latency: 3.80586 ms (end to end 3.81582 ms, enqueue 2.6668 ms)
[05/14/2026-22:36:30] [I] Average on 10 runs - GPU latency: 3.74629 ms - Host latency: 3.8082 ms (end to end 3.81758 ms, enqueue 2.40527 ms)
[05/14/2026-22:36:30] [I] Average on 10 runs - GPU latency: 3.7377 ms - Host latency: 3.79844 ms (end to end 3.8082 ms, enqueue 2.62363 ms)
[05/14/2026-22:36:30] [I] Average on 10 runs - GPU latency: 3.75938 ms - Host latency: 3.82051 ms (end to end 3.82988 ms, enqueue 2.3332 ms)
[05/14/2026-22:36:30] [I] Average on 10 runs - GPU latency: 3.75586 ms - Host latency: 3.81738 ms (end to end 3.82695 ms, enqueue 2.30996 ms)
[05/14/2026-22:36:30] [I] Average on 10 runs - GPU latency: 3.73926 ms - Host latency: 3.7998 ms (end to end 3.81016 ms, enqueue 2.42383 ms)
[05/14/2026-22:36:30] [I] Average on 10 runs - GPU latency: 3.7459 ms - Host latency: 3.80664 ms (end to end 3.8166 ms, enqueue 2.36934 ms)
[05/14/2026-22:36:30] [I] Average on 10 runs - GPU latency: 3.76172 ms - Host latency: 3.82285 ms (end to end 3.83203 ms, enqueue 2.2168 ms)
[05/14/2026-22:36:30] [I] Average on 10 runs - GPU latency: 3.74961 ms - Host latency: 3.81113 ms (end to end 3.8207 ms, enqueue 2.29883 ms)
[05/14/2026-22:36:30] [I] Average on 10 runs - GPU latency: 3.76035 ms - Host latency: 3.82227 ms (end to end 3.83164 ms, enqueue 2.1207 ms)
[05/14/2026-22:36:30] [I] Average on 10 runs - GPU latency: 3.74336 ms - Host latency: 3.80449 ms (end to end 3.81367 ms, enqueue 2.60391 ms)
[05/14/2026-22:36:30] [I] Average on 10 runs - GPU latency: 3.73555 ms - Host latency: 3.79609 ms (end to end 3.80605 ms, enqueue 2.71152 ms)
[05/14/2026-22:36:30] [I] Average on 10 runs - GPU latency: 3.82168 ms - Host latency: 3.88438 ms (end to end 3.91152 ms, enqueue 2.8373 ms)
[05/14/2026-22:36:30] [I] Average on 10 runs - GPU latency: 3.7623 ms - Host latency: 3.82344 ms (end to end 3.8334 ms, enqueue 2.19512 ms)
[05/14/2026-22:36:30] [I] 
[05/14/2026-22:36:30] [I] === Performance summary ===
[05/14/2026-22:36:30] [I] Throughput: 261.452 qps
[05/14/2026-22:36:30] [I] Latency: min = 3.74512 ms, max = 4.59326 ms, mean = 3.81389 ms, median = 3.81641 ms, percentile(99%) = 3.90149 ms
[05/14/2026-22:36:30] [I] End-to-End Host Latency: min = 3.74902 ms, max = 4.63916 ms, mean = 3.82411 ms, median = 3.82617 ms, percentile(99%) = 3.91602 ms
[05/14/2026-22:36:30] [I] Enqueue Time: min = 1.88477 ms, max = 4.75195 ms, mean = 2.40116 ms, median = 2.27393 ms, percentile(99%) = 3.70605 ms
[05/14/2026-22:36:30] [I] H2D Latency: min = 0.0566406 ms, max = 0.126465 ms, mean = 0.0585086 ms, median = 0.0585938 ms, percentile(99%) = 0.0625 ms
[05/14/2026-22:36:30] [I] GPU Compute Time: min = 3.68457 ms, max = 4.46484 ms, mean = 3.75263 ms, median = 3.75488 ms, percentile(99%) = 3.83691 ms
[05/14/2026-22:36:30] [I] D2H Latency: min = 0.00146484 ms, max = 0.00390625 ms, mean = 0.00276441 ms, median = 0.00292969 ms, percentile(99%) = 0.00390625 ms
[05/14/2026-22:36:30] [I] Total Host Walltime: 20.0075 s
[05/14/2026-22:36:30] [I] Total GPU Compute Time: 19.63 s
[05/14/2026-22:36:30] [I] Explanations of the performance metrics are printed in the verbose logs.
[05/14/2026-22:36:30] [I] 
&&&& PASSED TensorRT.trtexec [TensorRT v8001] # /usr/src/tensorrt/bin/trtexec --loadEngine=engines/tomato_yolov8n_cls_domainmix_pd5_fp16.engine --warmUp=1000 --duration=20 --iterations=1000
[05/14/2026-22:36:30] [I] [TRT] [MemUsageChange] Init cuBLAS/cuBLASLt: CPU +0, GPU +0, now: CPU 623, GPU 3590 (MiB)
