RAM 2441/3964MB (lfb 16x2MB) SWAP 1982/1982MB (cached 6MB) CPU [7%@307,3%@204,3%@204,50%@307] EMC_FREQ 0% GR3D_FREQ 0% PLL@65.5C CPU@68.5C PMIC@50C GPU@69C AO@76C thermal@70C POM_5V_IN 2894/2894 POM_5V_GPU 326/326 POM_5V_CPU 489/489
RAM 2441/3964MB (lfb 16x2MB) SWAP 1982/1982MB (cached 6MB) CPU [12%@204,4%@204,14%@204,4%@204] EMC_FREQ 0% GR3D_FREQ 0% PLL@64C CPU@67.5C PMIC@50C GPU@67.5C AO@74.5C thermal@70C POM_5V_IN 2772/2833 POM_5V_GPU 285/305 POM_5V_CPU 326/407
RAM 2441/3964MB (lfb 16x2MB) SWAP 1982/1982MB (cached 6MB) CPU [22%@204,7%@204,8%@204,7%@204] EMC_FREQ 0% GR3D_FREQ 0% PLL@63C CPU@66.5C PMIC@50C GPU@66.5C AO@73.5C thermal@70C POM_5V_IN 2731/2799 POM_5V_GPU 285/298 POM_5V_CPU 366/393
RAM 2441/3964MB (lfb 16x2MB) SWAP 1982/1982MB (cached 6MB) CPU [14%@307,7%@307,0%@307,3%@307] EMC_FREQ 0% GR3D_FREQ 0% PLL@62.5C CPU@65.5C PMIC@50C GPU@65.5C AO@73C thermal@70C POM_5V_IN 2690/2771 POM_5V_GPU 285/295 POM_5V_CPU 366/386
RAM 2441/3964MB (lfb 16x2MB) SWAP 1982/1982MB (cached 6MB) CPU [16%@204,4%@204,18%@204,7%@204] EMC_FREQ 0% GR3D_FREQ 0% PLL@61.5C CPU@64.5C PMIC@50C GPU@65C AO@72.5C thermal@64.75C POM_5V_IN 2731/2763 POM_5V_GPU 285/293 POM_5V_CPU 366/382
RAM 2441/3964MB (lfb 16x2MB) SWAP 1982/1982MB (cached 6MB) CPU [14%@204,8%@204,11%@204,0%@204] EMC_FREQ 0% GR3D_FREQ 0% PLL@61C CPU@64C PMIC@50C GPU@64C AO@71.5C thermal@64.75C POM_5V_IN 2649/2744 POM_5V_GPU 285/291 POM_5V_CPU 326/373
RAM 2441/3964MB (lfb 16x2MB) SWAP 1982/1982MB (cached 6MB) CPU [23%@204,8%@204,14%@204,11%@204] EMC_FREQ 0% GR3D_FREQ 0% PLL@60C CPU@63.5C PMIC@50C GPU@63.5C AO@71C thermal@64.75C POM_5V_IN 2690/2736 POM_5V_GPU 285/290 POM_5V_CPU 326/366
RAM 2471/3964MB (lfb 11x2MB) SWAP 1982/1982MB (cached 6MB) CPU [12%@1479,33%@1479,4%@1479,7%@1479] EMC_FREQ 0% GR3D_FREQ 0% PLL@60.5C CPU@65C PMIC@50C GPU@63.5C AO@71C thermal@64.75C POM_5V_IN 3500/2832 POM_5V_GPU 284/290 POM_5V_CPU 1058/452
RAM 2515/3964MB (lfb 10x2MB) SWAP 1982/1982MB (cached 6MB) CPU [65%@1479,17%@1479,4%@1479,30%@1479] EMC_FREQ 0% GR3D_FREQ 2% PLL@61.5C CPU@67.5C PMIC@50C GPU@64C AO@72C thermal@66C POM_5V_IN 4192/2983 POM_5V_GPU 447/307 POM_5V_CPU 1544/574
RAM 2553/3964MB (lfb 10x2MB) SWAP 1982/1982MB (cached 6MB) CPU [100%@1479,4%@1479,8%@1479,8%@1479] EMC_FREQ 0% GR3D_FREQ 0% PLL@62C CPU@68.5C PMIC@50C GPU@64.5C AO@72.5C thermal@66C POM_5V_IN 4314/3116 POM_5V_GPU 529/329 POM_5V_CPU 1584/675
RAM 2602/3964MB (lfb 9x2MB) SWAP 1982/1982MB (cached 6MB) CPU [37%@1479,14%@1479,68%@1479,18%@1479] EMC_FREQ 0% GR3D_FREQ 1% PLL@62C CPU@66C PMIC@50C GPU@65C AO@72C thermal@66C POM_5V_IN 4396/3232 POM_5V_GPU 488/344 POM_5V_CPU 1706/768
RAM 2657/3964MB (lfb 5x2MB) SWAP 1982/1982MB (cached 6MB) CPU [19%@1479,8%@1479,11%@1479,100%@1479] EMC_FREQ 0% GR3D_FREQ 7% PLL@62.5C CPU@65.5C PMIC@50C GPU@64.5C AO@72C thermal@66C POM_5V_IN 4477/3336 POM_5V_GPU 529/359 POM_5V_CPU 1828/857
RAM 2677/3964MB (lfb 5x2MB) SWAP 1982/1982MB (cached 6MB) CPU [17%@1479,7%@1479,14%@1479,100%@1479] EMC_FREQ 0% GR3D_FREQ 3% PLL@62.5C CPU@65.5C PMIC@50C GPU@64.5C AO@71.5C thermal@66C POM_5V_IN 4518/3427 POM_5V_GPU 691/384 POM_5V_CPU 1706/922
RAM 2719/3964MB (lfb 5x2MB) SWAP 1982/1982MB (cached 6MB) CPU [13%@1479,8%@1479,4%@1479,96%@1479] EMC_FREQ 0% GR3D_FREQ 3% PLL@62.5C CPU@66C PMIC@50C GPU@64.5C AO@72C thermal@65.25C POM_5V_IN 4558/3508 POM_5V_GPU 651/403 POM_5V_CPU 1706/978
RAM 2767/3964MB (lfb 4x2MB) SWAP 1982/1982MB (cached 6MB) CPU [25%@1479,8%@1479,15%@1479,96%@1479] EMC_FREQ 0% GR3D_FREQ 2% PLL@62.5C CPU@66C PMIC@50C GPU@64.5C AO@72C thermal@65.25C POM_5V_IN 4558/3578 POM_5V_GPU 569/414 POM_5V_CPU 1788/1032
RAM 2821/3964MB (lfb 4x2MB) SWAP 1982/1982MB (cached 6MB) CPU [16%@1479,4%@1479,17%@1479,100%@1479] EMC_FREQ 0% GR3D_FREQ 2% PLL@62.5C CPU@65C PMIC@50C GPU@64.5C AO@71.5C thermal@65.25C POM_5V_IN 4436/3631 POM_5V_GPU 488/419 POM_5V_CPU 1706/1074
RAM 2870/3964MB (lfb 4x2MB) SWAP 1982/1982MB (cached 6MB) CPU [18%@1479,4%@1479,0%@1479,100%@1479] EMC_FREQ 0% GR3D_FREQ 2% PLL@62.5C CPU@65C PMIC@50C GPU@64C AO@71.5C thermal@65.25C POM_5V_IN 4111/3659 POM_5V_GPU 284/411 POM_5V_CPU 1625/1106
RAM 2910/3964MB (lfb 4x2MB) SWAP 1982/1982MB (cached 6MB) CPU [26%@1479,15%@1479,16%@1479,100%@1479] EMC_FREQ 0% GR3D_FREQ 21% PLL@62C CPU@66C PMIC@50C GPU@63.5C AO@71C thermal@64C POM_5V_IN 4355/3698 POM_5V_GPU 284/404 POM_5V_CPU 1910/1151
RAM 2950/3964MB (lfb 4x2MB) SWAP 1982/1982MB (cached 6MB) CPU [8%@1479,8%@1479,11%@1479,96%@1479] EMC_FREQ 0% GR3D_FREQ 8% PLL@62C CPU@65C PMIC@50C GPU@63C AO@71C thermal@64C POM_5V_IN 4070/3718 POM_5V_GPU 244/396 POM_5V_CPU 1666/1178
RAM 2994/3964MB (lfb 4x2MB) SWAP 1982/1982MB (cached 6MB) CPU [19%@1479,8%@1479,17%@1479,100%@1479] EMC_FREQ 0% GR3D_FREQ 25% PLL@61.5C CPU@64.5C PMIC@50C GPU@63C AO@71C thermal@64C POM_5V_IN 4111/3737 POM_5V_GPU 244/388 POM_5V_CPU 1706/1204
RAM 3033/3964MB (lfb 4x2MB) SWAP 1982/1982MB (cached 6MB) CPU [12%@1479,17%@1479,11%@1479,100%@1479] EMC_FREQ 0% GR3D_FREQ 0% PLL@61.5C CPU@64C PMIC@50C GPU@62.5C AO@70.5C thermal@64C POM_5V_IN 3663/3734 POM_5V_GPU 203/379 POM_5V_CPU 1424/1215
RAM 3080/3964MB (lfb 4x2MB) SWAP 1982/1982MB (cached 6MB) CPU [13%@1479,18%@1479,16%@1479,96%@1479] EMC_FREQ 0% GR3D_FREQ 22% PLL@61.5C CPU@64C PMIC@50C GPU@62.5C AO@70.5C thermal@64C POM_5V_IN 4111/3751 POM_5V_GPU 244/373 POM_5V_CPU 1706/1237
RAM 3076/3964MB (lfb 6x2MB) SWAP 1982/1982MB (cached 6MB) CPU [36%@825,16%@825,12%@825,24%@825] EMC_FREQ 0% GR3D_FREQ 98% PLL@60.5C CPU@64.5C PMIC@50C GPU@63C AO@70.5C thermal@63.25C POM_5V_IN 4762/3795 POM_5V_GPU 1341/415 POM_5V_CPU 1056/1229
RAM 3076/3964MB (lfb 6x2MB) SWAP 1982/1982MB (cached 6MB) CPU [32%@1479,34%@1479,51%@1479,4%@1479] EMC_FREQ 0% GR3D_FREQ 98% PLL@62C CPU@67C PMIC@50C GPU@66.5C AO@71.5C thermal@63.25C POM_5V_IN 8061/3972 POM_5V_GPU 3686/551 POM_5V_CPU 1660/1247
RAM 3076/3964MB (lfb 6x2MB) SWAP 1982/1982MB (cached 6MB) CPU [33%@518,4%@1479,66%@1479,12%@1479] EMC_FREQ 0% GR3D_FREQ 98% PLL@63.5C CPU@69C PMIC@50C GPU@68.5C AO@73C thermal@63.25C POM_5V_IN 8142/4139 POM_5V_GPU 3808/682 POM_5V_CPU 1701/1265
RAM 3076/3964MB (lfb 6x2MB) SWAP 1982/1982MB (cached 6MB) CPU [92%@1479,16%@1479,12%@1479,18%@1479] EMC_FREQ 0% GR3D_FREQ 99% PLL@64.5C CPU@69.5C PMIC@50C GPU@70C AO@74C thermal@63.25C POM_5V_IN 8183/4295 POM_5V_GPU 3808/802 POM_5V_CPU 1660/1280
RAM 3076/3964MB (lfb 6x2MB) SWAP 1982/1982MB (cached 6MB) CPU [22%@921,34%@921,29%@921,36%@921] EMC_FREQ 0% GR3D_FREQ 98% PLL@65C CPU@70.5C PMIC@50C GPU@70.5C AO@74.5C thermal@69.75C POM_5V_IN 8264/4442 POM_5V_GPU 3848/915 POM_5V_CPU 1742/1298
RAM 3076/3964MB (lfb 6x2MB) SWAP 1982/1982MB (cached 6MB) CPU [33%@1479,39%@1479,25%@1479,59%@1479] EMC_FREQ 0% GR3D_FREQ 99% PLL@65.5C CPU@71.5C PMIC@50C GPU@71C AO@74.5C thermal@69.75C POM_5V_IN 8142/4574 POM_5V_GPU 3889/1021 POM_5V_CPU 1620/1309
RAM 3076/3964MB (lfb 6x2MB) SWAP 1982/1982MB (cached 6MB) CPU [28%@1428,26%@1428,46%@1428,30%@1428] EMC_FREQ 0% GR3D_FREQ 98% PLL@66C CPU@72C PMIC@50C GPU@72C AO@75.5C thermal@69.75C POM_5V_IN 8345/4704 POM_5V_GPU 3889/1120 POM_5V_CPU 1742/1324
RAM 3076/3964MB (lfb 6x2MB) SWAP 1982/1982MB (cached 6MB) CPU [25%@1479,31%@1479,51%@1479,16%@1479] EMC_FREQ 0% GR3D_FREQ 98% PLL@67C CPU@72.5C PMIC@50C GPU@72.5C AO@76C thermal@69.75C POM_5V_IN 8385/4827 POM_5V_GPU 3889/1212 POM_5V_CPU 1820/1340
RAM 3076/3964MB (lfb 6x2MB) SWAP 1982/1982MB (cached 6MB) CPU [25%@1479,29%@1479,28%@1479,55%@1479] EMC_FREQ 0% GR3D_FREQ 98% PLL@67.5C CPU@73C PMIC@50C GPU@72.5C AO@76.5C thermal@72.75C POM_5V_IN 8304/4939 POM_5V_GPU 3929/1300 POM_5V_CPU 1660/1351
RAM 3076/3964MB (lfb 6x2MB) SWAP 1982/1982MB (cached 6MB) CPU [30%@1224,36%@1224,48%@1224,34%@1224] EMC_FREQ 0% GR3D_FREQ 98% PLL@67.5C CPU@73.5C PMIC@50C GPU@73C AO@77C thermal@72.75C POM_5V_IN 8385/5046 POM_5V_GPU 3929/1382 POM_5V_CPU 1742/1363
RAM 3076/3964MB (lfb 6x2MB) SWAP 1982/1982MB (cached 6MB) CPU [32%@710,66%@710,16%@1479,24%@1479] EMC_FREQ 0% GR3D_FREQ 98% PLL@68C CPU@73.5C PMIC@50C GPU@73.5C AO@77.5C thermal@72.75C POM_5V_IN 8304/5145 POM_5V_GPU 3929/1459 POM_5V_CPU 1701/1373
RAM 3076/3964MB (lfb 6x2MB) SWAP 1982/1982MB (cached 6MB) CPU [38%@1479,26%@1479,16%@1479,61%@1479] EMC_FREQ 0% GR3D_FREQ 98% PLL@68.5C CPU@74.5C PMIC@50C GPU@74C AO@77.5C thermal@72.75C POM_5V_IN 8426/5242 POM_5V_GPU 3929/1532 POM_5V_CPU 1782/1385
RAM 3076/3964MB (lfb 6x2MB) SWAP 1982/1982MB (cached 6MB) CPU [14%@1479,59%@1479,20%@1479,13%@1479] EMC_FREQ 0% GR3D_FREQ 98% PLL@68.5C CPU@74.5C PMIC@50C GPU@74C AO@78C thermal@72.75C POM_5V_IN 8507/5335 POM_5V_GPU 3929/1600 POM_5V_CPU 1820/1398
RAM 3076/3964MB (lfb 6x2MB) SWAP 1982/1982MB (cached 6MB) CPU [28%@1479,50%@1479,36%@1479,25%@1479] EMC_FREQ 0% GR3D_FREQ 98% PLL@69C CPU@75C PMIC@50C GPU@74.5C AO@78C thermal@74.25C POM_5V_IN 8507/5423 POM_5V_GPU 3963/1666 POM_5V_CPU 1860/1410
RAM 3076/3964MB (lfb 6x2MB) SWAP 1982/1982MB (cached 6MB) CPU [21%@1479,34%@1479,23%@1479,41%@1479] EMC_FREQ 0% GR3D_FREQ 98% PLL@69.5C CPU@75C PMIC@50C GPU@75C AO@78.5C thermal@74.25C POM_5V_IN 8426/5504 POM_5V_GPU 3970/1728 POM_5V_CPU 1739/1419
RAM 3077/3964MB (lfb 6x2MB) SWAP 1982/1982MB (cached 6MB) CPU [29%@1224,28%@1224,26%@1224,57%@1224] EMC_FREQ 0% GR3D_FREQ 99% PLL@69.5C CPU@76C PMIC@50C GPU@75C AO@79C thermal@74.25C POM_5V_IN 8669/5587 POM_5V_GPU 3963/1787 POM_5V_CPU 1860/1431
RAM 3077/3964MB (lfb 6x2MB) SWAP 1982/1982MB (cached 6MB) CPU [29%@1479,30%@1479,34%@1479,48%@1479] EMC_FREQ 0% GR3D_FREQ 98% PLL@70C CPU@75.5C PMIC@50C GPU@75.5C AO@79C thermal@74.25C POM_5V_IN 8588/5664 POM_5V_GPU 3963/1843 POM_5V_CPU 1820/1441
RAM 3077/3964MB (lfb 6x2MB) SWAP 1982/1982MB (cached 6MB) CPU [30%@1479,39%@1479,37%@1479,28%@1479] EMC_FREQ 0% GR3D_FREQ 98% PLL@70C CPU@76C PMIC@50C GPU@75.5C AO@79.5C thermal@75.75C POM_5V_IN 8588/5737 POM_5V_GPU 3963/1896 POM_5V_CPU 1901/1452
RAM 3077/3964MB (lfb 6x2MB) SWAP 1982/1982MB (cached 6MB) CPU [28%@1479,40%@1479,33%@1479,24%@1479] EMC_FREQ 0% GR3D_FREQ 98% PLL@70.5C CPU@76.5C PMIC@50C GPU@76C AO@79.5C thermal@75.75C POM_5V_IN 8548/5806 POM_5V_GPU 4004/1947 POM_5V_CPU 1860/1462
RAM 3077/3964MB (lfb 6x2MB) SWAP 1982/1982MB (cached 6MB) CPU [29%@1224,45%@1224,32%@1224,30%@1224] EMC_FREQ 0% GR3D_FREQ 98% PLL@70.5C CPU@77C PMIC@50C GPU@76.5C AO@80C thermal@75.75C POM_5V_IN 8710/5875 POM_5V_GPU 4004/1996 POM_5V_CPU 1941/1474
RAM 3077/3964MB (lfb 6x2MB) SWAP 1982/1982MB (cached 6MB) CPU [36%@1479,25%@1479,32%@1479,36%@1479] EMC_FREQ 0% GR3D_FREQ 98% PLL@71C CPU@77.5C PMIC@50C GPU@76.5C AO@80.5C thermal@75.75C POM_5V_IN 8669/5940 POM_5V_GPU 4004/2043 POM_5V_CPU 1901/1484
RAM 3077/3964MB (lfb 6x2MB) SWAP 1982/1982MB (cached 6MB) CPU [25%@1479,60%@1479,20%@1479,25%@1479] EMC_FREQ 0% GR3D_FREQ 98% PLL@71C CPU@77C PMIC@50C GPU@76.5C AO@80.5C thermal@76.75C POM_5V_IN 8669/6002 POM_5V_GPU 4004/2087 POM_5V_CPU 1901/1493
RAM 3076/3964MB (lfb 6x2MB) SWAP 1982/1982MB (cached 6MB) CPU [25%@1479,50%@1479,24%@1479,25%@1479] EMC_FREQ 0% GR3D_FREQ 98% PLL@71.5C CPU@77.5C PMIC@50C GPU@77C AO@80.5C thermal@76.75C POM_5V_IN 8710/6062 POM_5V_GPU 4004/2130 POM_5V_CPU 1941/1503
RAM 3076/3964MB (lfb 6x2MB) SWAP 1982/1982MB (cached 6MB) CPU [32%@1479,32%@1479,62%@1479,29%@1479] EMC_FREQ 0% GR3D_FREQ 99% PLL@71.5C CPU@77.5C PMIC@50C GPU@77C AO@80.5C thermal@76.75C POM_5V_IN 8710/6120 POM_5V_GPU 4044/2171 POM_5V_CPU 1860/1511
RAM 3076/3964MB (lfb 6x2MB) SWAP 1982/1982MB (cached 6MB) CPU [33%@825,35%@825,33%@825,30%@825] EMC_FREQ 0% GR3D_FREQ 98% PLL@72C CPU@78C PMIC@50C GPU@77.5C AO@81C thermal@76.75C POM_5V_IN 8750/6176 POM_5V_GPU 4044/2211 POM_5V_CPU 1901/1519
RAM 3077/3964MB (lfb 6x2MB) SWAP 1982/1982MB (cached 6MB) CPU [28%@1479,38%@1479,19%@1479,42%@1479] EMC_FREQ 0% GR3D_FREQ 98% PLL@72C CPU@78C PMIC@50C GPU@77.5C AO@81C thermal@76.75C POM_5V_IN 8750/6229 POM_5V_GPU 4044/2249 POM_5V_CPU 1941/1528
RAM 3077/3964MB (lfb 6x2MB) SWAP 1982/1982MB (cached 6MB) CPU [26%@1479,25%@1479,46%@1479,34%@1479] EMC_FREQ 0% GR3D_FREQ 98% PLL@72C CPU@78C PMIC@50C GPU@78C AO@81.5C thermal@78C POM_5V_IN 8750/6281 POM_5V_GPU 4044/2286 POM_5V_CPU 1941/1536
RAM 3077/3964MB (lfb 6x2MB) SWAP 1982/1982MB (cached 6MB) CPU [30%@1479,42%@1479,32%@1479,36%@1479] EMC_FREQ 0% GR3D_FREQ 98% PLL@72.5C CPU@79C PMIC@50C GPU@78C AO@81.5C thermal@78C POM_5V_IN 8831/6332 POM_5V_GPU 4044/2321 POM_5V_CPU 1981/1545
RAM 3077/3964MB (lfb 6x2MB) SWAP 1982/1982MB (cached 6MB) CPU [21%@825,33%@1479,44%@1479,22%@1479] EMC_FREQ 0% GR3D_FREQ 98% PLL@72C CPU@79C PMIC@50C GPU@78C AO@81.5C thermal@78C POM_5V_IN 8791/6380 POM_5V_GPU 4044/2355 POM_5V_CPU 1941/1553
RAM 3077/3964MB (lfb 6x2MB) SWAP 1982/1982MB (cached 6MB) CPU [29%@1036,25%@1036,32%@1036,59%@1036] EMC_FREQ 0% GR3D_FREQ 98% PLL@72.5C CPU@79C PMIC@50C GPU@78C AO@82C thermal@78C POM_5V_IN 8791/6426 POM_5V_GPU 4044/2387 POM_5V_CPU 1981/1561
RAM 3077/3964MB (lfb 6x2MB) SWAP 1982/1982MB (cached 6MB) CPU [28%@1479,38%@1479,26%@1479,31%@1479] EMC_FREQ 0% GR3D_FREQ 98% PLL@73C CPU@79C PMIC@50C GPU@78.5C AO@82C thermal@78.25C POM_5V_IN 8750/6470 POM_5V_GPU 4044/2419 POM_5V_CPU 1901/1568
RAM 3077/3964MB (lfb 6x2MB) SWAP 1982/1982MB (cached 6MB) CPU [34%@710,20%@710,17%@710,68%@710] EMC_FREQ 0% GR3D_FREQ 98% PLL@73C CPU@79C PMIC@50C GPU@78.5C AO@82C thermal@78.25C POM_5V_IN 8669/6511 POM_5V_GPU 4085/2449 POM_5V_CPU 1779/1571
RAM 3077/3964MB (lfb 6x2MB) SWAP 1982/1982MB (cached 6MB) CPU [26%@1479,16%@1479,56%@1479,48%@1479] EMC_FREQ 0% GR3D_FREQ 98% PLL@73C CPU@79C PMIC@50C GPU@78.5C AO@82C thermal@78.25C POM_5V_IN 8750/6552 POM_5V_GPU 4085/2479 POM_5V_CPU 1820/1576
RAM 3077/3964MB (lfb 6x2MB) SWAP 1982/1982MB (cached 6MB) CPU [35%@1479,16%@1479,60%@1479,32%@1479] EMC_FREQ 0% GR3D_FREQ 98% PLL@73C CPU@79.5C PMIC@50C GPU@79C AO@82.5C thermal@78.25C POM_5V_IN 8710/6590 POM_5V_GPU 4085/2508 POM_5V_CPU 1860/1581
RAM 3077/3964MB (lfb 6x2MB) SWAP 1982/1982MB (cached 6MB) CPU [21%@710,34%@710,34%@710,44%@825] EMC_FREQ 0% GR3D_FREQ 98% PLL@73.5C CPU@79.5C PMIC@50C GPU@79C AO@83C thermal@79.25C POM_5V_IN 8750/6628 POM_5V_GPU 4085/2536 POM_5V_CPU 1941/1587
RAM 3077/3964MB (lfb 6x2MB) SWAP 1982/1982MB (cached 6MB) CPU [29%@1479,34%@1479,47%@1479,16%@1479] EMC_FREQ 0% GR3D_FREQ 98% PLL@73.5C CPU@79.5C PMIC@50C GPU@79C AO@83C thermal@79.25C POM_5V_IN 8710/6664 POM_5V_GPU 4085/2562 POM_5V_CPU 1860/1592
RAM 3077/3964MB (lfb 6x2MB) SWAP 1982/1982MB (cached 6MB) CPU [24%@1132,23%@1132,62%@1428,34%@1428] EMC_FREQ 0% GR3D_FREQ 98% PLL@73.5C CPU@80C PMIC@50C GPU@79C AO@83C thermal@79.25C POM_5V_IN 8710/6699 POM_5V_GPU 4085/2588 POM_5V_CPU 1820/1596
RAM 3076/3964MB (lfb 6x2MB) SWAP 1982/1982MB (cached 6MB) CPU [29%@1479,20%@1479,41%@1479,53%@1479] EMC_FREQ 0% GR3D_FREQ 98% PLL@73.5C CPU@80C PMIC@50C GPU@79.5C AO@83C thermal@79.25C POM_5V_IN 8750/6733 POM_5V_GPU 4085/2613 POM_5V_CPU 1820/1600
RAM 3076/3964MB (lfb 6x2MB) SWAP 1982/1982MB (cached 6MB) CPU [26%@1479,26%@1479,32%@1479,57%@1479] EMC_FREQ 0% GR3D_FREQ 98% PLL@74C CPU@80C PMIC@50C GPU@79.5C AO@83C thermal@79.25C POM_5V_IN 8872/6768 POM_5V_GPU 4085/2637 POM_5V_CPU 1981/1606
RAM 3076/3964MB (lfb 6x2MB) SWAP 1982/1982MB (cached 6MB) CPU [30%@1326,16%@1326,50%@1326,42%@1326] EMC_FREQ 0% GR3D_FREQ 98% PLL@74C CPU@80C PMIC@50C GPU@79.5C AO@83C thermal@80C POM_5V_IN 8791/6800 POM_5V_GPU 4125/2661 POM_5V_CPU 1901/1611
RAM 3076/3964MB (lfb 6x2MB) SWAP 1982/1982MB (cached 6MB) CPU [32%@1479,16%@1479,73%@1479,16%@1479] EMC_FREQ 0% GR3D_FREQ 98% PLL@74C CPU@80.5C PMIC@50C GPU@80C AO@83C thermal@80C POM_5V_IN 8669/6830 POM_5V_GPU 4125/2684 POM_5V_CPU 1820/1614
RAM 3076/3964MB (lfb 6x2MB) SWAP 1982/1982MB (cached 6MB) CPU [23%@1479,20%@1479,52%@1479,34%@1479] EMC_FREQ 0% GR3D_FREQ 98% PLL@74C CPU@80.5C PMIC@50C GPU@80C AO@83.5C thermal@80C POM_5V_IN 8750/6860 POM_5V_GPU 4125/2707 POM_5V_CPU 1860/1618
RAM 3076/3964MB (lfb 6x2MB) SWAP 1982/1982MB (cached 6MB) CPU [34%@1036,38%@1036,21%@1036,44%@1036] EMC_FREQ 0% GR3D_FREQ 98% PLL@74.5C CPU@80.5C PMIC@50C GPU@80C AO@83.5C thermal@80C POM_5V_IN 8872/6891 POM_5V_GPU 4125/2729 POM_5V_CPU 1941/1623
RAM 3076/3964MB (lfb 6x2MB) SWAP 1982/1982MB (cached 6MB) CPU [33%@1479,30%@1479,60%@1479,25%@1479] EMC_FREQ 0% GR3D_FREQ 99% PLL@74C CPU@81C PMIC@50C GPU@80.5C AO@84C thermal@80.75C POM_5V_IN 8791/6920 POM_5V_GPU 4125/2750 POM_5V_CPU 1860/1626
RAM 3076/3964MB (lfb 6x2MB) SWAP 1982/1982MB (cached 6MB) CPU [29%@1479,20%@1479,39%@1479,48%@1479] EMC_FREQ 0% GR3D_FREQ 99% PLL@74.5C CPU@80.5C PMIC@50C GPU@80.5C AO@84C thermal@80.75C POM_5V_IN 8791/6948 POM_5V_GPU 4125/2770 POM_5V_CPU 1860/1630
RAM 3076/3964MB (lfb 6x2MB) SWAP 1982/1982MB (cached 6MB) CPU [32%@1428,34%@1428,36%@1428,44%@1428] EMC_FREQ 0% GR3D_FREQ 99% PLL@74.5C CPU@81C PMIC@50C GPU@80.5C AO@84C thermal@80.75C POM_5V_IN 8750/6974 POM_5V_GPU 4125/2790 POM_5V_CPU 1820/1633
RAM 3077/3964MB (lfb 6x2MB) SWAP 1982/1982MB (cached 6MB) CPU [26%@1224,19%@1224,23%@1224,77%@1224] EMC_FREQ 0% GR3D_FREQ 98% PLL@74.5C CPU@81C PMIC@50C GPU@80.5C AO@84.5C thermal@80.75C POM_5V_IN 8831/7001 POM_5V_GPU 4125/2810 POM_5V_CPU 1860/1636
RAM 3077/3964MB (lfb 6x2MB) SWAP 1982/1982MB (cached 6MB) CPU [26%@1326,26%@1326,20%@1326,61%@1326] EMC_FREQ 0% GR3D_FREQ 98% PLL@74.5C CPU@81.5C PMIC@50C GPU@80.5C AO@84.5C thermal@80.75C POM_5V_IN 8872/7028 POM_5V_GPU 4125/2828 POM_5V_CPU 1941/1640
RAM 3077/3964MB (lfb 6x2MB) SWAP 1982/1982MB (cached 6MB) CPU [21%@1479,28%@1479,53%@1479,25%@1479] EMC_FREQ 0% GR3D_FREQ 98% PLL@75C CPU@81C PMIC@50C GPU@81C AO@85C thermal@81C POM_5V_IN 8912/7054 POM_5V_GPU 4125/2847 POM_5V_CPU 1941/1644
RAM 3077/3964MB (lfb 6x2MB) SWAP 1982/1982MB (cached 6MB) CPU [25%@1479,37%@1479,48%@1479,29%@1479] EMC_FREQ 0% GR3D_FREQ 98% PLL@75.5C CPU@81.5C PMIC@50C GPU@81C AO@84.5C thermal@81C POM_5V_IN 8872/7080 POM_5V_GPU 4166/2865 POM_5V_CPU 1941/1649
RAM 3077/3964MB (lfb 6x2MB) SWAP 1982/1982MB (cached 6MB) CPU [29%@1479,21%@1479,51%@1479,42%@1479] EMC_FREQ 0% GR3D_FREQ 98% PLL@75.5C CPU@82C PMIC@50C GPU@81C AO@85C thermal@81C POM_5V_IN 8953/7105 POM_5V_GPU 4166/2883 POM_5V_CPU 1981/1653
RAM 3077/3964MB (lfb 6x2MB) SWAP 1982/1982MB (cached 6MB) CPU [30%@1428,30%@1428,30%@1428,55%@1428] EMC_FREQ 0% GR3D_FREQ 98% PLL@76C CPU@81.5C PMIC@50C GPU@81C AO@85C thermal@81C POM_5V_IN 8912/7130 POM_5V_GPU 4166/2900 POM_5V_CPU 1941/1657
RAM 3077/3964MB (lfb 6x2MB) SWAP 1982/1982MB (cached 6MB) CPU [28%@1224,46%@1224,21%@1224,28%@1224] EMC_FREQ 0% GR3D_FREQ 98% PLL@75.5C CPU@82.5C PMIC@50C GPU@81.5C AO@85C thermal@81.75C POM_5V_IN 8993/7154 POM_5V_GPU 4166/2917 POM_5V_CPU 2022/1662
RAM 3077/3964MB (lfb 6x2MB) SWAP 1982/1982MB (cached 6MB) CPU [22%@1132,20%@1132,69%@1132,29%@1132] EMC_FREQ 0% GR3D_FREQ 98% PLL@75.5C CPU@82.5C PMIC@50C GPU@81.5C AO@85.5C thermal@81.75C POM_5V_IN 8872/7177 POM_5V_GPU 4166/2933 POM_5V_CPU 1860/1664
RAM 3077/3964MB (lfb 6x2MB) SWAP 1982/1982MB (cached 6MB) CPU [30%@1326,48%@1326,40%@1326,23%@1326] EMC_FREQ 0% GR3D_FREQ 98% PLL@76C CPU@82.5C PMIC@50C GPU@81.5C AO@85C thermal@81.75C POM_5V_IN 9034/7201 POM_5V_GPU 4166/2949 POM_5V_CPU 2022/1669
RAM 3077/3964MB (lfb 6x2MB) SWAP 1982/1982MB (cached 6MB) CPU [29%@825,42%@825,27%@825,32%@825] EMC_FREQ 0% GR3D_FREQ 98% PLL@76C CPU@82.5C PMIC@50C GPU@82C AO@85.5C thermal@81.75C POM_5V_IN 8993/7224 POM_5V_GPU 4166/2965 POM_5V_CPU 1981/1673
RAM 3077/3964MB (lfb 6x2MB) SWAP 1982/1982MB (cached 6MB) CPU [28%@1479,42%@1479,20%@1479,33%@1479] EMC_FREQ 0% GR3D_FREQ 98% PLL@76C CPU@82.5C PMIC@50C GPU@82C AO@85.5C thermal@82C POM_5V_IN 9074/7248 POM_5V_GPU 4166/2980 POM_5V_CPU 2022/1677
RAM 3077/3964MB (lfb 6x2MB) SWAP 1982/1982MB (cached 6MB) CPU [25%@1479,40%@1479,42%@1479,21%@1479] EMC_FREQ 0% GR3D_FREQ 99% PLL@76C CPU@83C PMIC@50C GPU@82C AO@86C thermal@82C POM_5V_IN 8993/7269 POM_5V_GPU 4166/2995 POM_5V_CPU 1941/1681
RAM 3077/3964MB (lfb 6x2MB) SWAP 1982/1982MB (cached 6MB) CPU [33%@1479,16%@1479,52%@1479,31%@1479] EMC_FREQ 0% GR3D_FREQ 99% PLL@76.5C CPU@83C PMIC@50C GPU@82C AO@86C thermal@82C POM_5V_IN 8912/7290 POM_5V_GPU 4206/3010 POM_5V_CPU 1941/1684
RAM 3077/3964MB (lfb 6x2MB) SWAP 1982/1982MB (cached 6MB) CPU [25%@921,16%@921,65%@921,34%@921] EMC_FREQ 0% GR3D_FREQ 98% PLL@76.5C CPU@83C PMIC@50C GPU@82C AO@86C thermal@82C POM_5V_IN 9034/7311 POM_5V_GPU 4166/3024 POM_5V_CPU 2062/1689
RAM 3077/3964MB (lfb 6x2MB) SWAP 1982/1982MB (cached 6MB) CPU [25%@1326,34%@1326,32%@1326,24%@1326] EMC_FREQ 0% GR3D_FREQ 98% PLL@77C CPU@83C PMIC@50C GPU@82.5C AO@86C thermal@82C POM_5V_IN 9074/7332 POM_5V_GPU 4206/3038 POM_5V_CPU 2022/1693
RAM 3077/3964MB (lfb 6x2MB) SWAP 1982/1982MB (cached 6MB) CPU [29%@1479,23%@1479,47%@1479,46%@1479] EMC_FREQ 0% GR3D_FREQ 98% PLL@76.5C CPU@83.5C PMIC@50C GPU@82.5C AO@86C thermal@82.75C POM_5V_IN 9074/7353 POM_5V_GPU 4206/3052 POM_5V_CPU 1981/1696
RAM 3077/3964MB (lfb 6x2MB) SWAP 1982/1982MB (cached 6MB) CPU [22%@1132,25%@1132,42%@1132,31%@1132] EMC_FREQ 0% GR3D_FREQ 98% PLL@76.5C CPU@83C PMIC@50C GPU@82.5C AO@86.5C thermal@82.75C POM_5V_IN 9034/7373 POM_5V_GPU 4206/3066 POM_5V_CPU 2062/1700
RAM 3077/3964MB (lfb 6x2MB) SWAP 1982/1982MB (cached 6MB) CPU [29%@1428,22%@1428,50%@1428,50%@1428] EMC_FREQ 0% GR3D_FREQ 98% PLL@77C CPU@83.5C PMIC@50C GPU@82.5C AO@86C thermal@82.75C POM_5V_IN 9074/7392 POM_5V_GPU 4206/3079 POM_5V_CPU 2062/1705
RAM 3077/3964MB (lfb 6x2MB) SWAP 1982/1982MB (cached 6MB) CPU [18%@1479,30%@1479,23%@1479,50%@1479] EMC_FREQ 0% GR3D_FREQ 98% PLL@77C CPU@83.5C PMIC@50C GPU@82.5C AO@86.5C thermal@82.75C POM_5V_IN 9115/7412 POM_5V_GPU 4206/3092 POM_5V_CPU 2103/1709
RAM 3077/3964MB (lfb 6x2MB) SWAP 1982/1982MB (cached 6MB) CPU [25%@1428,42%@1428,51%@1428,9%@1428] EMC_FREQ 0% GR3D_FREQ 98% PLL@77C CPU@83.5C PMIC@50C GPU@83C AO@86.5C thermal@83.25C POM_5V_IN 9196/7432 POM_5V_GPU 4206/3105 POM_5V_CPU 2103/1714
RAM 3077/3964MB (lfb 6x2MB) SWAP 1982/1982MB (cached 6MB) CPU [25%@1479,50%@1479,14%@921,29%@1479] EMC_FREQ 0% GR3D_FREQ 98% PLL@77.5C CPU@84C PMIC@50C GPU@83C AO@87C thermal@83.25C POM_5V_IN 9277/7453 POM_5V_GPU 4206/3117 POM_5V_CPU 2184/1719
RAM 3077/3964MB (lfb 6x2MB) SWAP 1982/1982MB (cached 6MB) CPU [28%@1479,25%@1479,39%@1479,44%@1479] EMC_FREQ 0% GR3D_FREQ 98% PLL@77C CPU@84C PMIC@50C GPU@83C AO@87C thermal@83.25C POM_5V_IN 9074/7471 POM_5V_GPU 4206/3129 POM_5V_CPU 2062/1723
RAM 3072/3964MB (lfb 6x2MB) SWAP 1982/1982MB (cached 6MB) CPU [22%@1479,42%@1479,33%@1479,38%@1479] EMC_FREQ 0% GR3D_FREQ 98% PLL@77.5C CPU@84C PMIC@50C GPU@83C AO@87C thermal@83.25C POM_5V_IN 9236/7491 POM_5V_GPU 4206/3141 POM_5V_CPU 2143/1727
RAM 3072/3964MB (lfb 6x2MB) SWAP 1982/1982MB (cached 6MB) CPU [25%@1479,29%@1479,61%@1479,16%@1479] EMC_FREQ 0% GR3D_FREQ 98% PLL@77.5C CPU@84C PMIC@50C GPU@83C AO@87C thermal@83.75C POM_5V_IN 9074/7508 POM_5V_GPU 4206/3152 POM_5V_CPU 1981/1730
RAM 3072/3964MB (lfb 6x2MB) SWAP 1982/1982MB (cached 6MB) CPU [21%@710,27%@710,30%@1428,30%@1428] EMC_FREQ 0% GR3D_FREQ 98% PLL@77.5C CPU@84C PMIC@50C GPU@83.5C AO@87C thermal@83.75C POM_5V_IN 9074/7525 POM_5V_GPU 4247/3164 POM_5V_CPU 1981/1733
RAM 3072/3964MB (lfb 6x2MB) SWAP 1982/1982MB (cached 6MB) CPU [32%@1132,20%@1132,53%@1132,46%@1132] EMC_FREQ 0% GR3D_FREQ 98% PLL@77.5C CPU@84C PMIC@50C GPU@83.5C AO@87C thermal@83.75C POM_5V_IN 9034/7541 POM_5V_GPU 4247/3176 POM_5V_CPU 1901/1734
RAM 3072/3964MB (lfb 6x2MB) SWAP 1982/1982MB (cached 6MB) CPU [28%@1428,34%@1428,37%@1428,46%@1428] EMC_FREQ 0% GR3D_FREQ 98% PLL@77.5C CPU@84.5C PMIC@50C GPU@83.5C AO@87.5C thermal@83.75C POM_5V_IN 9196/7558 POM_5V_GPU 4206/3187 POM_5V_CPU 2143/1739
RAM 3072/3964MB (lfb 6x2MB) SWAP 1982/1982MB (cached 6MB) CPU [22%@1479,37%@1479,50%@1479,13%@1479] EMC_FREQ 0% GR3D_FREQ 98% PLL@77.5C CPU@84C PMIC@50C GPU@83.5C AO@87C thermal@83.75C POM_5V_IN 9074/7574 POM_5V_GPU 4206/3197 POM_5V_CPU 2022/1742
RAM 3072/3964MB (lfb 6x2MB) SWAP 1982/1982MB (cached 6MB) CPU [18%@1479,50%@1479,44%@1479,25%@1479] EMC_FREQ 0% GR3D_FREQ 98% PLL@78C CPU@84.5C PMIC@50C GPU@83.5C AO@87C thermal@83.75C POM_5V_IN 9115/7590 POM_5V_GPU 4247/3208 POM_5V_CPU 1981/1744
RAM 3072/3964MB (lfb 6x2MB) SWAP 1982/1982MB (cached 6MB) CPU [19%@1132,59%@1132,44%@1132,16%@1132] EMC_FREQ 0% GR3D_FREQ 98% PLL@78C CPU@84C PMIC@50C GPU@84C AO@87.5C thermal@83.75C POM_5V_IN 9115/7605 POM_5V_GPU 4247/3219 POM_5V_CPU 1981/1747
RAM 3072/3964MB (lfb 6x2MB) SWAP 1982/1982MB (cached 6MB) CPU [12%@1036,33%@1036,66%@1036,20%@1036] EMC_FREQ 0% GR3D_FREQ 98% PLL@78C CPU@84.5C PMIC@50C GPU@84C AO@87.5C thermal@83.75C POM_5V_IN 9074/7620 POM_5V_GPU 4247/3229 POM_5V_CPU 1941/1749
RAM 3072/3964MB (lfb 6x2MB) SWAP 1982/1982MB (cached 6MB) CPU [32%@1479,30%@1479,34%@1479,46%@1479] EMC_FREQ 0% GR3D_FREQ 99% PLL@78C CPU@85C PMIC@50C GPU@84C AO@87.5C thermal@83.75C POM_5V_IN 9236/7636 POM_5V_GPU 4206/3239 POM_5V_CPU 2103/1752
RAM 3072/3964MB (lfb 6x2MB) SWAP 1982/1982MB (cached 6MB) CPU [34%@1479,33%@1479,25%@1479,47%@1479] EMC_FREQ 0% GR3D_FREQ 98% PLL@78.5C CPU@85C PMIC@50C GPU@84C AO@88C thermal@84.5C POM_5V_IN 9196/7652 POM_5V_GPU 4247/3249 POM_5V_CPU 2062/1755
RAM 3072/3964MB (lfb 6x2MB) SWAP 1982/1982MB (cached 6MB) CPU [36%@1479,18%@1479,32%@1479,29%@1479] EMC_FREQ 0% GR3D_FREQ 98% PLL@78.5C CPU@85C PMIC@50C GPU@84.5C AO@88C thermal@84.5C POM_5V_IN 9196/7667 POM_5V_GPU 4247/3258 POM_5V_CPU 2062/1758
RAM 3072/3964MB (lfb 6x2MB) SWAP 1982/1982MB (cached 6MB) CPU [37%@1479,20%@1479,46%@1479,39%@1479] EMC_FREQ 0% GR3D_FREQ 98% PLL@78.5C CPU@85C PMIC@50C GPU@84.5C AO@88C thermal@84.5C POM_5V_IN 9236/7682 POM_5V_GPU 4247/3268 POM_5V_CPU 2103/1762
RAM 3072/3964MB (lfb 6x2MB) SWAP 1982/1982MB (cached 6MB) CPU [36%@1428,22%@1428,19%@1428,44%@1428] EMC_FREQ 0% GR3D_FREQ 98% PLL@79C CPU@85C PMIC@50C GPU@84.5C AO@88C thermal@84.5C POM_5V_IN 9303/7698 POM_5V_GPU 4247/3277 POM_5V_CPU 2184/1766
RAM 3063/3964MB (lfb 6x2MB) SWAP 1982/1982MB (cached 6MB) CPU [92%@1479,14%@1479,4%@1479,15%@1479] EMC_FREQ 0% GR3D_FREQ 0% PLL@76.5C CPU@82C PMIC@50C GPU@79.5C AO@87.5C thermal@80.75C POM_5V_IN 4273/7665 POM_5V_GPU 447/3251 POM_5V_CPU 1422/1762
