RAM 2444/3964MB (lfb 15x2MB) SWAP 1981/1982MB (cached 6MB) CPU [13%@204,46%@204,0%@204,0%@204] EMC_FREQ 0% GR3D_FREQ 0% PLL@45.5C CPU@48.5C PMIC@50C GPU@49.5C AO@55C thermal@49.25C POM_5V_IN 2160/2160 POM_5V_GPU 0/0 POM_5V_CPU 285/285
RAM 2444/3964MB (lfb 15x2MB) SWAP 1981/1982MB (cached 6MB) CPU [11%@102,7%@102,10%@102,0%@102] EMC_FREQ 0% GR3D_FREQ 0% PLL@45C CPU@48C PMIC@50C GPU@49C AO@54.5C thermal@49.25C POM_5V_IN 2119/2139 POM_5V_GPU 0/0 POM_5V_CPU 203/244
RAM 2444/3964MB (lfb 15x2MB) SWAP 1981/1982MB (cached 6MB) CPU [7%@102,7%@102,0%@102,0%@102] EMC_FREQ 0% GR3D_FREQ 0% PLL@44.5C CPU@48C PMIC@50C GPU@48.5C AO@54.5C thermal@49.25C POM_5V_IN 2079/2119 POM_5V_GPU 0/0 POM_5V_CPU 203/230
RAM 2444/3964MB (lfb 15x2MB) SWAP 1981/1982MB (cached 6MB) CPU [15%@102,7%@102,0%@102,3%@102] EMC_FREQ 0% GR3D_FREQ 0% PLL@44.5C CPU@48C PMIC@50C GPU@48.5C AO@54.5C thermal@48.25C POM_5V_IN 2079/2109 POM_5V_GPU 0/0 POM_5V_CPU 203/223
RAM 2444/3964MB (lfb 15x2MB) SWAP 1981/1982MB (cached 6MB) CPU [18%@102,3%@102,0%@102,0%@102] EMC_FREQ 0% GR3D_FREQ 0% PLL@44.5C CPU@48.5C PMIC@50C GPU@48.5C AO@54.5C thermal@48.25C POM_5V_IN 2119/2111 POM_5V_GPU 0/0 POM_5V_CPU 203/219
RAM 2444/3964MB (lfb 15x2MB) SWAP 1981/1982MB (cached 6MB) CPU [11%@102,3%@102,7%@102,10%@102] EMC_FREQ 0% GR3D_FREQ 0% PLL@44.5C CPU@48C PMIC@50C GPU@48.5C AO@54.5C thermal@48.25C POM_5V_IN 2119/2112 POM_5V_GPU 0/0 POM_5V_CPU 203/216
RAM 2444/3964MB (lfb 15x2MB) SWAP 1981/1982MB (cached 6MB) CPU [12%@204,7%@204,3%@204,0%@204] EMC_FREQ 0% GR3D_FREQ 0% PLL@44.5C CPU@47.5C PMIC@50C GPU@48.5C AO@54.5C thermal@48.25C POM_5V_IN 2119/2113 POM_5V_GPU 0/0 POM_5V_CPU 244/220
RAM 2476/3964MB (lfb 9x2MB) SWAP 1981/1982MB (cached 6MB) CPU [4%@1479,8%@1479,42%@1479,4%@1479] EMC_FREQ 0% GR3D_FREQ 0% PLL@45C CPU@49C PMIC@50C GPU@48C AO@54.5C thermal@48.25C POM_5V_IN 3139/2241 POM_5V_GPU 40/5 POM_5V_CPU 814/294
RAM 2512/3964MB (lfb 9x2MB) SWAP 1981/1982MB (cached 6MB) CPU [60%@1479,4%@1479,27%@1479,11%@1479] EMC_FREQ 0% GR3D_FREQ 20% PLL@46C CPU@51.5C PMIC@50C GPU@48.5C AO@56C thermal@48.25C POM_5V_IN 3581/2390 POM_5V_GPU 203/27 POM_5V_CPU 1343/411
RAM 2545/3964MB (lfb 8x2MB) SWAP 1981/1982MB (cached 6MB) CPU [96%@1479,8%@1479,7%@1479,8%@1479] EMC_FREQ 0% GR3D_FREQ 44% PLL@47C CPU@52C PMIC@50C GPU@49C AO@56.5C thermal@48.25C POM_5V_IN 3622/2513 POM_5V_GPU 203/44 POM_5V_CPU 1383/508
RAM 2583/3964MB (lfb 4x2MB) SWAP 1981/1982MB (cached 6MB) CPU [96%@1479,7%@1479,8%@1479,7%@1479] EMC_FREQ 0% GR3D_FREQ 47% PLL@47.5C CPU@52.5C PMIC@50C GPU@49.5C AO@57C thermal@48.25C POM_5V_IN 3581/2610 POM_5V_GPU 203/59 POM_5V_CPU 1383/587
RAM 2603/3964MB (lfb 5x2MB) SWAP 1981/1982MB (cached 6MB) CPU [92%@1479,19%@1479,8%@1479,8%@1479] EMC_FREQ 0% GR3D_FREQ 30% PLL@47.5C CPU@52.5C PMIC@50C GPU@49.5C AO@57.5C thermal@48.25C POM_5V_IN 3663/2698 POM_5V_GPU 203/71 POM_5V_CPU 1424/657
RAM 2639/3964MB (lfb 5x2MB) SWAP 1981/1982MB (cached 6MB) CPU [17%@1479,81%@1479,11%@1479,23%@1479] EMC_FREQ 0% GR3D_FREQ 0% PLL@48.5C CPU@52.5C PMIC@50C GPU@50C AO@57C thermal@51.25C POM_5V_IN 3866/2788 POM_5V_GPU 244/84 POM_5V_CPU 1546/725
RAM 2679/3964MB (lfb 4x2MB) SWAP 1981/1982MB (cached 6MB) CPU [16%@1479,11%@1479,60%@1479,44%@1479] EMC_FREQ 0% GR3D_FREQ 8% PLL@48.5C CPU@51.5C PMIC@50C GPU@50.5C AO@57.5C thermal@51.25C POM_5V_IN 3744/2856 POM_5V_GPU 244/95 POM_5V_CPU 1506/781
RAM 2689/3964MB (lfb 4x2MB) SWAP 1981/1982MB (cached 6MB) CPU [78%@1479,24%@1479,4%@1479,8%@1479] EMC_FREQ 0% GR3D_FREQ 35% PLL@48.5C CPU@53.5C PMIC@50C GPU@50.5C AO@58C thermal@51.25C POM_5V_IN 3663/2910 POM_5V_GPU 244/105 POM_5V_CPU 1424/824
RAM 2721/3964MB (lfb 4x2MB) SWAP 1981/1982MB (cached 6MB) CPU [20%@1479,92%@1479,11%@1479,17%@1479] EMC_FREQ 0% GR3D_FREQ 31% PLL@49C CPU@53.5C PMIC@50C GPU@50.5C AO@58C thermal@51.25C POM_5V_IN 3622/2954 POM_5V_GPU 203/111 POM_5V_CPU 1424/861
RAM 2752/3964MB (lfb 4x2MB) SWAP 1981/1982MB (cached 6MB) CPU [40%@1479,16%@1479,60%@1479,8%@1479] EMC_FREQ 0% GR3D_FREQ 47% PLL@49C CPU@53.5C PMIC@50C GPU@50.5C AO@58C thermal@51.5C POM_5V_IN 3622/2993 POM_5V_GPU 203/117 POM_5V_CPU 1424/895
RAM 2783/3964MB (lfb 4x2MB) SWAP 1981/1982MB (cached 6MB) CPU [13%@1479,8%@1479,87%@1479,12%@1479] EMC_FREQ 0% GR3D_FREQ 51% PLL@49C CPU@52C PMIC@50C GPU@51C AO@58.5C thermal@51.5C POM_5V_IN 3663/3031 POM_5V_GPU 203/121 POM_5V_CPU 1465/926
RAM 2826/3964MB (lfb 4x2MB) SWAP 1981/1982MB (cached 6MB) CPU [8%@1479,88%@1479,8%@1479,12%@1479] EMC_FREQ 0% GR3D_FREQ 17% PLL@49.5C CPU@54.5C PMIC@50C GPU@51C AO@58.5C thermal@51.5C POM_5V_IN 3663/3064 POM_5V_GPU 162/123 POM_5V_CPU 1424/952
RAM 2871/3964MB (lfb 4x2MB) SWAP 1981/1982MB (cached 6MB) CPU [34%@1132,28%@1132,11%@1132,52%@1132] EMC_FREQ 0% GR3D_FREQ 32% PLL@49.5C CPU@52C PMIC@50C GPU@51C AO@58C thermal@51.5C POM_5V_IN 3419/3082 POM_5V_GPU 122/123 POM_5V_CPU 1261/968
RAM 2891/3964MB (lfb 4x2MB) SWAP 1981/1982MB (cached 6MB) CPU [28%@1479,77%@1479,23%@1479,12%@1479] EMC_FREQ 0% GR3D_FREQ 0% PLL@49C CPU@54C PMIC@50C GPU@51C AO@58.5C thermal@51.5C POM_5V_IN 3459/3100 POM_5V_GPU 122/123 POM_5V_CPU 1261/982
RAM 2907/3964MB (lfb 4x2MB) SWAP 1981/1982MB (cached 6MB) CPU [38%@1479,51%@1479,24%@1479,8%@1479] EMC_FREQ 0% GR3D_FREQ 53% PLL@49.5C CPU@54C PMIC@50C GPU@51C AO@58.5C thermal@52.5C POM_5V_IN 3785/3131 POM_5V_GPU 244/129 POM_5V_CPU 1546/1007
RAM 2939/3964MB (lfb 4x2MB) SWAP 1981/1982MB (cached 6MB) CPU [45%@1479,4%@1479,60%@1479,4%@1479] EMC_FREQ 0% GR3D_FREQ 16% PLL@49C CPU@54.5C PMIC@50C GPU@51.5C AO@59C thermal@52.5C POM_5V_IN 3541/3149 POM_5V_GPU 162/130 POM_5V_CPU 1302/1020
RAM 2974/3964MB (lfb 4x2MB) SWAP 1981/1982MB (cached 6MB) CPU [56%@1479,16%@1479,38%@1479,14%@1479] EMC_FREQ 0% GR3D_FREQ 22% PLL@49.5C CPU@55C PMIC@50C GPU@51.5C AO@59C thermal@52.5C POM_5V_IN 3581/3167 POM_5V_GPU 162/131 POM_5V_CPU 1383/1035
RAM 3006/3964MB (lfb 4x2MB) SWAP 1981/1982MB (cached 6MB) CPU [20%@1479,74%@1479,28%@1479,12%@1479] EMC_FREQ 0% GR3D_FREQ 53% PLL@50C CPU@53.5C PMIC@50C GPU@51.5C AO@59C thermal@52.5C POM_5V_IN 3744/3190 POM_5V_GPU 203/134 POM_5V_CPU 1546/1056
RAM 3040/3964MB (lfb 4x2MB) SWAP 1981/1982MB (cached 6MB) CPU [16%@1479,8%@1479,88%@1479,17%@1479] EMC_FREQ 0% GR3D_FREQ 44% PLL@50C CPU@52C PMIC@50C GPU@51.5C AO@59C thermal@52.25C POM_5V_IN 3581/3205 POM_5V_GPU 162/135 POM_5V_CPU 1424/1070
RAM 3075/3964MB (lfb 4x2MB) SWAP 1981/1982MB (cached 6MB) CPU [13%@1479,8%@1479,88%@1479,18%@1479] EMC_FREQ 0% GR3D_FREQ 9% PLL@50C CPU@53C PMIC@50C GPU@52C AO@58.5C thermal@52.25C POM_5V_IN 3541/3217 POM_5V_GPU 162/136 POM_5V_CPU 1343/1080
RAM 3088/3964MB (lfb 7x2MB) SWAP 1981/1982MB (cached 6MB) CPU [8%@1132,27%@1479,65%@1479,4%@1479] EMC_FREQ 0% GR3D_FREQ 99% PLL@49.5C CPU@52.5C PMIC@50C GPU@51.5C AO@58.5C thermal@52.25C POM_5V_IN 3139/3214 POM_5V_GPU 285/142 POM_5V_CPU 773/1069
RAM 3126/3964MB (lfb 7x2MB) SWAP 1981/1982MB (cached 6MB) CPU [12%@1479,58%@1479,11%@1479,40%@1479] EMC_FREQ 0% GR3D_FREQ 18% PLL@50C CPU@53C PMIC@50C GPU@51.5C AO@58.5C thermal@52.25C POM_5V_IN 3622/3228 POM_5V_GPU 162/142 POM_5V_CPU 1424/1081
RAM 3183/3964MB (lfb 4x2MB) SWAP 1981/1982MB (cached 6MB) CPU [14%@1479,8%@1479,4%@1479,95%@1479] EMC_FREQ 0% GR3D_FREQ 35% PLL@50C CPU@53.5C PMIC@50C GPU@51.5C AO@58.5C thermal@52C POM_5V_IN 3785/3247 POM_5V_GPU 203/144 POM_5V_CPU 1587/1098
RAM 3185/3964MB (lfb 6x2MB) SWAP 1981/1982MB (cached 6MB) CPU [9%@1479,11%@1479,4%@1479,96%@1479] EMC_FREQ 0% GR3D_FREQ 7% PLL@50C CPU@53C PMIC@50C GPU@51.5C AO@58.5C thermal@52C POM_5V_IN 3424/3253 POM_5V_GPU 122/144 POM_5V_CPU 1302/1105
RAM 3237/3964MB (lfb 1x2MB) SWAP 1981/1982MB (cached 6MB) CPU [15%@1479,3%@1479,7%@1479,96%@1479] EMC_FREQ 0% GR3D_FREQ 0% PLL@50.5C CPU@52.5C PMIC@50C GPU@51.5C AO@59C thermal@52C POM_5V_IN 3541/3262 POM_5V_GPU 162/144 POM_5V_CPU 1383/1113
RAM 3279/3964MB (lfb 8x256kB) SWAP 1982/1982MB (cached 6MB) CPU [53%@1479,8%@1479,37%@1479,54%@1479] EMC_FREQ 0% GR3D_FREQ 8% PLL@50.5C CPU@55.5C PMIC@50C GPU@52C AO@60C thermal@52C POM_5V_IN 3866/3280 POM_5V_GPU 162/145 POM_5V_CPU 1587/1128
RAM 3320/3964MB (lfb 3x512kB) SWAP 1982/1982MB (cached 6MB) CPU [88%@1479,20%@1479,69%@1479,16%@1479] EMC_FREQ 0% GR3D_FREQ 99% PLL@51C CPU@54.5C PMIC@50C GPU@52.5C AO@60.5C thermal@52C POM_5V_IN 4070/3303 POM_5V_GPU 325/150 POM_5V_CPU 1503/1139
RAM 3321/3964MB (lfb 3x512kB) SWAP 1982/1982MB (cached 6MB) CPU [26%@921,11%@921,22%@921,13%@921] EMC_FREQ 0% GR3D_FREQ 99% PLL@50.5C CPU@54C PMIC@50C GPU@55C AO@59.5C thermal@53.5C POM_5V_IN 6370/3391 POM_5V_GPU 2840/227 POM_5V_CPU 973/1134
RAM 3321/3964MB (lfb 3x512kB) SWAP 1982/1982MB (cached 6MB) CPU [45%@1479,8%@1479,73%@1479,12%@1479] EMC_FREQ 0% GR3D_FREQ 99% PLL@52C CPU@57C PMIC@50C GPU@57.5C AO@61C thermal@53.5C POM_5V_IN 7697/3510 POM_5V_GPU 3889/329 POM_5V_CPU 1134/1134
RAM 3321/3964MB (lfb 3x512kB) SWAP 1982/1982MB (cached 6MB) CPU [26%@1428,15%@1428,65%@1428,12%@1428] EMC_FREQ 0% GR3D_FREQ 98% PLL@53C CPU@58.5C PMIC@50C GPU@58.5C AO@62C thermal@53.5C POM_5V_IN 7859/3628 POM_5V_GPU 3889/425 POM_5V_CPU 1255/1137
RAM 3321/3964MB (lfb 3x512kB) SWAP 1982/1982MB (cached 6MB) CPU [26%@1224,13%@1224,36%@1224,34%@1224] EMC_FREQ 0% GR3D_FREQ 98% PLL@54.5C CPU@59.5C PMIC@50C GPU@60C AO@63C thermal@53.5C POM_5V_IN 7818/3738 POM_5V_GPU 3929/517 POM_5V_CPU 1215/1139
RAM 3321/3964MB (lfb 3x512kB) SWAP 1982/1982MB (cached 6MB) CPU [28%@1326,23%@1326,29%@1326,50%@1326] EMC_FREQ 0% GR3D_FREQ 99% PLL@55C CPU@60C PMIC@50C GPU@61C AO@64C thermal@60C POM_5V_IN 7859/3844 POM_5V_GPU 3970/605 POM_5V_CPU 1215/1141
RAM 3321/3964MB (lfb 3x512kB) SWAP 1982/1982MB (cached 6MB) CPU [25%@1479,11%@1479,56%@1479,12%@1479] EMC_FREQ 0% GR3D_FREQ 98% PLL@56C CPU@61C PMIC@50C GPU@62C AO@64.5C thermal@60C POM_5V_IN 8021/3948 POM_5V_GPU 3970/690 POM_5V_CPU 1336/1146
RAM 3321/3964MB (lfb 3x512kB) SWAP 1982/1982MB (cached 6MB) CPU [29%@1326,32%@1326,19%@1326,52%@1326] EMC_FREQ 0% GR3D_FREQ 99% PLL@56.5C CPU@61.5C PMIC@50C GPU@62C AO@65C thermal@60C POM_5V_IN 7940/4045 POM_5V_GPU 4010/771 POM_5V_CPU 1255/1149
RAM 3321/3964MB (lfb 3x512kB) SWAP 1982/1982MB (cached 6MB) CPU [29%@921,26%@921,13%@921,50%@921] EMC_FREQ 0% GR3D_FREQ 98% PLL@57C CPU@62.5C PMIC@50C GPU@63C AO@65.5C thermal@60C POM_5V_IN 8021/4140 POM_5V_GPU 4010/848 POM_5V_CPU 1296/1152
RAM 3321/3964MB (lfb 3x512kB) SWAP 1982/1982MB (cached 6MB) CPU [32%@1326,34%@1326,19%@1326,60%@1326] EMC_FREQ 0% GR3D_FREQ 98% PLL@57.5C CPU@62.5C PMIC@50C GPU@63C AO@66C thermal@63C POM_5V_IN 8021/4230 POM_5V_GPU 4010/921 POM_5V_CPU 1296/1155
RAM 3320/3964MB (lfb 1x2MB) SWAP 1982/1982MB (cached 6MB) CPU [21%@1224,35%@1224,23%@1224,57%@1224] EMC_FREQ 0% GR3D_FREQ 99% PLL@58C CPU@63.5C PMIC@50C GPU@64C AO@67C thermal@63C POM_5V_IN 8102/4318 POM_5V_GPU 4010/991 POM_5V_CPU 1296/1159
RAM 3320/3964MB (lfb 1x2MB) SWAP 1982/1982MB (cached 6MB) CPU [40%@1036,29%@1036,8%@1036,34%@1036] EMC_FREQ 0% GR3D_FREQ 98% PLL@58C CPU@64C PMIC@50C GPU@64.5C AO@67C thermal@63C POM_5V_IN 8183/4404 POM_5V_GPU 4051/1059 POM_5V_CPU 1417/1164
RAM 3320/3964MB (lfb 1x2MB) SWAP 1982/1982MB (cached 6MB) CPU [30%@1479,20%@1479,30%@1479,32%@1479] EMC_FREQ 0% GR3D_FREQ 99% PLL@58.5C CPU@64.5C PMIC@50C GPU@65C AO@68C thermal@63C POM_5V_IN 8102/4485 POM_5V_GPU 4051/1124 POM_5V_CPU 1336/1168
RAM 3320/3964MB (lfb 1x2MB) SWAP 1982/1982MB (cached 6MB) CPU [33%@1479,12%@1479,50%@1479,19%@1479] EMC_FREQ 0% GR3D_FREQ 98% PLL@59C CPU@65C PMIC@50C GPU@65.5C AO@68C thermal@63C POM_5V_IN 8223/4564 POM_5V_GPU 4051/1187 POM_5V_CPU 1458/1174
RAM 3320/3964MB (lfb 1x2MB) SWAP 1982/1982MB (cached 6MB) CPU [24%@1479,70%@1479,12%@1479,16%@1479] EMC_FREQ 0% GR3D_FREQ 99% PLL@59.5C CPU@65C PMIC@50C GPU@65.5C AO@68.5C thermal@65.25C POM_5V_IN 8061/4637 POM_5V_GPU 4051/1246 POM_5V_CPU 1255/1176
RAM 3320/3964MB (lfb 1x2MB) SWAP 1982/1982MB (cached 6MB) CPU [28%@825,16%@825,8%@825,70%@825] EMC_FREQ 0% GR3D_FREQ 99% PLL@59.5C CPU@65.5C PMIC@50C GPU@66C AO@68.5C thermal@65.25C POM_5V_IN 8102/4708 POM_5V_GPU 4051/1304 POM_5V_CPU 1255/1177
RAM 3320/3964MB (lfb 1x2MB) SWAP 1982/1982MB (cached 6MB) CPU [26%@1326,46%@1326,44%@1326,19%@1326] EMC_FREQ 0% GR3D_FREQ 98% PLL@60C CPU@66C PMIC@50C GPU@66.5C AO@69C thermal@65.25C POM_5V_IN 8183/4777 POM_5V_GPU 4091/1359 POM_5V_CPU 1336/1181
RAM 3320/3964MB (lfb 1x2MB) SWAP 1982/1982MB (cached 6MB) CPU [20%@1036,15%@1036,40%@1036,32%@1036] EMC_FREQ 0% GR3D_FREQ 99% PLL@60.5C CPU@66.5C PMIC@50C GPU@67C AO@69.5C thermal@65.25C POM_5V_IN 8183/4844 POM_5V_GPU 4091/1413 POM_5V_CPU 1377/1184
RAM 3320/3964MB (lfb 1x2MB) SWAP 1982/1982MB (cached 6MB) CPU [17%@1326,8%@1326,46%@1326,40%@1326] EMC_FREQ 0% GR3D_FREQ 98% PLL@61C CPU@67.5C PMIC@50C GPU@67C AO@70C thermal@67C POM_5V_IN 8223/4909 POM_5V_GPU 4091/1464 POM_5V_CPU 1377/1188
RAM 3320/3964MB (lfb 1x2MB) SWAP 1982/1982MB (cached 6MB) CPU [29%@1479,51%@1479,28%@1479,25%@1479] EMC_FREQ 0% GR3D_FREQ 99% PLL@61C CPU@67C PMIC@50C GPU@67.5C AO@70.5C thermal@67C POM_5V_IN 8061/4968 POM_5V_GPU 4051/1513 POM_5V_CPU 1255/1189
RAM 3320/3964MB (lfb 1x2MB) SWAP 1982/1982MB (cached 6MB) CPU [14%@1132,30%@1132,33%@1132,33%@1132] EMC_FREQ 0% GR3D_FREQ 98% PLL@61.5C CPU@67.5C PMIC@50C GPU@67.5C AO@70.5C thermal@67C POM_5V_IN 8102/5026 POM_5V_GPU 4010/1559 POM_5V_CPU 1336/1192
RAM 3320/3964MB (lfb 1x2MB) SWAP 1982/1982MB (cached 6MB) CPU [21%@1326,12%@1326,42%@1326,24%@1326] EMC_FREQ 0% GR3D_FREQ 98% PLL@61.5C CPU@67.5C PMIC@50C GPU@68C AO@71C thermal@67C POM_5V_IN 8142/5083 POM_5V_GPU 4010/1604 POM_5V_CPU 1377/1195
RAM 3320/3964MB (lfb 1x2MB) SWAP 1982/1982MB (cached 6MB) CPU [20%@1479,12%@1479,53%@1479,8%@1479] EMC_FREQ 0% GR3D_FREQ 98% PLL@62C CPU@68C PMIC@50C GPU@68C AO@71C thermal@68.25C POM_5V_IN 8223/5139 POM_5V_GPU 4051/1648 POM_5V_CPU 1458/1200
RAM 3320/3964MB (lfb 1x2MB) SWAP 1982/1982MB (cached 6MB) CPU [17%@1428,15%@1428,44%@1428,12%@1428] EMC_FREQ 0% GR3D_FREQ 99% PLL@62.5C CPU@68.5C PMIC@50C GPU@69C AO@71.5C thermal@68.25C POM_5V_IN 8304/5195 POM_5V_GPU 4051/1690 POM_5V_CPU 1458/1205
RAM 3320/3964MB (lfb 1x2MB) SWAP 1982/1982MB (cached 6MB) CPU [29%@1132,32%@1132,23%@1132,59%@1132] EMC_FREQ 0% GR3D_FREQ 99% PLL@63C CPU@68.5C PMIC@50C GPU@69C AO@71.5C thermal@68.25C POM_5V_IN 8102/5245 POM_5V_GPU 4051/1730 POM_5V_CPU 1336/1207
RAM 3320/3964MB (lfb 1x2MB) SWAP 1982/1982MB (cached 6MB) CPU [21%@1326,28%@1326,8%@1326,65%@1326] EMC_FREQ 0% GR3D_FREQ 99% PLL@63C CPU@69C PMIC@50C GPU@69C AO@72C thermal@68.25C POM_5V_IN 8102/5293 POM_5V_GPU 4051/1770 POM_5V_CPU 1255/1208
RAM 3320/3964MB (lfb 1x2MB) SWAP 1982/1982MB (cached 6MB) CPU [30%@1326,13%@1326,13%@1326,65%@1326] EMC_FREQ 0% GR3D_FREQ 99% PLL@63.5C CPU@69C PMIC@50C GPU@69.5C AO@72C thermal@68.25C POM_5V_IN 8142/5341 POM_5V_GPU 4091/1808 POM_5V_CPU 1255/1209
RAM 3320/3964MB (lfb 1x2MB) SWAP 1982/1982MB (cached 6MB) CPU [37%@1224,26%@1224,32%@1224,28%@1224] EMC_FREQ 0% GR3D_FREQ 99% PLL@63C CPU@69C PMIC@50C GPU@69.5C AO@72.5C thermal@69.25C POM_5V_IN 8345/5390 POM_5V_GPU 4091/1846 POM_5V_CPU 1458/1213
RAM 3320/3964MB (lfb 1x2MB) SWAP 1982/1982MB (cached 6MB) CPU [25%@1428,71%@1428,15%@1428,28%@1428] EMC_FREQ 0% GR3D_FREQ 99% PLL@64C CPU@69.5C PMIC@50C GPU@70C AO@72.5C thermal@69.25C POM_5V_IN 8183/5435 POM_5V_GPU 4091/1882 POM_5V_CPU 1377/1215
RAM 3320/3964MB (lfb 1x2MB) SWAP 1982/1982MB (cached 6MB) CPU [28%@1326,17%@1326,23%@1326,50%@1326] EMC_FREQ 0% GR3D_FREQ 98% PLL@64C CPU@70C PMIC@50C GPU@70C AO@72.5C thermal@69.25C POM_5V_IN 8264/5480 POM_5V_GPU 4091/1917 POM_5V_CPU 1377/1218
RAM 3320/3964MB (lfb 1x2MB) SWAP 1982/1982MB (cached 6MB) CPU [18%@614,53%@614,30%@614,4%@614] EMC_FREQ 0% GR3D_FREQ 99% PLL@64C CPU@70C PMIC@50C GPU@70C AO@73C thermal@69.25C POM_5V_IN 8142/5521 POM_5V_GPU 4091/1951 POM_5V_CPU 1296/1219
RAM 3321/3964MB (lfb 1x2MB) SWAP 1982/1982MB (cached 6MB) CPU [42%@1428,61%@1428,46%@1428,46%@1428] EMC_FREQ 0% GR3D_FREQ 98% PLL@65.5C CPU@71C PMIC@50C GPU@71C AO@74C thermal@70.75C POM_5V_IN 8669/5570 POM_5V_GPU 3963/1982 POM_5V_CPU 1860/1229
RAM 3321/3964MB (lfb 1x2MB) SWAP 1982/1982MB (cached 6MB) CPU [21%@518,53%@518,21%@518,24%@518] EMC_FREQ 0% GR3D_FREQ 98% PLL@65C CPU@70.5C PMIC@50C GPU@71C AO@74C thermal@70.75C POM_5V_IN 8264/5611 POM_5V_GPU 4132/2015 POM_5V_CPU 1377/1231
RAM 3321/3964MB (lfb 1x2MB) SWAP 1982/1982MB (cached 6MB) CPU [20%@1224,38%@1224,40%@1224,20%@1224] EMC_FREQ 0% GR3D_FREQ 99% PLL@65C CPU@71C PMIC@50C GPU@71.5C AO@74.5C thermal@70.75C POM_5V_IN 8345/5651 POM_5V_GPU 4132/2046 POM_5V_CPU 1417/1234
RAM 3320/3964MB (lfb 1x2MB) SWAP 1982/1982MB (cached 6MB) CPU [24%@1479,16%@1479,48%@1479,16%@1479] EMC_FREQ 0% GR3D_FREQ 98% PLL@65.5C CPU@71.5C PMIC@50C GPU@72C AO@74C thermal@70.75C POM_5V_IN 8507/5693 POM_5V_GPU 4085/2076 POM_5V_CPU 1577/1239
RAM 3320/3964MB (lfb 1x2MB) SWAP 1982/1982MB (cached 6MB) CPU [29%@1224,19%@1224,35%@1224,55%@1224] EMC_FREQ 0% GR3D_FREQ 99% PLL@65.5C CPU@71.5C PMIC@50C GPU@71.5C AO@75C thermal@70.75C POM_5V_IN 8345/5732 POM_5V_GPU 4132/2106 POM_5V_CPU 1417/1241
RAM 3320/3964MB (lfb 1x2MB) SWAP 1982/1982MB (cached 6MB) CPU [25%@1132,28%@1132,28%@1132,48%@1132] EMC_FREQ 0% GR3D_FREQ 99% PLL@65.5C CPU@71.5C PMIC@50C GPU@72C AO@75C thermal@71.5C POM_5V_IN 8304/5769 POM_5V_GPU 4132/2135 POM_5V_CPU 1377/1243
RAM 3320/3964MB (lfb 1x2MB) SWAP 1982/1982MB (cached 6MB) CPU [33%@614,42%@614,21%@614,48%@614] EMC_FREQ 0% GR3D_FREQ 99% PLL@66C CPU@72C PMIC@50C GPU@72C AO@75C thermal@71.5C POM_5V_IN 8345/5805 POM_5V_GPU 4132/2163 POM_5V_CPU 1377/1245
RAM 3321/3964MB (lfb 1x2MB) SWAP 1982/1982MB (cached 6MB) CPU [28%@1036,13%@1036,20%@1036,72%@1036] EMC_FREQ 0% GR3D_FREQ 98% PLL@66C CPU@72C PMIC@50C GPU@72C AO@75C thermal@71.5C POM_5V_IN 8467/5842 POM_5V_GPU 4091/2190 POM_5V_CPU 1496/1249
RAM 3321/3964MB (lfb 1x2MB) SWAP 1982/1982MB (cached 6MB) CPU [29%@1479,28%@1479,26%@1479,26%@1479] EMC_FREQ 0% GR3D_FREQ 98% PLL@66C CPU@72.5C PMIC@50C GPU@72.5C AO@75.5C thermal@71.5C POM_5V_IN 8426/5877 POM_5V_GPU 4132/2216 POM_5V_CPU 1496/1252
RAM 3321/3964MB (lfb 1x2MB) SWAP 1982/1982MB (cached 6MB) CPU [20%@1479,19%@1479,46%@1479,20%@1479] EMC_FREQ 0% GR3D_FREQ 99% PLL@66.5C CPU@72.5C PMIC@50C GPU@72.5C AO@75.5C thermal@72.5C POM_5V_IN 8467/5912 POM_5V_GPU 4125/2242 POM_5V_CPU 1496/1255
RAM 3321/3964MB (lfb 1x2MB) SWAP 1982/1982MB (cached 6MB) CPU [29%@614,12%@614,25%@614,67%@614] EMC_FREQ 0% GR3D_FREQ 99% PLL@66.5C CPU@72.5C PMIC@50C GPU@72.5C AO@75.5C thermal@72.5C POM_5V_IN 8426/5946 POM_5V_GPU 4166/2268 POM_5V_CPU 1456/1258
RAM 3321/3964MB (lfb 1x2MB) SWAP 1982/1982MB (cached 6MB) CPU [28%@1224,19%@1224,44%@1224,26%@1224] EMC_FREQ 0% GR3D_FREQ 98% PLL@67C CPU@72.5C PMIC@50C GPU@73C AO@76C thermal@72.5C POM_5V_IN 8548/5980 POM_5V_GPU 4166/2293 POM_5V_CPU 1537/1262
RAM 3320/3964MB (lfb 1x2MB) SWAP 1982/1982MB (cached 6MB) CPU [25%@1326,55%@1326,28%@1326,20%@1326] EMC_FREQ 0% GR3D_FREQ 98% PLL@67C CPU@73C PMIC@50C GPU@73.5C AO@76C thermal@72.5C POM_5V_IN 8588/6014 POM_5V_GPU 4166/2317 POM_5V_CPU 1537/1265
RAM 3320/3964MB (lfb 1x2MB) SWAP 1982/1982MB (cached 6MB) CPU [28%@1224,28%@1224,40%@1224,25%@1224] EMC_FREQ 0% GR3D_FREQ 98% PLL@67.5C CPU@73.5C PMIC@50C GPU@73.5C AO@76C thermal@73.5C POM_5V_IN 8548/6046 POM_5V_GPU 4166/2341 POM_5V_CPU 1537/1269
RAM 3320/3964MB (lfb 1x2MB) SWAP 1982/1982MB (cached 6MB) CPU [21%@921,40%@921,38%@921,20%@921] EMC_FREQ 0% GR3D_FREQ 98% PLL@67C CPU@73.5C PMIC@50C GPU@73.5C AO@76.5C thermal@73.5C POM_5V_IN 8507/6077 POM_5V_GPU 4206/2364 POM_5V_CPU 1537/1272
RAM 3320/3964MB (lfb 1x2MB) SWAP 1982/1982MB (cached 6MB) CPU [24%@1479,30%@1479,34%@1479,34%@1479] EMC_FREQ 0% GR3D_FREQ 98% PLL@68C CPU@74C PMIC@50C GPU@74C AO@77C thermal@73.5C POM_5V_IN 8629/6109 POM_5V_GPU 4166/2387 POM_5V_CPU 1537/1276
RAM 3320/3964MB (lfb 1x2MB) SWAP 1982/1982MB (cached 6MB) CPU [30%@1036,55%@1036,16%@1036,28%@1036] EMC_FREQ 0% GR3D_FREQ 99% PLL@68C CPU@74C PMIC@50C GPU@74C AO@76.5C thermal@73.5C POM_5V_IN 8548/6139 POM_5V_GPU 4206/2409 POM_5V_CPU 1537/1279
RAM 3321/3964MB (lfb 1x2MB) SWAP 1982/1982MB (cached 6MB) CPU [24%@1326,24%@1326,44%@1326,12%@1326] EMC_FREQ 0% GR3D_FREQ 99% PLL@68C CPU@74C PMIC@50C GPU@74.5C AO@77C thermal@73.5C POM_5V_IN 8669/6170 POM_5V_GPU 4206/2431 POM_5V_CPU 1658/1283
RAM 3320/3964MB (lfb 1x2MB) SWAP 1982/1982MB (cached 6MB) CPU [29%@1479,25%@1479,40%@1479,16%@1479] EMC_FREQ 0% GR3D_FREQ 98% PLL@68C CPU@75C PMIC@50C GPU@74.5C AO@77.5C thermal@74.5C POM_5V_IN 8669/6200 POM_5V_GPU 4206/2453 POM_5V_CPU 1698/1288
RAM 3320/3964MB (lfb 1x2MB) SWAP 1982/1982MB (cached 6MB) CPU [30%@1428,42%@1428,32%@1428,28%@1428] EMC_FREQ 0% GR3D_FREQ 99% PLL@68.5C CPU@74.5C PMIC@50C GPU@74.5C AO@77.5C thermal@74.5C POM_5V_IN 8548/6228 POM_5V_GPU 4206/2474 POM_5V_CPU 1496/1291
RAM 3320/3964MB (lfb 1x2MB) SWAP 1982/1982MB (cached 6MB) CPU [21%@1479,26%@1479,16%@1479,65%@1479] EMC_FREQ 0% GR3D_FREQ 99% PLL@68.5C CPU@74.5C PMIC@50C GPU@74.5C AO@77.5C thermal@74.5C POM_5V_IN 8426/6254 POM_5V_GPU 4206/2494 POM_5V_CPU 1458/1293
RAM 3320/3964MB (lfb 1x2MB) SWAP 1982/1982MB (cached 6MB) CPU [28%@710,21%@710,19%@710,62%@710] EMC_FREQ 0% GR3D_FREQ 99% PLL@68C CPU@74.5C PMIC@50C GPU@74.5C AO@77.5C thermal@74.5C POM_5V_IN 8467/6280 POM_5V_GPU 4213/2514 POM_5V_CPU 1377/1294
RAM 3320/3964MB (lfb 1x2MB) SWAP 1982/1982MB (cached 6MB) CPU [21%@1326,20%@1326,33%@1326,40%@1326] EMC_FREQ 0% GR3D_FREQ 98% PLL@68.5C CPU@75C PMIC@50C GPU@75C AO@77.5C thermal@74.75C POM_5V_IN 8548/6306 POM_5V_GPU 4206/2533 POM_5V_CPU 1496/1296
RAM 3320/3964MB (lfb 1x2MB) SWAP 1982/1982MB (cached 6MB) CPU [40%@1479,12%@1479,20%@1479,30%@1479] EMC_FREQ 0% GR3D_FREQ 98% PLL@69C CPU@75.5C PMIC@50C GPU@75C AO@78C thermal@74.75C POM_5V_IN 8629/6332 POM_5V_GPU 4206/2552 POM_5V_CPU 1537/1299
RAM 3320/3964MB (lfb 1x2MB) SWAP 1982/1982MB (cached 6MB) CPU [25%@1224,19%@1224,38%@1224,44%@1224] EMC_FREQ 0% GR3D_FREQ 99% PLL@69C CPU@75.5C PMIC@50C GPU@75.5C AO@78C thermal@74.75C POM_5V_IN 8548/6357 POM_5V_GPU 4247/2571 POM_5V_CPU 1415/1300
RAM 3320/3964MB (lfb 1x2MB) SWAP 1982/1982MB (cached 6MB) CPU [28%@1479,26%@1479,46%@1479,15%@1479] EMC_FREQ 0% GR3D_FREQ 98% PLL@69C CPU@76C PMIC@50C GPU@75.5C AO@78.5C thermal@74.75C POM_5V_IN 8588/6382 POM_5V_GPU 4206/2590 POM_5V_CPU 1537/1303
RAM 3315/3964MB (lfb 1x2MB) SWAP 1982/1982MB (cached 6MB) CPU [32%@1036,41%@1036,28%@1036,26%@1036] EMC_FREQ 0% GR3D_FREQ 98% PLL@69.5C CPU@76C PMIC@50C GPU@75.5C AO@79C thermal@75.75C POM_5V_IN 8588/6406 POM_5V_GPU 4247/2608 POM_5V_CPU 1537/1305
RAM 3315/3964MB (lfb 1x2MB) SWAP 1982/1982MB (cached 6MB) CPU [30%@1326,20%@1326,46%@1326,28%@1326] EMC_FREQ 0% GR3D_FREQ 98% PLL@69.5C CPU@76C PMIC@50C GPU@76C AO@79C thermal@75.75C POM_5V_IN 8588/6430 POM_5V_GPU 4247/2626 POM_5V_CPU 1496/1307
RAM 3315/3964MB (lfb 1x2MB) SWAP 1982/1982MB (cached 6MB) CPU [28%@1132,50%@1132,23%@1132,26%@1132] EMC_FREQ 0% GR3D_FREQ 99% PLL@69.5C CPU@76C PMIC@50C GPU@76C AO@79C thermal@75.75C POM_5V_IN 8588/6453 POM_5V_GPU 4247/2643 POM_5V_CPU 1456/1309
RAM 3315/3964MB (lfb 1x2MB) SWAP 1982/1982MB (cached 6MB) CPU [26%@1479,15%@1479,54%@1479,15%@1479] EMC_FREQ 0% GR3D_FREQ 98% PLL@70C CPU@76.5C PMIC@50C GPU@76C AO@79.5C thermal@75.75C POM_5V_IN 8669/6477 POM_5V_GPU 4247/2660 POM_5V_CPU 1577/1312
RAM 3315/3964MB (lfb 1x2MB) SWAP 1982/1982MB (cached 6MB) CPU [20%@1479,8%@1479,45%@614,13%@614] EMC_FREQ 0% GR3D_FREQ 98% PLL@70C CPU@76.5C PMIC@50C GPU@76.5C AO@79.5C thermal@75.75C POM_5V_IN 8669/6500 POM_5V_GPU 4247/2677 POM_5V_CPU 1577/1315
RAM 3315/3964MB (lfb 1x2MB) SWAP 1982/1982MB (cached 6MB) CPU [30%@1132,55%@1132,26%@1132,20%@1132] EMC_FREQ 0% GR3D_FREQ 99% PLL@70C CPU@76.5C PMIC@50C GPU@76.5C AO@79.5C thermal@76.25C POM_5V_IN 8669/6522 POM_5V_GPU 4247/2693 POM_5V_CPU 1537/1317
RAM 3315/3964MB (lfb 1x2MB) SWAP 1982/1982MB (cached 6MB) CPU [28%@1326,70%@1326,23%@1326,15%@1326] EMC_FREQ 0% GR3D_FREQ 99% PLL@70C CPU@76.5C PMIC@50C GPU@76.5C AO@79.5C thermal@76.25C POM_5V_IN 8669/6545 POM_5V_GPU 4247/2709 POM_5V_CPU 1496/1319
RAM 3315/3964MB (lfb 1x2MB) SWAP 1982/1982MB (cached 6MB) CPU [32%@1479,67%@1479,18%@1479,22%@1479] EMC_FREQ 0% GR3D_FREQ 99% PLL@70C CPU@76.5C PMIC@50C GPU@76.5C AO@79.5C thermal@76.25C POM_5V_IN 8588/6565 POM_5V_GPU 4247/2725 POM_5V_CPU 1456/1320
RAM 3315/3964MB (lfb 1x2MB) SWAP 1982/1982MB (cached 6MB) CPU [44%@1479,12%@1479,34%@1479,23%@1479] EMC_FREQ 0% GR3D_FREQ 98% PLL@70.5C CPU@77C PMIC@50C GPU@77C AO@80C thermal@76.25C POM_5V_IN 8669/6587 POM_5V_GPU 4247/2740 POM_5V_CPU 1577/1323
RAM 3315/3964MB (lfb 1x2MB) SWAP 1982/1982MB (cached 6MB) CPU [21%@518,19%@518,21%@518,64%@710] EMC_FREQ 0% GR3D_FREQ 99% PLL@70C CPU@77C PMIC@50C GPU@77C AO@80C thermal@77C POM_5V_IN 8588/6607 POM_5V_GPU 4287/2756 POM_5V_CPU 1415/1324
RAM 3315/3964MB (lfb 1x2MB) SWAP 1982/1982MB (cached 6MB) CPU [25%@1224,24%@1224,32%@1224,32%@1224] EMC_FREQ 0% GR3D_FREQ 99% PLL@71C CPU@77C PMIC@50C GPU@77.5C AO@80C thermal@77C POM_5V_IN 8669/6627 POM_5V_GPU 4287/2771 POM_5V_CPU 1537/1326
RAM 3315/3964MB (lfb 1x2MB) SWAP 1982/1982MB (cached 6MB) CPU [13%@921,30%@921,38%@921,29%@921] EMC_FREQ 0% GR3D_FREQ 99% PLL@71C CPU@77.5C PMIC@50C GPU@77.5C AO@80.5C thermal@77C POM_5V_IN 8750/6648 POM_5V_GPU 4287/2786 POM_5V_CPU 1537/1328
RAM 3315/3964MB (lfb 1x2MB) SWAP 1982/1982MB (cached 6MB) CPU [28%@921,20%@921,20%@921,70%@921] EMC_FREQ 0% GR3D_FREQ 99% PLL@71C CPU@77C PMIC@50C GPU@77.5C AO@80.5C thermal@77C POM_5V_IN 8669/6667 POM_5V_GPU 4287/2800 POM_5V_CPU 1496/1329
RAM 3315/3964MB (lfb 1x2MB) SWAP 1982/1982MB (cached 6MB) CPU [33%@1132,40%@1132,15%@1132,50%@1132] EMC_FREQ 0% GR3D_FREQ 99% PLL@70.5C CPU@77.5C PMIC@50C GPU@77.5C AO@80.5C thermal@77.5C POM_5V_IN 8588/6686 POM_5V_GPU 4287/2814 POM_5V_CPU 1415/1330
RAM 3315/3964MB (lfb 1x2MB) SWAP 1982/1982MB (cached 6MB) CPU [29%@921,50%@921,23%@921,17%@921] EMC_FREQ 0% GR3D_FREQ 99% PLL@71C CPU@77.5C PMIC@50C GPU@77.5C AO@80.5C thermal@77.5C POM_5V_IN 8669/6705 POM_5V_GPU 4287/2829 POM_5V_CPU 1496/1332
RAM 3315/3964MB (lfb 1x2MB) SWAP 1982/1982MB (cached 6MB) CPU [24%@1479,12%@1479,56%@1479,8%@1479] EMC_FREQ 0% GR3D_FREQ 98% PLL@71.5C CPU@78C PMIC@50C GPU@78C AO@81C thermal@77.5C POM_5V_IN 8791/6724 POM_5V_GPU 4287/2842 POM_5V_CPU 1617/1335
RAM 3315/3964MB (lfb 1x2MB) SWAP 1982/1982MB (cached 6MB) CPU [20%@1479,19%@1479,24%@1479,59%@1479] EMC_FREQ 0% GR3D_FREQ 99% PLL@71C CPU@78C PMIC@50C GPU@78C AO@81C thermal@77.5C POM_5V_IN 8831/6744 POM_5V_GPU 4287/2856 POM_5V_CPU 1658/1338
RAM 3315/3964MB (lfb 1x2MB) SWAP 1982/1982MB (cached 6MB) CPU [36%@825,24%@825,30%@825,12%@825] EMC_FREQ 0% GR3D_FREQ 98% PLL@71.5C CPU@78.5C PMIC@50C GPU@78C AO@81C thermal@77.5C POM_5V_IN 8831/6763 POM_5V_GPU 4287/2869 POM_5V_CPU 1658/1340
RAM 3315/3964MB (lfb 1x2MB) SWAP 1982/1982MB (cached 6MB) CPU [33%@1479,30%@1479,33%@1479,20%@1479] EMC_FREQ 0% GR3D_FREQ 99% PLL@71.5C CPU@78.5C PMIC@50C GPU@78.5C AO@81C thermal@78.25C POM_5V_IN 8791/6782 POM_5V_GPU 4287/2882 POM_5V_CPU 1577/1343
RAM 3316/3964MB (lfb 1x2MB) SWAP 1982/1982MB (cached 6MB) CPU [19%@1479,8%@1479,76%@1479,11%@1479] EMC_FREQ 0% GR3D_FREQ 0% PLL@71C CPU@77C PMIC@50C GPU@76C AO@81C thermal@78.25C POM_5V_IN 4803/6764 POM_5V_GPU 975/2865 POM_5V_CPU 1503/1344
RAM 3288/3964MB (lfb 1x2MB) SWAP 1982/1982MB (cached 6MB) CPU [0%@1479,15%@1479,100%@1479,7%@1479] EMC_FREQ 0% GR3D_FREQ 3% PLL@69C CPU@73C PMIC@50C GPU@72.5C AO@79C thermal@78.25C POM_5V_IN 4233/6741 POM_5V_GPU 651/2845 POM_5V_CPU 1341/1344
RAM 2445/3964MB (lfb 16x2MB) SWAP 1982/1982MB (cached 6MB) CPU [7%@1479,60%@1479,42%@1479,7%@1479] EMC_FREQ 0% GR3D_FREQ 0% PLL@68C CPU@72.5C PMIC@50C GPU@70.5C AO@78C thermal@78.25C POM_5V_IN 3866/6716 POM_5V_GPU 325/2822 POM_5V_CPU 1302/1344
