

=== 2026-05-21T20:54:03 ===
F:\TFM experimento\training\.venv\Scripts\python.exe F:\TFM experimento\training\scripts\train_cls_hparams.py --data F:\TFM experimento\training\dataset\domain_mix_zenodo_plantdoc_pd5_umair_hard --model F:\TFM experimento\training\runs\classify\runs\domainmix_pd5_from_fieldaug_e25_e10\weights\best.pt --epochs 25 --imgsz 320 --batch 32 --workers 4 --device 0 --project runs/pareto --name p09_img320_lr5e4_wd5e4_freeze10_e25 --optimizer AdamW --lr0 0.0005 --weight-decay 0.0005 --dropout 0.0 --freeze 10 --aug-profile medium --mixup 0.0 --cutmix 0.0
New https://pypi.org/project/ultralytics/8.4.52 available  Update with 'pip install -U ultralytics'
Ultralytics 8.4.50  Python-3.12.10 torch-2.12.0+cu126 CUDA:0 (NVIDIA GeForce RTX 3080, 10240MiB)
[34m[1mengine\trainer: [0magnostic_nms=False, amp=True, angle=1.0, augment=False, auto_augment=randaugment, batch=32, bgr=0.0, box=7.5, cache=False, cfg=None, classes=None, close_mosaic=10, cls=0.5, cls_pw=0.0, compile=False, conf=None, copy_paste=0.0, copy_paste_mode=flip, cos_lr=False, cutmix=0.0, data=F:\TFM experimento\training\dataset\domain_mix_zenodo_plantdoc_pd5_umair_hard, degrees=20, deterministic=True, device=0, dfl=1.5, dnn=False, dropout=0.0, dynamic=False, embed=None, end2end=None, epochs=25, erasing=0.25, exist_ok=False, fliplr=0.5, flipud=0.0, format=torchscript, fraction=1.0, freeze=10, half=False, hsv_h=0.035, hsv_s=0.65, hsv_v=0.55, imgsz=320, int8=False, iou=0.7, keras=False, kobj=1.0, line_width=None, lr0=0.0005, lrf=0.01, mask_ratio=4, max_det=300, mixup=0.0, mode=train, model=F:\TFM experimento\training\runs\classify\runs\domainmix_pd5_from_fieldaug_e25_e10\weights\best.pt, momentum=0.937, mosaic=1.0, multi_scale=0.0, name=p09_img320_lr5e4_wd5e4_freeze10_e25, nbs=64, nms=False, opset=None, optimize=False, optimizer=AdamW, overlap_mask=True, patience=10, perspective=0.0008, plots=True, pose=12.0, pretrained=True, profile=False, project=runs/pareto, rect=False, resume=False, retina_masks=False, rle=1.0, save=True, save_conf=False, save_crop=False, save_dir=F:\TFM experimento\training\runs\classify\runs\pareto\p09_img320_lr5e4_wd5e4_freeze10_e25, save_frames=False, save_json=False, save_period=-1, save_txt=False, scale=0.35, seed=0, shear=6, show=False, show_boxes=True, show_conf=True, show_labels=True, simplify=True, single_cls=False, source=None, split=val, stream_buffer=False, task=classify, time=None, tracker=botsort.yaml, translate=0.12, val=True, verbose=True, vid_stride=1, visualize=False, warmup_bias_lr=0.1, warmup_epochs=3.0, warmup_momentum=0.8, weight_decay=0.0005, workers=4, workspace=None
[34m[1mtrain:[0m F:\TFM experimento\training\dataset\domain_mix_zenodo_plantdoc_pd5_umair_hard\train... found 15125 images in 10 classes  
ERROR [34m[1mval:[0m F:\TFM experimento\training\dataset\domain_mix_zenodo_plantdoc_pd5_umair_hard\val... found 69 images in 8 classes (requires 10 classes, not 8)
[34m[1mtest:[0m None...

                   from  n    params  module                                       arguments                     
  0                  -1  1       464  ultralytics.nn.modules.conv.Conv             [3, 16, 3, 2]                 
  1                  -1  1      4672  ultralytics.nn.modules.conv.Conv             [16, 32, 3, 2]                
  2                  -1  1      7360  ultralytics.nn.modules.block.C2f             [32, 32, 1, True]             
  3                  -1  1     18560  ultralytics.nn.modules.conv.Conv             [32, 64, 3, 2]                
  4                  -1  2     49664  ultralytics.nn.modules.block.C2f             [64, 64, 2, True]             
  5                  -1  1     73984  ultralytics.nn.modules.conv.Conv             [64, 128, 3, 2]               
  6                  -1  2    197632  ultralytics.nn.modules.block.C2f             [128, 128, 2, True]           
  7                  -1  1    295424  ultralytics.nn.modules.conv.Conv             [128, 256, 3, 2]              
  8                  -1  1    460288  ultralytics.nn.modules.block.C2f             [256, 256, 1, True]           
  9                  -1  1    343050  ultralytics.nn.modules.head.Classify         [256, 10]                     
YOLOv8n-cls summary: 56 layers, 1,451,098 parameters, 1,451,098 gradients, 3.4 GFLOPs
Transferred 158/158 items from pretrained weights
Freezing layer 'model.0.conv.weight'
Freezing layer 'model.0.bn.weight'
Freezing layer 'model.0.bn.bias'
Freezing layer 'model.1.conv.weight'
Freezing layer 'model.1.bn.weight'
Freezing layer 'model.1.bn.bias'
Freezing layer 'model.2.cv1.conv.weight'
Freezing layer 'model.2.cv1.bn.weight'
Freezing layer 'model.2.cv1.bn.bias'
Freezing layer 'model.2.cv2.conv.weight'
Freezing layer 'model.2.cv2.bn.weight'
Freezing layer 'model.2.cv2.bn.bias'
Freezing layer 'model.2.m.0.cv1.conv.weight'
Freezing layer 'model.2.m.0.cv1.bn.weight'
Freezing layer 'model.2.m.0.cv1.bn.bias'
Freezing layer 'model.2.m.0.cv2.conv.weight'
Freezing layer 'model.2.m.0.cv2.bn.weight'
Freezing layer 'model.2.m.0.cv2.bn.bias'
Freezing layer 'model.3.conv.weight'
Freezing layer 'model.3.bn.weight'
Freezing layer 'model.3.bn.bias'
Freezing layer 'model.4.cv1.conv.weight'
Freezing layer 'model.4.cv1.bn.weight'
Freezing layer 'model.4.cv1.bn.bias'
Freezing layer 'model.4.cv2.conv.weight'
Freezing layer 'model.4.cv2.bn.weight'
Freezing layer 'model.4.cv2.bn.bias'
Freezing layer 'model.4.m.0.cv1.conv.weight'
Freezing layer 'model.4.m.0.cv1.bn.weight'
Freezing layer 'model.4.m.0.cv1.bn.bias'
Freezing layer 'model.4.m.0.cv2.conv.weight'
Freezing layer 'model.4.m.0.cv2.bn.weight'
Freezing layer 'model.4.m.0.cv2.bn.bias'
Freezing layer 'model.4.m.1.cv1.conv.weight'
Freezing layer 'model.4.m.1.cv1.bn.weight'
Freezing layer 'model.4.m.1.cv1.bn.bias'
Freezing layer 'model.4.m.1.cv2.conv.weight'
Freezing layer 'model.4.m.1.cv2.bn.weight'
Freezing layer 'model.4.m.1.cv2.bn.bias'
Freezing layer 'model.5.conv.weight'
Freezing layer 'model.5.bn.weight'
Freezing layer 'model.5.bn.bias'
Freezing layer 'model.6.cv1.conv.weight'
Freezing layer 'model.6.cv1.bn.weight'
Freezing layer 'model.6.cv1.bn.bias'
Freezing layer 'model.6.cv2.conv.weight'
Freezing layer 'model.6.cv2.bn.weight'
Freezing layer 'model.6.cv2.bn.bias'
Freezing layer 'model.6.m.0.cv1.conv.weight'
Freezing layer 'model.6.m.0.cv1.bn.weight'
Freezing layer 'model.6.m.0.cv1.bn.bias'
Freezing layer 'model.6.m.0.cv2.conv.weight'
Freezing layer 'model.6.m.0.cv2.bn.weight'
Freezing layer 'model.6.m.0.cv2.bn.bias'
Freezing layer 'model.6.m.1.cv1.conv.weight'
Freezing layer 'model.6.m.1.cv1.bn.weight'
Freezing layer 'model.6.m.1.cv1.bn.bias'
Freezing layer 'model.6.m.1.cv2.conv.weight'
Freezing layer 'model.6.m.1.cv2.bn.weight'
Freezing layer 'model.6.m.1.cv2.bn.bias'
Freezing layer 'model.7.conv.weight'
Freezing layer 'model.7.bn.weight'
Freezing layer 'model.7.bn.bias'
Freezing layer 'model.8.cv1.conv.weight'
Freezing layer 'model.8.cv1.bn.weight'
Freezing layer 'model.8.cv1.bn.bias'
Freezing layer 'model.8.cv2.conv.weight'
Freezing layer 'model.8.cv2.bn.weight'
Freezing layer 'model.8.cv2.bn.bias'
Freezing layer 'model.8.m.0.cv1.conv.weight'
Freezing layer 'model.8.m.0.cv1.bn.weight'
Freezing layer 'model.8.m.0.cv1.bn.bias'
Freezing layer 'model.8.m.0.cv2.conv.weight'
Freezing layer 'model.8.m.0.cv2.bn.weight'
Freezing layer 'model.8.m.0.cv2.bn.bias'
Freezing layer 'model.9.conv.conv.weight'
Freezing layer 'model.9.conv.bn.weight'
Freezing layer 'model.9.conv.bn.bias'
Freezing layer 'model.9.linear.weight'
Freezing layer 'model.9.linear.bias'
Traceback (most recent call last):
  File "F:\TFM experimento\training\scripts\train_cls_hparams.py", line 112, in <module>
    main()
  File "F:\TFM experimento\training\scripts\train_cls_hparams.py", line 108, in main
    model.train(**train_kwargs)
  File "F:\TFM experimento\training\.venv\Lib\site-packages\ultralytics\engine\model.py", line 792, in train
    self.trainer.train()
  File "F:\TFM experimento\training\.venv\Lib\site-packages\ultralytics\engine\trainer.py", line 246, in train
    self._do_train()
  File "F:\TFM experimento\training\.venv\Lib\site-packages\ultralytics\engine\trainer.py", line 380, in _do_train
    self._setup_train()
  File "F:\TFM experimento\training\.venv\Lib\site-packages\ultralytics\engine\trainer.py", line 326, in _setup_train
    raise RuntimeError(
RuntimeError: 'freeze=10' froze the entire model with no trainable parameters left. Reduce 'freeze' or pass a list of specific layer indices.
