Building p07_img320_lr5e4_wd1e3_aughigh_e25 fp32
&&&& RUNNING TensorRT.trtexec [TensorRT v8001] # /usr/src/tensorrt/bin/trtexec --onnx=/home/mic-710ai/tfm-experimento/models/pareto_candidates/p07_img320_lr5e4_wd1e3_aughigh_e25/p07_img320_lr5e4_wd1e3_aughigh_e25.onnx --saveEngine=/home/mic-710ai/tfm-experimento/engines/pareto_candidates/p07_img320_lr5e4_wd1e3_aughigh_e25_fp32.engine --explicitBatch --workspace=512 --buildOnly
[05/22/2026-04:27:59] [I] === Model Options ===
[05/22/2026-04:27:59] [I] Format: ONNX
[05/22/2026-04:27:59] [I] Model: /home/mic-710ai/tfm-experimento/models/pareto_candidates/p07_img320_lr5e4_wd1e3_aughigh_e25/p07_img320_lr5e4_wd1e3_aughigh_e25.onnx
[05/22/2026-04:27:59] [I] Output:
[05/22/2026-04:27:59] [I] === Build Options ===
[05/22/2026-04:27:59] [I] Max batch: explicit
[05/22/2026-04:27:59] [I] Workspace: 512 MiB
[05/22/2026-04:27:59] [I] minTiming: 1
[05/22/2026-04:27:59] [I] avgTiming: 8
[05/22/2026-04:27:59] [I] Precision: FP32
[05/22/2026-04:27:59] [I] Calibration: 
[05/22/2026-04:27:59] [I] Refit: Disabled
[05/22/2026-04:27:59] [I] Sparsity: Disabled
[05/22/2026-04:27:59] [I] Safe mode: Disabled
[05/22/2026-04:27:59] [I] Restricted mode: Disabled
[05/22/2026-04:27:59] [I] Save engine: /home/mic-710ai/tfm-experimento/engines/pareto_candidates/p07_img320_lr5e4_wd1e3_aughigh_e25_fp32.engine
[05/22/2026-04:27:59] [I] Load engine: 
[05/22/2026-04:27:59] [I] NVTX verbosity: 0
[05/22/2026-04:27:59] [I] Tactic sources: Using default tactic sources
[05/22/2026-04:27:59] [I] timingCacheMode: local
[05/22/2026-04:27:59] [I] timingCacheFile: 
[05/22/2026-04:27:59] [I] Input(s)s format: fp32:CHW
[05/22/2026-04:27:59] [I] Output(s)s format: fp32:CHW
[05/22/2026-04:27:59] [I] Input build shapes: model
[05/22/2026-04:27:59] [I] Input calibration shapes: model
[05/22/2026-04:27:59] [I] === System Options ===
[05/22/2026-04:27:59] [I] Device: 0
[05/22/2026-04:27:59] [I] DLACore: 
[05/22/2026-04:27:59] [I] Plugins:
[05/22/2026-04:27:59] [I] === Inference Options ===
[05/22/2026-04:27:59] [I] Batch: Explicit
[05/22/2026-04:27:59] [I] Input inference shapes: model
[05/22/2026-04:27:59] [I] Iterations: 10
[05/22/2026-04:27:59] [I] Duration: 3s (+ 200ms warm up)
[05/22/2026-04:27:59] [I] Sleep time: 0ms
[05/22/2026-04:27:59] [I] Streams: 1
[05/22/2026-04:27:59] [I] ExposeDMA: Disabled
[05/22/2026-04:27:59] [I] Data transfers: Enabled
[05/22/2026-04:27:59] [I] Spin-wait: Disabled
[05/22/2026-04:27:59] [I] Multithreading: Disabled
[05/22/2026-04:27:59] [I] CUDA Graph: Disabled
[05/22/2026-04:27:59] [I] Separate profiling: Disabled
[05/22/2026-04:27:59] [I] Time Deserialize: Disabled
[05/22/2026-04:27:59] [I] Time Refit: Disabled
[05/22/2026-04:27:59] [I] Skip inference: Enabled
[05/22/2026-04:27:59] [I] Inputs:
[05/22/2026-04:27:59] [I] === Reporting Options ===
[05/22/2026-04:27:59] [I] Verbose: Disabled
[05/22/2026-04:27:59] [I] Averages: 10 inferences
[05/22/2026-04:27:59] [I] Percentile: 99
[05/22/2026-04:27:59] [I] Dump refittable layers:Disabled
[05/22/2026-04:27:59] [I] Dump output: Disabled
[05/22/2026-04:27:59] [I] Profile: Disabled
[05/22/2026-04:27:59] [I] Export timing to JSON file: 
[05/22/2026-04:27:59] [I] Export output to JSON file: 
[05/22/2026-04:27:59] [I] Export profile to JSON file: 
[05/22/2026-04:27:59] [I] 
[05/22/2026-04:27:59] [I] === Device Information ===
[05/22/2026-04:27:59] [I] Selected Device: NVIDIA Tegra X1
[05/22/2026-04:27:59] [I] Compute Capability: 5.3
[05/22/2026-04:27:59] [I] SMs: 1
[05/22/2026-04:27:59] [I] Compute Clock Rate: 0.9216 GHz
[05/22/2026-04:27:59] [I] Device Global Memory: 3964 MiB
[05/22/2026-04:27:59] [I] Shared Memory per SM: 64 KiB
[05/22/2026-04:27:59] [I] Memory Bus Width: 64 bits (ECC disabled)
[05/22/2026-04:27:59] [I] Memory Clock Rate: 0.01275 GHz
[05/22/2026-04:27:59] [I] 
[05/22/2026-04:27:59] [I] TensorRT version: 8001
[05/22/2026-04:28:01] [I] [TRT] [MemUsageChange] Init CUDA: CPU +203, GPU +0, now: CPU 221, GPU 3368 (MiB)
[05/22/2026-04:28:01] [I] Start parsing network model
[05/22/2026-04:28:01] [I] [TRT] ----------------------------------------------------------------
[05/22/2026-04:28:01] [I] [TRT] Input filename:   /home/mic-710ai/tfm-experimento/models/pareto_candidates/p07_img320_lr5e4_wd1e3_aughigh_e25/p07_img320_lr5e4_wd1e3_aughigh_e25.onnx
[05/22/2026-04:28:01] [I] [TRT] ONNX IR version:  0.0.7
[05/22/2026-04:28:01] [I] [TRT] Opset version:    12
[05/22/2026-04:28:01] [I] [TRT] Producer name:    pytorch
[05/22/2026-04:28:01] [I] [TRT] Producer version: 2.12.0
[05/22/2026-04:28:01] [I] [TRT] Domain:           
[05/22/2026-04:28:01] [I] [TRT] Model version:    0
[05/22/2026-04:28:01] [I] [TRT] Doc string:       
[05/22/2026-04:28:01] [I] [TRT] ----------------------------------------------------------------
[05/22/2026-04:28:01] [I] Finish parsing network model
[05/22/2026-04:28:01] [I] [TRT] [MemUsageChange] Init CUDA: CPU +0, GPU +0, now: CPU 227, GPU 3386 (MiB)
[05/22/2026-04:28:01] [I] [TRT] [MemUsageSnapshot] Builder begin: CPU 227 MiB, GPU 3386 MiB
[05/22/2026-04:28:01] [I] [TRT] ---------- Layers Running on DLA ----------
[05/22/2026-04:28:01] [I] [TRT] ---------- Layers Running on GPU ----------
[05/22/2026-04:28:01] [I] [TRT] [GpuLayer] /model.0/conv/Conv
[05/22/2026-04:28:01] [I] [TRT] [GpuLayer] PWN(PWN(/model.0/act/Sigmoid), /model.0/act/Mul)
[05/22/2026-04:28:01] [I] [TRT] [GpuLayer] /model.1/conv/Conv
[05/22/2026-04:28:01] [I] [TRT] [GpuLayer] PWN(PWN(/model.1/act/Sigmoid), /model.1/act/Mul)
[05/22/2026-04:28:01] [I] [TRT] [GpuLayer] /model.2/cv1/conv/Conv
[05/22/2026-04:28:01] [I] [TRT] [GpuLayer] PWN(PWN(/model.2/cv1/act/Sigmoid), /model.2/cv1/act/Mul)
[05/22/2026-04:28:01] [I] [TRT] [GpuLayer] /model.2/Split
[05/22/2026-04:28:01] [I] [TRT] [GpuLayer] /model.2/Split_0
[05/22/2026-04:28:01] [I] [TRT] [GpuLayer] /model.2/m.0/cv1/conv/Conv
[05/22/2026-04:28:01] [I] [TRT] [GpuLayer] PWN(PWN(/model.2/m.0/cv1/act/Sigmoid), /model.2/m.0/cv1/act/Mul)
[05/22/2026-04:28:01] [I] [TRT] [GpuLayer] /model.2/m.0/cv2/conv/Conv
[05/22/2026-04:28:01] [I] [TRT] [GpuLayer] PWN(PWN(PWN(/model.2/m.0/cv2/act/Sigmoid), /model.2/m.0/cv2/act/Mul), /model.2/m.0/Add)
[05/22/2026-04:28:01] [I] [TRT] [GpuLayer] /model.2/Split_output_1 copy
[05/22/2026-04:28:01] [I] [TRT] [GpuLayer] /model.2/cv2/conv/Conv
[05/22/2026-04:28:01] [I] [TRT] [GpuLayer] PWN(PWN(/model.2/cv2/act/Sigmoid), /model.2/cv2/act/Mul)
[05/22/2026-04:28:01] [I] [TRT] [GpuLayer] /model.3/conv/Conv
[05/22/2026-04:28:01] [I] [TRT] [GpuLayer] PWN(PWN(/model.3/act/Sigmoid), /model.3/act/Mul)
[05/22/2026-04:28:01] [I] [TRT] [GpuLayer] /model.4/cv1/conv/Conv
[05/22/2026-04:28:01] [I] [TRT] [GpuLayer] PWN(PWN(/model.4/cv1/act/Sigmoid), /model.4/cv1/act/Mul)
[05/22/2026-04:28:01] [I] [TRT] [GpuLayer] /model.4/Split
[05/22/2026-04:28:01] [I] [TRT] [GpuLayer] /model.4/Split_1
[05/22/2026-04:28:01] [I] [TRT] [GpuLayer] /model.4/m.0/cv1/conv/Conv
[05/22/2026-04:28:01] [I] [TRT] [GpuLayer] PWN(PWN(/model.4/m.0/cv1/act/Sigmoid), /model.4/m.0/cv1/act/Mul)
[05/22/2026-04:28:01] [I] [TRT] [GpuLayer] /model.4/m.0/cv2/conv/Conv
[05/22/2026-04:28:01] [I] [TRT] [GpuLayer] PWN(PWN(PWN(/model.4/m.0/cv2/act/Sigmoid), /model.4/m.0/cv2/act/Mul), /model.4/m.0/Add)
[05/22/2026-04:28:01] [I] [TRT] [GpuLayer] /model.4/m.1/cv1/conv/Conv
[05/22/2026-04:28:01] [I] [TRT] [GpuLayer] PWN(PWN(/model.4/m.1/cv1/act/Sigmoid), /model.4/m.1/cv1/act/Mul)
[05/22/2026-04:28:01] [I] [TRT] [GpuLayer] /model.4/m.1/cv2/conv/Conv
[05/22/2026-04:28:01] [I] [TRT] [GpuLayer] PWN(PWN(PWN(/model.4/m.1/cv2/act/Sigmoid), /model.4/m.1/cv2/act/Mul), /model.4/m.1/Add)
[05/22/2026-04:28:01] [I] [TRT] [GpuLayer] /model.4/Split_output_1 copy
[05/22/2026-04:28:01] [I] [TRT] [GpuLayer] /model.4/m.0/Add_output_0 copy
[05/22/2026-04:28:01] [I] [TRT] [GpuLayer] /model.4/cv2/conv/Conv
[05/22/2026-04:28:01] [I] [TRT] [GpuLayer] PWN(PWN(/model.4/cv2/act/Sigmoid), /model.4/cv2/act/Mul)
[05/22/2026-04:28:01] [I] [TRT] [GpuLayer] /model.5/conv/Conv
[05/22/2026-04:28:01] [I] [TRT] [GpuLayer] PWN(PWN(/model.5/act/Sigmoid), /model.5/act/Mul)
[05/22/2026-04:28:01] [I] [TRT] [GpuLayer] /model.6/cv1/conv/Conv
[05/22/2026-04:28:01] [I] [TRT] [GpuLayer] PWN(PWN(/model.6/cv1/act/Sigmoid), /model.6/cv1/act/Mul)
[05/22/2026-04:28:01] [I] [TRT] [GpuLayer] /model.6/Split
[05/22/2026-04:28:01] [I] [TRT] [GpuLayer] /model.6/Split_2
[05/22/2026-04:28:01] [I] [TRT] [GpuLayer] /model.6/m.0/cv1/conv/Conv
[05/22/2026-04:28:01] [I] [TRT] [GpuLayer] PWN(PWN(/model.6/m.0/cv1/act/Sigmoid), /model.6/m.0/cv1/act/Mul)
[05/22/2026-04:28:01] [I] [TRT] [GpuLayer] /model.6/m.0/cv2/conv/Conv
[05/22/2026-04:28:01] [I] [TRT] [GpuLayer] PWN(PWN(PWN(/model.6/m.0/cv2/act/Sigmoid), /model.6/m.0/cv2/act/Mul), /model.6/m.0/Add)
[05/22/2026-04:28:01] [I] [TRT] [GpuLayer] /model.6/m.1/cv1/conv/Conv
[05/22/2026-04:28:01] [I] [TRT] [GpuLayer] PWN(PWN(/model.6/m.1/cv1/act/Sigmoid), /model.6/m.1/cv1/act/Mul)
[05/22/2026-04:28:01] [I] [TRT] [GpuLayer] /model.6/m.1/cv2/conv/Conv
[05/22/2026-04:28:01] [I] [TRT] [GpuLayer] PWN(PWN(PWN(/model.6/m.1/cv2/act/Sigmoid), /model.6/m.1/cv2/act/Mul), /model.6/m.1/Add)
[05/22/2026-04:28:01] [I] [TRT] [GpuLayer] /model.6/Split_output_1 copy
[05/22/2026-04:28:01] [I] [TRT] [GpuLayer] /model.6/m.0/Add_output_0 copy
[05/22/2026-04:28:01] [I] [TRT] [GpuLayer] /model.6/cv2/conv/Conv
[05/22/2026-04:28:01] [I] [TRT] [GpuLayer] PWN(PWN(/model.6/cv2/act/Sigmoid), /model.6/cv2/act/Mul)
[05/22/2026-04:28:01] [I] [TRT] [GpuLayer] /model.7/conv/Conv
[05/22/2026-04:28:01] [I] [TRT] [GpuLayer] PWN(PWN(/model.7/act/Sigmoid), /model.7/act/Mul)
[05/22/2026-04:28:01] [I] [TRT] [GpuLayer] /model.8/cv1/conv/Conv
[05/22/2026-04:28:01] [I] [TRT] [GpuLayer] PWN(PWN(/model.8/cv1/act/Sigmoid), /model.8/cv1/act/Mul)
[05/22/2026-04:28:01] [I] [TRT] [GpuLayer] /model.8/Split
[05/22/2026-04:28:01] [I] [TRT] [GpuLayer] /model.8/Split_3
[05/22/2026-04:28:01] [I] [TRT] [GpuLayer] /model.8/m.0/cv1/conv/Conv
[05/22/2026-04:28:01] [I] [TRT] [GpuLayer] PWN(PWN(/model.8/m.0/cv1/act/Sigmoid), /model.8/m.0/cv1/act/Mul)
[05/22/2026-04:28:01] [I] [TRT] [GpuLayer] /model.8/m.0/cv2/conv/Conv
[05/22/2026-04:28:01] [I] [TRT] [GpuLayer] PWN(PWN(PWN(/model.8/m.0/cv2/act/Sigmoid), /model.8/m.0/cv2/act/Mul), /model.8/m.0/Add)
[05/22/2026-04:28:01] [I] [TRT] [GpuLayer] /model.8/Split_output_1 copy
[05/22/2026-04:28:01] [I] [TRT] [GpuLayer] /model.8/cv2/conv/Conv
[05/22/2026-04:28:01] [I] [TRT] [GpuLayer] PWN(PWN(/model.8/cv2/act/Sigmoid), /model.8/cv2/act/Mul)
[05/22/2026-04:28:01] [I] [TRT] [GpuLayer] /model.9/conv/conv/Conv
[05/22/2026-04:28:01] [I] [TRT] [GpuLayer] PWN(PWN(/model.9/conv/act/Sigmoid), /model.9/conv/act/Mul)
[05/22/2026-04:28:01] [I] [TRT] [GpuLayer] /model.9/pool/GlobalAveragePool
[05/22/2026-04:28:01] [I] [TRT] [GpuLayer] /model.9/linear/Gemm
[05/22/2026-04:28:01] [I] [TRT] [GpuLayer] (Unnamed Layer* 100) [Shuffle] + (Unnamed Layer* 101) [Shuffle]
[05/22/2026-04:28:01] [I] [TRT] [GpuLayer] /model.9/Softmax
[05/22/2026-04:28:02] [I] [TRT] [MemUsageChange] Init cuBLAS/cuBLASLt: CPU +158, GPU +238, now: CPU 385, GPU 3624 (MiB)
[05/22/2026-04:28:04] [I] [TRT] [MemUsageChange] Init cuDNN: CPU +241, GPU +268, now: CPU 626, GPU 3892 (MiB)
[05/22/2026-04:28:04] [W] [TRT] Detected invalid timing cache, setup a local cache instead
[05/22/2026-04:29:50] [I] [TRT] Some tactics do not have sufficient workspace memory to run. Increasing workspace size may increase performance, please check verbose output.
[05/22/2026-04:29:53] [I] [TRT] Detected 1 inputs and 1 output network tensors.
[05/22/2026-04:29:53] [I] [TRT] Total Host Persistent Memory: 60976
[05/22/2026-04:29:53] [I] [TRT] Total Device Persistent Memory: 4610048
[05/22/2026-04:29:53] [I] [TRT] Total Scratch Memory: 0
[05/22/2026-04:29:53] [I] [TRT] [MemUsageStats] Peak memory usage of TRT CPU/GPU memory allocators: CPU 1 MiB, GPU 278 MiB
[05/22/2026-04:29:53] [I] [TRT] [MemUsageChange] Init cuBLAS/cuBLASLt: CPU +1, GPU +2, now: CPU 877, GPU 3829 (MiB)
[05/22/2026-04:29:53] [I] [TRT] [MemUsageChange] Init cuDNN: CPU +0, GPU +3, now: CPU 877, GPU 3832 (MiB)
[05/22/2026-04:29:53] [I] [TRT] [MemUsageChange] Init cuBLAS/cuBLASLt: CPU +0, GPU +0, now: CPU 877, GPU 3832 (MiB)
[05/22/2026-04:29:53] [I] [TRT] [MemUsageChange] Init cuBLAS/cuBLASLt: CPU +0, GPU +0, now: CPU 876, GPU 3832 (MiB)
[05/22/2026-04:29:53] [I] [TRT] [MemUsageSnapshot] Builder end: CPU 876 MiB, GPU 3832 MiB
[05/22/2026-04:29:53] [I] [TRT] Loaded engine size: 7 MB
[05/22/2026-04:29:53] [I] [TRT] [MemUsageSnapshot] deserializeCudaEngine begin: CPU 885 MiB, GPU 3844 MiB
[05/22/2026-04:29:53] [I] [TRT] [MemUsageChange] Init cuBLAS/cuBLASLt: CPU +0, GPU +0, now: CPU 888, GPU 3846 (MiB)
[05/22/2026-04:29:53] [I] [TRT] [MemUsageChange] Init cuDNN: CPU +0, GPU +0, now: CPU 888, GPU 3846 (MiB)
[05/22/2026-04:29:53] [I] [TRT] [MemUsageChange] Init cuBLAS/cuBLASLt: CPU +0, GPU +0, now: CPU 888, GPU 3846 (MiB)
[05/22/2026-04:29:53] [I] [TRT] [MemUsageSnapshot] deserializeCudaEngine end: CPU 888 MiB, GPU 3846 MiB
[05/22/2026-04:29:53] [I] Engine built in 114.426 sec.
&&&& PASSED TensorRT.trtexec [TensorRT v8001] # /usr/src/tensorrt/bin/trtexec --onnx=/home/mic-710ai/tfm-experimento/models/pareto_candidates/p07_img320_lr5e4_wd1e3_aughigh_e25/p07_img320_lr5e4_wd1e3_aughigh_e25.onnx --saveEngine=/home/mic-710ai/tfm-experimento/engines/pareto_candidates/p07_img320_lr5e4_wd1e3_aughigh_e25_fp32.engine --explicitBatch --workspace=512 --buildOnly
