RAM 2707/3964MB (lfb 4x2MB) SWAP 1982/1982MB (cached 4MB) CPU [36%@307,4%@1479,40%@1479,0%@1479] EMC_FREQ 0% GR3D_FREQ 0% PLL@65.5C CPU@69C PMIC@50C GPU@68C AO@73.5C thermal@69.75C POM_5V_IN 3383/3383 POM_5V_GPU 326/326 POM_5V_CPU 856/856
RAM 2708/3964MB (lfb 4x2MB) SWAP 1982/1982MB (cached 4MB) CPU [16%@403,7%@403,8%@403,10%@403] EMC_FREQ 0% GR3D_FREQ 0% PLL@64C CPU@67.5C PMIC@50C GPU@67C AO@72.5C thermal@69.75C POM_5V_IN 2935/3159 POM_5V_GPU 285/305 POM_5V_CPU 489/672
RAM 2708/3964MB (lfb 4x2MB) SWAP 1982/1982MB (cached 4MB) CPU [15%@307,0%@307,4%@307,14%@307] EMC_FREQ 0% GR3D_FREQ 0% PLL@63C CPU@66.5C PMIC@50C GPU@66.5C AO@72C thermal@66.75C POM_5V_IN 2812/3043 POM_5V_GPU 285/298 POM_5V_CPU 448/597
RAM 2708/3964MB (lfb 4x2MB) SWAP 1982/1982MB (cached 4MB) CPU [16%@825,0%@825,4%@825,8%@825] EMC_FREQ 0% GR3D_FREQ 0% PLL@63C CPU@66C PMIC@50C GPU@66C AO@71.5C thermal@66.75C POM_5V_IN 2812/2985 POM_5V_GPU 285/295 POM_5V_CPU 489/570
RAM 2708/3964MB (lfb 4x2MB) SWAP 1982/1982MB (cached 4MB) CPU [19%@403,4%@403,11%@403,14%@403] EMC_FREQ 0% GR3D_FREQ 0% PLL@62C CPU@65.5C PMIC@50C GPU@66C AO@71C thermal@66.75C POM_5V_IN 2731/2934 POM_5V_GPU 285/293 POM_5V_CPU 366/529
RAM 2708/3964MB (lfb 4x2MB) SWAP 1982/1982MB (cached 4MB) CPU [11%@204,7%@204,8%@204,4%@204] EMC_FREQ 0% GR3D_FREQ 0% PLL@62C CPU@65.5C PMIC@50C GPU@65.5C AO@70.5C thermal@66.75C POM_5V_IN 2609/2880 POM_5V_GPU 244/285 POM_5V_CPU 326/495
RAM 2708/3964MB (lfb 4x2MB) SWAP 1982/1982MB (cached 4MB) CPU [16%@102,10%@102,7%@102,4%@102] EMC_FREQ 0% GR3D_FREQ 0% PLL@61.5C CPU@65C PMIC@50C GPU@65C AO@70.5C thermal@65C POM_5V_IN 2572/2836 POM_5V_GPU 203/273 POM_5V_CPU 326/471
RAM 2710/3964MB (lfb 4x2MB) SWAP 1982/1982MB (cached 4MB) CPU [24%@921,21%@921,18%@921,8%@921] EMC_FREQ 0% GR3D_FREQ 0% PLL@61.5C CPU@67C PMIC@50C GPU@64.5C AO@70.5C thermal@65C POM_5V_IN 3220/2884 POM_5V_GPU 203/264 POM_5V_CPU 733/504
RAM 2745/3964MB (lfb 3x2MB) SWAP 1982/1982MB (cached 4MB) CPU [37%@825,34%@825,20%@825,7%@825] EMC_FREQ 0% GR3D_FREQ 1% PLL@62.5C CPU@67C PMIC@50C GPU@65C AO@71C thermal@65C POM_5V_IN 3791/2985 POM_5V_GPU 203/257 POM_5V_CPU 1017/561
RAM 2764/3964MB (lfb 3x2MB) SWAP 1982/1982MB (cached 4MB) CPU [37%@1479,25%@1479,26%@1479,7%@1479] EMC_FREQ 0% GR3D_FREQ 0% PLL@62.5C CPU@66.5C PMIC@50C GPU@64.5C AO@71C thermal@65C POM_5V_IN 3546/3041 POM_5V_GPU 163/248 POM_5V_CPU 976/602
RAM 2785/3964MB (lfb 3x2MB) SWAP 1982/1982MB (cached 4MB) CPU [48%@921,24%@921,8%@921,4%@921] EMC_FREQ 0% GR3D_FREQ 3% PLL@63C CPU@67C PMIC@50C GPU@65C AO@71.5C thermal@65C POM_5V_IN 3832/3113 POM_5V_GPU 203/244 POM_5V_CPU 1058/644
RAM 2818/3964MB (lfb 3x2MB) SWAP 1982/1982MB (cached 4MB) CPU [28%@710,30%@710,15%@710,41%@710] EMC_FREQ 0% GR3D_FREQ 5% PLL@63.5C CPU@67C PMIC@50C GPU@65C AO@71C thermal@66C POM_5V_IN 4076/3193 POM_5V_GPU 203/240 POM_5V_CPU 1343/702
RAM 2854/3964MB (lfb 3x2MB) SWAP 1982/1982MB (cached 4MB) CPU [23%@1479,38%@1479,28%@1479,26%@1479] EMC_FREQ 0% GR3D_FREQ 6% PLL@64C CPU@67.5C PMIC@50C GPU@65C AO@71.5C thermal@66C POM_5V_IN 4076/3261 POM_5V_GPU 203/237 POM_5V_CPU 1506/764
RAM 2890/3964MB (lfb 3x2MB) SWAP 1982/1982MB (cached 4MB) CPU [24%@1224,11%@1224,61%@1224,26%@1224] EMC_FREQ 0% GR3D_FREQ 16% PLL@64C CPU@67.5C PMIC@50C GPU@65.5C AO@71.5C thermal@66C POM_5V_IN 4151/3324 POM_5V_GPU 244/238 POM_5V_CPU 1546/819
RAM 2912/3964MB (lfb 3x2MB) SWAP 1982/1982MB (cached 4MB) CPU [48%@1479,50%@1479,8%@1479,29%@1479] EMC_FREQ 0% GR3D_FREQ 7% PLL@64C CPU@69C PMIC@50C GPU@65.5C AO@72C thermal@66C POM_5V_IN 3954/3366 POM_5V_GPU 285/241 POM_5V_CPU 1546/868
RAM 2942/3964MB (lfb 3x2MB) SWAP 1982/1982MB (cached 4MB) CPU [21%@1479,40%@1479,42%@1479,8%@1479] EMC_FREQ 0% GR3D_FREQ 28% PLL@64C CPU@69.5C PMIC@50C GPU@65.5C AO@72C thermal@66.5C POM_5V_IN 4111/3413 POM_5V_GPU 284/244 POM_5V_CPU 1668/918
RAM 2955/3964MB (lfb 3x2MB) SWAP 1982/1982MB (cached 4MB) CPU [15%@1479,83%@1479,11%@1479,4%@1479] EMC_FREQ 0% GR3D_FREQ 0% PLL@64C CPU@68C PMIC@50C GPU@65.5C AO@71.5C thermal@66.5C POM_5V_IN 3954/3445 POM_5V_GPU 203/241 POM_5V_CPU 1383/945
RAM 2971/3964MB (lfb 3x2MB) SWAP 1982/1982MB (cached 4MB) CPU [12%@1479,69%@1479,12%@1479,11%@1479] EMC_FREQ 0% GR3D_FREQ 13% PLL@64C CPU@69C PMIC@50C GPU@65.5C AO@72C thermal@66.5C POM_5V_IN 4111/3482 POM_5V_GPU 284/243 POM_5V_CPU 1506/976
RAM 2998/3964MB (lfb 3x2MB) SWAP 1982/1982MB (cached 4MB) CPU [14%@1479,73%@1479,7%@1479,20%@1479] EMC_FREQ 0% GR3D_FREQ 8% PLL@64C CPU@68C PMIC@50C GPU@65C AO@71.5C thermal@66.5C POM_5V_IN 3954/3506 POM_5V_GPU 203/241 POM_5V_CPU 1343/996
RAM 3026/3964MB (lfb 3x2MB) SWAP 1982/1982MB (cached 4MB) CPU [20%@1479,25%@1479,16%@1479,83%@1479] EMC_FREQ 0% GR3D_FREQ 23% PLL@64.5C CPU@67.5C PMIC@50C GPU@65C AO@71.5C thermal@67C POM_5V_IN 4192/3541 POM_5V_GPU 284/243 POM_5V_CPU 1668/1029
RAM 3053/3964MB (lfb 3x2MB) SWAP 1982/1982MB (cached 4MB) CPU [15%@1479,16%@1479,15%@1479,73%@1479] EMC_FREQ 0% GR3D_FREQ 0% PLL@64C CPU@68C PMIC@50C GPU@65.5C AO@71.5C thermal@67C POM_5V_IN 3995/3562 POM_5V_GPU 203/241 POM_5V_CPU 1383/1046
RAM 3095/3964MB (lfb 3x2MB) SWAP 1982/1982MB (cached 4MB) CPU [16%@1479,22%@1479,4%@1479,80%@1479] EMC_FREQ 0% GR3D_FREQ 1% PLL@64.5C CPU@68C PMIC@50C GPU@65.5C AO@71.5C thermal@67C POM_5V_IN 3995/3582 POM_5V_GPU 203/240 POM_5V_CPU 1546/1069
RAM 3121/3964MB (lfb 3x2MB) SWAP 1982/1982MB (cached 4MB) CPU [18%@1479,16%@1479,32%@1479,37%@1479] EMC_FREQ 0% GR3D_FREQ 0% PLL@63.5C CPU@66.5C PMIC@50C GPU@65.5C AO@71C thermal@67C POM_5V_IN 3709/3587 POM_5V_GPU 163/236 POM_5V_CPU 1180/1074
RAM 3150/3964MB (lfb 3x2MB) SWAP 1982/1982MB (cached 4MB) CPU [30%@1479,24%@1479,65%@1479,8%@1479] EMC_FREQ 0% GR3D_FREQ 15% PLL@64C CPU@67.5C PMIC@50C GPU@65.5C AO@71.5C thermal@67C POM_5V_IN 4117/3609 POM_5V_GPU 203/235 POM_5V_CPU 1546/1093
RAM 3166/3964MB (lfb 3x2MB) SWAP 1982/1982MB (cached 4MB) CPU [25%@1479,21%@1479,16%@1479,64%@1479] EMC_FREQ 0% GR3D_FREQ 0% PLL@64C CPU@67.5C PMIC@50C GPU@65.5C AO@71.5C thermal@67C POM_5V_IN 4076/3628 POM_5V_GPU 203/234 POM_5V_CPU 1506/1110
RAM 3169/3964MB (lfb 3x2MB) SWAP 1982/1982MB (cached 4MB) CPU [25%@614,17%@614,19%@614,82%@614] EMC_FREQ 0% GR3D_FREQ 31% PLL@65C CPU@68C PMIC@50C GPU@65.5C AO@71.5C thermal@67C POM_5V_IN 4192/3650 POM_5V_GPU 244/234 POM_5V_CPU 1628/1130
RAM 3200/3964MB (lfb 3x2MB) SWAP 1982/1982MB (cached 4MB) CPU [21%@1479,19%@1479,26%@1479,84%@1479] EMC_FREQ 0% GR3D_FREQ 32% PLL@65C CPU@69C PMIC@50C GPU@65.5C AO@71.5C thermal@67C POM_5V_IN 4558/3683 POM_5V_GPU 284/236 POM_5V_CPU 1953/1160
RAM 3215/3964MB (lfb 3x2MB) SWAP 1982/1982MB (cached 4MB) CPU [13%@1479,19%@1479,12%@1479,76%@1479] EMC_FREQ 0% GR3D_FREQ 0% PLL@64.5C CPU@68C PMIC@50C GPU@65.5C AO@71C thermal@67C POM_5V_IN 3872/3690 POM_5V_GPU 163/233 POM_5V_CPU 1302/1165
RAM 3246/3964MB (lfb 3x2MB) SWAP 1982/1982MB (cached 4MB) CPU [24%@1479,4%@1479,12%@1479,86%@1479] EMC_FREQ 0% GR3D_FREQ 25% PLL@64C CPU@68C PMIC@50C GPU@65C AO@71.5C thermal@66.5C POM_5V_IN 4151/3706 POM_5V_GPU 244/234 POM_5V_CPU 1628/1181
RAM 3283/3964MB (lfb 3x2MB) SWAP 1982/1982MB (cached 4MB) CPU [28%@1479,4%@1479,4%@1479,77%@1479] EMC_FREQ 0% GR3D_FREQ 28% PLL@64C CPU@67.5C PMIC@50C GPU@65C AO@71C thermal@66.5C POM_5V_IN 3913/3713 POM_5V_GPU 244/234 POM_5V_CPU 1506/1192
RAM 3285/3964MB (lfb 3x2MB) SWAP 1982/1982MB (cached 4MB) CPU [96%@1479,21%@1479,15%@1479,12%@1479] EMC_FREQ 0% GR3D_FREQ 2% PLL@64C CPU@69.5C PMIC@50C GPU@65C AO@72C thermal@66.5C POM_5V_IN 3913/3719 POM_5V_GPU 244/234 POM_5V_CPU 1506/1202
RAM 3282/3964MB (lfb 9x256kB) SWAP 1982/1982MB (cached 4MB) CPU [30%@1428,4%@1428,46%@1428,8%@1428] EMC_FREQ 0% GR3D_FREQ 98% PLL@63.5C CPU@68C PMIC@50C GPU@66C AO@71.5C thermal@66.5C POM_5V_IN 5576/3777 POM_5V_GPU 1828/284 POM_5V_CPU 1259/1204
RAM 3282/3964MB (lfb 9x256kB) SWAP 1982/1982MB (cached 4MB) CPU [35%@921,16%@921,33%@921,20%@921] EMC_FREQ 0% GR3D_FREQ 98% PLL@65C CPU@71C PMIC@50C GPU@70C AO@72.5C thermal@70C POM_5V_IN 8034/3906 POM_5V_GPU 4010/397 POM_5V_CPU 1255/1205
RAM 3282/3964MB (lfb 9x256kB) SWAP 1982/1982MB (cached 4MB) CPU [20%@921,12%@921,42%@921,26%@921] EMC_FREQ 0% GR3D_FREQ 98% PLL@66.5C CPU@72.5C PMIC@50C GPU@72C AO@74C thermal@70C POM_5V_IN 8196/4032 POM_5V_GPU 4091/506 POM_5V_CPU 1296/1208
RAM 3283/3964MB (lfb 9x256kB) SWAP 1982/1982MB (cached 4MB) CPU [25%@1132,11%@1132,50%@1132,22%@1132] EMC_FREQ 0% GR3D_FREQ 98% PLL@67C CPU@73.5C PMIC@50C GPU@73C AO@74.5C thermal@70C POM_5V_IN 8277/4154 POM_5V_GPU 4091/608 POM_5V_CPU 1336/1212
RAM 3283/3964MB (lfb 9x256kB) SWAP 1982/1982MB (cached 4MB) CPU [28%@614,38%@614,24%@614,17%@614] EMC_FREQ 0% GR3D_FREQ 98% PLL@68C CPU@74.5C PMIC@50C GPU@74C AO@76C thermal@70C POM_5V_IN 8318/4269 POM_5V_GPU 4132/706 POM_5V_CPU 1377/1216
RAM 3283/3964MB (lfb 9x256kB) SWAP 1982/1982MB (cached 4MB) CPU [28%@825,17%@825,48%@825,19%@825] EMC_FREQ 0% GR3D_FREQ 99% PLL@68.5C CPU@75.5C PMIC@50C GPU@75C AO@76.5C thermal@70C POM_5V_IN 8399/4381 POM_5V_GPU 4172/800 POM_5V_CPU 1417/1222
RAM 3283/3964MB (lfb 9x256kB) SWAP 1982/1982MB (cached 4MB) CPU [26%@1036,33%@1036,32%@1036,15%@1036] EMC_FREQ 0% GR3D_FREQ 98% PLL@69C CPU@76C PMIC@50C GPU@76C AO@77C thermal@75.25C POM_5V_IN 8426/4487 POM_5V_GPU 4172/888 POM_5V_CPU 1377/1226
RAM 3283/3964MB (lfb 9x256kB) SWAP 1982/1982MB (cached 4MB) CPU [25%@1036,39%@1036,20%@1036,39%@1036] EMC_FREQ 0% GR3D_FREQ 98% PLL@70C CPU@76.5C PMIC@50C GPU@76C AO@77.5C thermal@75.25C POM_5V_IN 8480/4590 POM_5V_GPU 4213/973 POM_5V_CPU 1417/1231
RAM 3283/3964MB (lfb 9x256kB) SWAP 1982/1982MB (cached 4MB) CPU [35%@825,23%@825,23%@825,59%@825] EMC_FREQ 0% GR3D_FREQ 98% PLL@70.5C CPU@77C PMIC@50C GPU@76.5C AO@78C thermal@75.25C POM_5V_IN 8548/4689 POM_5V_GPU 4213/1054 POM_5V_CPU 1498/1237
RAM 3283/3964MB (lfb 9x256kB) SWAP 1982/1982MB (cached 4MB) CPU [30%@1224,12%@1224,36%@1224,37%@1224] EMC_FREQ 0% GR3D_FREQ 98% PLL@70.5C CPU@78C PMIC@50C GPU@77C AO@78.5C thermal@75.25C POM_5V_IN 8561/4783 POM_5V_GPU 4253/1132 POM_5V_CPU 1498/1244
RAM 3283/3964MB (lfb 9x256kB) SWAP 1982/1982MB (cached 4MB) CPU [30%@1479,22%@1479,40%@1479,25%@1479] EMC_FREQ 0% GR3D_FREQ 98% PLL@71C CPU@78.5C PMIC@50C GPU@77.5C AO@79C thermal@78C POM_5V_IN 8548/4873 POM_5V_GPU 4253/1207 POM_5V_CPU 1498/1250
RAM 3283/3964MB (lfb 9x256kB) SWAP 1982/1982MB (cached 4MB) CPU [30%@1036,29%@1036,16%@1036,36%@1036] EMC_FREQ 0% GR3D_FREQ 99% PLL@71.5C CPU@79C PMIC@50C GPU@78C AO@79.5C thermal@78C POM_5V_IN 8480/4957 POM_5V_GPU 4253/1278 POM_5V_CPU 1417/1254
RAM 3283/3964MB (lfb 9x256kB) SWAP 1982/1982MB (cached 4MB) CPU [30%@1224,48%@1224,30%@1224,19%@1224] EMC_FREQ 0% GR3D_FREQ 98% PLL@72C CPU@79.5C PMIC@50C GPU@78.5C AO@79.5C thermal@78C POM_5V_IN 8480/5037 POM_5V_GPU 4253/1345 POM_5V_CPU 1377/1256
RAM 3283/3964MB (lfb 9x256kB) SWAP 1982/1982MB (cached 4MB) CPU [17%@710,23%@710,40%@710,20%@710] EMC_FREQ 0% GR3D_FREQ 98% PLL@72.5C CPU@80C PMIC@50C GPU@79C AO@80.5C thermal@78C POM_5V_IN 8548/5115 POM_5V_GPU 4294/1411 POM_5V_CPU 1417/1260
RAM 3283/3964MB (lfb 9x256kB) SWAP 1982/1982MB (cached 4MB) CPU [25%@825,15%@825,36%@825,35%@825] EMC_FREQ 0% GR3D_FREQ 98% PLL@73C CPU@79.5C PMIC@50C GPU@79.5C AO@80.5C thermal@80C POM_5V_IN 8588/5190 POM_5V_GPU 4294/1473 POM_5V_CPU 1417/1263
RAM 3283/3964MB (lfb 9x256kB) SWAP 1982/1982MB (cached 4MB) CPU [21%@1428,19%@1428,42%@1428,16%@1428] EMC_FREQ 0% GR3D_FREQ 98% PLL@73C CPU@80.5C PMIC@50C GPU@79.5C AO@81C thermal@80C POM_5V_IN 8629/5263 POM_5V_GPU 4294/1533 POM_5V_CPU 1458/1267
RAM 3282/3964MB (lfb 9x256kB) SWAP 1982/1982MB (cached 4MB) CPU [24%@710,17%@710,20%@710,48%@710] EMC_FREQ 0% GR3D_FREQ 98% PLL@73.5C CPU@81C PMIC@50C GPU@80C AO@81.5C thermal@80C POM_5V_IN 8642/5334 POM_5V_GPU 4334/1592 POM_5V_CPU 1417/1271
RAM 3282/3964MB (lfb 9x256kB) SWAP 1982/1982MB (cached 4MB) CPU [29%@921,26%@921,20%@921,44%@921] EMC_FREQ 0% GR3D_FREQ 98% PLL@73.5C CPU@81.5C PMIC@50C GPU@80.5C AO@81.5C thermal@80C POM_5V_IN 8588/5400 POM_5V_GPU 4334/1648 POM_5V_CPU 1377/1273
RAM 3283/3964MB (lfb 9x256kB) SWAP 1982/1982MB (cached 4MB) CPU [25%@1036,12%@1036,8%@1036,59%@1036] EMC_FREQ 0% GR3D_FREQ 98% PLL@74C CPU@81.5C PMIC@50C GPU@81C AO@82C thermal@80C POM_5V_IN 8629/5465 POM_5V_GPU 4334/1701 POM_5V_CPU 1377/1275
RAM 3283/3964MB (lfb 9x256kB) SWAP 1982/1982MB (cached 4MB) CPU [25%@518,19%@518,8%@518,66%@518] EMC_FREQ 0% GR3D_FREQ 99% PLL@74.5C CPU@81.5C PMIC@50C GPU@81C AO@82C thermal@81.25C POM_5V_IN 8629/5527 POM_5V_GPU 4375/1754 POM_5V_CPU 1377/1277
RAM 3283/3964MB (lfb 9x256kB) SWAP 1982/1982MB (cached 4MB) CPU [25%@1036,25%@710,24%@710,53%@1326] EMC_FREQ 0% GR3D_FREQ 99% PLL@74.5C CPU@82C PMIC@50C GPU@81C AO@82C thermal@81.25C POM_5V_IN 8629/5586 POM_5V_GPU 4375/1804 POM_5V_CPU 1417/1279
RAM 3283/3964MB (lfb 9x256kB) SWAP 1982/1982MB (cached 4MB) CPU [36%@921,20%@921,29%@921,19%@921] EMC_FREQ 0% GR3D_FREQ 98% PLL@75C CPU@82.5C PMIC@50C GPU@81.5C AO@82.5C thermal@81.25C POM_5V_IN 8710/5645 POM_5V_GPU 4375/1853 POM_5V_CPU 1458/1283
RAM 3283/3964MB (lfb 9x256kB) SWAP 1982/1982MB (cached 4MB) CPU [24%@1428,16%@1428,48%@1428,16%@1428] EMC_FREQ 0% GR3D_FREQ 98% PLL@75.5C CPU@82.5C PMIC@50C GPU@82C AO@82.5C thermal@81.25C POM_5V_IN 8710/5702 POM_5V_GPU 4375/1899 POM_5V_CPU 1458/1286
RAM 3283/3964MB (lfb 9x256kB) SWAP 1982/1982MB (cached 4MB) CPU [25%@825,32%@825,29%@825,30%@825] EMC_FREQ 0% GR3D_FREQ 98% PLL@75.5C CPU@83C PMIC@50C GPU@82C AO@83C thermal@82.75C POM_5V_IN 8710/5757 POM_5V_GPU 4415/1945 POM_5V_CPU 1458/1289
RAM 3283/3964MB (lfb 9x256kB) SWAP 1982/1982MB (cached 4MB) CPU [30%@1036,12%@1036,29%@1036,28%@1036] EMC_FREQ 0% GR3D_FREQ 98% PLL@76C CPU@83.5C PMIC@50C GPU@82.5C AO@83.5C thermal@82.75C POM_5V_IN 8831/5812 POM_5V_GPU 4415/1989 POM_5V_CPU 1539/1294
RAM 3283/3964MB (lfb 9x256kB) SWAP 1982/1982MB (cached 4MB) CPU [30%@1036,32%@1036,12%@1036,48%@1036] EMC_FREQ 0% GR3D_FREQ 98% PLL@76C CPU@84C PMIC@50C GPU@82.5C AO@83.5C thermal@82.75C POM_5V_IN 8750/5863 POM_5V_GPU 4415/2032 POM_5V_CPU 1458/1296
RAM 3283/3964MB (lfb 9x256kB) SWAP 1982/1982MB (cached 4MB) CPU [26%@1132,22%@1132,24%@1132,48%@1132] EMC_FREQ 0% GR3D_FREQ 98% PLL@76C CPU@84C PMIC@50C GPU@83C AO@84C thermal@82.75C POM_5V_IN 8750/5913 POM_5V_GPU 4415/2073 POM_5V_CPU 1458/1299
RAM 3283/3964MB (lfb 9x256kB) SWAP 1982/1982MB (cached 4MB) CPU [38%@1479,34%@1479,20%@1479,20%@1479] EMC_FREQ 0% GR3D_FREQ 98% PLL@76.5C CPU@84C PMIC@50C GPU@83.5C AO@84.5C thermal@82.75C POM_5V_IN 9034/5966 POM_5V_GPU 4368/2112 POM_5V_CPU 1739/1307
RAM 3283/3964MB (lfb 9x256kB) SWAP 1982/1982MB (cached 4MB) CPU [26%@614,20%@614,37%@614,19%@614] EMC_FREQ 0% GR3D_FREQ 98% PLL@76.5C CPU@84.5C PMIC@50C GPU@83.5C AO@84.5C thermal@83.75C POM_5V_IN 8872/6014 POM_5V_GPU 4456/2151 POM_5V_CPU 1498/1310
RAM 3283/3964MB (lfb 9x256kB) SWAP 1982/1982MB (cached 4MB) CPU [32%@825,24%@825,36%@825,19%@825] EMC_FREQ 0% GR3D_FREQ 98% PLL@77C CPU@84.5C PMIC@50C GPU@84C AO@84.5C thermal@83.75C POM_5V_IN 8831/6060 POM_5V_GPU 4456/2189 POM_5V_CPU 1458/1312
RAM 3283/3964MB (lfb 9x256kB) SWAP 1982/1982MB (cached 4MB) CPU [34%@1428,20%@1428,30%@1428,29%@1428] EMC_FREQ 0% GR3D_FREQ 98% PLL@77.5C CPU@85C PMIC@50C GPU@84C AO@85C thermal@83.75C POM_5V_IN 8912/6106 POM_5V_GPU 4456/2225 POM_5V_CPU 1579/1317
RAM 3283/3964MB (lfb 9x256kB) SWAP 1982/1982MB (cached 4MB) CPU [29%@1428,30%@1428,38%@1428,20%@1428] EMC_FREQ 0% GR3D_FREQ 98% PLL@77.5C CPU@85.5C PMIC@50C GPU@84.5C AO@85.5C thermal@83.75C POM_5V_IN 9155/6155 POM_5V_GPU 4449/2260 POM_5V_CPU 1739/1323
RAM 3283/3964MB (lfb 9x256kB) SWAP 1982/1982MB (cached 4MB) CPU [34%@1036,12%@1036,24%@1036,36%@1036] EMC_FREQ 0% GR3D_FREQ 98% PLL@78C CPU@85.5C PMIC@50C GPU@84.5C AO@85.5C thermal@84.75C POM_5V_IN 8953/6199 POM_5V_GPU 4456/2295 POM_5V_CPU 1579/1327
RAM 3282/3964MB (lfb 9x256kB) SWAP 1982/1982MB (cached 4MB) CPU [25%@1224,20%@1224,33%@1224,36%@1224] EMC_FREQ 0% GR3D_FREQ 99% PLL@77.5C CPU@85.5C PMIC@50C GPU@84.5C AO@85.5C thermal@84.75C POM_5V_IN 8872/6240 POM_5V_GPU 4496/2329 POM_5V_CPU 1458/1329
RAM 3282/3964MB (lfb 9x256kB) SWAP 1982/1982MB (cached 4MB) CPU [32%@518,15%@518,60%@518,12%@518] EMC_FREQ 0% GR3D_FREQ 99% PLL@78C CPU@86C PMIC@50C GPU@84.5C AO@85.5C thermal@84.75C POM_5V_IN 8912/6280 POM_5V_GPU 4496/2361 POM_5V_CPU 1498/1332
RAM 3282/3964MB (lfb 9x256kB) SWAP 1982/1982MB (cached 4MB) CPU [25%@1132,48%@1132,12%@1132,13%@1132] EMC_FREQ 0% GR3D_FREQ 98% PLL@78.5C CPU@86C PMIC@50C GPU@85C AO@86C thermal@84.75C POM_5V_IN 9196/6324 POM_5V_GPU 4449/2393 POM_5V_CPU 1739/1338
RAM 3282/3964MB (lfb 9x256kB) SWAP 1982/1982MB (cached 4MB) CPU [20%@1132,29%@1132,50%@1132,12%@1132] EMC_FREQ 0% GR3D_FREQ 98% PLL@78.5C CPU@86.5C PMIC@50C GPU@85C AO@86C thermal@86C POM_5V_IN 8953/6362 POM_5V_GPU 4489/2423 POM_5V_CPU 1579/1341
RAM 3282/3964MB (lfb 9x256kB) SWAP 1982/1982MB (cached 4MB) CPU [29%@1224,41%@1224,22%@1224,30%@1224] EMC_FREQ 0% GR3D_FREQ 98% PLL@78.5C CPU@86.5C PMIC@50C GPU@85.5C AO@86.5C thermal@86C POM_5V_IN 9034/6401 POM_5V_GPU 4489/2453 POM_5V_CPU 1579/1345
RAM 3282/3964MB (lfb 9x256kB) SWAP 1982/1982MB (cached 4MB) CPU [29%@1132,20%@1132,45%@1132,29%@1132] EMC_FREQ 0% GR3D_FREQ 98% PLL@78.5C CPU@87.5C PMIC@50C GPU@85.5C AO@86.5C thermal@86C POM_5V_IN 9034/6439 POM_5V_GPU 4496/2483 POM_5V_CPU 1539/1348
RAM 3282/3964MB (lfb 9x256kB) SWAP 1982/1982MB (cached 4MB) CPU [16%@1428,8%@1428,58%@1428,12%@1428] EMC_FREQ 0% GR3D_FREQ 98% PLL@79.5C CPU@87.5C PMIC@50C GPU@86C AO@86.5C thermal@86C POM_5V_IN 9236/6478 POM_5V_GPU 4489/2511 POM_5V_CPU 1739/1353
RAM 3282/3964MB (lfb 9x256kB) SWAP 1982/1982MB (cached 4MB) CPU [16%@825,12%@825,37%@825,26%@1036] EMC_FREQ 0% GR3D_FREQ 98% PLL@79C CPU@87.5C PMIC@50C GPU@86C AO@87C thermal@86C POM_5V_IN 9236/6516 POM_5V_GPU 4530/2539 POM_5V_CPU 1658/1357
RAM 3282/3964MB (lfb 9x256kB) SWAP 1982/1982MB (cached 4MB) CPU [13%@1224,25%@1224,41%@1224,19%@1224] EMC_FREQ 0% GR3D_FREQ 98% PLL@79.5C CPU@87.5C PMIC@50C GPU@86.5C AO@87.5C thermal@86.75C POM_5V_IN 9196/6553 POM_5V_GPU 4530/2566 POM_5V_CPU 1658/1361
RAM 3282/3964MB (lfb 9x256kB) SWAP 1982/1982MB (cached 4MB) CPU [16%@1224,26%@1224,26%@1224,42%@1224] EMC_FREQ 0% GR3D_FREQ 98% PLL@79.5C CPU@88C PMIC@50C GPU@86.5C AO@87C thermal@86.75C POM_5V_IN 9277/6590 POM_5V_GPU 4530/2593 POM_5V_CPU 1739/1367
RAM 3282/3964MB (lfb 9x256kB) SWAP 1982/1982MB (cached 4MB) CPU [30%@1479,32%@1479,17%@1479,25%@1479] EMC_FREQ 0% GR3D_FREQ 98% PLL@80C CPU@88.5C PMIC@50C GPU@86.5C AO@87.5C thermal@86.75C POM_5V_IN 9277/6626 POM_5V_GPU 4530/2618 POM_5V_CPU 1739/1372
RAM 3282/3964MB (lfb 9x256kB) SWAP 1982/1982MB (cached 4MB) CPU [19%@1224,42%@1224,37%@1224,21%@1224] EMC_FREQ 0% GR3D_FREQ 98% PLL@80C CPU@88.5C PMIC@50C GPU@86.5C AO@87.5C thermal@86.75C POM_5V_IN 9155/6659 POM_5V_GPU 4570/2644 POM_5V_CPU 1658/1375
RAM 3282/3964MB (lfb 9x256kB) SWAP 1982/1982MB (cached 4MB) CPU [32%@710,20%@710,20%@710,44%@710] EMC_FREQ 0% GR3D_FREQ 98% PLL@80C CPU@88.5C PMIC@50C GPU@87C AO@88C thermal@87.75C POM_5V_IN 9074/6690 POM_5V_GPU 4570/2669 POM_5V_CPU 1579/1378
RAM 3276/3964MB (lfb 14x256kB) SWAP 1982/1982MB (cached 4MB) CPU [23%@1479,46%@1479,34%@1479,44%@1479] EMC_FREQ 0% GR3D_FREQ 99% PLL@81C CPU@89C PMIC@50C GPU@87C AO@88C thermal@87.75C POM_5V_IN 9722/6729 POM_5V_GPU 4570/2693 POM_5V_CPU 2062/1387
RAM 3277/3964MB (lfb 14x256kB) SWAP 1982/1982MB (cached 4MB) CPU [39%@1132,16%@1132,32%@1132,17%@1132] EMC_FREQ 0% GR3D_FREQ 98% PLL@81C CPU@89C PMIC@50C GPU@87.5C AO@88.5C thermal@87.75C POM_5V_IN 9196/6760 POM_5V_GPU 4570/2717 POM_5V_CPU 1658/1390
RAM 3277/3964MB (lfb 14x256kB) SWAP 1982/1982MB (cached 4MB) CPU [29%@1479,20%@1479,36%@1479,44%@1479] EMC_FREQ 0% GR3D_FREQ 98% PLL@81.5C CPU@90C PMIC@50C GPU@88C AO@88.5C thermal@87.75C POM_5V_IN 9641/6796 POM_5V_GPU 4570/2740 POM_5V_CPU 1901/1397
RAM 3277/3964MB (lfb 14x256kB) SWAP 1982/1982MB (cached 4MB) CPU [32%@1132,12%@1132,28%@1132,33%@1132] EMC_FREQ 0% GR3D_FREQ 98% PLL@81C CPU@89C PMIC@50C GPU@88C AO@89C thermal@88.75C POM_5V_IN 9155/6825 POM_5V_GPU 4611/2763 POM_5V_CPU 1617/1399
RAM 3277/3964MB (lfb 14x256kB) SWAP 1982/1982MB (cached 4MB) CPU [56%@614,16%@614,23%@614,30%@614] EMC_FREQ 0% GR3D_FREQ 98% PLL@81C CPU@89.5C PMIC@50C GPU@88C AO@89.5C thermal@88.75C POM_5V_IN 9196/6854 POM_5V_GPU 4611/2786 POM_5V_CPU 1617/1402
RAM 3277/3964MB (lfb 14x256kB) SWAP 1982/1982MB (cached 4MB) CPU [23%@921,38%@921,16%@921,26%@921] EMC_FREQ 0% GR3D_FREQ 98% PLL@81C CPU@89C PMIC@50C GPU@88C AO@89.5C thermal@88.75C POM_5V_IN 9155/6882 POM_5V_GPU 4611/2808 POM_5V_CPU 1577/1404
RAM 3277/3964MB (lfb 14x256kB) SWAP 1982/1982MB (cached 4MB) CPU [16%@1132,25%@1132,36%@1132,27%@1132] EMC_FREQ 0% GR3D_FREQ 98% PLL@81.5C CPU@90C PMIC@50C GPU@88C AO@89C thermal@88.75C POM_5V_IN 9236/6910 POM_5V_GPU 4611/2829 POM_5V_CPU 1658/1407
RAM 3277/3964MB (lfb 14x256kB) SWAP 1982/1982MB (cached 4MB) CPU [23%@518,12%@518,26%@518,57%@518] EMC_FREQ 0% GR3D_FREQ 98% PLL@81.5C CPU@90C PMIC@50C GPU@88.5C AO@89C thermal@88.75C POM_5V_IN 9115/6936 POM_5V_GPU 4611/2850 POM_5V_CPU 1537/1409
RAM 3277/3964MB (lfb 14x256kB) SWAP 1982/1982MB (cached 4MB) CPU [21%@1326,36%@1326,20%@1326,33%@1326] EMC_FREQ 0% GR3D_FREQ 99% PLL@81.5C CPU@89.5C PMIC@50C GPU@88C AO@89C thermal@89.25C POM_5V_IN 9155/6962 POM_5V_GPU 4611/2871 POM_5V_CPU 1577/1410
RAM 3278/3964MB (lfb 14x256kB) SWAP 1982/1982MB (cached 4MB) CPU [50%@1479,25%@1479,4%@1479,24%@1479] EMC_FREQ 0% GR3D_FREQ 98% PLL@82C CPU@90C PMIC@50C GPU@88.5C AO@89.5C thermal@89.25C POM_5V_IN 9358/6989 POM_5V_GPU 4611/2891 POM_5V_CPU 1779/1415
RAM 3278/3964MB (lfb 14x256kB) SWAP 1982/1982MB (cached 4MB) CPU [44%@710,18%@710,23%@710,16%@710] EMC_FREQ 0% GR3D_FREQ 98% PLL@82C CPU@90C PMIC@50C GPU@89C AO@90C thermal@89.25C POM_5V_IN 9236/7015 POM_5V_GPU 4651/2911 POM_5V_CPU 1577/1417
RAM 3278/3964MB (lfb 14x256kB) SWAP 1982/1982MB (cached 4MB) CPU [32%@614,37%@614,15%@614,35%@614] EMC_FREQ 0% GR3D_FREQ 99% PLL@82C CPU@90C PMIC@50C GPU@89C AO@89.5C thermal@89.25C POM_5V_IN 9196/7039 POM_5V_GPU 4651/2930 POM_5V_CPU 1537/1418
RAM 3278/3964MB (lfb 14x256kB) SWAP 1982/1982MB (cached 4MB) CPU [33%@1224,13%@1224,32%@1224,26%@1224] EMC_FREQ 0% GR3D_FREQ 98% PLL@82C CPU@90.5C PMIC@50C GPU@89C AO@90C thermal@89.75C POM_5V_IN 9317/7065 POM_5V_GPU 4651/2949 POM_5V_CPU 1617/1420
RAM 3278/3964MB (lfb 14x256kB) SWAP 1982/1982MB (cached 4MB) CPU [36%@1036,8%@1036,15%@1036,51%@1036] EMC_FREQ 0% GR3D_FREQ 98% PLL@82.5C CPU@90.5C PMIC@50C GPU@89.5C AO@90C thermal@89.75C POM_5V_IN 9236/7089 POM_5V_GPU 4651/2968 POM_5V_CPU 1577/1422
RAM 3278/3964MB (lfb 14x256kB) SWAP 1982/1982MB (cached 4MB) CPU [50%@1428,11%@1428,20%@1428,8%@1428] EMC_FREQ 0% GR3D_FREQ 98% PLL@82.5C CPU@91C PMIC@50C GPU@89.5C AO@90.5C thermal@89.75C POM_5V_IN 9439/7114 POM_5V_GPU 4651/2986 POM_5V_CPU 1779/1426
RAM 3278/3964MB (lfb 14x256kB) SWAP 1982/1982MB (cached 4MB) CPU [25%@1036,48%@1036,16%@1036,15%@1036] EMC_FREQ 0% GR3D_FREQ 98% PLL@83C CPU@91C PMIC@50C GPU@89.5C AO@90.5C thermal@89.75C POM_5V_IN 9317/7138 POM_5V_GPU 4651/3004 POM_5V_CPU 1617/1428
RAM 3278/3964MB (lfb 14x256kB) SWAP 1982/1982MB (cached 4MB) CPU [35%@825,29%@825,40%@825,15%@825] EMC_FREQ 0% GR3D_FREQ 99% PLL@82.5C CPU@91C PMIC@50C GPU@89.5C AO@90.5C thermal@90.25C POM_5V_IN 9317/7161 POM_5V_GPU 4691/3022 POM_5V_CPU 1577/1429
RAM 3273/3964MB (lfb 14x256kB) SWAP 1982/1982MB (cached 4MB) CPU [23%@1326,40%@1326,34%@1326,20%@1326] EMC_FREQ 0% GR3D_FREQ 98% PLL@83C CPU@91C PMIC@50C GPU@90C AO@91C thermal@90.25C POM_5V_IN 9398/7184 POM_5V_GPU 4691/3040 POM_5V_CPU 1739/1433
RAM 3273/3964MB (lfb 14x256kB) SWAP 1982/1982MB (cached 4MB) CPU [21%@1132,23%@1132,34%@1132,36%@1132] EMC_FREQ 0% GR3D_FREQ 98% PLL@83C CPU@91.5C PMIC@50C GPU@90C AO@90.5C thermal@90.25C POM_5V_IN 9277/7206 POM_5V_GPU 4691/3057 POM_5V_CPU 1617/1434
RAM 3273/3964MB (lfb 14x256kB) SWAP 1982/1982MB (cached 4MB) CPU [26%@614,25%@614,33%@614,24%@825] EMC_FREQ 0% GR3D_FREQ 99% PLL@83C CPU@91.5C PMIC@50C GPU@90C AO@91C thermal@90.25C POM_5V_IN 9317/7228 POM_5V_GPU 4691/3074 POM_5V_CPU 1617/1436
RAM 3273/3964MB (lfb 14x256kB) SWAP 1982/1982MB (cached 4MB) CPU [36%@1479,34%@1479,34%@1479,12%@1479] EMC_FREQ 0% GR3D_FREQ 98% PLL@83C CPU@91.5C PMIC@50C GPU@90C AO@91C thermal@90.25C POM_5V_IN 9520/7251 POM_5V_GPU 4651/3090 POM_5V_CPU 1860/1441
RAM 3273/3964MB (lfb 14x256kB) SWAP 1982/1982MB (cached 4MB) CPU [17%@1428,44%@1428,26%@1428,12%@1428] EMC_FREQ 0% GR3D_FREQ 98% PLL@83.5C CPU@92C PMIC@50C GPU@90C AO@91.5C thermal@91C POM_5V_IN 9317/7272 POM_5V_GPU 4691/3106 POM_5V_CPU 1658/1443
RAM 3273/3964MB (lfb 14x256kB) SWAP 1982/1982MB (cached 4MB) CPU [39%@518,14%@518,51%@518,18%@518] EMC_FREQ 0% GR3D_FREQ 98% PLL@83.5C CPU@92C PMIC@50C GPU@90.5C AO@91.5C thermal@91C POM_5V_IN 9277/7292 POM_5V_GPU 4691/3122 POM_5V_CPU 1577/1444
RAM 3273/3964MB (lfb 14x256kB) SWAP 1982/1982MB (cached 4MB) CPU [25%@710,20%@710,37%@710,18%@710] EMC_FREQ 0% GR3D_FREQ 98% PLL@83C CPU@92C PMIC@50C GPU@90.5C AO@91.5C thermal@91C POM_5V_IN 9317/7312 POM_5V_GPU 4732/3138 POM_5V_CPU 1577/1446
RAM 3273/3964MB (lfb 14x256kB) SWAP 1982/1982MB (cached 4MB) CPU [16%@1428,8%@1428,65%@1428,8%@1428] EMC_FREQ 0% GR3D_FREQ 98% PLL@83.5C CPU@93C PMIC@50C GPU@91C AO@91.5C thermal@91C POM_5V_IN 9520/7334 POM_5V_GPU 4691/3153 POM_5V_CPU 1779/1449
RAM 3273/3964MB (lfb 14x256kB) SWAP 1982/1982MB (cached 4MB) CPU [15%@1132,20%@1132,44%@1132,8%@1132] EMC_FREQ 0% GR3D_FREQ 98% PLL@84C CPU@92.5C PMIC@50C GPU@91C AO@91.5C thermal@91.75C POM_5V_IN 9398/7354 POM_5V_GPU 4732/3168 POM_5V_CPU 1658/1451
RAM 3273/3964MB (lfb 14x256kB) SWAP 1982/1982MB (cached 4MB) CPU [19%@518,19%@518,30%@518,55%@518] EMC_FREQ 0% GR3D_FREQ 98% PLL@84C CPU@92.5C PMIC@50C GPU@91C AO@91.5C thermal@91.75C POM_5V_IN 9398/7374 POM_5V_GPU 4691/3183 POM_5V_CPU 1658/1453
RAM 3273/3964MB (lfb 14x256kB) SWAP 1982/1982MB (cached 4MB) CPU [16%@1224,26%@1224,28%@1224,51%@1224] EMC_FREQ 0% GR3D_FREQ 98% PLL@84C CPU@92C PMIC@50C GPU@91C AO@92C thermal@91.75C POM_5V_IN 9398/7393 POM_5V_GPU 4732/3198 POM_5V_CPU 1658/1455
RAM 3273/3964MB (lfb 14x256kB) SWAP 1982/1982MB (cached 4MB) CPU [23%@1224,51%@1224,20%@1224,12%@1224] EMC_FREQ 0% GR3D_FREQ 98% PLL@84C CPU@92.5C PMIC@50C GPU@91C AO@92C thermal@91.75C POM_5V_IN 9520/7413 POM_5V_GPU 4691/3212 POM_5V_CPU 1739/1457
RAM 3273/3964MB (lfb 14x256kB) SWAP 1982/1982MB (cached 4MB) CPU [25%@1428,37%@1428,20%@1428,12%@1428] EMC_FREQ 0% GR3D_FREQ 98% PLL@84.5C CPU@92.5C PMIC@50C GPU@91.5C AO@92C thermal@92C POM_5V_IN 9479/7432 POM_5V_GPU 4732/3226 POM_5V_CPU 1698/1460
RAM 3273/3964MB (lfb 14x256kB) SWAP 1982/1982MB (cached 4MB) CPU [36%@614,20%@614,29%@1224,32%@1224] EMC_FREQ 0% GR3D_FREQ 98% PLL@84.5C CPU@93C PMIC@50C GPU@91.5C AO@92.5C thermal@92C POM_5V_IN 9520/7452 POM_5V_GPU 4732/3240 POM_5V_CPU 1739/1462
RAM 3273/3964MB (lfb 14x256kB) SWAP 1982/1982MB (cached 4MB) CPU [29%@1224,19%@1224,44%@1224,12%@1224] EMC_FREQ 0% GR3D_FREQ 98% PLL@84.5C CPU@93.5C PMIC@50C GPU@91.5C AO@92.5C thermal@92C POM_5V_IN 9641/7472 POM_5V_GPU 4732/3254 POM_5V_CPU 1820/1466
RAM 3273/3964MB (lfb 14x256kB) SWAP 1982/1982MB (cached 4MB) CPU [19%@1132,16%@1132,21%@1132,43%@1132] EMC_FREQ 0% GR3D_FREQ 98% PLL@85C CPU@93.5C PMIC@50C GPU@92C AO@92C thermal@92C POM_5V_IN 9520/7490 POM_5V_GPU 4732/3267 POM_5V_CPU 1698/1468
RAM 3273/3964MB (lfb 14x256kB) SWAP 1982/1982MB (cached 4MB) CPU [23%@1326,33%@1326,29%@1326,38%@1326] EMC_FREQ 0% GR3D_FREQ 98% PLL@84.5C CPU@93.5C PMIC@50C GPU@92C AO@92.5C thermal@92C POM_5V_IN 9479/7508 POM_5V_GPU 4772/3281 POM_5V_CPU 1658/1469
RAM 3273/3964MB (lfb 14x256kB) SWAP 1982/1982MB (cached 4MB) CPU [32%@1132,40%@1132,23%@1132,12%@1132] EMC_FREQ 0% GR3D_FREQ 98% PLL@84.5C CPU@93.5C PMIC@50C GPU@92C AO@93C thermal@92.5C POM_5V_IN 9439/7525 POM_5V_GPU 4772/3294 POM_5V_CPU 1658/1471
RAM 3273/3964MB (lfb 14x256kB) SWAP 1982/1982MB (cached 4MB) CPU [16%@1326,51%@614,20%@614,12%@1132] EMC_FREQ 0% GR3D_FREQ 98% PLL@85C CPU@93C PMIC@50C GPU@92C AO@92.5C thermal@92.5C POM_5V_IN 9479/7543 POM_5V_GPU 4772/3307 POM_5V_CPU 1658/1473
RAM 3273/3964MB (lfb 14x256kB) SWAP 1982/1982MB (cached 4MB) CPU [8%@1479,74%@1479,8%@1479,19%@1479] EMC_FREQ 0% GR3D_FREQ 0% PLL@84C CPU@88.5C PMIC@50C GPU@88C AO@92C thermal@92.5C POM_5V_IN 5088/7521 POM_5V_GPU 651/3284 POM_5V_CPU 1625/1474
RAM 2652/3964MB (lfb 3x2MB) SWAP 1982/1982MB (cached 4MB) CPU [46%@1479,58%@1479,3%@1479,4%@1479] EMC_FREQ 0% GR3D_FREQ 0% PLL@82C CPU@88.5C PMIC@50C GPU@84.5C AO@91C thermal@92.5C POM_5V_IN 4396/7494 POM_5V_GPU 447/3259 POM_5V_CPU 1506/1474
RAM 2639/3964MB (lfb 4x2MB) SWAP 1982/1982MB (cached 4MB) CPU [19%@307,15%@307,0%@307,7%@307] EMC_FREQ 0% GR3D_FREQ 0% PLL@79.5C CPU@82.5C PMIC@50C GPU@82C AO@88.5C thermal@83C POM_5V_IN 3179/7457 POM_5V_GPU 448/3235 POM_5V_CPU 489/1466
RAM 2639/3964MB (lfb 4x2MB) SWAP 1982/1982MB (cached 4MB) CPU [13%@102,0%@102,0%@102,3%@102] EMC_FREQ 0% GR3D_FREQ 0% PLL@77.5C CPU@80.5C PMIC@50C GPU@80.5C AO@86.5C thermal@83C POM_5V_IN 3098/7420 POM_5V_GPU 407/3211 POM_5V_CPU 407/1457
RAM 2639/3964MB (lfb 4x2MB) SWAP 1982/1982MB (cached 4MB) CPU [20%@102,7%@102,7%@102,7%@204] EMC_FREQ 0% GR3D_FREQ 0% PLL@76.5C CPU@80C PMIC@50C GPU@79.5C AO@85C thermal@83C POM_5V_IN 3098/7383 POM_5V_GPU 407/3187 POM_5V_CPU 407/1448
