RAM 2644/3964MB (lfb 4x2MB) SWAP 1982/1982MB (cached 4MB) CPU [4%@102,3%@102,0%@102,48%@102] EMC_FREQ 0% GR3D_FREQ 0% PLL@74.5C CPU@78C PMIC@50C GPU@78C AO@83.5C thermal@78C POM_5V_IN 3139/3139 POM_5V_GPU 366/366 POM_5V_CPU 529/529
RAM 2644/3964MB (lfb 4x2MB) SWAP 1982/1982MB (cached 4MB) CPU [21%@102,7%@102,11%@102,7%@102] EMC_FREQ 0% GR3D_FREQ 0% PLL@73.5C CPU@77.5C PMIC@50C GPU@77C AO@83C thermal@78C POM_5V_IN 3016/3077 POM_5V_GPU 366/366 POM_5V_CPU 448/488
RAM 2644/3964MB (lfb 4x2MB) SWAP 1982/1982MB (cached 4MB) CPU [15%@102,11%@102,14%@102,10%@102] EMC_FREQ 0% GR3D_FREQ 0% PLL@73C CPU@76.5C PMIC@50C GPU@76C AO@82.5C thermal@78C POM_5V_IN 2976/3043 POM_5V_GPU 366/366 POM_5V_CPU 448/475
RAM 2644/3964MB (lfb 4x2MB) SWAP 1982/1982MB (cached 4MB) CPU [25%@102,14%@102,4%@102,7%@102] EMC_FREQ 0% GR3D_FREQ 0% PLL@72C CPU@76C PMIC@50C GPU@75.5C AO@81.5C thermal@78C POM_5V_IN 3016/3036 POM_5V_GPU 366/366 POM_5V_CPU 489/478
RAM 2644/3964MB (lfb 4x2MB) SWAP 1982/1982MB (cached 4MB) CPU [12%@102,11%@102,10%@102,11%@102] EMC_FREQ 0% GR3D_FREQ 0% PLL@72C CPU@75.5C PMIC@50C GPU@75C AO@81C thermal@75C POM_5V_IN 2935/3016 POM_5V_GPU 366/366 POM_5V_CPU 448/472
RAM 2644/3964MB (lfb 4x2MB) SWAP 1982/1982MB (cached 4MB) CPU [25%@204,4%@204,14%@204,11%@204] EMC_FREQ 0% GR3D_FREQ 0% PLL@71C CPU@75C PMIC@50C GPU@74.5C AO@80.5C thermal@75C POM_5V_IN 3098/3030 POM_5V_GPU 407/372 POM_5V_CPU 529/481
RAM 2644/3964MB (lfb 4x2MB) SWAP 1982/1982MB (cached 4MB) CPU [25%@102,3%@102,3%@102,7%@102] EMC_FREQ 0% GR3D_FREQ 0% PLL@70.5C CPU@74.5C PMIC@50C GPU@74C AO@80C thermal@75C POM_5V_IN 2935/3016 POM_5V_GPU 366/371 POM_5V_CPU 448/477
RAM 2680/3964MB (lfb 3x2MB) SWAP 1982/1982MB (cached 4MB) CPU [16%@825,42%@825,8%@825,7%@825] EMC_FREQ 0% GR3D_FREQ 0% PLL@71C CPU@75C PMIC@50C GPU@74C AO@80C thermal@75C POM_5V_IN 3750/3108 POM_5V_GPU 366/371 POM_5V_CPU 936/534
RAM 2725/3964MB (lfb 3x2MB) SWAP 1982/1982MB (cached 4MB) CPU [38%@1479,7%@1479,76%@1479,8%@1479] EMC_FREQ 0% GR3D_FREQ 2% PLL@72.5C CPU@76.5C PMIC@50C GPU@75C AO@81C thermal@75C POM_5V_IN 4884/3305 POM_5V_GPU 732/411 POM_5V_CPU 1910/687
RAM 2780/3964MB (lfb 3x2MB) SWAP 1982/1982MB (cached 4MB) CPU [8%@1479,7%@1479,100%@1479,4%@1479] EMC_FREQ 0% GR3D_FREQ 1% PLL@73C CPU@77C PMIC@50C GPU@75.5C AO@81C thermal@76C POM_5V_IN 4640/3438 POM_5V_GPU 569/427 POM_5V_CPU 1750/793
RAM 2805/3964MB (lfb 3x2MB) SWAP 1982/1982MB (cached 4MB) CPU [15%@1479,8%@1479,100%@1479,17%@1479] EMC_FREQ 0% GR3D_FREQ 1% PLL@73C CPU@77.5C PMIC@50C GPU@75.5C AO@81C thermal@76C POM_5V_IN 4762/3559 POM_5V_GPU 651/447 POM_5V_CPU 1831/887
RAM 2852/3964MB (lfb 3x2MB) SWAP 1982/1982MB (cached 4MB) CPU [15%@1479,8%@1479,100%@1479,11%@1479] EMC_FREQ 0% GR3D_FREQ 1% PLL@73C CPU@77C PMIC@50C GPU@76C AO@81C thermal@76C POM_5V_IN 4884/3669 POM_5V_GPU 691/467 POM_5V_CPU 1828/966
RAM 2885/3964MB (lfb 3x2MB) SWAP 1980/1982MB (cached 4MB) CPU [65%@1479,53%@1479,96%@1479,56%@1479] EMC_FREQ 0% GR3D_FREQ 6% PLL@75C CPU@80.5C PMIC@50C GPU@75.5C AO@82C thermal@76C POM_5V_IN 6136/3859 POM_5V_GPU 365/459 POM_5V_CPU 3083/1129
RAM 2911/3964MB (lfb 3x2MB) SWAP 1980/1982MB (cached 4MB) CPU [20%@1479,20%@1479,100%@1479,23%@1479] EMC_FREQ 0% GR3D_FREQ 5% PLL@74C CPU@77.5C PMIC@50C GPU@75C AO@81.5C thermal@76.75C POM_5V_IN 4477/3903 POM_5V_GPU 325/450 POM_5V_CPU 1790/1176
RAM 2940/3964MB (lfb 3x2MB) SWAP 1980/1982MB (cached 4MB) CPU [16%@1479,4%@1479,100%@1479,18%@1479] EMC_FREQ 0% GR3D_FREQ 13% PLL@73.5C CPU@77C PMIC@50C GPU@75C AO@81.5C thermal@76.75C POM_5V_IN 4518/3944 POM_5V_GPU 366/444 POM_5V_CPU 1872/1222
RAM 2980/3964MB (lfb 3x2MB) SWAP 1980/1982MB (cached 4MB) CPU [8%@1479,14%@1479,96%@1479,11%@1479] EMC_FREQ 0% GR3D_FREQ 14% PLL@73C CPU@76.5C PMIC@50C GPU@74.5C AO@81C thermal@76.75C POM_5V_IN 4558/3982 POM_5V_GPU 407/442 POM_5V_CPU 1872/1263
RAM 3020/3964MB (lfb 3x2MB) SWAP 1980/1982MB (cached 4MB) CPU [11%@1479,12%@1479,96%@1479,4%@1479] EMC_FREQ 0% GR3D_FREQ 0% PLL@72.5C CPU@76.5C PMIC@50C GPU@74.5C AO@81C thermal@76.75C POM_5V_IN 4436/4009 POM_5V_GPU 325/435 POM_5V_CPU 1831/1296
RAM 3058/3964MB (lfb 3x2MB) SWAP 1980/1982MB (cached 4MB) CPU [8%@1479,14%@1479,96%@1479,4%@1479] EMC_FREQ 0% GR3D_FREQ 21% PLL@72.5C CPU@76C PMIC@50C GPU@74.5C AO@81C thermal@75.5C POM_5V_IN 4518/4037 POM_5V_GPU 366/431 POM_5V_CPU 1872/1328
RAM 3101/3964MB (lfb 3x2MB) SWAP 1980/1982MB (cached 4MB) CPU [9%@1479,12%@1479,16%@1479,92%@1479] EMC_FREQ 0% GR3D_FREQ 0% PLL@73C CPU@76C PMIC@50C GPU@74C AO@80.5C thermal@75.5C POM_5V_IN 4518/4062 POM_5V_GPU 325/425 POM_5V_CPU 1872/1357
RAM 3132/3964MB (lfb 3x2MB) SWAP 1980/1982MB (cached 4MB) CPU [20%@1479,12%@1479,41%@1479,74%@1479] EMC_FREQ 0% GR3D_FREQ 28% PLL@72.5C CPU@76.5C PMIC@50C GPU@74C AO@80C thermal@75.5C POM_5V_IN 4721/4095 POM_5V_GPU 447/426 POM_5V_CPU 2035/1391
RAM 3156/3964MB (lfb 3x2MB) SWAP 1980/1982MB (cached 4MB) CPU [15%@825,48%@825,60%@825,11%@825] EMC_FREQ 0% GR3D_FREQ 0% PLL@72C CPU@79C PMIC@50C GPU@73C AO@80C thermal@75.5C POM_5V_IN 4314/4106 POM_5V_GPU 244/418 POM_5V_CPU 1831/1412
RAM 3189/3964MB (lfb 3x2MB) SWAP 1980/1982MB (cached 4MB) CPU [20%@1479,91%@1479,20%@1479,12%@1479] EMC_FREQ 0% GR3D_FREQ 17% PLL@72C CPU@78.5C PMIC@50C GPU@73C AO@80.5C thermal@75.5C POM_5V_IN 4558/4126 POM_5V_GPU 325/413 POM_5V_CPU 1953/1436
RAM 3244/3964MB (lfb 4x256kB) SWAP 1980/1982MB (cached 4MB) CPU [16%@1479,96%@1479,16%@1479,12%@1479] EMC_FREQ 0% GR3D_FREQ 0% PLL@72C CPU@78C PMIC@50C GPU@73C AO@80C thermal@75.75C POM_5V_IN 4436/4140 POM_5V_GPU 203/404 POM_5V_CPU 1913/1457
RAM 3240/3964MB (lfb 4x256kB) SWAP 1980/1982MB (cached 4MB) CPU [23%@1479,92%@1479,20%@1479,12%@1479] EMC_FREQ 0% GR3D_FREQ 9% PLL@71.5C CPU@77.5C PMIC@50C GPU@73C AO@80C thermal@75.75C POM_5V_IN 4199/4142 POM_5V_GPU 244/398 POM_5V_CPU 1750/1469
RAM 3247/3964MB (lfb 4x256kB) SWAP 1980/1982MB (cached 4MB) CPU [21%@614,92%@614,16%@614,12%@614] EMC_FREQ 0% GR3D_FREQ 28% PLL@72C CPU@78C PMIC@50C GPU@73C AO@80C thermal@75.75C POM_5V_IN 4314/4149 POM_5V_GPU 284/393 POM_5V_CPU 1668/1477
RAM 3247/3964MB (lfb 4x256kB) SWAP 1980/1982MB (cached 4MB) CPU [30%@921,11%@921,12%@921,7%@921] EMC_FREQ 0% GR3D_FREQ 99% PLL@71C CPU@75.5C PMIC@50C GPU@75C AO@79.5C thermal@75.75C POM_5V_IN 7112/4263 POM_5V_GPU 3246/503 POM_5V_CPU 973/1458
RAM 3247/3964MB (lfb 4x256kB) SWAP 1980/1982MB (cached 4MB) CPU [15%@1036,16%@1036,29%@1036,16%@1036] EMC_FREQ 0% GR3D_FREQ 99% PLL@72.5C CPU@79C PMIC@50C GPU@78.5C AO@80.5C thermal@78.25C POM_5V_IN 8953/4437 POM_5V_GPU 4780/661 POM_5V_CPU 1053/1443
RAM 3247/3964MB (lfb 4x256kB) SWAP 1980/1982MB (cached 4MB) CPU [8%@1036,7%@1036,34%@1036,11%@1036] EMC_FREQ 0% GR3D_FREQ 99% PLL@73.5C CPU@81C PMIC@50C GPU@80.5C AO@81.5C thermal@78.25C POM_5V_IN 9034/4601 POM_5V_GPU 4861/811 POM_5V_CPU 1053/1429
RAM 3247/3964MB (lfb 4x256kB) SWAP 1980/1982MB (cached 4MB) CPU [34%@825,8%@825,15%@403,16%@403] EMC_FREQ 0% GR3D_FREQ 99% PLL@74.5C CPU@82C PMIC@50C GPU@81.5C AO@82.5C thermal@78.25C POM_5V_IN 9034/4754 POM_5V_GPU 4934/953 POM_5V_CPU 1012/1414
RAM 3247/3964MB (lfb 4x256kB) SWAP 1980/1982MB (cached 4MB) CPU [43%@921,11%@921,4%@921,12%@921] EMC_FREQ 0% GR3D_FREQ 99% PLL@75C CPU@83C PMIC@50C GPU@82C AO@83C thermal@78.25C POM_5V_IN 9155/4900 POM_5V_GPU 4894/1085 POM_5V_CPU 1051/1402
RAM 3247/3964MB (lfb 4x256kB) SWAP 1980/1982MB (cached 4MB) CPU [48%@825,18%@825,20%@825,8%@825] EMC_FREQ 0% GR3D_FREQ 99% PLL@75.5C CPU@84C PMIC@50C GPU@83C AO@84C thermal@83.25C POM_5V_IN 9236/5040 POM_5V_GPU 4934/1209 POM_5V_CPU 1134/1393
RAM 3247/3964MB (lfb 4x256kB) SWAP 1980/1982MB (cached 4MB) CPU [46%@921,4%@921,14%@921,8%@921] EMC_FREQ 0% GR3D_FREQ 99% PLL@76C CPU@84.5C PMIC@50C GPU@83.5C AO@84.5C thermal@83.25C POM_5V_IN 9236/5171 POM_5V_GPU 4975/1326 POM_5V_CPU 1092/1384
RAM 3247/3964MB (lfb 4x256kB) SWAP 1980/1982MB (cached 4MB) CPU [40%@825,12%@825,4%@825,17%@825] EMC_FREQ 0% GR3D_FREQ 99% PLL@76.5C CPU@85C PMIC@50C GPU@84C AO@85C thermal@83.25C POM_5V_IN 9398/5299 POM_5V_GPU 4934/1436 POM_5V_CPU 1253/1380
RAM 3247/3964MB (lfb 4x256kB) SWAP 1980/1982MB (cached 4MB) CPU [24%@825,40%@825,7%@825,12%@825] EMC_FREQ 0% GR3D_FREQ 99% PLL@77C CPU@85.5C PMIC@50C GPU@85C AO@85C thermal@83.25C POM_5V_IN 9317/5418 POM_5V_GPU 5015/1541 POM_5V_CPU 1092/1372
RAM 3247/3964MB (lfb 4x256kB) SWAP 1980/1982MB (cached 4MB) CPU [36%@825,19%@825,11%@825,11%@825] EMC_FREQ 0% GR3D_FREQ 99% PLL@77.5C CPU@85.5C PMIC@50C GPU@85.5C AO@86C thermal@83.25C POM_5V_IN 9358/5530 POM_5V_GPU 5015/1640 POM_5V_CPU 1132/1365
RAM 3247/3964MB (lfb 4x256kB) SWAP 1980/1982MB (cached 4MB) CPU [36%@518,11%@518,11%@518,15%@518] EMC_FREQ 0% GR3D_FREQ 99% PLL@78.5C CPU@86.5C PMIC@50C GPU@85.5C AO@86C thermal@86C POM_5V_IN 9358/5636 POM_5V_GPU 5056/1735 POM_5V_CPU 1051/1356
RAM 3247/3964MB (lfb 4x256kB) SWAP 1980/1982MB (cached 4MB) CPU [44%@921,12%@921,11%@921,12%@921] EMC_FREQ 0% GR3D_FREQ 99% PLL@78.5C CPU@87C PMIC@50C GPU@86C AO@86.5C thermal@86C POM_5V_IN 9479/5740 POM_5V_GPU 5015/1824 POM_5V_CPU 1213/1352
RAM 3243/3964MB (lfb 4x256kB) SWAP 1980/1982MB (cached 4MB) CPU [40%@825,8%@825,20%@825,15%@825] EMC_FREQ 0% GR3D_FREQ 99% PLL@79C CPU@87.5C PMIC@50C GPU@86.5C AO@87C thermal@86C POM_5V_IN 9682/5844 POM_5V_GPU 5056/1909 POM_5V_CPU 1375/1353
RAM 3243/3964MB (lfb 4x256kB) SWAP 1980/1982MB (cached 4MB) CPU [32%@710,12%@710,4%@710,23%@710] EMC_FREQ 0% GR3D_FREQ 99% PLL@79C CPU@87.5C PMIC@50C GPU@86.5C AO@87C thermal@86C POM_5V_IN 9317/5933 POM_5V_GPU 5096/1991 POM_5V_CPU 1011/1344
RAM 3243/3964MB (lfb 4x256kB) SWAP 1980/1982MB (cached 4MB) CPU [26%@518,18%@518,15%@518,46%@518] EMC_FREQ 0% GR3D_FREQ 99% PLL@79C CPU@88C PMIC@50C GPU@87C AO@87.5C thermal@87.25C POM_5V_IN 9398/6020 POM_5V_GPU 5096/2068 POM_5V_CPU 1092/1338
RAM 3243/3964MB (lfb 4x256kB) SWAP 1980/1982MB (cached 4MB) CPU [41%@710,8%@710,8%@710,15%@710] EMC_FREQ 0% GR3D_FREQ 99% PLL@79.5C CPU@88.5C PMIC@50C GPU@87.5C AO@88C thermal@87.25C POM_5V_IN 9520/6105 POM_5V_GPU 5136/2143 POM_5V_CPU 1213/1335
RAM 3243/3964MB (lfb 4x256kB) SWAP 1980/1982MB (cached 4MB) CPU [33%@921,8%@921,4%@921,12%@921] EMC_FREQ 0% GR3D_FREQ 99% PLL@79.5C CPU@88.5C PMIC@50C GPU@88C AO@88.5C thermal@87.25C POM_5V_IN 9520/6186 POM_5V_GPU 5136/2214 POM_5V_CPU 1172/1331
RAM 3243/3964MB (lfb 4x256kB) SWAP 1980/1982MB (cached 4MB) CPU [42%@921,11%@921,4%@921,8%@921] EMC_FREQ 0% GR3D_FREQ 99% PLL@80C CPU@89C PMIC@50C GPU@88C AO@88.5C thermal@87.25C POM_5V_IN 9520/6264 POM_5V_GPU 5136/2282 POM_5V_CPU 1132/1326
RAM 3243/3964MB (lfb 4x256kB) SWAP 1980/1982MB (cached 4MB) CPU [28%@710,11%@710,28%@710,12%@710] EMC_FREQ 0% GR3D_FREQ 99% PLL@80.5C CPU@89.5C PMIC@50C GPU@88.5C AO@88.5C thermal@89C POM_5V_IN 9601/6340 POM_5V_GPU 5177/2348 POM_5V_CPU 1172/1323
RAM 3243/3964MB (lfb 4x256kB) SWAP 1980/1982MB (cached 4MB) CPU [20%@614,12%@614,42%@614,11%@614] EMC_FREQ 0% GR3D_FREQ 99% PLL@81C CPU@89.5C PMIC@50C GPU@88.5C AO@88.5C thermal@89C POM_5V_IN 9560/6411 POM_5V_GPU 5136/2410 POM_5V_CPU 1172/1319
RAM 3243/3964MB (lfb 4x256kB) SWAP 1980/1982MB (cached 4MB) CPU [41%@710,12%@710,4%@710,11%@710] EMC_FREQ 0% GR3D_FREQ 99% PLL@81C CPU@90C PMIC@50C GPU@89C AO@89C thermal@89C POM_5V_IN 9641/6481 POM_5V_GPU 5177/2470 POM_5V_CPU 1172/1316
RAM 3243/3964MB (lfb 4x256kB) SWAP 1980/1982MB (cached 4MB) CPU [40%@825,11%@825,7%@825,8%@825] EMC_FREQ 0% GR3D_FREQ 99% PLL@81C CPU@90C PMIC@50C GPU@89C AO@89.5C thermal@89C POM_5V_IN 9682/6549 POM_5V_GPU 5177/2528 POM_5V_CPU 1213/1314
RAM 3243/3964MB (lfb 4x256kB) SWAP 1980/1982MB (cached 4MB) CPU [40%@921,4%@921,8%@921,11%@921] EMC_FREQ 0% GR3D_FREQ 99% PLL@81.5C CPU@90.5C PMIC@50C GPU@89.5C AO@89.5C thermal@89C POM_5V_IN 9682/6615 POM_5V_GPU 5217/2584 POM_5V_CPU 1213/1312
RAM 3243/3964MB (lfb 4x256kB) SWAP 1980/1982MB (cached 4MB) CPU [33%@1036,25%@1036,12%@1036,12%@1036] EMC_FREQ 0% GR3D_FREQ 99% PLL@82C CPU@90.5C PMIC@50C GPU@89.5C AO@89.5C thermal@90C POM_5V_IN 9722/6678 POM_5V_GPU 5177/2637 POM_5V_CPU 1253/1310
RAM 3243/3964MB (lfb 4x256kB) SWAP 1980/1982MB (cached 4MB) CPU [40%@710,18%@710,11%@710,4%@710] EMC_FREQ 0% GR3D_FREQ 99% PLL@82C CPU@91C PMIC@50C GPU@89.5C AO@90C thermal@90C POM_5V_IN 9763/6740 POM_5V_GPU 5177/2687 POM_5V_CPU 1213/1308
RAM 3243/3964MB (lfb 4x256kB) SWAP 1980/1982MB (cached 4MB) CPU [34%@921,24%@921,11%@921,11%@921] EMC_FREQ 0% GR3D_FREQ 99% PLL@82C CPU@91.5C PMIC@50C GPU@90C AO@90.5C thermal@90C POM_5V_IN 9763/6799 POM_5V_GPU 5217/2737 POM_5V_CPU 1213/1307
RAM 3244/3964MB (lfb 4x256kB) SWAP 1980/1982MB (cached 4MB) CPU [38%@518,8%@518,8%@518,8%@518] EMC_FREQ 0% GR3D_FREQ 99% PLL@82.5C CPU@91C PMIC@50C GPU@90C AO@90.5C thermal@90C POM_5V_IN 9722/6855 POM_5V_GPU 5217/2785 POM_5V_CPU 1213/1305
RAM 3244/3964MB (lfb 4x256kB) SWAP 1980/1982MB (cached 4MB) CPU [37%@518,4%@518,26%@518,19%@518] EMC_FREQ 0% GR3D_FREQ 99% PLL@82.5C CPU@91.5C PMIC@50C GPU@90.5C AO@90.5C thermal@91C POM_5V_IN 9763/6910 POM_5V_GPU 5258/2831 POM_5V_CPU 1213/1303
RAM 3244/3964MB (lfb 4x256kB) SWAP 1980/1982MB (cached 4MB) CPU [36%@825,14%@825,23%@825,18%@825] EMC_FREQ 0% GR3D_FREQ 99% PLL@83C CPU@91.5C PMIC@50C GPU@90.5C AO@91C thermal@91C POM_5V_IN 9844/6964 POM_5V_GPU 5217/2875 POM_5V_CPU 1253/1302
RAM 3244/3964MB (lfb 4x256kB) SWAP 1980/1982MB (cached 4MB) CPU [37%@710,11%@710,8%@710,11%@710] EMC_FREQ 0% GR3D_FREQ 99% PLL@83C CPU@92C PMIC@50C GPU@91C AO@91.5C thermal@91C POM_5V_IN 9884/7018 POM_5V_GPU 5258/2919 POM_5V_CPU 1294/1302
RAM 3244/3964MB (lfb 4x256kB) SWAP 1980/1982MB (cached 4MB) CPU [36%@710,16%@710,4%@710,4%@710] EMC_FREQ 0% GR3D_FREQ 99% PLL@83C CPU@92C PMIC@50C GPU@91.5C AO@91C thermal@91C POM_5V_IN 9925/7069 POM_5V_GPU 5298/2961 POM_5V_CPU 1253/1301
RAM 3244/3964MB (lfb 4x256kB) SWAP 1980/1982MB (cached 4MB) CPU [34%@921,11%@921,15%@921,14%@921] EMC_FREQ 0% GR3D_FREQ 99% PLL@83C CPU@92.5C PMIC@50C GPU@91.5C AO@91C thermal@91C POM_5V_IN 9884/7119 POM_5V_GPU 5258/3002 POM_5V_CPU 1294/1301
RAM 3244/3964MB (lfb 4x256kB) SWAP 1980/1982MB (cached 4MB) CPU [44%@710,11%@710,11%@710,8%@710] EMC_FREQ 0% GR3D_FREQ 99% PLL@83.5C CPU@92.5C PMIC@50C GPU@91.5C AO@91.5C thermal@92C POM_5V_IN 9965/7168 POM_5V_GPU 5298/3041 POM_5V_CPU 1294/1301
RAM 3244/3964MB (lfb 4x256kB) SWAP 1980/1982MB (cached 4MB) CPU [13%@921,4%@921,4%@921,37%@921] EMC_FREQ 0% GR3D_FREQ 99% PLL@83.5C CPU@93C PMIC@50C GPU@92C AO@92C thermal@92C POM_5V_IN 9925/7215 POM_5V_GPU 5258/3079 POM_5V_CPU 1294/1301
RAM 3244/3964MB (lfb 4x256kB) SWAP 1980/1982MB (cached 4MB) CPU [28%@710,25%@710,26%@710,26%@710] EMC_FREQ 0% GR3D_FREQ 99% PLL@83.5C CPU@93.5C PMIC@50C GPU@92C AO@92C thermal@92C POM_5V_IN 9925/7260 POM_5V_GPU 5258/3115 POM_5V_CPU 1253/1300
RAM 3244/3964MB (lfb 4x256kB) SWAP 1980/1982MB (cached 4MB) CPU [33%@1132,11%@1132,21%@1132,20%@1132] EMC_FREQ 0% GR3D_FREQ 99% PLL@83.5C CPU@94C PMIC@50C GPU@92C AO@92C thermal@92C POM_5V_IN 10046/7305 POM_5V_GPU 5298/3151 POM_5V_CPU 1334/1300
RAM 3244/3964MB (lfb 4x256kB) SWAP 1980/1982MB (cached 4MB) CPU [44%@1479,11%@1479,8%@1479,11%@1479] EMC_FREQ 0% GR3D_FREQ 99% PLL@84C CPU@93.5C PMIC@50C GPU@92C AO@92C thermal@92.75C POM_5V_IN 10071/7350 POM_5V_GPU 5298/3185 POM_5V_CPU 1456/1303
RAM 3244/3964MB (lfb 4x256kB) SWAP 1980/1982MB (cached 4MB) CPU [30%@710,11%@403,12%@403,14%@403] EMC_FREQ 0% GR3D_FREQ 99% PLL@84C CPU@93.5C PMIC@50C GPU@92.5C AO@92.5C thermal@92.75C POM_5V_IN 9925/7391 POM_5V_GPU 5298/3219 POM_5V_CPU 1294/1303
RAM 3244/3964MB (lfb 4x256kB) SWAP 1980/1982MB (cached 4MB) CPU [29%@921,8%@921,8%@921,24%@921] EMC_FREQ 0% GR3D_FREQ 99% PLL@84.5C CPU@93.5C PMIC@50C GPU@92.5C AO@92.5C thermal@92.75C POM_5V_IN 9884/7430 POM_5V_GPU 5339/3252 POM_5V_CPU 1253/1302
RAM 3244/3964MB (lfb 4x256kB) SWAP 1980/1982MB (cached 4MB) CPU [26%@307,8%@307,16%@307,42%@307] EMC_FREQ 0% GR3D_FREQ 99% PLL@84C CPU@94C PMIC@50C GPU@92.5C AO@93C thermal@92.75C POM_5V_IN 9884/7468 POM_5V_GPU 5298/3283 POM_5V_CPU 1213/1301
RAM 3244/3964MB (lfb 4x256kB) SWAP 1980/1982MB (cached 4MB) CPU [44%@825,8%@825,8%@825,12%@825] EMC_FREQ 0% GR3D_FREQ 99% PLL@85C CPU@94.5C PMIC@50C GPU@93C AO@93C thermal@93.5C POM_5V_IN 9965/7505 POM_5V_GPU 5379/3315 POM_5V_CPU 1253/1300
RAM 3244/3964MB (lfb 4x256kB) SWAP 1980/1982MB (cached 4MB) CPU [29%@614,11%@614,25%@614,12%@614] EMC_FREQ 0% GR3D_FREQ 99% PLL@85C CPU@94C PMIC@50C GPU@92.5C AO@93.5C thermal@93.5C POM_5V_IN 9925/7542 POM_5V_GPU 5339/3345 POM_5V_CPU 1294/1300
RAM 3244/3964MB (lfb 4x256kB) SWAP 1980/1982MB (cached 4MB) CPU [40%@614,11%@614,8%@614,15%@614] EMC_FREQ 0% GR3D_FREQ 99% PLL@85C CPU@94.5C PMIC@50C GPU@93C AO@93.5C thermal@93.5C POM_5V_IN 10112/7579 POM_5V_GPU 5339/3375 POM_5V_CPU 1334/1300
RAM 3244/3964MB (lfb 4x256kB) SWAP 1980/1982MB (cached 4MB) CPU [37%@1036,12%@1036,23%@1036,24%@1036] EMC_FREQ 0% GR3D_FREQ 99% PLL@85.5C CPU@94.5C PMIC@50C GPU@93.5C AO@93.5C thermal@93.5C POM_5V_IN 9950/7614 POM_5V_GPU 5379/3404 POM_5V_CPU 1294/1300
RAM 3244/3964MB (lfb 4x256kB) SWAP 1980/1982MB (cached 4MB) CPU [40%@614,12%@614,0%@614,11%@614] EMC_FREQ 0% GR3D_FREQ 99% PLL@85.5C CPU@95C PMIC@50C GPU@93.5C AO@93.5C thermal@93.5C POM_5V_IN 10112/7649 POM_5V_GPU 5379/3432 POM_5V_CPU 1294/1300
RAM 3244/3964MB (lfb 4x256kB) SWAP 1980/1982MB (cached 4MB) CPU [42%@1036,8%@1036,20%@1036,8%@1036] EMC_FREQ 0% GR3D_FREQ 99% PLL@85.5C CPU@94.5C PMIC@50C GPU@94C AO@94C thermal@94.5C POM_5V_IN 10112/7684 POM_5V_GPU 5420/3460 POM_5V_CPU 1253/1299
RAM 3244/3964MB (lfb 4x256kB) SWAP 1980/1982MB (cached 4MB) CPU [41%@710,4%@710,4%@710,15%@710] EMC_FREQ 0% GR3D_FREQ 99% PLL@86C CPU@95C PMIC@50C GPU@94C AO@94C thermal@94.5C POM_5V_IN 10152/7718 POM_5V_GPU 5339/3486 POM_5V_CPU 1375/1300
RAM 3244/3964MB (lfb 4x256kB) SWAP 1980/1982MB (cached 4MB) CPU [37%@1036,14%@1036,19%@1036,8%@1036] EMC_FREQ 0% GR3D_FREQ 99% PLL@85.5C CPU@95C PMIC@50C GPU@94.5C AO@94C thermal@94.5C POM_5V_IN 10071/7751 POM_5V_GPU 5379/3512 POM_5V_CPU 1253/1300
RAM 3244/3964MB (lfb 4x256kB) SWAP 1980/1982MB (cached 4MB) CPU [37%@710,8%@710,4%@710,8%@710] EMC_FREQ 0% GR3D_FREQ 99% PLL@86C CPU@95.5C PMIC@50C GPU@94C AO@94.5C thermal@94.5C POM_5V_IN 10112/7782 POM_5V_GPU 5420/3538 POM_5V_CPU 1294/1300
RAM 3244/3964MB (lfb 4x256kB) SWAP 1980/1982MB (cached 4MB) CPU [46%@710,4%@710,14%@710,4%@710] EMC_FREQ 0% GR3D_FREQ 99% PLL@86.5C CPU@95.5C PMIC@50C GPU@94.5C AO@95C thermal@94.75C POM_5V_IN 10152/7814 POM_5V_GPU 5460/3563 POM_5V_CPU 1294/1300
RAM 3244/3964MB (lfb 4x256kB) SWAP 1980/1982MB (cached 4MB) CPU [36%@710,8%@710,16%@710,16%@710] EMC_FREQ 0% GR3D_FREQ 99% PLL@86.5C CPU@95.5C PMIC@50C GPU@94.5C AO@95C thermal@94.75C POM_5V_IN 10273/7846 POM_5V_GPU 5339/3587 POM_5V_CPU 1456/1302
RAM 3244/3964MB (lfb 4x256kB) SWAP 1980/1982MB (cached 4MB) CPU [40%@825,11%@825,4%@825,4%@825] EMC_FREQ 0% GR3D_FREQ 99% PLL@86.5C CPU@96C PMIC@50C GPU@94.5C AO@95C thermal@94.75C POM_5V_IN 10233/7877 POM_5V_GPU 5460/3611 POM_5V_CPU 1294/1302
RAM 3244/3964MB (lfb 4x256kB) SWAP 1980/1982MB (cached 4MB) CPU [36%@710,4%@921,11%@921,14%@921] EMC_FREQ 0% GR3D_FREQ 99% PLL@86.5C CPU@96C PMIC@50C GPU@95C AO@95C thermal@94.75C POM_5V_IN 10192/7907 POM_5V_GPU 5420/3634 POM_5V_CPU 1334/1302
RAM 3244/3964MB (lfb 4x256kB) SWAP 1980/1982MB (cached 4MB) CPU [40%@921,4%@921,11%@921,8%@921] EMC_FREQ 0% GR3D_FREQ 99% PLL@86.5C CPU@96.5C PMIC@50C GPU@94.5C AO@95C thermal@95.5C POM_5V_IN 10273/7937 POM_5V_GPU 5460/3657 POM_5V_CPU 1334/1302
RAM 3244/3964MB (lfb 4x256kB) SWAP 1980/1982MB (cached 4MB) CPU [34%@825,11%@825,15%@825,12%@825] EMC_FREQ 0% GR3D_FREQ 99% PLL@87C CPU@96.5C PMIC@50C GPU@95C AO@95.5C thermal@95.5C POM_5V_IN 10273/7966 POM_5V_GPU 5420/3679 POM_5V_CPU 1334/1303
RAM 3244/3964MB (lfb 4x256kB) SWAP 1980/1982MB (cached 4MB) CPU [32%@518,11%@518,8%@518,23%@518] EMC_FREQ 0% GR3D_FREQ 99% PLL@87C CPU@96.5C PMIC@50C GPU@95.5C AO@95.5C thermal@95.5C POM_5V_IN 10192/7994 POM_5V_GPU 5420/3701 POM_5V_CPU 1253/1302
RAM 3244/3964MB (lfb 4x256kB) SWAP 1980/1982MB (cached 4MB) CPU [20%@710,20%@710,33%@710,8%@710] EMC_FREQ 0% GR3D_FREQ 99% PLL@87C CPU@96.5C PMIC@50C GPU@95.5C AO@95.5C thermal@95.5C POM_5V_IN 10273/8021 POM_5V_GPU 5460/3722 POM_5V_CPU 1294/1302
RAM 3244/3964MB (lfb 4x256kB) SWAP 1980/1982MB (cached 4MB) CPU [17%@518,36%@518,15%@518,18%@518] EMC_FREQ 0% GR3D_FREQ 99% PLL@87C CPU@96.5C PMIC@50C GPU@95.5C AO@95.5C thermal@95.5C POM_5V_IN 10273/8049 POM_5V_GPU 5420/3743 POM_5V_CPU 1334/1302
RAM 3244/3964MB (lfb 4x256kB) SWAP 1980/1982MB (cached 4MB) CPU [42%@614,20%@614,18%@614,12%@614] EMC_FREQ 0% GR3D_FREQ 99% PLL@87.5C CPU@97C PMIC@50C GPU@96C AO@95.5C thermal@96.25C POM_5V_IN 10273/8075 POM_5V_GPU 5460/3763 POM_5V_CPU 1375/1303
RAM 3248/3964MB (lfb 4x256kB) SWAP 1978/1982MB (cached 4MB) CPU [42%@825,23%@825,11%@825,12%@825] EMC_FREQ 0% GR3D_FREQ 99% PLL@88C CPU@97.5C PMIC@50C GPU@96.5C AO@96.5C thermal@96.25C POM_5V_IN 10759/8107 POM_5V_GPU 5451/3783 POM_5V_CPU 1615/1307
RAM 3248/3964MB (lfb 4x256kB) SWAP 1978/1982MB (cached 4MB) CPU [42%@825,19%@825,8%@825,12%@825] EMC_FREQ 0% GR3D_FREQ 99% PLL@88C CPU@97C PMIC@50C GPU@96.5C AO@96.5C thermal@96.25C POM_5V_IN 10314/8132 POM_5V_GPU 5451/3802 POM_5V_CPU 1375/1308
RAM 3248/3964MB (lfb 4x256kB) SWAP 1978/1982MB (cached 4MB) CPU [40%@1036,15%@1036,8%@1036,12%@1036] EMC_FREQ 0% GR3D_FREQ 99% PLL@87.5C CPU@97.5C PMIC@50C GPU@96.5C AO@96.5C thermal@96.25C POM_5V_IN 10435/8159 POM_5V_GPU 5492/3822 POM_5V_CPU 1415/1309
RAM 3243/3964MB (lfb 4x256kB) SWAP 1978/1982MB (cached 4MB) CPU [37%@1479,40%@1479,37%@1479,22%@1479] EMC_FREQ 0% GR3D_FREQ 99% PLL@89C CPU@98C PMIC@50C GPU@96.5C AO@97C thermal@97C POM_5V_IN 11365/8195 POM_5V_GPU 5411/3840 POM_5V_CPU 2019/1317
RAM 3243/3964MB (lfb 4x256kB) SWAP 1978/1982MB (cached 4MB) CPU [28%@710,14%@710,20%@710,12%@710] EMC_FREQ 0% GR3D_FREQ 99% PLL@88.5C CPU@98C PMIC@50C GPU@97C AO@96.5C thermal@97C POM_5V_IN 10435/8220 POM_5V_GPU 5532/3859 POM_5V_CPU 1375/1318
RAM 3244/3964MB (lfb 4x256kB) SWAP 1978/1982MB (cached 4MB) CPU [46%@710,26%@710,15%@710,15%@921] EMC_FREQ 0% GR3D_FREQ 99% PLL@89C CPU@98C PMIC@50C GPU@97C AO@97C thermal@97C POM_5V_IN 10556/8246 POM_5V_GPU 5492/3877 POM_5V_CPU 1574/1321
RAM 3244/3964MB (lfb 4x256kB) SWAP 1978/1982MB (cached 4MB) CPU [42%@710,14%@710,8%@710,4%@710] EMC_FREQ 0% GR3D_FREQ 99% PLL@88.5C CPU@98.5C PMIC@50C GPU@97C AO@97C thermal@97C POM_5V_IN 10476/8271 POM_5V_GPU 5532/3895 POM_5V_CPU 1415/1322
RAM 3244/3964MB (lfb 4x256kB) SWAP 1978/1982MB (cached 4MB) CPU [40%@825,16%@825,19%@825,18%@825] EMC_FREQ 0% GR3D_FREQ 99% PLL@89C CPU@98.5C PMIC@50C GPU@97C AO@97.5C thermal@97.5C POM_5V_IN 10516/8295 POM_5V_GPU 5532/3913 POM_5V_CPU 1494/1323
RAM 3243/3964MB (lfb 4x256kB) SWAP 1978/1982MB (cached 4MB) CPU [42%@1132,25%@1132,15%@1132,4%@1132] EMC_FREQ 0% GR3D_FREQ 99% PLL@89C CPU@98.5C PMIC@50C GPU@97.5C AO@97.5C thermal@97.5C POM_5V_IN 10718/8321 POM_5V_GPU 5532/3930 POM_5V_CPU 1655/1327
RAM 3238/3964MB (lfb 4x256kB) SWAP 1978/1982MB (cached 4MB) CPU [36%@825,8%@825,8%@825,20%@825] EMC_FREQ 0% GR3D_FREQ 99% PLL@90C CPU@98.5C PMIC@50C GPU@97.5C AO@97.5C thermal@97.5C POM_5V_IN 10799/8348 POM_5V_GPU 5532/3947 POM_5V_CPU 1696/1331
RAM 3239/3964MB (lfb 4x256kB) SWAP 1976/1982MB (cached 4MB) CPU [36%@1479,32%@1479,20%@1479,16%@1479] EMC_FREQ 0% GR3D_FREQ 99% PLL@89.5C CPU@99C PMIC@50C GPU@98C AO@97.5C thermal@97.5C POM_5V_IN 10840/8374 POM_5V_GPU 5532/3964 POM_5V_CPU 1736/1335
RAM 3239/3964MB (lfb 4x256kB) SWAP 1976/1982MB (cached 4MB) CPU [28%@518,15%@518,11%@518,24%@518] EMC_FREQ 0% GR3D_FREQ 99% PLL@89C CPU@98.5C PMIC@50C GPU@97.5C AO@97.5C thermal@97.5C POM_5V_IN 10435/8395 POM_5V_GPU 5532/3980 POM_5V_CPU 1375/1336
RAM 3240/3964MB (lfb 4x256kB) SWAP 1976/1982MB (cached 4MB) CPU [38%@710,12%@710,12%@710,14%@710] EMC_FREQ 0% GR3D_FREQ 99% PLL@89.5C CPU@99C PMIC@50C GPU@97.5C AO@97.5C thermal@98.25C POM_5V_IN 10354/8415 POM_5V_GPU 5298/3994 POM_5V_CPU 1496/1337
RAM 3240/3964MB (lfb 4x256kB) SWAP 1976/1982MB (cached 4MB) CPU [30%@921,34%@921,20%@921,26%@921] EMC_FREQ 0% GR3D_FREQ 99% PLL@89C CPU@99.5C PMIC@50C GPU@97.5C AO@98C thermal@98.25C POM_5V_IN 10516/8437 POM_5V_GPU 5492/4009 POM_5V_CPU 1534/1339
RAM 3240/3964MB (lfb 4x256kB) SWAP 1976/1982MB (cached 4MB) CPU [42%@825,28%@825,12%@825,19%@825] EMC_FREQ 0% GR3D_FREQ 99% PLL@89.5C CPU@98.5C PMIC@50C GPU@97C AO@98C thermal@98.25C POM_5V_IN 10395/8457 POM_5V_GPU 5209/4021 POM_5V_CPU 1698/1343
RAM 3240/3964MB (lfb 4x256kB) SWAP 1976/1982MB (cached 4MB) CPU [14%@614,15%@614,44%@614,12%@614] EMC_FREQ 0% GR3D_FREQ 99% PLL@89.5C CPU@99C PMIC@50C GPU@98C AO@98C thermal@98.25C POM_5V_IN 10395/8476 POM_5V_GPU 5371/4035 POM_5V_CPU 1537/1345
RAM 3240/3964MB (lfb 4x256kB) SWAP 1976/1982MB (cached 4MB) CPU [8%@1036,20%@1036,48%@1036,12%@1036] EMC_FREQ 0% GR3D_FREQ 99% PLL@89.5C CPU@99.5C PMIC@50C GPU@98C AO@98C thermal@97.75C POM_5V_IN 10354/8495 POM_5V_GPU 5177/4046 POM_5V_CPU 1617/1347
RAM 3240/3964MB (lfb 4x256kB) SWAP 1976/1982MB (cached 4MB) CPU [8%@1326,12%@1326,41%@1326,8%@1326] EMC_FREQ 0% GR3D_FREQ 99% PLL@89.5C CPU@99.5C PMIC@50C GPU@97.5C AO@98C thermal@97.75C POM_5V_IN 10637/8516 POM_5V_GPU 5532/4061 POM_5V_CPU 1615/1350
RAM 3240/3964MB (lfb 4x256kB) SWAP 1976/1982MB (cached 4MB) CPU [15%@921,21%@921,39%@921,11%@921] EMC_FREQ 0% GR3D_FREQ 99% PLL@89.5C CPU@99.5C PMIC@50C GPU@97.5C AO@98C thermal@97.75C POM_5V_IN 10476/8535 POM_5V_GPU 5411/4074 POM_5V_CPU 1537/1352
RAM 3240/3964MB (lfb 4x256kB) SWAP 1976/1982MB (cached 4MB) CPU [12%@1479,20%@1479,36%@1479,15%@1479] EMC_FREQ 0% GR3D_FREQ 99% PLL@89.5C CPU@98.5C PMIC@50C GPU@97C AO@98.5C thermal@97.75C POM_5V_IN 9965/8548 POM_5V_GPU 4894/4082 POM_5V_CPU 1698/1355
RAM 3240/3964MB (lfb 4x256kB) SWAP 1976/1982MB (cached 4MB) CPU [12%@825,14%@825,48%@825,11%@825] EMC_FREQ 0% GR3D_FREQ 99% PLL@89.5C CPU@98.5C PMIC@50C GPU@97C AO@98C thermal@98.25C POM_5V_IN 9682/8559 POM_5V_GPU 4772/4088 POM_5V_CPU 1415/1356
RAM 3240/3964MB (lfb 4x256kB) SWAP 1976/1982MB (cached 4MB) CPU [15%@825,8%@825,33%@825,12%@825] EMC_FREQ 0% GR3D_FREQ 99% PLL@89.5C CPU@98.5C PMIC@50C GPU@97.5C AO@98C thermal@98.25C POM_5V_IN 9803/8571 POM_5V_GPU 4853/4096 POM_5V_CPU 1496/1357
RAM 3240/3964MB (lfb 4x256kB) SWAP 1976/1982MB (cached 4MB) CPU [21%@1479,11%@1479,20%@1479,57%@1479] EMC_FREQ 0% GR3D_FREQ 0% PLL@90C CPU@95C PMIC@50C GPU@94.5C AO@97.5C thermal@98.25C POM_5V_IN 6096/8548 POM_5V_GPU 1625/4072 POM_5V_CPU 1706/1360
RAM 2706/3964MB (lfb 2x2MB) SWAP 1976/1982MB (cached 4MB) CPU [32%@1479,7%@1479,4%@1479,69%@1479] EMC_FREQ 0% GR3D_FREQ 0% PLL@87.5C CPU@93C PMIC@50C GPU@90C AO@96.5C thermal@98.25C POM_5V_IN 4803/8513 POM_5V_GPU 529/4040 POM_5V_CPU 1668/1363
RAM 2606/3964MB (lfb 3x2MB) SWAP 1976/1982MB (cached 4MB) CPU [26%@307,11%@307,12%@307,3%@307] EMC_FREQ 0% GR3D_FREQ 0% PLL@84.5C CPU@88C PMIC@50C GPU@88C AO@94C thermal@98.25C POM_5V_IN 3587/8468 POM_5V_GPU 489/4007 POM_5V_CPU 611/1356
RAM 2606/3964MB (lfb 3x2MB) SWAP 1976/1982MB (cached 4MB) CPU [8%@102,11%@102,11%@102,7%@204] EMC_FREQ 0% GR3D_FREQ 0% PLL@82.5C CPU@86C PMIC@50C GPU@85.5C AO@91.5C thermal@88C POM_5V_IN 3506/8423 POM_5V_GPU 448/3975 POM_5V_CPU 570/1349
RAM 2606/3964MB (lfb 3x2MB) SWAP 1976/1982MB (cached 4MB) CPU [14%@204,11%@204,15%@204,7%@204] EMC_FREQ 0% GR3D_FREQ 0% PLL@81.5C CPU@84.5C PMIC@50C GPU@84.5C AO@90.5C thermal@88C POM_5V_IN 3506/8378 POM_5V_GPU 448/3943 POM_5V_CPU 611/1342
RAM 2606/3964MB (lfb 3x2MB) SWAP 1976/1982MB (cached 4MB) CPU [12%@102,0%@102,7%@102,11%@102] EMC_FREQ 0% GR3D_FREQ 0% PLL@80C CPU@83.5C PMIC@50C GPU@83C AO@89.5C thermal@88C POM_5V_IN 3342/8334 POM_5V_GPU 448/3912 POM_5V_CPU 489/1335
