RAM 2612/3964MB (lfb 3x2MB) SWAP 1976/1982MB (cached 4MB) CPU [4%@102,7%@102,51%@102,3%@102] EMC_FREQ 0% GR3D_FREQ 0% PLL@79.5C CPU@83C PMIC@50C GPU@82.5C AO@89C thermal@88C POM_5V_IN 3546/3546 POM_5V_GPU 407/407 POM_5V_CPU 652/652
RAM 2612/3964MB (lfb 3x2MB) SWAP 1976/1982MB (cached 4MB) CPU [25%@204,4%@204,4%@204,8%@204] EMC_FREQ 0% GR3D_FREQ 0% PLL@78C CPU@81.5C PMIC@50C GPU@81.5C AO@88C thermal@82.5C POM_5V_IN 3587/3566 POM_5V_GPU 407/407 POM_5V_CPU 570/611
RAM 2612/3964MB (lfb 3x2MB) SWAP 1976/1982MB (cached 4MB) CPU [16%@204,4%@204,18%@204,4%@204] EMC_FREQ 0% GR3D_FREQ 0% PLL@78C CPU@81C PMIC@50C GPU@80.5C AO@87C thermal@82.5C POM_5V_IN 3342/3491 POM_5V_GPU 407/407 POM_5V_CPU 489/570
RAM 2612/3964MB (lfb 3x2MB) SWAP 1976/1982MB (cached 4MB) CPU [25%@204,7%@204,11%@204,14%@204] EMC_FREQ 0% GR3D_FREQ 0% PLL@76.5C CPU@80.5C PMIC@50C GPU@79.5C AO@86.5C thermal@82.5C POM_5V_IN 3342/3454 POM_5V_GPU 407/407 POM_5V_CPU 489/550
RAM 2612/3964MB (lfb 3x2MB) SWAP 1976/1982MB (cached 4MB) CPU [13%@204,17%@204,8%@204,7%@204] EMC_FREQ 0% GR3D_FREQ 0% PLL@76.5C CPU@80C PMIC@50C GPU@79C AO@85C thermal@82.5C POM_5V_IN 3342/3431 POM_5V_GPU 407/407 POM_5V_CPU 529/545
RAM 2612/3964MB (lfb 3x2MB) SWAP 1976/1982MB (cached 4MB) CPU [25%@403,0%@403,17%@403,8%@403] EMC_FREQ 0% GR3D_FREQ 0% PLL@75.5C CPU@79.5C PMIC@50C GPU@78.5C AO@85C thermal@78.75C POM_5V_IN 3383/3423 POM_5V_GPU 448/413 POM_5V_CPU 652/563
RAM 2612/3964MB (lfb 3x2MB) SWAP 1976/1982MB (cached 4MB) CPU [23%@307,4%@307,8%@307,4%@307] EMC_FREQ 0% GR3D_FREQ 0% PLL@75C CPU@78.5C PMIC@50C GPU@78C AO@84C thermal@78.75C POM_5V_IN 3302/3406 POM_5V_GPU 407/412 POM_5V_CPU 529/558
RAM 2635/3964MB (lfb 2x2MB) SWAP 1976/1982MB (cached 4MB) CPU [29%@1479,19%@1479,11%@1479,12%@1479] EMC_FREQ 0% GR3D_FREQ 0% PLL@75C CPU@81C PMIC@50C GPU@77.5C AO@84.5C thermal@78.75C POM_5V_IN 4158/3500 POM_5V_GPU 366/407 POM_5V_CPU 1221/641
RAM 2676/3964MB (lfb 2x2MB) SWAP 1976/1982MB (cached 4MB) CPU [51%@1479,8%@1479,48%@1479,7%@1479] EMC_FREQ 0% GR3D_FREQ 3% PLL@76.5C CPU@81C PMIC@50C GPU@79.5C AO@85C thermal@78.75C POM_5V_IN 5291/3699 POM_5V_GPU 854/456 POM_5V_CPU 1869/777
RAM 2728/3964MB (lfb 2x2MB) SWAP 1976/1982MB (cached 4MB) CPU [8%@1479,0%@1479,100%@1479,12%@1479] EMC_FREQ 0% GR3D_FREQ 0% PLL@77C CPU@80.5C PMIC@50C GPU@79.5C AO@85.5C thermal@80.25C POM_5V_IN 4884/3817 POM_5V_GPU 569/467 POM_5V_CPU 1828/882
RAM 2747/3964MB (lfb 2x2MB) SWAP 1976/1982MB (cached 4MB) CPU [15%@1479,8%@1479,96%@1479,12%@1479] EMC_FREQ 0% GR3D_FREQ 1% PLL@77C CPU@81.5C PMIC@50C GPU@79.5C AO@85.5C thermal@80.25C POM_5V_IN 5250/3947 POM_5V_GPU 773/495 POM_5V_CPU 1991/983
RAM 2795/3964MB (lfb 2x2MB) SWAP 1976/1982MB (cached 4MB) CPU [11%@1479,11%@1479,100%@1479,8%@1479] EMC_FREQ 0% GR3D_FREQ 3% PLL@77C CPU@81.5C PMIC@50C GPU@80C AO@85.5C thermal@80.25C POM_5V_IN 5372/4066 POM_5V_GPU 814/522 POM_5V_CPU 2032/1070
RAM 2841/3964MB (lfb 2x2MB) SWAP 1976/1982MB (cached 4MB) CPU [4%@1479,8%@1479,100%@1479,15%@1479] EMC_FREQ 0% GR3D_FREQ 5% PLL@77C CPU@81.5C PMIC@50C GPU@79C AO@85.5C thermal@80.25C POM_5V_IN 5291/4160 POM_5V_GPU 651/532 POM_5V_CPU 2032/1144
RAM 2861/3964MB (lfb 2x2MB) SWAP 1976/1982MB (cached 4MB) CPU [12%@1479,14%@1479,100%@1479,11%@1479] EMC_FREQ 0% GR3D_FREQ 9% PLL@77C CPU@81C PMIC@50C GPU@78.5C AO@85.5C thermal@80.25C POM_5V_IN 4925/4215 POM_5V_GPU 407/523 POM_5V_CPU 2032/1208
RAM 2901/3964MB (lfb 2x2MB) SWAP 1976/1982MB (cached 4MB) CPU [11%@1479,8%@1479,96%@1479,12%@1479] EMC_FREQ 0% GR3D_FREQ 9% PLL@76.5C CPU@80.5C PMIC@50C GPU@78.5C AO@85C thermal@80C POM_5V_IN 4884/4259 POM_5V_GPU 407/515 POM_5V_CPU 2032/1263
RAM 2941/3964MB (lfb 2x2MB) SWAP 1976/1982MB (cached 4MB) CPU [15%@1479,15%@1479,25%@1479,96%@1479] EMC_FREQ 0% GR3D_FREQ 11% PLL@77C CPU@80.5C PMIC@50C GPU@78C AO@85C thermal@80C POM_5V_IN 4965/4304 POM_5V_GPU 407/508 POM_5V_CPU 2032/1311
RAM 2988/3964MB (lfb 2x2MB) SWAP 1976/1982MB (cached 4MB) CPU [4%@1479,11%@1479,55%@1479,56%@1479] EMC_FREQ 0% GR3D_FREQ 18% PLL@76.5C CPU@80.5C PMIC@50C GPU@78C AO@84.5C thermal@80C POM_5V_IN 4843/4335 POM_5V_GPU 366/500 POM_5V_CPU 1950/1348
RAM 3034/3964MB (lfb 2x2MB) SWAP 1976/1982MB (cached 4MB) CPU [12%@1479,4%@1479,96%@1479,11%@1479] EMC_FREQ 0% GR3D_FREQ 13% PLL@76C CPU@80C PMIC@50C GPU@78C AO@84.5C thermal@80C POM_5V_IN 4803/4361 POM_5V_GPU 366/492 POM_5V_CPU 1913/1380
RAM 3060/3964MB (lfb 2x2MB) SWAP 1976/1982MB (cached 4MB) CPU [22%@1479,8%@1479,66%@1479,48%@1479] EMC_FREQ 0% GR3D_FREQ 28% PLL@76.5C CPU@80.5C PMIC@50C GPU@77.5C AO@84.5C thermal@79C POM_5V_IN 5006/4395 POM_5V_GPU 407/488 POM_5V_CPU 2072/1416
RAM 3112/3964MB (lfb 2x2MB) SWAP 1976/1982MB (cached 4MB) CPU [11%@1479,15%@1479,88%@1479,16%@1479] EMC_FREQ 0% GR3D_FREQ 32% PLL@76C CPU@79.5C PMIC@50C GPU@77.5C AO@84C thermal@79C POM_5V_IN 4884/4420 POM_5V_GPU 407/484 POM_5V_CPU 1991/1445
RAM 3137/3964MB (lfb 2x2MB) SWAP 1976/1982MB (cached 4MB) CPU [12%@1479,84%@1479,8%@1479,20%@1479] EMC_FREQ 0% GR3D_FREQ 0% PLL@75.5C CPU@82C PMIC@50C GPU@76.5C AO@84C thermal@79C POM_5V_IN 4321/4415 POM_5V_GPU 203/470 POM_5V_CPU 1628/1453
RAM 3150/3964MB (lfb 2x2MB) SWAP 1976/1982MB (cached 4MB) CPU [33%@1479,74%@1479,21%@1479,26%@1479] EMC_FREQ 0% GR3D_FREQ 27% PLL@75.5C CPU@79.5C PMIC@50C GPU@76.5C AO@83.5C thermal@79C POM_5V_IN 4558/4421 POM_5V_GPU 325/464 POM_5V_CPU 1790/1469
RAM 3189/3964MB (lfb 2x2MB) SWAP 1976/1982MB (cached 4MB) CPU [96%@1479,15%@1479,0%@1479,8%@1479] EMC_FREQ 0% GR3D_FREQ 0% PLL@74.5C CPU@81.5C PMIC@50C GPU@76.5C AO@84.5C thermal@79.5C POM_5V_IN 4436/4422 POM_5V_GPU 244/454 POM_5V_CPU 1750/1481
RAM 3216/3964MB (lfb 2x2MB) SWAP 1976/1982MB (cached 4MB) CPU [100%@1479,12%@1479,4%@1479,8%@1479] EMC_FREQ 0% GR3D_FREQ 5% PLL@75C CPU@81.5C PMIC@50C GPU@76.5C AO@84C thermal@79.5C POM_5V_IN 4680/4433 POM_5V_GPU 366/450 POM_5V_CPU 1831/1496
RAM 3238/3964MB (lfb 8x256kB) SWAP 1976/1982MB (cached 4MB) CPU [52%@1479,20%@1479,14%@1479,64%@1479] EMC_FREQ 0% GR3D_FREQ 9% PLL@75.5C CPU@80.5C PMIC@50C GPU@76C AO@83.5C thermal@79.5C POM_5V_IN 4843/4449 POM_5V_GPU 325/445 POM_5V_CPU 2035/1517
RAM 3238/3964MB (lfb 8x256kB) SWAP 1976/1982MB (cached 4MB) CPU [16%@710,26%@710,8%@710,8%@710] EMC_FREQ 0% GR3D_FREQ 99% PLL@74C CPU@79C PMIC@50C GPU@77.5C AO@83C thermal@79.5C POM_5V_IN 6624/4533 POM_5V_GPU 2560/527 POM_5V_CPU 1176/1504
RAM 3238/3964MB (lfb 8x256kB) SWAP 1976/1982MB (cached 4MB) CPU [15%@1036,50%@1036,8%@1036,8%@1036] EMC_FREQ 0% GR3D_FREQ 99% PLL@75.5C CPU@81.5C PMIC@50C GPU@81C AO@84C thermal@79.5C POM_5V_IN 8710/4687 POM_5V_GPU 4415/671 POM_5V_CPU 1255/1495
RAM 3238/3964MB (lfb 8x256kB) SWAP 1976/1982MB (cached 4MB) CPU [12%@1132,32%@1132,4%@1132,28%@1132] EMC_FREQ 0% GR3D_FREQ 99% PLL@76.5C CPU@84C PMIC@50C GPU@82.5C AO@85C thermal@81.75C POM_5V_IN 8791/4834 POM_5V_GPU 4456/806 POM_5V_CPU 1336/1489
RAM 3238/3964MB (lfb 8x256kB) SWAP 1976/1982MB (cached 4MB) CPU [25%@614,40%@614,15%@614,16%@614] EMC_FREQ 0% GR3D_FREQ 99% PLL@77.5C CPU@85C PMIC@50C GPU@83.5C AO@86C thermal@81.75C POM_5V_IN 8872/4973 POM_5V_GPU 4496/933 POM_5V_CPU 1255/1481
RAM 3238/3964MB (lfb 8x256kB) SWAP 1976/1982MB (cached 4MB) CPU [20%@825,42%@825,15%@825,12%@825] EMC_FREQ 0% GR3D_FREQ 98% PLL@78C CPU@85.5C PMIC@50C GPU@84.5C AO@86.5C thermal@81.75C POM_5V_IN 8953/5106 POM_5V_GPU 4537/1053 POM_5V_CPU 1336/1476
RAM 3238/3964MB (lfb 8x256kB) SWAP 1976/1982MB (cached 4MB) CPU [19%@825,20%@825,36%@825,26%@825] EMC_FREQ 0% GR3D_FREQ 99% PLL@78.5C CPU@86.5C PMIC@50C GPU@85C AO@87C thermal@81.75C POM_5V_IN 9034/5232 POM_5V_GPU 4577/1167 POM_5V_CPU 1336/1472
RAM 3238/3964MB (lfb 8x256kB) SWAP 1976/1982MB (cached 4MB) CPU [20%@1036,29%@1036,20%@1036,25%@1036] EMC_FREQ 0% GR3D_FREQ 99% PLL@79C CPU@86.5C PMIC@50C GPU@86C AO@87.5C thermal@86C POM_5V_IN 9074/5353 POM_5V_GPU 4577/1273 POM_5V_CPU 1296/1466
RAM 3238/3964MB (lfb 8x256kB) SWAP 1976/1982MB (cached 4MB) CPU [19%@1132,34%@1132,28%@1132,11%@1132] EMC_FREQ 0% GR3D_FREQ 99% PLL@79.5C CPU@87C PMIC@50C GPU@86.5C AO@88C thermal@86C POM_5V_IN 9034/5464 POM_5V_GPU 4577/1374 POM_5V_CPU 1296/1461
RAM 3238/3964MB (lfb 8x256kB) SWAP 1976/1982MB (cached 4MB) CPU [22%@710,28%@710,12%@710,29%@710] EMC_FREQ 0% GR3D_FREQ 99% PLL@80C CPU@88C PMIC@50C GPU@87C AO@88.5C thermal@86C POM_5V_IN 9115/5571 POM_5V_GPU 4611/1469 POM_5V_CPU 1377/1458
RAM 3238/3964MB (lfb 8x256kB) SWAP 1976/1982MB (cached 4MB) CPU [15%@825,20%@825,18%@825,50%@825] EMC_FREQ 0% GR3D_FREQ 99% PLL@80.5C CPU@88.5C PMIC@50C GPU@87C AO@88.5C thermal@86C POM_5V_IN 9155/5674 POM_5V_GPU 4611/1558 POM_5V_CPU 1377/1456
RAM 3238/3964MB (lfb 8x256kB) SWAP 1976/1982MB (cached 4MB) CPU [50%@1036,4%@1036,30%@1036,8%@1036] EMC_FREQ 0% GR3D_FREQ 99% PLL@80.5C CPU@88.5C PMIC@50C GPU@87.5C AO@89C thermal@88.25C POM_5V_IN 9155/5770 POM_5V_GPU 4651/1644 POM_5V_CPU 1336/1453
RAM 3238/3964MB (lfb 8x256kB) SWAP 1976/1982MB (cached 4MB) CPU [52%@1132,8%@1132,11%@1132,17%@1132] EMC_FREQ 0% GR3D_FREQ 99% PLL@81C CPU@88.5C PMIC@50C GPU@88C AO@89.5C thermal@88.25C POM_5V_IN 9196/5863 POM_5V_GPU 4651/1726 POM_5V_CPU 1377/1451
RAM 3238/3964MB (lfb 8x256kB) SWAP 1976/1982MB (cached 4MB) CPU [34%@1036,8%@1036,20%@1036,26%@1036] EMC_FREQ 0% GR3D_FREQ 99% PLL@81C CPU@89.5C PMIC@50C GPU@88C AO@89.5C thermal@88.25C POM_5V_IN 9196/5951 POM_5V_GPU 4651/1803 POM_5V_CPU 1415/1450
RAM 3238/3964MB (lfb 8x256kB) SWAP 1976/1982MB (cached 4MB) CPU [21%@1036,4%@1036,18%@1036,44%@1036] EMC_FREQ 0% GR3D_FREQ 99% PLL@81.5C CPU@89.5C PMIC@50C GPU@88.5C AO@90C thermal@88.25C POM_5V_IN 9317/6037 POM_5V_GPU 4651/1876 POM_5V_CPU 1456/1450
RAM 3239/3964MB (lfb 8x256kB) SWAP 1976/1982MB (cached 4MB) CPU [24%@614,16%@614,24%@614,26%@614] EMC_FREQ 0% GR3D_FREQ 99% PLL@82C CPU@89.5C PMIC@50C GPU@89C AO@90C thermal@88.25C POM_5V_IN 9236/6117 POM_5V_GPU 4691/1946 POM_5V_CPU 1417/1449
RAM 3239/3964MB (lfb 8x256kB) SWAP 1976/1982MB (cached 4MB) CPU [22%@518,39%@518,8%@518,28%@518] EMC_FREQ 0% GR3D_FREQ 99% PLL@82C CPU@90C PMIC@50C GPU@89C AO@90.5C thermal@89.25C POM_5V_IN 9317/6195 POM_5V_GPU 4691/2013 POM_5V_CPU 1456/1449
RAM 3238/3964MB (lfb 8x256kB) SWAP 1976/1982MB (cached 4MB) CPU [28%@825,20%@825,33%@825,25%@825] EMC_FREQ 0% GR3D_FREQ 99% PLL@82C CPU@90.5C PMIC@50C GPU@89.5C AO@90.5C thermal@89.25C POM_5V_IN 9358/6270 POM_5V_GPU 4691/2077 POM_5V_CPU 1456/1449
RAM 3238/3964MB (lfb 8x256kB) SWAP 1976/1982MB (cached 4MB) CPU [51%@1036,11%@1036,8%@1036,19%@1036] EMC_FREQ 0% GR3D_FREQ 99% PLL@82.5C CPU@90.5C PMIC@50C GPU@90C AO@91C thermal@89.25C POM_5V_IN 9398/6343 POM_5V_GPU 4732/2138 POM_5V_CPU 1496/1450
RAM 3238/3964MB (lfb 8x256kB) SWAP 1976/1982MB (cached 4MB) CPU [44%@1479,8%@1479,22%@1479,4%@1479] EMC_FREQ 0% GR3D_FREQ 99% PLL@82.5C CPU@91C PMIC@50C GPU@90C AO@91C thermal@89.25C POM_5V_IN 9439/6413 POM_5V_GPU 4732/2197 POM_5V_CPU 1537/1452
RAM 3238/3964MB (lfb 8x256kB) SWAP 1976/1982MB (cached 4MB) CPU [20%@1479,12%@1479,18%@1479,53%@1479] EMC_FREQ 0% GR3D_FREQ 99% PLL@82.5C CPU@91C PMIC@50C GPU@90C AO@91.5C thermal@90.5C POM_5V_IN 9479/6482 POM_5V_GPU 4691/2253 POM_5V_CPU 1617/1456
RAM 3238/3964MB (lfb 8x256kB) SWAP 1976/1982MB (cached 4MB) CPU [41%@825,11%@825,16%@825,7%@825] EMC_FREQ 0% GR3D_FREQ 99% PLL@82.5C CPU@91.5C PMIC@50C GPU@90C AO@91.5C thermal@90.5C POM_5V_IN 9358/6544 POM_5V_GPU 4732/2307 POM_5V_CPU 1456/1456
RAM 3238/3964MB (lfb 8x256kB) SWAP 1976/1982MB (cached 4MB) CPU [24%@921,42%@921,16%@921,4%@921] EMC_FREQ 0% GR3D_FREQ 99% PLL@83C CPU@91.5C PMIC@50C GPU@90.5C AO@92C thermal@90.5C POM_5V_IN 9358/6604 POM_5V_GPU 4772/2359 POM_5V_CPU 1415/1455
RAM 3238/3964MB (lfb 8x256kB) SWAP 1976/1982MB (cached 4MB) CPU [34%@825,16%@825,8%@825,30%@825] EMC_FREQ 0% GR3D_FREQ 99% PLL@83.5C CPU@91.5C PMIC@50C GPU@91C AO@92C thermal@90.5C POM_5V_IN 9358/6661 POM_5V_GPU 4772/2409 POM_5V_CPU 1375/1453
RAM 3238/3964MB (lfb 8x256kB) SWAP 1976/1982MB (cached 4MB) CPU [36%@1132,19%@1132,22%@1132,37%@1132] EMC_FREQ 0% GR3D_FREQ 99% PLL@83.5C CPU@92.5C PMIC@50C GPU@91C AO@92C thermal@91.75C POM_5V_IN 9479/6719 POM_5V_GPU 4732/2457 POM_5V_CPU 1537/1455
RAM 3238/3964MB (lfb 8x256kB) SWAP 1976/1982MB (cached 4MB) CPU [33%@710,4%@710,23%@710,14%@710] EMC_FREQ 0% GR3D_FREQ 99% PLL@84C CPU@92.5C PMIC@50C GPU@91.5C AO@92.5C thermal@91.75C POM_5V_IN 9398/6772 POM_5V_GPU 4772/2503 POM_5V_CPU 1415/1454
RAM 3238/3964MB (lfb 8x256kB) SWAP 1976/1982MB (cached 4MB) CPU [39%@1036,4%@1036,4%@1036,12%@1036] EMC_FREQ 0% GR3D_FREQ 99% PLL@83.5C CPU@92.5C PMIC@50C GPU@91.5C AO@92.5C thermal@91.75C POM_5V_IN 9439/6825 POM_5V_GPU 4772/2548 POM_5V_CPU 1415/1454
RAM 3238/3964MB (lfb 8x256kB) SWAP 1976/1982MB (cached 4MB) CPU [26%@921,4%@921,50%@921,12%@921] EMC_FREQ 0% GR3D_FREQ 99% PLL@84C CPU@93C PMIC@50C GPU@91.5C AO@93C thermal@91.75C POM_5V_IN 9358/6873 POM_5V_GPU 4813/2591 POM_5V_CPU 1375/1452
RAM 3238/3964MB (lfb 8x256kB) SWAP 1976/1982MB (cached 4MB) CPU [30%@1036,42%@1036,22%@1036,12%@1036] EMC_FREQ 0% GR3D_FREQ 99% PLL@84C CPU@93C PMIC@50C GPU@92C AO@93C thermal@91.75C POM_5V_IN 9479/6922 POM_5V_GPU 4772/2632 POM_5V_CPU 1537/1454
RAM 3238/3964MB (lfb 8x256kB) SWAP 1976/1982MB (cached 4MB) CPU [25%@825,18%@825,20%@825,38%@825] EMC_FREQ 0% GR3D_FREQ 99% PLL@84.5C CPU@93C PMIC@50C GPU@92C AO@93C thermal@92.25C POM_5V_IN 9398/6968 POM_5V_GPU 4853/2673 POM_5V_CPU 1375/1452
RAM 3238/3964MB (lfb 8x256kB) SWAP 1976/1982MB (cached 4MB) CPU [30%@825,12%@825,44%@825,20%@825] EMC_FREQ 0% GR3D_FREQ 99% PLL@84C CPU@93.5C PMIC@50C GPU@92C AO@93C thermal@92.25C POM_5V_IN 9398/7012 POM_5V_GPU 4813/2712 POM_5V_CPU 1375/1451
RAM 3238/3964MB (lfb 8x256kB) SWAP 1976/1982MB (cached 4MB) CPU [20%@921,12%@921,14%@614,51%@614] EMC_FREQ 0% GR3D_FREQ 99% PLL@84.5C CPU@94C PMIC@50C GPU@92.5C AO@93C thermal@92.25C POM_5V_IN 9439/7056 POM_5V_GPU 4853/2750 POM_5V_CPU 1415/1450
RAM 3238/3964MB (lfb 8x256kB) SWAP 1976/1982MB (cached 4MB) CPU [32%@1132,12%@1132,16%@1132,48%@1132] EMC_FREQ 0% GR3D_FREQ 99% PLL@85C CPU@93.5C PMIC@50C GPU@92C AO@93.5C thermal@92.25C POM_5V_IN 9520/7099 POM_5V_GPU 4813/2787 POM_5V_CPU 1496/1451
RAM 3238/3964MB (lfb 8x256kB) SWAP 1976/1982MB (cached 4MB) CPU [46%@825,11%@825,11%@825,8%@825] EMC_FREQ 0% GR3D_FREQ 99% PLL@84.5C CPU@94C PMIC@50C GPU@92.5C AO@93.5C thermal@93C POM_5V_IN 9560/7141 POM_5V_GPU 4853/2822 POM_5V_CPU 1496/1452
RAM 3238/3964MB (lfb 8x256kB) SWAP 1976/1982MB (cached 4MB) CPU [29%@710,24%@710,12%@710,33%@710] EMC_FREQ 0% GR3D_FREQ 99% PLL@85C CPU@94C PMIC@50C GPU@92.5C AO@94C thermal@93C POM_5V_IN 9439/7180 POM_5V_GPU 4853/2857 POM_5V_CPU 1375/1450
RAM 3239/3964MB (lfb 8x256kB) SWAP 1976/1982MB (cached 4MB) CPU [26%@710,14%@710,12%@710,51%@710] EMC_FREQ 0% GR3D_FREQ 99% PLL@85C CPU@94C PMIC@50C GPU@92.5C AO@93.5C thermal@93C POM_5V_IN 9479/7219 POM_5V_GPU 4853/2890 POM_5V_CPU 1375/1449
RAM 3239/3964MB (lfb 8x256kB) SWAP 1976/1982MB (cached 4MB) CPU [25%@825,20%@825,15%@825,36%@825] EMC_FREQ 0% GR3D_FREQ 99% PLL@85.5C CPU@94.5C PMIC@50C GPU@93C AO@94C thermal@93C POM_5V_IN 9520/7256 POM_5V_GPU 4853/2922 POM_5V_CPU 1496/1450
RAM 3239/3964MB (lfb 8x256kB) SWAP 1976/1982MB (cached 4MB) CPU [24%@825,34%@825,16%@825,23%@825] EMC_FREQ 0% GR3D_FREQ 99% PLL@85.5C CPU@94.5C PMIC@50C GPU@93C AO@94C thermal@93.75C POM_5V_IN 9560/7294 POM_5V_GPU 4853/2953 POM_5V_CPU 1456/1450
RAM 3239/3964MB (lfb 8x256kB) SWAP 1976/1982MB (cached 4MB) CPU [32%@710,20%@710,26%@710,11%@710] EMC_FREQ 0% GR3D_FREQ 99% PLL@85.5C CPU@94C PMIC@50C GPU@93C AO@94C thermal@93.75C POM_5V_IN 9520/7329 POM_5V_GPU 4853/2983 POM_5V_CPU 1456/1450
RAM 3239/3964MB (lfb 8x256kB) SWAP 1976/1982MB (cached 4MB) CPU [11%@825,53%@825,14%@825,8%@825] EMC_FREQ 0% GR3D_FREQ 99% PLL@85.5C CPU@94.5C PMIC@50C GPU@93C AO@94C thermal@93.75C POM_5V_IN 9560/7364 POM_5V_GPU 4853/3013 POM_5V_CPU 1456/1450
RAM 3239/3964MB (lfb 8x256kB) SWAP 1976/1982MB (cached 4MB) CPU [19%@921,50%@921,15%@921,11%@921] EMC_FREQ 0% GR3D_FREQ 99% PLL@86C CPU@94.5C PMIC@50C GPU@93.5C AO@94.5C thermal@93.75C POM_5V_IN 9601/7398 POM_5V_GPU 4853/3041 POM_5V_CPU 1456/1450
RAM 3239/3964MB (lfb 8x256kB) SWAP 1976/1982MB (cached 4MB) CPU [12%@1036,50%@1036,7%@1036,4%@1036] EMC_FREQ 0% GR3D_FREQ 99% PLL@86C CPU@95C PMIC@50C GPU@93.5C AO@94.5C thermal@93.75C POM_5V_IN 9560/7431 POM_5V_GPU 4853/3068 POM_5V_CPU 1456/1450
RAM 3239/3964MB (lfb 8x256kB) SWAP 1976/1982MB (cached 4MB) CPU [12%@1036,46%@1036,8%@1036,0%@1036] EMC_FREQ 0% GR3D_FREQ 99% PLL@86.5C CPU@95.5C PMIC@50C GPU@93.5C AO@94.5C thermal@94.5C POM_5V_IN 9641/7464 POM_5V_GPU 4894/3096 POM_5V_CPU 1496/1451
RAM 3239/3964MB (lfb 8x256kB) SWAP 1976/1982MB (cached 4MB) CPU [16%@921,29%@921,14%@825,38%@825] EMC_FREQ 0% GR3D_FREQ 99% PLL@86.5C CPU@95C PMIC@50C GPU@94C AO@94.5C thermal@94.5C POM_5V_IN 9641/7496 POM_5V_GPU 4894/3122 POM_5V_CPU 1496/1452
RAM 3239/3964MB (lfb 8x256kB) SWAP 1976/1982MB (cached 4MB) CPU [19%@518,18%@518,38%@825,28%@825] EMC_FREQ 0% GR3D_FREQ 99% PLL@86.5C CPU@95C PMIC@50C GPU@94C AO@95C thermal@94.5C POM_5V_IN 9560/7526 POM_5V_GPU 4934/3148 POM_5V_CPU 1456/1452
RAM 3239/3964MB (lfb 8x256kB) SWAP 1976/1982MB (cached 4MB) CPU [16%@825,29%@825,21%@825,42%@825] EMC_FREQ 0% GR3D_FREQ 99% PLL@87C CPU@95.5C PMIC@50C GPU@94C AO@95C thermal@94.5C POM_5V_IN 9641/7556 POM_5V_GPU 4894/3173 POM_5V_CPU 1496/1452
RAM 3239/3964MB (lfb 8x256kB) SWAP 1976/1982MB (cached 4MB) CPU [16%@825,25%@825,30%@825,42%@825] EMC_FREQ 0% GR3D_FREQ 99% PLL@87C CPU@96C PMIC@50C GPU@94C AO@95C thermal@95.25C POM_5V_IN 9682/7586 POM_5V_GPU 4934/3198 POM_5V_CPU 1496/1453
RAM 3239/3964MB (lfb 8x256kB) SWAP 1976/1982MB (cached 4MB) CPU [22%@518,26%@518,39%@710,28%@710] EMC_FREQ 0% GR3D_FREQ 99% PLL@87C CPU@96C PMIC@50C GPU@94.5C AO@95.5C thermal@95.25C POM_5V_IN 9682/7615 POM_5V_GPU 4934/3222 POM_5V_CPU 1537/1454
RAM 3239/3964MB (lfb 8x256kB) SWAP 1976/1982MB (cached 4MB) CPU [16%@710,26%@710,32%@710,36%@710] EMC_FREQ 0% GR3D_FREQ 99% PLL@87C CPU@96C PMIC@50C GPU@94.5C AO@95C thermal@95.25C POM_5V_IN 9682/7643 POM_5V_GPU 4934/3246 POM_5V_CPU 1496/1455
RAM 3239/3964MB (lfb 8x256kB) SWAP 1976/1982MB (cached 4MB) CPU [18%@1132,38%@1132,20%@1132,13%@1132] EMC_FREQ 0% GR3D_FREQ 99% PLL@87C CPU@96C PMIC@50C GPU@94.5C AO@95.5C thermal@95.25C POM_5V_IN 9763/7672 POM_5V_GPU 4894/3268 POM_5V_CPU 1617/1457
RAM 3239/3964MB (lfb 8x256kB) SWAP 1976/1982MB (cached 4MB) CPU [19%@825,36%@614,25%@614,20%@614] EMC_FREQ 0% GR3D_FREQ 99% PLL@87.5C CPU@96C PMIC@50C GPU@95C AO@95.5C thermal@95.5C POM_5V_IN 9722/7699 POM_5V_GPU 4894/3289 POM_5V_CPU 1537/1458
RAM 3239/3964MB (lfb 8x256kB) SWAP 1976/1982MB (cached 4MB) CPU [12%@825,37%@825,16%@825,8%@825] EMC_FREQ 0% GR3D_FREQ 99% PLL@87.5C CPU@96C PMIC@50C GPU@95C AO@95.5C thermal@95.5C POM_5V_IN 9925/7729 POM_5V_GPU 4853/3310 POM_5V_CPU 1739/1462
RAM 3239/3964MB (lfb 8x256kB) SWAP 1976/1982MB (cached 4MB) CPU [18%@1036,32%@1036,28%@1036,12%@1036] EMC_FREQ 0% GR3D_FREQ 99% PLL@87.5C CPU@96.5C PMIC@50C GPU@95C AO@95.5C thermal@95.5C POM_5V_IN 9763/7755 POM_5V_GPU 4934/3331 POM_5V_CPU 1537/1463
RAM 3239/3964MB (lfb 8x256kB) SWAP 1976/1982MB (cached 4MB) CPU [16%@825,20%@825,8%@825,42%@825] EMC_FREQ 0% GR3D_FREQ 99% PLL@87.5C CPU@96.5C PMIC@50C GPU@95C AO@96C thermal@95.5C POM_5V_IN 9844/7782 POM_5V_GPU 4934/3352 POM_5V_CPU 1617/1465
RAM 3239/3964MB (lfb 8x256kB) SWAP 1976/1982MB (cached 4MB) CPU [12%@710,42%@710,19%@710,8%@710] EMC_FREQ 0% GR3D_FREQ 99% PLL@87.5C CPU@96.5C PMIC@50C GPU@95C AO@96C thermal@95.5C POM_5V_IN 9722/7806 POM_5V_GPU 4934/3372 POM_5V_CPU 1537/1465
RAM 3239/3964MB (lfb 8x256kB) SWAP 1976/1982MB (cached 4MB) CPU [20%@710,25%@710,38%@710,24%@710] EMC_FREQ 0% GR3D_FREQ 98% PLL@88C CPU@96.5C PMIC@50C GPU@95.5C AO@96.5C thermal@95.75C POM_5V_IN 9925/7833 POM_5V_GPU 4975/3392 POM_5V_CPU 1698/1468
RAM 3239/3964MB (lfb 8x256kB) SWAP 1976/1982MB (cached 4MB) CPU [16%@825,30%@825,29%@825,12%@825] EMC_FREQ 0% GR3D_FREQ 99% PLL@88C CPU@97C PMIC@50C GPU@95.5C AO@96C thermal@95.75C POM_5V_IN 9884/7858 POM_5V_GPU 4934/3411 POM_5V_CPU 1577/1470
RAM 3238/3964MB (lfb 8x256kB) SWAP 1976/1982MB (cached 4MB) CPU [22%@1036,22%@1036,28%@1036,28%@1036] EMC_FREQ 0% GR3D_FREQ 99% PLL@88C CPU@97.5C PMIC@50C GPU@95.5C AO@96C thermal@95.75C POM_5V_IN 9965/7884 POM_5V_GPU 4975/3430 POM_5V_CPU 1739/1473
RAM 3238/3964MB (lfb 8x256kB) SWAP 1976/1982MB (cached 4MB) CPU [15%@1224,37%@1224,19%@1224,19%@1224] EMC_FREQ 0% GR3D_FREQ 99% PLL@88C CPU@97C PMIC@50C GPU@95.5C AO@96.5C thermal@95.75C POM_5V_IN 9884/7908 POM_5V_GPU 4975/3448 POM_5V_CPU 1658/1475
RAM 3239/3964MB (lfb 8x256kB) SWAP 1976/1982MB (cached 4MB) CPU [34%@1479,25%@1479,33%@1479,19%@1479] EMC_FREQ 0% GR3D_FREQ 99% PLL@88.5C CPU@97.5C PMIC@50C GPU@96C AO@96.5C thermal@96.25C POM_5V_IN 10209/7935 POM_5V_GPU 4975/3467 POM_5V_CPU 1941/1481
RAM 3239/3964MB (lfb 8x256kB) SWAP 1976/1982MB (cached 4MB) CPU [12%@1326,32%@1326,34%@1326,8%@1326] EMC_FREQ 0% GR3D_FREQ 98% PLL@88.5C CPU@97.5C PMIC@50C GPU@96C AO@96.5C thermal@96.25C POM_5V_IN 9965/7959 POM_5V_GPU 4975/3484 POM_5V_CPU 1698/1483
RAM 3239/3964MB (lfb 8x256kB) SWAP 1976/1982MB (cached 4MB) CPU [24%@1224,40%@1224,15%@1224,25%@1224] EMC_FREQ 0% GR3D_FREQ 99% PLL@88.5C CPU@97.5C PMIC@50C GPU@96C AO@97C thermal@96.25C POM_5V_IN 9884/7982 POM_5V_GPU 5015/3502 POM_5V_CPU 1577/1484
RAM 3239/3964MB (lfb 8x256kB) SWAP 1976/1982MB (cached 4MB) CPU [12%@825,44%@825,16%@825,18%@825] EMC_FREQ 0% GR3D_FREQ 99% PLL@88.5C CPU@97C PMIC@50C GPU@96C AO@97C thermal@96.25C POM_5V_IN 9803/8002 POM_5V_GPU 5015/3520 POM_5V_CPU 1617/1486
RAM 3238/3964MB (lfb 8x256kB) SWAP 1976/1982MB (cached 4MB) CPU [25%@1132,46%@1132,14%@1132,8%@1132] EMC_FREQ 0% GR3D_FREQ 99% PLL@89C CPU@97C PMIC@50C GPU@96C AO@97C thermal@96.75C POM_5V_IN 9844/8023 POM_5V_GPU 4975/3536 POM_5V_CPU 1577/1487
RAM 3238/3964MB (lfb 8x256kB) SWAP 1976/1982MB (cached 4MB) CPU [15%@825,32%@825,12%@825,19%@825] EMC_FREQ 0% GR3D_FREQ 99% PLL@88.5C CPU@98C PMIC@50C GPU@96C AO@97C thermal@96.75C POM_5V_IN 9803/8043 POM_5V_GPU 5015/3553 POM_5V_CPU 1537/1487
RAM 3238/3964MB (lfb 8x256kB) SWAP 1976/1982MB (cached 4MB) CPU [16%@825,30%@825,25%@825,32%@825] EMC_FREQ 0% GR3D_FREQ 99% PLL@88.5C CPU@98C PMIC@50C GPU@96C AO@97.5C thermal@96.75C POM_5V_IN 9803/8063 POM_5V_GPU 4975/3568 POM_5V_CPU 1537/1488
RAM 3238/3964MB (lfb 8x256kB) SWAP 1976/1982MB (cached 4MB) CPU [12%@614,34%@614,19%@614,23%@614] EMC_FREQ 0% GR3D_FREQ 99% PLL@88.5C CPU@97.5C PMIC@50C GPU@96.5C AO@97.5C thermal@96.75C POM_5V_IN 9844/8083 POM_5V_GPU 5015/3584 POM_5V_CPU 1537/1489
RAM 3238/3964MB (lfb 8x256kB) SWAP 1976/1982MB (cached 4MB) CPU [19%@921,36%@921,23%@921,16%@921] EMC_FREQ 0% GR3D_FREQ 99% PLL@89C CPU@98C PMIC@50C GPU@96.5C AO@97.5C thermal@96.75C POM_5V_IN 9803/8101 POM_5V_GPU 5015/3600 POM_5V_CPU 1537/1489
RAM 3239/3964MB (lfb 8x256kB) SWAP 1976/1982MB (cached 4MB) CPU [12%@1036,38%@1036,16%@1036,12%@1036] EMC_FREQ 0% GR3D_FREQ 99% PLL@89C CPU@98C PMIC@50C GPU@97C AO@97.5C thermal@97.25C POM_5V_IN 9844/8120 POM_5V_GPU 5015/3615 POM_5V_CPU 1577/1490
RAM 3238/3964MB (lfb 8x256kB) SWAP 1976/1982MB (cached 4MB) CPU [20%@921,34%@921,15%@921,29%@921] EMC_FREQ 0% GR3D_FREQ 99% PLL@89C CPU@98C PMIC@50C GPU@97C AO@97.5C thermal@97.25C POM_5V_IN 9884/8139 POM_5V_GPU 5015/3630 POM_5V_CPU 1537/1490
RAM 3233/3964MB (lfb 8x256kB) SWAP 1976/1982MB (cached 4MB) CPU [21%@825,28%@825,34%@825,15%@825] EMC_FREQ 0% GR3D_FREQ 99% PLL@89.5C CPU@98C PMIC@50C GPU@97C AO@98C thermal@97.25C POM_5V_IN 9884/8157 POM_5V_GPU 5015/3645 POM_5V_CPU 1577/1491
RAM 3233/3964MB (lfb 8x256kB) SWAP 1976/1982MB (cached 4MB) CPU [23%@1036,30%@1036,25%@1036,19%@1036] EMC_FREQ 0% GR3D_FREQ 98% PLL@89.5C CPU@98.5C PMIC@50C GPU@97C AO@98C thermal@97.25C POM_5V_IN 9925/8175 POM_5V_GPU 5015/3659 POM_5V_CPU 1577/1492
RAM 3233/3964MB (lfb 8x256kB) SWAP 1976/1982MB (cached 4MB) CPU [16%@710,25%@710,12%@614,37%@614] EMC_FREQ 0% GR3D_FREQ 99% PLL@89.5C CPU@98.5C PMIC@50C GPU@97C AO@98C thermal@97.75C POM_5V_IN 9950/8194 POM_5V_GPU 5056/3673 POM_5V_CPU 1658/1494
RAM 3233/3964MB (lfb 8x256kB) SWAP 1976/1982MB (cached 4MB) CPU [12%@710,33%@710,18%@710,11%@710] EMC_FREQ 0% GR3D_FREQ 98% PLL@89.5C CPU@98.5C PMIC@50C GPU@97C AO@98.5C thermal@97.75C POM_5V_IN 9844/8211 POM_5V_GPU 5015/3687 POM_5V_CPU 1537/1494
RAM 3233/3964MB (lfb 8x256kB) SWAP 1976/1982MB (cached 4MB) CPU [24%@1224,38%@1224,28%@1224,15%@1224] EMC_FREQ 0% GR3D_FREQ 99% PLL@90C CPU@98.5C PMIC@50C GPU@97C AO@98C thermal@97.75C POM_5V_IN 10006/8229 POM_5V_GPU 5056/3701 POM_5V_CPU 1658/1496
RAM 3233/3964MB (lfb 8x256kB) SWAP 1976/1982MB (cached 4MB) CPU [8%@921,34%@921,20%@921,11%@921] EMC_FREQ 0% GR3D_FREQ 99% PLL@90C CPU@98.5C PMIC@50C GPU@97.5C AO@98.5C thermal@97.75C POM_5V_IN 9884/8245 POM_5V_GPU 5056/3714 POM_5V_CPU 1537/1496
RAM 3234/3964MB (lfb 8x256kB) SWAP 1976/1982MB (cached 4MB) CPU [26%@921,28%@921,18%@921,38%@921] EMC_FREQ 0% GR3D_FREQ 99% PLL@89.5C CPU@99C PMIC@50C GPU@97.5C AO@98C thermal@98.25C POM_5V_IN 9925/8262 POM_5V_GPU 5056/3728 POM_5V_CPU 1577/1497
RAM 3234/3964MB (lfb 8x256kB) SWAP 1976/1982MB (cached 4MB) CPU [19%@614,34%@614,18%@614,29%@614] EMC_FREQ 0% GR3D_FREQ 99% PLL@90C CPU@99.5C PMIC@50C GPU@97.5C AO@98.5C thermal@98.25C POM_5V_IN 9884/8278 POM_5V_GPU 5056/3741 POM_5V_CPU 1537/1498
RAM 3233/3964MB (lfb 8x256kB) SWAP 1976/1982MB (cached 4MB) CPU [18%@921,46%@921,15%@921,8%@921] EMC_FREQ 0% GR3D_FREQ 99% PLL@89.5C CPU@99.5C PMIC@50C GPU@97.5C AO@98.5C thermal@98.25C POM_5V_IN 10046/8295 POM_5V_GPU 5015/3753 POM_5V_CPU 1739/1500
RAM 3233/3964MB (lfb 8x256kB) SWAP 1976/1982MB (cached 4MB) CPU [29%@518,7%@518,23%@518,33%@518] EMC_FREQ 0% GR3D_FREQ 99% PLL@90C CPU@99C PMIC@50C GPU@97.5C AO@98.5C thermal@98.25C POM_5V_IN 9803/8309 POM_5V_GPU 5056/3765 POM_5V_CPU 1415/1499
RAM 3233/3964MB (lfb 8x256kB) SWAP 1976/1982MB (cached 4MB) CPU [21%@614,8%@614,48%@614,28%@614] EMC_FREQ 0% GR3D_FREQ 99% PLL@89.5C CPU@99C PMIC@50C GPU@97.5C AO@98.5C thermal@98.25C POM_5V_IN 9722/8323 POM_5V_GPU 5056/3778 POM_5V_CPU 1375/1498
RAM 3233/3964MB (lfb 8x256kB) SWAP 1976/1982MB (cached 4MB) CPU [30%@1132,8%@1132,38%@1132,15%@1132] EMC_FREQ 0% GR3D_FREQ 99% PLL@90C CPU@99C PMIC@50C GPU@98C AO@98.5C thermal@98.5C POM_5V_IN 9925/8338 POM_5V_GPU 5056/3790 POM_5V_CPU 1537/1498
RAM 3224/3964MB (lfb 10x256kB) SWAP 1976/1982MB (cached 4MB) CPU [13%@1479,70%@1479,8%@1479,8%@1479] EMC_FREQ 0% GR3D_FREQ 0% PLL@89.5C CPU@93.5C PMIC@50C GPU@93.5C AO@98.5C thermal@98.5C POM_5V_IN 5372/8310 POM_5V_GPU 895/3763 POM_5V_CPU 1788/1501
RAM 2604/3964MB (lfb 4x2MB) SWAP 1976/1982MB (cached 4MB) CPU [7%@1479,56%@1479,46%@1479,7%@1479] EMC_FREQ 0% GR3D_FREQ 0% PLL@87.5C CPU@93C PMIC@50C GPU@91C AO@96.5C thermal@98.5C POM_5V_IN 4762/8277 POM_5V_GPU 529/3733 POM_5V_CPU 1628/1502
RAM 2596/3964MB (lfb 4x2MB) SWAP 1976/1982MB (cached 4MB) CPU [11%@204,4%@204,11%@204,15%@204] EMC_FREQ 0% GR3D_FREQ 0% PLL@84.5C CPU@87.5C PMIC@50C GPU@88C AO@94C thermal@98.5C POM_5V_IN 3546/8234 POM_5V_GPU 489/3703 POM_5V_CPU 570/1494
RAM 2596/3964MB (lfb 4x2MB) SWAP 1976/1982MB (cached 4MB) CPU [14%@204,0%@204,7%@204,3%@204] EMC_FREQ 0% GR3D_FREQ 0% PLL@82.5C CPU@86C PMIC@50C GPU@86C AO@92.5C thermal@86.75C POM_5V_IN 3424/8190 POM_5V_GPU 448/3673 POM_5V_CPU 570/1485
RAM 2596/3964MB (lfb 4x2MB) SWAP 1976/1982MB (cached 4MB) CPU [12%@204,7%@204,8%@204,11%@204] EMC_FREQ 0% GR3D_FREQ 0% PLL@81.5C CPU@85C PMIC@50C GPU@85C AO@91C thermal@86.75C POM_5V_IN 3506/8148 POM_5V_GPU 489/3645 POM_5V_CPU 611/1477
