RAM 2601/3964MB (lfb 4x2MB) SWAP 1976/1982MB (cached 4MB) CPU [7%@307,11%@307,50%@307,3%@307] EMC_FREQ 0% GR3D_FREQ 0% PLL@80C CPU@83.5C PMIC@50C GPU@83C AO@89.5C thermal@86.75C POM_5V_IN 3546/3546 POM_5V_GPU 448/448 POM_5V_CPU 652/652
RAM 2601/3964MB (lfb 4x2MB) SWAP 1976/1982MB (cached 4MB) CPU [16%@204,14%@204,7%@204,4%@204] EMC_FREQ 0% GR3D_FREQ 0% PLL@78.5C CPU@82.5C PMIC@50C GPU@82C AO@88.5C thermal@82C POM_5V_IN 3383/3464 POM_5V_GPU 407/427 POM_5V_CPU 529/590
RAM 2601/3964MB (lfb 4x2MB) SWAP 1976/1982MB (cached 4MB) CPU [19%@307,4%@307,7%@307,4%@307] EMC_FREQ 0% GR3D_FREQ 0% PLL@78C CPU@81.5C PMIC@50C GPU@81.5C AO@87.5C thermal@82C POM_5V_IN 3424/3451 POM_5V_GPU 448/434 POM_5V_CPU 570/583
RAM 2601/3964MB (lfb 4x2MB) SWAP 1976/1982MB (cached 4MB) CPU [19%@102,7%@102,3%@102,4%@102] EMC_FREQ 0% GR3D_FREQ 0% PLL@77C CPU@81C PMIC@50C GPU@80.5C AO@87C thermal@82C POM_5V_IN 3302/3413 POM_5V_GPU 407/427 POM_5V_CPU 529/570
RAM 2601/3964MB (lfb 4x2MB) SWAP 1976/1982MB (cached 4MB) CPU [20%@307,0%@307,7%@307,0%@307] EMC_FREQ 0% GR3D_FREQ 0% PLL@77C CPU@80.5C PMIC@50C GPU@80C AO@86.5C thermal@82C POM_5V_IN 3465/3424 POM_5V_GPU 407/423 POM_5V_CPU 611/578
RAM 2601/3964MB (lfb 4x2MB) SWAP 1976/1982MB (cached 4MB) CPU [16%@102,7%@102,10%@102,7%@102] EMC_FREQ 0% GR3D_FREQ 0% PLL@76C CPU@79.5C PMIC@50C GPU@79.5C AO@85.5C thermal@79.25C POM_5V_IN 3261/3396 POM_5V_GPU 407/420 POM_5V_CPU 489/563
RAM 2601/3964MB (lfb 4x2MB) SWAP 1976/1982MB (cached 4MB) CPU [25%@102,11%@102,3%@102,14%@102] EMC_FREQ 0% GR3D_FREQ 0% PLL@75.5C CPU@79C PMIC@50C GPU@78.5C AO@85C thermal@79.25C POM_5V_IN 3220/3371 POM_5V_GPU 407/418 POM_5V_CPU 489/552
RAM 2632/3964MB (lfb 3x2MB) SWAP 1976/1982MB (cached 4MB) CPU [16%@518,37%@518,11%@518,8%@518] EMC_FREQ 0% GR3D_FREQ 0% PLL@76C CPU@80C PMIC@50C GPU@78.5C AO@85.5C thermal@79.25C POM_5V_IN 4199/3475 POM_5V_GPU 407/417 POM_5V_CPU 1058/615
RAM 2678/3964MB (lfb 3x2MB) SWAP 1976/1982MB (cached 4MB) CPU [50%@1479,41%@1479,8%@1479,26%@1479] EMC_FREQ 0% GR3D_FREQ 1% PLL@77.5C CPU@83.5C PMIC@50C GPU@79.5C AO@86C thermal@79.25C POM_5V_IN 5210/3667 POM_5V_GPU 732/452 POM_5V_CPU 2072/777
RAM 2728/3964MB (lfb 3x2MB) SWAP 1976/1982MB (cached 4MB) CPU [23%@1479,92%@1479,7%@1479,12%@1479] EMC_FREQ 0% GR3D_FREQ 3% PLL@78.5C CPU@84.5C PMIC@50C GPU@80C AO@86.5C thermal@79.25C POM_5V_IN 5372/3838 POM_5V_GPU 732/480 POM_5V_CPU 2072/907
RAM 2775/3964MB (lfb 3x2MB) SWAP 1976/1982MB (cached 4MB) CPU [25%@1479,11%@1479,80%@1479,26%@1479] EMC_FREQ 0% GR3D_FREQ 0% PLL@78C CPU@82C PMIC@50C GPU@80.5C AO@86.5C thermal@81.5C POM_5V_IN 5169/3959 POM_5V_GPU 691/499 POM_5V_CPU 2032/1009
RAM 2837/3964MB (lfb 3x2MB) SWAP 1976/1982MB (cached 4MB) CPU [16%@1479,4%@1479,100%@1479,11%@1479] EMC_FREQ 0% GR3D_FREQ 0% PLL@78C CPU@82C PMIC@50C GPU@80.5C AO@86.5C thermal@81.5C POM_5V_IN 4803/4029 POM_5V_GPU 529/501 POM_5V_CPU 1790/1074
RAM 2844/3964MB (lfb 3x2MB) SWAP 1976/1982MB (cached 4MB) CPU [26%@1479,8%@1479,100%@1479,8%@1479] EMC_FREQ 0% GR3D_FREQ 6% PLL@77.5C CPU@81.5C PMIC@50C GPU@80C AO@86C thermal@81.5C POM_5V_IN 4965/4101 POM_5V_GPU 529/503 POM_5V_CPU 1994/1145
RAM 2886/3964MB (lfb 3x2MB) SWAP 1976/1982MB (cached 4MB) CPU [23%@1479,18%@1479,96%@1479,15%@1479] EMC_FREQ 0% GR3D_FREQ 8% PLL@78C CPU@81.5C PMIC@50C GPU@80C AO@86C thermal@81.5C POM_5V_IN 4925/4160 POM_5V_GPU 407/497 POM_5V_CPU 2075/1211
RAM 2938/3964MB (lfb 3x2MB) SWAP 1976/1982MB (cached 4MB) CPU [16%@1479,4%@1479,96%@1479,14%@1479] EMC_FREQ 0% GR3D_FREQ 0% PLL@77.5C CPU@81C PMIC@50C GPU@80C AO@86C thermal@80.75C POM_5V_IN 4762/4200 POM_5V_GPU 284/482 POM_5V_CPU 1953/1261
RAM 2980/3964MB (lfb 3x2MB) SWAP 1976/1982MB (cached 4MB) CPU [23%@1479,15%@1479,96%@1479,8%@1479] EMC_FREQ 0% GR3D_FREQ 6% PLL@77.5C CPU@81C PMIC@50C GPU@79.5C AO@85.5C thermal@80.75C POM_5V_IN 4843/4240 POM_5V_GPU 284/470 POM_5V_CPU 2072/1311
RAM 3040/3964MB (lfb 3x2MB) SWAP 1976/1982MB (cached 4MB) CPU [19%@1479,4%@1479,100%@1479,7%@1479] EMC_FREQ 0% GR3D_FREQ 21% PLL@77.5C CPU@81C PMIC@50C GPU@79C AO@85.5C thermal@80.75C POM_5V_IN 4843/4276 POM_5V_GPU 284/459 POM_5V_CPU 1953/1349
RAM 3071/3964MB (lfb 3x2MB) SWAP 1976/1982MB (cached 4MB) CPU [34%@1479,15%@1479,88%@1479,18%@1479] EMC_FREQ 0% GR3D_FREQ 0% PLL@77C CPU@81C PMIC@50C GPU@78.5C AO@85.5C thermal@80.75C POM_5V_IN 4762/4303 POM_5V_GPU 366/454 POM_5V_CPU 1994/1385
RAM 3096/3964MB (lfb 3x2MB) SWAP 1976/1982MB (cached 4MB) CPU [25%@1479,92%@1479,12%@1479,19%@1479] EMC_FREQ 0% GR3D_FREQ 35% PLL@77C CPU@82.5C PMIC@50C GPU@78.5C AO@85.5C thermal@80.25C POM_5V_IN 5210/4350 POM_5V_GPU 488/456 POM_5V_CPU 2275/1432
RAM 3127/3964MB (lfb 3x2MB) SWAP 1976/1982MB (cached 4MB) CPU [26%@1479,54%@1479,56%@1479,12%@1479] EMC_FREQ 0% GR3D_FREQ 0% PLL@77C CPU@82C PMIC@50C GPU@78C AO@85.5C thermal@80.25C POM_5V_IN 5250/4395 POM_5V_GPU 325/449 POM_5V_CPU 2316/1476
RAM 3181/3964MB (lfb 3x2MB) SWAP 1976/1982MB (cached 4MB) CPU [28%@1479,18%@1479,61%@1479,34%@1479] EMC_FREQ 0% GR3D_FREQ 0% PLL@77C CPU@80C PMIC@50C GPU@78.5C AO@85C thermal@80.25C POM_5V_IN 4558/4403 POM_5V_GPU 244/439 POM_5V_CPU 1790/1491
RAM 3193/3964MB (lfb 3x2MB) SWAP 1976/1982MB (cached 4MB) CPU [18%@1479,53%@1479,11%@1479,56%@1479] EMC_FREQ 0% GR3D_FREQ 0% PLL@76.5C CPU@81.5C PMIC@50C GPU@77.5C AO@85C thermal@80.25C POM_5V_IN 4484/4407 POM_5V_GPU 244/430 POM_5V_CPU 1750/1502
RAM 3229/3964MB (lfb 3x2MB) SWAP 1976/1982MB (cached 4MB) CPU [23%@1479,92%@1479,4%@1479,8%@1479] EMC_FREQ 0% GR3D_FREQ 17% PLL@76.5C CPU@83C PMIC@50C GPU@77.5C AO@85C thermal@80.25C POM_5V_IN 4843/4426 POM_5V_GPU 284/424 POM_5V_CPU 2035/1526
RAM 3235/3964MB (lfb 9x256kB) SWAP 1976/1982MB (cached 4MB) CPU [19%@921,55%@921,8%@921,8%@921] EMC_FREQ 0% GR3D_FREQ 99% PLL@75C CPU@79C PMIC@50C GPU@77C AO@84C thermal@80C POM_5V_IN 4518/4429 POM_5V_GPU 895/444 POM_5V_CPU 1058/1506
RAM 3235/3964MB (lfb 9x256kB) SWAP 1976/1982MB (cached 4MB) CPU [13%@921,8%@921,15%@921,23%@921] EMC_FREQ 0% GR3D_FREQ 99% PLL@74.5C CPU@79.5C PMIC@50C GPU@79C AO@83C thermal@80C POM_5V_IN 6583/4516 POM_5V_GPU 2560/528 POM_5V_CPU 1176/1493
RAM 3235/3964MB (lfb 9x256kB) SWAP 1976/1982MB (cached 4MB) CPU [30%@921,30%@921,8%@921,22%@921] EMC_FREQ 0% GR3D_FREQ 99% PLL@76.5C CPU@83C PMIC@50C GPU@82.5C AO@84.5C thermal@80C POM_5V_IN 8872/4683 POM_5V_GPU 4456/679 POM_5V_CPU 1255/1484
RAM 3235/3964MB (lfb 9x256kB) SWAP 1976/1982MB (cached 4MB) CPU [25%@921,8%@921,33%@921,23%@921] EMC_FREQ 0% GR3D_FREQ 99% PLL@77.5C CPU@84.5C PMIC@50C GPU@84C AO@86C thermal@80C POM_5V_IN 8953/4841 POM_5V_GPU 4577/824 POM_5V_CPU 1215/1474
RAM 3235/3964MB (lfb 9x256kB) SWAP 1976/1982MB (cached 4MB) CPU [20%@825,44%@921,8%@921,12%@921] EMC_FREQ 0% GR3D_FREQ 99% PLL@78.5C CPU@85.5C PMIC@50C GPU@85C AO@86.5C thermal@84.75C POM_5V_IN 9115/4994 POM_5V_GPU 4618/959 POM_5V_CPU 1336/1469
RAM 3235/3964MB (lfb 9x256kB) SWAP 1976/1982MB (cached 4MB) CPU [28%@921,18%@921,44%@921,16%@921] EMC_FREQ 0% GR3D_FREQ 99% PLL@79C CPU@86.5C PMIC@50C GPU@86C AO@87.5C thermal@84.75C POM_5V_IN 9074/5134 POM_5V_GPU 4658/1087 POM_5V_CPU 1296/1463
RAM 3235/3964MB (lfb 9x256kB) SWAP 1976/1982MB (cached 4MB) CPU [36%@614,29%@614,15%@614,8%@614] EMC_FREQ 0% GR3D_FREQ 99% PLL@79.5C CPU@87C PMIC@50C GPU@87C AO@88C thermal@84.75C POM_5V_IN 9155/5268 POM_5V_GPU 4658/1206 POM_5V_CPU 1296/1457
RAM 3235/3964MB (lfb 9x256kB) SWAP 1976/1982MB (cached 4MB) CPU [26%@710,12%@710,24%@710,44%@710] EMC_FREQ 0% GR3D_FREQ 99% PLL@80C CPU@88C PMIC@50C GPU@87.5C AO@88.5C thermal@84.75C POM_5V_IN 9155/5394 POM_5V_GPU 4699/1318 POM_5V_CPU 1296/1452
RAM 3235/3964MB (lfb 9x256kB) SWAP 1976/1982MB (cached 4MB) CPU [25%@614,16%@614,40%@614,19%@614] EMC_FREQ 0% GR3D_FREQ 99% PLL@80.5C CPU@89C PMIC@50C GPU@88C AO@89C thermal@88.25C POM_5V_IN 9196/5513 POM_5V_GPU 4732/1425 POM_5V_CPU 1296/1447
RAM 3235/3964MB (lfb 9x256kB) SWAP 1976/1982MB (cached 4MB) CPU [20%@825,48%@825,15%@825,4%@825] EMC_FREQ 0% GR3D_FREQ 98% PLL@81C CPU@89C PMIC@50C GPU@88C AO@89.5C thermal@88.25C POM_5V_IN 9236/5625 POM_5V_GPU 4732/1525 POM_5V_CPU 1377/1445
RAM 3235/3964MB (lfb 9x256kB) SWAP 1976/1982MB (cached 4MB) CPU [25%@614,18%@614,44%@614,17%@614] EMC_FREQ 0% GR3D_FREQ 99% PLL@81C CPU@89.5C PMIC@50C GPU@88.5C AO@90C thermal@88.25C POM_5V_IN 9196/5730 POM_5V_GPU 4732/1619 POM_5V_CPU 1336/1442
RAM 3235/3964MB (lfb 9x256kB) SWAP 1976/1982MB (cached 4MB) CPU [25%@518,19%@518,23%@518,25%@518] EMC_FREQ 0% GR3D_FREQ 99% PLL@81.5C CPU@90C PMIC@50C GPU@89C AO@90C thermal@88.25C POM_5V_IN 9277/5832 POM_5V_GPU 4772/1710 POM_5V_CPU 1334/1439
RAM 3235/3964MB (lfb 9x256kB) SWAP 1976/1982MB (cached 4MB) CPU [22%@921,45%@921,11%@921,16%@921] EMC_FREQ 0% GR3D_FREQ 99% PLL@82C CPU@90.5C PMIC@50C GPU@89.5C AO@90.5C thermal@88.25C POM_5V_IN 9317/5929 POM_5V_GPU 4772/1795 POM_5V_CPU 1375/1437
RAM 3235/3964MB (lfb 9x256kB) SWAP 1976/1982MB (cached 4MB) CPU [15%@825,40%@825,23%@825,12%@825] EMC_FREQ 0% GR3D_FREQ 99% PLL@82.5C CPU@91C PMIC@50C GPU@90C AO@91C thermal@90C POM_5V_IN 9358/6021 POM_5V_GPU 4813/1876 POM_5V_CPU 1375/1435
RAM 3236/3964MB (lfb 9x256kB) SWAP 1976/1982MB (cached 4MB) CPU [19%@1132,51%@1132,4%@1132,8%@1132] EMC_FREQ 0% GR3D_FREQ 98% PLL@83C CPU@91C PMIC@50C GPU@90C AO@91C thermal@90C POM_5V_IN 9398/6110 POM_5V_GPU 4813/1953 POM_5V_CPU 1334/1433
RAM 3236/3964MB (lfb 9x256kB) SWAP 1976/1982MB (cached 4MB) CPU [21%@1036,44%@1036,16%@1036,19%@825] EMC_FREQ 0% GR3D_FREQ 99% PLL@83C CPU@92C PMIC@50C GPU@90.5C AO@91.5C thermal@90C POM_5V_IN 9398/6194 POM_5V_GPU 4813/2027 POM_5V_CPU 1375/1431
RAM 3236/3964MB (lfb 9x256kB) SWAP 1976/1982MB (cached 4MB) CPU [12%@921,29%@921,45%@921,25%@921] EMC_FREQ 0% GR3D_FREQ 99% PLL@83.5C CPU@91.5C PMIC@50C GPU@90.5C AO@91.5C thermal@90C POM_5V_IN 9439/6275 POM_5V_GPU 4853/2097 POM_5V_CPU 1375/1430
RAM 3236/3964MB (lfb 9x256kB) SWAP 1976/1982MB (cached 4MB) CPU [20%@921,33%@921,16%@921,29%@921] EMC_FREQ 0% GR3D_FREQ 99% PLL@83.5C CPU@92C PMIC@50C GPU@91C AO@92C thermal@91.25C POM_5V_IN 9601/6357 POM_5V_GPU 4813/2164 POM_5V_CPU 1537/1432
RAM 3236/3964MB (lfb 9x256kB) SWAP 1976/1982MB (cached 4MB) CPU [23%@614,20%@614,30%@614,30%@614] EMC_FREQ 0% GR3D_FREQ 99% PLL@83.5C CPU@92.5C PMIC@50C GPU@91.5C AO@92.5C thermal@91.25C POM_5V_IN 9439/6430 POM_5V_GPU 4853/2228 POM_5V_CPU 1375/1431
RAM 3236/3964MB (lfb 9x256kB) SWAP 1976/1982MB (cached 4MB) CPU [18%@710,40%@710,11%@710,16%@710] EMC_FREQ 0% GR3D_FREQ 99% PLL@84C CPU@92.5C PMIC@50C GPU@91.5C AO@92.5C thermal@91.25C POM_5V_IN 9479/6501 POM_5V_GPU 4853/2289 POM_5V_CPU 1334/1429
RAM 3236/3964MB (lfb 9x256kB) SWAP 1976/1982MB (cached 4MB) CPU [20%@518,25%@825,46%@825,23%@825] EMC_FREQ 0% GR3D_FREQ 99% PLL@84C CPU@92.5C PMIC@50C GPU@91.5C AO@93C thermal@91.25C POM_5V_IN 9520/6569 POM_5V_GPU 4894/2348 POM_5V_CPU 1456/1429
RAM 3235/3964MB (lfb 9x256kB) SWAP 1976/1982MB (cached 4MB) CPU [20%@710,20%@710,28%@710,36%@710] EMC_FREQ 0% GR3D_FREQ 99% PLL@84.5C CPU@93C PMIC@50C GPU@92C AO@93C thermal@92.5C POM_5V_IN 9682/6639 POM_5V_GPU 4853/2404 POM_5V_CPU 1496/1431
RAM 3235/3964MB (lfb 9x256kB) SWAP 1976/1982MB (cached 4MB) CPU [12%@921,24%@921,34%@921,34%@921] EMC_FREQ 0% GR3D_FREQ 99% PLL@84.5C CPU@93.5C PMIC@50C GPU@92.5C AO@93.5C thermal@92.5C POM_5V_IN 9520/6701 POM_5V_GPU 4894/2458 POM_5V_CPU 1415/1430
RAM 3235/3964MB (lfb 9x256kB) SWAP 1976/1982MB (cached 4MB) CPU [18%@710,44%@710,19%@710,11%@710] EMC_FREQ 0% GR3D_FREQ 99% PLL@85C CPU@93.5C PMIC@50C GPU@92.5C AO@93C thermal@92.5C POM_5V_IN 9601/6763 POM_5V_GPU 4894/2509 POM_5V_CPU 1496/1432
RAM 3235/3964MB (lfb 9x256kB) SWAP 1976/1982MB (cached 4MB) CPU [16%@614,30%@614,17%@614,40%@614] EMC_FREQ 0% GR3D_FREQ 99% PLL@85C CPU@94C PMIC@50C GPU@92.5C AO@94C thermal@92.5C POM_5V_IN 9601/6822 POM_5V_GPU 4934/2560 POM_5V_CPU 1456/1432
RAM 3235/3964MB (lfb 9x256kB) SWAP 1976/1982MB (cached 4MB) CPU [16%@921,37%@921,18%@921,19%@921] EMC_FREQ 0% GR3D_FREQ 99% PLL@85.5C CPU@94C PMIC@50C GPU@93C AO@94C thermal@93.5C POM_5V_IN 9682/6880 POM_5V_GPU 4894/2608 POM_5V_CPU 1537/1434
RAM 3235/3964MB (lfb 9x256kB) SWAP 1976/1982MB (cached 4MB) CPU [4%@403,34%@403,12%@403,8%@403] EMC_FREQ 0% GR3D_FREQ 99% PLL@85.5C CPU@94.5C PMIC@50C GPU@93C AO@94C thermal@93.5C POM_5V_IN 9601/6935 POM_5V_GPU 4934/2654 POM_5V_CPU 1456/1435
RAM 3235/3964MB (lfb 9x256kB) SWAP 1976/1982MB (cached 4MB) CPU [38%@1479,29%@1479,25%@1479,18%@1479] EMC_FREQ 0% GR3D_FREQ 99% PLL@86C CPU@94.5C PMIC@50C GPU@93.5C AO@95C thermal@93.5C POM_5V_IN 10273/7000 POM_5V_GPU 4894/2698 POM_5V_CPU 2103/1448
RAM 3232/3964MB (lfb 9x256kB) SWAP 1976/1982MB (cached 4MB) CPU [24%@921,29%@921,15%@921,28%@921] EMC_FREQ 0% GR3D_FREQ 99% PLL@86C CPU@95C PMIC@50C GPU@94C AO@94.5C thermal@93.5C POM_5V_IN 9682/7052 POM_5V_GPU 4975/2742 POM_5V_CPU 1496/1449
RAM 3232/3964MB (lfb 9x256kB) SWAP 1976/1982MB (cached 4MB) CPU [12%@614,30%@614,25%@614,37%@614] EMC_FREQ 0% GR3D_FREQ 99% PLL@86.5C CPU@95C PMIC@50C GPU@94C AO@95C thermal@93.5C POM_5V_IN 9722/7102 POM_5V_GPU 4975/2784 POM_5V_CPU 1496/1450
RAM 3232/3964MB (lfb 9x256kB) SWAP 1976/1982MB (cached 4MB) CPU [19%@518,23%@518,15%@518,50%@518] EMC_FREQ 0% GR3D_FREQ 99% PLL@86C CPU@96C PMIC@50C GPU@94.5C AO@95C thermal@94.75C POM_5V_IN 9722/7151 POM_5V_GPU 4975/2824 POM_5V_CPU 1537/1451
RAM 3233/3964MB (lfb 9x256kB) SWAP 1976/1982MB (cached 4MB) CPU [12%@403,31%@403,33%@403,37%@403] EMC_FREQ 0% GR3D_FREQ 99% PLL@86C CPU@95C PMIC@50C GPU@94C AO@95C thermal@94.75C POM_5V_IN 9682/7197 POM_5V_GPU 4975/2864 POM_5V_CPU 1496/1452
RAM 3233/3964MB (lfb 9x256kB) SWAP 1976/1982MB (cached 4MB) CPU [12%@518,28%@518,26%@518,32%@518] EMC_FREQ 0% GR3D_FREQ 99% PLL@86.5C CPU@95C PMIC@50C GPU@94.5C AO@95.5C thermal@94.75C POM_5V_IN 9682/7241 POM_5V_GPU 4975/2901 POM_5V_CPU 1496/1453
RAM 3233/3964MB (lfb 9x256kB) SWAP 1976/1982MB (cached 4MB) CPU [20%@825,32%@825,34%@825,19%@825] EMC_FREQ 0% GR3D_FREQ 99% PLL@86.5C CPU@95.5C PMIC@50C GPU@94.5C AO@95.5C thermal@94.75C POM_5V_IN 9722/7285 POM_5V_GPU 5015/2938 POM_5V_CPU 1456/1453
RAM 3233/3964MB (lfb 9x256kB) SWAP 1976/1982MB (cached 4MB) CPU [23%@403,23%@403,50%@403,11%@403] EMC_FREQ 0% GR3D_FREQ 99% PLL@87C CPU@96C PMIC@50C GPU@94.5C AO@95.5C thermal@95C POM_5V_IN 9763/7327 POM_5V_GPU 4975/2973 POM_5V_CPU 1496/1454
RAM 3233/3964MB (lfb 9x256kB) SWAP 1976/1982MB (cached 4MB) CPU [22%@518,29%@518,40%@518,28%@518] EMC_FREQ 0% GR3D_FREQ 99% PLL@87C CPU@96C PMIC@50C GPU@94.5C AO@96C thermal@95C POM_5V_IN 9722/7368 POM_5V_GPU 4975/3007 POM_5V_CPU 1456/1454
RAM 3233/3964MB (lfb 9x256kB) SWAP 1976/1982MB (cached 4MB) CPU [12%@825,40%@825,11%@825,16%@825] EMC_FREQ 0% GR3D_FREQ 99% PLL@87C CPU@96.5C PMIC@50C GPU@95C AO@96C thermal@95C POM_5V_IN 9844/7409 POM_5V_GPU 5015/3041 POM_5V_CPU 1537/1455
RAM 3233/3964MB (lfb 9x256kB) SWAP 1976/1982MB (cached 4MB) CPU [19%@710,36%@710,12%@710,20%@710] EMC_FREQ 0% GR3D_FREQ 99% PLL@87.5C CPU@97C PMIC@50C GPU@95C AO@96C thermal@95C POM_5V_IN 9844/7449 POM_5V_GPU 5015/3073 POM_5V_CPU 1537/1456
RAM 3233/3964MB (lfb 9x256kB) SWAP 1976/1982MB (cached 4MB) CPU [16%@518,25%@518,23%@518,50%@518] EMC_FREQ 0% GR3D_FREQ 99% PLL@87.5C CPU@96.5C PMIC@50C GPU@95C AO@96.5C thermal@95.75C POM_5V_IN 9844/7488 POM_5V_GPU 5015/3104 POM_5V_CPU 1537/1458
RAM 3233/3964MB (lfb 9x256kB) SWAP 1976/1982MB (cached 4MB) CPU [16%@403,20%@825,46%@825,39%@825] EMC_FREQ 0% GR3D_FREQ 99% PLL@87.5C CPU@96.5C PMIC@50C GPU@95.5C AO@96.5C thermal@95.75C POM_5V_IN 9844/7525 POM_5V_GPU 5015/3135 POM_5V_CPU 1577/1460
RAM 3233/3964MB (lfb 9x256kB) SWAP 1976/1982MB (cached 4MB) CPU [19%@1132,33%@1132,28%@1132,15%@1132] EMC_FREQ 0% GR3D_FREQ 98% PLL@88C CPU@96.5C PMIC@50C GPU@95.5C AO@97C thermal@95.75C POM_5V_IN 9965/7563 POM_5V_GPU 5015/3164 POM_5V_CPU 1698/1463
RAM 3233/3964MB (lfb 9x256kB) SWAP 1976/1982MB (cached 4MB) CPU [19%@710,37%@710,20%@710,18%@710] EMC_FREQ 0% GR3D_FREQ 98% PLL@88.5C CPU@96.5C PMIC@50C GPU@96C AO@96.5C thermal@95.75C POM_5V_IN 9884/7599 POM_5V_GPU 5015/3193 POM_5V_CPU 1577/1465
RAM 3233/3964MB (lfb 9x256kB) SWAP 1976/1982MB (cached 4MB) CPU [16%@614,32%@710,28%@710,12%@710] EMC_FREQ 0% GR3D_FREQ 99% PLL@88C CPU@97C PMIC@50C GPU@96C AO@97C thermal@95.75C POM_5V_IN 10046/7636 POM_5V_GPU 5056/3221 POM_5V_CPU 1617/1467
RAM 3233/3964MB (lfb 9x256kB) SWAP 1976/1982MB (cached 4MB) CPU [13%@1036,26%@1036,42%@1036,20%@1036] EMC_FREQ 0% GR3D_FREQ 98% PLL@88.5C CPU@97C PMIC@50C GPU@96C AO@97C thermal@96.5C POM_5V_IN 10006/7671 POM_5V_GPU 5056/3248 POM_5V_CPU 1617/1470
RAM 3233/3964MB (lfb 9x256kB) SWAP 1976/1982MB (cached 4MB) CPU [24%@1479,40%@1479,12%@1479,16%@1479] EMC_FREQ 0% GR3D_FREQ 98% PLL@88.5C CPU@97C PMIC@50C GPU@96C AO@97C thermal@96.5C POM_5V_IN 10395/7711 POM_5V_GPU 4975/3274 POM_5V_CPU 2022/1478
RAM 3233/3964MB (lfb 9x256kB) SWAP 1976/1982MB (cached 4MB) CPU [16%@1132,24%@1132,44%@1132,12%@1132] EMC_FREQ 0% GR3D_FREQ 99% PLL@88.5C CPU@97.5C PMIC@50C GPU@96.5C AO@97.5C thermal@96.5C POM_5V_IN 9965/7744 POM_5V_GPU 5056/3299 POM_5V_CPU 1577/1479
RAM 3233/3964MB (lfb 9x256kB) SWAP 1976/1982MB (cached 4MB) CPU [11%@1036,40%@1036,13%@1036,14%@1036] EMC_FREQ 0% GR3D_FREQ 99% PLL@88.5C CPU@97.5C PMIC@50C GPU@96C AO@97C thermal@96.5C POM_5V_IN 10087/7777 POM_5V_GPU 5096/3325 POM_5V_CPU 1617/1481
RAM 3233/3964MB (lfb 9x256kB) SWAP 1976/1982MB (cached 4MB) CPU [28%@1479,24%@1479,18%@1479,39%@1132] EMC_FREQ 0% GR3D_FREQ 99% PLL@88.5C CPU@98C PMIC@50C GPU@96.5C AO@97.5C thermal@96.75C POM_5V_IN 10152/7811 POM_5V_GPU 5056/3349 POM_5V_CPU 1820/1486
RAM 3233/3964MB (lfb 9x256kB) SWAP 1976/1982MB (cached 4MB) CPU [8%@614,37%@614,23%@614,4%@614] EMC_FREQ 0% GR3D_FREQ 99% PLL@89C CPU@97.5C PMIC@50C GPU@96.5C AO@97.5C thermal@96.75C POM_5V_IN 9925/7840 POM_5V_GPU 5056/3373 POM_5V_CPU 1617/1488
RAM 3234/3964MB (lfb 9x256kB) SWAP 1976/1982MB (cached 4MB) CPU [12%@710,37%@710,30%@710,8%@710] EMC_FREQ 0% GR3D_FREQ 98% PLL@89C CPU@98C PMIC@50C GPU@96.5C AO@98C thermal@96.75C POM_5V_IN 9965/7869 POM_5V_GPU 5096/3397 POM_5V_CPU 1577/1489
RAM 3234/3964MB (lfb 9x256kB) SWAP 1976/1982MB (cached 4MB) CPU [19%@1036,28%@1036,28%@1036,16%@1036] EMC_FREQ 0% GR3D_FREQ 99% PLL@89C CPU@98C PMIC@50C GPU@97C AO@97.5C thermal@96.75C POM_5V_IN 10006/7898 POM_5V_GPU 5096/3420 POM_5V_CPU 1577/1490
RAM 3233/3964MB (lfb 9x256kB) SWAP 1976/1982MB (cached 4MB) CPU [16%@614,20%@614,32%@614,22%@825] EMC_FREQ 0% GR3D_FREQ 99% PLL@89.5C CPU@98C PMIC@50C GPU@97C AO@97.5C thermal@97.5C POM_5V_IN 9965/7926 POM_5V_GPU 5096/3442 POM_5V_CPU 1537/1491
RAM 3234/3964MB (lfb 9x256kB) SWAP 1976/1982MB (cached 4MB) CPU [25%@825,25%@825,12%@825,38%@825] EMC_FREQ 0% GR3D_FREQ 99% PLL@89.5C CPU@98.5C PMIC@50C GPU@97C AO@98C thermal@97.5C POM_5V_IN 10128/7955 POM_5V_GPU 5096/3464 POM_5V_CPU 1779/1494
RAM 3234/3964MB (lfb 9x256kB) SWAP 1976/1982MB (cached 4MB) CPU [46%@921,23%@921,8%@921,8%@921] EMC_FREQ 0% GR3D_FREQ 98% PLL@89.5C CPU@98.5C PMIC@50C GPU@97C AO@98.5C thermal@97.5C POM_5V_IN 10087/7982 POM_5V_GPU 5096/3485 POM_5V_CPU 1617/1496
RAM 3234/3964MB (lfb 9x256kB) SWAP 1976/1982MB (cached 4MB) CPU [23%@1036,40%@1036,16%@1036,12%@1036] EMC_FREQ 0% GR3D_FREQ 99% PLL@89.5C CPU@98.5C PMIC@50C GPU@97.5C AO@98.5C thermal@97.5C POM_5V_IN 10128/8010 POM_5V_GPU 5096/3506 POM_5V_CPU 1658/1498
RAM 3234/3964MB (lfb 9x256kB) SWAP 1976/1982MB (cached 4MB) CPU [16%@825,41%@825,11%@825,15%@825] EMC_FREQ 0% GR3D_FREQ 99% PLL@90C CPU@99C PMIC@50C GPU@97.5C AO@98.5C thermal@97.5C POM_5V_IN 10006/8035 POM_5V_GPU 5136/3526 POM_5V_CPU 1537/1499
RAM 3234/3964MB (lfb 9x256kB) SWAP 1976/1982MB (cached 4MB) CPU [12%@921,42%@1036,20%@1036,16%@1036] EMC_FREQ 0% GR3D_FREQ 99% PLL@90C CPU@99.5C PMIC@50C GPU@97.5C AO@98.5C thermal@98C POM_5V_IN 10087/8061 POM_5V_GPU 5136/3546 POM_5V_CPU 1617/1500
RAM 3234/3964MB (lfb 9x256kB) SWAP 1976/1982MB (cached 4MB) CPU [12%@825,33%@825,16%@825,20%@825] EMC_FREQ 0% GR3D_FREQ 99% PLL@90C CPU@99C PMIC@50C GPU@97.5C AO@98.5C thermal@98C POM_5V_IN 10046/8085 POM_5V_GPU 5136/3566 POM_5V_CPU 1577/1501
RAM 3234/3964MB (lfb 9x256kB) SWAP 1976/1982MB (cached 4MB) CPU [20%@921,20%@921,29%@921,24%@921] EMC_FREQ 0% GR3D_FREQ 99% PLL@90C CPU@99C PMIC@50C GPU@97.5C AO@99C thermal@98C POM_5V_IN 9844/8107 POM_5V_GPU 4975/3583 POM_5V_CPU 1496/1501
RAM 3234/3964MB (lfb 9x256kB) SWAP 1976/1982MB (cached 4MB) CPU [33%@710,15%@825,12%@825,46%@825] EMC_FREQ 0% GR3D_FREQ 98% PLL@90C CPU@98.5C PMIC@50C GPU@97.5C AO@99C thermal@98C POM_5V_IN 10046/8130 POM_5V_GPU 5136/3602 POM_5V_CPU 1577/1502
RAM 3234/3964MB (lfb 9x256kB) SWAP 1976/1982MB (cached 4MB) CPU [23%@825,40%@825,16%@825,25%@825] EMC_FREQ 0% GR3D_FREQ 99% PLL@90C CPU@98.5C PMIC@50C GPU@97C AO@99C thermal@99C POM_5V_IN 9358/8145 POM_5V_GPU 4530/3613 POM_5V_CPU 1617/1503
RAM 3234/3964MB (lfb 9x256kB) SWAP 1976/1982MB (cached 4MB) CPU [16%@825,41%@825,14%@825,11%@825] EMC_FREQ 0% GR3D_FREQ 98% PLL@90C CPU@98.5C PMIC@50C GPU@97.5C AO@99C thermal@99C POM_5V_IN 9439/8160 POM_5V_GPU 4530/3624 POM_5V_CPU 1577/1504
RAM 3234/3964MB (lfb 9x256kB) SWAP 1976/1982MB (cached 4MB) CPU [15%@825,44%@825,4%@825,11%@825] EMC_FREQ 0% GR3D_FREQ 99% PLL@90C CPU@99C PMIC@50C GPU@97.5C AO@98.5C thermal@99C POM_5V_IN 10006/8181 POM_5V_GPU 5096/3641 POM_5V_CPU 1577/1505
RAM 3234/3964MB (lfb 9x256kB) SWAP 1976/1982MB (cached 4MB) CPU [24%@614,30%@614,26%@614,8%@614] EMC_FREQ 0% GR3D_FREQ 99% PLL@90C CPU@98C PMIC@50C GPU@97C AO@98.5C thermal@99C POM_5V_IN 9479/8196 POM_5V_GPU 4611/3652 POM_5V_CPU 1537/1505
RAM 3234/3964MB (lfb 9x256kB) SWAP 1976/1982MB (cached 4MB) CPU [16%@1132,45%@1132,8%@1132,4%@1132] EMC_FREQ 0% GR3D_FREQ 99% PLL@90.5C CPU@99C PMIC@50C GPU@98C AO@99C thermal@98C POM_5V_IN 9803/8215 POM_5V_GPU 4732/3664 POM_5V_CPU 1698/1507
RAM 3234/3964MB (lfb 9x256kB) SWAP 1976/1982MB (cached 4MB) CPU [16%@921,24%@921,38%@921,14%@921] EMC_FREQ 0% GR3D_FREQ 99% PLL@90C CPU@99C PMIC@50C GPU@97.5C AO@99C thermal@98C POM_5V_IN 10046/8235 POM_5V_GPU 5096/3680 POM_5V_CPU 1658/1509
RAM 3234/3964MB (lfb 9x256kB) SWAP 1976/1982MB (cached 4MB) CPU [25%@825,33%@825,12%@825,11%@921] EMC_FREQ 0% GR3D_FREQ 99% PLL@90C CPU@98.5C PMIC@50C GPU@97.5C AO@99C thermal@98C POM_5V_IN 10006/8255 POM_5V_GPU 5056/3696 POM_5V_CPU 1577/1510
RAM 3231/3964MB (lfb 9x256kB) SWAP 1976/1982MB (cached 4MB) CPU [20%@825,30%@825,26%@825,52%@825] EMC_FREQ 0% GR3D_FREQ 99% PLL@90.5C CPU@98.5C PMIC@50C GPU@97C AO@99C thermal@98C POM_5V_IN 9358/8267 POM_5V_GPU 4327/3703 POM_5V_CPU 1698/1512
RAM 3232/3964MB (lfb 9x256kB) SWAP 1976/1982MB (cached 4MB) CPU [23%@825,30%@825,34%@825,19%@825] EMC_FREQ 0% GR3D_FREQ 99% PLL@90.5C CPU@98.5C PMIC@50C GPU@97.5C AO@99.5C thermal@98C POM_5V_IN 9803/8284 POM_5V_GPU 4853/3715 POM_5V_CPU 1658/1514
RAM 3232/3964MB (lfb 9x256kB) SWAP 1976/1982MB (cached 4MB) CPU [16%@614,34%@614,8%@825,35%@825] EMC_FREQ 0% GR3D_FREQ 99% PLL@90.5C CPU@99C PMIC@50C GPU@97.5C AO@99C thermal@98.25C POM_5V_IN 9358/8295 POM_5V_GPU 4449/3723 POM_5V_CPU 1577/1514
RAM 3227/3964MB (lfb 9x256kB) SWAP 1976/1982MB (cached 4MB) CPU [28%@710,30%@710,24%@710,13%@710] EMC_FREQ 0% GR3D_FREQ 99% PLL@90.5C CPU@99.5C PMIC@50C GPU@98C AO@99.5C thermal@98.25C POM_5V_IN 9884/8312 POM_5V_GPU 4772/3734 POM_5V_CPU 1739/1517
RAM 3227/3964MB (lfb 9x256kB) SWAP 1976/1982MB (cached 4MB) CPU [16%@1036,26%@1036,12%@1036,53%@1036] EMC_FREQ 0% GR3D_FREQ 99% PLL@90C CPU@99.5C PMIC@50C GPU@97.5C AO@99C thermal@98.25C POM_5V_IN 9965/8329 POM_5V_GPU 5015/3748 POM_5V_CPU 1617/1518
RAM 3227/3964MB (lfb 9x256kB) SWAP 1976/1982MB (cached 4MB) CPU [26%@710,34%@710,8%@710,8%@710] EMC_FREQ 0% GR3D_FREQ 99% PLL@90C CPU@98C PMIC@50C GPU@97.5C AO@99.5C thermal@98.25C POM_5V_IN 9641/8343 POM_5V_GPU 4813/3759 POM_5V_CPU 1537/1518
RAM 3227/3964MB (lfb 9x256kB) SWAP 1976/1982MB (cached 4MB) CPU [22%@921,28%@921,26%@921,23%@921] EMC_FREQ 0% GR3D_FREQ 99% PLL@90.5C CPU@98.5C PMIC@50C GPU@97.5C AO@99C thermal@98.5C POM_5V_IN 9277/8353 POM_5V_GPU 4408/3765 POM_5V_CPU 1617/1519
RAM 3227/3964MB (lfb 9x256kB) SWAP 1976/1982MB (cached 4MB) CPU [16%@518,19%@518,53%@518,8%@518] EMC_FREQ 0% GR3D_FREQ 99% PLL@90C CPU@99C PMIC@50C GPU@97.5C AO@99.5C thermal@98.5C POM_5V_IN 10046/8370 POM_5V_GPU 5096/3779 POM_5V_CPU 1577/1519
RAM 3228/3964MB (lfb 9x256kB) SWAP 1976/1982MB (cached 4MB) CPU [23%@1036,30%@1036,28%@1036,20%@1036] EMC_FREQ 0% GR3D_FREQ 99% PLL@90.5C CPU@99C PMIC@50C GPU@97.5C AO@99C thermal@98.5C POM_5V_IN 9560/8382 POM_5V_GPU 4530/3787 POM_5V_CPU 1739/1522
RAM 3228/3964MB (lfb 9x256kB) SWAP 1976/1982MB (cached 4MB) CPU [20%@825,36%@825,12%@825,17%@825] EMC_FREQ 0% GR3D_FREQ 98% PLL@90.5C CPU@99C PMIC@50C GPU@98C AO@99C thermal@98.5C POM_5V_IN 9722/8395 POM_5V_GPU 4732/3796 POM_5V_CPU 1658/1523
RAM 3228/3964MB (lfb 9x256kB) SWAP 1976/1982MB (cached 4MB) CPU [8%@921,36%@921,8%@921,30%@921] EMC_FREQ 0% GR3D_FREQ 99% PLL@90.5C CPU@99C PMIC@50C GPU@97.5C AO@99.5C thermal@98.25C POM_5V_IN 10006/8411 POM_5V_GPU 5096/3809 POM_5V_CPU 1577/1524
RAM 3228/3964MB (lfb 9x256kB) SWAP 1976/1982MB (cached 4MB) CPU [8%@614,33%@614,25%@614,14%@614] EMC_FREQ 0% GR3D_FREQ 99% PLL@90.5C CPU@98.5C PMIC@50C GPU@97C AO@99.5C thermal@98.25C POM_5V_IN 9115/8418 POM_5V_GPU 4415/3815 POM_5V_CPU 1539/1524
RAM 3228/3964MB (lfb 9x256kB) SWAP 1976/1982MB (cached 4MB) CPU [22%@825,28%@825,32%@825,12%@825] EMC_FREQ 0% GR3D_FREQ 99% PLL@90.5C CPU@99.5C PMIC@50C GPU@97.5C AO@99.5C thermal@98.25C POM_5V_IN 9358/8427 POM_5V_GPU 4368/3820 POM_5V_CPU 1658/1525
RAM 3228/3964MB (lfb 9x256kB) SWAP 1976/1982MB (cached 4MB) CPU [34%@825,11%@825,20%@825,12%@825] EMC_FREQ 0% GR3D_FREQ 99% PLL@90C CPU@99C PMIC@50C GPU@97.5C AO@99.5C thermal@98.25C POM_5V_IN 9925/8442 POM_5V_GPU 5015/3832 POM_5V_CPU 1537/1525
RAM 3228/3964MB (lfb 9x256kB) SWAP 1976/1982MB (cached 4MB) CPU [38%@1326,8%@1326,8%@1326,40%@1326] EMC_FREQ 0% GR3D_FREQ 0% PLL@90C CPU@96.5C PMIC@50C GPU@95C AO@99C thermal@98.25C POM_5V_IN 5942/8418 POM_5V_GPU 1625/3811 POM_5V_CPU 1422/1524
RAM 3166/3964MB (lfb 1x2MB) SWAP 1976/1982MB (cached 4MB) CPU [7%@1326,3%@1326,11%@1326,100%@1326] EMC_FREQ 0% GR3D_FREQ 0% PLL@88.5C CPU@91C PMIC@50C GPU@91C AO@97C thermal@94.75C POM_5V_IN 4477/8381 POM_5V_GPU 529/3780 POM_5V_CPU 1343/1522
RAM 2594/3964MB (lfb 4x2MB) SWAP 1976/1982MB (cached 4MB) CPU [7%@403,11%@403,54%@403,11%@403] EMC_FREQ 0% GR3D_FREQ 0% PLL@85.5C CPU@89C PMIC@50C GPU@89C AO@95.5C thermal@94.75C POM_5V_IN 3832/8338 POM_5V_GPU 529/3749 POM_5V_CPU 732/1515
RAM 2594/3964MB (lfb 4x2MB) SWAP 1976/1982MB (cached 4MB) CPU [11%@307,7%@307,7%@307,4%@307] EMC_FREQ 0% GR3D_FREQ 0% PLL@83.5C CPU@87C PMIC@50C GPU@87C AO@93.5C thermal@94.75C POM_5V_IN 3506/8294 POM_5V_GPU 489/3719 POM_5V_CPU 570/1506
RAM 2594/3964MB (lfb 4x2MB) SWAP 1976/1982MB (cached 4MB) CPU [15%@102,4%@204,3%@204,11%@204] EMC_FREQ 0% GR3D_FREQ 0% PLL@82C CPU@86C PMIC@50C GPU@85.5C AO@92C thermal@94.75C POM_5V_IN 3465/8249 POM_5V_GPU 448/3689 POM_5V_CPU 570/1498
RAM 2594/3964MB (lfb 4x2MB) SWAP 1976/1982MB (cached 4MB) CPU [7%@102,7%@102,17%@204,8%@204] EMC_FREQ 0% GR3D_FREQ 0% PLL@81C CPU@84.5C PMIC@50C GPU@84.5C AO@91C thermal@84.75C POM_5V_IN 3383/8205 POM_5V_GPU 448/3660 POM_5V_CPU 529/1489
