RAM 2598/3964MB (lfb 4x2MB) SWAP 1976/1982MB (cached 4MB) CPU [4%@307,7%@307,4%@307,56%@307] EMC_FREQ 0% GR3D_FREQ 0% PLL@80.5C CPU@83.5C PMIC@50C GPU@83.5C AO@90.5C thermal@84.75C POM_5V_IN 3506/3506 POM_5V_GPU 448/448 POM_5V_CPU 611/611
RAM 2598/3964MB (lfb 4x2MB) SWAP 1976/1982MB (cached 4MB) CPU [19%@102,11%@102,11%@102,14%@102] EMC_FREQ 0% GR3D_FREQ 0% PLL@79.5C CPU@82.5C PMIC@50C GPU@82.5C AO@89.5C thermal@84.75C POM_5V_IN 3383/3444 POM_5V_GPU 407/427 POM_5V_CPU 529/570
RAM 2598/3964MB (lfb 4x2MB) SWAP 1976/1982MB (cached 4MB) CPU [16%@204,3%@204,7%@204,14%@204] EMC_FREQ 0% GR3D_FREQ 0% PLL@78.5C CPU@82C PMIC@50C GPU@81.5C AO@88.5C thermal@84.75C POM_5V_IN 3383/3424 POM_5V_GPU 407/420 POM_5V_CPU 489/543
RAM 2598/3964MB (lfb 4x2MB) SWAP 1976/1982MB (cached 4MB) CPU [25%@204,8%@204,3%@204,4%@204] EMC_FREQ 0% GR3D_FREQ 0% PLL@78C CPU@81.5C PMIC@50C GPU@81C AO@88C thermal@81.25C POM_5V_IN 3465/3434 POM_5V_GPU 489/437 POM_5V_CPU 570/549
RAM 2598/3964MB (lfb 4x2MB) SWAP 1976/1982MB (cached 4MB) CPU [16%@204,3%@204,4%@204,14%@204] EMC_FREQ 0% GR3D_FREQ 0% PLL@77C CPU@81C PMIC@50C GPU@80.5C AO@87.5C thermal@81.25C POM_5V_IN 3342/3415 POM_5V_GPU 407/431 POM_5V_CPU 489/537
RAM 2598/3964MB (lfb 4x2MB) SWAP 1976/1982MB (cached 4MB) CPU [25%@204,0%@102,7%@102,7%@102] EMC_FREQ 0% GR3D_FREQ 0% PLL@76.5C CPU@80C PMIC@50C GPU@80C AO@86.5C thermal@81.25C POM_5V_IN 3302/3396 POM_5V_GPU 407/427 POM_5V_CPU 489/529
RAM 2598/3964MB (lfb 4x2MB) SWAP 1976/1982MB (cached 4MB) CPU [20%@204,0%@204,0%@204,7%@204] EMC_FREQ 0% GR3D_FREQ 0% PLL@76C CPU@79.5C PMIC@50C GPU@79.5C AO@86.5C thermal@81.25C POM_5V_IN 3261/3377 POM_5V_GPU 407/424 POM_5V_CPU 448/517
RAM 2628/3964MB (lfb 3x2MB) SWAP 1976/1982MB (cached 4MB) CPU [15%@1428,12%@1428,18%@1428,37%@1428] EMC_FREQ 0% GR3D_FREQ 0% PLL@77C CPU@80C PMIC@50C GPU@79C AO@86C thermal@79C POM_5V_IN 4158/3475 POM_5V_GPU 407/422 POM_5V_CPU 1139/595
RAM 2673/3964MB (lfb 3x2MB) SWAP 1976/1982MB (cached 4MB) CPU [68%@1428,8%@1428,37%@1428,7%@1428] EMC_FREQ 0% GR3D_FREQ 2% PLL@78C CPU@81.5C PMIC@50C GPU@80.5C AO@86.5C thermal@79C POM_5V_IN 5169/3663 POM_5V_GPU 732/456 POM_5V_CPU 1828/732
RAM 2702/3964MB (lfb 3x2MB) SWAP 1976/1982MB (cached 4MB) CPU [20%@1428,11%@1428,100%@1428,12%@1428] EMC_FREQ 0% GR3D_FREQ 0% PLL@78C CPU@82.5C PMIC@50C GPU@80.5C AO@87C thermal@79C POM_5V_IN 5088/3805 POM_5V_GPU 732/484 POM_5V_CPU 1828/842
RAM 2754/3964MB (lfb 3x2MB) SWAP 1976/1982MB (cached 4MB) CPU [36%@1428,8%@1428,33%@1428,50%@1428] EMC_FREQ 0% GR3D_FREQ 0% PLL@78.5C CPU@82.5C PMIC@50C GPU@80.5C AO@87.5C thermal@79C POM_5V_IN 5088/3922 POM_5V_GPU 732/506 POM_5V_CPU 1869/935
RAM 2808/3964MB (lfb 3x2MB) SWAP 1976/1982MB (cached 4MB) CPU [19%@1428,11%@1428,8%@1428,100%@1428] EMC_FREQ 0% GR3D_FREQ 3% PLL@79C CPU@81.5C PMIC@50C GPU@80C AO@87C thermal@81C POM_5V_IN 4884/4002 POM_5V_GPU 447/501 POM_5V_CPU 1872/1013
RAM 2834/3964MB (lfb 3x2MB) SWAP 1976/1982MB (cached 4MB) CPU [12%@1428,20%@1428,15%@1428,100%@1428] EMC_FREQ 0% GR3D_FREQ 6% PLL@78.5C CPU@82.5C PMIC@50C GPU@80C AO@87C thermal@81C POM_5V_IN 4925/4073 POM_5V_GPU 488/500 POM_5V_CPU 1950/1085
RAM 2883/3964MB (lfb 3x2MB) SWAP 1976/1982MB (cached 4MB) CPU [22%@710,16%@710,14%@710,96%@710] EMC_FREQ 0% GR3D_FREQ 1% PLL@78.5C CPU@81.5C PMIC@50C GPU@79C AO@86.5C thermal@81C POM_5V_IN 4680/4116 POM_5V_GPU 325/488 POM_5V_CPU 1913/1144
RAM 2919/3964MB (lfb 3x2MB) SWAP 1976/1982MB (cached 4MB) CPU [12%@1479,20%@1479,60%@1479,48%@1479] EMC_FREQ 0% GR3D_FREQ 9% PLL@78C CPU@82C PMIC@50C GPU@80C AO@87C thermal@81C POM_5V_IN 5047/4178 POM_5V_GPU 407/482 POM_5V_CPU 2113/1209
RAM 2968/3964MB (lfb 3x2MB) SWAP 1976/1982MB (cached 4MB) CPU [25%@1479,18%@1479,95%@1479,16%@1479] EMC_FREQ 0% GR3D_FREQ 16% PLL@78C CPU@81.5C PMIC@50C GPU@79.5C AO@86.5C thermal@81C POM_5V_IN 4925/4225 POM_5V_GPU 325/472 POM_5V_CPU 2075/1263
RAM 3027/3964MB (lfb 3x2MB) SWAP 1976/1982MB (cached 4MB) CPU [19%@1479,11%@1479,100%@1479,14%@1479] EMC_FREQ 0% GR3D_FREQ 22% PLL@78C CPU@81.5C PMIC@50C GPU@79.5C AO@86.5C thermal@80.5C POM_5V_IN 4925/4266 POM_5V_GPU 325/464 POM_5V_CPU 2035/1308
RAM 3064/3964MB (lfb 3x2MB) SWAP 1976/1982MB (cached 4MB) CPU [20%@614,12%@614,96%@614,8%@614] EMC_FREQ 0% GR3D_FREQ 7% PLL@78C CPU@81.5C PMIC@50C GPU@79.5C AO@86C thermal@80.5C POM_5V_IN 4803/4296 POM_5V_GPU 366/458 POM_5V_CPU 1994/1346
RAM 3110/3964MB (lfb 3x2MB) SWAP 1976/1982MB (cached 4MB) CPU [20%@1479,8%@1479,100%@1479,8%@1479] EMC_FREQ 0% GR3D_FREQ 28% PLL@77.5C CPU@81C PMIC@50C GPU@79.5C AO@86C thermal@80.5C POM_5V_IN 4925/4329 POM_5V_GPU 366/453 POM_5V_CPU 2035/1382
RAM 3172/3964MB (lfb 3x2MB) SWAP 1976/1982MB (cached 4MB) CPU [19%@1479,15%@1479,96%@1479,8%@1479] EMC_FREQ 0% GR3D_FREQ 0% PLL@77.5C CPU@80.5C PMIC@50C GPU@79C AO@85.5C thermal@80.5C POM_5V_IN 4402/4333 POM_5V_GPU 244/443 POM_5V_CPU 1587/1393
RAM 3180/3964MB (lfb 3x2MB) SWAP 1976/1982MB (cached 4MB) CPU [56%@1479,12%@1479,52%@1479,8%@1479] EMC_FREQ 0% GR3D_FREQ 9% PLL@77C CPU@83C PMIC@50C GPU@78.5C AO@86C thermal@80C POM_5V_IN 4443/4338 POM_5V_GPU 284/435 POM_5V_CPU 1709/1408
RAM 3215/3964MB (lfb 3x2MB) SWAP 1976/1982MB (cached 4MB) CPU [92%@1479,4%@1479,12%@1479,16%@1479] EMC_FREQ 0% GR3D_FREQ 37% PLL@77C CPU@82C PMIC@50C GPU@78.5C AO@86C thermal@80C POM_5V_IN 4965/4366 POM_5V_GPU 488/438 POM_5V_CPU 2075/1438
RAM 3236/3964MB (lfb 2x2MB) SWAP 1976/1982MB (cached 4MB) CPU [17%@1479,8%@1479,15%@1479,96%@1479] EMC_FREQ 0% GR3D_FREQ 33% PLL@77C CPU@80.5C PMIC@50C GPU@78C AO@85C thermal@80C POM_5V_IN 4762/4383 POM_5V_GPU 366/435 POM_5V_CPU 1953/1460
RAM 3231/3964MB (lfb 2x2MB) SWAP 1976/1982MB (cached 4MB) CPU [19%@825,38%@825,15%@825,16%@825] EMC_FREQ 0% GR3D_FREQ 99% PLL@75.5C CPU@80C PMIC@50C GPU@79.5C AO@85C thermal@80C POM_5V_IN 6339/4465 POM_5V_GPU 2357/515 POM_5V_CPU 1259/1452
RAM 3231/3964MB (lfb 2x2MB) SWAP 1976/1982MB (cached 4MB) CPU [20%@1132,53%@1132,8%@1132,4%@1132] EMC_FREQ 0% GR3D_FREQ 98% PLL@77.5C CPU@84C PMIC@50C GPU@83.5C AO@85.5C thermal@83.25C POM_5V_IN 8953/4644 POM_5V_GPU 4415/671 POM_5V_CPU 1539/1455
RAM 3231/3964MB (lfb 2x2MB) SWAP 1976/1982MB (cached 4MB) CPU [28%@1036,50%@1036,15%@1036,19%@1036] EMC_FREQ 0% GR3D_FREQ 98% PLL@79C CPU@85.5C PMIC@50C GPU@85C AO@87.5C thermal@83.25C POM_5V_IN 9074/4815 POM_5V_GPU 4496/818 POM_5V_CPU 1496/1457
RAM 3231/3964MB (lfb 2x2MB) SWAP 1976/1982MB (cached 4MB) CPU [20%@921,42%@921,12%@921,20%@921] EMC_FREQ 0% GR3D_FREQ 98% PLL@80C CPU@87C PMIC@50C GPU@86C AO@88.5C thermal@83.25C POM_5V_IN 9236/4979 POM_5V_GPU 4530/955 POM_5V_CPU 1617/1463
RAM 3232/3964MB (lfb 2x2MB) SWAP 1976/1982MB (cached 4MB) CPU [21%@710,20%@710,16%@710,62%@710] EMC_FREQ 0% GR3D_FREQ 98% PLL@80.5C CPU@88C PMIC@50C GPU@87C AO@89C thermal@83.25C POM_5V_IN 9155/5128 POM_5V_GPU 4577/1085 POM_5V_CPU 1537/1466
RAM 3232/3964MB (lfb 2x2MB) SWAP 1976/1982MB (cached 4MB) CPU [40%@710,15%@710,25%@710,29%@710] EMC_FREQ 0% GR3D_FREQ 99% PLL@81C CPU@89C PMIC@50C GPU@88C AO@90C thermal@83.25C POM_5V_IN 9277/5271 POM_5V_GPU 4611/1206 POM_5V_CPU 1577/1469
RAM 3232/3964MB (lfb 2x2MB) SWAP 1976/1982MB (cached 4MB) CPU [25%@1036,25%@1036,24%@1036,51%@1036] EMC_FREQ 0% GR3D_FREQ 98% PLL@82C CPU@89.5C PMIC@50C GPU@88.5C AO@90.5C thermal@88.5C POM_5V_IN 9277/5404 POM_5V_GPU 4611/1320 POM_5V_CPU 1537/1472
RAM 3232/3964MB (lfb 2x2MB) SWAP 1976/1982MB (cached 4MB) CPU [33%@1479,24%@1479,12%@1479,60%@1479] EMC_FREQ 0% GR3D_FREQ 99% PLL@82C CPU@90C PMIC@50C GPU@89C AO@90.5C thermal@88.5C POM_5V_IN 9520/5537 POM_5V_GPU 4611/1426 POM_5V_CPU 1739/1480
RAM 3232/3964MB (lfb 2x2MB) SWAP 1976/1982MB (cached 4MB) CPU [26%@1224,15%@1224,33%@1224,32%@1224] EMC_FREQ 0% GR3D_FREQ 98% PLL@82.5C CPU@91C PMIC@50C GPU@89.5C AO@91C thermal@88.5C POM_5V_IN 9358/5656 POM_5V_GPU 4691/1528 POM_5V_CPU 1537/1482
RAM 3232/3964MB (lfb 2x2MB) SWAP 1976/1982MB (cached 4MB) CPU [28%@1428,23%@1428,12%@1428,60%@1428] EMC_FREQ 0% GR3D_FREQ 98% PLL@83C CPU@91C PMIC@50C GPU@90C AO@92C thermal@88.5C POM_5V_IN 9439/5771 POM_5V_GPU 4691/1624 POM_5V_CPU 1577/1485
RAM 3232/3964MB (lfb 2x2MB) SWAP 1976/1982MB (cached 4MB) CPU [15%@1326,56%@1326,22%@1326,20%@1326] EMC_FREQ 0% GR3D_FREQ 98% PLL@83C CPU@91C PMIC@50C GPU@90.5C AO@92C thermal@90.75C POM_5V_IN 9520/5881 POM_5V_GPU 4691/1714 POM_5V_CPU 1658/1490
RAM 3232/3964MB (lfb 2x2MB) SWAP 1976/1982MB (cached 4MB) CPU [12%@1428,41%@1428,23%@1428,17%@1428] EMC_FREQ 0% GR3D_FREQ 98% PLL@84C CPU@92.5C PMIC@50C GPU@91C AO@92.5C thermal@90.75C POM_5V_IN 9763/5992 POM_5V_GPU 4691/1799 POM_5V_CPU 1901/1502
RAM 3232/3964MB (lfb 2x2MB) SWAP 1976/1982MB (cached 4MB) CPU [15%@1428,15%@1428,66%@1428,4%@1428] EMC_FREQ 0% GR3D_FREQ 98% PLL@84C CPU@93C PMIC@50C GPU@91.5C AO@93C thermal@90.75C POM_5V_IN 9682/6095 POM_5V_GPU 4732/1880 POM_5V_CPU 1779/1509
RAM 3232/3964MB (lfb 2x2MB) SWAP 1976/1982MB (cached 4MB) CPU [15%@1428,11%@1428,53%@1428,8%@1428] EMC_FREQ 0% GR3D_FREQ 98% PLL@84.5C CPU@93.5C PMIC@50C GPU@92C AO@93.5C thermal@90.75C POM_5V_IN 9803/6195 POM_5V_GPU 4772/1958 POM_5V_CPU 1860/1519
RAM 3232/3964MB (lfb 2x2MB) SWAP 1976/1982MB (cached 4MB) CPU [22%@1428,20%@1428,51%@1428,19%@1428] EMC_FREQ 0% GR3D_FREQ 99% PLL@85C CPU@94C PMIC@50C GPU@92.5C AO@93.5C thermal@90.75C POM_5V_IN 9965/6294 POM_5V_GPU 4772/2033 POM_5V_CPU 1981/1531
RAM 3232/3964MB (lfb 2x2MB) SWAP 1976/1982MB (cached 4MB) CPU [20%@1036,16%@1036,26%@1036,46%@1036] EMC_FREQ 0% GR3D_FREQ 98% PLL@85.5C CPU@94C PMIC@50C GPU@92.5C AO@93.5C thermal@93.25C POM_5V_IN 9722/6382 POM_5V_GPU 4772/2103 POM_5V_CPU 1779/1537
RAM 3232/3964MB (lfb 2x2MB) SWAP 1976/1982MB (cached 4MB) CPU [20%@825,37%@825,40%@825,16%@825] EMC_FREQ 0% GR3D_FREQ 98% PLL@86C CPU@94C PMIC@50C GPU@93C AO@94C thermal@93.25C POM_5V_IN 9763/6466 POM_5V_GPU 4813/2170 POM_5V_CPU 1779/1543
RAM 3232/3964MB (lfb 2x2MB) SWAP 1976/1982MB (cached 4MB) CPU [18%@1132,33%@1132,37%@1132,15%@1132] EMC_FREQ 0% GR3D_FREQ 98% PLL@86.5C CPU@94.5C PMIC@50C GPU@93C AO@94.5C thermal@93.25C POM_5V_IN 9803/6548 POM_5V_GPU 4813/2235 POM_5V_CPU 1779/1549
RAM 3232/3964MB (lfb 2x2MB) SWAP 1976/1982MB (cached 4MB) CPU [28%@1036,28%@1036,23%@1036,48%@1036] EMC_FREQ 0% GR3D_FREQ 98% PLL@86C CPU@95C PMIC@50C GPU@93.5C AO@95C thermal@93.25C POM_5V_IN 9803/6625 POM_5V_GPU 4813/2296 POM_5V_CPU 1820/1555
RAM 3232/3964MB (lfb 2x2MB) SWAP 1976/1982MB (cached 4MB) CPU [16%@1326,61%@1326,30%@1326,25%@1326] EMC_FREQ 0% GR3D_FREQ 98% PLL@87C CPU@95C PMIC@50C GPU@93.5C AO@95C thermal@94.25C POM_5V_IN 9844/6700 POM_5V_GPU 4813/2355 POM_5V_CPU 1779/1561
RAM 3232/3964MB (lfb 2x2MB) SWAP 1976/1982MB (cached 4MB) CPU [26%@1132,42%@1132,24%@1132,39%@1132] EMC_FREQ 0% GR3D_FREQ 98% PLL@86.5C CPU@95.5C PMIC@50C GPU@94C AO@95C thermal@94.25C POM_5V_IN 9803/6771 POM_5V_GPU 4853/2412 POM_5V_CPU 1779/1566
RAM 3232/3964MB (lfb 2x2MB) SWAP 1976/1982MB (cached 4MB) CPU [26%@825,25%@825,33%@825,19%@825] EMC_FREQ 0% GR3D_FREQ 98% PLL@87.5C CPU@96C PMIC@50C GPU@94C AO@95.5C thermal@94.25C POM_5V_IN 10006/6843 POM_5V_GPU 4853/2466 POM_5V_CPU 1901/1573
RAM 3232/3964MB (lfb 2x2MB) SWAP 1976/1982MB (cached 4MB) CPU [24%@921,24%@921,30%@921,40%@921] EMC_FREQ 0% GR3D_FREQ 98% PLL@87.5C CPU@96C PMIC@50C GPU@94.5C AO@96C thermal@94.25C POM_5V_IN 9925/6910 POM_5V_GPU 4853/2518 POM_5V_CPU 1860/1579
RAM 3232/3964MB (lfb 2x2MB) SWAP 1976/1982MB (cached 4MB) CPU [22%@825,48%@825,37%@825,28%@825] EMC_FREQ 0% GR3D_FREQ 98% PLL@87.5C CPU@96C PMIC@50C GPU@94C AO@96C thermal@95.25C POM_5V_IN 9925/6974 POM_5V_GPU 4894/2568 POM_5V_CPU 1860/1585
RAM 3232/3964MB (lfb 2x2MB) SWAP 1976/1982MB (cached 4MB) CPU [16%@825,50%@825,24%@825,26%@825] EMC_FREQ 0% GR3D_FREQ 98% PLL@87.5C CPU@96C PMIC@50C GPU@94.5C AO@96.5C thermal@95.25C POM_5V_IN 9925/7035 POM_5V_GPU 4894/2617 POM_5V_CPU 1820/1590
RAM 3232/3964MB (lfb 2x2MB) SWAP 1976/1982MB (cached 4MB) CPU [26%@921,28%@921,24%@921,42%@921] EMC_FREQ 0% GR3D_FREQ 98% PLL@87.5C CPU@96.5C PMIC@50C GPU@95C AO@96.5C thermal@95.25C POM_5V_IN 10006/7096 POM_5V_GPU 4894/2663 POM_5V_CPU 1901/1596
RAM 3232/3964MB (lfb 2x2MB) SWAP 1976/1982MB (cached 4MB) CPU [16%@1479,9%@1479,27%@1479,36%@1479] EMC_FREQ 0% GR3D_FREQ 98% PLL@88C CPU@97C PMIC@50C GPU@95C AO@96.5C thermal@95.25C POM_5V_IN 10209/7158 POM_5V_GPU 4894/2708 POM_5V_CPU 2022/1605
RAM 3232/3964MB (lfb 2x2MB) SWAP 1976/1982MB (cached 4MB) CPU [28%@1479,34%@1479,28%@1479,34%@1479] EMC_FREQ 0% GR3D_FREQ 98% PLL@88.5C CPU@97.5C PMIC@50C GPU@95.5C AO@97C thermal@95.25C POM_5V_IN 10395/7221 POM_5V_GPU 4894/2751 POM_5V_CPU 2224/1617
RAM 3232/3964MB (lfb 2x2MB) SWAP 1976/1982MB (cached 4MB) CPU [44%@1428,8%@1428,23%@1428,25%@1479] EMC_FREQ 0% GR3D_FREQ 98% PLL@88.5C CPU@97.5C PMIC@50C GPU@96C AO@97.5C thermal@96.25C POM_5V_IN 10168/7278 POM_5V_GPU 4934/2793 POM_5V_CPU 2022/1625
RAM 3232/3964MB (lfb 2x2MB) SWAP 1976/1982MB (cached 4MB) CPU [37%@614,12%@614,13%@614,59%@614] EMC_FREQ 0% GR3D_FREQ 98% PLL@88.5C CPU@97.5C PMIC@50C GPU@96C AO@97.5C thermal@96.25C POM_5V_IN 9925/7328 POM_5V_GPU 4934/2833 POM_5V_CPU 1739/1627
RAM 3232/3964MB (lfb 2x2MB) SWAP 1976/1982MB (cached 4MB) CPU [54%@1132,14%@1132,12%@1132,4%@1132] EMC_FREQ 0% GR3D_FREQ 98% PLL@89.5C CPU@98C PMIC@50C GPU@96.5C AO@97.5C thermal@96.25C POM_5V_IN 10087/7379 POM_5V_GPU 4934/2872 POM_5V_CPU 1901/1632
RAM 3232/3964MB (lfb 2x2MB) SWAP 1976/1982MB (cached 4MB) CPU [53%@1428,15%@1428,12%@1428,13%@1428] EMC_FREQ 0% GR3D_FREQ 98% PLL@89.5C CPU@98C PMIC@50C GPU@96.5C AO@98.5C thermal@96.25C POM_5V_IN 10233/7431 POM_5V_GPU 4975/2910 POM_5V_CPU 2022/1639
RAM 3232/3964MB (lfb 2x2MB) SWAP 1976/1982MB (cached 4MB) CPU [29%@1479,38%@1479,19%@1479,25%@1479] EMC_FREQ 0% GR3D_FREQ 98% PLL@89.5C CPU@98C PMIC@50C GPU@97C AO@98C thermal@97.5C POM_5V_IN 10128/7479 POM_5V_GPU 4975/2947 POM_5V_CPU 1901/1644
RAM 3232/3964MB (lfb 2x2MB) SWAP 1976/1982MB (cached 4MB) CPU [21%@1036,40%@1036,33%@1036,19%@1036] EMC_FREQ 0% GR3D_FREQ 98% PLL@89.5C CPU@98C PMIC@50C GPU@96.5C AO@98C thermal@97.5C POM_5V_IN 10087/7525 POM_5V_GPU 4975/2983 POM_5V_CPU 1860/1648
RAM 3232/3964MB (lfb 2x2MB) SWAP 1976/1982MB (cached 4MB) CPU [25%@1428,24%@1428,19%@1428,52%@1428] EMC_FREQ 0% GR3D_FREQ 99% PLL@89.5C CPU@98C PMIC@50C GPU@97C AO@98C thermal@97.5C POM_5V_IN 10006/7568 POM_5V_GPU 4975/3017 POM_5V_CPU 1820/1651
RAM 3232/3964MB (lfb 2x2MB) SWAP 1976/1982MB (cached 4MB) CPU [30%@1326,16%@1326,8%@1326,48%@1326] EMC_FREQ 0% GR3D_FREQ 98% PLL@89.5C CPU@98.5C PMIC@50C GPU@97C AO@98.5C thermal@97.5C POM_5V_IN 10046/7610 POM_5V_GPU 4975/3050 POM_5V_CPU 1779/1653
RAM 3232/3964MB (lfb 2x2MB) SWAP 1976/1982MB (cached 4MB) CPU [24%@921,15%@921,20%@921,44%@921] EMC_FREQ 0% GR3D_FREQ 99% PLL@90C CPU@99C PMIC@50C GPU@97.5C AO@98.5C thermal@98C POM_5V_IN 10168/7652 POM_5V_GPU 4975/3082 POM_5V_CPU 1901/1657
RAM 3232/3964MB (lfb 2x2MB) SWAP 1976/1982MB (cached 4MB) CPU [29%@921,46%@921,20%@921,20%@921] EMC_FREQ 0% GR3D_FREQ 99% PLL@90C CPU@98.5C PMIC@50C GPU@97C AO@98.5C thermal@98C POM_5V_IN 10006/7691 POM_5V_GPU 5015/3114 POM_5V_CPU 1779/1659
RAM 3232/3964MB (lfb 2x2MB) SWAP 1976/1982MB (cached 4MB) CPU [34%@1036,12%@1036,16%@1326,32%@1326] EMC_FREQ 0% GR3D_FREQ 98% PLL@90.5C CPU@98.5C PMIC@50C GPU@97.5C AO@98.5C thermal@98C POM_5V_IN 10046/7729 POM_5V_GPU 5015/3144 POM_5V_CPU 1779/1661
RAM 3232/3964MB (lfb 2x2MB) SWAP 1976/1982MB (cached 4MB) CPU [37%@1326,20%@1326,12%@1326,38%@1326] EMC_FREQ 0% GR3D_FREQ 98% PLL@90.5C CPU@99.5C PMIC@50C GPU@97.5C AO@99C thermal@98C POM_5V_IN 10046/7766 POM_5V_GPU 5015/3174 POM_5V_CPU 1779/1663
RAM 3232/3964MB (lfb 2x2MB) SWAP 1976/1982MB (cached 4MB) CPU [30%@710,26%@710,20%@710,37%@710] EMC_FREQ 0% GR3D_FREQ 99% PLL@90.5C CPU@99.5C PMIC@50C GPU@98C AO@99C thermal@98C POM_5V_IN 10192/7804 POM_5V_GPU 5015/3203 POM_5V_CPU 1860/1666
RAM 3232/3964MB (lfb 2x2MB) SWAP 1976/1982MB (cached 4MB) CPU [26%@825,38%@825,18%@825,38%@825] EMC_FREQ 0% GR3D_FREQ 98% PLL@90.5C CPU@100C PMIC@50C GPU@98C AO@99C thermal@98.75C POM_5V_IN 10112/7839 POM_5V_GPU 5015/3231 POM_5V_CPU 1860/1669
RAM 3232/3964MB (lfb 2x2MB) SWAP 1976/1982MB (cached 4MB) CPU [30%@1224,39%@1224,12%@1428,12%@1428] EMC_FREQ 0% GR3D_FREQ 98% PLL@90.5C CPU@100C PMIC@50C GPU@98.5C AO@99.5C thermal@98.75C POM_5V_IN 10128/7874 POM_5V_GPU 4813/3255 POM_5V_CPU 1981/1673
RAM 3232/3964MB (lfb 2x2MB) SWAP 1976/1982MB (cached 4MB) CPU [29%@1036,42%@1036,8%@1036,12%@1036] EMC_FREQ 0% GR3D_FREQ 98% PLL@90.5C CPU@98.5C PMIC@50C GPU@97C AO@99.5C thermal@98.75C POM_5V_IN 9236/7894 POM_5V_GPU 4213/3269 POM_5V_CPU 1782/1675
RAM 3232/3964MB (lfb 2x2MB) SWAP 1976/1982MB (cached 4MB) CPU [28%@1036,36%@1036,16%@1036,33%@1036] EMC_FREQ 0% GR3D_FREQ 98% PLL@90.5C CPU@99C PMIC@50C GPU@97.5C AO@99.5C thermal@98.75C POM_5V_IN 9722/7921 POM_5V_GPU 4530/3288 POM_5V_CPU 1901/1678
RAM 3232/3964MB (lfb 2x2MB) SWAP 1976/1982MB (cached 4MB) CPU [21%@825,29%@825,37%@825,42%@825] EMC_FREQ 0% GR3D_FREQ 98% PLL@91C CPU@99.5C PMIC@50C GPU@97.5C AO@99C thermal@97.75C POM_5V_IN 10087/7952 POM_5V_GPU 4975/3312 POM_5V_CPU 1860/1681
RAM 3232/3964MB (lfb 2x2MB) SWAP 1976/1982MB (cached 4MB) CPU [30%@1326,16%@1326,16%@1326,51%@1326] EMC_FREQ 0% GR3D_FREQ 98% PLL@90.5C CPU@99.5C PMIC@50C GPU@97.5C AO@99.5C thermal@97.75C POM_5V_IN 10233/7985 POM_5V_GPU 4934/3335 POM_5V_CPU 2103/1687
RAM 3232/3964MB (lfb 2x2MB) SWAP 1976/1982MB (cached 4MB) CPU [21%@1326,24%@1326,26%@1326,42%@1326] EMC_FREQ 0% GR3D_FREQ 99% PLL@90.5C CPU@99C PMIC@50C GPU@97.5C AO@99C thermal@97.75C POM_5V_IN 9722/8009 POM_5V_GPU 4732/3355 POM_5V_CPU 1779/1688
RAM 3232/3964MB (lfb 2x2MB) SWAP 1976/1982MB (cached 4MB) CPU [25%@1224,32%@1224,42%@1224,24%@710] EMC_FREQ 0% GR3D_FREQ 98% PLL@90.5C CPU@99C PMIC@50C GPU@97.5C AO@99C thermal@97.75C POM_5V_IN 9844/8035 POM_5V_GPU 4772/3375 POM_5V_CPU 1860/1691
RAM 3232/3964MB (lfb 2x2MB) SWAP 1976/1982MB (cached 4MB) CPU [38%@1132,23%@1132,12%@1132,30%@1132] EMC_FREQ 0% GR3D_FREQ 98% PLL@90.5C CPU@98.5C PMIC@50C GPU@97C AO@99.5C thermal@97.75C POM_5V_IN 9722/8058 POM_5V_GPU 4570/3391 POM_5V_CPU 1860/1693
RAM 3232/3964MB (lfb 2x2MB) SWAP 1976/1982MB (cached 4MB) CPU [21%@921,16%@921,30%@921,44%@921] EMC_FREQ 0% GR3D_FREQ 98% PLL@91C CPU@99C PMIC@50C GPU@97.5C AO@99.5C thermal@97.75C POM_5V_IN 9763/8081 POM_5V_GPU 4489/3406 POM_5V_CPU 1981/1697
RAM 3232/3964MB (lfb 2x2MB) SWAP 1976/1982MB (cached 4MB) CPU [30%@1326,15%@1326,22%@1326,57%@1326] EMC_FREQ 0% GR3D_FREQ 99% PLL@90.5C CPU@99C PMIC@50C GPU@97.5C AO@99.5C thermal@97.75C POM_5V_IN 9925/8106 POM_5V_GPU 4894/3426 POM_5V_CPU 1779/1698
RAM 3232/3964MB (lfb 1x2MB) SWAP 1976/1982MB (cached 4MB) CPU [28%@518,36%@518,25%@518,30%@518] EMC_FREQ 0% GR3D_FREQ 99% PLL@90.5C CPU@98.5C PMIC@50C GPU@97.5C AO@99.5C thermal@97.75C POM_5V_IN 9398/8123 POM_5V_GPU 4247/3436 POM_5V_CPU 1820/1700
RAM 3232/3964MB (lfb 1x2MB) SWAP 1976/1982MB (cached 4MB) CPU [28%@1036,19%@1036,56%@1036,20%@1036] EMC_FREQ 0% GR3D_FREQ 98% PLL@90.5C CPU@99.5C PMIC@50C GPU@97.5C AO@99.5C thermal@97.75C POM_5V_IN 9763/8144 POM_5V_GPU 4570/3451 POM_5V_CPU 1901/1702
RAM 3233/3964MB (lfb 1x2MB) SWAP 1976/1982MB (cached 4MB) CPU [20%@1224,40%@1224,37%@1224,16%@1224] EMC_FREQ 0% GR3D_FREQ 99% PLL@91C CPU@99.5C PMIC@50C GPU@98C AO@99C thermal@98C POM_5V_IN 10046/8168 POM_5V_GPU 4691/3467 POM_5V_CPU 1981/1706
RAM 3233/3964MB (lfb 1x2MB) SWAP 1976/1982MB (cached 4MB) CPU [28%@1132,12%@1132,61%@1132,22%@1132] EMC_FREQ 0% GR3D_FREQ 98% PLL@90.5C CPU@98.5C PMIC@50C GPU@97.5C AO@99C thermal@98C POM_5V_IN 9439/8184 POM_5V_GPU 4449/3479 POM_5V_CPU 1779/1707
RAM 3233/3964MB (lfb 1x2MB) SWAP 1976/1982MB (cached 4MB) CPU [33%@921,26%@921,25%@921,30%@921] EMC_FREQ 0% GR3D_FREQ 98% PLL@91C CPU@99.5C PMIC@50C GPU@97.5C AO@99.5C thermal@98C POM_5V_IN 10087/8208 POM_5V_GPU 4975/3498 POM_5V_CPU 1820/1708
RAM 3233/3964MB (lfb 1x2MB) SWAP 1976/1982MB (cached 4MB) CPU [32%@921,32%@921,22%@921,40%@921] EMC_FREQ 0% GR3D_FREQ 98% PLL@91C CPU@98.5C PMIC@50C GPU@97.5C AO@99.5C thermal@98C POM_5V_IN 9277/8221 POM_5V_GPU 4253/3507 POM_5V_CPU 1742/1708
RAM 3233/3964MB (lfb 1x2MB) SWAP 1976/1982MB (cached 4MB) CPU [30%@921,32%@921,38%@921,21%@921] EMC_FREQ 0% GR3D_FREQ 99% PLL@91C CPU@99C PMIC@50C GPU@97.5C AO@99.5C thermal@98.25C POM_5V_IN 9479/8237 POM_5V_GPU 4287/3517 POM_5V_CPU 1901/1711
RAM 3233/3964MB (lfb 1x1MB) SWAP 1976/1982MB (cached 4MB) CPU [35%@825,20%@825,48%@825,23%@825] EMC_FREQ 0% GR3D_FREQ 98% PLL@91.5C CPU@99.5C PMIC@50C GPU@97.5C AO@99.5C thermal@98.25C POM_5V_IN 9601/8253 POM_5V_GPU 4408/3528 POM_5V_CPU 1901/1713
RAM 3233/3964MB (lfb 1x1MB) SWAP 1976/1982MB (cached 4MB) CPU [26%@921,33%@921,14%@921,37%@921] EMC_FREQ 0% GR3D_FREQ 98% PLL@91C CPU@98.5C PMIC@50C GPU@97.5C AO@99.5C thermal@98.25C POM_5V_IN 9601/8269 POM_5V_GPU 4449/3539 POM_5V_CPU 1901/1715
RAM 3234/3964MB (lfb 1x1MB) SWAP 1976/1982MB (cached 4MB) CPU [21%@825,20%@825,28%@825,48%@825] EMC_FREQ 0% GR3D_FREQ 99% PLL@91.5C CPU@99C PMIC@50C GPU@97.5C AO@99.5C thermal@98.25C POM_5V_IN 9358/8282 POM_5V_GPU 4287/3547 POM_5V_CPU 1860/1717
RAM 3234/3964MB (lfb 1x1MB) SWAP 1976/1982MB (cached 4MB) CPU [48%@1326,20%@1326,15%@1326,34%@1326] EMC_FREQ 0% GR3D_FREQ 98% PLL@90.5C CPU@98.5C PMIC@50C GPU@97C AO@99.5C thermal@97.75C POM_5V_IN 9682/8298 POM_5V_GPU 4530/3559 POM_5V_CPU 1820/1718
RAM 3234/3964MB (lfb 1x1MB) SWAP 1976/1982MB (cached 4MB) CPU [37%@1326,32%@1326,16%@1326,20%@1326] EMC_FREQ 0% GR3D_FREQ 98% PLL@91C CPU@99C PMIC@50C GPU@97.5C AO@100C thermal@97.75C POM_5V_IN 9479/8312 POM_5V_GPU 4327/3568 POM_5V_CPU 1901/1720
RAM 3234/3964MB (lfb 1x1MB) SWAP 1976/1982MB (cached 4MB) CPU [30%@1224,15%@1224,25%@1224,62%@1224] EMC_FREQ 0% GR3D_FREQ 98% PLL@90.5C CPU@99C PMIC@50C GPU@97.5C AO@99.5C thermal@97.75C POM_5V_IN 9398/8324 POM_5V_GPU 4247/3575 POM_5V_CPU 1860/1722
RAM 3234/3964MB (lfb 1x1MB) SWAP 1976/1982MB (cached 4MB) CPU [33%@1224,30%@1224,36%@1224,29%@1224] EMC_FREQ 0% GR3D_FREQ 99% PLL@91C CPU@99.5C PMIC@50C GPU@98C AO@99.5C thermal@97.75C POM_5V_IN 9722/8340 POM_5V_GPU 4530/3586 POM_5V_CPU 1901/1724
RAM 3234/3964MB (lfb 1x1MB) SWAP 1976/1982MB (cached 4MB) CPU [29%@710,29%@710,29%@710,28%@710] EMC_FREQ 0% GR3D_FREQ 98% PLL@91C CPU@99.5C PMIC@50C GPU@97.5C AO@99.5C thermal@97.75C POM_5V_IN 9398/8352 POM_5V_GPU 4368/3595 POM_5V_CPU 1820/1725
RAM 3234/3964MB (lfb 1x1MB) SWAP 1976/1982MB (cached 4MB) CPU [21%@710,36%@710,26%@710,16%@710] EMC_FREQ 0% GR3D_FREQ 98% PLL@90.5C CPU@98.5C PMIC@50C GPU@97.5C AO@99.5C thermal@98C POM_5V_IN 9196/8361 POM_5V_GPU 4253/3602 POM_5V_CPU 1739/1725
RAM 3234/3964MB (lfb 1x1MB) SWAP 1976/1982MB (cached 4MB) CPU [28%@1036,41%@1036,20%@1036,20%@1036] EMC_FREQ 0% GR3D_FREQ 98% PLL@90.5C CPU@99C PMIC@50C GPU@97.5C AO@99.5C thermal@98C POM_5V_IN 9803/8376 POM_5V_GPU 4772/3615 POM_5V_CPU 1820/1726
RAM 3234/3964MB (lfb 1x1MB) SWAP 1976/1982MB (cached 4MB) CPU [42%@825,12%@825,26%@825,26%@825] EMC_FREQ 0% GR3D_FREQ 98% PLL@91C CPU@99C PMIC@50C GPU@97.5C AO@99.5C thermal@98C POM_5V_IN 9398/8387 POM_5V_GPU 4408/3623 POM_5V_CPU 1739/1726
RAM 3234/3964MB (lfb 1x1MB) SWAP 1976/1982MB (cached 4MB) CPU [16%@1132,26%@1132,53%@1132,24%@1132] EMC_FREQ 0% GR3D_FREQ 98% PLL@90.5C CPU@99.5C PMIC@50C GPU@97.5C AO@99.5C thermal@98C POM_5V_IN 9236/8396 POM_5V_GPU 4253/3630 POM_5V_CPU 1782/1727
RAM 3229/3964MB (lfb 1x1MB) SWAP 1976/1982MB (cached 4MB) CPU [21%@1036,23%@1036,45%@1036,4%@1036] EMC_FREQ 0% GR3D_FREQ 98% PLL@90.5C CPU@99C PMIC@50C GPU@97.5C AO@99.5C thermal@98.25C POM_5V_IN 9155/8404 POM_5V_GPU 4213/3636 POM_5V_CPU 1701/1727
RAM 3229/3964MB (lfb 1x1MB) SWAP 1976/1982MB (cached 4MB) CPU [12%@1224,60%@1224,12%@1224,18%@1224] EMC_FREQ 0% GR3D_FREQ 99% PLL@90.5C CPU@99C PMIC@50C GPU@97.5C AO@99.5C thermal@98.25C POM_5V_IN 9884/8420 POM_5V_GPU 5015/3650 POM_5V_CPU 1617/1725
RAM 3229/3964MB (lfb 1x1MB) SWAP 1976/1982MB (cached 4MB) CPU [8%@1036,43%@1036,16%@1036,26%@1036] EMC_FREQ 0% GR3D_FREQ 98% PLL@90.5C CPU@99C PMIC@50C GPU@97C AO@99.5C thermal@98.25C POM_5V_IN 9277/8429 POM_5V_GPU 4247/3657 POM_5V_CPU 1701/1725
RAM 3228/3964MB (lfb 1x1MB) SWAP 1976/1982MB (cached 4MB) CPU [16%@710,50%@710,24%@710,26%@710] EMC_FREQ 0% GR3D_FREQ 98% PLL@90.5C CPU@98.5C PMIC@50C GPU@97C AO@99.5C thermal@98.25C POM_5V_IN 9317/8438 POM_5V_GPU 4206/3662 POM_5V_CPU 1820/1726
RAM 3228/3964MB (lfb 1x1MB) SWAP 1976/1982MB (cached 4MB) CPU [22%@921,34%@921,38%@921,40%@921] EMC_FREQ 0% GR3D_FREQ 98% PLL@90.5C CPU@98.5C PMIC@50C GPU@97C AO@99.5C thermal@98.25C POM_5V_IN 9236/8446 POM_5V_GPU 4253/3668 POM_5V_CPU 1782/1727
RAM 3228/3964MB (lfb 1x1MB) SWAP 1976/1982MB (cached 4MB) CPU [16%@1036,26%@1036,30%@1036,48%@1036] EMC_FREQ 0% GR3D_FREQ 98% PLL@90C CPU@98.5C PMIC@50C GPU@97C AO@99.5C thermal@97.75C POM_5V_IN 9196/8453 POM_5V_GPU 4213/3674 POM_5V_CPU 1701/1726
RAM 3228/3964MB (lfb 1x1MB) SWAP 1976/1982MB (cached 4MB) CPU [16%@1224,37%@1224,16%@1224,25%@1224] EMC_FREQ 0% GR3D_FREQ 98% PLL@90.5C CPU@98C PMIC@50C GPU@97C AO@99.5C thermal@97.75C POM_5V_IN 9196/8461 POM_5V_GPU 4213/3679 POM_5V_CPU 1742/1727
RAM 3228/3964MB (lfb 1x1MB) SWAP 1976/1982MB (cached 4MB) CPU [26%@825,50%@825,18%@825,16%@825] EMC_FREQ 0% GR3D_FREQ 98% PLL@90.5C CPU@98C PMIC@50C GPU@97C AO@99C thermal@97.75C POM_5V_IN 9034/8466 POM_5V_GPU 4213/3684 POM_5V_CPU 1620/1726
RAM 3228/3964MB (lfb 1x1MB) SWAP 1976/1982MB (cached 4MB) CPU [11%@825,34%@825,37%@825,8%@825] EMC_FREQ 0% GR3D_FREQ 98% PLL@90.5C CPU@98C PMIC@50C GPU@97C AO@99C thermal@97.75C POM_5V_IN 9074/8472 POM_5V_GPU 4213/3689 POM_5V_CPU 1660/1725
RAM 3228/3964MB (lfb 1x1MB) SWAP 1976/1982MB (cached 4MB) CPU [16%@1132,34%@1132,34%@1132,46%@1132] EMC_FREQ 0% GR3D_FREQ 98% PLL@90.5C CPU@98.5C PMIC@50C GPU@97C AO@99.5C thermal@97.25C POM_5V_IN 9115/8478 POM_5V_GPU 4213/3694 POM_5V_CPU 1701/1725
RAM 3228/3964MB (lfb 1x1MB) SWAP 1976/1982MB (cached 4MB) CPU [16%@1132,21%@1132,38%@1132,24%@1132] EMC_FREQ 0% GR3D_FREQ 70% PLL@90.5C CPU@98.5C PMIC@50C GPU@96.5C AO@99.5C thermal@97.25C POM_5V_IN 8520/8479 POM_5V_GPU 3646/3694 POM_5V_CPU 1660/1724
RAM 3219/3964MB (lfb 1x1MB) SWAP 1976/1982MB (cached 4MB) CPU [100%@1224,7%@1224,4%@1224,7%@1224] EMC_FREQ 0% GR3D_FREQ 0% PLL@88C CPU@92.5C PMIC@50C GPU@91C AO@98C thermal@97.25C POM_5V_IN 4321/8439 POM_5V_GPU 489/3664 POM_5V_CPU 1099/1718
RAM 2595/3964MB (lfb 1x2MB) SWAP 1976/1982MB (cached 4MB) CPU [44%@1224,4%@1224,4%@1224,65%@1224] EMC_FREQ 0% GR3D_FREQ 0% PLL@87C CPU@89.5C PMIC@50C GPU@89C AO@95.5C thermal@97.25C POM_5V_IN 4402/8402 POM_5V_GPU 488/3634 POM_5V_CPU 1180/1713
RAM 2595/3964MB (lfb 1x2MB) SWAP 1976/1982MB (cached 4MB) CPU [19%@204,0%@204,7%@204,3%@204] EMC_FREQ 0% GR3D_FREQ 0% PLL@84.5C CPU@87.5C PMIC@50C GPU@87.5C AO@94C thermal@88C POM_5V_IN 3465/8356 POM_5V_GPU 407/3604 POM_5V_CPU 529/1702
RAM 2595/3964MB (lfb 1x2MB) SWAP 1976/1982MB (cached 4MB) CPU [12%@1224,11%@1224,19%@1224,15%@1224] EMC_FREQ 0% GR3D_FREQ 0% PLL@83C CPU@85.5C PMIC@50C GPU@86C AO@92.5C thermal@88C POM_5V_IN 3628/8313 POM_5V_GPU 407/3575 POM_5V_CPU 774/1694
RAM 2594/3964MB (lfb 1x2MB) SWAP 1976/1982MB (cached 4MB) CPU [15%@204,4%@204,0%@204,7%@204] EMC_FREQ 0% GR3D_FREQ 0% PLL@81.5C CPU@85C PMIC@50C GPU@85.5C AO@91.5C thermal@88C POM_5V_IN 3465/8269 POM_5V_GPU 489/3547 POM_5V_CPU 489/1683
