RAM 2599/3964MB (lfb 1x2MB) SWAP 1976/1982MB (cached 4MB) CPU [60%@403,7%@403,3%@403,0%@403] EMC_FREQ 0% GR3D_FREQ 0% PLL@80.5C CPU@84C PMIC@50C GPU@83.5C AO@90.5C thermal@88C POM_5V_IN 3546/3546 POM_5V_GPU 448/448 POM_5V_CPU 652/652
RAM 2599/3964MB (lfb 1x2MB) SWAP 1976/1982MB (cached 4MB) CPU [22%@204,8%@204,8%@204,17%@204] EMC_FREQ 0% GR3D_FREQ 0% PLL@79.5C CPU@83.5C PMIC@50C GPU@82.5C AO@89.5C thermal@83.5C POM_5V_IN 3709/3627 POM_5V_GPU 570/509 POM_5V_CPU 652/652
RAM 2599/3964MB (lfb 1x2MB) SWAP 1976/1982MB (cached 4MB) CPU [20%@204,4%@204,7%@204,0%@204] EMC_FREQ 0% GR3D_FREQ 0% PLL@78.5C CPU@82.5C PMIC@50C GPU@82C AO@88.5C thermal@83.5C POM_5V_IN 3383/3546 POM_5V_GPU 407/475 POM_5V_CPU 489/597
RAM 2599/3964MB (lfb 1x2MB) SWAP 1976/1982MB (cached 4MB) CPU [19%@204,14%@204,4%@204,4%@204] EMC_FREQ 0% GR3D_FREQ 0% PLL@78C CPU@81.5C PMIC@50C GPU@81.5C AO@88C thermal@83.5C POM_5V_IN 3383/3505 POM_5V_GPU 407/458 POM_5V_CPU 529/580
RAM 2599/3964MB (lfb 1x2MB) SWAP 1976/1982MB (cached 4MB) CPU [16%@204,0%@204,4%@204,7%@204] EMC_FREQ 0% GR3D_FREQ 0% PLL@77.5C CPU@81C PMIC@50C GPU@81C AO@87.5C thermal@83.5C POM_5V_IN 3342/3472 POM_5V_GPU 407/447 POM_5V_CPU 529/570
RAM 2599/3964MB (lfb 1x2MB) SWAP 1976/1982MB (cached 4MB) CPU [20%@204,4%@204,14%@204,18%@204] EMC_FREQ 0% GR3D_FREQ 0% PLL@77C CPU@80.5C PMIC@50C GPU@80.5C AO@87C thermal@80.5C POM_5V_IN 3546/3484 POM_5V_GPU 407/441 POM_5V_CPU 611/577
RAM 2599/3964MB (lfb 1x2MB) SWAP 1976/1982MB (cached 4MB) CPU [12%@204,7%@204,11%@204,3%@204] EMC_FREQ 0% GR3D_FREQ 0% PLL@76.5C CPU@80C PMIC@50C GPU@80C AO@86.5C thermal@80.5C POM_5V_IN 3383/3470 POM_5V_GPU 407/436 POM_5V_CPU 489/564
RAM 2632/3964MB (lfb 4x1MB) SWAP 1976/1982MB (cached 4MB) CPU [16%@1326,11%@1326,40%@1326,12%@1326] EMC_FREQ 0% GR3D_FREQ 0% PLL@76.5C CPU@80C PMIC@50C GPU@80C AO@86C thermal@80.5C POM_5V_IN 4036/3541 POM_5V_GPU 407/432 POM_5V_CPU 1139/636
RAM 2664/3964MB (lfb 4x1MB) SWAP 1976/1982MB (cached 4MB) CPU [62%@1326,8%@1326,30%@1326,8%@1326] EMC_FREQ 0% GR3D_FREQ 2% PLL@77.5C CPU@83C PMIC@50C GPU@80C AO@87C thermal@80.5C POM_5V_IN 4884/3690 POM_5V_GPU 773/470 POM_5V_CPU 1587/741
RAM 2704/3964MB (lfb 4x1MB) SWAP 1976/1982MB (cached 4MB) CPU [69%@1326,15%@1326,20%@1326,38%@1326] EMC_FREQ 0% GR3D_FREQ 1% PLL@78.5C CPU@82C PMIC@50C GPU@80.5C AO@87C thermal@82.25C POM_5V_IN 5088/3830 POM_5V_GPU 895/512 POM_5V_CPU 1668/834
RAM 2751/3964MB (lfb 4x1MB) SWAP 1976/1982MB (cached 4MB) CPU [19%@1428,11%@1428,100%@1428,11%@1428] EMC_FREQ 0% GR3D_FREQ 4% PLL@78.5C CPU@83C PMIC@50C GPU@80.5C AO@87C thermal@82.25C POM_5V_IN 4965/3933 POM_5V_GPU 529/514 POM_5V_CPU 1913/932
RAM 2793/3964MB (lfb 4x1MB) SWAP 1976/1982MB (cached 4MB) CPU [20%@1428,8%@1428,100%@1428,0%@1428] EMC_FREQ 0% GR3D_FREQ 22% PLL@78.5C CPU@83.5C PMIC@50C GPU@80.5C AO@87C thermal@82.25C POM_5V_IN 5169/4036 POM_5V_GPU 488/512 POM_5V_CPU 2153/1034
RAM 2836/3964MB (lfb 4x1MB) SWAP 1976/1982MB (cached 4MB) CPU [12%@1428,7%@1428,96%@1428,7%@1428] EMC_FREQ 0% GR3D_FREQ 6% PLL@78C CPU@82C PMIC@50C GPU@80C AO@86.5C thermal@82.25C POM_5V_IN 4803/4095 POM_5V_GPU 366/500 POM_5V_CPU 1913/1101
RAM 2860/3964MB (lfb 4x1MB) SWAP 1976/1982MB (cached 4MB) CPU [23%@1428,8%@1428,100%@1428,15%@1428] EMC_FREQ 0% GR3D_FREQ 15% PLL@78C CPU@82C PMIC@50C GPU@80C AO@87C thermal@81C POM_5V_IN 4925/4154 POM_5V_GPU 447/497 POM_5V_CPU 1953/1162
RAM 2909/3964MB (lfb 4x1MB) SWAP 1976/1982MB (cached 4MB) CPU [24%@1428,12%@1428,96%@1428,8%@1428] EMC_FREQ 0% GR3D_FREQ 13% PLL@78C CPU@82C PMIC@50C GPU@80C AO@86.5C thermal@81C POM_5V_IN 4803/4197 POM_5V_GPU 366/488 POM_5V_CPU 1913/1212
RAM 2943/3964MB (lfb 4x1MB) SWAP 1976/1982MB (cached 4MB) CPU [25%@1428,15%@1428,96%@1428,8%@1428] EMC_FREQ 0% GR3D_FREQ 10% PLL@78C CPU@82C PMIC@50C GPU@80C AO@87C thermal@81C POM_5V_IN 4843/4238 POM_5V_GPU 407/483 POM_5V_CPU 1913/1256
RAM 2998/3964MB (lfb 4x1MB) SWAP 1976/1982MB (cached 4MB) CPU [15%@1428,8%@1428,100%@1428,8%@1428] EMC_FREQ 0% GR3D_FREQ 10% PLL@77.5C CPU@81.5C PMIC@50C GPU@79.5C AO@86.5C thermal@81C POM_5V_IN 4721/4266 POM_5V_GPU 366/476 POM_5V_CPU 1831/1290
RAM 3034/3964MB (lfb 4x1MB) SWAP 1976/1982MB (cached 4MB) CPU [22%@1428,15%@1428,96%@1428,25%@1428] EMC_FREQ 0% GR3D_FREQ 30% PLL@78C CPU@82.5C PMIC@50C GPU@79.5C AO@86.5C thermal@81C POM_5V_IN 5128/4314 POM_5V_GPU 488/476 POM_5V_CPU 2194/1340
RAM 3064/3964MB (lfb 4x1MB) SWAP 1976/1982MB (cached 4MB) CPU [22%@1428,8%@1428,60%@1428,45%@1428] EMC_FREQ 0% GR3D_FREQ 21% PLL@77.5C CPU@81.5C PMIC@50C GPU@79C AO@86C thermal@80.25C POM_5V_IN 4803/4340 POM_5V_GPU 407/473 POM_5V_CPU 1913/1370
RAM 3096/3964MB (lfb 4x1MB) SWAP 1976/1982MB (cached 4MB) CPU [28%@1428,15%@1428,37%@1428,65%@1428] EMC_FREQ 0% GR3D_FREQ 37% PLL@78C CPU@81C PMIC@50C GPU@78.5C AO@86C thermal@80.25C POM_5V_IN 4762/4361 POM_5V_GPU 407/469 POM_5V_CPU 1872/1395
RAM 3150/3964MB (lfb 4x1MB) SWAP 1976/1982MB (cached 4MB) CPU [16%@1479,11%@1479,12%@1479,96%@1479] EMC_FREQ 0% GR3D_FREQ 32% PLL@77.5C CPU@81C PMIC@50C GPU@78.5C AO@85.5C thermal@80.25C POM_5V_IN 4884/4386 POM_5V_GPU 407/466 POM_5V_CPU 2032/1425
RAM 3174/3964MB (lfb 4x1MB) SWAP 1976/1982MB (cached 4MB) CPU [28%@1479,12%@1479,4%@1479,95%@1479] EMC_FREQ 0% GR3D_FREQ 3% PLL@78C CPU@80.5C PMIC@50C GPU@78.5C AO@85.5C thermal@80.25C POM_5V_IN 4680/4399 POM_5V_GPU 325/460 POM_5V_CPU 1913/1448
RAM 3212/3964MB (lfb 4x1MB) SWAP 1976/1982MB (cached 4MB) CPU [17%@1479,12%@1479,12%@1479,92%@1479] EMC_FREQ 0% GR3D_FREQ 25% PLL@78C CPU@80.5C PMIC@50C GPU@78.5C AO@85.5C thermal@79.5C POM_5V_IN 4925/4422 POM_5V_GPU 366/456 POM_5V_CPU 2075/1475
RAM 3229/3964MB (lfb 4x256kB) SWAP 1976/1982MB (cached 4MB) CPU [24%@825,8%@825,25%@825,85%@825] EMC_FREQ 0% GR3D_FREQ 99% PLL@77.5C CPU@80.5C PMIC@50C GPU@78.5C AO@85.5C thermal@79.5C POM_5V_IN 4762/4436 POM_5V_GPU 529/459 POM_5V_CPU 1628/1481
RAM 3229/3964MB (lfb 4x256kB) SWAP 1976/1982MB (cached 4MB) CPU [33%@1326,12%@1326,4%@1326,7%@1428] EMC_FREQ 0% GR3D_FREQ 99% PLL@76.5C CPU@81.5C PMIC@50C GPU@81C AO@85.5C thermal@79.5C POM_5V_IN 8399/4594 POM_5V_GPU 3970/599 POM_5V_CPU 1417/1479
RAM 3230/3964MB (lfb 4x256kB) SWAP 1976/1982MB (cached 4MB) CPU [26%@921,12%@921,12%@921,48%@921] EMC_FREQ 0% GR3D_FREQ 99% PLL@78C CPU@85.5C PMIC@50C GPU@84.5C AO@86.5C thermal@79.5C POM_5V_IN 9479/4782 POM_5V_GPU 4894/765 POM_5V_CPU 1294/1472
RAM 3230/3964MB (lfb 4x256kB) SWAP 1976/1982MB (cached 4MB) CPU [25%@518,15%@518,16%@518,46%@710] EMC_FREQ 0% GR3D_FREQ 99% PLL@79C CPU@87.5C PMIC@50C GPU@86.5C AO@88C thermal@87C POM_5V_IN 9601/4961 POM_5V_GPU 4975/920 POM_5V_CPU 1375/1468
RAM 3230/3964MB (lfb 4x256kB) SWAP 1976/1982MB (cached 4MB) CPU [32%@825,8%@825,28%@825,41%@825] EMC_FREQ 0% GR3D_FREQ 99% PLL@80C CPU@88.5C PMIC@50C GPU@87.5C AO@89C thermal@87C POM_5V_IN 9641/5128 POM_5V_GPU 5056/1068 POM_5V_CPU 1334/1463
RAM 3230/3964MB (lfb 4x256kB) SWAP 1976/1982MB (cached 4MB) CPU [21%@825,50%@825,19%@825,24%@825] EMC_FREQ 0% GR3D_FREQ 98% PLL@81C CPU@89C PMIC@50C GPU@88.5C AO@89.5C thermal@87C POM_5V_IN 9803/5289 POM_5V_GPU 5056/1206 POM_5V_CPU 1415/1461
RAM 3230/3964MB (lfb 4x256kB) SWAP 1976/1982MB (cached 4MB) CPU [25%@403,52%@403,12%@403,16%@403] EMC_FREQ 0% GR3D_FREQ 99% PLL@81.5C CPU@90C PMIC@50C GPU@89.5C AO@90.5C thermal@87C POM_5V_IN 9763/5438 POM_5V_GPU 5136/1337 POM_5V_CPU 1375/1459
RAM 3230/3964MB (lfb 4x256kB) SWAP 1976/1982MB (cached 4MB) CPU [33%@825,44%@825,16%@825,32%@825] EMC_FREQ 0% GR3D_FREQ 99% PLL@82.5C CPU@91.5C PMIC@50C GPU@90C AO@91C thermal@87C POM_5V_IN 10128/5589 POM_5V_GPU 5136/1459 POM_5V_CPU 1617/1464
RAM 3230/3964MB (lfb 4x256kB) SWAP 1976/1982MB (cached 4MB) CPU [34%@921,13%@921,19%@921,25%@921] EMC_FREQ 0% GR3D_FREQ 99% PLL@83C CPU@91.5C PMIC@50C GPU@90.5C AO@91.5C thermal@90.5C POM_5V_IN 9884/5724 POM_5V_GPU 5177/1575 POM_5V_CPU 1375/1461
RAM 3230/3964MB (lfb 4x256kB) SWAP 1976/1982MB (cached 4MB) CPU [28%@825,46%@825,8%@825,23%@825] EMC_FREQ 0% GR3D_FREQ 99% PLL@83.5C CPU@92.5C PMIC@50C GPU@91C AO@92C thermal@90.5C POM_5V_IN 10046/5855 POM_5V_GPU 5136/1683 POM_5V_CPU 1496/1462
RAM 3230/3964MB (lfb 4x256kB) SWAP 1976/1982MB (cached 4MB) CPU [24%@518,8%@518,8%@518,56%@518] EMC_FREQ 0% GR3D_FREQ 99% PLL@83.5C CPU@93C PMIC@50C GPU@91.5C AO@92C thermal@90.5C POM_5V_IN 9965/5975 POM_5V_GPU 5217/1787 POM_5V_CPU 1415/1461
RAM 3230/3964MB (lfb 4x256kB) SWAP 1976/1982MB (cached 4MB) CPU [33%@921,12%@921,8%@921,53%@921] EMC_FREQ 0% GR3D_FREQ 99% PLL@84C CPU@93.5C PMIC@50C GPU@92C AO@93C thermal@90.5C POM_5V_IN 10006/6091 POM_5V_GPU 5258/1886 POM_5V_CPU 1456/1460
RAM 3230/3964MB (lfb 4x256kB) SWAP 1976/1982MB (cached 4MB) CPU [28%@403,11%@403,19%@403,52%@403] EMC_FREQ 0% GR3D_FREQ 99% PLL@84.5C CPU@94C PMIC@50C GPU@92.5C AO@93C thermal@93C POM_5V_IN 10087/6202 POM_5V_GPU 5258/1980 POM_5V_CPU 1456/1460
RAM 3230/3964MB (lfb 4x256kB) SWAP 1976/1982MB (cached 4MB) CPU [20%@710,25%@710,16%@710,48%@710] EMC_FREQ 0% GR3D_FREQ 99% PLL@85C CPU@94.5C PMIC@50C GPU@92.5C AO@93.5C thermal@93C POM_5V_IN 10233/6311 POM_5V_GPU 5258/2069 POM_5V_CPU 1617/1464
RAM 3230/3964MB (lfb 4x256kB) SWAP 1976/1982MB (cached 4MB) CPU [29%@825,37%@825,4%@825,30%@825] EMC_FREQ 0% GR3D_FREQ 99% PLL@85.5C CPU@94.5C PMIC@50C GPU@93C AO@93.5C thermal@93C POM_5V_IN 10128/6411 POM_5V_GPU 5298/2153 POM_5V_CPU 1456/1464
RAM 3230/3964MB (lfb 4x256kB) SWAP 1976/1982MB (cached 4MB) CPU [29%@614,30%@614,24%@614,45%@614] EMC_FREQ 0% GR3D_FREQ 99% PLL@85.5C CPU@94.5C PMIC@50C GPU@94C AO@94.5C thermal@93C POM_5V_IN 10192/6508 POM_5V_GPU 5339/2235 POM_5V_CPU 1496/1465
RAM 3230/3964MB (lfb 4x256kB) SWAP 1976/1982MB (cached 4MB) CPU [34%@825,50%@825,12%@825,20%@825] EMC_FREQ 0% GR3D_FREQ 99% PLL@86C CPU@95C PMIC@50C GPU@94C AO@95C thermal@93C POM_5V_IN 10233/6601 POM_5V_GPU 5298/2312 POM_5V_CPU 1537/1467
RAM 3230/3964MB (lfb 4x256kB) SWAP 1976/1982MB (cached 4MB) CPU [33%@614,52%@614,15%@825,21%@825] EMC_FREQ 0% GR3D_FREQ 99% PLL@86.5C CPU@96C PMIC@50C GPU@94C AO@95C thermal@94.5C POM_5V_IN 10314/6692 POM_5V_GPU 5298/2385 POM_5V_CPU 1617/1470
RAM 3230/3964MB (lfb 4x256kB) SWAP 1976/1982MB (cached 4MB) CPU [21%@710,32%@710,0%@710,46%@710] EMC_FREQ 0% GR3D_FREQ 99% PLL@87C CPU@96C PMIC@50C GPU@94.5C AO@95.5C thermal@94.5C POM_5V_IN 10273/6777 POM_5V_GPU 5379/2456 POM_5V_CPU 1577/1473
RAM 3230/3964MB (lfb 4x256kB) SWAP 1976/1982MB (cached 4MB) CPU [28%@825,38%@825,23%@825,16%@825] EMC_FREQ 0% GR3D_FREQ 99% PLL@87C CPU@96.5C PMIC@50C GPU@95C AO@96C thermal@94.5C POM_5V_IN 10395/6861 POM_5V_GPU 5339/2523 POM_5V_CPU 1577/1475
RAM 3230/3964MB (lfb 4x256kB) SWAP 1976/1982MB (cached 4MB) CPU [28%@1224,30%@1224,16%@1224,44%@1224] EMC_FREQ 0% GR3D_FREQ 99% PLL@87C CPU@96.5C PMIC@50C GPU@95C AO@96C thermal@94.5C POM_5V_IN 10435/6942 POM_5V_GPU 5339/2587 POM_5V_CPU 1658/1480
RAM 3230/3964MB (lfb 4x256kB) SWAP 1976/1982MB (cached 4MB) CPU [36%@1479,26%@1479,24%@1479,18%@1479] EMC_FREQ 0% GR3D_FREQ 99% PLL@87.5C CPU@97.5C PMIC@50C GPU@95.5C AO@96.5C thermal@96.25C POM_5V_IN 10435/7020 POM_5V_GPU 5379/2649 POM_5V_CPU 1698/1484
RAM 3230/3964MB (lfb 4x256kB) SWAP 1976/1982MB (cached 4MB) CPU [19%@1428,53%@1428,16%@1428,12%@1428] EMC_FREQ 0% GR3D_FREQ 99% PLL@88C CPU@97C PMIC@50C GPU@96C AO@96.5C thermal@96.25C POM_5V_IN 10395/7093 POM_5V_GPU 5420/2709 POM_5V_CPU 1658/1488
RAM 3230/3964MB (lfb 4x256kB) SWAP 1976/1982MB (cached 4MB) CPU [12%@1132,53%@1132,8%@1132,12%@1132] EMC_FREQ 0% GR3D_FREQ 99% PLL@88C CPU@97.5C PMIC@50C GPU@96C AO@97C thermal@96.25C POM_5V_IN 10314/7162 POM_5V_GPU 5379/2766 POM_5V_CPU 1537/1489
RAM 3230/3964MB (lfb 4x256kB) SWAP 1976/1982MB (cached 4MB) CPU [12%@1036,44%@1036,16%@1036,13%@1036] EMC_FREQ 0% GR3D_FREQ 99% PLL@88C CPU@98C PMIC@50C GPU@96.5C AO@97C thermal@96.25C POM_5V_IN 10476/7231 POM_5V_GPU 5420/2821 POM_5V_CPU 1658/1493
RAM 3230/3964MB (lfb 4x256kB) SWAP 1976/1982MB (cached 4MB) CPU [21%@1036,33%@1036,16%@1036,28%@1036] EMC_FREQ 0% GR3D_FREQ 99% PLL@88.5C CPU@98.5C PMIC@50C GPU@97C AO@97.5C thermal@97.75C POM_5V_IN 10516/7298 POM_5V_GPU 5420/2874 POM_5V_CPU 1617/1495
RAM 3230/3964MB (lfb 4x256kB) SWAP 1976/1982MB (cached 4MB) CPU [20%@825,29%@825,12%@825,24%@825] EMC_FREQ 0% GR3D_FREQ 99% PLL@89C CPU@98.5C PMIC@50C GPU@97C AO@98C thermal@97.75C POM_5V_IN 10395/7360 POM_5V_GPU 5451/2926 POM_5V_CPU 1537/1496
RAM 3230/3964MB (lfb 4x256kB) SWAP 1976/1982MB (cached 4MB) CPU [23%@1132,48%@1132,19%@1132,16%@1132] EMC_FREQ 0% GR3D_FREQ 99% PLL@89C CPU@99C PMIC@50C GPU@97.5C AO@98C thermal@97.75C POM_5V_IN 10476/7421 POM_5V_GPU 5492/2976 POM_5V_CPU 1577/1498
RAM 3229/3964MB (lfb 4x256kB) SWAP 1976/1982MB (cached 4MB) CPU [19%@825,38%@825,25%@825,20%@825] EMC_FREQ 0% GR3D_FREQ 99% PLL@89.5C CPU@99.5C PMIC@50C GPU@97.5C AO@98C thermal@97.75C POM_5V_IN 10597/7482 POM_5V_GPU 5451/3024 POM_5V_CPU 1655/1501
RAM 3230/3964MB (lfb 4x256kB) SWAP 1976/1982MB (cached 4MB) CPU [16%@518,24%@518,12%@518,50%@518] EMC_FREQ 0% GR3D_FREQ 99% PLL@90C CPU@99.5C PMIC@50C GPU@98C AO@98.5C thermal@97.75C POM_5V_IN 10476/7538 POM_5V_GPU 5492/3070 POM_5V_CPU 1577/1502
RAM 3229/3964MB (lfb 4x256kB) SWAP 1976/1982MB (cached 4MB) CPU [23%@921,26%@921,28%@921,28%@921] EMC_FREQ 0% GR3D_FREQ 98% PLL@90C CPU@100C PMIC@50C GPU@98.5C AO@99C thermal@98.75C POM_5V_IN 10556/7594 POM_5V_GPU 5532/3116 POM_5V_CPU 1617/1504
RAM 3229/3964MB (lfb 4x256kB) SWAP 1976/1982MB (cached 4MB) CPU [20%@825,36%@825,20%@825,12%@825] EMC_FREQ 0% GR3D_FREQ 99% PLL@89.5C CPU@99C PMIC@50C GPU@97.5C AO@98.5C thermal@98.75C POM_5V_IN 10071/7639 POM_5V_GPU 5136/3153 POM_5V_CPU 1577/1505
RAM 3230/3964MB (lfb 4x256kB) SWAP 1976/1982MB (cached 4MB) CPU [28%@1036,13%@1036,16%@1036,40%@1036] EMC_FREQ 0% GR3D_FREQ 99% PLL@90C CPU@99C PMIC@50C GPU@97.5C AO@98.5C thermal@98.75C POM_5V_IN 10006/7681 POM_5V_GPU 5056/3186 POM_5V_CPU 1577/1507
RAM 3229/3964MB (lfb 4x256kB) SWAP 1976/1982MB (cached 4MB) CPU [25%@710,23%@710,16%@710,48%@921] EMC_FREQ 0% GR3D_FREQ 99% PLL@90C CPU@99C PMIC@50C GPU@97C AO@98.5C thermal@98.75C POM_5V_IN 10006/7722 POM_5V_GPU 5056/3219 POM_5V_CPU 1617/1509
RAM 3229/3964MB (lfb 4x256kB) SWAP 1976/1982MB (cached 4MB) CPU [20%@921,37%@921,24%@921,29%@921] EMC_FREQ 0% GR3D_FREQ 99% PLL@90C CPU@99C PMIC@50C GPU@97.5C AO@98.5C thermal@98.5C POM_5V_IN 10192/7765 POM_5V_GPU 5136/3252 POM_5V_CPU 1617/1511
RAM 3229/3964MB (lfb 4x256kB) SWAP 1976/1982MB (cached 4MB) CPU [16%@518,32%@518,15%@518,37%@518] EMC_FREQ 0% GR3D_FREQ 99% PLL@90C CPU@99C PMIC@50C GPU@97C AO@99C thermal@98.5C POM_5V_IN 9682/7797 POM_5V_GPU 4813/3279 POM_5V_CPU 1577/1512
RAM 3230/3964MB (lfb 4x256kB) SWAP 1976/1982MB (cached 4MB) CPU [26%@1036,33%@1036,30%@1036,33%@1036] EMC_FREQ 0% GR3D_FREQ 99% PLL@90C CPU@99C PMIC@50C GPU@97.5C AO@99C thermal@98.5C POM_5V_IN 9763/7830 POM_5V_GPU 4651/3302 POM_5V_CPU 1698/1515
RAM 3230/3964MB (lfb 4x256kB) SWAP 1976/1982MB (cached 4MB) CPU [20%@1036,44%@1036,8%@1036,8%@1036] EMC_FREQ 0% GR3D_FREQ 99% PLL@90.5C CPU@99.5C PMIC@50C GPU@97.5C AO@99.5C thermal@98.5C POM_5V_IN 9803/7862 POM_5V_GPU 4772/3326 POM_5V_CPU 1658/1517
RAM 3230/3964MB (lfb 4x256kB) SWAP 1976/1982MB (cached 4MB) CPU [16%@1132,28%@1132,28%@1132,32%@1132] EMC_FREQ 0% GR3D_FREQ 99% PLL@90.5C CPU@100C PMIC@50C GPU@98C AO@99C thermal@98.5C POM_5V_IN 10314/7902 POM_5V_GPU 5217/3356 POM_5V_CPU 1658/1519
RAM 3230/3964MB (lfb 4x256kB) SWAP 1976/1982MB (cached 4MB) CPU [20%@614,24%@614,26%@614,42%@614] EMC_FREQ 0% GR3D_FREQ 99% PLL@90C CPU@99C PMIC@50C GPU@97C AO@99C thermal@98.5C POM_5V_IN 9601/7929 POM_5V_GPU 4611/3376 POM_5V_CPU 1537/1520
RAM 3230/3964MB (lfb 4x256kB) SWAP 1976/1982MB (cached 4MB) CPU [23%@614,17%@614,28%@614,37%@710] EMC_FREQ 0% GR3D_FREQ 99% PLL@90.5C CPU@99.5C PMIC@50C GPU@98C AO@99C thermal@98.5C POM_5V_IN 9763/7958 POM_5V_GPU 4691/3397 POM_5V_CPU 1698/1522
RAM 3230/3964MB (lfb 4x256kB) SWAP 1976/1982MB (cached 4MB) CPU [16%@825,30%@825,33%@825,12%@825] EMC_FREQ 0% GR3D_FREQ 98% PLL@90.5C CPU@99C PMIC@50C GPU@97.5C AO@99C thermal@98.5C POM_5V_IN 9641/7983 POM_5V_GPU 4611/3415 POM_5V_CPU 1617/1524
RAM 3230/3964MB (lfb 4x256kB) SWAP 1976/1982MB (cached 4MB) CPU [20%@518,29%@518,26%@518,25%@518] EMC_FREQ 0% GR3D_FREQ 99% PLL@90.5C CPU@98.5C PMIC@50C GPU@98C AO@99C thermal@98.5C POM_5V_IN 9641/8009 POM_5V_GPU 4651/3434 POM_5V_CPU 1577/1525
RAM 3230/3964MB (lfb 4x256kB) SWAP 1976/1982MB (cached 4MB) CPU [19%@921,40%@921,12%@921,8%@921] EMC_FREQ 0% GR3D_FREQ 99% PLL@90.5C CPU@98.5C PMIC@50C GPU@97.5C AO@99C thermal@98.5C POM_5V_IN 9560/8032 POM_5V_GPU 4611/3452 POM_5V_CPU 1537/1525
RAM 3230/3964MB (lfb 4x256kB) SWAP 1976/1982MB (cached 4MB) CPU [25%@1132,32%@1132,28%@1132,16%@1132] EMC_FREQ 0% GR3D_FREQ 99% PLL@90.5C CPU@98.5C PMIC@50C GPU@97.5C AO@99.5C thermal@98.5C POM_5V_IN 9682/8056 POM_5V_GPU 4611/3469 POM_5V_CPU 1658/1527
RAM 3230/3964MB (lfb 4x256kB) SWAP 1976/1982MB (cached 4MB) CPU [15%@1036,34%@1036,23%@1036,19%@1036] EMC_FREQ 0% GR3D_FREQ 99% PLL@90.5C CPU@98.5C PMIC@50C GPU@97.5C AO@99.5C thermal@98.5C POM_5V_IN 9601/8078 POM_5V_GPU 4611/3485 POM_5V_CPU 1577/1528
RAM 3230/3964MB (lfb 4x256kB) SWAP 1976/1982MB (cached 4MB) CPU [12%@614,29%@614,26%@614,8%@614] EMC_FREQ 0% GR3D_FREQ 99% PLL@90.5C CPU@98.5C PMIC@50C GPU@97.5C AO@99.5C thermal@98.5C POM_5V_IN 9520/8099 POM_5V_GPU 4611/3501 POM_5V_CPU 1537/1528
RAM 3230/3964MB (lfb 4x256kB) SWAP 1976/1982MB (cached 4MB) CPU [16%@518,24%@518,37%@518,30%@518] EMC_FREQ 0% GR3D_FREQ 99% PLL@90.5C CPU@99C PMIC@50C GPU@97C AO@99.5C thermal@98C POM_5V_IN 9601/8120 POM_5V_GPU 4611/3517 POM_5V_CPU 1577/1528
RAM 3230/3964MB (lfb 4x256kB) SWAP 1976/1982MB (cached 4MB) CPU [20%@614,38%@614,12%@614,26%@614] EMC_FREQ 0% GR3D_FREQ 99% PLL@90.5C CPU@99C PMIC@50C GPU@97.5C AO@99.5C thermal@98C POM_5V_IN 9682/8142 POM_5V_GPU 4611/3532 POM_5V_CPU 1617/1530
RAM 3230/3964MB (lfb 4x256kB) SWAP 1976/1982MB (cached 4MB) CPU [12%@518,25%@518,16%@518,44%@518] EMC_FREQ 0% GR3D_FREQ 99% PLL@90.5C CPU@98.5C PMIC@50C GPU@97.5C AO@99.5C thermal@98C POM_5V_IN 9682/8163 POM_5V_GPU 4611/3547 POM_5V_CPU 1617/1531
RAM 3230/3964MB (lfb 4x256kB) SWAP 1976/1982MB (cached 4MB) CPU [19%@1036,30%@1036,19%@1036,40%@1036] EMC_FREQ 0% GR3D_FREQ 99% PLL@90.5C CPU@99C PMIC@50C GPU@97.5C AO@99.5C thermal@98C POM_5V_IN 9641/8183 POM_5V_GPU 4611/3561 POM_5V_CPU 1617/1532
RAM 3230/3964MB (lfb 4x256kB) SWAP 1976/1982MB (cached 4MB) CPU [19%@825,35%@825,37%@825,29%@825] EMC_FREQ 0% GR3D_FREQ 99% PLL@90.5C CPU@99C PMIC@50C GPU@97.5C AO@99.5C thermal@98C POM_5V_IN 9682/8203 POM_5V_GPU 4651/3576 POM_5V_CPU 1617/1533
RAM 3230/3964MB (lfb 4x256kB) SWAP 1976/1982MB (cached 4MB) CPU [19%@710,34%@710,37%@710,19%@710] EMC_FREQ 0% GR3D_FREQ 98% PLL@90.5C CPU@99C PMIC@50C GPU@97.5C AO@99.5C thermal@98C POM_5V_IN 9682/8222 POM_5V_GPU 4611/3589 POM_5V_CPU 1617/1534
RAM 3230/3964MB (lfb 4x256kB) SWAP 1976/1982MB (cached 4MB) CPU [12%@921,37%@921,12%@921,17%@1036] EMC_FREQ 0% GR3D_FREQ 99% PLL@90.5C CPU@98.5C PMIC@50C GPU@97.5C AO@99.5C thermal@98C POM_5V_IN 9763/8242 POM_5V_GPU 4611/3603 POM_5V_CPU 1698/1536
RAM 3230/3964MB (lfb 4x256kB) SWAP 1976/1982MB (cached 4MB) CPU [23%@403,23%@710,36%@710,30%@710] EMC_FREQ 0% GR3D_FREQ 98% PLL@91C CPU@99.5C PMIC@50C GPU@97.5C AO@99.5C thermal@98C POM_5V_IN 9722/8261 POM_5V_GPU 4611/3616 POM_5V_CPU 1617/1537
RAM 3230/3964MB (lfb 4x256kB) SWAP 1976/1982MB (cached 4MB) CPU [19%@1326,37%@1326,15%@1326,12%@1326] EMC_FREQ 0% GR3D_FREQ 99% PLL@91C CPU@99C PMIC@50C GPU@97.5C AO@99.5C thermal@98C POM_5V_IN 9682/8279 POM_5V_GPU 4651/3629 POM_5V_CPU 1698/1539
RAM 3230/3964MB (lfb 4x256kB) SWAP 1976/1982MB (cached 4MB) CPU [12%@1326,37%@1326,8%@1326,19%@1326] EMC_FREQ 0% GR3D_FREQ 99% PLL@90.5C CPU@99C PMIC@50C GPU@98C AO@99.5C thermal@98.25C POM_5V_IN 9722/8297 POM_5V_GPU 4651/3641 POM_5V_CPU 1779/1542
RAM 3230/3964MB (lfb 4x256kB) SWAP 1976/1982MB (cached 4MB) CPU [21%@825,30%@825,22%@825,26%@825] EMC_FREQ 0% GR3D_FREQ 99% PLL@91C CPU@99C PMIC@50C GPU@97.5C AO@99.5C thermal@98.25C POM_5V_IN 9601/8313 POM_5V_GPU 4651/3654 POM_5V_CPU 1617/1543
RAM 3230/3964MB (lfb 4x256kB) SWAP 1976/1982MB (cached 4MB) CPU [16%@1036,37%@1036,30%@1036,8%@1036] EMC_FREQ 0% GR3D_FREQ 99% PLL@91C CPU@99C PMIC@50C GPU@98C AO@99.5C thermal@98.25C POM_5V_IN 9601/8329 POM_5V_GPU 4651/3666 POM_5V_CPU 1577/1544
RAM 3230/3964MB (lfb 4x256kB) SWAP 1976/1982MB (cached 4MB) CPU [19%@921,30%@921,25%@921,39%@921] EMC_FREQ 0% GR3D_FREQ 99% PLL@91C CPU@99.5C PMIC@50C GPU@98C AO@99.5C thermal@98.25C POM_5V_IN 9682/8345 POM_5V_GPU 4651/3678 POM_5V_CPU 1577/1544
RAM 3230/3964MB (lfb 4x256kB) SWAP 1976/1982MB (cached 4MB) CPU [26%@825,8%@825,44%@825,20%@825] EMC_FREQ 0% GR3D_FREQ 99% PLL@91C CPU@99.5C PMIC@50C GPU@98C AO@100C thermal@98.75C POM_5V_IN 9641/8361 POM_5V_GPU 4651/3689 POM_5V_CPU 1577/1544
RAM 3230/3964MB (lfb 4x256kB) SWAP 1976/1982MB (cached 4MB) CPU [50%@921,11%@921,15%@921,8%@921] EMC_FREQ 0% GR3D_FREQ 99% PLL@91C CPU@99.5C PMIC@50C GPU@98C AO@99.5C thermal@98.75C POM_5V_IN 9641/8376 POM_5V_GPU 4611/3700 POM_5V_CPU 1617/1545
RAM 3230/3964MB (lfb 4x256kB) SWAP 1976/1982MB (cached 4MB) CPU [51%@1224,8%@1224,22%@1224,8%@1224] EMC_FREQ 0% GR3D_FREQ 99% PLL@91C CPU@99.5C PMIC@50C GPU@98C AO@100C thermal@98.75C POM_5V_IN 9560/8390 POM_5V_GPU 4651/3711 POM_5V_CPU 1496/1545
RAM 3230/3964MB (lfb 4x256kB) SWAP 1976/1982MB (cached 4MB) CPU [44%@1224,11%@1224,12%@1224,12%@1224] EMC_FREQ 0% GR3D_FREQ 99% PLL@91C CPU@100C PMIC@50C GPU@98C AO@99.5C thermal@98.75C POM_5V_IN 9560/8403 POM_5V_GPU 4651/3722 POM_5V_CPU 1537/1545
RAM 3230/3964MB (lfb 4x256kB) SWAP 1976/1982MB (cached 4MB) CPU [28%@710,30%@710,32%@710,11%@710] EMC_FREQ 0% GR3D_FREQ 99% PLL@91C CPU@99.5C PMIC@50C GPU@98.5C AO@100C thermal@99.25C POM_5V_IN 9641/8417 POM_5V_GPU 4651/3733 POM_5V_CPU 1577/1545
RAM 3230/3964MB (lfb 4x256kB) SWAP 1976/1982MB (cached 4MB) CPU [30%@614,8%@614,8%@614,48%@614] EMC_FREQ 0% GR3D_FREQ 99% PLL@91C CPU@99.5C PMIC@50C GPU@98C AO@99.5C thermal@99.25C POM_5V_IN 9560/8430 POM_5V_GPU 4651/3743 POM_5V_CPU 1537/1545
RAM 3230/3964MB (lfb 4x256kB) SWAP 1976/1982MB (cached 4MB) CPU [17%@710,42%@710,12%@710,24%@710] EMC_FREQ 0% GR3D_FREQ 99% PLL@91C CPU@98.5C PMIC@50C GPU@97.5C AO@99.5C thermal@99.25C POM_5V_IN 8831/8434 POM_5V_GPU 3970/3746 POM_5V_CPU 1539/1545
RAM 3230/3964MB (lfb 4x256kB) SWAP 1976/1982MB (cached 4MB) CPU [37%@1036,25%@1036,20%@1036,12%@1036] EMC_FREQ 0% GR3D_FREQ 99% PLL@90.5C CPU@98.5C PMIC@50C GPU@97.5C AO@99.5C thermal@99.25C POM_5V_IN 9439/8445 POM_5V_GPU 4489/3754 POM_5V_CPU 1537/1545
RAM 3230/3964MB (lfb 4x256kB) SWAP 1976/1982MB (cached 4MB) CPU [28%@710,44%@710,16%@710,16%@710] EMC_FREQ 0% GR3D_FREQ 99% PLL@90.5C CPU@98C PMIC@50C GPU@97.5C AO@99.5C thermal@99.25C POM_5V_IN 8993/8451 POM_5V_GPU 4051/3757 POM_5V_CPU 1579/1545
RAM 3230/3964MB (lfb 4x256kB) SWAP 1976/1982MB (cached 4MB) CPU [20%@825,21%@825,53%@825,15%@825] EMC_FREQ 0% GR3D_FREQ 99% PLL@90.5C CPU@99C PMIC@50C GPU@98C AO@99.5C thermal@97.75C POM_5V_IN 9520/8463 POM_5V_GPU 4530/3765 POM_5V_CPU 1617/1546
RAM 3230/3964MB (lfb 4x256kB) SWAP 1976/1982MB (cached 4MB) CPU [34%@614,26%@614,12%@614,12%@614] EMC_FREQ 0% GR3D_FREQ 99% PLL@90.5C CPU@99C PMIC@50C GPU@97C AO@99.5C thermal@97.75C POM_5V_IN 9439/8473 POM_5V_GPU 4489/3773 POM_5V_CPU 1537/1546
RAM 3224/3964MB (lfb 4x256kB) SWAP 1976/1982MB (cached 4MB) CPU [32%@1036,48%@1036,11%@1036,23%@1036] EMC_FREQ 0% GR3D_FREQ 99% PLL@90.5C CPU@99C PMIC@50C GPU@97.5C AO@99.5C thermal@97.75C POM_5V_IN 9601/8485 POM_5V_GPU 4651/3782 POM_5V_CPU 1617/1546
RAM 3225/3964MB (lfb 4x256kB) SWAP 1976/1982MB (cached 4MB) CPU [21%@1132,38%@1132,8%@1132,8%@1132] EMC_FREQ 0% GR3D_FREQ 99% PLL@90.5C CPU@98.5C PMIC@50C GPU@97.5C AO@99.5C thermal@97.75C POM_5V_IN 9196/8492 POM_5V_GPU 4213/3787 POM_5V_CPU 1579/1547
RAM 3225/3964MB (lfb 4x256kB) SWAP 1976/1982MB (cached 4MB) CPU [40%@710,15%@710,15%@710,8%@710] EMC_FREQ 0% GR3D_FREQ 99% PLL@90.5C CPU@99C PMIC@50C GPU@97.5C AO@99.5C thermal@97.75C POM_5V_IN 9520/8503 POM_5V_GPU 4570/3795 POM_5V_CPU 1537/1547
RAM 3225/3964MB (lfb 4x256kB) SWAP 1976/1982MB (cached 4MB) CPU [26%@710,19%@710,8%@710,50%@710] EMC_FREQ 0% GR3D_FREQ 99% PLL@90.5C CPU@99C PMIC@50C GPU@97.5C AO@99.5C thermal@97.75C POM_5V_IN 9520/8513 POM_5V_GPU 4651/3803 POM_5V_CPU 1496/1546
RAM 3225/3964MB (lfb 4x256kB) SWAP 1976/1982MB (cached 4MB) CPU [21%@921,30%@921,16%@921,40%@921] EMC_FREQ 0% GR3D_FREQ 98% PLL@90.5C CPU@98.5C PMIC@50C GPU@97.5C AO@100C thermal@97.75C POM_5V_IN 9560/8524 POM_5V_GPU 4530/3811 POM_5V_CPU 1658/1547
RAM 3225/3964MB (lfb 4x256kB) SWAP 1976/1982MB (cached 4MB) CPU [29%@1224,8%@1224,21%@1224,46%@1224] EMC_FREQ 0% GR3D_FREQ 98% PLL@91C CPU@99C PMIC@50C GPU@98C AO@100C thermal@97.75C POM_5V_IN 9520/8534 POM_5V_GPU 4449/3817 POM_5V_CPU 1658/1548
RAM 3225/3964MB (lfb 4x256kB) SWAP 1976/1982MB (cached 4MB) CPU [36%@825,24%@825,14%@825,19%@825] EMC_FREQ 0% GR3D_FREQ 99% PLL@90.5C CPU@98.5C PMIC@50C GPU@97.5C AO@99.5C thermal@98C POM_5V_IN 9398/8543 POM_5V_GPU 4489/3824 POM_5V_CPU 1577/1549
RAM 3225/3964MB (lfb 4x256kB) SWAP 1976/1982MB (cached 4MB) CPU [25%@614,24%@614,20%@614,32%@614] EMC_FREQ 0% GR3D_FREQ 99% PLL@90.5C CPU@98.5C PMIC@50C GPU@97C AO@99.5C thermal@98C POM_5V_IN 8953/8547 POM_5V_GPU 4091/3826 POM_5V_CPU 1539/1549
RAM 3225/3964MB (lfb 4x256kB) SWAP 1976/1982MB (cached 4MB) CPU [37%@1036,32%@1036,8%@1036,12%@1036] EMC_FREQ 0% GR3D_FREQ 99% PLL@90.5C CPU@99C PMIC@50C GPU@98C AO@99.5C thermal@98C POM_5V_IN 9601/8557 POM_5V_GPU 4408/3832 POM_5V_CPU 1739/1550
RAM 3225/3964MB (lfb 4x256kB) SWAP 1976/1982MB (cached 4MB) CPU [32%@710,23%@614,12%@614,23%@614] EMC_FREQ 0% GR3D_FREQ 99% PLL@90.5C CPU@99C PMIC@50C GPU@97.5C AO@99.5C thermal@98C POM_5V_IN 9520/8566 POM_5V_GPU 4611/3840 POM_5V_CPU 1496/1550
RAM 3225/3964MB (lfb 4x256kB) SWAP 1976/1982MB (cached 4MB) CPU [24%@710,50%@710,22%@710,18%@710] EMC_FREQ 0% GR3D_FREQ 99% PLL@90.5C CPU@98.5C PMIC@50C GPU@97C AO@99.5C thermal@98C POM_5V_IN 8872/8569 POM_5V_GPU 3970/3841 POM_5V_CPU 1539/1550
RAM 3225/3964MB (lfb 4x256kB) SWAP 1976/1982MB (cached 4MB) CPU [19%@1224,56%@1224,8%@1224,17%@1224] EMC_FREQ 0% GR3D_FREQ 0% PLL@89.5C CPU@94C PMIC@50C GPU@94.5C AO@99C thermal@97.75C POM_5V_IN 5210/8537 POM_5V_GPU 1221/3816 POM_5V_CPU 1180/1546
RAM 3122/3964MB (lfb 1x2MB) SWAP 1976/1982MB (cached 4MB) CPU [4%@1224,96%@1224,7%@1224,15%@1224] EMC_FREQ 0% GR3D_FREQ 0% PLL@88C CPU@91.5C PMIC@50C GPU@91C AO@97C thermal@97.75C POM_5V_IN 4280/8497 POM_5V_GPU 448/3785 POM_5V_CPU 1139/1542
RAM 2591/3964MB (lfb 1x2MB) SWAP 1976/1982MB (cached 4MB) CPU [15%@403,3%@403,7%@403,53%@403] EMC_FREQ 0% GR3D_FREQ 0% PLL@86C CPU@89C PMIC@50C GPU@88.5C AO@95.5C thermal@97.75C POM_5V_IN 3709/8453 POM_5V_GPU 448/3754 POM_5V_CPU 693/1535
RAM 2591/3964MB (lfb 1x2MB) SWAP 1976/1982MB (cached 4MB) CPU [15%@102,0%@102,7%@102,11%@102] EMC_FREQ 0% GR3D_FREQ 0% PLL@83.5C CPU@87C PMIC@50C GPU@87C AO@93.5C thermal@97.75C POM_5V_IN 3465/8407 POM_5V_GPU 407/3723 POM_5V_CPU 529/1525
RAM 2591/3964MB (lfb 1x2MB) SWAP 1976/1982MB (cached 4MB) CPU [22%@204,7%@204,0%@204,7%@204] EMC_FREQ 0% GR3D_FREQ 0% PLL@82C CPU@86C PMIC@50C GPU@85.5C AO@92.5C thermal@86C POM_5V_IN 3383/8362 POM_5V_GPU 407/3693 POM_5V_CPU 489/1516
RAM 2591/3964MB (lfb 1x2MB) SWAP 1976/1982MB (cached 4MB) CPU [12%@307,8%@307,7%@307,11%@307] EMC_FREQ 0% GR3D_FREQ 0% PLL@81.5C CPU@85C PMIC@50C GPU@85C AO@91.5C thermal@86C POM_5V_IN 3546/8318 POM_5V_GPU 407/3663 POM_5V_CPU 652/1508
