RAM 2596/3964MB (lfb 1x2MB) SWAP 1976/1982MB (cached 4MB) CPU [66%@102,4%@102,3%@102,11%@102] EMC_FREQ 0% GR3D_FREQ 0% PLL@80.5C CPU@84.5C PMIC@50C GPU@83.5C AO@90.5C thermal@86C POM_5V_IN 3506/3506 POM_5V_GPU 366/366 POM_5V_CPU 611/611
RAM 2596/3964MB (lfb 1x2MB) SWAP 1976/1982MB (cached 4MB) CPU [18%@102,11%@102,7%@102,4%@102] EMC_FREQ 0% GR3D_FREQ 0% PLL@79.5C CPU@83.5C PMIC@50C GPU@83C AO@90C thermal@86C POM_5V_IN 3342/3424 POM_5V_GPU 366/366 POM_5V_CPU 529/570
RAM 2596/3964MB (lfb 1x2MB) SWAP 1976/1982MB (cached 4MB) CPU [20%@102,8%@102,14%@102,4%@102] EMC_FREQ 0% GR3D_FREQ 0% PLL@79C CPU@83C PMIC@50C GPU@82C AO@88.5C thermal@82.75C POM_5V_IN 3506/3451 POM_5V_GPU 407/379 POM_5V_CPU 611/583
RAM 2596/3964MB (lfb 1x2MB) SWAP 1976/1982MB (cached 4MB) CPU [23%@204,3%@204,3%@204,7%@204] EMC_FREQ 0% GR3D_FREQ 0% PLL@78.5C CPU@82C PMIC@50C GPU@81.5C AO@88.5C thermal@82.75C POM_5V_IN 3342/3424 POM_5V_GPU 407/386 POM_5V_CPU 489/560
RAM 2596/3964MB (lfb 1x2MB) SWAP 1976/1982MB (cached 4MB) CPU [24%@204,8%@204,0%@204,7%@204] EMC_FREQ 0% GR3D_FREQ 0% PLL@78C CPU@81.5C PMIC@50C GPU@81.5C AO@87.5C thermal@82.75C POM_5V_IN 3342/3407 POM_5V_GPU 407/390 POM_5V_CPU 489/545
RAM 2596/3964MB (lfb 1x2MB) SWAP 1976/1982MB (cached 4MB) CPU [25%@204,4%@204,0%@204,7%@204] EMC_FREQ 0% GR3D_FREQ 0% PLL@77C CPU@81C PMIC@50C GPU@80.5C AO@87C thermal@82.75C POM_5V_IN 3342/3396 POM_5V_GPU 407/393 POM_5V_CPU 529/543
RAM 2596/3964MB (lfb 1x2MB) SWAP 1976/1982MB (cached 4MB) CPU [25%@204,7%@204,8%@204,4%@204] EMC_FREQ 0% GR3D_FREQ 0% PLL@77C CPU@80.5C PMIC@50C GPU@80C AO@86.5C thermal@80C POM_5V_IN 3424/3400 POM_5V_GPU 407/395 POM_5V_CPU 611/552
RAM 2618/3964MB (lfb 4x1MB) SWAP 1976/1982MB (cached 4MB) CPU [38%@1326,7%@1326,12%@1326,12%@1326] EMC_FREQ 0% GR3D_FREQ 0% PLL@77C CPU@82C PMIC@50C GPU@80C AO@86C thermal@80C POM_5V_IN 4036/3480 POM_5V_GPU 407/396 POM_5V_CPU 976/605
RAM 2654/3964MB (lfb 4x1MB) SWAP 1976/1982MB (cached 4MB) CPU [88%@1326,14%@1326,11%@1326,8%@1326] EMC_FREQ 0% GR3D_FREQ 0% PLL@77.5C CPU@84C PMIC@50C GPU@80.5C AO@87C thermal@80C POM_5V_IN 4762/3622 POM_5V_GPU 691/429 POM_5V_CPU 1546/710
RAM 2697/3964MB (lfb 4x1MB) SWAP 1976/1982MB (cached 4MB) CPU [95%@1326,4%@1326,8%@1326,8%@1326] EMC_FREQ 0% GR3D_FREQ 4% PLL@78C CPU@83.5C PMIC@50C GPU@80C AO@87.5C thermal@80C POM_5V_IN 4558/3716 POM_5V_GPU 366/423 POM_5V_CPU 1668/805
RAM 2736/3964MB (lfb 4x1MB) SWAP 1976/1982MB (cached 4MB) CPU [26%@1428,12%@1428,100%@1428,11%@1428] EMC_FREQ 0% GR3D_FREQ 2% PLL@78C CPU@82C PMIC@50C GPU@80.5C AO@87C thermal@80.75C POM_5V_IN 4680/3803 POM_5V_GPU 325/414 POM_5V_CPU 1790/895
RAM 2776/3964MB (lfb 4x1MB) SWAP 1976/1982MB (cached 4MB) CPU [28%@1428,8%@1428,96%@1428,4%@1428] EMC_FREQ 0% GR3D_FREQ 16% PLL@78.5C CPU@82C PMIC@50C GPU@80.5C AO@87C thermal@80.75C POM_5V_IN 4803/3886 POM_5V_GPU 366/410 POM_5V_CPU 1953/983
RAM 2824/3964MB (lfb 4x1MB) SWAP 1976/1982MB (cached 4MB) CPU [16%@1428,15%@1428,92%@1428,12%@1428] EMC_FREQ 0% GR3D_FREQ 30% PLL@78.5C CPU@83.5C PMIC@50C GPU@80.5C AO@87C thermal@80.75C POM_5V_IN 4803/3957 POM_5V_GPU 407/409 POM_5V_CPU 1913/1055
RAM 2849/3964MB (lfb 4x1MB) SWAP 1976/1982MB (cached 4MB) CPU [29%@1428,25%@1428,8%@1428,84%@1428] EMC_FREQ 0% GR3D_FREQ 3% PLL@79C CPU@82.5C PMIC@50C GPU@80C AO@87C thermal@80.75C POM_5V_IN 4803/4017 POM_5V_GPU 407/409 POM_5V_CPU 1953/1119
RAM 2890/3964MB (lfb 4x1MB) SWAP 1976/1982MB (cached 4MB) CPU [16%@1428,21%@1428,25%@1428,88%@1428] EMC_FREQ 0% GR3D_FREQ 11% PLL@79C CPU@82.5C PMIC@50C GPU@80C AO@87C thermal@80.75C POM_5V_IN 4803/4070 POM_5V_GPU 407/409 POM_5V_CPU 1872/1169
RAM 2932/3964MB (lfb 4x1MB) SWAP 1976/1982MB (cached 4MB) CPU [23%@1428,19%@1428,12%@1428,92%@1428] EMC_FREQ 0% GR3D_FREQ 9% PLL@79C CPU@81.5C PMIC@50C GPU@80C AO@86.5C thermal@81C POM_5V_IN 4721/4110 POM_5V_GPU 366/406 POM_5V_CPU 1913/1215
RAM 2989/3964MB (lfb 4x1MB) SWAP 1976/1982MB (cached 4MB) CPU [12%@1428,64%@1428,42%@1428,12%@1428] EMC_FREQ 0% GR3D_FREQ 0% PLL@78C CPU@84C PMIC@50C GPU@80C AO@86.5C thermal@81C POM_5V_IN 4558/4137 POM_5V_GPU 284/399 POM_5V_CPU 1750/1247
RAM 3036/3964MB (lfb 4x1MB) SWAP 1976/1982MB (cached 4MB) CPU [25%@1428,32%@1428,76%@1428,18%@1428] EMC_FREQ 0% GR3D_FREQ 7% PLL@77.5C CPU@81C PMIC@50C GPU@79.5C AO@86C thermal@81C POM_5V_IN 4680/4167 POM_5V_GPU 366/397 POM_5V_CPU 1953/1286
RAM 3058/3964MB (lfb 4x1MB) SWAP 1976/1982MB (cached 4MB) CPU [20%@1428,53%@1428,20%@1428,37%@1428] EMC_FREQ 0% GR3D_FREQ 14% PLL@78C CPU@82.5C PMIC@50C GPU@79C AO@86C thermal@81C POM_5V_IN 4803/4200 POM_5V_GPU 366/396 POM_5V_CPU 1994/1323
RAM 3107/3964MB (lfb 4x1MB) SWAP 1976/1982MB (cached 4MB) CPU [19%@1428,8%@1428,16%@1428,100%@1428] EMC_FREQ 0% GR3D_FREQ 4% PLL@78.5C CPU@81.5C PMIC@50C GPU@79C AO@86C thermal@80.25C POM_5V_IN 4599/4220 POM_5V_GPU 284/390 POM_5V_CPU 1790/1347
RAM 3165/3964MB (lfb 4x1MB) SWAP 1976/1982MB (cached 4MB) CPU [19%@1479,8%@1479,21%@1479,80%@1479] EMC_FREQ 0% GR3D_FREQ 15% PLL@78C CPU@81C PMIC@50C GPU@78.5C AO@86C thermal@80.25C POM_5V_IN 4803/4248 POM_5V_GPU 284/385 POM_5V_CPU 1953/1375
RAM 3196/3964MB (lfb 4x1MB) SWAP 1976/1982MB (cached 4MB) CPU [19%@1479,8%@1479,11%@1479,100%@1479] EMC_FREQ 0% GR3D_FREQ 0% PLL@77.5C CPU@80.5C PMIC@50C GPU@79C AO@85.5C thermal@80.25C POM_5V_IN 4280/4249 POM_5V_GPU 244/378 POM_5V_CPU 1546/1383
RAM 3227/3964MB (lfb 5x256kB) SWAP 1976/1982MB (cached 4MB) CPU [25%@1479,12%@1479,24%@1479,96%@1479] EMC_FREQ 0% GR3D_FREQ 10% PLL@78C CPU@81.5C PMIC@50C GPU@78.5C AO@85.5C thermal@80.25C POM_5V_IN 4843/4275 POM_5V_GPU 325/376 POM_5V_CPU 1994/1410
RAM 3227/3964MB (lfb 5x256kB) SWAP 1976/1982MB (cached 4MB) CPU [20%@1428,42%@1428,29%@1428,12%@1428] EMC_FREQ 0% GR3D_FREQ 98% PLL@77C CPU@82.5C PMIC@50C GPU@82C AO@86C thermal@81.75C POM_5V_IN 8277/4442 POM_5V_GPU 3848/521 POM_5V_CPU 1498/1413
RAM 3227/3964MB (lfb 5x256kB) SWAP 1976/1982MB (cached 4MB) CPU [8%@710,43%@710,20%@710,8%@710] EMC_FREQ 0% GR3D_FREQ 98% PLL@79C CPU@86C PMIC@50C GPU@85C AO@87.5C thermal@81.75C POM_5V_IN 9115/4629 POM_5V_GPU 4496/680 POM_5V_CPU 1539/1418
RAM 3227/3964MB (lfb 5x256kB) SWAP 1976/1982MB (cached 4MB) CPU [13%@921,29%@921,30%@921,30%@921] EMC_FREQ 0% GR3D_FREQ 98% PLL@80C CPU@87C PMIC@50C GPU@86.5C AO@88.5C thermal@81.75C POM_5V_IN 9236/4806 POM_5V_GPU 4577/830 POM_5V_CPU 1539/1423
RAM 3227/3964MB (lfb 5x256kB) SWAP 1976/1982MB (cached 4MB) CPU [19%@1036,35%@1036,23%@1036,65%@1036] EMC_FREQ 0% GR3D_FREQ 99% PLL@80.5C CPU@89C PMIC@50C GPU@87.5C AO@89.5C thermal@81.75C POM_5V_IN 9196/4969 POM_5V_GPU 4618/970 POM_5V_CPU 1539/1427
RAM 3227/3964MB (lfb 5x256kB) SWAP 1976/1982MB (cached 4MB) CPU [16%@1326,45%@1326,23%@1326,12%@1326] EMC_FREQ 0% GR3D_FREQ 98% PLL@82C CPU@90C PMIC@50C GPU@88.5C AO@90C thermal@81.75C POM_5V_IN 9520/5131 POM_5V_GPU 4611/1100 POM_5V_CPU 1779/1440
RAM 3227/3964MB (lfb 5x256kB) SWAP 1976/1982MB (cached 4MB) CPU [23%@1036,32%@1036,28%@1036,33%@1036] EMC_FREQ 0% GR3D_FREQ 98% PLL@82.5C CPU@90C PMIC@50C GPU@89C AO@90.5C thermal@89C POM_5V_IN 9479/5281 POM_5V_GPU 4651/1222 POM_5V_CPU 1617/1446
RAM 3227/3964MB (lfb 5x256kB) SWAP 1976/1982MB (cached 4MB) CPU [33%@921,30%@921,40%@921,29%@921] EMC_FREQ 0% GR3D_FREQ 99% PLL@83C CPU@91C PMIC@50C GPU@90C AO@91.5C thermal@89C POM_5V_IN 9560/5424 POM_5V_GPU 4651/1337 POM_5V_CPU 1820/1458
RAM 3227/3964MB (lfb 5x256kB) SWAP 1976/1982MB (cached 4MB) CPU [19%@1132,30%@1132,41%@1132,23%@1132] EMC_FREQ 0% GR3D_FREQ 98% PLL@83.5C CPU@91.5C PMIC@50C GPU@90.5C AO@92C thermal@89C POM_5V_IN 9560/5557 POM_5V_GPU 4732/1446 POM_5V_CPU 1658/1465
RAM 3227/3964MB (lfb 5x256kB) SWAP 1976/1982MB (cached 4MB) CPU [45%@921,33%@921,21%@1036,24%@1036] EMC_FREQ 0% GR3D_FREQ 98% PLL@84C CPU@92C PMIC@50C GPU@91C AO@92.5C thermal@89C POM_5V_IN 9641/5685 POM_5V_GPU 4732/1549 POM_5V_CPU 1739/1473
RAM 3227/3964MB (lfb 5x256kB) SWAP 1976/1982MB (cached 4MB) CPU [20%@403,25%@518,48%@518,12%@1036] EMC_FREQ 0% GR3D_FREQ 98% PLL@84C CPU@92.5C PMIC@50C GPU@92C AO@93C thermal@91.75C POM_5V_IN 9560/5802 POM_5V_GPU 4772/1646 POM_5V_CPU 1658/1479
RAM 3227/3964MB (lfb 5x256kB) SWAP 1976/1982MB (cached 4MB) CPU [26%@1132,28%@1132,57%@1132,12%@1132] EMC_FREQ 0% GR3D_FREQ 98% PLL@85C CPU@93.5C PMIC@50C GPU@92C AO@93.5C thermal@91.75C POM_5V_IN 9763/5919 POM_5V_GPU 4732/1737 POM_5V_CPU 1779/1488
RAM 3227/3964MB (lfb 5x256kB) SWAP 1976/1982MB (cached 4MB) CPU [8%@1036,20%@1036,16%@1036,46%@1036] EMC_FREQ 0% GR3D_FREQ 98% PLL@85C CPU@93.5C PMIC@50C GPU@92C AO@93.5C thermal@91.75C POM_5V_IN 9641/6025 POM_5V_GPU 4813/1825 POM_5V_CPU 1698/1494
RAM 3224/3964MB (lfb 5x256kB) SWAP 1976/1982MB (cached 4MB) CPU [28%@1224,29%@1224,54%@1224,36%@1224] EMC_FREQ 0% GR3D_FREQ 98% PLL@86C CPU@94.5C PMIC@50C GPU@93C AO@94.5C thermal@91.75C POM_5V_IN 9965/6134 POM_5V_GPU 4813/1908 POM_5V_CPU 1941/1506
RAM 3224/3964MB (lfb 5x256kB) SWAP 1976/1982MB (cached 4MB) CPU [20%@1224,37%@1224,20%@1224,8%@921] EMC_FREQ 0% GR3D_FREQ 98% PLL@86.5C CPU@94.5C PMIC@50C GPU@93.5C AO@95C thermal@91.75C POM_5V_IN 9803/6233 POM_5V_GPU 4813/1987 POM_5V_CPU 1779/1513
RAM 3224/3964MB (lfb 5x256kB) SWAP 1976/1982MB (cached 4MB) CPU [29%@1132,33%@1132,40%@1132,18%@1132] EMC_FREQ 0% GR3D_FREQ 98% PLL@86.5C CPU@95.5C PMIC@50C GPU@94C AO@95C thermal@94C POM_5V_IN 9965/6332 POM_5V_GPU 4813/2061 POM_5V_CPU 1901/1524
RAM 3224/3964MB (lfb 5x256kB) SWAP 1976/1982MB (cached 4MB) CPU [23%@825,25%@825,44%@825,29%@825] EMC_FREQ 0% GR3D_FREQ 99% PLL@87C CPU@95.5C PMIC@50C GPU@94C AO@95.5C thermal@94C POM_5V_IN 9844/6422 POM_5V_GPU 4853/2133 POM_5V_CPU 1779/1530
RAM 3224/3964MB (lfb 5x256kB) SWAP 1976/1982MB (cached 4MB) CPU [17%@1326,20%@1326,40%@1326,37%@1326] EMC_FREQ 0% GR3D_FREQ 98% PLL@87C CPU@95.5C PMIC@50C GPU@94.5C AO@95.5C thermal@94C POM_5V_IN 9844/6507 POM_5V_GPU 4894/2202 POM_5V_CPU 1739/1535
RAM 3224/3964MB (lfb 5x256kB) SWAP 1976/1982MB (cached 4MB) CPU [19%@1479,18%@1479,12%@1479,42%@1479] EMC_FREQ 0% GR3D_FREQ 98% PLL@87.5C CPU@96C PMIC@50C GPU@94.5C AO@96C thermal@94C POM_5V_IN 10087/6595 POM_5V_GPU 4894/2267 POM_5V_CPU 1981/1546
RAM 3225/3964MB (lfb 5x256kB) SWAP 1976/1982MB (cached 4MB) CPU [20%@1479,20%@1479,51%@1479,12%@1479] EMC_FREQ 0% GR3D_FREQ 98% PLL@87.5C CPU@96.5C PMIC@50C GPU@94.5C AO@96.5C thermal@95.25C POM_5V_IN 10046/6677 POM_5V_GPU 4894/2330 POM_5V_CPU 1941/1556
RAM 3225/3964MB (lfb 5x256kB) SWAP 1976/1982MB (cached 4MB) CPU [24%@1132,18%@1132,25%@1132,26%@1132] EMC_FREQ 0% GR3D_FREQ 99% PLL@88C CPU@96.5C PMIC@50C GPU@95C AO@96.5C thermal@95.25C POM_5V_IN 10006/6754 POM_5V_GPU 4894/2389 POM_5V_CPU 1779/1561
RAM 3225/3964MB (lfb 5x256kB) SWAP 1976/1982MB (cached 4MB) CPU [42%@1326,20%@1326,12%@1326,23%@1326] EMC_FREQ 0% GR3D_FREQ 98% PLL@88C CPU@96.5C PMIC@50C GPU@95.5C AO@97C thermal@95.25C POM_5V_IN 10046/6829 POM_5V_GPU 4934/2447 POM_5V_CPU 1820/1567
RAM 3225/3964MB (lfb 5x256kB) SWAP 1976/1982MB (cached 4MB) CPU [48%@1224,8%@1224,42%@1224,16%@1224] EMC_FREQ 0% GR3D_FREQ 98% PLL@88.5C CPU@97C PMIC@50C GPU@96C AO@97C thermal@95.25C POM_5V_IN 10354/6907 POM_5V_GPU 4934/2502 POM_5V_CPU 2062/1578
RAM 3225/3964MB (lfb 5x256kB) SWAP 1976/1982MB (cached 4MB) CPU [52%@1479,16%@1479,33%@1479,18%@1479] EMC_FREQ 0% GR3D_FREQ 98% PLL@88.5C CPU@98C PMIC@50C GPU@96.5C AO@97.5C thermal@97C POM_5V_IN 10435/6984 POM_5V_GPU 4926/2555 POM_5V_CPU 2265/1593
RAM 3225/3964MB (lfb 5x256kB) SWAP 1976/1982MB (cached 4MB) CPU [25%@1479,8%@1479,28%@1479,50%@1479] EMC_FREQ 0% GR3D_FREQ 98% PLL@89C CPU@98C PMIC@50C GPU@96.5C AO@97.5C thermal@97C POM_5V_IN 10314/7055 POM_5V_GPU 4975/2607 POM_5V_CPU 2103/1603
RAM 3225/3964MB (lfb 5x256kB) SWAP 1976/1982MB (cached 4MB) CPU [44%@1132,15%@1132,28%@1132,15%@1132] EMC_FREQ 0% GR3D_FREQ 98% PLL@89.5C CPU@98C PMIC@50C GPU@96.5C AO@98C thermal@97C POM_5V_IN 10006/7116 POM_5V_GPU 4853/2653 POM_5V_CPU 1981/1611
RAM 3225/3964MB (lfb 5x256kB) SWAP 1976/1982MB (cached 4MB) CPU [30%@614,22%@614,40%@614,30%@921] EMC_FREQ 0% GR3D_FREQ 99% PLL@89.5C CPU@98.5C PMIC@50C GPU@96.5C AO@98C thermal@97C POM_5V_IN 9763/7170 POM_5V_GPU 4813/2697 POM_5V_CPU 1860/1616
RAM 3225/3964MB (lfb 5x256kB) SWAP 1976/1982MB (cached 4MB) CPU [28%@1326,28%@1326,50%@1326,26%@1326] EMC_FREQ 0% GR3D_FREQ 99% PLL@89.5C CPU@98.5C PMIC@50C GPU@97C AO@98.5C thermal@97C POM_5V_IN 10087/7229 POM_5V_GPU 4975/2743 POM_5V_CPU 1820/1620
RAM 3225/3964MB (lfb 5x256kB) SWAP 1976/1982MB (cached 4MB) CPU [18%@1132,23%@1132,32%@1132,48%@1132] EMC_FREQ 0% GR3D_FREQ 98% PLL@90C CPU@99C PMIC@50C GPU@97C AO@98.5C thermal@97.75C POM_5V_IN 10249/7288 POM_5V_GPU 5015/2788 POM_5V_CPU 1941/1627
RAM 3225/3964MB (lfb 5x256kB) SWAP 1976/1982MB (cached 4MB) CPU [34%@1326,34%@1326,20%@1326,12%@1326] EMC_FREQ 0% GR3D_FREQ 98% PLL@90C CPU@99C PMIC@50C GPU@97C AO@99C thermal@97.75C POM_5V_IN 10168/7343 POM_5V_GPU 5015/2830 POM_5V_CPU 1860/1631
RAM 3225/3964MB (lfb 5x256kB) SWAP 1976/1982MB (cached 4MB) CPU [32%@1224,8%@1224,8%@1224,48%@1224] EMC_FREQ 0% GR3D_FREQ 98% PLL@90.5C CPU@99C PMIC@50C GPU@97.5C AO@98.5C thermal@97.75C POM_5V_IN 10128/7396 POM_5V_GPU 5015/2872 POM_5V_CPU 1820/1635
RAM 3226/3964MB (lfb 5x256kB) SWAP 1976/1982MB (cached 4MB) CPU [21%@1036,20%@1036,26%@1036,37%@1036] EMC_FREQ 0% GR3D_FREQ 98% PLL@90.5C CPU@100C PMIC@50C GPU@97.5C AO@99C thermal@97.75C POM_5V_IN 10152/7447 POM_5V_GPU 5056/2912 POM_5V_CPU 1860/1639
RAM 3226/3964MB (lfb 5x256kB) SWAP 1976/1982MB (cached 4MB) CPU [21%@1326,16%@1326,13%@1326,46%@1326] EMC_FREQ 0% GR3D_FREQ 98% PLL@90.5C CPU@100C PMIC@50C GPU@97.5C AO@99C thermal@98.75C POM_5V_IN 10087/7495 POM_5V_GPU 5056/2951 POM_5V_CPU 1820/1642
RAM 3226/3964MB (lfb 5x256kB) SWAP 1976/1982MB (cached 4MB) CPU [30%@1036,11%@1036,12%@1036,34%@1036] EMC_FREQ 0% GR3D_FREQ 98% PLL@91C CPU@100C PMIC@50C GPU@98C AO@99C thermal@98.75C POM_5V_IN 10128/7542 POM_5V_GPU 5056/2989 POM_5V_CPU 1820/1645
RAM 3226/3964MB (lfb 5x256kB) SWAP 1976/1982MB (cached 4MB) CPU [24%@825,42%@825,19%@825,29%@825] EMC_FREQ 0% GR3D_FREQ 98% PLL@91C CPU@99C PMIC@50C GPU@97.5C AO@99C thermal@98.75C POM_5V_IN 9196/7571 POM_5V_GPU 4294/3011 POM_5V_CPU 1742/1647
RAM 3226/3964MB (lfb 5x256kB) SWAP 1976/1982MB (cached 4MB) CPU [29%@825,28%@825,44%@825,24%@825] EMC_FREQ 0% GR3D_FREQ 99% PLL@91C CPU@99.5C PMIC@50C GPU@97.5C AO@99C thermal@98.75C POM_5V_IN 9601/7606 POM_5V_GPU 4449/3036 POM_5V_CPU 1860/1651
RAM 3226/3964MB (lfb 5x256kB) SWAP 1976/1982MB (cached 4MB) CPU [29%@710,23%@710,15%@710,42%@710] EMC_FREQ 0% GR3D_FREQ 98% PLL@90.5C CPU@99.5C PMIC@50C GPU@97.5C AO@99C thermal@98C POM_5V_IN 9965/7646 POM_5V_GPU 4894/3068 POM_5V_CPU 1860/1654
RAM 3225/3964MB (lfb 5x256kB) SWAP 1976/1982MB (cached 4MB) CPU [28%@710,45%@710,26%@710,20%@710] EMC_FREQ 0% GR3D_FREQ 99% PLL@90.5C CPU@99C PMIC@50C GPU@97C AO@99C thermal@98C POM_5V_IN 9196/7672 POM_5V_GPU 4253/3087 POM_5V_CPU 1698/1655
RAM 3225/3964MB (lfb 5x256kB) SWAP 1976/1982MB (cached 4MB) CPU [40%@1326,20%@1326,19%@1326,30%@1326] EMC_FREQ 0% GR3D_FREQ 98% PLL@90.5C CPU@99C PMIC@50C GPU@97.5C AO@99.5C thermal@98C POM_5V_IN 9358/7699 POM_5V_GPU 4327/3108 POM_5V_CPU 1779/1657
RAM 3225/3964MB (lfb 5x256kB) SWAP 1976/1982MB (cached 4MB) CPU [48%@1428,23%@1428,12%@1428,26%@1428] EMC_FREQ 0% GR3D_FREQ 98% PLL@91C CPU@99.5C PMIC@50C GPU@97.5C AO@99.5C thermal@98C POM_5V_IN 9641/7730 POM_5V_GPU 4449/3129 POM_5V_CPU 1941/1662
RAM 3225/3964MB (lfb 5x256kB) SWAP 1976/1982MB (cached 4MB) CPU [18%@1132,30%@1132,16%@1132,30%@1132] EMC_FREQ 0% GR3D_FREQ 98% PLL@90.5C CPU@99.5C PMIC@50C GPU@97.5C AO@99.5C thermal@98C POM_5V_IN 9965/7766 POM_5V_GPU 4894/3157 POM_5V_CPU 1820/1664
RAM 3225/3964MB (lfb 5x256kB) SWAP 1976/1982MB (cached 4MB) CPU [24%@1036,18%@1036,12%@1036,50%@1036] EMC_FREQ 0% GR3D_FREQ 98% PLL@90.5C CPU@99C PMIC@50C GPU@97.5C AO@99.5C thermal@98.5C POM_5V_IN 9236/7789 POM_5V_GPU 4253/3174 POM_5V_CPU 1742/1665
RAM 3225/3964MB (lfb 5x256kB) SWAP 1976/1982MB (cached 4MB) CPU [24%@1326,20%@1326,20%@1326,40%@1326] EMC_FREQ 0% GR3D_FREQ 99% PLL@90.5C CPU@99C PMIC@50C GPU@97.5C AO@99.5C thermal@98.5C POM_5V_IN 9358/7813 POM_5V_GPU 4327/3192 POM_5V_CPU 1739/1666
RAM 3226/3964MB (lfb 5x256kB) SWAP 1976/1982MB (cached 4MB) CPU [42%@1224,18%@1224,23%@1224,34%@1224] EMC_FREQ 0% GR3D_FREQ 98% PLL@91C CPU@99.5C PMIC@50C GPU@97.5C AO@100C thermal@98.5C POM_5V_IN 9439/7838 POM_5V_GPU 4287/3209 POM_5V_CPU 1901/1670
RAM 3226/3964MB (lfb 5x256kB) SWAP 1976/1982MB (cached 4MB) CPU [25%@710,36%@710,12%@710,40%@710] EMC_FREQ 0% GR3D_FREQ 98% PLL@90.5C CPU@99.5C PMIC@50C GPU@98C AO@100C thermal@98.5C POM_5V_IN 9763/7866 POM_5V_GPU 4691/3231 POM_5V_CPU 1860/1673
RAM 3226/3964MB (lfb 5x256kB) SWAP 1976/1982MB (cached 4MB) CPU [25%@825,30%@825,16%@825,23%@825] EMC_FREQ 0% GR3D_FREQ 99% PLL@91C CPU@99C PMIC@50C GPU@97.5C AO@99.5C thermal@98C POM_5V_IN 9236/7887 POM_5V_GPU 4253/3246 POM_5V_CPU 1742/1674
RAM 3226/3964MB (lfb 5x256kB) SWAP 1976/1982MB (cached 4MB) CPU [27%@921,26%@921,20%@921,40%@921] EMC_FREQ 0% GR3D_FREQ 98% PLL@91C CPU@99C PMIC@50C GPU@98C AO@100C thermal@98C POM_5V_IN 9682/7913 POM_5V_GPU 4368/3262 POM_5V_CPU 1981/1678
RAM 3226/3964MB (lfb 5x256kB) SWAP 1976/1982MB (cached 4MB) CPU [26%@1036,48%@1036,12%@1036,8%@1036] EMC_FREQ 0% GR3D_FREQ 98% PLL@91C CPU@98.5C PMIC@50C GPU@97C AO@99.5C thermal@98C POM_5V_IN 9358/7933 POM_5V_GPU 4247/3276 POM_5V_CPU 1941/1682
RAM 3226/3964MB (lfb 5x256kB) SWAP 1976/1982MB (cached 4MB) CPU [21%@1036,32%@1036,37%@1036,35%@614] EMC_FREQ 0% GR3D_FREQ 98% PLL@91C CPU@99C PMIC@50C GPU@97.5C AO@99.5C thermal@98C POM_5V_IN 9277/7952 POM_5V_GPU 4294/3291 POM_5V_CPU 1779/1683
RAM 3226/3964MB (lfb 5x256kB) SWAP 1976/1982MB (cached 4MB) CPU [34%@614,28%@614,19%@614,8%@614] EMC_FREQ 0% GR3D_FREQ 99% PLL@91C CPU@99C PMIC@50C GPU@97.5C AO@99.5C thermal@98.25C POM_5V_IN 9277/7971 POM_5V_GPU 4253/3304 POM_5V_CPU 1739/1684
RAM 3226/3964MB (lfb 5x256kB) SWAP 1976/1982MB (cached 4MB) CPU [38%@921,26%@921,22%@921,23%@921] EMC_FREQ 0% GR3D_FREQ 98% PLL@91C CPU@99C PMIC@50C GPU@97.5C AO@99.5C thermal@98.25C POM_5V_IN 9358/7990 POM_5V_GPU 4206/3316 POM_5V_CPU 1820/1686
RAM 3226/3964MB (lfb 5x256kB) SWAP 1976/1982MB (cached 4MB) CPU [21%@1036,61%@1036,4%@1036,12%@1036] EMC_FREQ 0% GR3D_FREQ 98% PLL@91C CPU@99C PMIC@50C GPU@97C AO@99.5C thermal@98.25C POM_5V_IN 9155/8005 POM_5V_GPU 4253/3329 POM_5V_CPU 1701/1686
RAM 3226/3964MB (lfb 5x256kB) SWAP 1976/1982MB (cached 4MB) CPU [20%@1326,60%@1326,26%@1326,18%@1326] EMC_FREQ 0% GR3D_FREQ 98% PLL@91C CPU@99.5C PMIC@50C GPU@98C AO@99.5C thermal@98.25C POM_5V_IN 9803/8029 POM_5V_GPU 4611/3346 POM_5V_CPU 1901/1689
RAM 3226/3964MB (lfb 5x256kB) SWAP 1976/1982MB (cached 4MB) CPU [15%@825,53%@825,8%@825,19%@825] EMC_FREQ 0% GR3D_FREQ 98% PLL@91C CPU@99C PMIC@50C GPU@97.5C AO@99.5C thermal@98.25C POM_5V_IN 9236/8045 POM_5V_GPU 4253/3358 POM_5V_CPU 1782/1690
RAM 3226/3964MB (lfb 5x256kB) SWAP 1976/1982MB (cached 4MB) CPU [16%@1132,41%@1132,20%@1132,16%@1132] EMC_FREQ 0% GR3D_FREQ 98% PLL@91C CPU@99C PMIC@50C GPU@97.5C AO@99.5C thermal@98C POM_5V_IN 9358/8062 POM_5V_GPU 4253/3370 POM_5V_CPU 1820/1692
RAM 3226/3964MB (lfb 5x256kB) SWAP 1976/1982MB (cached 4MB) CPU [20%@921,28%@921,38%@921,37%@921] EMC_FREQ 0% GR3D_FREQ 99% PLL@91C CPU@99C PMIC@50C GPU@97.5C AO@99.5C thermal@98C POM_5V_IN 9358/8079 POM_5V_GPU 4287/3381 POM_5V_CPU 1820/1694
RAM 3226/3964MB (lfb 5x256kB) SWAP 1976/1982MB (cached 4MB) CPU [12%@921,25%@921,12%@921,61%@921] EMC_FREQ 0% GR3D_FREQ 99% PLL@91C CPU@99C PMIC@50C GPU@97.5C AO@99.5C thermal@98C POM_5V_IN 9277/8094 POM_5V_GPU 4253/3392 POM_5V_CPU 1823/1695
RAM 3226/3964MB (lfb 5x256kB) SWAP 1976/1982MB (cached 4MB) CPU [16%@1036,34%@1036,29%@1036,46%@1036] EMC_FREQ 0% GR3D_FREQ 98% PLL@91C CPU@99C PMIC@50C GPU@97.5C AO@99.5C thermal@98C POM_5V_IN 9560/8112 POM_5V_GPU 4368/3405 POM_5V_CPU 1901/1698
RAM 3226/3964MB (lfb 5x256kB) SWAP 1976/1982MB (cached 4MB) CPU [16%@1326,59%@1326,12%@1326,18%@1326] EMC_FREQ 0% GR3D_FREQ 98% PLL@91C CPU@98.5C PMIC@50C GPU@97.5C AO@100C thermal@98.25C POM_5V_IN 9277/8127 POM_5V_GPU 4253/3415 POM_5V_CPU 1782/1699
RAM 3226/3964MB (lfb 5x256kB) SWAP 1976/1982MB (cached 4MB) CPU [16%@1132,39%@1132,14%@1132,12%@1132] EMC_FREQ 0% GR3D_FREQ 98% PLL@91C CPU@99C PMIC@50C GPU@97.5C AO@99.5C thermal@98.25C POM_5V_IN 9317/8141 POM_5V_GPU 4253/3425 POM_5V_CPU 1820/1700
RAM 3226/3964MB (lfb 5x256kB) SWAP 1976/1982MB (cached 4MB) CPU [12%@1326,29%@1326,20%@1326,25%@1326] EMC_FREQ 0% GR3D_FREQ 98% PLL@91C CPU@98.5C PMIC@50C GPU@97.5C AO@99.5C thermal@98.25C POM_5V_IN 9317/8155 POM_5V_GPU 4253/3435 POM_5V_CPU 1782/1701
RAM 3226/3964MB (lfb 5x256kB) SWAP 1976/1982MB (cached 4MB) CPU [23%@825,25%@825,40%@825,23%@825] EMC_FREQ 0% GR3D_FREQ 98% PLL@91C CPU@99C PMIC@50C GPU@97.5C AO@99.5C thermal@98.25C POM_5V_IN 9277/8169 POM_5V_GPU 4253/3445 POM_5V_CPU 1779/1702
RAM 3226/3964MB (lfb 5x256kB) SWAP 1976/1982MB (cached 4MB) CPU [25%@825,36%@825,28%@825,16%@825] EMC_FREQ 0% GR3D_FREQ 99% PLL@90.5C CPU@99C PMIC@50C GPU@97.5C AO@99.5C thermal@98.25C POM_5V_IN 9236/8181 POM_5V_GPU 4253/3454 POM_5V_CPU 1779/1703
RAM 3226/3964MB (lfb 5x256kB) SWAP 1976/1982MB (cached 4MB) CPU [25%@825,30%@825,42%@825,25%@825] EMC_FREQ 0% GR3D_FREQ 98% PLL@91C CPU@99.5C PMIC@50C GPU@97.5C AO@99.5C thermal@98.25C POM_5V_IN 9196/8193 POM_5V_GPU 4253/3464 POM_5V_CPU 1782/1704
RAM 3226/3964MB (lfb 5x256kB) SWAP 1976/1982MB (cached 4MB) CPU [23%@1224,38%@1224,12%@1224,30%@1224] EMC_FREQ 0% GR3D_FREQ 98% PLL@91C CPU@99C PMIC@50C GPU@97.5C AO@100C thermal@98.25C POM_5V_IN 9277/8205 POM_5V_GPU 4253/3473 POM_5V_CPU 1782/1705
RAM 3226/3964MB (lfb 5x256kB) SWAP 1976/1982MB (cached 4MB) CPU [22%@1224,40%@1224,16%@1224,29%@1224] EMC_FREQ 0% GR3D_FREQ 98% PLL@91.5C CPU@98.5C PMIC@50C GPU@97.5C AO@99.5C thermal@98.25C POM_5V_IN 9277/8218 POM_5V_GPU 4247/3482 POM_5V_CPU 1860/1707
RAM 3226/3964MB (lfb 5x256kB) SWAP 1976/1982MB (cached 4MB) CPU [16%@825,39%@825,22%@825,34%@825] EMC_FREQ 0% GR3D_FREQ 99% PLL@91.5C CPU@99C PMIC@50C GPU@97.5C AO@100.5C thermal@98.25C POM_5V_IN 9236/8229 POM_5V_GPU 4253/3490 POM_5V_CPU 1742/1707
RAM 3226/3964MB (lfb 5x256kB) SWAP 1976/1982MB (cached 4MB) CPU [22%@1326,37%@1326,20%@1326,24%@1326] EMC_FREQ 0% GR3D_FREQ 98% PLL@91.5C CPU@98.5C PMIC@50C GPU@97.5C AO@100C thermal@98.5C POM_5V_IN 9236/8240 POM_5V_GPU 4253/3499 POM_5V_CPU 1782/1708
RAM 3226/3964MB (lfb 5x256kB) SWAP 1976/1982MB (cached 4MB) CPU [56%@1224,4%@1224,4%@1224,16%@1224] EMC_FREQ 0% GR3D_FREQ 98% PLL@91C CPU@99C PMIC@50C GPU@97.5C AO@100C thermal@98.5C POM_5V_IN 9115/8250 POM_5V_GPU 4253/3507 POM_5V_CPU 1620/1707
RAM 3226/3964MB (lfb 5x256kB) SWAP 1976/1982MB (cached 4MB) CPU [60%@1224,11%@1224,12%@1224,8%@1224] EMC_FREQ 0% GR3D_FREQ 99% PLL@90.5C CPU@98.5C PMIC@50C GPU@98C AO@99.5C thermal@98.5C POM_5V_IN 9277/8261 POM_5V_GPU 4456/3517 POM_5V_CPU 1539/1705
RAM 3226/3964MB (lfb 5x256kB) SWAP 1976/1982MB (cached 4MB) CPU [57%@825,12%@825,23%@825,26%@825] EMC_FREQ 0% GR3D_FREQ 98% PLL@90.5C CPU@99.5C PMIC@50C GPU@97.5C AO@99.5C thermal@98.5C POM_5V_IN 9277/8272 POM_5V_GPU 4334/3526 POM_5V_CPU 1660/1705
RAM 3226/3964MB (lfb 5x256kB) SWAP 1976/1982MB (cached 4MB) CPU [30%@518,12%@518,22%@518,57%@518] EMC_FREQ 0% GR3D_FREQ 98% PLL@91C CPU@99C PMIC@50C GPU@97.5C AO@99.5C thermal@98.25C POM_5V_IN 9155/8281 POM_5V_GPU 4253/3534 POM_5V_CPU 1660/1704
RAM 3221/3964MB (lfb 5x256kB) SWAP 1976/1982MB (cached 4MB) CPU [34%@825,19%@825,40%@825,25%@825] EMC_FREQ 0% GR3D_FREQ 99% PLL@91C CPU@99.5C PMIC@50C GPU@98C AO@100C thermal@98.25C POM_5V_IN 9439/8293 POM_5V_GPU 4408/3543 POM_5V_CPU 1739/1704
RAM 3221/3964MB (lfb 5x256kB) SWAP 1976/1982MB (cached 4MB) CPU [25%@614,12%@614,38%@614,38%@614] EMC_FREQ 0% GR3D_FREQ 98% PLL@91C CPU@99.5C PMIC@50C GPU@98C AO@100C thermal@98.25C POM_5V_IN 9196/8303 POM_5V_GPU 4253/3550 POM_5V_CPU 1742/1705
RAM 3221/3964MB (lfb 5x256kB) SWAP 1976/1982MB (cached 4MB) CPU [48%@825,25%@825,4%@825,12%@825] EMC_FREQ 0% GR3D_FREQ 98% PLL@91C CPU@99C PMIC@50C GPU@97.5C AO@100C thermal@98.25C POM_5V_IN 9155/8312 POM_5V_GPU 4253/3558 POM_5V_CPU 1660/1704
RAM 3221/3964MB (lfb 5x256kB) SWAP 1976/1982MB (cached 4MB) CPU [26%@518,42%@518,18%@614,29%@614] EMC_FREQ 0% GR3D_FREQ 99% PLL@91C CPU@99C PMIC@50C GPU@97.5C AO@100C thermal@98.25C POM_5V_IN 9196/8321 POM_5V_GPU 4253/3565 POM_5V_CPU 1701/1704
RAM 3221/3964MB (lfb 5x256kB) SWAP 1976/1982MB (cached 4MB) CPU [32%@1132,30%@710,25%@710,20%@710] EMC_FREQ 0% GR3D_FREQ 98% PLL@91C CPU@99C PMIC@50C GPU@97.5C AO@100C thermal@98.25C POM_5V_IN 9196/8329 POM_5V_GPU 4253/3572 POM_5V_CPU 1701/1704
RAM 3221/3964MB (lfb 5x256kB) SWAP 1976/1982MB (cached 4MB) CPU [36%@1036,16%@1036,24%@1036,32%@1036] EMC_FREQ 0% GR3D_FREQ 98% PLL@91C CPU@99C PMIC@50C GPU@97.5C AO@100C thermal@98.25C POM_5V_IN 9155/8338 POM_5V_GPU 4253/3578 POM_5V_CPU 1701/1704
RAM 3221/3964MB (lfb 5x256kB) SWAP 1976/1982MB (cached 4MB) CPU [28%@614,30%@614,44%@614,20%@614] EMC_FREQ 0% GR3D_FREQ 99% PLL@91.5C CPU@99.5C PMIC@50C GPU@97.5C AO@100C thermal@98.25C POM_5V_IN 9155/8346 POM_5V_GPU 4253/3585 POM_5V_CPU 1701/1704
RAM 3221/3964MB (lfb 5x256kB) SWAP 1976/1982MB (cached 4MB) CPU [30%@518,8%@518,64%@518,19%@518] EMC_FREQ 0% GR3D_FREQ 98% PLL@91C CPU@99.5C PMIC@50C GPU@97.5C AO@100C thermal@98.25C POM_5V_IN 9196/8354 POM_5V_GPU 4253/3592 POM_5V_CPU 1701/1704
RAM 3220/3964MB (lfb 5x256kB) SWAP 1976/1982MB (cached 4MB) CPU [25%@1132,46%@1132,23%@1132,11%@1132] EMC_FREQ 0% GR3D_FREQ 98% PLL@91C CPU@99C PMIC@50C GPU@97.5C AO@99.5C thermal@98.25C POM_5V_IN 9196/8362 POM_5V_GPU 4253/3598 POM_5V_CPU 1701/1704
RAM 3220/3964MB (lfb 5x256kB) SWAP 1976/1982MB (cached 4MB) CPU [32%@1132,29%@1132,25%@1132,24%@1132] EMC_FREQ 0% GR3D_FREQ 98% PLL@91.5C CPU@99C PMIC@50C GPU@97.5C AO@100C thermal@98.25C POM_5V_IN 9236/8371 POM_5V_GPU 4253/3604 POM_5V_CPU 1742/1704
RAM 3220/3964MB (lfb 5x256kB) SWAP 1976/1982MB (cached 4MB) CPU [32%@1132,26%@1132,15%@1132,34%@1132] EMC_FREQ 0% GR3D_FREQ 0% PLL@91C CPU@97C PMIC@50C GPU@97C AO@99.5C thermal@98.25C POM_5V_IN 7274/8360 POM_5V_GPU 2759/3596 POM_5V_CPU 1541/1703
RAM 3206/3964MB (lfb 5x256kB) SWAP 1976/1982MB (cached 4MB) CPU [0%@1224,100%@1224,11%@1224,7%@1224] EMC_FREQ 0% GR3D_FREQ 0% PLL@89C CPU@92.5C PMIC@50C GPU@92C AO@98C thermal@98.25C POM_5V_IN 4321/8322 POM_5V_GPU 489/3567 POM_5V_CPU 1139/1698
RAM 2588/3964MB (lfb 1x2MB) SWAP 1976/1982MB (cached 4MB) CPU [11%@1224,28%@1224,25%@1224,57%@1224] EMC_FREQ 0% GR3D_FREQ 0% PLL@87C CPU@90C PMIC@50C GPU@89.5C AO@96C thermal@90C POM_5V_IN 4402/8286 POM_5V_GPU 489/3538 POM_5V_CPU 1139/1692
RAM 2588/3964MB (lfb 1x2MB) SWAP 1976/1982MB (cached 4MB) CPU [4%@710,4%@710,11%@710,8%@710] EMC_FREQ 0% GR3D_FREQ 0% PLL@84.5C CPU@88C PMIC@50C GPU@88C AO@94.5C thermal@90C POM_5V_IN 3791/8244 POM_5V_GPU 489/3510 POM_5V_CPU 733/1683
RAM 2588/3964MB (lfb 1x2MB) SWAP 1976/1982MB (cached 4MB) CPU [11%@204,7%@204,0%@204,11%@204] EMC_FREQ 0% GR3D_FREQ 0% PLL@83C CPU@86.5C PMIC@50C GPU@86C AO@93C thermal@90C POM_5V_IN 3383/8199 POM_5V_GPU 407/3482 POM_5V_CPU 489/1673
RAM 2588/3964MB (lfb 1x2MB) SWAP 1976/1982MB (cached 4MB) CPU [19%@102,8%@102,0%@102,4%@102] EMC_FREQ 0% GR3D_FREQ 0% PLL@82C CPU@85.5C PMIC@50C GPU@85.5C AO@92C thermal@90C POM_5V_IN 3424/8156 POM_5V_GPU 448/3454 POM_5V_CPU 529/1662
