RAM 2593/3964MB (lfb 1x2MB) SWAP 1976/1982MB (cached 4MB) CPU [0%@1326,68%@1326,0%@1326,4%@1326] EMC_FREQ 0% GR3D_FREQ 0% PLL@81C CPU@86C PMIC@50C GPU@84C AO@90.5C thermal@85.25C POM_5V_IN 3750/3750 POM_5V_GPU 489/489 POM_5V_CPU 856/856
RAM 2593/3964MB (lfb 1x2MB) SWAP 1976/1982MB (cached 4MB) CPU [15%@204,4%@204,3%@204,11%@204] EMC_FREQ 0% GR3D_FREQ 0% PLL@80C CPU@84C PMIC@50C GPU@83.5C AO@90C thermal@85.25C POM_5V_IN 3465/3607 POM_5V_GPU 448/468 POM_5V_CPU 529/692
RAM 2593/3964MB (lfb 1x2MB) SWAP 1976/1982MB (cached 4MB) CPU [23%@204,3%@204,3%@204,11%@204] EMC_FREQ 0% GR3D_FREQ 0% PLL@79.5C CPU@83C PMIC@50C GPU@82.5C AO@89.5C thermal@85.25C POM_5V_IN 3383/3532 POM_5V_GPU 407/448 POM_5V_CPU 489/624
RAM 2593/3964MB (lfb 1x2MB) SWAP 1976/1982MB (cached 4MB) CPU [16%@204,0%@204,0%@204,7%@204] EMC_FREQ 0% GR3D_FREQ 0% PLL@79C CPU@82.5C PMIC@50C GPU@82C AO@88.5C thermal@85.25C POM_5V_IN 3342/3485 POM_5V_GPU 407/437 POM_5V_CPU 489/590
RAM 2593/3964MB (lfb 1x2MB) SWAP 1976/1982MB (cached 4MB) CPU [24%@307,4%@307,4%@307,11%@307] EMC_FREQ 0% GR3D_FREQ 0% PLL@78.5C CPU@82C PMIC@50C GPU@81.5C AO@88C thermal@81.75C POM_5V_IN 3465/3481 POM_5V_GPU 448/439 POM_5V_CPU 570/586
RAM 2593/3964MB (lfb 1x2MB) SWAP 1976/1982MB (cached 4MB) CPU [25%@307,0%@307,0%@307,4%@307] EMC_FREQ 0% GR3D_FREQ 0% PLL@77.5C CPU@81.5C PMIC@50C GPU@81C AO@87.5C thermal@81.75C POM_5V_IN 3383/3464 POM_5V_GPU 407/434 POM_5V_CPU 529/577
RAM 2593/3964MB (lfb 1x2MB) SWAP 1976/1982MB (cached 4MB) CPU [20%@307,11%@307,11%@307,7%@307] EMC_FREQ 0% GR3D_FREQ 0% PLL@77C CPU@81C PMIC@50C GPU@80.5C AO@86.5C thermal@81.75C POM_5V_IN 3383/3453 POM_5V_GPU 407/430 POM_5V_CPU 529/570
RAM 2616/3964MB (lfb 4x1MB) SWAP 1976/1982MB (cached 4MB) CPU [44%@1326,16%@1326,4%@1326,8%@1326] EMC_FREQ 0% GR3D_FREQ 0% PLL@77C CPU@82C PMIC@50C GPU@80C AO@87C thermal@81.75C POM_5V_IN 4076/3530 POM_5V_GPU 407/427 POM_5V_CPU 1058/631
RAM 2655/3964MB (lfb 4x1MB) SWAP 1976/1982MB (cached 4MB) CPU [88%@1326,4%@1326,14%@1326,11%@1326] EMC_FREQ 0% GR3D_FREQ 0% PLL@77.5C CPU@84.5C PMIC@50C GPU@80.5C AO@88C thermal@82.25C POM_5V_IN 4762/3667 POM_5V_GPU 651/452 POM_5V_CPU 1546/732
RAM 2689/3964MB (lfb 4x1MB) SWAP 1976/1982MB (cached 4MB) CPU [25%@1326,96%@1326,0%@1326,12%@1326] EMC_FREQ 0% GR3D_FREQ 3% PLL@78.5C CPU@84C PMIC@50C GPU@81C AO@87.5C thermal@82.25C POM_5V_IN 4925/3793 POM_5V_GPU 691/476 POM_5V_CPU 1750/834
RAM 2731/3964MB (lfb 4x1MB) SWAP 1976/1982MB (cached 4MB) CPU [16%@1428,96%@1428,8%@1428,12%@1428] EMC_FREQ 0% GR3D_FREQ 9% PLL@78.5C CPU@85C PMIC@50C GPU@80.5C AO@87.5C thermal@82.25C POM_5V_IN 4803/3885 POM_5V_GPU 366/466 POM_5V_CPU 1872/928
RAM 2784/3964MB (lfb 4x1MB) SWAP 1976/1982MB (cached 4MB) CPU [19%@1428,96%@1428,11%@1428,11%@1428] EMC_FREQ 0% GR3D_FREQ 0% PLL@78.5C CPU@86C PMIC@50C GPU@80C AO@87.5C thermal@82.25C POM_5V_IN 4606/3945 POM_5V_GPU 284/451 POM_5V_CPU 1953/1014
RAM 2827/3964MB (lfb 4x1MB) SWAP 1976/1982MB (cached 4MB) CPU [19%@1428,12%@1428,100%@1428,8%@1428] EMC_FREQ 0% GR3D_FREQ 8% PLL@79C CPU@83C PMIC@50C GPU@81C AO@87.5C thermal@82.25C POM_5V_IN 4843/4014 POM_5V_GPU 366/444 POM_5V_CPU 1953/1086
RAM 2853/3964MB (lfb 4x1MB) SWAP 1976/1982MB (cached 4MB) CPU [17%@1428,56%@1428,51%@1428,8%@1428] EMC_FREQ 0% GR3D_FREQ 15% PLL@79C CPU@85C PMIC@50C GPU@80.5C AO@87.5C thermal@81.75C POM_5V_IN 4843/4073 POM_5V_GPU 407/441 POM_5V_CPU 1913/1145
RAM 2889/3964MB (lfb 4x1MB) SWAP 1976/1982MB (cached 4MB) CPU [19%@1428,91%@1428,12%@1428,12%@1428] EMC_FREQ 0% GR3D_FREQ 16% PLL@79C CPU@85C PMIC@50C GPU@80.5C AO@87.5C thermal@81.75C POM_5V_IN 4843/4124 POM_5V_GPU 407/439 POM_5V_CPU 1913/1196
RAM 2935/3964MB (lfb 4x1MB) SWAP 1976/1982MB (cached 4MB) CPU [23%@1428,92%@1428,8%@1428,20%@1428] EMC_FREQ 0% GR3D_FREQ 2% PLL@79C CPU@85C PMIC@50C GPU@80C AO@87.5C thermal@81.75C POM_5V_IN 4721/4162 POM_5V_GPU 325/432 POM_5V_CPU 1872/1238
RAM 2988/3964MB (lfb 4x1MB) SWAP 1976/1982MB (cached 4MB) CPU [20%@1428,11%@1428,11%@1428,96%@1428] EMC_FREQ 0% GR3D_FREQ 0% PLL@79C CPU@82.5C PMIC@50C GPU@80C AO@87C thermal@81.75C POM_5V_IN 4729/4195 POM_5V_GPU 325/426 POM_5V_CPU 1913/1278
RAM 3039/3964MB (lfb 4x1MB) SWAP 1976/1982MB (cached 4MB) CPU [8%@1428,18%@1428,12%@1428,100%@1428] EMC_FREQ 0% GR3D_FREQ 0% PLL@79C CPU@82C PMIC@50C GPU@79.5C AO@87C thermal@81.25C POM_5V_IN 4484/4211 POM_5V_GPU 285/418 POM_5V_CPU 1668/1300
RAM 3063/3964MB (lfb 4x1MB) SWAP 1976/1982MB (cached 4MB) CPU [24%@1428,12%@1428,8%@1428,100%@1428] EMC_FREQ 0% GR3D_FREQ 13% PLL@78C CPU@82C PMIC@50C GPU@79.5C AO@86.5C thermal@81.25C POM_5V_IN 4566/4230 POM_5V_GPU 325/413 POM_5V_CPU 1709/1321
RAM 3096/3964MB (lfb 4x1MB) SWAP 1976/1982MB (cached 4MB) CPU [12%@1428,4%@1428,4%@1428,100%@1428] EMC_FREQ 0% GR3D_FREQ 0% PLL@78C CPU@81C PMIC@50C GPU@79.5C AO@86C thermal@81.25C POM_5V_IN 4362/4236 POM_5V_GPU 285/406 POM_5V_CPU 1628/1336
RAM 3132/3964MB (lfb 4x1MB) SWAP 1976/1982MB (cached 4MB) CPU [25%@1479,15%@1479,12%@1479,92%@1479] EMC_FREQ 0% GR3D_FREQ 14% PLL@78.5C CPU@82C PMIC@50C GPU@79.5C AO@86C thermal@81.25C POM_5V_IN 4762/4261 POM_5V_GPU 366/404 POM_5V_CPU 1913/1364
RAM 3179/3964MB (lfb 4x1MB) SWAP 1976/1982MB (cached 4MB) CPU [26%@1479,15%@1479,15%@1479,95%@1479] EMC_FREQ 0% GR3D_FREQ 14% PLL@78C CPU@82C PMIC@50C GPU@79C AO@86C thermal@80.25C POM_5V_IN 4762/4284 POM_5V_GPU 325/401 POM_5V_CPU 1872/1387
RAM 3213/3964MB (lfb 4x1MB) SWAP 1976/1982MB (cached 4MB) CPU [23%@1479,11%@1479,12%@1479,92%@1479] EMC_FREQ 0% GR3D_FREQ 23% PLL@78C CPU@81.5C PMIC@50C GPU@79C AO@86C thermal@80.25C POM_5V_IN 4803/4307 POM_5V_GPU 407/401 POM_5V_CPU 1953/1412
RAM 3225/3964MB (lfb 4x256kB) SWAP 1976/1982MB (cached 4MB) CPU [16%@518,4%@518,24%@518,61%@518] EMC_FREQ 0% GR3D_FREQ 99% PLL@77C CPU@80.5C PMIC@50C GPU@79C AO@86C thermal@80.25C POM_5V_IN 4599/4319 POM_5V_GPU 976/425 POM_5V_CPU 1058/1397
RAM 3225/3964MB (lfb 4x256kB) SWAP 1976/1982MB (cached 4MB) CPU [39%@614,12%@614,50%@1036,8%@1036] EMC_FREQ 0% GR3D_FREQ 98% PLL@78C CPU@84C PMIC@50C GPU@83C AO@86.5C thermal@80.25C POM_5V_IN 8872/4501 POM_5V_GPU 4375/583 POM_5V_CPU 1417/1398
RAM 3225/3964MB (lfb 4x256kB) SWAP 1976/1982MB (cached 4MB) CPU [35%@921,24%@921,56%@921,8%@921] EMC_FREQ 0% GR3D_FREQ 99% PLL@79C CPU@87C PMIC@50C GPU@85.5C AO@88C thermal@80.25C POM_5V_IN 9236/4683 POM_5V_GPU 4577/737 POM_5V_CPU 1539/1403
RAM 3225/3964MB (lfb 4x256kB) SWAP 1976/1982MB (cached 4MB) CPU [12%@1224,58%@1224,8%@1224,8%@1224] EMC_FREQ 0% GR3D_FREQ 98% PLL@80.5C CPU@88C PMIC@50C GPU@87C AO@89C thermal@86.5C POM_5V_IN 9398/4858 POM_5V_GPU 4611/880 POM_5V_CPU 1617/1411
RAM 3225/3964MB (lfb 4x256kB) SWAP 1976/1982MB (cached 4MB) CPU [25%@825,32%@825,16%@825,34%@1224] EMC_FREQ 0% GR3D_FREQ 99% PLL@82C CPU@89.5C PMIC@50C GPU@88C AO@90C thermal@86.5C POM_5V_IN 9439/5021 POM_5V_GPU 4651/1015 POM_5V_CPU 1577/1417
RAM 3225/3964MB (lfb 4x256kB) SWAP 1976/1982MB (cached 4MB) CPU [37%@518,4%@518,61%@518,12%@518] EMC_FREQ 0% GR3D_FREQ 98% PLL@82C CPU@90C PMIC@50C GPU@89C AO@90.5C thermal@86.5C POM_5V_IN 9358/5171 POM_5V_GPU 4691/1141 POM_5V_CPU 1498/1420
RAM 3225/3964MB (lfb 4x256kB) SWAP 1976/1982MB (cached 4MB) CPU [25%@1036,18%@1036,57%@1036,12%@1036] EMC_FREQ 0% GR3D_FREQ 98% PLL@82.5C CPU@90.5C PMIC@50C GPU@89.5C AO@91.5C thermal@86.5C POM_5V_IN 9479/5314 POM_5V_GPU 4732/1261 POM_5V_CPU 1537/1424
RAM 3225/3964MB (lfb 4x256kB) SWAP 1976/1982MB (cached 4MB) CPU [44%@1479,12%@1479,30%@1479,12%@1479] EMC_FREQ 0% GR3D_FREQ 98% PLL@83.5C CPU@91.5C PMIC@50C GPU@90.5C AO@92C thermal@90.5C POM_5V_IN 9682/5455 POM_5V_GPU 4732/1373 POM_5V_CPU 1739/1434
RAM 3225/3964MB (lfb 4x256kB) SWAP 1976/1982MB (cached 4MB) CPU [38%@1479,8%@1479,46%@1479,22%@1479] EMC_FREQ 0% GR3D_FREQ 98% PLL@84C CPU@92C PMIC@50C GPU@91C AO@92.5C thermal@90.5C POM_5V_IN 9763/5590 POM_5V_GPU 4732/1478 POM_5V_CPU 1739/1443
RAM 3225/3964MB (lfb 4x256kB) SWAP 1976/1982MB (cached 4MB) CPU [30%@614,14%@614,60%@614,16%@614] EMC_FREQ 0% GR3D_FREQ 99% PLL@84C CPU@92.5C PMIC@50C GPU@91.5C AO@92.5C thermal@90.5C POM_5V_IN 9601/5711 POM_5V_GPU 4813/1579 POM_5V_CPU 1577/1447
RAM 3225/3964MB (lfb 4x256kB) SWAP 1976/1982MB (cached 4MB) CPU [25%@825,21%@825,34%@825,24%@825] EMC_FREQ 0% GR3D_FREQ 99% PLL@84.5C CPU@93C PMIC@50C GPU@92C AO@93C thermal@90.5C POM_5V_IN 9763/5830 POM_5V_GPU 4813/1674 POM_5V_CPU 1698/1455
RAM 3225/3964MB (lfb 4x256kB) SWAP 1976/1982MB (cached 4MB) CPU [30%@1132,42%@1132,15%@1132,20%@1132] EMC_FREQ 0% GR3D_FREQ 98% PLL@85.5C CPU@93.5C PMIC@50C GPU@92.5C AO@93.5C thermal@93C POM_5V_IN 9763/5943 POM_5V_GPU 4853/1765 POM_5V_CPU 1698/1462
RAM 3225/3964MB (lfb 4x256kB) SWAP 1976/1982MB (cached 4MB) CPU [25%@710,42%@710,25%@710,15%@710] EMC_FREQ 0% GR3D_FREQ 98% PLL@85.5C CPU@94.5C PMIC@50C GPU@93C AO@94C thermal@93C POM_5V_IN 9884/6052 POM_5V_GPU 4813/1850 POM_5V_CPU 1779/1470
RAM 3225/3964MB (lfb 4x256kB) SWAP 1976/1982MB (cached 4MB) CPU [28%@614,20%@614,54%@614,18%@614] EMC_FREQ 0% GR3D_FREQ 99% PLL@85.5C CPU@94.5C PMIC@50C GPU@93C AO@94C thermal@93C POM_5V_IN 9722/6151 POM_5V_GPU 4853/1931 POM_5V_CPU 1617/1474
RAM 3225/3964MB (lfb 4x256kB) SWAP 1976/1982MB (cached 4MB) CPU [28%@1428,16%@1428,60%@1428,18%@1428] EMC_FREQ 0% GR3D_FREQ 98% PLL@86C CPU@94.5C PMIC@50C GPU@93.5C AO@94.5C thermal@93C POM_5V_IN 9803/6247 POM_5V_GPU 4894/2009 POM_5V_CPU 1658/1479
RAM 3225/3964MB (lfb 4x256kB) SWAP 1976/1982MB (cached 4MB) CPU [26%@921,40%@921,16%@921,29%@921] EMC_FREQ 0% GR3D_FREQ 98% PLL@86.5C CPU@95C PMIC@50C GPU@94C AO@95C thermal@93C POM_5V_IN 9844/6340 POM_5V_GPU 4894/2083 POM_5V_CPU 1698/1485
RAM 3225/3964MB (lfb 4x256kB) SWAP 1976/1982MB (cached 4MB) CPU [29%@1036,8%@1036,24%@1036,36%@1036] EMC_FREQ 0% GR3D_FREQ 98% PLL@87C CPU@95.5C PMIC@50C GPU@94.5C AO@95C thermal@94.75C POM_5V_IN 10006/6431 POM_5V_GPU 4894/2153 POM_5V_CPU 1820/1493
RAM 3225/3964MB (lfb 4x256kB) SWAP 1976/1982MB (cached 4MB) CPU [29%@1036,42%@1036,20%@1036,16%@1036] EMC_FREQ 0% GR3D_FREQ 98% PLL@87C CPU@96C PMIC@50C GPU@94.5C AO@95.5C thermal@94.75C POM_5V_IN 9965/6518 POM_5V_GPU 4934/2221 POM_5V_CPU 1739/1499
RAM 3225/3964MB (lfb 4x256kB) SWAP 1976/1982MB (cached 4MB) CPU [24%@1428,43%@1428,34%@1428,23%@1428] EMC_FREQ 0% GR3D_FREQ 98% PLL@88C CPU@96C PMIC@50C GPU@95C AO@96C thermal@94.75C POM_5V_IN 10087/6602 POM_5V_GPU 4934/2285 POM_5V_CPU 1779/1506
RAM 3225/3964MB (lfb 4x256kB) SWAP 1976/1982MB (cached 4MB) CPU [23%@614,28%@614,46%@614,38%@614] EMC_FREQ 0% GR3D_FREQ 99% PLL@88C CPU@96.5C PMIC@50C GPU@95C AO@96.5C thermal@94.75C POM_5V_IN 10087/6684 POM_5V_GPU 4975/2348 POM_5V_CPU 1779/1512
RAM 3225/3964MB (lfb 4x256kB) SWAP 1976/1982MB (cached 4MB) CPU [12%@1479,45%@1479,19%@1479,30%@1479] EMC_FREQ 0% GR3D_FREQ 98% PLL@88C CPU@97C PMIC@50C GPU@95.5C AO@97C thermal@96.25C POM_5V_IN 10273/6765 POM_5V_GPU 4975/2408 POM_5V_CPU 1981/1523
RAM 3226/3964MB (lfb 4x256kB) SWAP 1976/1982MB (cached 4MB) CPU [19%@1224,48%@1224,19%@1224,28%@1224] EMC_FREQ 0% GR3D_FREQ 98% PLL@89C CPU@97C PMIC@50C GPU@95.5C AO@97C thermal@96.25C POM_5V_IN 10314/6844 POM_5V_GPU 4975/2465 POM_5V_CPU 1941/1532
RAM 3226/3964MB (lfb 4x256kB) SWAP 1976/1982MB (cached 4MB) CPU [17%@1479,33%@1479,50%@1479,16%@1479] EMC_FREQ 0% GR3D_FREQ 99% PLL@89C CPU@97.5C PMIC@50C GPU@96C AO@97C thermal@96.25C POM_5V_IN 10128/6915 POM_5V_GPU 5015/2520 POM_5V_CPU 1820/1538
RAM 3226/3964MB (lfb 4x256kB) SWAP 1976/1982MB (cached 4MB) CPU [16%@1428,37%@1428,28%@1428,36%@1428] EMC_FREQ 0% GR3D_FREQ 98% PLL@89.5C CPU@98C PMIC@50C GPU@96.5C AO@97C thermal@96.25C POM_5V_IN 10249/6986 POM_5V_GPU 5015/2573 POM_5V_CPU 1981/1548
RAM 3226/3964MB (lfb 4x256kB) SWAP 1976/1982MB (cached 4MB) CPU [20%@1479,42%@1479,16%@1479,40%@1479] EMC_FREQ 0% GR3D_FREQ 98% PLL@90C CPU@98.5C PMIC@50C GPU@97C AO@98C thermal@97.75C POM_5V_IN 10395/7057 POM_5V_GPU 5015/2624 POM_5V_CPU 2103/1559
RAM 3226/3964MB (lfb 4x256kB) SWAP 1976/1982MB (cached 4MB) CPU [8%@825,37%@825,46%@825,15%@825] EMC_FREQ 0% GR3D_FREQ 98% PLL@90C CPU@98.5C PMIC@50C GPU@97C AO@98C thermal@97.75C POM_5V_IN 10192/7121 POM_5V_GPU 5056/2674 POM_5V_CPU 1820/1565
RAM 3226/3964MB (lfb 4x256kB) SWAP 1976/1982MB (cached 4MB) CPU [19%@1132,34%@1132,36%@1132,16%@1132] EMC_FREQ 0% GR3D_FREQ 98% PLL@90C CPU@99C PMIC@50C GPU@97.5C AO@98C thermal@97.75C POM_5V_IN 10192/7183 POM_5V_GPU 5056/2721 POM_5V_CPU 1820/1570
RAM 3226/3964MB (lfb 4x256kB) SWAP 1976/1982MB (cached 4MB) CPU [20%@1428,30%@1428,16%@1428,50%@1428] EMC_FREQ 0% GR3D_FREQ 99% PLL@90C CPU@99C PMIC@50C GPU@97C AO@98.5C thermal@97.75C POM_5V_IN 10233/7242 POM_5V_GPU 5056/2767 POM_5V_CPU 1860/1575
RAM 3226/3964MB (lfb 4x256kB) SWAP 1976/1982MB (cached 4MB) CPU [12%@1428,34%@1428,20%@1428,33%@1428] EMC_FREQ 0% GR3D_FREQ 98% PLL@90.5C CPU@99.5C PMIC@50C GPU@97.5C AO@98.5C thermal@97.75C POM_5V_IN 10273/7301 POM_5V_GPU 5056/2811 POM_5V_CPU 1901/1582
RAM 3226/3964MB (lfb 4x256kB) SWAP 1976/1982MB (cached 4MB) CPU [30%@921,32%@921,44%@921,20%@921] EMC_FREQ 0% GR3D_FREQ 99% PLL@90.5C CPU@99.5C PMIC@50C GPU@98C AO@99C thermal@98.5C POM_5V_IN 10314/7358 POM_5V_GPU 5096/2854 POM_5V_CPU 1901/1588
RAM 3226/3964MB (lfb 4x256kB) SWAP 1976/1982MB (cached 4MB) CPU [28%@1428,26%@1428,42%@1428,29%@1428] EMC_FREQ 0% GR3D_FREQ 98% PLL@91C CPU@99.5C PMIC@50C GPU@98C AO@99C thermal@98.5C POM_5V_IN 10330/7413 POM_5V_GPU 5096/2896 POM_5V_CPU 1901/1593
RAM 3226/3964MB (lfb 4x256kB) SWAP 1976/1982MB (cached 4MB) CPU [26%@825,17%@825,16%@825,42%@825] EMC_FREQ 0% GR3D_FREQ 98% PLL@90.5C CPU@98.5C PMIC@50C GPU@97.5C AO@99C thermal@98.5C POM_5V_IN 9398/7449 POM_5V_GPU 4334/2922 POM_5V_CPU 1782/1597
RAM 3226/3964MB (lfb 4x256kB) SWAP 1976/1982MB (cached 4MB) CPU [16%@1224,37%@1224,32%@1224,26%@1224] EMC_FREQ 0% GR3D_FREQ 98% PLL@91C CPU@99.5C PMIC@50C GPU@98C AO@99C thermal@98.5C POM_5V_IN 10046/7495 POM_5V_GPU 4651/2953 POM_5V_CPU 1981/1604
RAM 3226/3964MB (lfb 4x256kB) SWAP 1976/1982MB (cached 4MB) CPU [16%@1326,18%@1326,44%@1326,26%@1326] EMC_FREQ 0% GR3D_FREQ 98% PLL@91C CPU@98.5C PMIC@50C GPU@97.5C AO@99C thermal@98.5C POM_5V_IN 9439/7529 POM_5V_GPU 4408/2978 POM_5V_CPU 1739/1606
RAM 3226/3964MB (lfb 4x256kB) SWAP 1976/1982MB (cached 4MB) CPU [16%@1132,20%@1132,57%@1132,4%@1132] EMC_FREQ 0% GR3D_FREQ 99% PLL@91C CPU@98.5C PMIC@50C GPU@97.5C AO@99C thermal@98.5C POM_5V_IN 9479/7563 POM_5V_GPU 4368/3002 POM_5V_CPU 1779/1609
RAM 3226/3964MB (lfb 4x256kB) SWAP 1976/1982MB (cached 4MB) CPU [20%@1428,36%@1428,32%@1428,16%@1428] EMC_FREQ 0% GR3D_FREQ 98% PLL@91C CPU@99C PMIC@50C GPU@97.5C AO@99C thermal@98.5C POM_5V_IN 10209/7608 POM_5V_GPU 4975/3036 POM_5V_CPU 1901/1614
RAM 3226/3964MB (lfb 4x256kB) SWAP 1976/1982MB (cached 4MB) CPU [19%@1326,28%@1326,28%@1326,46%@1326] EMC_FREQ 0% GR3D_FREQ 98% PLL@90.5C CPU@98.5C PMIC@50C GPU@97C AO@99C thermal@98.5C POM_5V_IN 9358/7637 POM_5V_GPU 4294/3057 POM_5V_CPU 1820/1617
RAM 3226/3964MB (lfb 4x256kB) SWAP 1976/1982MB (cached 4MB) CPU [20%@1132,20%@1132,8%@1132,52%@1132] EMC_FREQ 0% GR3D_FREQ 98% PLL@90.5C CPU@99.5C PMIC@50C GPU@97.5C AO@99C thermal@98.5C POM_5V_IN 9479/7667 POM_5V_GPU 4408/3079 POM_5V_CPU 1779/1620
RAM 3226/3964MB (lfb 4x256kB) SWAP 1976/1982MB (cached 4MB) CPU [16%@710,26%@710,20%@710,25%@710] EMC_FREQ 0% GR3D_FREQ 98% PLL@90.5C CPU@98.5C PMIC@50C GPU@97C AO@99.5C thermal@98.25C POM_5V_IN 9277/7693 POM_5V_GPU 4253/3098 POM_5V_CPU 1739/1622
RAM 3226/3964MB (lfb 4x256kB) SWAP 1976/1982MB (cached 4MB) CPU [16%@1224,48%@1224,20%@1224,8%@1224] EMC_FREQ 0% GR3D_FREQ 98% PLL@91C CPU@99C PMIC@50C GPU@97.5C AO@99.5C thermal@98.25C POM_5V_IN 9439/7721 POM_5V_GPU 4327/3117 POM_5V_CPU 1860/1626
RAM 3226/3964MB (lfb 4x256kB) SWAP 1976/1982MB (cached 4MB) CPU [16%@1132,25%@1132,23%@1132,50%@1132] EMC_FREQ 0% GR3D_FREQ 98% PLL@91C CPU@98.5C PMIC@50C GPU@97C AO@99.5C thermal@98.25C POM_5V_IN 9358/7746 POM_5V_GPU 4287/3135 POM_5V_CPU 1779/1628
RAM 3226/3964MB (lfb 4x256kB) SWAP 1976/1982MB (cached 4MB) CPU [24%@1036,16%@1036,13%@1036,51%@1036] EMC_FREQ 0% GR3D_FREQ 99% PLL@91C CPU@98.5C PMIC@50C GPU@97.5C AO@99.5C thermal@98.25C POM_5V_IN 9358/7771 POM_5V_GPU 4294/3153 POM_5V_CPU 1779/1630
RAM 3226/3964MB (lfb 4x256kB) SWAP 1976/1982MB (cached 4MB) CPU [24%@1132,29%@1132,24%@1132,39%@1132] EMC_FREQ 0% GR3D_FREQ 98% PLL@91C CPU@99C PMIC@50C GPU@98C AO@99.5C thermal@97.75C POM_5V_IN 9763/7801 POM_5V_GPU 4570/3175 POM_5V_CPU 1820/1633
RAM 3226/3964MB (lfb 4x256kB) SWAP 1976/1982MB (cached 4MB) CPU [25%@825,32%@825,12%@825,44%@825] EMC_FREQ 0% GR3D_FREQ 98% PLL@91C CPU@99C PMIC@50C GPU@97.5C AO@99.5C thermal@97.75C POM_5V_IN 9277/7823 POM_5V_GPU 4294/3191 POM_5V_CPU 1742/1635
RAM 3226/3964MB (lfb 4x256kB) SWAP 1976/1982MB (cached 4MB) CPU [22%@1036,24%@1036,53%@1036,35%@1036] EMC_FREQ 0% GR3D_FREQ 98% PLL@91C CPU@99C PMIC@50C GPU@97.5C AO@99.5C thermal@97.75C POM_5V_IN 9884/7853 POM_5V_GPU 4772/3215 POM_5V_CPU 1779/1637
RAM 3226/3964MB (lfb 4x256kB) SWAP 1976/1982MB (cached 4MB) CPU [28%@1132,34%@1132,20%@1132,19%@1132] EMC_FREQ 0% GR3D_FREQ 98% PLL@91.5C CPU@99C PMIC@50C GPU@97.5C AO@100C thermal@97.75C POM_5V_IN 9358/7875 POM_5V_GPU 4294/3230 POM_5V_CPU 1779/1639
RAM 3226/3964MB (lfb 4x256kB) SWAP 1976/1982MB (cached 4MB) CPU [12%@921,42%@921,24%@921,14%@921] EMC_FREQ 0% GR3D_FREQ 98% PLL@91C CPU@98.5C PMIC@50C GPU@97.5C AO@99.5C thermal@98C POM_5V_IN 9317/7896 POM_5V_GPU 4294/3245 POM_5V_CPU 1782/1641
RAM 3226/3964MB (lfb 4x256kB) SWAP 1976/1982MB (cached 4MB) CPU [16%@1132,20%@1132,52%@1132,16%@1132] EMC_FREQ 0% GR3D_FREQ 98% PLL@91C CPU@98.5C PMIC@50C GPU@97.5C AO@99C thermal@98C POM_5V_IN 9479/7918 POM_5V_GPU 4206/3259 POM_5V_CPU 1941/1645
RAM 3226/3964MB (lfb 4x256kB) SWAP 1976/1982MB (cached 4MB) CPU [29%@825,20%@825,38%@825,25%@825] EMC_FREQ 0% GR3D_FREQ 99% PLL@91C CPU@99C PMIC@50C GPU@97.5C AO@99.5C thermal@98C POM_5V_IN 9277/7937 POM_5V_GPU 4287/3273 POM_5V_CPU 1742/1647
RAM 3226/3964MB (lfb 4x256kB) SWAP 1976/1982MB (cached 4MB) CPU [20%@710,12%@710,15%@710,53%@710] EMC_FREQ 0% GR3D_FREQ 98% PLL@91C CPU@99C PMIC@50C GPU@97C AO@99.5C thermal@98C POM_5V_IN 9317/7956 POM_5V_GPU 4294/3287 POM_5V_CPU 1739/1648
RAM 3226/3964MB (lfb 4x256kB) SWAP 1976/1982MB (cached 4MB) CPU [55%@1326,18%@1326,19%@1326,16%@1326] EMC_FREQ 0% GR3D_FREQ 98% PLL@91C CPU@99C PMIC@50C GPU@97C AO@99.5C thermal@98C POM_5V_IN 9398/7975 POM_5V_GPU 4253/3300 POM_5V_CPU 1779/1650
RAM 3226/3964MB (lfb 4x256kB) SWAP 1976/1982MB (cached 4MB) CPU [27%@1132,15%@1132,16%@1132,50%@1132] EMC_FREQ 0% GR3D_FREQ 98% PLL@91.5C CPU@99C PMIC@50C GPU@97.5C AO@100C thermal@97.75C POM_5V_IN 9439/7995 POM_5V_GPU 4327/3314 POM_5V_CPU 1820/1652
RAM 3226/3964MB (lfb 4x256kB) SWAP 1976/1982MB (cached 4MB) CPU [32%@921,28%@921,23%@921,45%@921] EMC_FREQ 0% GR3D_FREQ 98% PLL@91.5C CPU@99C PMIC@50C GPU@97.5C AO@99.5C thermal@97.75C POM_5V_IN 9439/8014 POM_5V_GPU 4375/3328 POM_5V_CPU 1779/1654
RAM 3226/3964MB (lfb 4x256kB) SWAP 1976/1982MB (cached 4MB) CPU [33%@921,15%@921,46%@921,37%@921] EMC_FREQ 0% GR3D_FREQ 98% PLL@91.5C CPU@99C PMIC@50C GPU@97.5C AO@99.5C thermal@97.75C POM_5V_IN 9358/8031 POM_5V_GPU 4294/3340 POM_5V_CPU 1742/1655
RAM 3226/3964MB (lfb 4x256kB) SWAP 1976/1982MB (cached 4MB) CPU [18%@825,30%@825,28%@825,20%@825] EMC_FREQ 0% GR3D_FREQ 98% PLL@91C CPU@99C PMIC@50C GPU@97.5C AO@99.5C thermal@97.75C POM_5V_IN 9317/8048 POM_5V_GPU 4253/3352 POM_5V_CPU 1742/1656
RAM 3226/3964MB (lfb 4x256kB) SWAP 1976/1982MB (cached 4MB) CPU [28%@1224,26%@1224,52%@1224,8%@1224] EMC_FREQ 0% GR3D_FREQ 98% PLL@91C CPU@99C PMIC@50C GPU@97C AO@99.5C thermal@98C POM_5V_IN 9358/8064 POM_5V_GPU 4253/3364 POM_5V_CPU 1820/1658
RAM 3226/3964MB (lfb 4x256kB) SWAP 1976/1982MB (cached 4MB) CPU [25%@825,37%@825,22%@825,37%@825] EMC_FREQ 0% GR3D_FREQ 98% PLL@91C CPU@99C PMIC@50C GPU@97.5C AO@99.5C thermal@98C POM_5V_IN 9479/8082 POM_5V_GPU 4294/3375 POM_5V_CPU 1860/1660
RAM 3226/3964MB (lfb 4x256kB) SWAP 1976/1982MB (cached 4MB) CPU [30%@1224,25%@1224,40%@1224,42%@1224] EMC_FREQ 0% GR3D_FREQ 98% PLL@91C CPU@99.5C PMIC@50C GPU@97.5C AO@100C thermal@98C POM_5V_IN 9398/8098 POM_5V_GPU 4287/3386 POM_5V_CPU 1823/1662
RAM 3226/3964MB (lfb 4x256kB) SWAP 1976/1982MB (cached 4MB) CPU [28%@1132,15%@1132,55%@1132,26%@1132] EMC_FREQ 0% GR3D_FREQ 99% PLL@90.5C CPU@98.5C PMIC@50C GPU@97.5C AO@99.5C thermal@98C POM_5V_IN 9277/8113 POM_5V_GPU 4294/3397 POM_5V_CPU 1782/1664
RAM 3226/3964MB (lfb 4x256kB) SWAP 1976/1982MB (cached 4MB) CPU [33%@1132,19%@1132,32%@1132,23%@1132] EMC_FREQ 0% GR3D_FREQ 98% PLL@91C CPU@99C PMIC@50C GPU@97.5C AO@99.5C thermal@98.25C POM_5V_IN 9277/8127 POM_5V_GPU 4294/3408 POM_5V_CPU 1701/1664
RAM 3226/3964MB (lfb 4x256kB) SWAP 1976/1982MB (cached 4MB) CPU [26%@1132,22%@1132,48%@1132,24%@1132] EMC_FREQ 0% GR3D_FREQ 99% PLL@91.5C CPU@99C PMIC@50C GPU@97.5C AO@99.5C thermal@98.25C POM_5V_IN 9317/8141 POM_5V_GPU 4294/3419 POM_5V_CPU 1742/1665
RAM 3226/3964MB (lfb 4x256kB) SWAP 1976/1982MB (cached 4MB) CPU [54%@1224,8%@1224,12%@1224,8%@1224] EMC_FREQ 0% GR3D_FREQ 98% PLL@91C CPU@99C PMIC@50C GPU@97.5C AO@99.5C thermal@98.25C POM_5V_IN 9115/8152 POM_5V_GPU 4294/3429 POM_5V_CPU 1498/1663
RAM 3226/3964MB (lfb 4x256kB) SWAP 1976/1982MB (cached 4MB) CPU [32%@1036,16%@1036,29%@1036,26%@1036] EMC_FREQ 0% GR3D_FREQ 98% PLL@91C CPU@99C PMIC@50C GPU@97.5C AO@99.5C thermal@98.25C POM_5V_IN 9236/8165 POM_5V_GPU 4294/3439 POM_5V_CPU 1660/1663
RAM 3226/3964MB (lfb 4x256kB) SWAP 1976/1982MB (cached 4MB) CPU [44%@921,16%@921,16%@921,39%@921] EMC_FREQ 0% GR3D_FREQ 98% PLL@91C CPU@98.5C PMIC@50C GPU@97.5C AO@99.5C thermal@98.25C POM_5V_IN 9236/8177 POM_5V_GPU 4294/3449 POM_5V_CPU 1660/1663
RAM 3226/3964MB (lfb 4x256kB) SWAP 1976/1982MB (cached 4MB) CPU [25%@1036,8%@1036,57%@1036,16%@1036] EMC_FREQ 0% GR3D_FREQ 99% PLL@91C CPU@98.5C PMIC@50C GPU@97.5C AO@99.5C thermal@98C POM_5V_IN 9317/8190 POM_5V_GPU 4294/3459 POM_5V_CPU 1701/1664
RAM 3226/3964MB (lfb 4x256kB) SWAP 1976/1982MB (cached 4MB) CPU [4%@1132,44%@1132,23%@1132,24%@1132] EMC_FREQ 0% GR3D_FREQ 98% PLL@91.5C CPU@99C PMIC@50C GPU@97.5C AO@99.5C thermal@98C POM_5V_IN 9317/8203 POM_5V_GPU 4294/3468 POM_5V_CPU 1739/1664
RAM 3226/3964MB (lfb 4x256kB) SWAP 1976/1982MB (cached 4MB) CPU [15%@825,48%@825,18%@825,23%@825] EMC_FREQ 0% GR3D_FREQ 98% PLL@91.5C CPU@99C PMIC@50C GPU@97.5C AO@99.5C thermal@98C POM_5V_IN 9277/8215 POM_5V_GPU 4294/3477 POM_5V_CPU 1701/1665
RAM 3226/3964MB (lfb 4x256kB) SWAP 1976/1982MB (cached 4MB) CPU [22%@825,41%@825,20%@825,28%@825] EMC_FREQ 0% GR3D_FREQ 98% PLL@91.5C CPU@99C PMIC@50C GPU@97.5C AO@99.5C thermal@98C POM_5V_IN 9196/8226 POM_5V_GPU 4294/3486 POM_5V_CPU 1617/1664
RAM 3226/3964MB (lfb 4x256kB) SWAP 1976/1982MB (cached 4MB) CPU [16%@518,25%@518,50%@518,26%@518] EMC_FREQ 0% GR3D_FREQ 98% PLL@91C CPU@99.5C PMIC@50C GPU@97.5C AO@99.5C thermal@98.5C POM_5V_IN 9277/8237 POM_5V_GPU 4294/3495 POM_5V_CPU 1701/1665
RAM 3226/3964MB (lfb 4x256kB) SWAP 1976/1982MB (cached 4MB) CPU [20%@825,36%@825,32%@825,26%@825] EMC_FREQ 0% GR3D_FREQ 98% PLL@91C CPU@99C PMIC@50C GPU@97.5C AO@99.5C thermal@98.5C POM_5V_IN 9317/8249 POM_5V_GPU 4294/3503 POM_5V_CPU 1660/1665
RAM 3226/3964MB (lfb 4x256kB) SWAP 1976/1982MB (cached 4MB) CPU [26%@1132,52%@1132,8%@1132,11%@1132] EMC_FREQ 0% GR3D_FREQ 98% PLL@91C CPU@98.5C PMIC@50C GPU@97.5C AO@99.5C thermal@98.5C POM_5V_IN 9115/8258 POM_5V_GPU 4294/3512 POM_5V_CPU 1539/1663
RAM 3221/3964MB (lfb 4x256kB) SWAP 1976/1982MB (cached 4MB) CPU [20%@1132,27%@1132,53%@1132,8%@1132] EMC_FREQ 0% GR3D_FREQ 99% PLL@91C CPU@99.5C PMIC@50C GPU@97.5C AO@99.5C thermal@98.5C POM_5V_IN 9317/8269 POM_5V_GPU 4294/3520 POM_5V_CPU 1658/1663
RAM 3221/3964MB (lfb 4x256kB) SWAP 1976/1982MB (cached 4MB) CPU [20%@825,30%@825,34%@825,24%@825] EMC_FREQ 0% GR3D_FREQ 98% PLL@91C CPU@99C PMIC@50C GPU@98C AO@100C thermal@98.5C POM_5V_IN 9236/8279 POM_5V_GPU 4294/3528 POM_5V_CPU 1660/1663
RAM 3221/3964MB (lfb 4x256kB) SWAP 1976/1982MB (cached 4MB) CPU [23%@1132,39%@1132,46%@1132,8%@1132] EMC_FREQ 0% GR3D_FREQ 98% PLL@91C CPU@99.5C PMIC@50C GPU@98C AO@100C thermal@98.5C POM_5V_IN 9236/8289 POM_5V_GPU 4334/3536 POM_5V_CPU 1660/1663
RAM 3221/3964MB (lfb 4x256kB) SWAP 1976/1982MB (cached 4MB) CPU [23%@1132,28%@1132,34%@1132,28%@1132] EMC_FREQ 0% GR3D_FREQ 98% PLL@91C CPU@99C PMIC@50C GPU@97.5C AO@99.5C thermal@98.5C POM_5V_IN 9317/8299 POM_5V_GPU 4294/3544 POM_5V_CPU 1742/1664
RAM 3221/3964MB (lfb 4x256kB) SWAP 1976/1982MB (cached 4MB) CPU [12%@1132,50%@1132,16%@1132,16%@1132] EMC_FREQ 0% GR3D_FREQ 99% PLL@91C CPU@98.5C PMIC@50C GPU@98C AO@100C thermal@98.5C POM_5V_IN 9155/8308 POM_5V_GPU 4294/3552 POM_5V_CPU 1579/1663
RAM 3221/3964MB (lfb 4x256kB) SWAP 1976/1982MB (cached 4MB) CPU [13%@1132,24%@1132,27%@1132,41%@1132] EMC_FREQ 0% GR3D_FREQ 99% PLL@91.5C CPU@99.5C PMIC@50C GPU@98C AO@99.5C thermal@98.5C POM_5V_IN 9358/8318 POM_5V_GPU 4287/3559 POM_5V_CPU 1742/1664
RAM 3221/3964MB (lfb 4x256kB) SWAP 1976/1982MB (cached 4MB) CPU [20%@1036,32%@1036,30%@1036,26%@1036] EMC_FREQ 0% GR3D_FREQ 98% PLL@91C CPU@99C PMIC@50C GPU@98C AO@100C thermal@98.75C POM_5V_IN 9317/8328 POM_5V_GPU 4294/3566 POM_5V_CPU 1701/1664
RAM 3221/3964MB (lfb 4x256kB) SWAP 1976/1982MB (cached 4MB) CPU [30%@614,28%@614,28%@614,16%@614] EMC_FREQ 0% GR3D_FREQ 99% PLL@91C CPU@98.5C PMIC@50C GPU@97C AO@99.5C thermal@98.75C POM_5V_IN 8520/8330 POM_5V_GPU 3646/3567 POM_5V_CPU 1620/1664
RAM 3221/3964MB (lfb 4x256kB) SWAP 1976/1982MB (cached 4MB) CPU [16%@1132,29%@1132,17%@1132,32%@1132] EMC_FREQ 0% GR3D_FREQ 98% PLL@90.5C CPU@97.5C PMIC@50C GPU@96.5C AO@99.5C thermal@98.75C POM_5V_IN 8520/8332 POM_5V_GPU 3605/3567 POM_5V_CPU 1660/1664
RAM 3221/3964MB (lfb 4x256kB) SWAP 1976/1982MB (cached 4MB) CPU [26%@1132,30%@1132,37%@1132,19%@1132] EMC_FREQ 0% GR3D_FREQ 99% PLL@90.5C CPU@97.5C PMIC@50C GPU@96.5C AO@99.5C thermal@98.75C POM_5V_IN 8520/8334 POM_5V_GPU 3646/3568 POM_5V_CPU 1660/1664
RAM 3221/3964MB (lfb 4x256kB) SWAP 1976/1982MB (cached 4MB) CPU [8%@921,32%@921,24%@921,30%@921] EMC_FREQ 0% GR3D_FREQ 99% PLL@90.5C CPU@97.5C PMIC@50C GPU@96.5C AO@99C thermal@96.5C POM_5V_IN 8561/8336 POM_5V_GPU 3605/3569 POM_5V_CPU 1742/1664
RAM 3211/3964MB (lfb 4x256kB) SWAP 1976/1982MB (cached 4MB) CPU [12%@1132,62%@1132,24%@1132,8%@1132] EMC_FREQ 0% GR3D_FREQ 0% PLL@89C CPU@93C PMIC@50C GPU@92.5C AO@98.5C thermal@96.5C POM_5V_IN 4640/8301 POM_5V_GPU 610/3541 POM_5V_CPU 1343/1661
RAM 3044/3964MB (lfb 1x2MB) SWAP 1976/1982MB (cached 4MB) CPU [8%@1132,88%@1132,3%@1132,23%@1132] EMC_FREQ 0% GR3D_FREQ 0% PLL@87C CPU@90.5C PMIC@50C GPU@90C AO@96.5C thermal@96.5C POM_5V_IN 4158/8262 POM_5V_GPU 366/3511 POM_5V_CPU 1099/1656
RAM 2588/3964MB (lfb 1x2MB) SWAP 1976/1982MB (cached 4MB) CPU [16%@403,0%@403,4%@403,50%@403] EMC_FREQ 0% GR3D_FREQ 0% PLL@85.5C CPU@88C PMIC@50C GPU@88C AO@95C thermal@96.5C POM_5V_IN 3546/8219 POM_5V_GPU 366/3482 POM_5V_CPU 611/1646
RAM 2588/3964MB (lfb 1x2MB) SWAP 1976/1982MB (cached 4MB) CPU [21%@204,3%@204,3%@204,3%@204] EMC_FREQ 0% GR3D_FREQ 0% PLL@83C CPU@87C PMIC@50C GPU@86.5C AO@93C thermal@86.5C POM_5V_IN 3424/8175 POM_5V_GPU 407/3454 POM_5V_CPU 529/1636
RAM 2588/3964MB (lfb 1x2MB) SWAP 1976/1982MB (cached 4MB) CPU [16%@614,11%@614,14%@614,4%@614] EMC_FREQ 0% GR3D_FREQ 7% PLL@82C CPU@86.5C PMIC@50C GPU@85.5C AO@92C thermal@86.5C POM_5V_IN 3872/8136 POM_5V_GPU 448/3426 POM_5V_CPU 856/1629
RAM 2588/3964MB (lfb 1x2MB) SWAP 1976/1982MB (cached 4MB) CPU [19%@204,7%@204,7%@204,3%@204] EMC_FREQ 0% GR3D_FREQ 0% PLL@81C CPU@85C PMIC@50C GPU@85C AO@91C thermal@86.5C POM_5V_IN 3342/8092 POM_5V_GPU 366/3399 POM_5V_CPU 489/1619
