RAM 2593/3964MB (lfb 1x2MB) SWAP 1976/1982MB (cached 4MB) CPU [11%@518,58%@518,0%@518,7%@518] EMC_FREQ 0% GR3D_FREQ 0% PLL@80.5C CPU@84.5C PMIC@50C GPU@83.5C AO@90.5C thermal@86.5C POM_5V_IN 3465/3465 POM_5V_GPU 366/366 POM_5V_CPU 611/611
RAM 2593/3964MB (lfb 1x2MB) SWAP 1976/1982MB (cached 4MB) CPU [20%@204,3%@204,10%@204,4%@204] EMC_FREQ 0% GR3D_FREQ 0% PLL@79.5C CPU@84C PMIC@50C GPU@83C AO@89.5C thermal@83.5C POM_5V_IN 3383/3424 POM_5V_GPU 366/366 POM_5V_CPU 529/570
RAM 2593/3964MB (lfb 1x2MB) SWAP 1976/1982MB (cached 4MB) CPU [23%@102,11%@102,11%@102,7%@102] EMC_FREQ 0% GR3D_FREQ 0% PLL@79C CPU@83C PMIC@50C GPU@82.5C AO@88.5C thermal@83.5C POM_5V_IN 3424/3424 POM_5V_GPU 407/379 POM_5V_CPU 529/556
RAM 2593/3964MB (lfb 1x2MB) SWAP 1976/1982MB (cached 4MB) CPU [20%@204,7%@204,14%@204,7%@204] EMC_FREQ 0% GR3D_FREQ 0% PLL@78C CPU@82.5C PMIC@50C GPU@82C AO@88.5C thermal@83.5C POM_5V_IN 3424/3424 POM_5V_GPU 407/386 POM_5V_CPU 570/559
RAM 2593/3964MB (lfb 1x2MB) SWAP 1976/1982MB (cached 4MB) CPU [23%@204,8%@204,8%@204,8%@204] EMC_FREQ 0% GR3D_FREQ 0% PLL@78C CPU@82C PMIC@50C GPU@81C AO@88C thermal@83.5C POM_5V_IN 3465/3432 POM_5V_GPU 407/390 POM_5V_CPU 529/553
RAM 2593/3964MB (lfb 1x2MB) SWAP 1976/1982MB (cached 4MB) CPU [16%@204,11%@204,14%@204,7%@204] EMC_FREQ 0% GR3D_FREQ 0% PLL@77.5C CPU@81.5C PMIC@50C GPU@81C AO@87.5C thermal@83.5C POM_5V_IN 3424/3430 POM_5V_GPU 407/393 POM_5V_CPU 611/563
RAM 2593/3964MB (lfb 1x2MB) SWAP 1976/1982MB (cached 4MB) CPU [22%@204,11%@204,4%@204,8%@204] EMC_FREQ 0% GR3D_FREQ 0% PLL@76.5C CPU@81C PMIC@50C GPU@80.5C AO@87C thermal@81.25C POM_5V_IN 3465/3435 POM_5V_GPU 407/395 POM_5V_CPU 611/570
RAM 2622/3964MB (lfb 4x1MB) SWAP 1976/1982MB (cached 4MB) CPU [12%@1224,46%@1224,11%@1224,4%@1224] EMC_FREQ 0% GR3D_FREQ 0% PLL@77C CPU@82.5C PMIC@50C GPU@80C AO@86.5C thermal@81.25C POM_5V_IN 3995/3505 POM_5V_GPU 407/396 POM_5V_CPU 1058/631
RAM 2656/3964MB (lfb 4x1MB) SWAP 1976/1982MB (cached 4MB) CPU [16%@1326,48%@1326,46%@1326,11%@1326] EMC_FREQ 0% GR3D_FREQ 2% PLL@78C CPU@83.5C PMIC@50C GPU@81C AO@87C thermal@81.25C POM_5V_IN 5047/3676 POM_5V_GPU 854/447 POM_5V_CPU 1628/741
RAM 2694/3964MB (lfb 4x1MB) SWAP 1976/1982MB (cached 4MB) CPU [12%@1326,100%@1326,8%@1326,11%@1326] EMC_FREQ 0% GR3D_FREQ 5% PLL@78.5C CPU@84.5C PMIC@50C GPU@81C AO@87C thermal@81.25C POM_5V_IN 5128/3822 POM_5V_GPU 854/488 POM_5V_CPU 1747/842
RAM 2741/3964MB (lfb 4x1MB) SWAP 1976/1982MB (cached 4MB) CPU [11%@1326,100%@1326,8%@1326,4%@1326] EMC_FREQ 0% GR3D_FREQ 7% PLL@78.5C CPU@85C PMIC@50C GPU@80.5C AO@88C thermal@83C POM_5V_IN 4680/3900 POM_5V_GPU 447/484 POM_5V_CPU 1668/917
RAM 2784/3964MB (lfb 4x1MB) SWAP 1976/1982MB (cached 4MB) CPU [18%@1326,96%@1326,4%@1326,11%@1326] EMC_FREQ 0% GR3D_FREQ 2% PLL@78.5C CPU@85C PMIC@50C GPU@80C AO@88C thermal@83C POM_5V_IN 4566/3955 POM_5V_GPU 325/471 POM_5V_CPU 1628/976
RAM 2821/3964MB (lfb 4x1MB) SWAP 1976/1982MB (cached 4MB) CPU [12%@1326,100%@1326,8%@1326,11%@1326] EMC_FREQ 0% GR3D_FREQ 17% PLL@78C CPU@84C PMIC@50C GPU@80C AO@87C thermal@83C POM_5V_IN 4606/4005 POM_5V_GPU 447/469 POM_5V_CPU 1668/1029
RAM 2829/3964MB (lfb 4x1MB) SWAP 1976/1982MB (cached 4MB) CPU [12%@1326,100%@1326,12%@1326,8%@1326] EMC_FREQ 0% GR3D_FREQ 6% PLL@78C CPU@84C PMIC@50C GPU@79.5C AO@86.5C thermal@83C POM_5V_IN 4525/4042 POM_5V_GPU 488/470 POM_5V_CPU 1587/1069
RAM 2861/3964MB (lfb 4x1MB) SWAP 1976/1982MB (cached 4MB) CPU [19%@1326,38%@1326,76%@1326,8%@1326] EMC_FREQ 0% GR3D_FREQ 31% PLL@78C CPU@82.5C PMIC@50C GPU@80C AO@87C thermal@81.25C POM_5V_IN 4640/4082 POM_5V_GPU 447/469 POM_5V_CPU 1709/1112
RAM 2891/3964MB (lfb 4x1MB) SWAP 1976/1982MB (cached 4MB) CPU [9%@1326,31%@1326,73%@1326,11%@1326] EMC_FREQ 0% GR3D_FREQ 19% PLL@78C CPU@83.5C PMIC@50C GPU@80C AO@87C thermal@81.25C POM_5V_IN 4599/4114 POM_5V_GPU 447/467 POM_5V_CPU 1668/1146
RAM 2922/3964MB (lfb 4x1MB) SWAP 1976/1982MB (cached 4MB) CPU [4%@1326,96%@1326,12%@1326,11%@1326] EMC_FREQ 0% GR3D_FREQ 20% PLL@77.5C CPU@83.5C PMIC@50C GPU@79.5C AO@86C thermal@81.25C POM_5V_IN 4566/4141 POM_5V_GPU 447/466 POM_5V_CPU 1628/1175
RAM 2957/3964MB (lfb 4x1MB) SWAP 1976/1982MB (cached 4MB) CPU [15%@1428,96%@1428,11%@1428,12%@1428] EMC_FREQ 0% GR3D_FREQ 9% PLL@78C CPU@85C PMIC@50C GPU@79C AO@86.5C thermal@81.25C POM_5V_IN 4680/4171 POM_5V_GPU 366/460 POM_5V_CPU 1790/1209
RAM 2998/3964MB (lfb 4x1MB) SWAP 1976/1982MB (cached 4MB) CPU [4%@1428,96%@1428,8%@1428,17%@1428] EMC_FREQ 0% GR3D_FREQ 16% PLL@77.5C CPU@85C PMIC@50C GPU@79.5C AO@87C thermal@81.25C POM_5V_IN 4680/4198 POM_5V_GPU 366/455 POM_5V_CPU 1790/1239
RAM 3057/3964MB (lfb 4x1MB) SWAP 1976/1982MB (cached 4MB) CPU [11%@1428,40%@1428,65%@1428,4%@1428] EMC_FREQ 0% GR3D_FREQ 0% PLL@77.5C CPU@81C PMIC@50C GPU@79C AO@86C thermal@82C POM_5V_IN 4280/4202 POM_5V_GPU 244/445 POM_5V_CPU 1628/1259
RAM 3064/3964MB (lfb 4x1MB) SWAP 1976/1982MB (cached 4MB) CPU [23%@1428,74%@1428,16%@1428,32%@1428] EMC_FREQ 0% GR3D_FREQ 0% PLL@77.5C CPU@82C PMIC@50C GPU@79C AO@86C thermal@82C POM_5V_IN 4525/4217 POM_5V_GPU 325/439 POM_5V_CPU 1750/1282
RAM 3097/3964MB (lfb 4x1MB) SWAP 1976/1982MB (cached 4MB) CPU [18%@1428,76%@1428,8%@1428,33%@1428] EMC_FREQ 0% GR3D_FREQ 6% PLL@77.5C CPU@84C PMIC@50C GPU@79C AO@86C thermal@82C POM_5V_IN 4640/4236 POM_5V_GPU 366/436 POM_5V_CPU 1790/1305
RAM 3132/3964MB (lfb 4x1MB) SWAP 1976/1982MB (cached 4MB) CPU [19%@1428,37%@1428,80%@1428,15%@1428] EMC_FREQ 0% GR3D_FREQ 16% PLL@77C CPU@82C PMIC@50C GPU@79C AO@86C thermal@82C POM_5V_IN 4803/4261 POM_5V_GPU 366/433 POM_5V_CPU 1913/1332
RAM 3155/3964MB (lfb 4x1MB) SWAP 1976/1982MB (cached 4MB) CPU [46%@1428,24%@1428,62%@1428,12%@1428] EMC_FREQ 0% GR3D_FREQ 0% PLL@77C CPU@82.5C PMIC@50C GPU@79C AO@86.5C thermal@80C POM_5V_IN 4606/4275 POM_5V_GPU 366/430 POM_5V_CPU 1790/1351
RAM 3190/3964MB (lfb 4x1MB) SWAP 1976/1982MB (cached 4MB) CPU [36%@1428,15%@1428,8%@1428,73%@1428] EMC_FREQ 0% GR3D_FREQ 11% PLL@77.5C CPU@81.5C PMIC@50C GPU@78.5C AO@86C thermal@80C POM_5V_IN 4484/4284 POM_5V_GPU 285/424 POM_5V_CPU 1668/1363
RAM 3229/3964MB (lfb 4x256kB) SWAP 1976/1982MB (cached 4MB) CPU [20%@1428,22%@1428,33%@1428,92%@1428] EMC_FREQ 0% GR3D_FREQ 0% PLL@77.5C CPU@81C PMIC@50C GPU@78.5C AO@85.5C thermal@80C POM_5V_IN 4843/4305 POM_5V_GPU 244/417 POM_5V_CPU 2075/1391
RAM 3223/3964MB (lfb 4x256kB) SWAP 1976/1982MB (cached 4MB) CPU [12%@1326,30%@1326,8%@1326,42%@1326] EMC_FREQ 0% GR3D_FREQ 98% PLL@76.5C CPU@81C PMIC@50C GPU@79C AO@85C thermal@80C POM_5V_IN 5291/4342 POM_5V_GPU 1383/453 POM_5V_CPU 1219/1384
RAM 3223/3964MB (lfb 4x256kB) SWAP 1976/1982MB (cached 4MB) CPU [19%@825,17%@825,44%@825,12%@825] EMC_FREQ 0% GR3D_FREQ 98% PLL@77.5C CPU@84C PMIC@50C GPU@83.5C AO@86.5C thermal@83.25C POM_5V_IN 8993/4508 POM_5V_GPU 4375/593 POM_5V_CPU 1539/1390
RAM 3223/3964MB (lfb 4x256kB) SWAP 1976/1982MB (cached 4MB) CPU [20%@1326,24%@1326,51%@1326,8%@1326] EMC_FREQ 0% GR3D_FREQ 98% PLL@79C CPU@86.5C PMIC@50C GPU@85.5C AO@88C thermal@83.25C POM_5V_IN 9155/4668 POM_5V_GPU 4496/728 POM_5V_CPU 1620/1398
RAM 3223/3964MB (lfb 4x256kB) SWAP 1976/1982MB (cached 4MB) CPU [16%@1224,28%@1224,32%@1224,34%@1224] EMC_FREQ 0% GR3D_FREQ 98% PLL@80.5C CPU@87.5C PMIC@50C GPU@87C AO@88.5C thermal@83.25C POM_5V_IN 9277/4821 POM_5V_GPU 4537/854 POM_5V_CPU 1660/1407
RAM 3223/3964MB (lfb 4x256kB) SWAP 1976/1982MB (cached 4MB) CPU [32%@1326,12%@1326,21%@1326,28%@1326] EMC_FREQ 0% GR3D_FREQ 98% PLL@81C CPU@88.5C PMIC@50C GPU@87.5C AO@89.5C thermal@83.25C POM_5V_IN 9277/4965 POM_5V_GPU 4577/975 POM_5V_CPU 1620/1413
RAM 3223/3964MB (lfb 4x256kB) SWAP 1976/1982MB (cached 4MB) CPU [29%@614,12%@1132,65%@1132,12%@1132] EMC_FREQ 0% GR3D_FREQ 99% PLL@81C CPU@89.5C PMIC@50C GPU@89C AO@90C thermal@83.25C POM_5V_IN 9439/5105 POM_5V_GPU 4611/1088 POM_5V_CPU 1658/1421
RAM 3223/3964MB (lfb 4x256kB) SWAP 1976/1982MB (cached 4MB) CPU [50%@1036,17%@1036,28%@1036,8%@1036] EMC_FREQ 0% GR3D_FREQ 98% PLL@82.5C CPU@90.5C PMIC@50C GPU@89.5C AO@91.5C thermal@89.25C POM_5V_IN 9520/5239 POM_5V_GPU 4611/1195 POM_5V_CPU 1698/1429
RAM 3223/3964MB (lfb 4x256kB) SWAP 1976/1982MB (cached 4MB) CPU [46%@1326,12%@1326,28%@1326,22%@1326] EMC_FREQ 0% GR3D_FREQ 98% PLL@83.5C CPU@91.5C PMIC@50C GPU@90C AO@91.5C thermal@89.25C POM_5V_IN 9641/5368 POM_5V_GPU 4651/1297 POM_5V_CPU 1820/1441
RAM 3223/3964MB (lfb 4x256kB) SWAP 1976/1982MB (cached 4MB) CPU [22%@1224,36%@1224,26%@1224,30%@1224] EMC_FREQ 0% GR3D_FREQ 98% PLL@83.5C CPU@91.5C PMIC@50C GPU@90.5C AO@92C thermal@89.25C POM_5V_IN 9601/5489 POM_5V_GPU 4691/1394 POM_5V_CPU 1739/1449
RAM 3223/3964MB (lfb 4x256kB) SWAP 1976/1982MB (cached 4MB) CPU [8%@710,34%@710,40%@710,23%@710] EMC_FREQ 0% GR3D_FREQ 98% PLL@84C CPU@92.5C PMIC@50C GPU@91C AO@92.5C thermal@89.25C POM_5V_IN 9560/5602 POM_5V_GPU 4691/1485 POM_5V_CPU 1658/1455
RAM 3223/3964MB (lfb 4x256kB) SWAP 1976/1982MB (cached 4MB) CPU [13%@1132,29%@1132,44%@1132,32%@1132] EMC_FREQ 0% GR3D_FREQ 98% PLL@84.5C CPU@92.5C PMIC@50C GPU@91.5C AO@93C thermal@92C POM_5V_IN 9641/5711 POM_5V_GPU 4732/1573 POM_5V_CPU 1779/1464
RAM 3223/3964MB (lfb 4x256kB) SWAP 1976/1982MB (cached 4MB) CPU [19%@1479,44%@1479,20%@1479,16%@1479] EMC_FREQ 0% GR3D_FREQ 98% PLL@85C CPU@93C PMIC@50C GPU@92C AO@93.5C thermal@92C POM_5V_IN 9884/5821 POM_5V_GPU 4732/1656 POM_5V_CPU 1941/1476
RAM 3223/3964MB (lfb 4x256kB) SWAP 1976/1982MB (cached 4MB) CPU [21%@825,20%@825,42%@825,19%@825] EMC_FREQ 0% GR3D_FREQ 98% PLL@85C CPU@93.5C PMIC@50C GPU@92.5C AO@94C thermal@92C POM_5V_IN 9682/5920 POM_5V_GPU 4732/1735 POM_5V_CPU 1739/1483
RAM 3223/3964MB (lfb 4x256kB) SWAP 1976/1982MB (cached 4MB) CPU [52%@1479,8%@1479,25%@1479,14%@1479] EMC_FREQ 0% GR3D_FREQ 98% PLL@86C CPU@93.5C PMIC@50C GPU@93C AO@94.5C thermal@92C POM_5V_IN 9884/6019 POM_5V_GPU 4772/1811 POM_5V_CPU 1941/1495
RAM 3223/3964MB (lfb 4x256kB) SWAP 1976/1982MB (cached 4MB) CPU [26%@1036,15%@1036,19%@1036,34%@1036] EMC_FREQ 0% GR3D_FREQ 98% PLL@86C CPU@94C PMIC@50C GPU@93C AO@94.5C thermal@93.5C POM_5V_IN 9844/6112 POM_5V_GPU 4772/1883 POM_5V_CPU 1779/1502
RAM 3223/3964MB (lfb 4x256kB) SWAP 1976/1982MB (cached 4MB) CPU [34%@1036,16%@1036,57%@1036,13%@1036] EMC_FREQ 0% GR3D_FREQ 98% PLL@86C CPU@95C PMIC@50C GPU@93.5C AO@95C thermal@93.5C POM_5V_IN 9844/6201 POM_5V_GPU 4813/1953 POM_5V_CPU 1820/1509
RAM 3223/3964MB (lfb 4x256kB) SWAP 1976/1982MB (cached 4MB) CPU [28%@614,8%@614,30%@614,42%@614] EMC_FREQ 0% GR3D_FREQ 98% PLL@86.5C CPU@95C PMIC@50C GPU@93.5C AO@95C thermal@93.5C POM_5V_IN 9803/6285 POM_5V_GPU 4813/2019 POM_5V_CPU 1779/1515
RAM 3223/3964MB (lfb 4x256kB) SWAP 1976/1982MB (cached 4MB) CPU [36%@1428,12%@1428,36%@1479,20%@1479] EMC_FREQ 0% GR3D_FREQ 98% PLL@87C CPU@95.5C PMIC@50C GPU@94C AO@95.5C thermal@93.5C POM_5V_IN 10087/6371 POM_5V_GPU 4813/2083 POM_5V_CPU 2022/1527
RAM 3223/3964MB (lfb 4x256kB) SWAP 1976/1982MB (cached 4MB) CPU [29%@1479,16%@1479,37%@1479,28%@1479] EMC_FREQ 0% GR3D_FREQ 98% PLL@87C CPU@95.5C PMIC@50C GPU@94.5C AO@95.5C thermal@93.5C POM_5V_IN 10087/6454 POM_5V_GPU 4813/2143 POM_5V_CPU 1981/1537
RAM 3223/3964MB (lfb 4x256kB) SWAP 1976/1982MB (cached 4MB) CPU [27%@1224,12%@1224,40%@1224,8%@1224] EMC_FREQ 0% GR3D_FREQ 98% PLL@87.5C CPU@95.5C PMIC@50C GPU@94.5C AO@96C thermal@95.25C POM_5V_IN 9965/6530 POM_5V_GPU 4853/2202 POM_5V_CPU 1860/1544
RAM 3223/3964MB (lfb 4x256kB) SWAP 1976/1982MB (cached 4MB) CPU [24%@1036,15%@1036,29%@1036,44%@1036] EMC_FREQ 0% GR3D_FREQ 98% PLL@87.5C CPU@96.5C PMIC@50C GPU@95C AO@96.5C thermal@95.25C POM_5V_IN 9925/6603 POM_5V_GPU 4853/2259 POM_5V_CPU 1820/1550
RAM 3223/3964MB (lfb 4x256kB) SWAP 1976/1982MB (cached 4MB) CPU [21%@1428,20%@1428,16%@1428,46%@1428] EMC_FREQ 0% GR3D_FREQ 98% PLL@88C CPU@96.5C PMIC@50C GPU@95C AO@96.5C thermal@95.25C POM_5V_IN 9884/6671 POM_5V_GPU 4853/2313 POM_5V_CPU 1779/1555
RAM 3224/3964MB (lfb 4x256kB) SWAP 1976/1982MB (cached 4MB) CPU [30%@921,20%@921,42%@921,33%@921] EMC_FREQ 0% GR3D_FREQ 98% PLL@88.5C CPU@97.5C PMIC@50C GPU@95.5C AO@97C thermal@95.25C POM_5V_IN 10168/6742 POM_5V_GPU 4853/2365 POM_5V_CPU 2062/1565
RAM 3224/3964MB (lfb 4x256kB) SWAP 1976/1982MB (cached 4MB) CPU [21%@825,36%@825,40%@825,20%@825] EMC_FREQ 0% GR3D_FREQ 98% PLL@88.5C CPU@97.5C PMIC@50C GPU@96C AO@97C thermal@96.5C POM_5V_IN 9925/6806 POM_5V_GPU 4894/2415 POM_5V_CPU 1779/1569
RAM 3224/3964MB (lfb 4x256kB) SWAP 1976/1982MB (cached 4MB) CPU [35%@1036,29%@1036,16%@1036,38%@1036] EMC_FREQ 0% GR3D_FREQ 98% PLL@88.5C CPU@97.5C PMIC@50C GPU@96C AO@97.5C thermal@96.5C POM_5V_IN 9965/6868 POM_5V_GPU 4894/2464 POM_5V_CPU 1779/1573
RAM 3220/3964MB (lfb 4x256kB) SWAP 1976/1982MB (cached 4MB) CPU [37%@1479,19%@1479,56%@1479,32%@1479] EMC_FREQ 0% GR3D_FREQ 98% PLL@90C CPU@98C PMIC@50C GPU@97C AO@97.5C thermal@96.5C POM_5V_IN 10330/6934 POM_5V_GPU 4934/2511 POM_5V_CPU 2143/1584
RAM 3221/3964MB (lfb 4x256kB) SWAP 1976/1982MB (cached 4MB) CPU [37%@1428,28%@1428,16%@1428,33%@1428] EMC_FREQ 0% GR3D_FREQ 98% PLL@90C CPU@98.5C PMIC@50C GPU@97C AO@98.5C thermal@96.5C POM_5V_IN 10314/6998 POM_5V_GPU 4894/2556 POM_5V_CPU 2103/1594
RAM 3221/3964MB (lfb 4x256kB) SWAP 1976/1982MB (cached 4MB) CPU [27%@1428,25%@1428,12%@1428,26%@1428] EMC_FREQ 0% GR3D_FREQ 98% PLL@89.5C CPU@98C PMIC@50C GPU@97C AO@98.5C thermal@97.75C POM_5V_IN 10128/7056 POM_5V_GPU 4975/2601 POM_5V_CPU 1901/1600
RAM 3221/3964MB (lfb 4x256kB) SWAP 1976/1982MB (cached 4MB) CPU [21%@825,12%@825,30%@825,42%@825] EMC_FREQ 0% GR3D_FREQ 98% PLL@90C CPU@99C PMIC@50C GPU@97C AO@98.5C thermal@97.75C POM_5V_IN 10087/7111 POM_5V_GPU 4975/2644 POM_5V_CPU 1820/1604
RAM 3221/3964MB (lfb 4x256kB) SWAP 1976/1982MB (cached 4MB) CPU [28%@921,26%@921,13%@921,39%@921] EMC_FREQ 0% GR3D_FREQ 98% PLL@90C CPU@99C PMIC@50C GPU@97.5C AO@98.5C thermal@97.75C POM_5V_IN 10006/7163 POM_5V_GPU 4975/2686 POM_5V_CPU 1779/1607
RAM 3221/3964MB (lfb 4x256kB) SWAP 1976/1982MB (cached 4MB) CPU [24%@921,40%@921,30%@921,29%@921] EMC_FREQ 0% GR3D_FREQ 98% PLL@90C CPU@99C PMIC@50C GPU@97.5C AO@99C thermal@97.75C POM_5V_IN 10168/7216 POM_5V_GPU 4975/2726 POM_5V_CPU 1860/1611
RAM 3221/3964MB (lfb 4x256kB) SWAP 1976/1982MB (cached 4MB) CPU [33%@921,37%@921,16%@921,28%@921] EMC_FREQ 0% GR3D_FREQ 98% PLL@90C CPU@99.5C PMIC@50C GPU@97.5C AO@99C thermal@97.75C POM_5V_IN 10168/7267 POM_5V_GPU 4975/2765 POM_5V_CPU 1860/1616
RAM 3221/3964MB (lfb 4x256kB) SWAP 1976/1982MB (cached 4MB) CPU [25%@1132,15%@1132,20%@1132,45%@1132] EMC_FREQ 0% GR3D_FREQ 98% PLL@90.5C CPU@99.5C PMIC@50C GPU@98C AO@99C thermal@98.75C POM_5V_IN 10168/7316 POM_5V_GPU 5015/2803 POM_5V_CPU 1860/1620
RAM 3222/3964MB (lfb 4x256kB) SWAP 1976/1982MB (cached 4MB) CPU [26%@1132,21%@1132,8%@1132,44%@1132] EMC_FREQ 0% GR3D_FREQ 98% PLL@90.5C CPU@100C PMIC@50C GPU@98.5C AO@99.5C thermal@98.75C POM_5V_IN 10168/7363 POM_5V_GPU 5015/2840 POM_5V_CPU 1901/1624
RAM 3221/3964MB (lfb 4x256kB) SWAP 1976/1982MB (cached 4MB) CPU [21%@614,41%@614,20%@614,32%@614] EMC_FREQ 0% GR3D_FREQ 98% PLL@90C CPU@98.5C PMIC@50C GPU@97.5C AO@99C thermal@98.75C POM_5V_IN 9155/7393 POM_5V_GPU 4213/2862 POM_5V_CPU 1701/1626
RAM 3221/3964MB (lfb 4x256kB) SWAP 1976/1982MB (cached 4MB) CPU [25%@1428,30%@1428,16%@1428,38%@1428] EMC_FREQ 0% GR3D_FREQ 98% PLL@90.5C CPU@99C PMIC@50C GPU@97.5C AO@99C thermal@98.75C POM_5V_IN 9722/7430 POM_5V_GPU 4489/2888 POM_5V_CPU 1941/1631
RAM 3222/3964MB (lfb 4x256kB) SWAP 1976/1982MB (cached 4MB) CPU [28%@518,8%@518,8%@1132,48%@1132] EMC_FREQ 0% GR3D_FREQ 98% PLL@90C CPU@99C PMIC@50C GPU@97.5C AO@99C thermal@97.75C POM_5V_IN 9925/7470 POM_5V_GPU 4853/2920 POM_5V_CPU 1779/1633
RAM 3222/3964MB (lfb 4x256kB) SWAP 1976/1982MB (cached 4MB) CPU [29%@1036,12%@1036,28%@1036,28%@1036] EMC_FREQ 0% GR3D_FREQ 98% PLL@90.5C CPU@99C PMIC@50C GPU@97.5C AO@99C thermal@97.75C POM_5V_IN 9277/7498 POM_5V_GPU 4294/2941 POM_5V_CPU 1742/1635
RAM 3222/3964MB (lfb 4x256kB) SWAP 1976/1982MB (cached 4MB) CPU [25%@921,59%@921,23%@1132,25%@1132] EMC_FREQ 0% GR3D_FREQ 99% PLL@90.5C CPU@100C PMIC@50C GPU@97.5C AO@99C thermal@97.75C POM_5V_IN 10006/7537 POM_5V_GPU 4934/2972 POM_5V_CPU 1739/1636
RAM 3222/3964MB (lfb 4x256kB) SWAP 1976/1982MB (cached 4MB) CPU [27%@921,36%@921,16%@921,13%@921] EMC_FREQ 0% GR3D_FREQ 98% PLL@91C CPU@99.5C PMIC@50C GPU@97.5C AO@99.5C thermal@97.75C POM_5V_IN 9965/7573 POM_5V_GPU 4772/2999 POM_5V_CPU 1941/1641
RAM 3222/3964MB (lfb 4x256kB) SWAP 1976/1982MB (cached 4MB) CPU [24%@921,25%@921,40%@921,29%@921] EMC_FREQ 0% GR3D_FREQ 98% PLL@91C CPU@99C PMIC@50C GPU@97.5C AO@99.5C thermal@98.25C POM_5V_IN 9277/7599 POM_5V_GPU 4213/3017 POM_5V_CPU 1782/1643
RAM 3222/3964MB (lfb 4x256kB) SWAP 1976/1982MB (cached 4MB) CPU [32%@1326,15%@1326,16%@1326,44%@1326] EMC_FREQ 0% GR3D_FREQ 98% PLL@90.5C CPU@99.5C PMIC@50C GPU@98C AO@99.5C thermal@98.25C POM_5V_IN 10046/7635 POM_5V_GPU 4813/3043 POM_5V_CPU 1981/1648
RAM 3222/3964MB (lfb 4x256kB) SWAP 1976/1982MB (cached 4MB) CPU [39%@825,37%@825,23%@825,23%@825] EMC_FREQ 0% GR3D_FREQ 98% PLL@91C CPU@99.5C PMIC@50C GPU@97.5C AO@100C thermal@98.25C POM_5V_IN 9601/7663 POM_5V_GPU 4570/3066 POM_5V_CPU 1820/1650
RAM 3222/3964MB (lfb 4x256kB) SWAP 1976/1982MB (cached 4MB) CPU [29%@1326,34%@614,25%@614,29%@1036] EMC_FREQ 0% GR3D_FREQ 99% PLL@90.5C CPU@99C PMIC@50C GPU@97.5C AO@99.5C thermal@98.25C POM_5V_IN 9277/7686 POM_5V_GPU 4253/3083 POM_5V_CPU 1742/1652
RAM 3222/3964MB (lfb 4x256kB) SWAP 1976/1982MB (cached 4MB) CPU [15%@1326,52%@1326,20%@1326,30%@1326] EMC_FREQ 0% GR3D_FREQ 98% PLL@91C CPU@98.5C PMIC@50C GPU@97.5C AO@99.5C thermal@98.25C POM_5V_IN 9358/7710 POM_5V_GPU 4294/3100 POM_5V_CPU 1823/1654
RAM 3222/3964MB (lfb 4x256kB) SWAP 1976/1982MB (cached 4MB) CPU [12%@1224,50%@1224,8%@1224,26%@1224] EMC_FREQ 0% GR3D_FREQ 98% PLL@91C CPU@99C PMIC@50C GPU@97.5C AO@99.5C thermal@97.75C POM_5V_IN 9358/7733 POM_5V_GPU 4334/3117 POM_5V_CPU 1779/1656
RAM 3222/3964MB (lfb 4x256kB) SWAP 1976/1982MB (cached 4MB) CPU [16%@1224,50%@1224,12%@1224,23%@1224] EMC_FREQ 0% GR3D_FREQ 98% PLL@91C CPU@98.5C PMIC@50C GPU@97.5C AO@99.5C thermal@97.75C POM_5V_IN 9277/7754 POM_5V_GPU 4213/3132 POM_5V_CPU 1823/1658
RAM 3222/3964MB (lfb 4x256kB) SWAP 1976/1982MB (cached 4MB) CPU [8%@710,40%@710,12%@921,33%@921] EMC_FREQ 0% GR3D_FREQ 98% PLL@91C CPU@100C PMIC@50C GPU@97.5C AO@99.5C thermal@97.75C POM_5V_IN 9925/7783 POM_5V_GPU 4772/3154 POM_5V_CPU 1860/1661
RAM 3222/3964MB (lfb 4x256kB) SWAP 1976/1982MB (cached 4MB) CPU [19%@1132,30%@825,23%@825,48%@825] EMC_FREQ 0% GR3D_FREQ 98% PLL@91C CPU@98.5C PMIC@50C GPU@97.5C AO@99.5C thermal@97.75C POM_5V_IN 9236/7803 POM_5V_GPU 4213/3168 POM_5V_CPU 1782/1663
RAM 3222/3964MB (lfb 4x256kB) SWAP 1976/1982MB (cached 4MB) CPU [20%@1326,34%@1326,32%@1326,16%@1326] EMC_FREQ 0% GR3D_FREQ 98% PLL@91C CPU@99C PMIC@50C GPU@97.5C AO@99.5C thermal@98C POM_5V_IN 9479/7825 POM_5V_GPU 4368/3184 POM_5V_CPU 1860/1665
RAM 3222/3964MB (lfb 4x256kB) SWAP 1976/1982MB (cached 4MB) CPU [20%@921,29%@921,13%@921,38%@921] EMC_FREQ 0% GR3D_FREQ 98% PLL@91.5C CPU@98C PMIC@50C GPU@97.5C AO@100C thermal@98C POM_5V_IN 9317/7844 POM_5V_GPU 4213/3197 POM_5V_CPU 1860/1668
RAM 3222/3964MB (lfb 4x256kB) SWAP 1976/1982MB (cached 4MB) CPU [33%@1224,30%@1224,29%@1224,8%@1224] EMC_FREQ 0% GR3D_FREQ 98% PLL@91C CPU@98.5C PMIC@50C GPU@97.5C AO@99.5C thermal@98C POM_5V_IN 9641/7867 POM_5V_GPU 4449/3213 POM_5V_CPU 1941/1671
RAM 3222/3964MB (lfb 4x256kB) SWAP 1976/1982MB (cached 4MB) CPU [22%@921,42%@921,8%@921,23%@921] EMC_FREQ 0% GR3D_FREQ 98% PLL@91C CPU@99C PMIC@50C GPU@97.5C AO@100C thermal@98C POM_5V_IN 9601/7889 POM_5V_GPU 4449/3229 POM_5V_CPU 1901/1674
RAM 3222/3964MB (lfb 4x256kB) SWAP 1976/1982MB (cached 4MB) CPU [16%@1224,40%@1224,16%@1224,34%@1224] EMC_FREQ 0% GR3D_FREQ 98% PLL@91C CPU@99C PMIC@50C GPU@97.5C AO@100C thermal@98C POM_5V_IN 9358/7907 POM_5V_GPU 4213/3241 POM_5V_CPU 1904/1677
RAM 3222/3964MB (lfb 4x256kB) SWAP 1976/1982MB (cached 4MB) CPU [50%@1326,23%@1326,23%@1326,12%@1326] EMC_FREQ 0% GR3D_FREQ 98% PLL@91C CPU@99C PMIC@50C GPU@97.5C AO@100C thermal@98.25C POM_5V_IN 9398/7926 POM_5V_GPU 4206/3253 POM_5V_CPU 1944/1680
RAM 3222/3964MB (lfb 4x256kB) SWAP 1976/1982MB (cached 4MB) CPU [19%@1036,26%@1036,28%@1036,46%@1036] EMC_FREQ 0% GR3D_FREQ 99% PLL@91.5C CPU@99C PMIC@50C GPU@97.5C AO@99.5C thermal@98.25C POM_5V_IN 9236/7942 POM_5V_GPU 4213/3265 POM_5V_CPU 1860/1682
RAM 3222/3964MB (lfb 4x256kB) SWAP 1976/1982MB (cached 4MB) CPU [16%@1326,34%@1326,38%@1326,8%@1326] EMC_FREQ 0% GR3D_FREQ 98% PLL@91C CPU@98.5C PMIC@50C GPU@97.5C AO@99.5C thermal@98.25C POM_5V_IN 9317/7958 POM_5V_GPU 4213/3276 POM_5V_CPU 1823/1684
RAM 3222/3964MB (lfb 4x256kB) SWAP 1976/1982MB (cached 4MB) CPU [25%@1326,17%@1326,19%@1326,51%@1326] EMC_FREQ 0% GR3D_FREQ 98% PLL@91C CPU@99C PMIC@50C GPU@97.5C AO@100.5C thermal@98.25C POM_5V_IN 9317/7974 POM_5V_GPU 4172/3287 POM_5V_CPU 1904/1687
RAM 3222/3964MB (lfb 4x256kB) SWAP 1976/1982MB (cached 4MB) CPU [28%@825,30%@825,33%@825,25%@825] EMC_FREQ 0% GR3D_FREQ 98% PLL@91C CPU@99C PMIC@50C GPU@97.5C AO@100C thermal@98C POM_5V_IN 9277/7990 POM_5V_GPU 4213/3298 POM_5V_CPU 1823/1688
RAM 3222/3964MB (lfb 4x256kB) SWAP 1976/1982MB (cached 4MB) CPU [22%@1224,37%@1224,38%@1224,19%@1224] EMC_FREQ 0% GR3D_FREQ 98% PLL@91C CPU@99C PMIC@50C GPU@97.5C AO@99.5C thermal@98C POM_5V_IN 9115/8003 POM_5V_GPU 4213/3308 POM_5V_CPU 1701/1688
RAM 3222/3964MB (lfb 4x256kB) SWAP 1976/1982MB (cached 4MB) CPU [17%@1224,29%@1224,16%@1224,26%@1224] EMC_FREQ 0% GR3D_FREQ 98% PLL@91C CPU@99C PMIC@50C GPU@97.5C AO@100C thermal@98C POM_5V_IN 9236/8017 POM_5V_GPU 4213/3319 POM_5V_CPU 1782/1689
RAM 3222/3964MB (lfb 4x256kB) SWAP 1976/1982MB (cached 4MB) CPU [59%@1224,18%@1224,16%@1224,20%@1224] EMC_FREQ 0% GR3D_FREQ 98% PLL@91C CPU@99C PMIC@50C GPU@97.5C AO@100C thermal@98C POM_5V_IN 9115/8029 POM_5V_GPU 4172/3328 POM_5V_CPU 1620/1689
RAM 3222/3964MB (lfb 4x256kB) SWAP 1976/1982MB (cached 4MB) CPU [52%@1036,15%@1036,21%@1036,21%@1036] EMC_FREQ 0% GR3D_FREQ 98% PLL@91C CPU@99C PMIC@50C GPU@97.5C AO@99.5C thermal@98C POM_5V_IN 9074/8041 POM_5V_GPU 4213/3338 POM_5V_CPU 1620/1688
RAM 3222/3964MB (lfb 4x256kB) SWAP 1976/1982MB (cached 4MB) CPU [33%@1224,36%@1224,12%@1224,40%@1224] EMC_FREQ 0% GR3D_FREQ 98% PLL@90.5C CPU@99.5C PMIC@50C GPU@97.5C AO@99.5C thermal@98C POM_5V_IN 9196/8054 POM_5V_GPU 4213/3348 POM_5V_CPU 1742/1689
RAM 3222/3964MB (lfb 4x256kB) SWAP 1976/1982MB (cached 4MB) CPU [38%@1224,20%@1224,23%@1224,28%@1224] EMC_FREQ 0% GR3D_FREQ 98% PLL@91C CPU@99C PMIC@50C GPU@97.5C AO@100C thermal@98C POM_5V_IN 9155/8066 POM_5V_GPU 4213/3358 POM_5V_CPU 1701/1689
RAM 3220/3964MB (lfb 4x256kB) SWAP 1976/1982MB (cached 4MB) CPU [52%@1224,23%@1224,66%@1224,29%@1224] EMC_FREQ 0% GR3D_FREQ 98% PLL@91C CPU@99C PMIC@50C GPU@97.5C AO@100C thermal@98C POM_5V_IN 9115/8077 POM_5V_GPU 4213/3367 POM_5V_CPU 1660/1688
RAM 3220/3964MB (lfb 4x256kB) SWAP 1976/1982MB (cached 4MB) CPU [37%@1036,38%@1036,15%@1036,8%@1036] EMC_FREQ 0% GR3D_FREQ 98% PLL@91C CPU@99.5C PMIC@50C GPU@97.5C AO@100C thermal@98C POM_5V_IN 9236/8090 POM_5V_GPU 4213/3376 POM_5V_CPU 1742/1689
RAM 3220/3964MB (lfb 4x256kB) SWAP 1976/1982MB (cached 4MB) CPU [25%@825,25%@825,25%@825,33%@825] EMC_FREQ 0% GR3D_FREQ 98% PLL@91.5C CPU@99.5C PMIC@50C GPU@97.5C AO@100C thermal@98.25C POM_5V_IN 9236/8102 POM_5V_GPU 4213/3385 POM_5V_CPU 1782/1690
RAM 3215/3964MB (lfb 4x256kB) SWAP 1976/1982MB (cached 4MB) CPU [46%@710,28%@710,12%@710,28%@710] EMC_FREQ 0% GR3D_FREQ 98% PLL@91C CPU@99.5C PMIC@50C GPU@97.5C AO@100C thermal@98.25C POM_5V_IN 9115/8113 POM_5V_GPU 4213/3394 POM_5V_CPU 1660/1690
RAM 3215/3964MB (lfb 4x256kB) SWAP 1976/1982MB (cached 4MB) CPU [32%@1224,42%@1224,16%@1224,16%@1224] EMC_FREQ 0% GR3D_FREQ 98% PLL@91C CPU@99C PMIC@50C GPU@97.5C AO@100C thermal@98.25C POM_5V_IN 9196/8124 POM_5V_GPU 4213/3402 POM_5V_CPU 1782/1691
RAM 3215/3964MB (lfb 4x256kB) SWAP 1976/1982MB (cached 4MB) CPU [21%@1036,34%@1036,15%@1036,26%@1036] EMC_FREQ 0% GR3D_FREQ 98% PLL@91C CPU@99.5C PMIC@50C GPU@97.5C AO@100.5C thermal@98.25C POM_5V_IN 9155/8135 POM_5V_GPU 4213/3410 POM_5V_CPU 1701/1691
RAM 3215/3964MB (lfb 4x256kB) SWAP 1976/1982MB (cached 4MB) CPU [32%@921,33%@921,13%@921,28%@921] EMC_FREQ 0% GR3D_FREQ 98% PLL@91C CPU@99.5C PMIC@50C GPU@97.5C AO@100.5C thermal@98.5C POM_5V_IN 9196/8146 POM_5V_GPU 4213/3419 POM_5V_CPU 1742/1691
RAM 3215/3964MB (lfb 4x256kB) SWAP 1976/1982MB (cached 4MB) CPU [26%@825,42%@825,16%@825,16%@825] EMC_FREQ 0% GR3D_FREQ 98% PLL@91C CPU@99.5C PMIC@50C GPU@97.5C AO@100C thermal@98.5C POM_5V_IN 9277/8157 POM_5V_GPU 4206/3427 POM_5V_CPU 1901/1693
RAM 3216/3964MB (lfb 4x256kB) SWAP 1976/1982MB (cached 4MB) CPU [30%@614,26%@614,28%@614,28%@614] EMC_FREQ 0% GR3D_FREQ 99% PLL@91.5C CPU@99C PMIC@50C GPU@97.5C AO@100C thermal@98.5C POM_5V_IN 9115/8167 POM_5V_GPU 4213/3434 POM_5V_CPU 1701/1693
RAM 3216/3964MB (lfb 4x256kB) SWAP 1976/1982MB (cached 4MB) CPU [23%@825,50%@825,23%@825,12%@825] EMC_FREQ 0% GR3D_FREQ 98% PLL@91C CPU@99.5C PMIC@50C GPU@97.5C AO@100C thermal@98.5C POM_5V_IN 9196/8177 POM_5V_GPU 4213/3442 POM_5V_CPU 1782/1694
RAM 3216/3964MB (lfb 4x256kB) SWAP 1976/1982MB (cached 4MB) CPU [12%@1132,4%@1132,65%@1132,8%@1132] EMC_FREQ 0% GR3D_FREQ 98% PLL@90.5C CPU@99C PMIC@50C GPU@97.5C AO@100C thermal@98.5C POM_5V_IN 9034/8185 POM_5V_GPU 4213/3450 POM_5V_CPU 1539/1693
RAM 3216/3964MB (lfb 4x256kB) SWAP 1976/1982MB (cached 4MB) CPU [8%@1036,17%@1036,41%@1036,12%@1036] EMC_FREQ 0% GR3D_FREQ 98% PLL@91C CPU@99.5C PMIC@50C GPU@97.5C AO@100C thermal@98.5C POM_5V_IN 9196/8195 POM_5V_GPU 4213/3457 POM_5V_CPU 1742/1693
RAM 3216/3964MB (lfb 4x256kB) SWAP 1976/1982MB (cached 4MB) CPU [19%@921,38%@921,29%@921,24%@921] EMC_FREQ 0% GR3D_FREQ 98% PLL@91C CPU@99C PMIC@50C GPU@97.5C AO@100C thermal@98.5C POM_5V_IN 9155/8204 POM_5V_GPU 4213/3464 POM_5V_CPU 1701/1693
RAM 3216/3964MB (lfb 4x256kB) SWAP 1976/1982MB (cached 4MB) CPU [32%@921,32%@921,14%@921,25%@921] EMC_FREQ 0% GR3D_FREQ 99% PLL@91C CPU@99C PMIC@50C GPU@97.5C AO@100C thermal@98.5C POM_5V_IN 9196/8214 POM_5V_GPU 4253/3472 POM_5V_CPU 1742/1694
RAM 3216/3964MB (lfb 4x256kB) SWAP 1976/1982MB (cached 4MB) CPU [40%@1132,15%@1132,25%@1132,44%@1132] EMC_FREQ 0% GR3D_FREQ 98% PLL@91C CPU@99.5C PMIC@50C GPU@97.5C AO@100.5C thermal@98.5C POM_5V_IN 9115/8222 POM_5V_GPU 4213/3479 POM_5V_CPU 1620/1693
RAM 3216/3964MB (lfb 4x256kB) SWAP 1976/1982MB (cached 4MB) CPU [60%@921,8%@921,4%@921,12%@921] EMC_FREQ 0% GR3D_FREQ 98% PLL@91C CPU@98.5C PMIC@50C GPU@97.5C AO@100C thermal@98.25C POM_5V_IN 9034/8230 POM_5V_GPU 4213/3486 POM_5V_CPU 1539/1692
RAM 3216/3964MB (lfb 4x256kB) SWAP 1976/1982MB (cached 4MB) CPU [50%@1132,8%@1132,23%@1132,28%@1132] EMC_FREQ 0% GR3D_FREQ 98% PLL@90.5C CPU@98.5C PMIC@50C GPU@97.5C AO@99.5C thermal@98.25C POM_5V_IN 8953/8236 POM_5V_GPU 4213/3492 POM_5V_CPU 1498/1690
RAM 3206/3964MB (lfb 4x256kB) SWAP 1976/1982MB (cached 4MB) CPU [7%@1132,84%@1132,15%@1132,7%@1132] EMC_FREQ 0% GR3D_FREQ 0% PLL@89C CPU@93C PMIC@50C GPU@93C AO@98.5C thermal@98.25C POM_5V_IN 4402/8201 POM_5V_GPU 569/3466 POM_5V_CPU 1139/1685
RAM 2731/3964MB (lfb 1x2MB) SWAP 1976/1982MB (cached 4MB) CPU [4%@1132,65%@1132,40%@1132,7%@1132] EMC_FREQ 0% GR3D_FREQ 0% PLL@87.5C CPU@91.5C PMIC@50C GPU@90.5C AO@96.5C thermal@98.25C POM_5V_IN 4239/8165 POM_5V_GPU 448/3438 POM_5V_CPU 1139/1680
RAM 2583/3964MB (lfb 1x2MB) SWAP 1976/1982MB (cached 4MB) CPU [12%@204,19%@204,29%@204,4%@204] EMC_FREQ 0% GR3D_FREQ 0% PLL@85.5C CPU@88.5C PMIC@50C GPU@88C AO@95C thermal@89.75C POM_5V_IN 3546/8124 POM_5V_GPU 407/3411 POM_5V_CPU 611/1670
RAM 2583/3964MB (lfb 1x2MB) SWAP 1976/1982MB (cached 4MB) CPU [12%@204,4%@204,3%@204,4%@204] EMC_FREQ 0% GR3D_FREQ 0% PLL@83.5C CPU@87C PMIC@50C GPU@87C AO@93.5C thermal@89.75C POM_5V_IN 3424/8082 POM_5V_GPU 407/3384 POM_5V_CPU 529/1660
RAM 2583/3964MB (lfb 1x2MB) SWAP 1976/1982MB (cached 4MB) CPU [18%@204,0%@204,11%@204,4%@204] EMC_FREQ 0% GR3D_FREQ 0% PLL@82.5C CPU@86C PMIC@50C GPU@85.5C AO@92.5C thermal@89.75C POM_5V_IN 3465/8041 POM_5V_GPU 407/3358 POM_5V_CPU 570/1650
RAM 2583/3964MB (lfb 1x2MB) SWAP 1976/1982MB (cached 4MB) CPU [8%@102,0%@102,10%@102,7%@102] EMC_FREQ 0% GR3D_FREQ 0% PLL@81.5C CPU@85C PMIC@50C GPU@84.5C AO@91.5C thermal@89.75C POM_5V_IN 3342/7999 POM_5V_GPU 407/3332 POM_5V_CPU 489/1640
