RAM 2404/3964MB (lfb 1x4MB) SWAP 1967/1982MB (cached 5MB) CPU [53%@825,3%@825,11%@825,4%@825] EMC_FREQ 0% GR3D_FREQ 0% PLL@64.5C CPU@67.5C PMIC@50C GPU@67.5C AO@74.5C thermal@72.5C POM_5V_IN 2935/2935 POM_5V_GPU 326/326 POM_5V_CPU 488/488
RAM 2404/3964MB (lfb 1x4MB) SWAP 1967/1982MB (cached 5MB) CPU [11%@204,0%@204,3%@204,7%@204] EMC_FREQ 0% GR3D_FREQ 0% PLL@63C CPU@66C PMIC@50C GPU@66.5C AO@73.5C thermal@72.5C POM_5V_IN 2731/2833 POM_5V_GPU 285/305 POM_5V_CPU 366/427
RAM 2404/3964MB (lfb 1x4MB) SWAP 1967/1982MB (cached 5MB) CPU [18%@204,11%@204,7%@204,3%@204] EMC_FREQ 0% GR3D_FREQ 0% PLL@62C CPU@65C PMIC@50C GPU@65C AO@72C thermal@65.75C POM_5V_IN 2731/2799 POM_5V_GPU 285/298 POM_5V_CPU 366/406
RAM 2404/3964MB (lfb 1x4MB) SWAP 1967/1982MB (cached 5MB) CPU [16%@518,8%@518,4%@518,0%@518] EMC_FREQ 0% GR3D_FREQ 0% PLL@61C CPU@64C PMIC@50C GPU@64.5C AO@71.5C thermal@65.75C POM_5V_IN 2812/2802 POM_5V_GPU 326/305 POM_5V_CPU 529/437
RAM 2404/3964MB (lfb 1x4MB) SWAP 1967/1982MB (cached 5MB) CPU [19%@102,4%@307,7%@307,7%@307] EMC_FREQ 0% GR3D_FREQ 0% PLL@60.5C CPU@64C PMIC@50C GPU@63.5C AO@70.5C thermal@65.75C POM_5V_IN 2731/2788 POM_5V_GPU 285/301 POM_5V_CPU 366/423
RAM 2404/3964MB (lfb 1x4MB) SWAP 1967/1982MB (cached 5MB) CPU [23%@204,3%@204,0%@204,8%@204] EMC_FREQ 0% GR3D_FREQ 0% PLL@59.5C CPU@63C PMIC@50C GPU@63C AO@70C thermal@65.75C POM_5V_IN 2690/2771 POM_5V_GPU 285/298 POM_5V_CPU 407/420
RAM 2404/3964MB (lfb 1x4MB) SWAP 1967/1982MB (cached 5MB) CPU [8%@307,11%@307,18%@307,0%@307] EMC_FREQ 0% GR3D_FREQ 0% PLL@59.5C CPU@62C PMIC@50C GPU@63C AO@69.5C thermal@62.75C POM_5V_IN 2690/2760 POM_5V_GPU 285/296 POM_5V_CPU 407/418
RAM 2425/3964MB (lfb 1x4MB) SWAP 1967/1982MB (cached 5MB) CPU [35%@1479,22%@1479,4%@1479,12%@1479] EMC_FREQ 0% GR3D_FREQ 0% PLL@59C CPU@63C PMIC@50C GPU@62C AO@69C thermal@62.75C POM_5V_IN 3378/2837 POM_5V_GPU 284/295 POM_5V_CPU 895/478
RAM 2466/3964MB (lfb 1x4MB) SWAP 1967/1982MB (cached 5MB) CPU [20%@1479,66%@1479,7%@1479,7%@1479] EMC_FREQ 0% GR3D_FREQ 1% PLL@60C CPU@64C PMIC@50C GPU@62.5C AO@69.5C thermal@62.75C POM_5V_IN 4233/2992 POM_5V_GPU 488/316 POM_5V_CPU 1544/596
RAM 2520/3964MB (lfb 1x4MB) SWAP 1967/1982MB (cached 5MB) CPU [4%@1479,100%@1479,4%@1479,7%@1479] EMC_FREQ 0% GR3D_FREQ 0% PLL@60.5C CPU@65C PMIC@50C GPU@62.5C AO@70C thermal@62.75C POM_5V_IN 3948/3087 POM_5V_GPU 325/317 POM_5V_CPU 1465/683
RAM 2541/3964MB (lfb 1x4MB) SWAP 1967/1982MB (cached 5MB) CPU [15%@1479,100%@1479,12%@1479,4%@1479] EMC_FREQ 0% GR3D_FREQ 3% PLL@61C CPU@65.5C PMIC@50C GPU@63C AO@70C thermal@64.25C POM_5V_IN 4355/3203 POM_5V_GPU 529/336 POM_5V_CPU 1706/776
RAM 2580/3964MB (lfb 1x4MB) SWAP 1967/1982MB (cached 5MB) CPU [21%@1479,96%@1479,8%@1479,8%@1479] EMC_FREQ 0% GR3D_FREQ 1% PLL@61C CPU@66.5C PMIC@50C GPU@63C AO@70.5C thermal@64.25C POM_5V_IN 4314/3295 POM_5V_GPU 447/345 POM_5V_CPU 1625/847
RAM 2630/3964MB (lfb 1x4MB) SWAP 1967/1982MB (cached 5MB) CPU [83%@1479,20%@1479,11%@1479,7%@1479] EMC_FREQ 0% GR3D_FREQ 1% PLL@60.5C CPU@66C PMIC@50C GPU@63C AO@70.5C thermal@64.25C POM_5V_IN 4233/3367 POM_5V_GPU 488/356 POM_5V_CPU 1584/903
RAM 2659/3964MB (lfb 1x4MB) SWAP 1967/1982MB (cached 5MB) CPU [33%@1479,4%@1479,4%@1479,88%@1479] EMC_FREQ 0% GR3D_FREQ 2% PLL@61C CPU@64.5C PMIC@50C GPU@63C AO@70C thermal@64.25C POM_5V_IN 4477/3447 POM_5V_GPU 650/377 POM_5V_CPU 1666/958
RAM 2708/3964MB (lfb 1x4MB) SWAP 1967/1982MB (cached 5MB) CPU [19%@1479,11%@1479,15%@1479,96%@1479] EMC_FREQ 0% GR3D_FREQ 0% PLL@61C CPU@63.5C PMIC@50C GPU@63C AO@70C thermal@64.25C POM_5V_IN 4314/3504 POM_5V_GPU 529/387 POM_5V_CPU 1666/1005
RAM 2748/3964MB (lfb 1x4MB) SWAP 1967/1982MB (cached 5MB) CPU [26%@1479,12%@1479,15%@1479,100%@1479] EMC_FREQ 0% GR3D_FREQ 2% PLL@61C CPU@64C PMIC@50C GPU@63C AO@70C thermal@63.5C POM_5V_IN 4477/3565 POM_5V_GPU 650/404 POM_5V_CPU 1706/1049
RAM 2810/3964MB (lfb 1x4MB) SWAP 1967/1982MB (cached 5MB) CPU [15%@1479,11%@1479,8%@1479,100%@1479] EMC_FREQ 0% GR3D_FREQ 0% PLL@61C CPU@63.5C PMIC@50C GPU@62.5C AO@69.5C thermal@63.5C POM_5V_IN 4151/3600 POM_5V_GPU 407/404 POM_5V_CPU 1544/1078
RAM 2856/3964MB (lfb 1x4MB) SWAP 1967/1982MB (cached 5MB) CPU [23%@518,11%@1479,12%@1479,96%@1479] EMC_FREQ 0% GR3D_FREQ 17% PLL@61C CPU@63.5C PMIC@50C GPU@62C AO@69.5C thermal@63.5C POM_5V_IN 4111/3628 POM_5V_GPU 244/395 POM_5V_CPU 1706/1113
RAM 2924/3964MB (lfb 2x2MB) SWAP 1967/1982MB (cached 5MB) CPU [8%@1479,12%@1479,8%@1479,100%@1479] EMC_FREQ 0% GR3D_FREQ 0% PLL@61C CPU@63C PMIC@50C GPU@61.5C AO@69C thermal@63.5C POM_5V_IN 3866/3640 POM_5V_GPU 162/383 POM_5V_CPU 1503/1133
RAM 2954/3964MB (lfb 4x2MB) SWAP 1967/1982MB (cached 5MB) CPU [25%@1479,4%@1479,8%@1479,100%@1479] EMC_FREQ 0% GR3D_FREQ 0% PLL@60C CPU@63C PMIC@50C GPU@61.5C AO@68.5C thermal@63C POM_5V_IN 3744/3646 POM_5V_GPU 162/372 POM_5V_CPU 1424/1148
RAM 2993/3964MB (lfb 2x2MB) SWAP 1967/1982MB (cached 5MB) CPU [24%@1479,50%@1479,4%@1479,62%@1479] EMC_FREQ 0% GR3D_FREQ 8% PLL@59.5C CPU@65C PMIC@50C GPU@61C AO@69C thermal@63C POM_5V_IN 4029/3664 POM_5V_GPU 203/364 POM_5V_CPU 1625/1170
RAM 3033/3964MB (lfb 2x2MB) SWAP 1967/1982MB (cached 5MB) CPU [20%@1479,96%@1479,15%@1479,8%@1479] EMC_FREQ 0% GR3D_FREQ 36% PLL@60C CPU@64C PMIC@50C GPU@61C AO@69C thermal@63C POM_5V_IN 4111/3684 POM_5V_GPU 284/360 POM_5V_CPU 1747/1197
RAM 3037/3964MB (lfb 3x2MB) SWAP 1967/1982MB (cached 5MB) CPU [23%@1326,76%@1326,8%@1326,11%@1326] EMC_FREQ 0% GR3D_FREQ 98% PLL@59.5C CPU@62.5C PMIC@50C GPU@61C AO@68.5C thermal@63C POM_5V_IN 3704/3685 POM_5V_GPU 447/364 POM_5V_CPU 1099/1192
RAM 3037/3964MB (lfb 3x2MB) SWAP 1967/1982MB (cached 5MB) CPU [39%@1479,8%@1479,12%@1479,8%@1326] EMC_FREQ 0% GR3D_FREQ 98% PLL@59C CPU@63C PMIC@50C GPU@62.5C AO@68.5C thermal@62.25C POM_5V_IN 5527/3762 POM_5V_GPU 1910/428 POM_5V_CPU 1257/1195
RAM 3037/3964MB (lfb 3x2MB) SWAP 1967/1982MB (cached 5MB) CPU [69%@1479,12%@1479,25%@1479,28%@1479] EMC_FREQ 0% GR3D_FREQ 99% PLL@60C CPU@64.5C PMIC@50C GPU@65.5C AO@70C thermal@62.25C POM_5V_IN 7818/3924 POM_5V_GPU 3686/558 POM_5V_CPU 1498/1207
RAM 3037/3964MB (lfb 3x2MB) SWAP 1967/1982MB (cached 5MB) CPU [45%@921,11%@921,25%@921,45%@921] EMC_FREQ 0% GR3D_FREQ 98% PLL@61.5C CPU@66.5C PMIC@50C GPU@67C AO@71C thermal@62.25C POM_5V_IN 7818/4074 POM_5V_GPU 3727/680 POM_5V_CPU 1498/1218
RAM 3037/3964MB (lfb 3x2MB) SWAP 1967/1982MB (cached 5MB) CPU [37%@1428,12%@1428,55%@1428,29%@1428] EMC_FREQ 0% GR3D_FREQ 98% PLL@62C CPU@67.5C PMIC@50C GPU@67.5C AO@71.5C thermal@62.25C POM_5V_IN 7940/4217 POM_5V_GPU 3727/793 POM_5V_CPU 1579/1232
RAM 3037/3964MB (lfb 3x2MB) SWAP 1967/1982MB (cached 5MB) CPU [25%@1479,26%@1479,34%@1479,54%@1479] EMC_FREQ 0% GR3D_FREQ 99% PLL@63C CPU@68C PMIC@50C GPU@68.5C AO@72C thermal@62.25C POM_5V_IN 7899/4348 POM_5V_GPU 3767/899 POM_5V_CPU 1498/1241
RAM 3037/3964MB (lfb 3x2MB) SWAP 1967/1982MB (cached 5MB) CPU [26%@1428,25%@1428,57%@1428,32%@1428] EMC_FREQ 0% GR3D_FREQ 98% PLL@64C CPU@69.5C PMIC@50C GPU@69.5C AO@72.5C thermal@68.5C POM_5V_IN 7980/4474 POM_5V_GPU 3767/998 POM_5V_CPU 1539/1251
RAM 3037/3964MB (lfb 3x2MB) SWAP 1967/1982MB (cached 5MB) CPU [26%@1479,16%@1479,55%@1479,33%@1479] EMC_FREQ 0% GR3D_FREQ 98% PLL@64C CPU@69.5C PMIC@50C GPU@69.5C AO@73C thermal@68.5C POM_5V_IN 7980/4590 POM_5V_GPU 3767/1090 POM_5V_CPU 1579/1262
RAM 3037/3964MB (lfb 3x2MB) SWAP 1967/1982MB (cached 5MB) CPU [30%@1479,25%@1479,25%@1479,48%@1479] EMC_FREQ 0% GR3D_FREQ 98% PLL@64.5C CPU@69.5C PMIC@50C GPU@70C AO@73.5C thermal@68.5C POM_5V_IN 8061/4702 POM_5V_GPU 3808/1178 POM_5V_CPU 1620/1274
RAM 3037/3964MB (lfb 3x2MB) SWAP 1967/1982MB (cached 5MB) CPU [32%@1479,44%@1479,23%@1479,50%@1479] EMC_FREQ 0% GR3D_FREQ 98% PLL@65C CPU@70C PMIC@50C GPU@70.5C AO@74C thermal@68.5C POM_5V_IN 8142/4810 POM_5V_GPU 3802/1260 POM_5V_CPU 1660/1286
RAM 3037/3964MB (lfb 3x2MB) SWAP 1967/1982MB (cached 5MB) CPU [33%@1224,16%@1224,50%@1224,34%@1224] EMC_FREQ 0% GR3D_FREQ 98% PLL@65C CPU@71C PMIC@50C GPU@71C AO@74.5C thermal@70.5C POM_5V_IN 8061/4908 POM_5V_GPU 3848/1338 POM_5V_CPU 1539/1293
RAM 3037/3964MB (lfb 3x2MB) SWAP 1967/1982MB (cached 5MB) CPU [30%@1479,16%@1479,53%@1479,40%@1132] EMC_FREQ 0% GR3D_FREQ 98% PLL@65C CPU@71C PMIC@50C GPU@71C AO@74.5C thermal@70.5C POM_5V_IN 8102/5002 POM_5V_GPU 3808/1411 POM_5V_CPU 1620/1303
RAM 3037/3964MB (lfb 3x2MB) SWAP 1967/1982MB (cached 5MB) CPU [29%@1479,25%@1479,42%@1479,30%@1479] EMC_FREQ 0% GR3D_FREQ 98% PLL@65.5C CPU@71.5C PMIC@50C GPU@71.5C AO@75C thermal@70.5C POM_5V_IN 8142/5092 POM_5V_GPU 3808/1480 POM_5V_CPU 1660/1313
RAM 3037/3964MB (lfb 3x2MB) SWAP 1967/1982MB (cached 5MB) CPU [21%@1036,13%@1036,46%@1036,40%@1036] EMC_FREQ 0% GR3D_FREQ 98% PLL@66.5C CPU@71.5C PMIC@50C GPU@72C AO@75C thermal@70.5C POM_5V_IN 8183/5178 POM_5V_GPU 3848/1545 POM_5V_CPU 1658/1323
RAM 3037/3964MB (lfb 3x2MB) SWAP 1967/1982MB (cached 5MB) CPU [26%@1479,19%@1479,36%@1479,46%@1479] EMC_FREQ 0% GR3D_FREQ 98% PLL@66.5C CPU@72C PMIC@50C GPU@72C AO@75.5C thermal@70.5C POM_5V_IN 8183/5259 POM_5V_GPU 3848/1608 POM_5V_CPU 1660/1332
RAM 3037/3964MB (lfb 3x2MB) SWAP 1967/1982MB (cached 5MB) CPU [26%@1132,42%@1132,19%@1132,34%@1132] EMC_FREQ 0% GR3D_FREQ 98% PLL@67C CPU@72C PMIC@50C GPU@72.5C AO@76C thermal@72C POM_5V_IN 8304/5339 POM_5V_GPU 3842/1666 POM_5V_CPU 1782/1344
RAM 3037/3964MB (lfb 3x2MB) SWAP 1967/1982MB (cached 5MB) CPU [30%@1132,46%@1132,25%@1132,20%@1132] EMC_FREQ 0% GR3D_FREQ 98% PLL@67C CPU@72.5C PMIC@50C GPU@72.5C AO@76C thermal@72C POM_5V_IN 8264/5414 POM_5V_GPU 3848/1722 POM_5V_CPU 1698/1353
RAM 3037/3964MB (lfb 3x2MB) SWAP 1967/1982MB (cached 5MB) CPU [29%@1326,28%@1326,36%@1326,44%@1326] EMC_FREQ 0% GR3D_FREQ 98% PLL@67.5C CPU@72.5C PMIC@50C GPU@73C AO@76.5C thermal@72C POM_5V_IN 8304/5486 POM_5V_GPU 3848/1775 POM_5V_CPU 1701/1362
RAM 3037/3964MB (lfb 3x2MB) SWAP 1967/1982MB (cached 5MB) CPU [18%@1479,20%@1479,48%@1479,26%@1479] EMC_FREQ 0% GR3D_FREQ 99% PLL@67C CPU@73.5C PMIC@50C GPU@73C AO@76.5C thermal@72C POM_5V_IN 8264/5554 POM_5V_GPU 3889/1827 POM_5V_CPU 1660/1369
RAM 3037/3964MB (lfb 3x2MB) SWAP 1967/1982MB (cached 5MB) CPU [28%@1479,50%@1479,28%@1479,12%@1479] EMC_FREQ 0% GR3D_FREQ 98% PLL@67.5C CPU@73.5C PMIC@50C GPU@73.5C AO@76.5C thermal@73C POM_5V_IN 8304/5620 POM_5V_GPU 3848/1875 POM_5V_CPU 1739/1378
RAM 3037/3964MB (lfb 3x2MB) SWAP 1967/1982MB (cached 5MB) CPU [24%@1479,13%@1479,46%@1479,42%@1479] EMC_FREQ 0% GR3D_FREQ 98% PLL@67.5C CPU@73.5C PMIC@50C GPU@73.5C AO@77C thermal@73C POM_5V_IN 8304/5682 POM_5V_GPU 3883/1922 POM_5V_CPU 1698/1385
RAM 3037/3964MB (lfb 3x2MB) SWAP 1967/1982MB (cached 5MB) CPU [30%@1132,36%@1132,44%@1132,18%@1132] EMC_FREQ 0% GR3D_FREQ 98% PLL@68C CPU@73.5C PMIC@50C GPU@73.5C AO@77C thermal@73C POM_5V_IN 8304/5742 POM_5V_GPU 3883/1966 POM_5V_CPU 1698/1392
RAM 3037/3964MB (lfb 3x2MB) SWAP 1967/1982MB (cached 5MB) CPU [25%@825,24%@825,38%@825,40%@825] EMC_FREQ 0% GR3D_FREQ 98% PLL@68C CPU@74C PMIC@50C GPU@74C AO@77C thermal@73C POM_5V_IN 8304/5798 POM_5V_GPU 3883/2009 POM_5V_CPU 1698/1399
RAM 3037/3964MB (lfb 3x2MB) SWAP 1967/1982MB (cached 5MB) CPU [22%@1479,35%@1479,44%@1479,29%@1479] EMC_FREQ 0% GR3D_FREQ 98% PLL@68C CPU@74.5C PMIC@50C GPU@74C AO@77.5C thermal@74C POM_5V_IN 8304/5853 POM_5V_GPU 3889/2050 POM_5V_CPU 1698/1405
RAM 3037/3964MB (lfb 3x2MB) SWAP 1967/1982MB (cached 5MB) CPU [28%@1326,33%@1479,48%@1479,26%@1479] EMC_FREQ 0% GR3D_FREQ 98% PLL@68.5C CPU@74C PMIC@50C GPU@74C AO@77.5C thermal@74C POM_5V_IN 8467/5909 POM_5V_GPU 3883/2089 POM_5V_CPU 1820/1414
RAM 3037/3964MB (lfb 3x2MB) SWAP 1967/1982MB (cached 5MB) CPU [25%@1132,20%@1132,26%@1132,50%@1132] EMC_FREQ 0% GR3D_FREQ 98% PLL@68.5C CPU@74.5C PMIC@50C GPU@74C AO@77.5C thermal@74C POM_5V_IN 8426/5961 POM_5V_GPU 3883/2126 POM_5V_CPU 1820/1423
RAM 3037/3964MB (lfb 3x2MB) SWAP 1967/1982MB (cached 5MB) CPU [30%@1326,29%@1326,29%@1326,35%@1326] EMC_FREQ 0% GR3D_FREQ 98% PLL@69C CPU@75C PMIC@50C GPU@74.5C AO@78C thermal@74C POM_5V_IN 8385/6010 POM_5V_GPU 3883/2162 POM_5V_CPU 1739/1429
RAM 3037/3964MB (lfb 3x2MB) SWAP 1967/1982MB (cached 5MB) CPU [32%@1036,26%@1036,36%@1036,41%@1036] EMC_FREQ 0% GR3D_FREQ 98% PLL@69C CPU@74.5C PMIC@50C GPU@74.5C AO@78C thermal@74C POM_5V_IN 8304/6056 POM_5V_GPU 3923/2197 POM_5V_CPU 1658/1434
RAM 3037/3964MB (lfb 3x2MB) SWAP 1967/1982MB (cached 5MB) CPU [24%@1479,54%@1479,16%@1479,26%@1479] EMC_FREQ 0% GR3D_FREQ 98% PLL@69C CPU@75C PMIC@50C GPU@74.5C AO@78C thermal@74.75C POM_5V_IN 8385/6102 POM_5V_GPU 3923/2231 POM_5V_CPU 1739/1440
RAM 3037/3964MB (lfb 3x2MB) SWAP 1967/1982MB (cached 5MB) CPU [21%@1326,13%@1326,28%@1326,52%@1326] EMC_FREQ 0% GR3D_FREQ 98% PLL@69C CPU@75.5C PMIC@50C GPU@75C AO@78C thermal@74.75C POM_5V_IN 8345/6145 POM_5V_GPU 3923/2264 POM_5V_CPU 1698/1445
RAM 3037/3964MB (lfb 3x2MB) SWAP 1967/1982MB (cached 5MB) CPU [25%@921,28%@921,42%@921,33%@921] EMC_FREQ 0% GR3D_FREQ 98% PLL@69.5C CPU@75C PMIC@50C GPU@75C AO@78.5C thermal@74.75C POM_5V_IN 8304/6186 POM_5V_GPU 3923/2295 POM_5V_CPU 1658/1449
RAM 3037/3964MB (lfb 3x2MB) SWAP 1967/1982MB (cached 5MB) CPU [28%@1326,34%@1326,18%@1326,42%@1326] EMC_FREQ 0% GR3D_FREQ 98% PLL@69.5C CPU@75.5C PMIC@50C GPU@75C AO@79C thermal@74.75C POM_5V_IN 8345/6226 POM_5V_GPU 3923/2325 POM_5V_CPU 1698/1453
RAM 3038/3964MB (lfb 3x2MB) SWAP 1967/1982MB (cached 5MB) CPU [21%@1479,52%@1479,23%@1479,24%@1479] EMC_FREQ 0% GR3D_FREQ 98% PLL@69.5C CPU@75.5C PMIC@50C GPU@75.5C AO@79C thermal@75.25C POM_5V_IN 8426/6266 POM_5V_GPU 3923/2354 POM_5V_CPU 1739/1458
RAM 3038/3964MB (lfb 3x2MB) SWAP 1967/1982MB (cached 5MB) CPU [33%@614,17%@614,23%@614,61%@614] EMC_FREQ 0% GR3D_FREQ 99% PLL@70C CPU@75.5C PMIC@50C GPU@75.5C AO@79C thermal@75.25C POM_5V_IN 8304/6302 POM_5V_GPU 3963/2383 POM_5V_CPU 1617/1461
RAM 3038/3964MB (lfb 3x2MB) SWAP 1967/1982MB (cached 5MB) CPU [25%@710,19%@710,37%@710,53%@710] EMC_FREQ 0% GR3D_FREQ 98% PLL@70C CPU@76C PMIC@50C GPU@76C AO@79C thermal@75.25C POM_5V_IN 8304/6337 POM_5V_GPU 3970/2411 POM_5V_CPU 1577/1463
RAM 3038/3964MB (lfb 3x2MB) SWAP 1967/1982MB (cached 5MB) CPU [28%@1036,25%@1036,50%@1036,40%@1036] EMC_FREQ 0% GR3D_FREQ 98% PLL@69.5C CPU@75.5C PMIC@50C GPU@76C AO@79C thermal@75.25C POM_5V_IN 8304/6371 POM_5V_GPU 3963/2437 POM_5V_CPU 1617/1466
RAM 3038/3964MB (lfb 3x2MB) SWAP 1967/1982MB (cached 5MB) CPU [29%@921,20%@921,34%@921,56%@921] EMC_FREQ 0% GR3D_FREQ 98% PLL@70C CPU@76C PMIC@50C GPU@75.5C AO@79.5C thermal@76C POM_5V_IN 8385/6405 POM_5V_GPU 3963/2463 POM_5V_CPU 1658/1469
RAM 3038/3964MB (lfb 3x2MB) SWAP 1967/1982MB (cached 5MB) CPU [28%@1479,53%@1479,25%@1479,28%@1479] EMC_FREQ 0% GR3D_FREQ 98% PLL@70C CPU@76C PMIC@50C GPU@76C AO@79.5C thermal@76C POM_5V_IN 8467/6440 POM_5V_GPU 3923/2487 POM_5V_CPU 1779/1474
RAM 3038/3964MB (lfb 3x2MB) SWAP 1967/1982MB (cached 5MB) CPU [37%@710,25%@710,16%@710,69%@710] EMC_FREQ 0% GR3D_FREQ 98% PLL@70C CPU@76.5C PMIC@50C GPU@76.5C AO@79.5C thermal@76C POM_5V_IN 8304/6470 POM_5V_GPU 3963/2512 POM_5V_CPU 1617/1477
RAM 3038/3964MB (lfb 3x2MB) SWAP 1967/1982MB (cached 5MB) CPU [26%@1036,32%@1036,44%@1036,46%@1036] EMC_FREQ 0% GR3D_FREQ 98% PLL@70C CPU@76.5C PMIC@50C GPU@76.5C AO@79.5C thermal@76C POM_5V_IN 8385/6501 POM_5V_GPU 3963/2535 POM_5V_CPU 1698/1480
RAM 3038/3964MB (lfb 3x2MB) SWAP 1967/1982MB (cached 5MB) CPU [25%@1479,20%@1479,65%@1479,19%@1224] EMC_FREQ 0% GR3D_FREQ 98% PLL@70.5C CPU@76.5C PMIC@50C GPU@76C AO@79.5C thermal@76C POM_5V_IN 8385/6531 POM_5V_GPU 3963/2558 POM_5V_CPU 1698/1484
RAM 3038/3964MB (lfb 3x2MB) SWAP 1967/1982MB (cached 5MB) CPU [22%@1036,28%@1036,33%@1428,43%@1428] EMC_FREQ 0% GR3D_FREQ 99% PLL@70.5C CPU@77C PMIC@50C GPU@76.5C AO@80C thermal@76.5C POM_5V_IN 8426/6561 POM_5V_GPU 3963/2580 POM_5V_CPU 1698/1487
RAM 3038/3964MB (lfb 3x2MB) SWAP 1967/1982MB (cached 5MB) CPU [30%@1479,44%@1479,29%@1479,16%@1479] EMC_FREQ 0% GR3D_FREQ 98% PLL@71C CPU@77.5C PMIC@50C GPU@76.5C AO@80C thermal@76.5C POM_5V_IN 8507/6591 POM_5V_GPU 3963/2601 POM_5V_CPU 1820/1492
RAM 3038/3964MB (lfb 3x2MB) SWAP 1967/1982MB (cached 5MB) CPU [21%@1326,32%@1326,50%@1326,16%@1326] EMC_FREQ 0% GR3D_FREQ 98% PLL@71C CPU@77C PMIC@50C GPU@76.5C AO@80.5C thermal@76.5C POM_5V_IN 8467/6619 POM_5V_GPU 3963/2622 POM_5V_CPU 1739/1496
RAM 3038/3964MB (lfb 3x2MB) SWAP 1967/1982MB (cached 5MB) CPU [25%@1479,40%@1479,28%@1479,44%@1479] EMC_FREQ 0% GR3D_FREQ 98% PLL@71.5C CPU@77C PMIC@50C GPU@76.5C AO@80.5C thermal@76.5C POM_5V_IN 8588/6648 POM_5V_GPU 3923/2641 POM_5V_CPU 1820/1501
RAM 3038/3964MB (lfb 3x2MB) SWAP 1967/1982MB (cached 5MB) CPU [25%@1479,34%@1479,16%@1479,34%@614] EMC_FREQ 0% GR3D_FREQ 98% PLL@71.5C CPU@77C PMIC@50C GPU@77C AO@80.5C thermal@77C POM_5V_IN 8588/6677 POM_5V_GPU 3963/2660 POM_5V_CPU 1860/1506
RAM 3038/3964MB (lfb 3x2MB) SWAP 1967/1982MB (cached 5MB) CPU [25%@921,24%@921,23%@921,61%@921] EMC_FREQ 0% GR3D_FREQ 98% PLL@71.5C CPU@77C PMIC@50C GPU@77C AO@80.5C thermal@77C POM_5V_IN 8426/6702 POM_5V_GPU 3963/2679 POM_5V_CPU 1617/1508
RAM 3038/3964MB (lfb 3x2MB) SWAP 1967/1982MB (cached 5MB) CPU [29%@1479,32%@1479,38%@1479,34%@1479] EMC_FREQ 0% GR3D_FREQ 98% PLL@71C CPU@77C PMIC@50C GPU@77C AO@80.5C thermal@77C POM_5V_IN 8507/6728 POM_5V_GPU 3963/2698 POM_5V_CPU 1779/1511
RAM 3038/3964MB (lfb 3x2MB) SWAP 1967/1982MB (cached 5MB) CPU [25%@1224,33%@1224,61%@1224,28%@1224] EMC_FREQ 0% GR3D_FREQ 98% PLL@71.5C CPU@77.5C PMIC@50C GPU@77.5C AO@80.5C thermal@77C POM_5V_IN 8588/6754 POM_5V_GPU 3963/2715 POM_5V_CPU 1820/1516
RAM 3038/3964MB (lfb 3x2MB) SWAP 1967/1982MB (cached 5MB) CPU [29%@1479,25%@1479,36%@1479,36%@1479] EMC_FREQ 0% GR3D_FREQ 98% PLL@71.5C CPU@77.5C PMIC@50C GPU@77C AO@80.5C thermal@77.5C POM_5V_IN 8467/6778 POM_5V_GPU 4004/2733 POM_5V_CPU 1779/1519
RAM 3038/3964MB (lfb 3x2MB) SWAP 1967/1982MB (cached 5MB) CPU [20%@1479,46%@1479,32%@1479,22%@1479] EMC_FREQ 0% GR3D_FREQ 98% PLL@71.5C CPU@77.5C PMIC@50C GPU@78C AO@81C thermal@77.5C POM_5V_IN 8588/6803 POM_5V_GPU 3963/2750 POM_5V_CPU 1820/1524
RAM 3038/3964MB (lfb 3x2MB) SWAP 1967/1982MB (cached 5MB) CPU [28%@1428,36%@1428,42%@1428,16%@1428] EMC_FREQ 0% GR3D_FREQ 98% PLL@72C CPU@78C PMIC@50C GPU@77.5C AO@81C thermal@77.5C POM_5V_IN 8629/6827 POM_5V_GPU 4004/2767 POM_5V_CPU 1860/1528
RAM 3038/3964MB (lfb 3x2MB) SWAP 1967/1982MB (cached 5MB) CPU [25%@1132,32%@1132,50%@1132,20%@1132] EMC_FREQ 0% GR3D_FREQ 98% PLL@72C CPU@78.5C PMIC@50C GPU@77.5C AO@81.5C thermal@77.5C POM_5V_IN 8548/6850 POM_5V_GPU 3963/2783 POM_5V_CPU 1739/1531
RAM 3038/3964MB (lfb 3x2MB) SWAP 1967/1982MB (cached 5MB) CPU [30%@825,26%@825,57%@825,20%@825] EMC_FREQ 0% GR3D_FREQ 98% PLL@72C CPU@78C PMIC@50C GPU@77.5C AO@81C thermal@77.5C POM_5V_IN 8507/6872 POM_5V_GPU 4004/2799 POM_5V_CPU 1739/1534
RAM 3038/3964MB (lfb 3x2MB) SWAP 1967/1982MB (cached 5MB) CPU [25%@1479,55%@1479,24%@1479,12%@1479] EMC_FREQ 0% GR3D_FREQ 98% PLL@72C CPU@78C PMIC@50C GPU@78C AO@81.5C thermal@78C POM_5V_IN 8669/6895 POM_5V_GPU 4004/2815 POM_5V_CPU 1860/1538
RAM 3038/3964MB (lfb 3x2MB) SWAP 1967/1982MB (cached 5MB) CPU [24%@1036,28%@1036,33%@1036,37%@1036] EMC_FREQ 0% GR3D_FREQ 98% PLL@72.5C CPU@78C PMIC@50C GPU@78C AO@81.5C thermal@78C POM_5V_IN 8669/6918 POM_5V_GPU 4004/2830 POM_5V_CPU 1860/1542
RAM 3038/3964MB (lfb 3x2MB) SWAP 1967/1982MB (cached 5MB) CPU [28%@921,30%@921,41%@921,17%@921] EMC_FREQ 0% GR3D_FREQ 98% PLL@72C CPU@78.5C PMIC@50C GPU@78.5C AO@81.5C thermal@78C POM_5V_IN 8629/6940 POM_5V_GPU 4004/2845 POM_5V_CPU 1820/1545
RAM 3038/3964MB (lfb 3x2MB) SWAP 1967/1982MB (cached 5MB) CPU [29%@1479,12%@1479,57%@1479,39%@1479] EMC_FREQ 0% GR3D_FREQ 98% PLL@72.5C CPU@78C PMIC@50C GPU@78C AO@81.5C thermal@78C POM_5V_IN 8588/6960 POM_5V_GPU 4004/2859 POM_5V_CPU 1779/1548
RAM 3038/3964MB (lfb 3x2MB) SWAP 1967/1982MB (cached 5MB) CPU [33%@1326,20%@1326,36%@1326,37%@1326] EMC_FREQ 0% GR3D_FREQ 98% PLL@72.5C CPU@78.5C PMIC@50C GPU@78C AO@81.5C thermal@78.25C POM_5V_IN 8629/6981 POM_5V_GPU 4004/2873 POM_5V_CPU 1820/1552
RAM 3038/3964MB (lfb 3x2MB) SWAP 1967/1982MB (cached 5MB) CPU [24%@1224,46%@1224,28%@1224,30%@1224] EMC_FREQ 0% GR3D_FREQ 98% PLL@72.5C CPU@78.5C PMIC@50C GPU@78.5C AO@82C thermal@78.25C POM_5V_IN 8710/7002 POM_5V_GPU 4004/2887 POM_5V_CPU 1901/1556
RAM 3038/3964MB (lfb 3x2MB) SWAP 1967/1982MB (cached 5MB) CPU [28%@921,20%@921,13%@921,66%@921] EMC_FREQ 0% GR3D_FREQ 98% PLL@72.5C CPU@78.5C PMIC@50C GPU@78.5C AO@81.5C thermal@78.25C POM_5V_IN 8710/7023 POM_5V_GPU 4004/2901 POM_5V_CPU 1941/1561
RAM 3038/3964MB (lfb 3x2MB) SWAP 1967/1982MB (cached 5MB) CPU [22%@1479,12%@1479,30%@1479,60%@1479] EMC_FREQ 0% GR3D_FREQ 98% PLL@72.5C CPU@78.5C PMIC@50C GPU@78.5C AO@82C thermal@78.25C POM_5V_IN 8588/7041 POM_5V_GPU 4004/2914 POM_5V_CPU 1820/1564
RAM 3038/3964MB (lfb 3x2MB) SWAP 1967/1982MB (cached 5MB) CPU [28%@1479,26%@1479,30%@1479,51%@1479] EMC_FREQ 0% GR3D_FREQ 98% PLL@72.5C CPU@79C PMIC@50C GPU@78.5C AO@82C thermal@78.25C POM_5V_IN 8588/7059 POM_5V_GPU 4004/2927 POM_5V_CPU 1820/1567
RAM 3038/3964MB (lfb 3x2MB) SWAP 1967/1982MB (cached 5MB) CPU [21%@825,8%@825,68%@825,25%@825] EMC_FREQ 0% GR3D_FREQ 98% PLL@72.5C CPU@79C PMIC@50C GPU@78.5C AO@82C thermal@78.75C POM_5V_IN 8467/7076 POM_5V_GPU 4004/2939 POM_5V_CPU 1739/1569
RAM 3038/3964MB (lfb 3x2MB) SWAP 1967/1982MB (cached 5MB) CPU [33%@1479,31%@1479,13%@1479,70%@1479] EMC_FREQ 0% GR3D_FREQ 98% PLL@73C CPU@79C PMIC@50C GPU@78.5C AO@82.5C thermal@78.75C POM_5V_IN 8548/7093 POM_5V_GPU 4004/2951 POM_5V_CPU 1779/1571
RAM 3038/3964MB (lfb 3x2MB) SWAP 1967/1982MB (cached 5MB) CPU [32%@1479,13%@1479,16%@1479,65%@1479] EMC_FREQ 0% GR3D_FREQ 98% PLL@73C CPU@78.5C PMIC@50C GPU@78.5C AO@82.5C thermal@78.75C POM_5V_IN 8548/7109 POM_5V_GPU 4044/2964 POM_5V_CPU 1779/1573
RAM 3038/3964MB (lfb 3x2MB) SWAP 1967/1982MB (cached 5MB) CPU [26%@1479,38%@1479,33%@1479,29%@1479] EMC_FREQ 0% GR3D_FREQ 98% PLL@73C CPU@79C PMIC@50C GPU@79C AO@82.5C thermal@78.75C POM_5V_IN 8629/7126 POM_5V_GPU 4004/2975 POM_5V_CPU 1779/1576
RAM 3038/3964MB (lfb 3x2MB) SWAP 1967/1982MB (cached 5MB) CPU [21%@1132,21%@1132,30%@1132,48%@1132] EMC_FREQ 0% GR3D_FREQ 98% PLL@73C CPU@79.5C PMIC@50C GPU@79C AO@82C thermal@79.25C POM_5V_IN 8629/7143 POM_5V_GPU 4044/2987 POM_5V_CPU 1779/1578
RAM 3032/3964MB (lfb 3x2MB) SWAP 1967/1982MB (cached 5MB) CPU [25%@1479,44%@1479,30%@1479,21%@1479] EMC_FREQ 0% GR3D_FREQ 98% PLL@73.5C CPU@79C PMIC@50C GPU@79C AO@82.5C thermal@79.25C POM_5V_IN 8629/7159 POM_5V_GPU 4044/2999 POM_5V_CPU 1820/1581
RAM 3032/3964MB (lfb 3x2MB) SWAP 1967/1982MB (cached 5MB) CPU [21%@1132,46%@1132,28%@1132,20%@1132] EMC_FREQ 0% GR3D_FREQ 98% PLL@73.5C CPU@79.5C PMIC@50C GPU@79C AO@82.5C thermal@79.25C POM_5V_IN 8669/7176 POM_5V_GPU 4044/3010 POM_5V_CPU 1820/1583
RAM 3032/3964MB (lfb 3x2MB) SWAP 1967/1982MB (cached 5MB) CPU [21%@1036,30%@1036,37%@1132,30%@1132] EMC_FREQ 0% GR3D_FREQ 98% PLL@73.5C CPU@80C PMIC@50C GPU@79C AO@82.5C thermal@79.25C POM_5V_IN 8629/7191 POM_5V_GPU 4044/3021 POM_5V_CPU 1820/1586
RAM 3032/3964MB (lfb 3x2MB) SWAP 1967/1982MB (cached 5MB) CPU [25%@1479,46%@1479,20%@1479,20%@1479] EMC_FREQ 0% GR3D_FREQ 98% PLL@73.5C CPU@79.5C PMIC@50C GPU@79.5C AO@82.5C thermal@79.25C POM_5V_IN 8669/7207 POM_5V_GPU 4044/3032 POM_5V_CPU 1860/1589
RAM 3032/3964MB (lfb 3x2MB) SWAP 1967/1982MB (cached 5MB) CPU [21%@1224,28%@1224,29%@1224,41%@1224] EMC_FREQ 0% GR3D_FREQ 98% PLL@73.5C CPU@79.5C PMIC@50C GPU@79.5C AO@82.5C thermal@79.25C POM_5V_IN 8548/7221 POM_5V_GPU 4044/3043 POM_5V_CPU 1698/1590
RAM 3032/3964MB (lfb 3x2MB) SWAP 1967/1982MB (cached 5MB) CPU [25%@1479,42%@614,16%@614,29%@1132] EMC_FREQ 0% GR3D_FREQ 98% PLL@73.5C CPU@80C PMIC@50C GPU@79.5C AO@83C thermal@79.25C POM_5V_IN 8588/7235 POM_5V_GPU 4044/3053 POM_5V_CPU 1779/1592
RAM 3033/3964MB (lfb 3x2MB) SWAP 1967/1982MB (cached 5MB) CPU [17%@1132,48%@1132,8%@1132,20%@1132] EMC_FREQ 0% GR3D_FREQ 98% PLL@73.5C CPU@80C PMIC@50C GPU@79.5C AO@83C thermal@79.25C POM_5V_IN 8750/7251 POM_5V_GPU 4044/3064 POM_5V_CPU 1820/1594
RAM 3032/3964MB (lfb 3x2MB) SWAP 1967/1982MB (cached 5MB) CPU [20%@1479,39%@1479,29%@1479,46%@1479] EMC_FREQ 0% GR3D_FREQ 98% PLL@74C CPU@80C PMIC@50C GPU@79.5C AO@83C thermal@79.25C POM_5V_IN 8588/7265 POM_5V_GPU 4044/3074 POM_5V_CPU 1739/1596
RAM 3033/3964MB (lfb 3x2MB) SWAP 1967/1982MB (cached 5MB) CPU [34%@1326,33%@1326,21%@1326,37%@1326] EMC_FREQ 0% GR3D_FREQ 98% PLL@74C CPU@80.5C PMIC@50C GPU@79.5C AO@83C thermal@79.75C POM_5V_IN 8629/7278 POM_5V_GPU 4044/3083 POM_5V_CPU 1739/1597
RAM 3032/3964MB (lfb 3x2MB) SWAP 1967/1982MB (cached 5MB) CPU [21%@825,25%@825,24%@825,51%@825] EMC_FREQ 0% GR3D_FREQ 98% PLL@73.5C CPU@79.5C PMIC@50C GPU@79.5C AO@83C thermal@79.75C POM_5V_IN 8629/7292 POM_5V_GPU 4044/3093 POM_5V_CPU 1779/1599
RAM 3032/3964MB (lfb 3x2MB) SWAP 1967/1982MB (cached 5MB) CPU [30%@1224,13%@1224,44%@1224,48%@1224] EMC_FREQ 0% GR3D_FREQ 98% PLL@73.5C CPU@80C PMIC@50C GPU@79.5C AO@83C thermal@79.75C POM_5V_IN 8548/7304 POM_5V_GPU 4085/3103 POM_5V_CPU 1698/1600
RAM 3032/3964MB (lfb 3x2MB) SWAP 1967/1982MB (cached 5MB) CPU [32%@921,29%@1428,42%@1428,38%@1428] EMC_FREQ 0% GR3D_FREQ 98% PLL@73.5C CPU@80.5C PMIC@50C GPU@79.5C AO@83C thermal@79.75C POM_5V_IN 8629/7317 POM_5V_GPU 4044/3112 POM_5V_CPU 1779/1602
RAM 3032/3964MB (lfb 3x2MB) SWAP 1967/1982MB (cached 5MB) CPU [28%@1224,32%@1224,36%@1224,25%@1479] EMC_FREQ 0% GR3D_FREQ 98% PLL@74C CPU@80C PMIC@50C GPU@80C AO@83.5C thermal@79.75C POM_5V_IN 8629/7330 POM_5V_GPU 4044/3121 POM_5V_CPU 1779/1603
RAM 3032/3964MB (lfb 3x2MB) SWAP 1967/1982MB (cached 5MB) CPU [30%@1479,26%@1479,60%@1479,16%@1479] EMC_FREQ 0% GR3D_FREQ 98% PLL@73.5C CPU@80.5C PMIC@50C GPU@80C AO@83.5C thermal@79.75C POM_5V_IN 8588/7342 POM_5V_GPU 4085/3130 POM_5V_CPU 1739/1605
RAM 3033/3964MB (lfb 3x2MB) SWAP 1967/1982MB (cached 5MB) CPU [17%@1479,28%@1479,56%@1479,12%@1479] EMC_FREQ 0% GR3D_FREQ 0% PLL@74C CPU@79.5C PMIC@50C GPU@78.5C AO@83C thermal@79.75C POM_5V_IN 5770/7327 POM_5V_GPU 1747/3117 POM_5V_CPU 1582/1604
RAM 2872/3964MB (lfb 8x2MB) SWAP 1967/1982MB (cached 5MB) CPU [3%@1479,18%@1479,92%@1479,11%@1479] EMC_FREQ 0% GR3D_FREQ 4% PLL@71C CPU@74C PMIC@50C GPU@74.5C AO@81.5C thermal@79.75C POM_5V_IN 4111/7297 POM_5V_GPU 407/3092 POM_5V_CPU 1422/1603
