&&&& RUNNING TensorRT.trtexec [TensorRT v8001] # /usr/src/tensorrt/bin/trtexec --loadEngine=engines/tomato_yolov8n_cls_domainmix_pd5_umair_hard_fp16.engine --warmUp=1000 --duration=20 --iterations=1000
[05/15/2026-02:23:18] [I] === Model Options ===
[05/15/2026-02:23:18] [I] Format: *
[05/15/2026-02:23:18] [I] Model: 
[05/15/2026-02:23:18] [I] Output:
[05/15/2026-02:23:18] [I] === Build Options ===
[05/15/2026-02:23:18] [I] Max batch: 1
[05/15/2026-02:23:18] [I] Workspace: 16 MiB
[05/15/2026-02:23:18] [I] minTiming: 1
[05/15/2026-02:23:18] [I] avgTiming: 8
[05/15/2026-02:23:18] [I] Precision: FP32
[05/15/2026-02:23:18] [I] Calibration: 
[05/15/2026-02:23:18] [I] Refit: Disabled
[05/15/2026-02:23:18] [I] Sparsity: Disabled
[05/15/2026-02:23:18] [I] Safe mode: Disabled
[05/15/2026-02:23:18] [I] Restricted mode: Disabled
[05/15/2026-02:23:18] [I] Save engine: 
[05/15/2026-02:23:18] [I] Load engine: engines/tomato_yolov8n_cls_domainmix_pd5_umair_hard_fp16.engine
[05/15/2026-02:23:18] [I] NVTX verbosity: 0
[05/15/2026-02:23:18] [I] Tactic sources: Using default tactic sources
[05/15/2026-02:23:18] [I] timingCacheMode: local
[05/15/2026-02:23:18] [I] timingCacheFile: 
[05/15/2026-02:23:18] [I] Input(s)s format: fp32:CHW
[05/15/2026-02:23:18] [I] Output(s)s format: fp32:CHW
[05/15/2026-02:23:18] [I] Input build shapes: model
[05/15/2026-02:23:18] [I] Input calibration shapes: model
[05/15/2026-02:23:18] [I] === System Options ===
[05/15/2026-02:23:18] [I] Device: 0
[05/15/2026-02:23:18] [I] DLACore: 
[05/15/2026-02:23:18] [I] Plugins:
[05/15/2026-02:23:18] [I] === Inference Options ===
[05/15/2026-02:23:18] [I] Batch: 1
[05/15/2026-02:23:18] [I] Input inference shapes: model
[05/15/2026-02:23:18] [I] Iterations: 1000
[05/15/2026-02:23:18] [I] Duration: 20s (+ 1000ms warm up)
[05/15/2026-02:23:18] [I] Sleep time: 0ms
[05/15/2026-02:23:18] [I] Streams: 1
[05/15/2026-02:23:18] [I] ExposeDMA: Disabled
[05/15/2026-02:23:18] [I] Data transfers: Enabled
[05/15/2026-02:23:18] [I] Spin-wait: Disabled
[05/15/2026-02:23:18] [I] Multithreading: Disabled
[05/15/2026-02:23:18] [I] CUDA Graph: Disabled
[05/15/2026-02:23:18] [I] Separate profiling: Disabled
[05/15/2026-02:23:18] [I] Time Deserialize: Disabled
[05/15/2026-02:23:18] [I] Time Refit: Disabled
[05/15/2026-02:23:18] [I] Skip inference: Disabled
[05/15/2026-02:23:18] [I] Inputs:
[05/15/2026-02:23:18] [I] === Reporting Options ===
[05/15/2026-02:23:18] [I] Verbose: Disabled
[05/15/2026-02:23:18] [I] Averages: 10 inferences
[05/15/2026-02:23:18] [I] Percentile: 99
[05/15/2026-02:23:18] [I] Dump refittable layers:Disabled
[05/15/2026-02:23:18] [I] Dump output: Disabled
[05/15/2026-02:23:18] [I] Profile: Disabled
[05/15/2026-02:23:18] [I] Export timing to JSON file: 
[05/15/2026-02:23:18] [I] Export output to JSON file: 
[05/15/2026-02:23:18] [I] Export profile to JSON file: 
[05/15/2026-02:23:18] [I] 
[05/15/2026-02:23:18] [I] === Device Information ===
[05/15/2026-02:23:18] [I] Selected Device: NVIDIA Tegra X1
[05/15/2026-02:23:18] [I] Compute Capability: 5.3
[05/15/2026-02:23:18] [I] SMs: 1
[05/15/2026-02:23:18] [I] Compute Clock Rate: 0.9216 GHz
[05/15/2026-02:23:18] [I] Device Global Memory: 3964 MiB
[05/15/2026-02:23:18] [I] Shared Memory per SM: 64 KiB
[05/15/2026-02:23:18] [I] Memory Bus Width: 64 bits (ECC disabled)
[05/15/2026-02:23:18] [I] Memory Clock Rate: 0.01275 GHz
[05/15/2026-02:23:18] [I] 
[05/15/2026-02:23:18] [I] TensorRT version: 8001
[05/15/2026-02:23:19] [I] [TRT] [MemUsageChange] Init CUDA: CPU +203, GPU +0, now: CPU 226, GPU 3285 (MiB)
[05/15/2026-02:23:19] [I] [TRT] Loaded engine size: 5 MB
[05/15/2026-02:23:19] [I] [TRT] [MemUsageSnapshot] deserializeCudaEngine begin: CPU 226 MiB, GPU 3285 MiB
[05/15/2026-02:23:20] [I] [TRT] [MemUsageChange] Init cuBLAS/cuBLASLt: CPU +158, GPU +159, now: CPU 387, GPU 3447 (MiB)
[05/15/2026-02:23:21] [I] [TRT] [MemUsageChange] Init cuDNN: CPU +241, GPU +242, now: CPU 628, GPU 3689 (MiB)
[05/15/2026-02:23:21] [I] [TRT] [MemUsageChange] Init cuBLAS/cuBLASLt: CPU +0, GPU +0, now: CPU 627, GPU 3689 (MiB)
[05/15/2026-02:23:21] [I] [TRT] [MemUsageSnapshot] deserializeCudaEngine end: CPU 627 MiB, GPU 3689 MiB
[05/15/2026-02:23:21] [I] Engine loaded in 3.75833 sec.
[05/15/2026-02:23:21] [I] [TRT] [MemUsageSnapshot] ExecutionContext creation begin: CPU 622 MiB, GPU 3684 MiB
[05/15/2026-02:23:21] [I] [TRT] [MemUsageChange] Init cuBLAS/cuBLASLt: CPU +0, GPU +0, now: CPU 622, GPU 3684 (MiB)
[05/15/2026-02:23:22] [I] [TRT] [MemUsageChange] Init cuDNN: CPU +0, GPU +0, now: CPU 622, GPU 3684 (MiB)
[05/15/2026-02:23:22] [I] [TRT] [MemUsageSnapshot] ExecutionContext creation end: CPU 622 MiB, GPU 3684 MiB
[05/15/2026-02:23:22] [I] Created input binding for images with dimensions 1x3x224x224
[05/15/2026-02:23:22] [I] Created output binding for output0 with dimensions 1x10
[05/15/2026-02:23:22] [I] Starting inference
[05/15/2026-02:23:43] [I] Warmup completed 187 queries over 1000 ms
[05/15/2026-02:23:43] [I] Timing trace has 4445 queries over 20.0066 s
[05/15/2026-02:23:43] [I] 
[05/15/2026-02:23:43] [I] === Trace details ===
[05/15/2026-02:23:43] [I] Trace averages of 10 runs:
[05/15/2026-02:23:43] [I] Average on 10 runs - GPU latency: 4.4189 ms - Host latency: 4.48011 ms (end to end 4.49013 ms, enqueue 2.87534 ms)
[05/15/2026-02:23:43] [I] Average on 10 runs - GPU latency: 4.42184 ms - Host latency: 4.48317 ms (end to end 4.49292 ms, enqueue 2.85815 ms)
[05/15/2026-02:23:43] [I] Average on 10 runs - GPU latency: 4.39657 ms - Host latency: 4.4575 ms (end to end 4.46799 ms, enqueue 3.27518 ms)
[05/15/2026-02:23:43] [I] Average on 10 runs - GPU latency: 4.42458 ms - Host latency: 4.48568 ms (end to end 4.49509 ms, enqueue 2.68419 ms)
[05/15/2026-02:23:43] [I] Average on 10 runs - GPU latency: 4.43678 ms - Host latency: 4.49782 ms (end to end 4.50725 ms, enqueue 2.59063 ms)
[05/15/2026-02:23:43] [I] Average on 10 runs - GPU latency: 4.40483 ms - Host latency: 4.46587 ms (end to end 4.47574 ms, enqueue 3.10295 ms)
[05/15/2026-02:23:43] [I] Average on 10 runs - GPU latency: 4.4007 ms - Host latency: 4.46157 ms (end to end 4.47119 ms, enqueue 3.15764 ms)
[05/15/2026-02:23:43] [I] Average on 10 runs - GPU latency: 4.41425 ms - Host latency: 4.47552 ms (end to end 4.48433 ms, enqueue 3.03921 ms)
[05/15/2026-02:23:43] [I] Average on 10 runs - GPU latency: 4.41855 ms - Host latency: 4.47974 ms (end to end 4.48955 ms, enqueue 2.90386 ms)
[05/15/2026-02:23:43] [I] Average on 10 runs - GPU latency: 4.40122 ms - Host latency: 4.46277 ms (end to end 4.47294 ms, enqueue 3.28096 ms)
[05/15/2026-02:23:43] [I] Average on 10 runs - GPU latency: 4.41558 ms - Host latency: 4.47703 ms (end to end 4.48655 ms, enqueue 2.84685 ms)
[05/15/2026-02:23:43] [I] Average on 10 runs - GPU latency: 4.41266 ms - Host latency: 4.47371 ms (end to end 4.48342 ms, enqueue 3.04349 ms)
[05/15/2026-02:23:43] [I] Average on 10 runs - GPU latency: 4.43098 ms - Host latency: 4.49202 ms (end to end 4.50142 ms, enqueue 2.592 ms)
[05/15/2026-02:23:43] [I] Average on 10 runs - GPU latency: 4.42561 ms - Host latency: 4.4868 ms (end to end 4.49624 ms, enqueue 2.67416 ms)
[05/15/2026-02:23:43] [I] Average on 10 runs - GPU latency: 4.4174 ms - Host latency: 4.47836 ms (end to end 4.48785 ms, enqueue 2.94016 ms)
[05/15/2026-02:23:43] [I] Average on 10 runs - GPU latency: 4.4113 ms - Host latency: 4.47308 ms (end to end 4.4833 ms, enqueue 2.89314 ms)
[05/15/2026-02:23:43] [I] Average on 10 runs - GPU latency: 4.41852 ms - Host latency: 4.47987 ms (end to end 4.48929 ms, enqueue 2.81482 ms)
[05/15/2026-02:23:43] [I] Average on 10 runs - GPU latency: 4.4097 ms - Host latency: 4.47064 ms (end to end 4.48016 ms, enqueue 3.10586 ms)
[05/15/2026-02:23:43] [I] Average on 10 runs - GPU latency: 4.42349 ms - Host latency: 4.48467 ms (end to end 4.49429 ms, enqueue 2.82064 ms)
[05/15/2026-02:23:43] [I] Average on 10 runs - GPU latency: 4.42959 ms - Host latency: 4.49077 ms (end to end 4.50045 ms, enqueue 2.62191 ms)
[05/15/2026-02:23:43] [I] Average on 10 runs - GPU latency: 4.43143 ms - Host latency: 4.49266 ms (end to end 4.50222 ms, enqueue 2.52003 ms)
[05/15/2026-02:23:43] [I] Average on 10 runs - GPU latency: 4.4142 ms - Host latency: 4.47566 ms (end to end 4.4856 ms, enqueue 2.81005 ms)
[05/15/2026-02:23:43] [I] Average on 10 runs - GPU latency: 4.41401 ms - Host latency: 4.475 ms (end to end 4.48459 ms, enqueue 2.90737 ms)
[05/15/2026-02:23:43] [I] Average on 10 runs - GPU latency: 4.42542 ms - Host latency: 4.48646 ms (end to end 4.496 ms, enqueue 2.7863 ms)
[05/15/2026-02:23:43] [I] Average on 10 runs - GPU latency: 4.4218 ms - Host latency: 4.4832 ms (end to end 4.49268 ms, enqueue 2.72222 ms)
[05/15/2026-02:23:43] [I] Average on 10 runs - GPU latency: 4.41638 ms - Host latency: 4.47793 ms (end to end 4.4875 ms, enqueue 2.86372 ms)
[05/15/2026-02:23:43] [I] Average on 10 runs - GPU latency: 4.41675 ms - Host latency: 4.47778 ms (end to end 4.48728 ms, enqueue 2.91697 ms)
[05/15/2026-02:23:43] [I] Average on 10 runs - GPU latency: 4.4281 ms - Host latency: 4.48989 ms (end to end 4.49856 ms, enqueue 2.86506 ms)
[05/15/2026-02:23:43] [I] Average on 10 runs - GPU latency: 4.42891 ms - Host latency: 4.49119 ms (end to end 4.49968 ms, enqueue 2.58813 ms)
[05/15/2026-02:23:43] [I] Average on 10 runs - GPU latency: 4.47964 ms - Host latency: 4.54333 ms (end to end 4.59517 ms, enqueue 2.80903 ms)
[05/15/2026-02:23:43] [I] Average on 10 runs - GPU latency: 4.43047 ms - Host latency: 4.49189 ms (end to end 4.50144 ms, enqueue 2.58394 ms)
[05/15/2026-02:23:43] [I] Average on 10 runs - GPU latency: 4.43311 ms - Host latency: 4.49402 ms (end to end 4.50369 ms, enqueue 2.52339 ms)
[05/15/2026-02:23:43] [I] Average on 10 runs - GPU latency: 4.42793 ms - Host latency: 4.48923 ms (end to end 4.49854 ms, enqueue 2.67759 ms)
[05/15/2026-02:23:43] [I] Average on 10 runs - GPU latency: 4.42725 ms - Host latency: 4.48911 ms (end to end 4.49861 ms, enqueue 2.65188 ms)
[05/15/2026-02:23:43] [I] Average on 10 runs - GPU latency: 4.4293 ms - Host latency: 4.49016 ms (end to end 4.49976 ms, enqueue 2.79702 ms)
[05/15/2026-02:23:43] [I] Average on 10 runs - GPU latency: 4.41096 ms - Host latency: 4.47222 ms (end to end 4.48167 ms, enqueue 2.82551 ms)
[05/15/2026-02:23:43] [I] Average on 10 runs - GPU latency: 4.40662 ms - Host latency: 4.46807 ms (end to end 4.47764 ms, enqueue 3.09951 ms)
[05/15/2026-02:23:43] [I] Average on 10 runs - GPU latency: 4.4042 ms - Host latency: 4.46536 ms (end to end 4.47446 ms, enqueue 3.20305 ms)
[05/15/2026-02:23:43] [I] Average on 10 runs - GPU latency: 4.4062 ms - Host latency: 4.46729 ms (end to end 4.47659 ms, enqueue 3.05752 ms)
[05/15/2026-02:23:43] [I] Average on 10 runs - GPU latency: 4.42781 ms - Host latency: 4.48916 ms (end to end 4.49856 ms, enqueue 2.75305 ms)
[05/15/2026-02:23:43] [I] Average on 10 runs - GPU latency: 4.41162 ms - Host latency: 4.47307 ms (end to end 4.48264 ms, enqueue 2.90313 ms)
[05/15/2026-02:23:43] [I] Average on 10 runs - GPU latency: 4.42927 ms - Host latency: 4.49092 ms (end to end 4.50034 ms, enqueue 2.5032 ms)
[05/15/2026-02:23:43] [I] Average on 10 runs - GPU latency: 4.4251 ms - Host latency: 4.48606 ms (end to end 4.49563 ms, enqueue 2.69519 ms)
[05/15/2026-02:23:43] [I] Average on 10 runs - GPU latency: 4.42441 ms - Host latency: 4.48564 ms (end to end 4.49548 ms, enqueue 2.66592 ms)
[05/15/2026-02:23:43] [I] Average on 10 runs - GPU latency: 4.42922 ms - Host latency: 4.49009 ms (end to end 4.49973 ms, enqueue 2.78477 ms)
[05/15/2026-02:23:43] [I] Average on 10 runs - GPU latency: 4.43384 ms - Host latency: 4.49543 ms (end to end 4.50508 ms, enqueue 2.55396 ms)
[05/15/2026-02:23:43] [I] Average on 10 runs - GPU latency: 4.41865 ms - Host latency: 4.47988 ms (end to end 4.48931 ms, enqueue 2.82017 ms)
[05/15/2026-02:23:43] [I] Average on 10 runs - GPU latency: 4.42229 ms - Host latency: 4.48337 ms (end to end 4.49246 ms, enqueue 2.86377 ms)
[05/15/2026-02:23:43] [I] Average on 10 runs - GPU latency: 4.42312 ms - Host latency: 4.4842 ms (end to end 4.4939 ms, enqueue 2.70193 ms)
[05/15/2026-02:23:43] [I] Average on 10 runs - GPU latency: 4.42046 ms - Host latency: 4.48174 ms (end to end 4.49116 ms, enqueue 2.83228 ms)
[05/15/2026-02:23:43] [I] Average on 10 runs - GPU latency: 4.41445 ms - Host latency: 4.47595 ms (end to end 4.48557 ms, enqueue 2.89475 ms)
[05/15/2026-02:23:43] [I] Average on 10 runs - GPU latency: 4.47607 ms - Host latency: 4.53806 ms (end to end 4.59241 ms, enqueue 2.70161 ms)
[05/15/2026-02:23:43] [I] Average on 10 runs - GPU latency: 4.41204 ms - Host latency: 4.47339 ms (end to end 4.48296 ms, enqueue 3.01921 ms)
[05/15/2026-02:23:43] [I] Average on 10 runs - GPU latency: 4.4229 ms - Host latency: 4.48376 ms (end to end 4.49336 ms, enqueue 2.81887 ms)
[05/15/2026-02:23:43] [I] Average on 10 runs - GPU latency: 4.41382 ms - Host latency: 4.4749 ms (end to end 4.48442 ms, enqueue 3.00259 ms)
[05/15/2026-02:23:43] [I] Average on 10 runs - GPU latency: 4.41934 ms - Host latency: 4.48066 ms (end to end 4.49058 ms, enqueue 2.947 ms)
[05/15/2026-02:23:43] [I] Average on 10 runs - GPU latency: 4.42031 ms - Host latency: 4.48142 ms (end to end 4.49243 ms, enqueue 2.86028 ms)
[05/15/2026-02:23:43] [I] Average on 10 runs - GPU latency: 4.43267 ms - Host latency: 4.49382 ms (end to end 4.50332 ms, enqueue 2.58357 ms)
[05/15/2026-02:23:43] [I] Average on 10 runs - GPU latency: 4.42639 ms - Host latency: 4.48779 ms (end to end 4.49719 ms, enqueue 2.53079 ms)
[05/15/2026-02:23:43] [I] Average on 10 runs - GPU latency: 4.43525 ms - Host latency: 4.49636 ms (end to end 4.50591 ms, enqueue 2.56377 ms)
[05/15/2026-02:23:43] [I] Average on 10 runs - GPU latency: 4.44143 ms - Host latency: 4.50242 ms (end to end 4.51191 ms, enqueue 2.40552 ms)
[05/15/2026-02:23:43] [I] Average on 10 runs - GPU latency: 4.4438 ms - Host latency: 4.50493 ms (end to end 4.51448 ms, enqueue 2.43118 ms)
[05/15/2026-02:23:43] [I] Average on 10 runs - GPU latency: 4.41775 ms - Host latency: 4.47925 ms (end to end 4.48901 ms, enqueue 2.71589 ms)
[05/15/2026-02:23:43] [I] Average on 10 runs - GPU latency: 4.43694 ms - Host latency: 4.49814 ms (end to end 4.50762 ms, enqueue 2.37114 ms)
[05/15/2026-02:23:43] [I] Average on 10 runs - GPU latency: 4.42786 ms - Host latency: 4.48875 ms (end to end 4.49834 ms, enqueue 2.63923 ms)
[05/15/2026-02:23:43] [I] Average on 10 runs - GPU latency: 4.43389 ms - Host latency: 4.49468 ms (end to end 4.5042 ms, enqueue 2.44282 ms)
[05/15/2026-02:23:43] [I] Average on 10 runs - GPU latency: 4.44082 ms - Host latency: 4.50198 ms (end to end 4.51162 ms, enqueue 2.37195 ms)
[05/15/2026-02:23:43] [I] Average on 10 runs - GPU latency: 4.44463 ms - Host latency: 4.50586 ms (end to end 4.51536 ms, enqueue 2.25767 ms)
[05/15/2026-02:23:43] [I] Average on 10 runs - GPU latency: 4.44111 ms - Host latency: 4.50217 ms (end to end 4.51204 ms, enqueue 2.42788 ms)
[05/15/2026-02:23:43] [I] Average on 10 runs - GPU latency: 4.42231 ms - Host latency: 4.48345 ms (end to end 4.49292 ms, enqueue 2.6395 ms)
[05/15/2026-02:23:43] [I] Average on 10 runs - GPU latency: 4.41094 ms - Host latency: 4.4727 ms (end to end 4.48232 ms, enqueue 2.85386 ms)
[05/15/2026-02:23:43] [I] Average on 10 runs - GPU latency: 4.41875 ms - Host latency: 4.47954 ms (end to end 4.48921 ms, enqueue 2.83735 ms)
[05/15/2026-02:23:43] [I] Average on 10 runs - GPU latency: 4.42666 ms - Host latency: 4.48721 ms (end to end 4.49678 ms, enqueue 2.72974 ms)
[05/15/2026-02:23:43] [I] Average on 10 runs - GPU latency: 4.48774 ms - Host latency: 4.55024 ms (end to end 4.60039 ms, enqueue 2.82261 ms)
[05/15/2026-02:23:43] [I] Average on 10 runs - GPU latency: 4.43105 ms - Host latency: 4.49238 ms (end to end 4.50195 ms, enqueue 2.53628 ms)
[05/15/2026-02:23:43] [I] Average on 10 runs - GPU latency: 4.43428 ms - Host latency: 4.49546 ms (end to end 4.50479 ms, enqueue 2.57544 ms)
[05/15/2026-02:23:43] [I] Average on 10 runs - GPU latency: 4.43843 ms - Host latency: 4.49917 ms (end to end 4.50874 ms, enqueue 2.54243 ms)
[05/15/2026-02:23:43] [I] Average on 10 runs - GPU latency: 4.4189 ms - Host latency: 4.47969 ms (end to end 4.48887 ms, enqueue 2.8397 ms)
[05/15/2026-02:23:43] [I] Average on 10 runs - GPU latency: 4.41821 ms - Host latency: 4.47959 ms (end to end 4.48916 ms, enqueue 2.91274 ms)
[05/15/2026-02:23:43] [I] Average on 10 runs - GPU latency: 4.43208 ms - Host latency: 4.49307 ms (end to end 4.50264 ms, enqueue 2.52891 ms)
[05/15/2026-02:23:43] [I] Average on 10 runs - GPU latency: 4.42173 ms - Host latency: 4.48315 ms (end to end 4.49292 ms, enqueue 2.76914 ms)
[05/15/2026-02:23:43] [I] Average on 10 runs - GPU latency: 4.42383 ms - Host latency: 4.48506 ms (end to end 4.49458 ms, enqueue 2.9189 ms)
[05/15/2026-02:23:43] [I] Average on 10 runs - GPU latency: 4.42671 ms - Host latency: 4.48813 ms (end to end 4.49761 ms, enqueue 2.72964 ms)
[05/15/2026-02:23:43] [I] Average on 10 runs - GPU latency: 4.42979 ms - Host latency: 4.49087 ms (end to end 4.50034 ms, enqueue 2.53135 ms)
[05/15/2026-02:23:43] [I] Average on 10 runs - GPU latency: 4.43867 ms - Host latency: 4.49966 ms (end to end 4.50908 ms, enqueue 2.3667 ms)
[05/15/2026-02:23:43] [I] Average on 10 runs - GPU latency: 4.44116 ms - Host latency: 4.5023 ms (end to end 4.51221 ms, enqueue 2.33003 ms)
[05/15/2026-02:23:43] [I] Average on 10 runs - GPU latency: 4.43936 ms - Host latency: 4.50083 ms (end to end 4.51045 ms, enqueue 2.37666 ms)
[05/15/2026-02:23:43] [I] Average on 10 runs - GPU latency: 4.44009 ms - Host latency: 4.50132 ms (end to end 4.51064 ms, enqueue 2.35918 ms)
[05/15/2026-02:23:43] [I] Average on 10 runs - GPU latency: 4.40723 ms - Host latency: 4.46816 ms (end to end 4.47769 ms, enqueue 2.87642 ms)
[05/15/2026-02:23:43] [I] Average on 10 runs - GPU latency: 4.41943 ms - Host latency: 4.48086 ms (end to end 4.49043 ms, enqueue 2.8731 ms)
[05/15/2026-02:23:43] [I] Average on 10 runs - GPU latency: 4.41919 ms - Host latency: 4.48013 ms (end to end 4.4896 ms, enqueue 2.87202 ms)
[05/15/2026-02:23:43] [I] Average on 10 runs - GPU latency: 4.41919 ms - Host latency: 4.48018 ms (end to end 4.48955 ms, enqueue 2.63149 ms)
[05/15/2026-02:23:43] [I] Average on 10 runs - GPU latency: 4.43071 ms - Host latency: 4.49214 ms (end to end 4.50161 ms, enqueue 2.57271 ms)
[05/15/2026-02:23:43] [I] Average on 10 runs - GPU latency: 4.42539 ms - Host latency: 4.48618 ms (end to end 4.49561 ms, enqueue 2.70947 ms)
[05/15/2026-02:23:43] [I] Average on 10 runs - GPU latency: 4.41392 ms - Host latency: 4.47446 ms (end to end 4.48403 ms, enqueue 2.79497 ms)
[05/15/2026-02:23:43] [I] Average on 10 runs - GPU latency: 4.52446 ms - Host latency: 4.58657 ms (end to end 4.60698 ms, enqueue 2.72139 ms)
[05/15/2026-02:23:43] [I] Average on 10 runs - GPU latency: 4.45195 ms - Host latency: 4.51279 ms (end to end 4.52227 ms, enqueue 2.28882 ms)
[05/15/2026-02:23:43] [I] Average on 10 runs - GPU latency: 4.42227 ms - Host latency: 4.48364 ms (end to end 4.49297 ms, enqueue 2.72964 ms)
[05/15/2026-02:23:43] [I] Average on 10 runs - GPU latency: 4.42373 ms - Host latency: 4.48496 ms (end to end 4.49438 ms, enqueue 2.80337 ms)
[05/15/2026-02:23:43] [I] Average on 10 runs - GPU latency: 4.41997 ms - Host latency: 4.4811 ms (end to end 4.49087 ms, enqueue 2.92983 ms)
[05/15/2026-02:23:43] [I] Average on 10 runs - GPU latency: 4.43535 ms - Host latency: 4.49629 ms (end to end 4.50586 ms, enqueue 2.43452 ms)
[05/15/2026-02:23:43] [I] Average on 10 runs - GPU latency: 4.41631 ms - Host latency: 4.47744 ms (end to end 4.48721 ms, enqueue 2.78062 ms)
[05/15/2026-02:23:43] [I] Average on 10 runs - GPU latency: 4.40864 ms - Host latency: 4.46982 ms (end to end 4.48027 ms, enqueue 3.20054 ms)
[05/15/2026-02:23:43] [I] Average on 10 runs - GPU latency: 4.41948 ms - Host latency: 4.48091 ms (end to end 4.49048 ms, enqueue 2.71523 ms)
[05/15/2026-02:23:43] [I] Average on 10 runs - GPU latency: 4.42886 ms - Host latency: 4.49043 ms (end to end 4.50005 ms, enqueue 2.75981 ms)
[05/15/2026-02:23:43] [I] Average on 10 runs - GPU latency: 4.42783 ms - Host latency: 4.48901 ms (end to end 4.49893 ms, enqueue 2.73062 ms)
[05/15/2026-02:23:43] [I] Average on 10 runs - GPU latency: 4.42515 ms - Host latency: 4.48569 ms (end to end 4.49531 ms, enqueue 2.65923 ms)
[05/15/2026-02:23:43] [I] Average on 10 runs - GPU latency: 4.41167 ms - Host latency: 4.47275 ms (end to end 4.48208 ms, enqueue 2.9373 ms)
[05/15/2026-02:23:43] [I] Average on 10 runs - GPU latency: 4.41216 ms - Host latency: 4.47358 ms (end to end 4.4834 ms, enqueue 3.12368 ms)
[05/15/2026-02:23:43] [I] Average on 10 runs - GPU latency: 4.42378 ms - Host latency: 4.48516 ms (end to end 4.49492 ms, enqueue 2.82998 ms)
[05/15/2026-02:23:43] [I] Average on 10 runs - GPU latency: 4.41006 ms - Host latency: 4.4709 ms (end to end 4.48042 ms, enqueue 2.94512 ms)
[05/15/2026-02:23:43] [I] Average on 10 runs - GPU latency: 4.42056 ms - Host latency: 4.48203 ms (end to end 4.49194 ms, enqueue 2.87925 ms)
[05/15/2026-02:23:43] [I] Average on 10 runs - GPU latency: 4.42964 ms - Host latency: 4.49131 ms (end to end 4.50063 ms, enqueue 2.55396 ms)
[05/15/2026-02:23:43] [I] Average on 10 runs - GPU latency: 4.41621 ms - Host latency: 4.47754 ms (end to end 4.48706 ms, enqueue 2.9481 ms)
[05/15/2026-02:23:43] [I] Average on 10 runs - GPU latency: 4.44722 ms - Host latency: 4.5082 ms (end to end 4.51763 ms, enqueue 2.38911 ms)
[05/15/2026-02:23:43] [I] Average on 10 runs - GPU latency: 4.44229 ms - Host latency: 4.50327 ms (end to end 4.51309 ms, enqueue 2.46694 ms)
[05/15/2026-02:23:43] [I] Average on 10 runs - GPU latency: 4.40898 ms - Host latency: 4.47036 ms (end to end 4.47983 ms, enqueue 2.86685 ms)
[05/15/2026-02:23:43] [I] Average on 10 runs - GPU latency: 4.4272 ms - Host latency: 4.48853 ms (end to end 4.49795 ms, enqueue 3.07275 ms)
[05/15/2026-02:23:43] [I] Average on 10 runs - GPU latency: 4.47959 ms - Host latency: 4.5416 ms (end to end 4.59189 ms, enqueue 2.86826 ms)
[05/15/2026-02:23:43] [I] Average on 10 runs - GPU latency: 4.43491 ms - Host latency: 4.49644 ms (end to end 4.5061 ms, enqueue 2.51748 ms)
[05/15/2026-02:23:43] [I] Average on 10 runs - GPU latency: 4.44434 ms - Host latency: 4.50522 ms (end to end 4.51484 ms, enqueue 2.3439 ms)
[05/15/2026-02:23:43] [I] Average on 10 runs - GPU latency: 4.42075 ms - Host latency: 4.48223 ms (end to end 4.4917 ms, enqueue 2.80259 ms)
[05/15/2026-02:23:43] [I] Average on 10 runs - GPU latency: 4.43574 ms - Host latency: 4.49648 ms (end to end 4.5061 ms, enqueue 2.65923 ms)
[05/15/2026-02:23:43] [I] Average on 10 runs - GPU latency: 4.41816 ms - Host latency: 4.47939 ms (end to end 4.48921 ms, enqueue 2.8209 ms)
[05/15/2026-02:23:43] [I] Average on 10 runs - GPU latency: 4.42485 ms - Host latency: 4.48633 ms (end to end 4.49614 ms, enqueue 2.83975 ms)
[05/15/2026-02:23:43] [I] Average on 10 runs - GPU latency: 4.43682 ms - Host latency: 4.4977 ms (end to end 4.50752 ms, enqueue 2.4397 ms)
[05/15/2026-02:23:43] [I] Average on 10 runs - GPU latency: 4.43569 ms - Host latency: 4.49697 ms (end to end 4.50649 ms, enqueue 2.56011 ms)
[05/15/2026-02:23:43] [I] Average on 10 runs - GPU latency: 4.42769 ms - Host latency: 4.48901 ms (end to end 4.49873 ms, enqueue 2.73149 ms)
[05/15/2026-02:23:43] [I] Average on 10 runs - GPU latency: 4.42261 ms - Host latency: 4.4832 ms (end to end 4.49297 ms, enqueue 2.74092 ms)
[05/15/2026-02:23:43] [I] Average on 10 runs - GPU latency: 4.44468 ms - Host latency: 4.50562 ms (end to end 4.51523 ms, enqueue 2.35825 ms)
[05/15/2026-02:23:43] [I] Average on 10 runs - GPU latency: 4.41465 ms - Host latency: 4.47568 ms (end to end 4.48535 ms, enqueue 2.90176 ms)
[05/15/2026-02:23:43] [I] Average on 10 runs - GPU latency: 4.40898 ms - Host latency: 4.47007 ms (end to end 4.47954 ms, enqueue 2.86572 ms)
[05/15/2026-02:23:43] [I] Average on 10 runs - GPU latency: 4.41709 ms - Host latency: 4.47798 ms (end to end 4.48853 ms, enqueue 2.97363 ms)
[05/15/2026-02:23:43] [I] Average on 10 runs - GPU latency: 4.42065 ms - Host latency: 4.48203 ms (end to end 4.49087 ms, enqueue 2.7856 ms)
[05/15/2026-02:23:43] [I] Average on 10 runs - GPU latency: 4.42969 ms - Host latency: 4.49087 ms (end to end 4.50063 ms, enqueue 2.70645 ms)
[05/15/2026-02:23:43] [I] Average on 10 runs - GPU latency: 4.43906 ms - Host latency: 4.5001 ms (end to end 4.50957 ms, enqueue 2.45156 ms)
[05/15/2026-02:23:43] [I] Average on 10 runs - GPU latency: 4.44028 ms - Host latency: 4.50127 ms (end to end 4.51123 ms, enqueue 2.28169 ms)
[05/15/2026-02:23:43] [I] Average on 10 runs - GPU latency: 4.43887 ms - Host latency: 4.49985 ms (end to end 4.50942 ms, enqueue 2.26479 ms)
[05/15/2026-02:23:43] [I] Average on 10 runs - GPU latency: 4.44438 ms - Host latency: 4.50566 ms (end to end 4.51528 ms, enqueue 2.42075 ms)
[05/15/2026-02:23:43] [I] Average on 10 runs - GPU latency: 4.43604 ms - Host latency: 4.49702 ms (end to end 4.50654 ms, enqueue 2.51152 ms)
[05/15/2026-02:23:43] [I] Average on 10 runs - GPU latency: 4.49946 ms - Host latency: 4.56123 ms (end to end 4.58047 ms, enqueue 2.78813 ms)
[05/15/2026-02:23:43] [I] Average on 10 runs - GPU latency: 4.42559 ms - Host latency: 4.48691 ms (end to end 4.49648 ms, enqueue 3.0228 ms)
[05/15/2026-02:23:43] [I] Average on 10 runs - GPU latency: 4.42554 ms - Host latency: 4.48657 ms (end to end 4.49609 ms, enqueue 2.72446 ms)
[05/15/2026-02:23:43] [I] Average on 10 runs - GPU latency: 4.42607 ms - Host latency: 4.48711 ms (end to end 4.49678 ms, enqueue 2.61362 ms)
[05/15/2026-02:23:43] [I] Average on 10 runs - GPU latency: 4.43613 ms - Host latency: 4.49751 ms (end to end 4.50718 ms, enqueue 2.54517 ms)
[05/15/2026-02:23:43] [I] Average on 10 runs - GPU latency: 4.41777 ms - Host latency: 4.479 ms (end to end 4.48838 ms, enqueue 2.91904 ms)
[05/15/2026-02:23:43] [I] Average on 10 runs - GPU latency: 4.41626 ms - Host latency: 4.477 ms (end to end 4.48662 ms, enqueue 2.99019 ms)
[05/15/2026-02:23:43] [I] Average on 10 runs - GPU latency: 4.43022 ms - Host latency: 4.49121 ms (end to end 4.50078 ms, enqueue 2.70908 ms)
[05/15/2026-02:23:43] [I] Average on 10 runs - GPU latency: 4.4356 ms - Host latency: 4.49629 ms (end to end 4.50601 ms, enqueue 2.45684 ms)
[05/15/2026-02:23:43] [I] Average on 10 runs - GPU latency: 4.41665 ms - Host latency: 4.47793 ms (end to end 4.48726 ms, enqueue 2.94062 ms)
[05/15/2026-02:23:43] [I] Average on 10 runs - GPU latency: 4.42793 ms - Host latency: 4.48906 ms (end to end 4.49868 ms, enqueue 2.79707 ms)
[05/15/2026-02:23:43] [I] Average on 10 runs - GPU latency: 4.42837 ms - Host latency: 4.48955 ms (end to end 4.49893 ms, enqueue 2.75376 ms)
[05/15/2026-02:23:43] [I] Average on 10 runs - GPU latency: 4.4333 ms - Host latency: 4.49463 ms (end to end 4.5043 ms, enqueue 2.58403 ms)
[05/15/2026-02:23:43] [I] Average on 10 runs - GPU latency: 4.42783 ms - Host latency: 4.48887 ms (end to end 4.49854 ms, enqueue 2.4644 ms)
[05/15/2026-02:23:43] [I] Average on 10 runs - GPU latency: 4.42178 ms - Host latency: 4.48301 ms (end to end 4.49248 ms, enqueue 2.7064 ms)
[05/15/2026-02:23:43] [I] Average on 10 runs - GPU latency: 4.41709 ms - Host latency: 4.47793 ms (end to end 4.48755 ms, enqueue 2.91621 ms)
[05/15/2026-02:23:43] [I] Average on 10 runs - GPU latency: 4.42983 ms - Host latency: 4.49111 ms (end to end 4.50083 ms, enqueue 2.72524 ms)
[05/15/2026-02:23:43] [I] Average on 10 runs - GPU latency: 4.44097 ms - Host latency: 4.50244 ms (end to end 4.51191 ms, enqueue 2.49722 ms)
[05/15/2026-02:23:43] [I] Average on 10 runs - GPU latency: 4.44458 ms - Host latency: 4.50581 ms (end to end 4.51533 ms, enqueue 2.23301 ms)
[05/15/2026-02:23:43] [I] Average on 10 runs - GPU latency: 4.42793 ms - Host latency: 4.48872 ms (end to end 4.49849 ms, enqueue 2.63774 ms)
[05/15/2026-02:23:43] [I] Average on 10 runs - GPU latency: 4.44209 ms - Host latency: 4.50352 ms (end to end 4.5126 ms, enqueue 2.33682 ms)
[05/15/2026-02:23:43] [I] Average on 10 runs - GPU latency: 4.446 ms - Host latency: 4.50674 ms (end to end 4.51602 ms, enqueue 2.34541 ms)
[05/15/2026-02:23:43] [I] Average on 10 runs - GPU latency: 4.49561 ms - Host latency: 4.55752 ms (end to end 4.60723 ms, enqueue 2.50303 ms)
[05/15/2026-02:23:43] [I] Average on 10 runs - GPU latency: 4.43867 ms - Host latency: 4.49922 ms (end to end 4.50869 ms, enqueue 2.39551 ms)
[05/15/2026-02:23:43] [I] Average on 10 runs - GPU latency: 4.4168 ms - Host latency: 4.47793 ms (end to end 4.48721 ms, enqueue 2.82715 ms)
[05/15/2026-02:23:43] [I] Average on 10 runs - GPU latency: 4.41387 ms - Host latency: 4.475 ms (end to end 4.48525 ms, enqueue 3.079 ms)
[05/15/2026-02:23:43] [I] Average on 10 runs - GPU latency: 4.41699 ms - Host latency: 4.47793 ms (end to end 4.4873 ms, enqueue 3.01162 ms)
[05/15/2026-02:23:43] [I] Average on 10 runs - GPU latency: 4.41484 ms - Host latency: 4.47607 ms (end to end 4.48555 ms, enqueue 2.8543 ms)
[05/15/2026-02:23:43] [I] Average on 10 runs - GPU latency: 4.40664 ms - Host latency: 4.46768 ms (end to end 4.47705 ms, enqueue 3.01357 ms)
[05/15/2026-02:23:43] [I] Average on 10 runs - GPU latency: 4.42041 ms - Host latency: 4.48174 ms (end to end 4.49082 ms, enqueue 3.01357 ms)
[05/15/2026-02:23:43] [I] Average on 10 runs - GPU latency: 4.40078 ms - Host latency: 4.46191 ms (end to end 4.4709 ms, enqueue 3.07939 ms)
[05/15/2026-02:23:43] [I] Average on 10 runs - GPU latency: 4.40635 ms - Host latency: 4.46738 ms (end to end 4.47734 ms, enqueue 3.13789 ms)
[05/15/2026-02:23:43] [I] Average on 10 runs - GPU latency: 4.41875 ms - Host latency: 4.48047 ms (end to end 4.49053 ms, enqueue 2.8626 ms)
[05/15/2026-02:23:43] [I] Average on 10 runs - GPU latency: 4.42002 ms - Host latency: 4.48135 ms (end to end 4.49092 ms, enqueue 2.88652 ms)
[05/15/2026-02:23:43] [I] Average on 10 runs - GPU latency: 4.42656 ms - Host latency: 4.48818 ms (end to end 4.49756 ms, enqueue 2.78789 ms)
[05/15/2026-02:23:43] [I] Average on 10 runs - GPU latency: 4.41055 ms - Host latency: 4.47178 ms (end to end 4.48115 ms, enqueue 2.88398 ms)
[05/15/2026-02:23:43] [I] Average on 10 runs - GPU latency: 4.41182 ms - Host latency: 4.47334 ms (end to end 4.48262 ms, enqueue 2.89951 ms)
[05/15/2026-02:23:43] [I] Average on 10 runs - GPU latency: 4.40244 ms - Host latency: 4.46318 ms (end to end 4.47334 ms, enqueue 3.1127 ms)
[05/15/2026-02:23:43] [I] Average on 10 runs - GPU latency: 4.4083 ms - Host latency: 4.46924 ms (end to end 4.47881 ms, enqueue 2.97002 ms)
[05/15/2026-02:23:43] [I] Average on 10 runs - GPU latency: 4.41924 ms - Host latency: 4.48076 ms (end to end 4.48965 ms, enqueue 3.07793 ms)
[05/15/2026-02:23:43] [I] Average on 10 runs - GPU latency: 4.4208 ms - Host latency: 4.48213 ms (end to end 4.4918 ms, enqueue 2.88857 ms)
[05/15/2026-02:23:43] [I] Average on 10 runs - GPU latency: 4.42607 ms - Host latency: 4.4874 ms (end to end 4.49668 ms, enqueue 2.54023 ms)
[05/15/2026-02:23:43] [I] Average on 10 runs - GPU latency: 4.40742 ms - Host latency: 4.46826 ms (end to end 4.47832 ms, enqueue 3.09434 ms)
[05/15/2026-02:23:43] [I] Average on 10 runs - GPU latency: 4.42412 ms - Host latency: 4.48496 ms (end to end 4.49404 ms, enqueue 2.84736 ms)
[05/15/2026-02:23:43] [I] Average on 10 runs - GPU latency: 4.53066 ms - Host latency: 4.59248 ms (end to end 4.61318 ms, enqueue 2.62578 ms)
[05/15/2026-02:23:43] [I] Average on 10 runs - GPU latency: 4.43457 ms - Host latency: 4.4959 ms (end to end 4.50596 ms, enqueue 2.52441 ms)
[05/15/2026-02:23:43] [I] Average on 10 runs - GPU latency: 4.43594 ms - Host latency: 4.49658 ms (end to end 4.50576 ms, enqueue 2.57754 ms)
[05/15/2026-02:23:43] [I] Average on 10 runs - GPU latency: 4.43369 ms - Host latency: 4.49463 ms (end to end 4.5042 ms, enqueue 2.69189 ms)
[05/15/2026-02:23:43] [I] Average on 10 runs - GPU latency: 4.43018 ms - Host latency: 4.49131 ms (end to end 4.50049 ms, enqueue 2.39971 ms)
[05/15/2026-02:23:43] [I] Average on 10 runs - GPU latency: 4.44453 ms - Host latency: 4.50635 ms (end to end 4.51621 ms, enqueue 2.31221 ms)
[05/15/2026-02:23:43] [I] Average on 10 runs - GPU latency: 4.44561 ms - Host latency: 4.50635 ms (end to end 4.51621 ms, enqueue 2.37344 ms)
[05/15/2026-02:23:43] [I] Average on 10 runs - GPU latency: 4.42432 ms - Host latency: 4.48574 ms (end to end 4.49531 ms, enqueue 2.82021 ms)
[05/15/2026-02:23:43] [I] Average on 10 runs - GPU latency: 4.40762 ms - Host latency: 4.46846 ms (end to end 4.47822 ms, enqueue 2.86338 ms)
[05/15/2026-02:23:43] [I] Average on 10 runs - GPU latency: 4.40195 ms - Host latency: 4.4626 ms (end to end 4.47227 ms, enqueue 3.06592 ms)
[05/15/2026-02:23:43] [I] Average on 10 runs - GPU latency: 4.4127 ms - Host latency: 4.47393 ms (end to end 4.48389 ms, enqueue 3.02432 ms)
[05/15/2026-02:23:43] [I] Average on 10 runs - GPU latency: 4.41338 ms - Host latency: 4.47422 ms (end to end 4.48418 ms, enqueue 2.89043 ms)
[05/15/2026-02:23:43] [I] Average on 10 runs - GPU latency: 4.42227 ms - Host latency: 4.48369 ms (end to end 4.49404 ms, enqueue 2.85117 ms)
[05/15/2026-02:23:43] [I] Average on 10 runs - GPU latency: 4.43975 ms - Host latency: 4.50098 ms (end to end 4.51064 ms, enqueue 2.55479 ms)
[05/15/2026-02:23:43] [I] Average on 10 runs - GPU latency: 4.42529 ms - Host latency: 4.48643 ms (end to end 4.4958 ms, enqueue 2.76182 ms)
[05/15/2026-02:23:43] [I] Average on 10 runs - GPU latency: 4.42578 ms - Host latency: 4.48721 ms (end to end 4.49766 ms, enqueue 2.76289 ms)
[05/15/2026-02:23:43] [I] Average on 10 runs - GPU latency: 4.4165 ms - Host latency: 4.47754 ms (end to end 4.48779 ms, enqueue 3.01211 ms)
[05/15/2026-02:23:43] [I] Average on 10 runs - GPU latency: 4.40215 ms - Host latency: 4.46318 ms (end to end 4.47256 ms, enqueue 3.33252 ms)
[05/15/2026-02:23:43] [I] Average on 10 runs - GPU latency: 4.42295 ms - Host latency: 4.48438 ms (end to end 4.49414 ms, enqueue 2.78213 ms)
[05/15/2026-02:23:43] [I] Average on 10 runs - GPU latency: 4.42383 ms - Host latency: 4.48545 ms (end to end 4.49502 ms, enqueue 2.88975 ms)
[05/15/2026-02:23:43] [I] Average on 10 runs - GPU latency: 4.40684 ms - Host latency: 4.46777 ms (end to end 4.47783 ms, enqueue 2.94629 ms)
[05/15/2026-02:23:43] [I] Average on 10 runs - GPU latency: 4.42119 ms - Host latency: 4.48252 ms (end to end 4.49209 ms, enqueue 2.77539 ms)
[05/15/2026-02:23:43] [I] Average on 10 runs - GPU latency: 4.42363 ms - Host latency: 4.48477 ms (end to end 4.49443 ms, enqueue 2.57324 ms)
[05/15/2026-02:23:43] [I] Average on 10 runs - GPU latency: 4.49385 ms - Host latency: 4.55498 ms (end to end 4.58496 ms, enqueue 3.08252 ms)
[05/15/2026-02:23:43] [I] Average on 10 runs - GPU latency: 4.4416 ms - Host latency: 4.50244 ms (end to end 4.5125 ms, enqueue 2.4293 ms)
[05/15/2026-02:23:43] [I] Average on 10 runs - GPU latency: 4.44199 ms - Host latency: 4.50352 ms (end to end 4.51328 ms, enqueue 2.5165 ms)
[05/15/2026-02:23:43] [I] Average on 10 runs - GPU latency: 4.40527 ms - Host latency: 4.4667 ms (end to end 4.47617 ms, enqueue 2.92734 ms)
[05/15/2026-02:23:43] [I] Average on 10 runs - GPU latency: 4.41182 ms - Host latency: 4.47266 ms (end to end 4.48242 ms, enqueue 3.03242 ms)
[05/15/2026-02:23:43] [I] Average on 10 runs - GPU latency: 4.41201 ms - Host latency: 4.47354 ms (end to end 4.4832 ms, enqueue 2.95215 ms)
[05/15/2026-02:23:43] [I] Average on 10 runs - GPU latency: 4.43184 ms - Host latency: 4.49336 ms (end to end 4.50273 ms, enqueue 2.54766 ms)
[05/15/2026-02:23:43] [I] Average on 10 runs - GPU latency: 4.43887 ms - Host latency: 4.50078 ms (end to end 4.51035 ms, enqueue 2.49854 ms)
[05/15/2026-02:23:43] [I] Average on 10 runs - GPU latency: 4.43613 ms - Host latency: 4.49717 ms (end to end 4.50654 ms, enqueue 2.50801 ms)
[05/15/2026-02:23:43] [I] Average on 10 runs - GPU latency: 4.4376 ms - Host latency: 4.49854 ms (end to end 4.50791 ms, enqueue 2.38857 ms)
[05/15/2026-02:23:43] [I] Average on 10 runs - GPU latency: 4.4457 ms - Host latency: 4.50664 ms (end to end 4.5165 ms, enqueue 2.32139 ms)
[05/15/2026-02:23:43] [I] Average on 10 runs - GPU latency: 4.42363 ms - Host latency: 4.48506 ms (end to end 4.49453 ms, enqueue 2.63037 ms)
[05/15/2026-02:23:43] [I] Average on 10 runs - GPU latency: 4.40586 ms - Host latency: 4.4667 ms (end to end 4.47607 ms, enqueue 3.0542 ms)
[05/15/2026-02:23:43] [I] Average on 10 runs - GPU latency: 4.42373 ms - Host latency: 4.48486 ms (end to end 4.49463 ms, enqueue 2.87285 ms)
[05/15/2026-02:23:43] [I] Average on 10 runs - GPU latency: 4.42666 ms - Host latency: 4.48828 ms (end to end 4.49746 ms, enqueue 2.60137 ms)
[05/15/2026-02:23:43] [I] Average on 10 runs - GPU latency: 4.43721 ms - Host latency: 4.49873 ms (end to end 4.5082 ms, enqueue 2.55059 ms)
[05/15/2026-02:23:43] [I] Average on 10 runs - GPU latency: 4.43311 ms - Host latency: 4.49434 ms (end to end 4.50381 ms, enqueue 2.53223 ms)
[05/15/2026-02:23:43] [I] Average on 10 runs - GPU latency: 4.43721 ms - Host latency: 4.49854 ms (end to end 4.50801 ms, enqueue 2.49121 ms)
[05/15/2026-02:23:43] [I] Average on 10 runs - GPU latency: 4.4251 ms - Host latency: 4.48711 ms (end to end 4.49648 ms, enqueue 2.81201 ms)
[05/15/2026-02:23:43] [I] Average on 10 runs - GPU latency: 4.42939 ms - Host latency: 4.49141 ms (end to end 4.50127 ms, enqueue 2.51924 ms)
[05/15/2026-02:23:43] [I] Average on 10 runs - GPU latency: 4.44609 ms - Host latency: 4.50752 ms (end to end 4.51719 ms, enqueue 2.33164 ms)
[05/15/2026-02:23:43] [I] Average on 10 runs - GPU latency: 4.42832 ms - Host latency: 4.48936 ms (end to end 4.49883 ms, enqueue 2.67656 ms)
[05/15/2026-02:23:43] [I] Average on 10 runs - GPU latency: 4.51309 ms - Host latency: 4.575 ms (end to end 4.59697 ms, enqueue 2.83604 ms)
[05/15/2026-02:23:43] [I] Average on 10 runs - GPU latency: 4.4293 ms - Host latency: 4.49043 ms (end to end 4.50068 ms, enqueue 2.71045 ms)
[05/15/2026-02:23:43] [I] Average on 10 runs - GPU latency: 4.43594 ms - Host latency: 4.49707 ms (end to end 4.50674 ms, enqueue 2.5375 ms)
[05/15/2026-02:23:43] [I] Average on 10 runs - GPU latency: 4.44531 ms - Host latency: 4.50654 ms (end to end 4.51631 ms, enqueue 2.3582 ms)
[05/15/2026-02:23:43] [I] Average on 10 runs - GPU latency: 4.42305 ms - Host latency: 4.48398 ms (end to end 4.49375 ms, enqueue 2.70312 ms)
[05/15/2026-02:23:43] [I] Average on 10 runs - GPU latency: 4.43857 ms - Host latency: 4.49961 ms (end to end 4.50898 ms, enqueue 2.38213 ms)
[05/15/2026-02:23:43] [I] Average on 10 runs - GPU latency: 4.43545 ms - Host latency: 4.49736 ms (end to end 4.50654 ms, enqueue 2.43496 ms)
[05/15/2026-02:23:43] [I] Average on 10 runs - GPU latency: 4.42959 ms - Host latency: 4.49102 ms (end to end 4.50059 ms, enqueue 2.57061 ms)
[05/15/2026-02:23:43] [I] Average on 10 runs - GPU latency: 4.40986 ms - Host latency: 4.47119 ms (end to end 4.48076 ms, enqueue 3.04307 ms)
[05/15/2026-02:23:43] [I] Average on 10 runs - GPU latency: 4.41143 ms - Host latency: 4.47285 ms (end to end 4.48242 ms, enqueue 2.95078 ms)
[05/15/2026-02:23:43] [I] Average on 10 runs - GPU latency: 4.41953 ms - Host latency: 4.48057 ms (end to end 4.48955 ms, enqueue 2.86387 ms)
[05/15/2026-02:23:43] [I] Average on 10 runs - GPU latency: 4.4165 ms - Host latency: 4.47852 ms (end to end 4.48789 ms, enqueue 2.90234 ms)
[05/15/2026-02:23:43] [I] Average on 10 runs - GPU latency: 4.41719 ms - Host latency: 4.4792 ms (end to end 4.48887 ms, enqueue 2.84443 ms)
[05/15/2026-02:23:43] [I] Average on 10 runs - GPU latency: 4.40098 ms - Host latency: 4.4626 ms (end to end 4.47227 ms, enqueue 3.2668 ms)
[05/15/2026-02:23:43] [I] Average on 10 runs - GPU latency: 4.42334 ms - Host latency: 4.48438 ms (end to end 4.49385 ms, enqueue 2.65811 ms)
[05/15/2026-02:23:43] [I] Average on 10 runs - GPU latency: 4.41465 ms - Host latency: 4.47578 ms (end to end 4.48555 ms, enqueue 2.90937 ms)
[05/15/2026-02:23:43] [I] Average on 10 runs - GPU latency: 4.43916 ms - Host latency: 4.50049 ms (end to end 4.51016 ms, enqueue 2.55439 ms)
[05/15/2026-02:23:43] [I] Average on 10 runs - GPU latency: 4.43135 ms - Host latency: 4.49316 ms (end to end 4.50273 ms, enqueue 2.68027 ms)
[05/15/2026-02:23:43] [I] Average on 10 runs - GPU latency: 4.42256 ms - Host latency: 4.4832 ms (end to end 4.49258 ms, enqueue 2.77178 ms)
[05/15/2026-02:23:43] [I] Average on 10 runs - GPU latency: 4.41514 ms - Host latency: 4.47617 ms (end to end 4.48594 ms, enqueue 2.95254 ms)
[05/15/2026-02:23:43] [I] Average on 10 runs - GPU latency: 4.40771 ms - Host latency: 4.46895 ms (end to end 4.47842 ms, enqueue 2.91611 ms)
[05/15/2026-02:23:43] [I] Average on 10 runs - GPU latency: 4.42412 ms - Host latency: 4.48535 ms (end to end 4.49492 ms, enqueue 2.80029 ms)
[05/15/2026-02:23:43] [I] Average on 10 runs - GPU latency: 4.5043 ms - Host latency: 4.5665 ms (end to end 4.59717 ms, enqueue 2.83955 ms)
[05/15/2026-02:23:43] [I] Average on 10 runs - GPU latency: 4.43408 ms - Host latency: 4.49531 ms (end to end 4.50479 ms, enqueue 2.54844 ms)
[05/15/2026-02:23:43] [I] Average on 10 runs - GPU latency: 4.40537 ms - Host latency: 4.46631 ms (end to end 4.47666 ms, enqueue 3.04365 ms)
[05/15/2026-02:23:43] [I] Average on 10 runs - GPU latency: 4.41768 ms - Host latency: 4.47891 ms (end to end 4.48897 ms, enqueue 2.81309 ms)
[05/15/2026-02:23:43] [I] Average on 10 runs - GPU latency: 4.42393 ms - Host latency: 4.48506 ms (end to end 4.49453 ms, enqueue 2.75801 ms)
[05/15/2026-02:23:43] [I] Average on 10 runs - GPU latency: 4.42598 ms - Host latency: 4.48662 ms (end to end 4.49639 ms, enqueue 2.6665 ms)
[05/15/2026-02:23:43] [I] Average on 10 runs - GPU latency: 4.43379 ms - Host latency: 4.49492 ms (end to end 4.504 ms, enqueue 2.53711 ms)
[05/15/2026-02:23:43] [I] Average on 10 runs - GPU latency: 4.43887 ms - Host latency: 4.4999 ms (end to end 4.50938 ms, enqueue 2.44072 ms)
[05/15/2026-02:23:43] [I] Average on 10 runs - GPU latency: 4.4418 ms - Host latency: 4.50264 ms (end to end 4.51191 ms, enqueue 2.28652 ms)
[05/15/2026-02:23:43] [I] Average on 10 runs - GPU latency: 4.4459 ms - Host latency: 4.50645 ms (end to end 4.51611 ms, enqueue 2.26123 ms)
[05/15/2026-02:23:43] [I] Average on 10 runs - GPU latency: 4.44023 ms - Host latency: 4.50117 ms (end to end 4.51064 ms, enqueue 2.32959 ms)
[05/15/2026-02:23:43] [I] Average on 10 runs - GPU latency: 4.446 ms - Host latency: 4.50732 ms (end to end 4.5165 ms, enqueue 2.32939 ms)
[05/15/2026-02:23:43] [I] Average on 10 runs - GPU latency: 4.41973 ms - Host latency: 4.48076 ms (end to end 4.49033 ms, enqueue 2.65322 ms)
[05/15/2026-02:23:43] [I] Average on 10 runs - GPU latency: 4.40869 ms - Host latency: 4.46904 ms (end to end 4.479 ms, enqueue 3.13027 ms)
[05/15/2026-02:23:43] [I] Average on 10 runs - GPU latency: 4.43877 ms - Host latency: 4.4999 ms (end to end 4.50967 ms, enqueue 2.42207 ms)
[05/15/2026-02:23:43] [I] Average on 10 runs - GPU latency: 4.42949 ms - Host latency: 4.48984 ms (end to end 4.4999 ms, enqueue 2.554 ms)
[05/15/2026-02:23:43] [I] Average on 10 runs - GPU latency: 4.41777 ms - Host latency: 4.47949 ms (end to end 4.48906 ms, enqueue 2.7583 ms)
[05/15/2026-02:23:43] [I] Average on 10 runs - GPU latency: 4.44072 ms - Host latency: 4.50156 ms (end to end 4.51123 ms, enqueue 2.43477 ms)
[05/15/2026-02:23:43] [I] Average on 10 runs - GPU latency: 4.43975 ms - Host latency: 4.50107 ms (end to end 4.51035 ms, enqueue 2.47979 ms)
[05/15/2026-02:23:43] [I] Average on 10 runs - GPU latency: 4.44209 ms - Host latency: 4.50283 ms (end to end 4.5127 ms, enqueue 2.45537 ms)
[05/15/2026-02:23:43] [I] Average on 10 runs - GPU latency: 4.43037 ms - Host latency: 4.49141 ms (end to end 4.50098 ms, enqueue 2.46064 ms)
[05/15/2026-02:23:43] [I] Average on 10 runs - GPU latency: 4.4166 ms - Host latency: 4.47754 ms (end to end 4.48711 ms, enqueue 2.88281 ms)
[05/15/2026-02:23:43] [I] Average on 10 runs - GPU latency: 4.49111 ms - Host latency: 4.55273 ms (end to end 4.60215 ms, enqueue 2.6915 ms)
[05/15/2026-02:23:43] [I] Average on 10 runs - GPU latency: 4.42314 ms - Host latency: 4.48516 ms (end to end 4.49561 ms, enqueue 2.6252 ms)
[05/15/2026-02:23:43] [I] Average on 10 runs - GPU latency: 4.41885 ms - Host latency: 4.47988 ms (end to end 4.48945 ms, enqueue 2.92686 ms)
[05/15/2026-02:23:43] [I] Average on 10 runs - GPU latency: 4.41455 ms - Host latency: 4.47607 ms (end to end 4.48545 ms, enqueue 3.09053 ms)
[05/15/2026-02:23:43] [I] Average on 10 runs - GPU latency: 4.421 ms - Host latency: 4.48213 ms (end to end 4.49238 ms, enqueue 2.71934 ms)
[05/15/2026-02:23:43] [I] Average on 10 runs - GPU latency: 4.43965 ms - Host latency: 4.50107 ms (end to end 4.51025 ms, enqueue 2.65166 ms)
[05/15/2026-02:23:43] [I] Average on 10 runs - GPU latency: 4.43486 ms - Host latency: 4.49629 ms (end to end 4.50596 ms, enqueue 2.49746 ms)
[05/15/2026-02:23:43] [I] Average on 10 runs - GPU latency: 4.42129 ms - Host latency: 4.48281 ms (end to end 4.49219 ms, enqueue 2.78867 ms)
[05/15/2026-02:23:43] [I] Average on 10 runs - GPU latency: 4.41338 ms - Host latency: 4.4749 ms (end to end 4.48379 ms, enqueue 2.83213 ms)
[05/15/2026-02:23:43] [I] Average on 10 runs - GPU latency: 4.43213 ms - Host latency: 4.49297 ms (end to end 4.50264 ms, enqueue 2.49746 ms)
[05/15/2026-02:23:43] [I] Average on 10 runs - GPU latency: 4.43994 ms - Host latency: 4.50107 ms (end to end 4.51094 ms, enqueue 2.37188 ms)
[05/15/2026-02:23:43] [I] Average on 10 runs - GPU latency: 4.44541 ms - Host latency: 4.50615 ms (end to end 4.51592 ms, enqueue 2.26162 ms)
[05/15/2026-02:23:43] [I] Average on 10 runs - GPU latency: 4.43574 ms - Host latency: 4.49648 ms (end to end 4.50635 ms, enqueue 2.36768 ms)
[05/15/2026-02:23:43] [I] Average on 10 runs - GPU latency: 4.44033 ms - Host latency: 4.50146 ms (end to end 4.51084 ms, enqueue 2.3542 ms)
[05/15/2026-02:23:43] [I] Average on 10 runs - GPU latency: 4.43447 ms - Host latency: 4.49492 ms (end to end 4.50479 ms, enqueue 2.38213 ms)
[05/15/2026-02:23:43] [I] Average on 10 runs - GPU latency: 4.44326 ms - Host latency: 4.50381 ms (end to end 4.51338 ms, enqueue 2.39414 ms)
[05/15/2026-02:23:43] [I] Average on 10 runs - GPU latency: 4.43877 ms - Host latency: 4.49971 ms (end to end 4.50947 ms, enqueue 2.36641 ms)
[05/15/2026-02:23:43] [I] Average on 10 runs - GPU latency: 4.4249 ms - Host latency: 4.48604 ms (end to end 4.49629 ms, enqueue 2.89336 ms)
[05/15/2026-02:23:43] [I] Average on 10 runs - GPU latency: 4.4417 ms - Host latency: 4.50322 ms (end to end 4.5127 ms, enqueue 2.4582 ms)
[05/15/2026-02:23:43] [I] Average on 10 runs - GPU latency: 4.42598 ms - Host latency: 4.48643 ms (end to end 4.496 ms, enqueue 2.76807 ms)
[05/15/2026-02:23:43] [I] Average on 10 runs - GPU latency: 4.43086 ms - Host latency: 4.4916 ms (end to end 4.50107 ms, enqueue 2.60107 ms)
[05/15/2026-02:23:43] [I] Average on 10 runs - GPU latency: 4.41728 ms - Host latency: 4.47813 ms (end to end 4.48838 ms, enqueue 2.91035 ms)
[05/15/2026-02:23:43] [I] Average on 10 runs - GPU latency: 4.45381 ms - Host latency: 4.51553 ms (end to end 4.5252 ms, enqueue 2.49346 ms)
[05/15/2026-02:23:43] [I] Average on 10 runs - GPU latency: 4.4834 ms - Host latency: 4.54512 ms (end to end 4.59561 ms, enqueue 2.48232 ms)
[05/15/2026-02:23:43] [I] Average on 10 runs - GPU latency: 4.41865 ms - Host latency: 4.48027 ms (end to end 4.49014 ms, enqueue 2.79961 ms)
[05/15/2026-02:23:43] [I] Average on 10 runs - GPU latency: 4.41963 ms - Host latency: 4.48008 ms (end to end 4.48984 ms, enqueue 2.90664 ms)
[05/15/2026-02:23:43] [I] Average on 10 runs - GPU latency: 4.4127 ms - Host latency: 4.47422 ms (end to end 4.48398 ms, enqueue 2.91719 ms)
[05/15/2026-02:23:43] [I] Average on 10 runs - GPU latency: 4.40645 ms - Host latency: 4.46777 ms (end to end 4.47773 ms, enqueue 2.9792 ms)
[05/15/2026-02:23:43] [I] Average on 10 runs - GPU latency: 4.41826 ms - Host latency: 4.47988 ms (end to end 4.49014 ms, enqueue 2.92451 ms)
[05/15/2026-02:23:43] [I] Average on 10 runs - GPU latency: 4.4207 ms - Host latency: 4.48145 ms (end to end 4.4915 ms, enqueue 2.76895 ms)
[05/15/2026-02:23:43] [I] Average on 10 runs - GPU latency: 4.42939 ms - Host latency: 4.49062 ms (end to end 4.5 ms, enqueue 2.5959 ms)
[05/15/2026-02:23:43] [I] Average on 10 runs - GPU latency: 4.42549 ms - Host latency: 4.48623 ms (end to end 4.49561 ms, enqueue 2.7667 ms)
[05/15/2026-02:23:43] [I] Average on 10 runs - GPU latency: 4.4166 ms - Host latency: 4.47793 ms (end to end 4.48701 ms, enqueue 2.81426 ms)
[05/15/2026-02:23:43] [I] Average on 10 runs - GPU latency: 4.4251 ms - Host latency: 4.48555 ms (end to end 4.49521 ms, enqueue 2.84365 ms)
[05/15/2026-02:23:43] [I] Average on 10 runs - GPU latency: 4.41172 ms - Host latency: 4.47305 ms (end to end 4.48262 ms, enqueue 2.90986 ms)
[05/15/2026-02:23:43] [I] Average on 10 runs - GPU latency: 4.42822 ms - Host latency: 4.48955 ms (end to end 4.49902 ms, enqueue 2.77178 ms)
[05/15/2026-02:23:43] [I] Average on 10 runs - GPU latency: 4.42383 ms - Host latency: 4.48535 ms (end to end 4.49482 ms, enqueue 2.59668 ms)
[05/15/2026-02:23:43] [I] Average on 10 runs - GPU latency: 4.43213 ms - Host latency: 4.49307 ms (end to end 4.50234 ms, enqueue 2.47754 ms)
[05/15/2026-02:23:43] [I] Average on 10 runs - GPU latency: 4.45303 ms - Host latency: 4.51416 ms (end to end 4.52393 ms, enqueue 2.23633 ms)
[05/15/2026-02:23:43] [I] Average on 10 runs - GPU latency: 4.43184 ms - Host latency: 4.49268 ms (end to end 4.50254 ms, enqueue 2.57744 ms)
[05/15/2026-02:23:43] [I] Average on 10 runs - GPU latency: 4.42832 ms - Host latency: 4.48916 ms (end to end 4.49912 ms, enqueue 2.7083 ms)
[05/15/2026-02:23:43] [I] Average on 10 runs - GPU latency: 4.4377 ms - Host latency: 4.49912 ms (end to end 4.5084 ms, enqueue 2.48438 ms)
[05/15/2026-02:23:43] [I] Average on 10 runs - GPU latency: 4.43271 ms - Host latency: 4.49365 ms (end to end 4.50303 ms, enqueue 2.64541 ms)
[05/15/2026-02:23:43] [I] Average on 10 runs - GPU latency: 4.41553 ms - Host latency: 4.47646 ms (end to end 4.48613 ms, enqueue 2.89961 ms)
[05/15/2026-02:23:43] [I] Average on 10 runs - GPU latency: 4.41592 ms - Host latency: 4.47676 ms (end to end 4.48623 ms, enqueue 2.89482 ms)
[05/15/2026-02:23:43] [I] Average on 10 runs - GPU latency: 4.51211 ms - Host latency: 4.57412 ms (end to end 4.59346 ms, enqueue 2.71729 ms)
[05/15/2026-02:23:43] [I] Average on 10 runs - GPU latency: 4.42754 ms - Host latency: 4.48857 ms (end to end 4.49824 ms, enqueue 2.66309 ms)
[05/15/2026-02:23:43] [I] Average on 10 runs - GPU latency: 4.43643 ms - Host latency: 4.49746 ms (end to end 4.50684 ms, enqueue 2.43467 ms)
[05/15/2026-02:23:43] [I] Average on 10 runs - GPU latency: 4.40771 ms - Host latency: 4.46895 ms (end to end 4.4793 ms, enqueue 3.14736 ms)
[05/15/2026-02:23:43] [I] Average on 10 runs - GPU latency: 4.41807 ms - Host latency: 4.4793 ms (end to end 4.48867 ms, enqueue 2.96113 ms)
[05/15/2026-02:23:43] [I] Average on 10 runs - GPU latency: 4.40459 ms - Host latency: 4.46592 ms (end to end 4.47578 ms, enqueue 3.05605 ms)
[05/15/2026-02:23:43] [I] Average on 10 runs - GPU latency: 4.41172 ms - Host latency: 4.47266 ms (end to end 4.48174 ms, enqueue 3.02266 ms)
[05/15/2026-02:23:43] [I] Average on 10 runs - GPU latency: 4.42744 ms - Host latency: 4.48848 ms (end to end 4.49824 ms, enqueue 2.71514 ms)
[05/15/2026-02:23:43] [I] Average on 10 runs - GPU latency: 4.42471 ms - Host latency: 4.48623 ms (end to end 4.4958 ms, enqueue 2.67041 ms)
[05/15/2026-02:23:43] [I] Average on 10 runs - GPU latency: 4.42227 ms - Host latency: 4.48389 ms (end to end 4.49287 ms, enqueue 2.8418 ms)
[05/15/2026-02:23:43] [I] Average on 10 runs - GPU latency: 4.43838 ms - Host latency: 4.49941 ms (end to end 4.50859 ms, enqueue 2.55498 ms)
[05/15/2026-02:23:43] [I] Average on 10 runs - GPU latency: 4.43311 ms - Host latency: 4.49434 ms (end to end 4.50371 ms, enqueue 2.47021 ms)
[05/15/2026-02:23:43] [I] Average on 10 runs - GPU latency: 4.41846 ms - Host latency: 4.47978 ms (end to end 4.48945 ms, enqueue 2.90469 ms)
[05/15/2026-02:23:43] [I] Average on 10 runs - GPU latency: 4.41543 ms - Host latency: 4.47627 ms (end to end 4.48584 ms, enqueue 2.95967 ms)
[05/15/2026-02:23:43] [I] Average on 10 runs - GPU latency: 4.43125 ms - Host latency: 4.49248 ms (end to end 4.50215 ms, enqueue 2.70254 ms)
[05/15/2026-02:23:43] [I] Average on 10 runs - GPU latency: 4.41445 ms - Host latency: 4.47568 ms (end to end 4.48506 ms, enqueue 2.89785 ms)
[05/15/2026-02:23:43] [I] Average on 10 runs - GPU latency: 4.40537 ms - Host latency: 4.46592 ms (end to end 4.47471 ms, enqueue 2.90723 ms)
[05/15/2026-02:23:43] [I] Average on 10 runs - GPU latency: 4.42275 ms - Host latency: 4.48398 ms (end to end 4.49453 ms, enqueue 3.11699 ms)
[05/15/2026-02:23:43] [I] Average on 10 runs - GPU latency: 4.42129 ms - Host latency: 4.48223 ms (end to end 4.49238 ms, enqueue 2.6999 ms)
[05/15/2026-02:23:43] [I] Average on 10 runs - GPU latency: 4.41406 ms - Host latency: 4.4748 ms (end to end 4.48438 ms, enqueue 2.89287 ms)
[05/15/2026-02:23:43] [I] Average on 10 runs - GPU latency: 4.43809 ms - Host latency: 4.49922 ms (end to end 4.50879 ms, enqueue 2.56309 ms)
[05/15/2026-02:23:43] [I] Average on 10 runs - GPU latency: 4.4125 ms - Host latency: 4.47363 ms (end to end 4.4833 ms, enqueue 2.75479 ms)
[05/15/2026-02:23:43] [I] Average on 10 runs - GPU latency: 4.47978 ms - Host latency: 4.5418 ms (end to end 4.59297 ms, enqueue 2.94219 ms)
[05/15/2026-02:23:43] [I] Average on 10 runs - GPU latency: 4.43086 ms - Host latency: 4.49131 ms (end to end 4.50068 ms, enqueue 2.53682 ms)
[05/15/2026-02:23:43] [I] Average on 10 runs - GPU latency: 4.39746 ms - Host latency: 4.4582 ms (end to end 4.46777 ms, enqueue 3.44336 ms)
[05/15/2026-02:23:43] [I] Average on 10 runs - GPU latency: 4.42324 ms - Host latency: 4.48496 ms (end to end 4.49512 ms, enqueue 2.83418 ms)
[05/15/2026-02:23:43] [I] Average on 10 runs - GPU latency: 4.42324 ms - Host latency: 4.48438 ms (end to end 4.49414 ms, enqueue 2.71543 ms)
[05/15/2026-02:23:43] [I] Average on 10 runs - GPU latency: 4.41406 ms - Host latency: 4.475 ms (end to end 4.48477 ms, enqueue 3.03359 ms)
[05/15/2026-02:23:43] [I] Average on 10 runs - GPU latency: 4.42031 ms - Host latency: 4.48145 ms (end to end 4.49062 ms, enqueue 2.63965 ms)
[05/15/2026-02:23:43] [I] Average on 10 runs - GPU latency: 4.41953 ms - Host latency: 4.48066 ms (end to end 4.4918 ms, enqueue 2.92207 ms)
[05/15/2026-02:23:43] [I] Average on 10 runs - GPU latency: 4.4209 ms - Host latency: 4.48125 ms (end to end 4.49082 ms, enqueue 2.7793 ms)
[05/15/2026-02:23:43] [I] Average on 10 runs - GPU latency: 4.43203 ms - Host latency: 4.49355 ms (end to end 4.50313 ms, enqueue 2.64805 ms)
[05/15/2026-02:23:43] [I] Average on 10 runs - GPU latency: 4.42383 ms - Host latency: 4.48516 ms (end to end 4.49434 ms, enqueue 2.79531 ms)
[05/15/2026-02:23:43] [I] Average on 10 runs - GPU latency: 4.41758 ms - Host latency: 4.47949 ms (end to end 4.48926 ms, enqueue 2.82539 ms)
[05/15/2026-02:23:43] [I] Average on 10 runs - GPU latency: 4.42852 ms - Host latency: 4.49082 ms (end to end 4.4998 ms, enqueue 2.48711 ms)
[05/15/2026-02:23:43] [I] Average on 10 runs - GPU latency: 4.44414 ms - Host latency: 4.50527 ms (end to end 4.51543 ms, enqueue 2.30586 ms)
[05/15/2026-02:23:43] [I] Average on 10 runs - GPU latency: 4.44238 ms - Host latency: 4.50352 ms (end to end 4.5127 ms, enqueue 2.48984 ms)
[05/15/2026-02:23:43] [I] Average on 10 runs - GPU latency: 4.43691 ms - Host latency: 4.49863 ms (end to end 4.50879 ms, enqueue 2.53848 ms)
[05/15/2026-02:23:43] [I] Average on 10 runs - GPU latency: 4.40859 ms - Host latency: 4.46953 ms (end to end 4.47949 ms, enqueue 2.96738 ms)
[05/15/2026-02:23:43] [I] Average on 10 runs - GPU latency: 4.42344 ms - Host latency: 4.48457 ms (end to end 4.49375 ms, enqueue 2.77969 ms)
[05/15/2026-02:23:43] [I] Average on 10 runs - GPU latency: 4.42578 ms - Host latency: 4.48711 ms (end to end 4.49668 ms, enqueue 2.68027 ms)
[05/15/2026-02:23:43] [I] Average on 10 runs - GPU latency: 4.41582 ms - Host latency: 4.47656 ms (end to end 4.48652 ms, enqueue 2.80723 ms)
[05/15/2026-02:23:43] [I] Average on 10 runs - GPU latency: 4.42969 ms - Host latency: 4.49062 ms (end to end 4.50059 ms, enqueue 2.5123 ms)
[05/15/2026-02:23:43] [I] Average on 10 runs - GPU latency: 4.43164 ms - Host latency: 4.49316 ms (end to end 4.50273 ms, enqueue 2.61348 ms)
[05/15/2026-02:23:43] [I] Average on 10 runs - GPU latency: 4.47949 ms - Host latency: 4.54199 ms (end to end 4.59668 ms, enqueue 2.84863 ms)
[05/15/2026-02:23:43] [I] Average on 10 runs - GPU latency: 4.43066 ms - Host latency: 4.49219 ms (end to end 4.50215 ms, enqueue 2.60801 ms)
[05/15/2026-02:23:43] [I] Average on 10 runs - GPU latency: 4.43965 ms - Host latency: 4.50078 ms (end to end 4.50996 ms, enqueue 2.4625 ms)
[05/15/2026-02:23:43] [I] Average on 10 runs - GPU latency: 4.43418 ms - Host latency: 4.49551 ms (end to end 4.50527 ms, enqueue 2.54707 ms)
[05/15/2026-02:23:43] [I] Average on 10 runs - GPU latency: 4.4375 ms - Host latency: 4.49766 ms (end to end 4.50742 ms, enqueue 2.38105 ms)
[05/15/2026-02:23:43] [I] Average on 10 runs - GPU latency: 4.44043 ms - Host latency: 4.50156 ms (end to end 4.51113 ms, enqueue 2.26348 ms)
[05/15/2026-02:23:43] [I] Average on 10 runs - GPU latency: 4.44727 ms - Host latency: 4.50898 ms (end to end 4.51855 ms, enqueue 2.25723 ms)
[05/15/2026-02:23:43] [I] Average on 10 runs - GPU latency: 4.43906 ms - Host latency: 4.50039 ms (end to end 4.50938 ms, enqueue 2.28125 ms)
[05/15/2026-02:23:43] [I] Average on 10 runs - GPU latency: 4.44258 ms - Host latency: 4.50391 ms (end to end 4.51348 ms, enqueue 2.2627 ms)
[05/15/2026-02:23:43] [I] Average on 10 runs - GPU latency: 4.43496 ms - Host latency: 4.49551 ms (end to end 4.50527 ms, enqueue 2.46836 ms)
[05/15/2026-02:23:43] [I] Average on 10 runs - GPU latency: 4.40977 ms - Host latency: 4.47109 ms (end to end 4.48047 ms, enqueue 3.0168 ms)
[05/15/2026-02:23:43] [I] Average on 10 runs - GPU latency: 4.42207 ms - Host latency: 4.48262 ms (end to end 4.49258 ms, enqueue 2.73457 ms)
[05/15/2026-02:23:43] [I] Average on 10 runs - GPU latency: 4.41719 ms - Host latency: 4.47832 ms (end to end 4.48926 ms, enqueue 2.76797 ms)
[05/15/2026-02:23:43] [I] Average on 10 runs - GPU latency: 4.42207 ms - Host latency: 4.4832 ms (end to end 4.49258 ms, enqueue 2.87109 ms)
[05/15/2026-02:23:43] [I] Average on 10 runs - GPU latency: 4.43437 ms - Host latency: 4.4959 ms (end to end 4.50547 ms, enqueue 2.36543 ms)
[05/15/2026-02:23:43] [I] Average on 10 runs - GPU latency: 4.42441 ms - Host latency: 4.48555 ms (end to end 4.49531 ms, enqueue 2.63379 ms)
[05/15/2026-02:23:43] [I] Average on 10 runs - GPU latency: 4.4332 ms - Host latency: 4.49453 ms (end to end 4.5043 ms, enqueue 2.46855 ms)
[05/15/2026-02:23:43] [I] Average on 10 runs - GPU latency: 4.44551 ms - Host latency: 4.50664 ms (end to end 4.51621 ms, enqueue 2.2877 ms)
[05/15/2026-02:23:43] [I] Average on 10 runs - GPU latency: 4.43457 ms - Host latency: 4.4959 ms (end to end 4.50566 ms, enqueue 2.35488 ms)
[05/15/2026-02:23:43] [I] Average on 10 runs - GPU latency: 4.42461 ms - Host latency: 4.48535 ms (end to end 4.49512 ms, enqueue 2.7084 ms)
[05/15/2026-02:23:43] [I] Average on 10 runs - GPU latency: 4.44219 ms - Host latency: 4.50371 ms (end to end 4.51328 ms, enqueue 2.41445 ms)
[05/15/2026-02:23:43] [I] Average on 10 runs - GPU latency: 4.42383 ms - Host latency: 4.48535 ms (end to end 4.49453 ms, enqueue 2.76406 ms)
[05/15/2026-02:23:43] [I] Average on 10 runs - GPU latency: 4.46113 ms - Host latency: 4.52207 ms (end to end 4.54121 ms, enqueue 2.45391 ms)
[05/15/2026-02:23:43] [I] Average on 10 runs - GPU latency: 4.475 ms - Host latency: 4.53652 ms (end to end 4.58926 ms, enqueue 2.51172 ms)
[05/15/2026-02:23:43] [I] Average on 10 runs - GPU latency: 4.42266 ms - Host latency: 4.48379 ms (end to end 4.49316 ms, enqueue 2.69609 ms)
[05/15/2026-02:23:43] [I] Average on 10 runs - GPU latency: 4.42051 ms - Host latency: 4.48125 ms (end to end 4.49043 ms, enqueue 2.85215 ms)
[05/15/2026-02:23:43] [I] Average on 10 runs - GPU latency: 4.39414 ms - Host latency: 4.45508 ms (end to end 4.46348 ms, enqueue 3.04707 ms)
[05/15/2026-02:23:43] [I] Average on 10 runs - GPU latency: 4.41406 ms - Host latency: 4.47559 ms (end to end 4.48574 ms, enqueue 3.05918 ms)
[05/15/2026-02:23:43] [I] Average on 10 runs - GPU latency: 4.42598 ms - Host latency: 4.48711 ms (end to end 4.49668 ms, enqueue 2.58125 ms)
[05/15/2026-02:23:43] [I] Average on 10 runs - GPU latency: 4.41484 ms - Host latency: 4.47598 ms (end to end 4.48574 ms, enqueue 2.77676 ms)
[05/15/2026-02:23:43] [I] Average on 10 runs - GPU latency: 4.43672 ms - Host latency: 4.49766 ms (end to end 4.50762 ms, enqueue 2.4543 ms)
[05/15/2026-02:23:43] [I] Average on 10 runs - GPU latency: 4.4291 ms - Host latency: 4.49102 ms (end to end 4.50039 ms, enqueue 2.51445 ms)
[05/15/2026-02:23:43] [I] Average on 10 runs - GPU latency: 4.41914 ms - Host latency: 4.48047 ms (end to end 4.49043 ms, enqueue 2.83965 ms)
[05/15/2026-02:23:43] [I] Average on 10 runs - GPU latency: 4.43613 ms - Host latency: 4.49687 ms (end to end 4.50684 ms, enqueue 2.45176 ms)
[05/15/2026-02:23:43] [I] Average on 10 runs - GPU latency: 4.44082 ms - Host latency: 4.50195 ms (end to end 4.51172 ms, enqueue 2.27187 ms)
[05/15/2026-02:23:43] [I] Average on 10 runs - GPU latency: 4.43359 ms - Host latency: 4.49453 ms (end to end 4.5041 ms, enqueue 2.32363 ms)
[05/15/2026-02:23:43] [I] Average on 10 runs - GPU latency: 4.45234 ms - Host latency: 4.51445 ms (end to end 4.52363 ms, enqueue 2.20352 ms)
[05/15/2026-02:23:43] [I] Average on 10 runs - GPU latency: 4.43184 ms - Host latency: 4.49277 ms (end to end 4.50215 ms, enqueue 2.475 ms)
[05/15/2026-02:23:43] [I] Average on 10 runs - GPU latency: 4.4373 ms - Host latency: 4.49805 ms (end to end 4.50762 ms, enqueue 2.43125 ms)
[05/15/2026-02:23:43] [I] Average on 10 runs - GPU latency: 4.42461 ms - Host latency: 4.48633 ms (end to end 4.4959 ms, enqueue 2.68945 ms)
[05/15/2026-02:23:43] [I] Average on 10 runs - GPU latency: 4.43281 ms - Host latency: 4.49395 ms (end to end 4.50391 ms, enqueue 2.4582 ms)
[05/15/2026-02:23:43] [I] Average on 10 runs - GPU latency: 4.42656 ms - Host latency: 4.4877 ms (end to end 4.49727 ms, enqueue 2.71465 ms)
[05/15/2026-02:23:43] [I] Average on 10 runs - GPU latency: 4.4127 ms - Host latency: 4.47402 ms (end to end 4.4832 ms, enqueue 2.92637 ms)
[05/15/2026-02:23:43] [I] Average on 10 runs - GPU latency: 4.41152 ms - Host latency: 4.47344 ms (end to end 4.48301 ms, enqueue 2.99707 ms)
[05/15/2026-02:23:43] [I] Average on 10 runs - GPU latency: 4.43535 ms - Host latency: 4.49629 ms (end to end 4.50645 ms, enqueue 2.47656 ms)
[05/15/2026-02:23:43] [I] Average on 10 runs - GPU latency: 4.51797 ms - Host latency: 4.57891 ms (end to end 4.60078 ms, enqueue 2.63984 ms)
[05/15/2026-02:23:43] [I] Average on 10 runs - GPU latency: 4.43945 ms - Host latency: 4.50117 ms (end to end 4.51074 ms, enqueue 2.29844 ms)
[05/15/2026-02:23:43] [I] Average on 10 runs - GPU latency: 4.43184 ms - Host latency: 4.49258 ms (end to end 4.50195 ms, enqueue 2.53145 ms)
[05/15/2026-02:23:43] [I] Average on 10 runs - GPU latency: 4.4125 ms - Host latency: 4.47305 ms (end to end 4.48281 ms, enqueue 2.82344 ms)
[05/15/2026-02:23:43] [I] Average on 10 runs - GPU latency: 4.4127 ms - Host latency: 4.47461 ms (end to end 4.48496 ms, enqueue 2.89004 ms)
[05/15/2026-02:23:43] [I] Average on 10 runs - GPU latency: 4.4123 ms - Host latency: 4.47344 ms (end to end 4.4834 ms, enqueue 2.7375 ms)
[05/15/2026-02:23:43] [I] Average on 10 runs - GPU latency: 4.40059 ms - Host latency: 4.4623 ms (end to end 4.47207 ms, enqueue 3.22852 ms)
[05/15/2026-02:23:43] [I] Average on 10 runs - GPU latency: 4.39668 ms - Host latency: 4.45723 ms (end to end 4.46836 ms, enqueue 3.3416 ms)
[05/15/2026-02:23:43] [I] Average on 10 runs - GPU latency: 4.43125 ms - Host latency: 4.4918 ms (end to end 4.50117 ms, enqueue 2.68691 ms)
[05/15/2026-02:23:43] [I] Average on 10 runs - GPU latency: 4.43477 ms - Host latency: 4.49609 ms (end to end 4.50566 ms, enqueue 2.56543 ms)
[05/15/2026-02:23:43] [I] Average on 10 runs - GPU latency: 4.42539 ms - Host latency: 4.48574 ms (end to end 4.49531 ms, enqueue 2.54531 ms)
[05/15/2026-02:23:43] [I] Average on 10 runs - GPU latency: 4.40684 ms - Host latency: 4.46777 ms (end to end 4.47656 ms, enqueue 2.92383 ms)
[05/15/2026-02:23:43] [I] Average on 10 runs - GPU latency: 4.41309 ms - Host latency: 4.4748 ms (end to end 4.48398 ms, enqueue 3.01328 ms)
[05/15/2026-02:23:43] [I] Average on 10 runs - GPU latency: 4.4168 ms - Host latency: 4.47773 ms (end to end 4.4875 ms, enqueue 2.84766 ms)
[05/15/2026-02:23:43] [I] Average on 10 runs - GPU latency: 4.4168 ms - Host latency: 4.47734 ms (end to end 4.48691 ms, enqueue 2.80156 ms)
[05/15/2026-02:23:43] [I] Average on 10 runs - GPU latency: 4.40723 ms - Host latency: 4.46836 ms (end to end 4.47734 ms, enqueue 3.07637 ms)
[05/15/2026-02:23:43] [I] Average on 10 runs - GPU latency: 4.41172 ms - Host latency: 4.47441 ms (end to end 4.4834 ms, enqueue 3.05449 ms)
[05/15/2026-02:23:43] [I] Average on 10 runs - GPU latency: 4.44219 ms - Host latency: 4.50332 ms (end to end 4.5123 ms, enqueue 2.43809 ms)
[05/15/2026-02:23:43] [I] Average on 10 runs - GPU latency: 4.42461 ms - Host latency: 4.48535 ms (end to end 4.49453 ms, enqueue 2.73848 ms)
[05/15/2026-02:23:43] [I] Average on 10 runs - GPU latency: 4.41582 ms - Host latency: 4.47617 ms (end to end 4.48574 ms, enqueue 2.86289 ms)
[05/15/2026-02:23:43] [I] Average on 10 runs - GPU latency: 4.41211 ms - Host latency: 4.47344 ms (end to end 4.48281 ms, enqueue 3.03633 ms)
[05/15/2026-02:23:43] [I] Average on 10 runs - GPU latency: 4.41172 ms - Host latency: 4.47344 ms (end to end 4.48301 ms, enqueue 2.94512 ms)
[05/15/2026-02:23:43] [I] Average on 10 runs - GPU latency: 4.51074 ms - Host latency: 4.57852 ms (end to end 4.59219 ms, enqueue 2.75938 ms)
[05/15/2026-02:23:43] [I] Average on 10 runs - GPU latency: 4.42363 ms - Host latency: 4.48457 ms (end to end 4.49414 ms, enqueue 2.67207 ms)
[05/15/2026-02:23:43] [I] Average on 10 runs - GPU latency: 4.43145 ms - Host latency: 4.49258 ms (end to end 4.50176 ms, enqueue 2.54902 ms)
[05/15/2026-02:23:43] [I] Average on 10 runs - GPU latency: 4.40938 ms - Host latency: 4.4709 ms (end to end 4.48066 ms, enqueue 2.90488 ms)
[05/15/2026-02:23:43] [I] Average on 10 runs - GPU latency: 4.43613 ms - Host latency: 4.49727 ms (end to end 4.50625 ms, enqueue 2.42207 ms)
[05/15/2026-02:23:43] [I] Average on 10 runs - GPU latency: 4.42383 ms - Host latency: 4.48535 ms (end to end 4.49434 ms, enqueue 2.74902 ms)
[05/15/2026-02:23:43] [I] Average on 10 runs - GPU latency: 4.44766 ms - Host latency: 4.50859 ms (end to end 4.51855 ms, enqueue 2.35508 ms)
[05/15/2026-02:23:43] [I] Average on 10 runs - GPU latency: 4.43613 ms - Host latency: 4.49785 ms (end to end 4.50762 ms, enqueue 2.60215 ms)
[05/15/2026-02:23:43] [I] Average on 10 runs - GPU latency: 4.40605 ms - Host latency: 4.4666 ms (end to end 4.47617 ms, enqueue 2.88633 ms)
[05/15/2026-02:23:43] [I] Average on 10 runs - GPU latency: 4.40234 ms - Host latency: 4.46348 ms (end to end 4.47363 ms, enqueue 3.29336 ms)
[05/15/2026-02:23:43] [I] Average on 10 runs - GPU latency: 4.42422 ms - Host latency: 4.48535 ms (end to end 4.49531 ms, enqueue 2.76387 ms)
[05/15/2026-02:23:43] [I] Average on 10 runs - GPU latency: 4.42441 ms - Host latency: 4.48574 ms (end to end 4.49473 ms, enqueue 2.66309 ms)
[05/15/2026-02:23:43] [I] Average on 10 runs - GPU latency: 4.41094 ms - Host latency: 4.47227 ms (end to end 4.48203 ms, enqueue 3.00488 ms)
[05/15/2026-02:23:43] [I] Average on 10 runs - GPU latency: 4.42305 ms - Host latency: 4.48359 ms (end to end 4.49336 ms, enqueue 2.67871 ms)
[05/15/2026-02:23:43] [I] Average on 10 runs - GPU latency: 4.43477 ms - Host latency: 4.49531 ms (end to end 4.50469 ms, enqueue 2.49863 ms)
[05/15/2026-02:23:43] [I] 
[05/15/2026-02:23:43] [I] === Performance summary ===
[05/15/2026-02:23:43] [I] Throughput: 222.177 qps
[05/15/2026-02:23:43] [I] Latency: min = 4.39941 ms, max = 5.2793 ms, mean = 4.48939 ms, median = 4.49219 ms, percentile(99%) = 4.54492 ms
[05/15/2026-02:23:43] [I] End-to-End Host Latency: min = 4.4043 ms, max = 5.39941 ms, mean = 4.50021 ms, median = 4.50146 ms, percentile(99%) = 4.62695 ms
[05/15/2026-02:23:43] [I] Enqueue Time: min = 2.02344 ms, max = 5.00879 ms, mean = 2.71387 ms, median = 2.58594 ms, percentile(99%) = 4.27148 ms
[05/15/2026-02:23:43] [I] H2D Latency: min = 0.0566406 ms, max = 0.115234 ms, mean = 0.0584194 ms, median = 0.0585938 ms, percentile(99%) = 0.0625 ms
[05/15/2026-02:23:43] [I] GPU Compute Time: min = 4.33887 ms, max = 5.21777 ms, mean = 4.4282 ms, median = 4.43066 ms, percentile(99%) = 4.48438 ms
[05/15/2026-02:23:43] [I] D2H Latency: min = 0.00195312 ms, max = 0.00390625 ms, mean = 0.00279398 ms, median = 0.00292969 ms, percentile(99%) = 0.00390625 ms
[05/15/2026-02:23:43] [I] Total Host Walltime: 20.0066 s
[05/15/2026-02:23:43] [I] Total GPU Compute Time: 19.6833 s
[05/15/2026-02:23:43] [I] Explanations of the performance metrics are printed in the verbose logs.
[05/15/2026-02:23:43] [I] 
&&&& PASSED TensorRT.trtexec [TensorRT v8001] # /usr/src/tensorrt/bin/trtexec --loadEngine=engines/tomato_yolov8n_cls_domainmix_pd5_umair_hard_fp16.engine --warmUp=1000 --duration=20 --iterations=1000
[05/15/2026-02:23:43] [I] [TRT] [MemUsageChange] Init cuBLAS/cuBLASLt: CPU +0, GPU +0, now: CPU 623, GPU 3680 (MiB)
