&&&& RUNNING TensorRT.trtexec [TensorRT v8001] # /usr/src/tensorrt/bin/trtexec --loadEngine=engines/tomato_yolov8n_cls_domainmix_pd5_umair_hard_fp32.engine --warmUp=1000 --duration=20 --iterations=1000
[05/15/2026-02:22:48] [I] === Model Options ===
[05/15/2026-02:22:48] [I] Format: *
[05/15/2026-02:22:48] [I] Model: 
[05/15/2026-02:22:48] [I] Output:
[05/15/2026-02:22:48] [I] === Build Options ===
[05/15/2026-02:22:48] [I] Max batch: 1
[05/15/2026-02:22:48] [I] Workspace: 16 MiB
[05/15/2026-02:22:48] [I] minTiming: 1
[05/15/2026-02:22:48] [I] avgTiming: 8
[05/15/2026-02:22:48] [I] Precision: FP32
[05/15/2026-02:22:48] [I] Calibration: 
[05/15/2026-02:22:48] [I] Refit: Disabled
[05/15/2026-02:22:48] [I] Sparsity: Disabled
[05/15/2026-02:22:48] [I] Safe mode: Disabled
[05/15/2026-02:22:48] [I] Restricted mode: Disabled
[05/15/2026-02:22:48] [I] Save engine: 
[05/15/2026-02:22:48] [I] Load engine: engines/tomato_yolov8n_cls_domainmix_pd5_umair_hard_fp32.engine
[05/15/2026-02:22:48] [I] NVTX verbosity: 0
[05/15/2026-02:22:48] [I] Tactic sources: Using default tactic sources
[05/15/2026-02:22:48] [I] timingCacheMode: local
[05/15/2026-02:22:48] [I] timingCacheFile: 
[05/15/2026-02:22:48] [I] Input(s)s format: fp32:CHW
[05/15/2026-02:22:48] [I] Output(s)s format: fp32:CHW
[05/15/2026-02:22:48] [I] Input build shapes: model
[05/15/2026-02:22:48] [I] Input calibration shapes: model
[05/15/2026-02:22:48] [I] === System Options ===
[05/15/2026-02:22:48] [I] Device: 0
[05/15/2026-02:22:48] [I] DLACore: 
[05/15/2026-02:22:48] [I] Plugins:
[05/15/2026-02:22:48] [I] === Inference Options ===
[05/15/2026-02:22:48] [I] Batch: 1
[05/15/2026-02:22:48] [I] Input inference shapes: model
[05/15/2026-02:22:48] [I] Iterations: 1000
[05/15/2026-02:22:48] [I] Duration: 20s (+ 1000ms warm up)
[05/15/2026-02:22:48] [I] Sleep time: 0ms
[05/15/2026-02:22:48] [I] Streams: 1
[05/15/2026-02:22:48] [I] ExposeDMA: Disabled
[05/15/2026-02:22:48] [I] Data transfers: Enabled
[05/15/2026-02:22:48] [I] Spin-wait: Disabled
[05/15/2026-02:22:48] [I] Multithreading: Disabled
[05/15/2026-02:22:48] [I] CUDA Graph: Disabled
[05/15/2026-02:22:48] [I] Separate profiling: Disabled
[05/15/2026-02:22:48] [I] Time Deserialize: Disabled
[05/15/2026-02:22:48] [I] Time Refit: Disabled
[05/15/2026-02:22:48] [I] Skip inference: Disabled
[05/15/2026-02:22:48] [I] Inputs:
[05/15/2026-02:22:48] [I] === Reporting Options ===
[05/15/2026-02:22:48] [I] Verbose: Disabled
[05/15/2026-02:22:48] [I] Averages: 10 inferences
[05/15/2026-02:22:48] [I] Percentile: 99
[05/15/2026-02:22:48] [I] Dump refittable layers:Disabled
[05/15/2026-02:22:48] [I] Dump output: Disabled
[05/15/2026-02:22:48] [I] Profile: Disabled
[05/15/2026-02:22:48] [I] Export timing to JSON file: 
[05/15/2026-02:22:48] [I] Export output to JSON file: 
[05/15/2026-02:22:48] [I] Export profile to JSON file: 
[05/15/2026-02:22:48] [I] 
[05/15/2026-02:22:48] [I] === Device Information ===
[05/15/2026-02:22:48] [I] Selected Device: NVIDIA Tegra X1
[05/15/2026-02:22:48] [I] Compute Capability: 5.3
[05/15/2026-02:22:48] [I] SMs: 1
[05/15/2026-02:22:48] [I] Compute Clock Rate: 0.9216 GHz
[05/15/2026-02:22:48] [I] Device Global Memory: 3964 MiB
[05/15/2026-02:22:48] [I] Shared Memory per SM: 64 KiB
[05/15/2026-02:22:48] [I] Memory Bus Width: 64 bits (ECC disabled)
[05/15/2026-02:22:48] [I] Memory Clock Rate: 0.01275 GHz
[05/15/2026-02:22:48] [I] 
[05/15/2026-02:22:48] [I] TensorRT version: 8001
[05/15/2026-02:22:50] [I] [TRT] [MemUsageChange] Init CUDA: CPU +202, GPU +0, now: CPU 229, GPU 3273 (MiB)
[05/15/2026-02:22:50] [I] [TRT] Loaded engine size: 8 MB
[05/15/2026-02:22:50] [I] [TRT] [MemUsageSnapshot] deserializeCudaEngine begin: CPU 229 MiB, GPU 3273 MiB
[05/15/2026-02:22:51] [I] [TRT] [MemUsageChange] Init cuBLAS/cuBLASLt: CPU +158, GPU +203, now: CPU 390, GPU 3479 (MiB)
[05/15/2026-02:22:54] [I] [TRT] [MemUsageChange] Init cuDNN: CPU +241, GPU +249, now: CPU 631, GPU 3728 (MiB)
[05/15/2026-02:22:54] [I] [TRT] [MemUsageChange] Init cuBLAS/cuBLASLt: CPU +0, GPU +0, now: CPU 631, GPU 3728 (MiB)
[05/15/2026-02:22:54] [I] [TRT] [MemUsageSnapshot] deserializeCudaEngine end: CPU 631 MiB, GPU 3728 MiB
[05/15/2026-02:22:54] [I] Engine loaded in 5.80666 sec.
[05/15/2026-02:22:54] [I] [TRT] [MemUsageSnapshot] ExecutionContext creation begin: CPU 622 MiB, GPU 3720 MiB
[05/15/2026-02:22:54] [I] [TRT] [MemUsageChange] Init cuBLAS/cuBLASLt: CPU +0, GPU +0, now: CPU 622, GPU 3720 (MiB)
[05/15/2026-02:22:54] [I] [TRT] [MemUsageChange] Init cuDNN: CPU +0, GPU +0, now: CPU 622, GPU 3720 (MiB)
[05/15/2026-02:22:54] [I] [TRT] [MemUsageSnapshot] ExecutionContext creation end: CPU 624 MiB, GPU 3735 MiB
[05/15/2026-02:22:54] [I] Created input binding for images with dimensions 1x3x224x224
[05/15/2026-02:22:54] [I] Created output binding for output0 with dimensions 1x10
[05/15/2026-02:22:54] [I] Starting inference
[05/15/2026-02:23:15] [I] Warmup completed 1 queries over 1000 ms
[05/15/2026-02:23:15] [I] Timing trace has 3636 queries over 18.5904 s
[05/15/2026-02:23:15] [I] 
[05/15/2026-02:23:15] [I] === Trace details ===
[05/15/2026-02:23:15] [I] Trace averages of 10 runs:
[05/15/2026-02:23:15] [I] Average on 10 runs - GPU latency: 13.969 ms - Host latency: 14.1693 ms (end to end 14.1917 ms, enqueue 3.2573 ms)
[05/15/2026-02:23:15] [I] Average on 10 runs - GPU latency: 6.45715 ms - Host latency: 6.52456 ms (end to end 6.5363 ms, enqueue 3.23726 ms)
[05/15/2026-02:23:15] [I] Average on 10 runs - GPU latency: 6.31226 ms - Host latency: 6.37871 ms (end to end 6.39045 ms, enqueue 3.00779 ms)
[05/15/2026-02:23:15] [I] Average on 10 runs - GPU latency: 4.96086 ms - Host latency: 5.01934 ms (end to end 5.0293 ms, enqueue 3.42866 ms)
[05/15/2026-02:23:15] [I] Average on 10 runs - GPU latency: 4.95784 ms - Host latency: 5.01589 ms (end to end 5.02559 ms, enqueue 3.20127 ms)
[05/15/2026-02:23:15] [I] Average on 10 runs - GPU latency: 4.95923 ms - Host latency: 5.01746 ms (end to end 5.02708 ms, enqueue 3.2228 ms)
[05/15/2026-02:23:15] [I] Average on 10 runs - GPU latency: 4.96387 ms - Host latency: 5.02168 ms (end to end 5.03147 ms, enqueue 3.21785 ms)
[05/15/2026-02:23:15] [I] Average on 10 runs - GPU latency: 4.99653 ms - Host latency: 5.05498 ms (end to end 5.0647 ms, enqueue 2.56492 ms)
[05/15/2026-02:23:15] [I] Average on 10 runs - GPU latency: 5.00542 ms - Host latency: 5.06384 ms (end to end 5.07402 ms, enqueue 2.58813 ms)
[05/15/2026-02:23:15] [I] Average on 10 runs - GPU latency: 4.97097 ms - Host latency: 5.0292 ms (end to end 5.03904 ms, enqueue 3.1678 ms)
[05/15/2026-02:23:15] [I] Average on 10 runs - GPU latency: 4.98677 ms - Host latency: 5.04531 ms (end to end 5.05505 ms, enqueue 2.97727 ms)
[05/15/2026-02:23:15] [I] Average on 10 runs - GPU latency: 4.97466 ms - Host latency: 5.03276 ms (end to end 5.04255 ms, enqueue 3.32109 ms)
[05/15/2026-02:23:15] [I] Average on 10 runs - GPU latency: 4.97073 ms - Host latency: 5.02888 ms (end to end 5.03794 ms, enqueue 3.3687 ms)
[05/15/2026-02:23:15] [I] Average on 10 runs - GPU latency: 4.97351 ms - Host latency: 5.03225 ms (end to end 5.04224 ms, enqueue 3.03518 ms)
[05/15/2026-02:23:15] [I] Average on 10 runs - GPU latency: 4.99065 ms - Host latency: 5.04873 ms (end to end 5.05852 ms, enqueue 2.69668 ms)
[05/15/2026-02:23:15] [I] Average on 10 runs - GPU latency: 5.00122 ms - Host latency: 5.05957 ms (end to end 5.06941 ms, enqueue 2.48921 ms)
[05/15/2026-02:23:15] [I] Average on 10 runs - GPU latency: 4.98416 ms - Host latency: 5.04253 ms (end to end 5.05242 ms, enqueue 2.59504 ms)
[05/15/2026-02:23:15] [I] Average on 10 runs - GPU latency: 4.96597 ms - Host latency: 5.02376 ms (end to end 5.03364 ms, enqueue 3.53435 ms)
[05/15/2026-02:23:15] [I] Average on 10 runs - GPU latency: 4.98484 ms - Host latency: 5.04341 ms (end to end 5.05327 ms, enqueue 2.78521 ms)
[05/15/2026-02:23:15] [I] Average on 10 runs - GPU latency: 4.97466 ms - Host latency: 5.03286 ms (end to end 5.04263 ms, enqueue 2.93027 ms)
[05/15/2026-02:23:15] [I] Average on 10 runs - GPU latency: 4.96545 ms - Host latency: 5.0229 ms (end to end 5.03274 ms, enqueue 3.17603 ms)
[05/15/2026-02:23:15] [I] Average on 10 runs - GPU latency: 4.95791 ms - Host latency: 5.0158 ms (end to end 5.02576 ms, enqueue 3.2125 ms)
[05/15/2026-02:23:15] [I] Average on 10 runs - GPU latency: 4.99241 ms - Host latency: 5.05034 ms (end to end 5.06042 ms, enqueue 2.78032 ms)
[05/15/2026-02:23:15] [I] Average on 10 runs - GPU latency: 4.9895 ms - Host latency: 5.04775 ms (end to end 5.05769 ms, enqueue 2.70432 ms)
[05/15/2026-02:23:15] [I] Average on 10 runs - GPU latency: 4.99338 ms - Host latency: 5.05159 ms (end to end 5.06152 ms, enqueue 2.64519 ms)
[05/15/2026-02:23:15] [I] Average on 10 runs - GPU latency: 5.00178 ms - Host latency: 5.05981 ms (end to end 5.06948 ms, enqueue 2.38621 ms)
[05/15/2026-02:23:15] [I] Average on 10 runs - GPU latency: 4.98765 ms - Host latency: 5.04587 ms (end to end 5.05579 ms, enqueue 2.71096 ms)
[05/15/2026-02:23:15] [I] Average on 10 runs - GPU latency: 4.98855 ms - Host latency: 5.04692 ms (end to end 5.05674 ms, enqueue 2.54075 ms)
[05/15/2026-02:23:15] [I] Average on 10 runs - GPU latency: 4.99419 ms - Host latency: 5.05244 ms (end to end 5.06243 ms, enqueue 2.60635 ms)
[05/15/2026-02:23:15] [I] Average on 10 runs - GPU latency: 4.97766 ms - Host latency: 5.0363 ms (end to end 5.04592 ms, enqueue 2.71865 ms)
[05/15/2026-02:23:15] [I] Average on 10 runs - GPU latency: 4.9728 ms - Host latency: 5.03088 ms (end to end 5.04072 ms, enqueue 3.14165 ms)
[05/15/2026-02:23:15] [I] Average on 10 runs - GPU latency: 4.97891 ms - Host latency: 5.03691 ms (end to end 5.04688 ms, enqueue 2.86416 ms)
[05/15/2026-02:23:15] [I] Average on 10 runs - GPU latency: 4.97769 ms - Host latency: 5.03604 ms (end to end 5.04595 ms, enqueue 2.85244 ms)
[05/15/2026-02:23:15] [I] Average on 10 runs - GPU latency: 4.97324 ms - Host latency: 5.03115 ms (end to end 5.04102 ms, enqueue 3.39243 ms)
[05/15/2026-02:23:15] [I] Average on 10 runs - GPU latency: 4.98369 ms - Host latency: 5.04189 ms (end to end 5.05156 ms, enqueue 3.04556 ms)
[05/15/2026-02:23:15] [I] Average on 10 runs - GPU latency: 4.96606 ms - Host latency: 5.02422 ms (end to end 5.03501 ms, enqueue 3.66147 ms)
[05/15/2026-02:23:15] [I] Average on 10 runs - GPU latency: 4.97866 ms - Host latency: 5.03701 ms (end to end 5.04663 ms, enqueue 2.87808 ms)
[05/15/2026-02:23:15] [I] Average on 10 runs - GPU latency: 4.97432 ms - Host latency: 5.03237 ms (end to end 5.04224 ms, enqueue 3.12432 ms)
[05/15/2026-02:23:15] [I] Average on 10 runs - GPU latency: 4.97007 ms - Host latency: 5.02837 ms (end to end 5.03804 ms, enqueue 3.20225 ms)
[05/15/2026-02:23:15] [I] Average on 10 runs - GPU latency: 4.99697 ms - Host latency: 5.05566 ms (end to end 5.06572 ms, enqueue 2.69316 ms)
[05/15/2026-02:23:15] [I] Average on 10 runs - GPU latency: 4.97559 ms - Host latency: 5.03364 ms (end to end 5.0436 ms, enqueue 3.01987 ms)
[05/15/2026-02:23:15] [I] Average on 10 runs - GPU latency: 4.96431 ms - Host latency: 5.02275 ms (end to end 5.03291 ms, enqueue 3.41245 ms)
[05/15/2026-02:23:15] [I] Average on 10 runs - GPU latency: 4.97051 ms - Host latency: 5.02866 ms (end to end 5.03857 ms, enqueue 3.15259 ms)
[05/15/2026-02:23:15] [I] Average on 10 runs - GPU latency: 4.97056 ms - Host latency: 5.02852 ms (end to end 5.03833 ms, enqueue 3.09814 ms)
[05/15/2026-02:23:15] [I] Average on 10 runs - GPU latency: 4.98623 ms - Host latency: 5.04414 ms (end to end 5.054 ms, enqueue 2.84336 ms)
[05/15/2026-02:23:15] [I] Average on 10 runs - GPU latency: 4.98491 ms - Host latency: 5.04326 ms (end to end 5.05269 ms, enqueue 2.77388 ms)
[05/15/2026-02:23:15] [I] Average on 10 runs - GPU latency: 4.98892 ms - Host latency: 5.04712 ms (end to end 5.05664 ms, enqueue 2.79429 ms)
[05/15/2026-02:23:15] [I] Average on 10 runs - GPU latency: 4.97813 ms - Host latency: 5.03628 ms (end to end 5.04604 ms, enqueue 2.95381 ms)
[05/15/2026-02:23:15] [I] Average on 10 runs - GPU latency: 4.98071 ms - Host latency: 5.03892 ms (end to end 5.04912 ms, enqueue 2.89863 ms)
[05/15/2026-02:23:15] [I] Average on 10 runs - GPU latency: 4.98789 ms - Host latency: 5.04604 ms (end to end 5.05581 ms, enqueue 2.86904 ms)
[05/15/2026-02:23:15] [I] Average on 10 runs - GPU latency: 4.99824 ms - Host latency: 5.05693 ms (end to end 5.0668 ms, enqueue 2.42231 ms)
[05/15/2026-02:23:15] [I] Average on 10 runs - GPU latency: 4.99487 ms - Host latency: 5.05337 ms (end to end 5.06323 ms, enqueue 2.75854 ms)
[05/15/2026-02:23:15] [I] Average on 10 runs - GPU latency: 4.97905 ms - Host latency: 5.03706 ms (end to end 5.04697 ms, enqueue 2.91348 ms)
[05/15/2026-02:23:15] [I] Average on 10 runs - GPU latency: 4.98164 ms - Host latency: 5.04043 ms (end to end 5.0502 ms, enqueue 3.05254 ms)
[05/15/2026-02:23:15] [I] Average on 10 runs - GPU latency: 4.9648 ms - Host latency: 5.02314 ms (end to end 5.03306 ms, enqueue 3.24507 ms)
[05/15/2026-02:23:15] [I] Average on 10 runs - GPU latency: 4.99985 ms - Host latency: 5.05825 ms (end to end 5.06812 ms, enqueue 2.55454 ms)
[05/15/2026-02:23:15] [I] Average on 10 runs - GPU latency: 4.99248 ms - Host latency: 5.05063 ms (end to end 5.06079 ms, enqueue 2.80381 ms)
[05/15/2026-02:23:15] [I] Average on 10 runs - GPU latency: 4.99824 ms - Host latency: 5.05645 ms (end to end 5.06606 ms, enqueue 2.57192 ms)
[05/15/2026-02:23:15] [I] Average on 10 runs - GPU latency: 4.97817 ms - Host latency: 5.03628 ms (end to end 5.04609 ms, enqueue 3.04619 ms)
[05/15/2026-02:23:15] [I] Average on 10 runs - GPU latency: 4.98809 ms - Host latency: 5.04624 ms (end to end 5.0561 ms, enqueue 2.94438 ms)
[05/15/2026-02:23:15] [I] Average on 10 runs - GPU latency: 4.99243 ms - Host latency: 5.05054 ms (end to end 5.06025 ms, enqueue 2.85859 ms)
[05/15/2026-02:23:15] [I] Average on 10 runs - GPU latency: 4.98345 ms - Host latency: 5.04131 ms (end to end 5.05117 ms, enqueue 2.95693 ms)
[05/15/2026-02:23:15] [I] Average on 10 runs - GPU latency: 4.9895 ms - Host latency: 5.04795 ms (end to end 5.05781 ms, enqueue 2.96299 ms)
[05/15/2026-02:23:15] [I] Average on 10 runs - GPU latency: 4.98354 ms - Host latency: 5.04165 ms (end to end 5.05147 ms, enqueue 2.97422 ms)
[05/15/2026-02:23:15] [I] Average on 10 runs - GPU latency: 5.09414 ms - Host latency: 5.15352 ms (end to end 5.20908 ms, enqueue 3.12871 ms)
[05/15/2026-02:23:15] [I] Average on 10 runs - GPU latency: 5.0064 ms - Host latency: 5.06543 ms (end to end 5.07524 ms, enqueue 3.16714 ms)
[05/15/2026-02:23:15] [I] Average on 10 runs - GPU latency: 5.01899 ms - Host latency: 5.0771 ms (end to end 5.08687 ms, enqueue 2.69556 ms)
[05/15/2026-02:23:15] [I] Average on 10 runs - GPU latency: 5.00371 ms - Host latency: 5.06221 ms (end to end 5.07212 ms, enqueue 3.02886 ms)
[05/15/2026-02:23:15] [I] Average on 10 runs - GPU latency: 5.01064 ms - Host latency: 5.0689 ms (end to end 5.07871 ms, enqueue 2.80347 ms)
[05/15/2026-02:23:15] [I] Average on 10 runs - GPU latency: 5.00874 ms - Host latency: 5.06704 ms (end to end 5.0769 ms, enqueue 3.00498 ms)
[05/15/2026-02:23:15] [I] Average on 10 runs - GPU latency: 4.99731 ms - Host latency: 5.05508 ms (end to end 5.06494 ms, enqueue 3.1668 ms)
[05/15/2026-02:23:15] [I] Average on 10 runs - GPU latency: 5.00879 ms - Host latency: 5.06748 ms (end to end 5.07725 ms, enqueue 2.8957 ms)
[05/15/2026-02:23:15] [I] Average on 10 runs - GPU latency: 5.07793 ms - Host latency: 5.13887 ms (end to end 5.14883 ms, enqueue 3.04888 ms)
[05/15/2026-02:23:15] [I] Average on 10 runs - GPU latency: 5.01597 ms - Host latency: 5.07432 ms (end to end 5.08384 ms, enqueue 2.87212 ms)
[05/15/2026-02:23:15] [I] Average on 10 runs - GPU latency: 4.99854 ms - Host latency: 5.05669 ms (end to end 5.06636 ms, enqueue 3.0311 ms)
[05/15/2026-02:23:15] [I] Average on 10 runs - GPU latency: 5.00254 ms - Host latency: 5.06079 ms (end to end 5.0707 ms, enqueue 2.84619 ms)
[05/15/2026-02:23:15] [I] Average on 10 runs - GPU latency: 5.0168 ms - Host latency: 5.07524 ms (end to end 5.08511 ms, enqueue 3.06167 ms)
[05/15/2026-02:23:15] [I] Average on 10 runs - GPU latency: 5.01567 ms - Host latency: 5.07373 ms (end to end 5.08354 ms, enqueue 2.72349 ms)
[05/15/2026-02:23:15] [I] Average on 10 runs - GPU latency: 4.99316 ms - Host latency: 5.05142 ms (end to end 5.06123 ms, enqueue 3.19404 ms)
[05/15/2026-02:23:15] [I] Average on 10 runs - GPU latency: 5.00952 ms - Host latency: 5.06777 ms (end to end 5.07754 ms, enqueue 2.81753 ms)
[05/15/2026-02:23:15] [I] Average on 10 runs - GPU latency: 5.02983 ms - Host latency: 5.08862 ms (end to end 5.09854 ms, enqueue 2.54863 ms)
[05/15/2026-02:23:15] [I] Average on 10 runs - GPU latency: 5.01841 ms - Host latency: 5.07671 ms (end to end 5.08652 ms, enqueue 2.73706 ms)
[05/15/2026-02:23:15] [I] Average on 10 runs - GPU latency: 5.01436 ms - Host latency: 5.07275 ms (end to end 5.08247 ms, enqueue 2.75605 ms)
[05/15/2026-02:23:15] [I] Average on 10 runs - GPU latency: 5.00171 ms - Host latency: 5.05996 ms (end to end 5.06973 ms, enqueue 3.14478 ms)
[05/15/2026-02:23:15] [I] Average on 10 runs - GPU latency: 5.00762 ms - Host latency: 5.06567 ms (end to end 5.07559 ms, enqueue 2.97793 ms)
[05/15/2026-02:23:15] [I] Average on 10 runs - GPU latency: 4.99819 ms - Host latency: 5.0561 ms (end to end 5.06597 ms, enqueue 3.11333 ms)
[05/15/2026-02:23:15] [I] Average on 10 runs - GPU latency: 5.0021 ms - Host latency: 5.06064 ms (end to end 5.07065 ms, enqueue 3.29692 ms)
[05/15/2026-02:23:15] [I] Average on 10 runs - GPU latency: 5.00083 ms - Host latency: 5.05874 ms (end to end 5.0687 ms, enqueue 2.99829 ms)
[05/15/2026-02:23:15] [I] Average on 10 runs - GPU latency: 4.98999 ms - Host latency: 5.04805 ms (end to end 5.05776 ms, enqueue 3.30938 ms)
[05/15/2026-02:23:15] [I] Average on 10 runs - GPU latency: 5.01475 ms - Host latency: 5.07285 ms (end to end 5.08281 ms, enqueue 3.02192 ms)
[05/15/2026-02:23:15] [I] Average on 10 runs - GPU latency: 4.99409 ms - Host latency: 5.05229 ms (end to end 5.06216 ms, enqueue 3.20522 ms)
[05/15/2026-02:23:15] [I] Average on 10 runs - GPU latency: 4.99751 ms - Host latency: 5.05605 ms (end to end 5.06587 ms, enqueue 3.32935 ms)
[05/15/2026-02:23:15] [I] Average on 10 runs - GPU latency: 5.01694 ms - Host latency: 5.07524 ms (end to end 5.08521 ms, enqueue 2.92148 ms)
[05/15/2026-02:23:15] [I] Average on 10 runs - GPU latency: 4.9856 ms - Host latency: 5.0438 ms (end to end 5.05317 ms, enqueue 3.27378 ms)
[05/15/2026-02:23:15] [I] Average on 10 runs - GPU latency: 4.99985 ms - Host latency: 5.05815 ms (end to end 5.06802 ms, enqueue 3.19995 ms)
[05/15/2026-02:23:15] [I] Average on 10 runs - GPU latency: 4.98721 ms - Host latency: 5.04492 ms (end to end 5.05464 ms, enqueue 3.38604 ms)
[05/15/2026-02:23:15] [I] Average on 10 runs - GPU latency: 5.00342 ms - Host latency: 5.06152 ms (end to end 5.07144 ms, enqueue 3.29893 ms)
[05/15/2026-02:23:15] [I] Average on 10 runs - GPU latency: 5.02495 ms - Host latency: 5.0835 ms (end to end 5.09351 ms, enqueue 2.73916 ms)
[05/15/2026-02:23:15] [I] Average on 10 runs - GPU latency: 5.00059 ms - Host latency: 5.05874 ms (end to end 5.06865 ms, enqueue 3.0854 ms)
[05/15/2026-02:23:15] [I] Average on 10 runs - GPU latency: 4.98813 ms - Host latency: 5.04614 ms (end to end 5.05581 ms, enqueue 3.33638 ms)
[05/15/2026-02:23:15] [I] Average on 10 runs - GPU latency: 4.99282 ms - Host latency: 5.05073 ms (end to end 5.06069 ms, enqueue 3.19258 ms)
[05/15/2026-02:23:15] [I] Average on 10 runs - GPU latency: 5.03071 ms - Host latency: 5.08896 ms (end to end 5.09873 ms, enqueue 2.53394 ms)
[05/15/2026-02:23:15] [I] Average on 10 runs - GPU latency: 5.03037 ms - Host latency: 5.08877 ms (end to end 5.09858 ms, enqueue 2.38657 ms)
[05/15/2026-02:23:15] [I] Average on 10 runs - GPU latency: 4.98848 ms - Host latency: 5.04629 ms (end to end 5.0562 ms, enqueue 3.16689 ms)
[05/15/2026-02:23:15] [I] Average on 10 runs - GPU latency: 4.9855 ms - Host latency: 5.04351 ms (end to end 5.05337 ms, enqueue 3.3085 ms)
[05/15/2026-02:23:15] [I] Average on 10 runs - GPU latency: 5.03101 ms - Host latency: 5.08945 ms (end to end 5.09946 ms, enqueue 2.45308 ms)
[05/15/2026-02:23:15] [I] Average on 10 runs - GPU latency: 5.03335 ms - Host latency: 5.0916 ms (end to end 5.10137 ms, enqueue 2.27813 ms)
[05/15/2026-02:23:15] [I] Average on 10 runs - GPU latency: 5.01445 ms - Host latency: 5.0729 ms (end to end 5.08237 ms, enqueue 2.69468 ms)
[05/15/2026-02:23:15] [I] Average on 10 runs - GPU latency: 5.00889 ms - Host latency: 5.06694 ms (end to end 5.07666 ms, enqueue 2.91924 ms)
[05/15/2026-02:23:15] [I] Average on 10 runs - GPU latency: 5.00977 ms - Host latency: 5.06812 ms (end to end 5.07778 ms, enqueue 2.72144 ms)
[05/15/2026-02:23:15] [I] Average on 10 runs - GPU latency: 5.03081 ms - Host latency: 5.08926 ms (end to end 5.09932 ms, enqueue 2.39785 ms)
[05/15/2026-02:23:15] [I] Average on 10 runs - GPU latency: 5.00161 ms - Host latency: 5.05986 ms (end to end 5.06987 ms, enqueue 2.93901 ms)
[05/15/2026-02:23:15] [I] Average on 10 runs - GPU latency: 5.01641 ms - Host latency: 5.0749 ms (end to end 5.08467 ms, enqueue 2.77041 ms)
[05/15/2026-02:23:15] [I] Average on 10 runs - GPU latency: 5.01582 ms - Host latency: 5.07422 ms (end to end 5.08408 ms, enqueue 2.74072 ms)
[05/15/2026-02:23:15] [I] Average on 10 runs - GPU latency: 5.00322 ms - Host latency: 5.06133 ms (end to end 5.07129 ms, enqueue 3.05762 ms)
[05/15/2026-02:23:15] [I] Average on 10 runs - GPU latency: 4.98848 ms - Host latency: 5.04648 ms (end to end 5.05645 ms, enqueue 3.2252 ms)
[05/15/2026-02:23:15] [I] Average on 10 runs - GPU latency: 5.0248 ms - Host latency: 5.08291 ms (end to end 5.09268 ms, enqueue 2.53213 ms)
[05/15/2026-02:23:15] [I] Average on 10 runs - GPU latency: 5.00273 ms - Host latency: 5.06094 ms (end to end 5.0707 ms, enqueue 2.95713 ms)
[05/15/2026-02:23:15] [I] Average on 10 runs - GPU latency: 5.01611 ms - Host latency: 5.07451 ms (end to end 5.08447 ms, enqueue 2.74238 ms)
[05/15/2026-02:23:15] [I] Average on 10 runs - GPU latency: 5.01377 ms - Host latency: 5.07188 ms (end to end 5.08203 ms, enqueue 2.61719 ms)
[05/15/2026-02:23:15] [I] Average on 10 runs - GPU latency: 5.02793 ms - Host latency: 5.08633 ms (end to end 5.09639 ms, enqueue 2.48545 ms)
[05/15/2026-02:23:15] [I] Average on 10 runs - GPU latency: 5.02109 ms - Host latency: 5.0793 ms (end to end 5.08848 ms, enqueue 2.50078 ms)
[05/15/2026-02:23:15] [I] Average on 10 runs - GPU latency: 5.02324 ms - Host latency: 5.08135 ms (end to end 5.09131 ms, enqueue 2.41865 ms)
[05/15/2026-02:23:15] [I] Average on 10 runs - GPU latency: 5.00996 ms - Host latency: 5.06895 ms (end to end 5.07832 ms, enqueue 2.90537 ms)
[05/15/2026-02:23:15] [I] Average on 10 runs - GPU latency: 5.02285 ms - Host latency: 5.0835 ms (end to end 5.09326 ms, enqueue 2.86504 ms)
[05/15/2026-02:23:15] [I] Average on 10 runs - GPU latency: 5.03369 ms - Host latency: 5.09219 ms (end to end 5.10225 ms, enqueue 2.62881 ms)
[05/15/2026-02:23:15] [I] Average on 10 runs - GPU latency: 5.19102 ms - Host latency: 5.25088 ms (end to end 5.37451 ms, enqueue 2.87539 ms)
[05/15/2026-02:23:15] [I] Average on 10 runs - GPU latency: 5.2834 ms - Host latency: 5.34268 ms (end to end 5.44268 ms, enqueue 2.69775 ms)
[05/15/2026-02:23:15] [I] Average on 10 runs - GPU latency: 5.26084 ms - Host latency: 5.32061 ms (end to end 5.45254 ms, enqueue 2.77246 ms)
[05/15/2026-02:23:15] [I] Average on 10 runs - GPU latency: 5.26885 ms - Host latency: 5.32891 ms (end to end 5.44199 ms, enqueue 2.72607 ms)
[05/15/2026-02:23:15] [I] Average on 10 runs - GPU latency: 5.03223 ms - Host latency: 5.09033 ms (end to end 5.0999 ms, enqueue 2.3623 ms)
[05/15/2026-02:23:15] [I] Average on 10 runs - GPU latency: 5.03779 ms - Host latency: 5.096 ms (end to end 5.10586 ms, enqueue 2.25244 ms)
[05/15/2026-02:23:15] [I] Average on 10 runs - GPU latency: 5.03359 ms - Host latency: 5.09131 ms (end to end 5.10156 ms, enqueue 2.22412 ms)
[05/15/2026-02:23:15] [I] Average on 10 runs - GPU latency: 5.02822 ms - Host latency: 5.08652 ms (end to end 5.09668 ms, enqueue 2.35527 ms)
[05/15/2026-02:23:15] [I] Average on 10 runs - GPU latency: 5.01211 ms - Host latency: 5.07061 ms (end to end 5.08027 ms, enqueue 2.72861 ms)
[05/15/2026-02:23:15] [I] Average on 10 runs - GPU latency: 5.01289 ms - Host latency: 5.07129 ms (end to end 5.08086 ms, enqueue 2.92617 ms)
[05/15/2026-02:23:15] [I] Average on 10 runs - GPU latency: 4.99687 ms - Host latency: 5.05488 ms (end to end 5.06445 ms, enqueue 3.25996 ms)
[05/15/2026-02:23:15] [I] Average on 10 runs - GPU latency: 5.01494 ms - Host latency: 5.07344 ms (end to end 5.0832 ms, enqueue 2.87803 ms)
[05/15/2026-02:23:15] [I] Average on 10 runs - GPU latency: 5.01826 ms - Host latency: 5.07686 ms (end to end 5.08652 ms, enqueue 2.74463 ms)
[05/15/2026-02:23:15] [I] Average on 10 runs - GPU latency: 4.99805 ms - Host latency: 5.05654 ms (end to end 5.0668 ms, enqueue 3.07305 ms)
[05/15/2026-02:23:15] [I] Average on 10 runs - GPU latency: 4.98984 ms - Host latency: 5.04775 ms (end to end 5.05742 ms, enqueue 3.34004 ms)
[05/15/2026-02:23:15] [I] Average on 10 runs - GPU latency: 5.00742 ms - Host latency: 5.06523 ms (end to end 5.07471 ms, enqueue 3.05605 ms)
[05/15/2026-02:23:15] [I] Average on 10 runs - GPU latency: 5.02754 ms - Host latency: 5.08564 ms (end to end 5.09531 ms, enqueue 2.44443 ms)
[05/15/2026-02:23:15] [I] Average on 10 runs - GPU latency: 5.08447 ms - Host latency: 5.14355 ms (end to end 5.16221 ms, enqueue 3.47842 ms)
[05/15/2026-02:23:15] [I] Average on 10 runs - GPU latency: 4.99844 ms - Host latency: 5.05654 ms (end to end 5.0666 ms, enqueue 3.26377 ms)
[05/15/2026-02:23:15] [I] Average on 10 runs - GPU latency: 5.00918 ms - Host latency: 5.06729 ms (end to end 5.07725 ms, enqueue 2.78877 ms)
[05/15/2026-02:23:15] [I] Average on 10 runs - GPU latency: 5.02607 ms - Host latency: 5.08486 ms (end to end 5.09424 ms, enqueue 2.45605 ms)
[05/15/2026-02:23:15] [I] Average on 10 runs - GPU latency: 5.01797 ms - Host latency: 5.07637 ms (end to end 5.08652 ms, enqueue 2.68291 ms)
[05/15/2026-02:23:15] [I] Average on 10 runs - GPU latency: 5.03291 ms - Host latency: 5.0916 ms (end to end 5.10166 ms, enqueue 2.43418 ms)
[05/15/2026-02:23:15] [I] Average on 10 runs - GPU latency: 5.00752 ms - Host latency: 5.06523 ms (end to end 5.07539 ms, enqueue 2.85615 ms)
[05/15/2026-02:23:15] [I] Average on 10 runs - GPU latency: 4.99199 ms - Host latency: 5.0499 ms (end to end 5.05937 ms, enqueue 3.37646 ms)
[05/15/2026-02:23:15] [I] Average on 10 runs - GPU latency: 4.99043 ms - Host latency: 5.04854 ms (end to end 5.0584 ms, enqueue 3.34697 ms)
[05/15/2026-02:23:15] [I] Average on 10 runs - GPU latency: 4.98242 ms - Host latency: 5.04092 ms (end to end 5.05029 ms, enqueue 3.35771 ms)
[05/15/2026-02:23:15] [I] Average on 10 runs - GPU latency: 4.98867 ms - Host latency: 5.04688 ms (end to end 5.05703 ms, enqueue 3.2623 ms)
[05/15/2026-02:23:15] [I] Average on 10 runs - GPU latency: 5.0332 ms - Host latency: 5.09199 ms (end to end 5.10156 ms, enqueue 2.42607 ms)
[05/15/2026-02:23:15] [I] Average on 10 runs - GPU latency: 5.02568 ms - Host latency: 5.08428 ms (end to end 5.09434 ms, enqueue 2.58906 ms)
[05/15/2026-02:23:15] [I] Average on 10 runs - GPU latency: 4.99707 ms - Host latency: 5.05547 ms (end to end 5.06533 ms, enqueue 3.08057 ms)
[05/15/2026-02:23:15] [I] Average on 10 runs - GPU latency: 4.99717 ms - Host latency: 5.05615 ms (end to end 5.06641 ms, enqueue 3.14326 ms)
[05/15/2026-02:23:15] [I] Average on 10 runs - GPU latency: 4.98848 ms - Host latency: 5.04629 ms (end to end 5.05645 ms, enqueue 3.52217 ms)
[05/15/2026-02:23:15] [I] Average on 10 runs - GPU latency: 5.02139 ms - Host latency: 5.08066 ms (end to end 5.09043 ms, enqueue 2.91797 ms)
[05/15/2026-02:23:15] [I] Average on 10 runs - GPU latency: 5.01504 ms - Host latency: 5.07344 ms (end to end 5.08311 ms, enqueue 2.67783 ms)
[05/15/2026-02:23:15] [I] Average on 10 runs - GPU latency: 5.00557 ms - Host latency: 5.06396 ms (end to end 5.07373 ms, enqueue 3.10127 ms)
[05/15/2026-02:23:15] [I] Average on 10 runs - GPU latency: 4.99365 ms - Host latency: 5.05147 ms (end to end 5.06133 ms, enqueue 3.3625 ms)
[05/15/2026-02:23:15] [I] Average on 10 runs - GPU latency: 5.05596 ms - Host latency: 5.11504 ms (end to end 5.17002 ms, enqueue 3.11875 ms)
[05/15/2026-02:23:15] [I] Average on 10 runs - GPU latency: 5.0166 ms - Host latency: 5.0752 ms (end to end 5.08496 ms, enqueue 2.92373 ms)
[05/15/2026-02:23:15] [I] Average on 10 runs - GPU latency: 4.99834 ms - Host latency: 5.05654 ms (end to end 5.06641 ms, enqueue 2.99014 ms)
[05/15/2026-02:23:15] [I] Average on 10 runs - GPU latency: 5.01211 ms - Host latency: 5.07031 ms (end to end 5.08037 ms, enqueue 3.01367 ms)
[05/15/2026-02:23:15] [I] Average on 10 runs - GPU latency: 5.01318 ms - Host latency: 5.07139 ms (end to end 5.08145 ms, enqueue 2.80312 ms)
[05/15/2026-02:23:15] [I] Average on 10 runs - GPU latency: 5.03408 ms - Host latency: 5.09238 ms (end to end 5.10254 ms, enqueue 2.41855 ms)
[05/15/2026-02:23:15] [I] Average on 10 runs - GPU latency: 5.01211 ms - Host latency: 5.07002 ms (end to end 5.08018 ms, enqueue 2.88164 ms)
[05/15/2026-02:23:15] [I] Average on 10 runs - GPU latency: 5.02061 ms - Host latency: 5.07852 ms (end to end 5.08828 ms, enqueue 2.60352 ms)
[05/15/2026-02:23:15] [I] Average on 10 runs - GPU latency: 5.0292 ms - Host latency: 5.0877 ms (end to end 5.09746 ms, enqueue 2.5001 ms)
[05/15/2026-02:23:15] [I] Average on 10 runs - GPU latency: 5.03242 ms - Host latency: 5.09082 ms (end to end 5.10049 ms, enqueue 2.49531 ms)
[05/15/2026-02:23:15] [I] Average on 10 runs - GPU latency: 5.02998 ms - Host latency: 5.08818 ms (end to end 5.09795 ms, enqueue 2.36104 ms)
[05/15/2026-02:23:15] [I] Average on 10 runs - GPU latency: 5.03027 ms - Host latency: 5.08926 ms (end to end 5.09893 ms, enqueue 2.32041 ms)
[05/15/2026-02:23:15] [I] Average on 10 runs - GPU latency: 5.01924 ms - Host latency: 5.07734 ms (end to end 5.08691 ms, enqueue 2.60469 ms)
[05/15/2026-02:23:15] [I] Average on 10 runs - GPU latency: 5.02139 ms - Host latency: 5.07939 ms (end to end 5.08965 ms, enqueue 2.70586 ms)
[05/15/2026-02:23:15] [I] Average on 10 runs - GPU latency: 5.00342 ms - Host latency: 5.06201 ms (end to end 5.07148 ms, enqueue 2.91055 ms)
[05/15/2026-02:23:15] [I] Average on 10 runs - GPU latency: 4.99922 ms - Host latency: 5.05771 ms (end to end 5.06777 ms, enqueue 3.20937 ms)
[05/15/2026-02:23:15] [I] Average on 10 runs - GPU latency: 5.01719 ms - Host latency: 5.07578 ms (end to end 5.08564 ms, enqueue 2.90146 ms)
[05/15/2026-02:23:15] [I] Average on 10 runs - GPU latency: 5.0082 ms - Host latency: 5.06729 ms (end to end 5.07705 ms, enqueue 2.99639 ms)
[05/15/2026-02:23:15] [I] Average on 10 runs - GPU latency: 4.99717 ms - Host latency: 5.05527 ms (end to end 5.06514 ms, enqueue 3.41475 ms)
[05/15/2026-02:23:15] [I] Average on 10 runs - GPU latency: 5.06885 ms - Host latency: 5.12725 ms (end to end 5.17803 ms, enqueue 2.92129 ms)
[05/15/2026-02:23:15] [I] Average on 10 runs - GPU latency: 5.00547 ms - Host latency: 5.06367 ms (end to end 5.07422 ms, enqueue 2.93271 ms)
[05/15/2026-02:23:15] [I] Average on 10 runs - GPU latency: 5.01787 ms - Host latency: 5.07686 ms (end to end 5.08652 ms, enqueue 2.88066 ms)
[05/15/2026-02:23:15] [I] Average on 10 runs - GPU latency: 5.0166 ms - Host latency: 5.0748 ms (end to end 5.08437 ms, enqueue 2.70225 ms)
[05/15/2026-02:23:15] [I] Average on 10 runs - GPU latency: 5.00684 ms - Host latency: 5.06504 ms (end to end 5.07461 ms, enqueue 2.69463 ms)
[05/15/2026-02:23:15] [I] Average on 10 runs - GPU latency: 4.99189 ms - Host latency: 5.05029 ms (end to end 5.05986 ms, enqueue 3.46406 ms)
[05/15/2026-02:23:15] [I] Average on 10 runs - GPU latency: 4.99199 ms - Host latency: 5.0501 ms (end to end 5.06025 ms, enqueue 3.48037 ms)
[05/15/2026-02:23:15] [I] Average on 10 runs - GPU latency: 4.9999 ms - Host latency: 5.05869 ms (end to end 5.06846 ms, enqueue 3.25801 ms)
[05/15/2026-02:23:15] [I] Average on 10 runs - GPU latency: 5.01631 ms - Host latency: 5.07539 ms (end to end 5.08516 ms, enqueue 2.89932 ms)
[05/15/2026-02:23:15] [I] Average on 10 runs - GPU latency: 5.01621 ms - Host latency: 5.07461 ms (end to end 5.08457 ms, enqueue 2.75723 ms)
[05/15/2026-02:23:15] [I] Average on 10 runs - GPU latency: 5.02305 ms - Host latency: 5.08145 ms (end to end 5.09082 ms, enqueue 2.56055 ms)
[05/15/2026-02:23:15] [I] Average on 10 runs - GPU latency: 5.01045 ms - Host latency: 5.06865 ms (end to end 5.07861 ms, enqueue 2.91748 ms)
[05/15/2026-02:23:15] [I] Average on 10 runs - GPU latency: 4.99893 ms - Host latency: 5.05732 ms (end to end 5.06797 ms, enqueue 3.14775 ms)
[05/15/2026-02:23:15] [I] Average on 10 runs - GPU latency: 5.00732 ms - Host latency: 5.06602 ms (end to end 5.07588 ms, enqueue 3.0626 ms)
[05/15/2026-02:23:15] [I] Average on 10 runs - GPU latency: 4.9959 ms - Host latency: 5.05469 ms (end to end 5.06436 ms, enqueue 3.09355 ms)
[05/15/2026-02:23:15] [I] Average on 10 runs - GPU latency: 4.9999 ms - Host latency: 5.05791 ms (end to end 5.06875 ms, enqueue 3.31338 ms)
[05/15/2026-02:23:15] [I] Average on 10 runs - GPU latency: 5.00752 ms - Host latency: 5.06553 ms (end to end 5.07549 ms, enqueue 2.92139 ms)
[05/15/2026-02:23:15] [I] Average on 10 runs - GPU latency: 5.02119 ms - Host latency: 5.07969 ms (end to end 5.08926 ms, enqueue 2.57422 ms)
[05/15/2026-02:23:15] [I] Average on 10 runs - GPU latency: 5.03281 ms - Host latency: 5.09131 ms (end to end 5.10107 ms, enqueue 2.43936 ms)
[05/15/2026-02:23:15] [I] Average on 10 runs - GPU latency: 5.03174 ms - Host latency: 5.09004 ms (end to end 5.1001 ms, enqueue 2.44072 ms)
[05/15/2026-02:23:15] [I] Average on 10 runs - GPU latency: 5.09883 ms - Host latency: 5.15762 ms (end to end 5.17871 ms, enqueue 3.16611 ms)
[05/15/2026-02:23:15] [I] Average on 10 runs - GPU latency: 4.99443 ms - Host latency: 5.05293 ms (end to end 5.06318 ms, enqueue 3.19648 ms)
[05/15/2026-02:23:15] [I] Average on 10 runs - GPU latency: 5.01826 ms - Host latency: 5.07666 ms (end to end 5.08623 ms, enqueue 2.6873 ms)
[05/15/2026-02:23:15] [I] Average on 10 runs - GPU latency: 4.99443 ms - Host latency: 5.05254 ms (end to end 5.0624 ms, enqueue 3.44375 ms)
[05/15/2026-02:23:15] [I] Average on 10 runs - GPU latency: 4.98262 ms - Host latency: 5.04111 ms (end to end 5.05107 ms, enqueue 3.36611 ms)
[05/15/2026-02:23:15] [I] Average on 10 runs - GPU latency: 4.99268 ms - Host latency: 5.05107 ms (end to end 5.06084 ms, enqueue 3.25586 ms)
[05/15/2026-02:23:15] [I] Average on 10 runs - GPU latency: 5.01338 ms - Host latency: 5.07178 ms (end to end 5.08174 ms, enqueue 2.85479 ms)
[05/15/2026-02:23:15] [I] Average on 10 runs - GPU latency: 5.0248 ms - Host latency: 5.0832 ms (end to end 5.09297 ms, enqueue 2.46367 ms)
[05/15/2026-02:23:15] [I] Average on 10 runs - GPU latency: 5.01924 ms - Host latency: 5.07725 ms (end to end 5.0873 ms, enqueue 2.76377 ms)
[05/15/2026-02:23:15] [I] Average on 10 runs - GPU latency: 5.01494 ms - Host latency: 5.07383 ms (end to end 5.08389 ms, enqueue 2.88232 ms)
[05/15/2026-02:23:15] [I] Average on 10 runs - GPU latency: 4.99443 ms - Host latency: 5.05264 ms (end to end 5.0624 ms, enqueue 3.29941 ms)
[05/15/2026-02:23:15] [I] Average on 10 runs - GPU latency: 4.9918 ms - Host latency: 5.0502 ms (end to end 5.06006 ms, enqueue 3.36943 ms)
[05/15/2026-02:23:15] [I] Average on 10 runs - GPU latency: 4.9873 ms - Host latency: 5.04521 ms (end to end 5.05479 ms, enqueue 3.34658 ms)
[05/15/2026-02:23:15] [I] Average on 10 runs - GPU latency: 5.00039 ms - Host latency: 5.05859 ms (end to end 5.06846 ms, enqueue 3.07158 ms)
[05/15/2026-02:23:15] [I] Average on 10 runs - GPU latency: 4.9835 ms - Host latency: 5.04238 ms (end to end 5.05234 ms, enqueue 3.6335 ms)
[05/15/2026-02:23:15] [I] Average on 10 runs - GPU latency: 4.99746 ms - Host latency: 5.05527 ms (end to end 5.06514 ms, enqueue 3.33965 ms)
[05/15/2026-02:23:15] [I] Average on 10 runs - GPU latency: 5.01133 ms - Host latency: 5.06953 ms (end to end 5.07988 ms, enqueue 2.89961 ms)
[05/15/2026-02:23:15] [I] Average on 10 runs - GPU latency: 5.03018 ms - Host latency: 5.08809 ms (end to end 5.09814 ms, enqueue 2.2751 ms)
[05/15/2026-02:23:15] [I] Average on 10 runs - GPU latency: 5.01875 ms - Host latency: 5.07725 ms (end to end 5.08711 ms, enqueue 2.61104 ms)
[05/15/2026-02:23:15] [I] Average on 10 runs - GPU latency: 5.01103 ms - Host latency: 5.06934 ms (end to end 5.0793 ms, enqueue 2.8916 ms)
[05/15/2026-02:23:15] [I] Average on 10 runs - GPU latency: 5.10811 ms - Host latency: 5.16699 ms (end to end 5.18643 ms, enqueue 2.85918 ms)
[05/15/2026-02:23:15] [I] Average on 10 runs - GPU latency: 4.99141 ms - Host latency: 5.04902 ms (end to end 5.0583 ms, enqueue 3.1835 ms)
[05/15/2026-02:23:15] [I] Average on 10 runs - GPU latency: 5.0082 ms - Host latency: 5.0666 ms (end to end 5.07646 ms, enqueue 3.26465 ms)
[05/15/2026-02:23:15] [I] Average on 10 runs - GPU latency: 5.01172 ms - Host latency: 5.07041 ms (end to end 5.08018 ms, enqueue 3.06035 ms)
[05/15/2026-02:23:15] [I] Average on 10 runs - GPU latency: 4.99678 ms - Host latency: 5.05547 ms (end to end 5.06572 ms, enqueue 3.39062 ms)
[05/15/2026-02:23:15] [I] Average on 10 runs - GPU latency: 5.00547 ms - Host latency: 5.06348 ms (end to end 5.07334 ms, enqueue 3.02979 ms)
[05/15/2026-02:23:15] [I] Average on 10 runs - GPU latency: 5.00127 ms - Host latency: 5.05928 ms (end to end 5.06934 ms, enqueue 3.22598 ms)
[05/15/2026-02:23:15] [I] Average on 10 runs - GPU latency: 5.0207 ms - Host latency: 5.07881 ms (end to end 5.08867 ms, enqueue 2.55928 ms)
[05/15/2026-02:23:15] [I] Average on 10 runs - GPU latency: 5.00088 ms - Host latency: 5.05879 ms (end to end 5.06865 ms, enqueue 3.17646 ms)
[05/15/2026-02:23:15] [I] Average on 10 runs - GPU latency: 4.99551 ms - Host latency: 5.05391 ms (end to end 5.06465 ms, enqueue 3.21221 ms)
[05/15/2026-02:23:15] [I] Average on 10 runs - GPU latency: 5.00947 ms - Host latency: 5.06748 ms (end to end 5.07725 ms, enqueue 2.91357 ms)
[05/15/2026-02:23:15] [I] Average on 10 runs - GPU latency: 5.00254 ms - Host latency: 5.06074 ms (end to end 5.07041 ms, enqueue 3.13203 ms)
[05/15/2026-02:23:15] [I] Average on 10 runs - GPU latency: 4.99336 ms - Host latency: 5.05176 ms (end to end 5.06172 ms, enqueue 3.18564 ms)
[05/15/2026-02:23:15] [I] Average on 10 runs - GPU latency: 5.00947 ms - Host latency: 5.06777 ms (end to end 5.07744 ms, enqueue 3.18076 ms)
[05/15/2026-02:23:15] [I] Average on 10 runs - GPU latency: 4.99307 ms - Host latency: 5.05137 ms (end to end 5.06113 ms, enqueue 3.26758 ms)
[05/15/2026-02:23:15] [I] Average on 10 runs - GPU latency: 5.00508 ms - Host latency: 5.06289 ms (end to end 5.07275 ms, enqueue 3.17852 ms)
[05/15/2026-02:23:15] [I] Average on 10 runs - GPU latency: 4.99795 ms - Host latency: 5.05596 ms (end to end 5.06602 ms, enqueue 3.22285 ms)
[05/15/2026-02:23:15] [I] Average on 10 runs - GPU latency: 5.00088 ms - Host latency: 5.05889 ms (end to end 5.06865 ms, enqueue 3.14014 ms)
[05/15/2026-02:23:15] [I] Average on 10 runs - GPU latency: 4.99072 ms - Host latency: 5.04883 ms (end to end 5.0583 ms, enqueue 3.346 ms)
[05/15/2026-02:23:15] [I] Average on 10 runs - GPU latency: 5.03721 ms - Host latency: 5.09521 ms (end to end 5.11465 ms, enqueue 3.33555 ms)
[05/15/2026-02:23:15] [I] Average on 10 runs - GPU latency: 5.05186 ms - Host latency: 5.11055 ms (end to end 5.12168 ms, enqueue 2.92969 ms)
[05/15/2026-02:23:15] [I] Average on 10 runs - GPU latency: 5.00791 ms - Host latency: 5.06611 ms (end to end 5.07617 ms, enqueue 2.98301 ms)
[05/15/2026-02:23:15] [I] Average on 10 runs - GPU latency: 4.99951 ms - Host latency: 5.05781 ms (end to end 5.06699 ms, enqueue 3.09434 ms)
[05/15/2026-02:23:15] [I] Average on 10 runs - GPU latency: 5.0083 ms - Host latency: 5.0665 ms (end to end 5.07637 ms, enqueue 2.91455 ms)
[05/15/2026-02:23:15] [I] Average on 10 runs - GPU latency: 5.00273 ms - Host latency: 5.06133 ms (end to end 5.07129 ms, enqueue 3.24814 ms)
[05/15/2026-02:23:15] [I] Average on 10 runs - GPU latency: 5.01123 ms - Host latency: 5.06992 ms (end to end 5.07979 ms, enqueue 2.89824 ms)
[05/15/2026-02:23:15] [I] Average on 10 runs - GPU latency: 5.03545 ms - Host latency: 5.09473 ms (end to end 5.10439 ms, enqueue 2.76699 ms)
[05/15/2026-02:23:15] [I] Average on 10 runs - GPU latency: 5.02783 ms - Host latency: 5.08633 ms (end to end 5.09639 ms, enqueue 2.43652 ms)
[05/15/2026-02:23:15] [I] Average on 10 runs - GPU latency: 5.0082 ms - Host latency: 5.0666 ms (end to end 5.07637 ms, enqueue 2.7043 ms)
[05/15/2026-02:23:15] [I] Average on 10 runs - GPU latency: 5.01221 ms - Host latency: 5.07061 ms (end to end 5.08018 ms, enqueue 2.73945 ms)
[05/15/2026-02:23:15] [I] Average on 10 runs - GPU latency: 5.03369 ms - Host latency: 5.09199 ms (end to end 5.10195 ms, enqueue 2.33623 ms)
[05/15/2026-02:23:15] [I] Average on 10 runs - GPU latency: 5.00898 ms - Host latency: 5.06719 ms (end to end 5.07715 ms, enqueue 2.94951 ms)
[05/15/2026-02:23:15] [I] Average on 10 runs - GPU latency: 5.00068 ms - Host latency: 5.05869 ms (end to end 5.06895 ms, enqueue 3.1709 ms)
[05/15/2026-02:23:15] [I] Average on 10 runs - GPU latency: 5.00742 ms - Host latency: 5.06572 ms (end to end 5.07559 ms, enqueue 3.09863 ms)
[05/15/2026-02:23:15] [I] Average on 10 runs - GPU latency: 5.00801 ms - Host latency: 5.06621 ms (end to end 5.07598 ms, enqueue 3.10225 ms)
[05/15/2026-02:23:15] [I] Average on 10 runs - GPU latency: 5.00566 ms - Host latency: 5.06387 ms (end to end 5.07353 ms, enqueue 2.91455 ms)
[05/15/2026-02:23:15] [I] Average on 10 runs - GPU latency: 5.00879 ms - Host latency: 5.06699 ms (end to end 5.07705 ms, enqueue 2.84443 ms)
[05/15/2026-02:23:15] [I] Average on 10 runs - GPU latency: 5.02129 ms - Host latency: 5.07998 ms (end to end 5.08945 ms, enqueue 2.54844 ms)
[05/15/2026-02:23:15] [I] Average on 10 runs - GPU latency: 5.01836 ms - Host latency: 5.07656 ms (end to end 5.08643 ms, enqueue 2.81074 ms)
[05/15/2026-02:23:15] [I] Average on 10 runs - GPU latency: 5.09209 ms - Host latency: 5.15049 ms (end to end 5.18096 ms, enqueue 3.17666 ms)
[05/15/2026-02:23:15] [I] Average on 10 runs - GPU latency: 5.01172 ms - Host latency: 5.07021 ms (end to end 5.07959 ms, enqueue 2.77373 ms)
[05/15/2026-02:23:15] [I] Average on 10 runs - GPU latency: 5.02275 ms - Host latency: 5.08086 ms (end to end 5.09092 ms, enqueue 2.4748 ms)
[05/15/2026-02:23:15] [I] Average on 10 runs - GPU latency: 5.02861 ms - Host latency: 5.08701 ms (end to end 5.09717 ms, enqueue 2.32471 ms)
[05/15/2026-02:23:15] [I] Average on 10 runs - GPU latency: 5.02588 ms - Host latency: 5.08447 ms (end to end 5.09404 ms, enqueue 2.44688 ms)
[05/15/2026-02:23:15] [I] Average on 10 runs - GPU latency: 4.98936 ms - Host latency: 5.04756 ms (end to end 5.05713 ms, enqueue 3.26387 ms)
[05/15/2026-02:23:15] [I] Average on 10 runs - GPU latency: 4.97783 ms - Host latency: 5.03613 ms (end to end 5.04707 ms, enqueue 3.64404 ms)
[05/15/2026-02:23:15] [I] Average on 10 runs - GPU latency: 4.99102 ms - Host latency: 5.04912 ms (end to end 5.05869 ms, enqueue 3.48379 ms)
[05/15/2026-02:23:15] [I] Average on 10 runs - GPU latency: 4.99922 ms - Host latency: 5.0582 ms (end to end 5.06943 ms, enqueue 3.29619 ms)
[05/15/2026-02:23:15] [I] Average on 10 runs - GPU latency: 5.00928 ms - Host latency: 5.06729 ms (end to end 5.07686 ms, enqueue 2.71396 ms)
[05/15/2026-02:23:15] [I] Average on 10 runs - GPU latency: 5.01846 ms - Host latency: 5.07666 ms (end to end 5.08652 ms, enqueue 2.66855 ms)
[05/15/2026-02:23:15] [I] Average on 10 runs - GPU latency: 5.02578 ms - Host latency: 5.08369 ms (end to end 5.09365 ms, enqueue 2.42441 ms)
[05/15/2026-02:23:15] [I] Average on 10 runs - GPU latency: 5.03418 ms - Host latency: 5.09199 ms (end to end 5.10156 ms, enqueue 2.35371 ms)
[05/15/2026-02:23:15] [I] Average on 10 runs - GPU latency: 5.03223 ms - Host latency: 5.09102 ms (end to end 5.1002 ms, enqueue 2.28145 ms)
[05/15/2026-02:23:15] [I] Average on 10 runs - GPU latency: 5.01738 ms - Host latency: 5.07637 ms (end to end 5.08613 ms, enqueue 2.62988 ms)
[05/15/2026-02:23:15] [I] Average on 10 runs - GPU latency: 5.01016 ms - Host latency: 5.06816 ms (end to end 5.07832 ms, enqueue 2.73086 ms)
[05/15/2026-02:23:15] [I] Average on 10 runs - GPU latency: 4.98633 ms - Host latency: 5.04453 ms (end to end 5.0541 ms, enqueue 3.41895 ms)
[05/15/2026-02:23:15] [I] Average on 10 runs - GPU latency: 4.99609 ms - Host latency: 5.05391 ms (end to end 5.06445 ms, enqueue 3.60762 ms)
[05/15/2026-02:23:15] [I] Average on 10 runs - GPU latency: 4.98633 ms - Host latency: 5.04414 ms (end to end 5.0541 ms, enqueue 3.21602 ms)
[05/15/2026-02:23:15] [I] Average on 10 runs - GPU latency: 5.01777 ms - Host latency: 5.07598 ms (end to end 5.08535 ms, enqueue 3.07383 ms)
[05/15/2026-02:23:15] [I] Average on 10 runs - GPU latency: 5.09648 ms - Host latency: 5.15547 ms (end to end 5.17578 ms, enqueue 2.95703 ms)
[05/15/2026-02:23:15] [I] Average on 10 runs - GPU latency: 5.00625 ms - Host latency: 5.06465 ms (end to end 5.07402 ms, enqueue 2.92773 ms)
[05/15/2026-02:23:15] [I] Average on 10 runs - GPU latency: 4.99941 ms - Host latency: 5.05703 ms (end to end 5.06758 ms, enqueue 3.26895 ms)
[05/15/2026-02:23:15] [I] Average on 10 runs - GPU latency: 5.0168 ms - Host latency: 5.07422 ms (end to end 5.08437 ms, enqueue 2.93438 ms)
[05/15/2026-02:23:15] [I] Average on 10 runs - GPU latency: 4.99941 ms - Host latency: 5.05723 ms (end to end 5.06758 ms, enqueue 3.33848 ms)
[05/15/2026-02:23:15] [I] Average on 10 runs - GPU latency: 4.99961 ms - Host latency: 5.05762 ms (end to end 5.06738 ms, enqueue 2.87617 ms)
[05/15/2026-02:23:15] [I] Average on 10 runs - GPU latency: 4.99668 ms - Host latency: 5.0543 ms (end to end 5.06387 ms, enqueue 3.33574 ms)
[05/15/2026-02:23:15] [I] Average on 10 runs - GPU latency: 5.02031 ms - Host latency: 5.07852 ms (end to end 5.08828 ms, enqueue 2.80684 ms)
[05/15/2026-02:23:15] [I] Average on 10 runs - GPU latency: 5.0248 ms - Host latency: 5.08301 ms (end to end 5.09219 ms, enqueue 2.6752 ms)
[05/15/2026-02:23:15] [I] Average on 10 runs - GPU latency: 4.98945 ms - Host latency: 5.04766 ms (end to end 5.05723 ms, enqueue 3.26504 ms)
[05/15/2026-02:23:15] [I] Average on 10 runs - GPU latency: 5.00547 ms - Host latency: 5.06387 ms (end to end 5.07383 ms, enqueue 3.0957 ms)
[05/15/2026-02:23:15] [I] Average on 10 runs - GPU latency: 4.98965 ms - Host latency: 5.04824 ms (end to end 5.05801 ms, enqueue 3.42539 ms)
[05/15/2026-02:23:15] [I] Average on 10 runs - GPU latency: 4.99766 ms - Host latency: 5.05605 ms (end to end 5.06563 ms, enqueue 3.08965 ms)
[05/15/2026-02:23:15] [I] Average on 10 runs - GPU latency: 4.99766 ms - Host latency: 5.05547 ms (end to end 5.0666 ms, enqueue 3.23164 ms)
[05/15/2026-02:23:15] [I] Average on 10 runs - GPU latency: 5.01211 ms - Host latency: 5.07031 ms (end to end 5.08105 ms, enqueue 3.07676 ms)
[05/15/2026-02:23:15] [I] Average on 10 runs - GPU latency: 5.00059 ms - Host latency: 5.05879 ms (end to end 5.06875 ms, enqueue 3.19004 ms)
[05/15/2026-02:23:15] [I] Average on 10 runs - GPU latency: 5.02832 ms - Host latency: 5.08672 ms (end to end 5.09668 ms, enqueue 2.36504 ms)
[05/15/2026-02:23:15] [I] Average on 10 runs - GPU latency: 5.00527 ms - Host latency: 5.06367 ms (end to end 5.07363 ms, enqueue 3.04844 ms)
[05/15/2026-02:23:15] [I] Average on 10 runs - GPU latency: 5.00273 ms - Host latency: 5.06094 ms (end to end 5.07051 ms, enqueue 2.98242 ms)
[05/15/2026-02:23:15] [I] Average on 10 runs - GPU latency: 4.99395 ms - Host latency: 5.05176 ms (end to end 5.06211 ms, enqueue 3.23691 ms)
[05/15/2026-02:23:15] [I] Average on 10 runs - GPU latency: 5.05957 ms - Host latency: 5.11797 ms (end to end 5.16914 ms, enqueue 3.14961 ms)
[05/15/2026-02:23:15] [I] Average on 10 runs - GPU latency: 5.00313 ms - Host latency: 5.06172 ms (end to end 5.07168 ms, enqueue 3.09004 ms)
[05/15/2026-02:23:15] [I] Average on 10 runs - GPU latency: 4.99453 ms - Host latency: 5.05312 ms (end to end 5.06289 ms, enqueue 3.32695 ms)
[05/15/2026-02:23:15] [I] Average on 10 runs - GPU latency: 4.98438 ms - Host latency: 5.04297 ms (end to end 5.05352 ms, enqueue 3.5918 ms)
[05/15/2026-02:23:15] [I] Average on 10 runs - GPU latency: 4.99316 ms - Host latency: 5.05059 ms (end to end 5.06055 ms, enqueue 3.32148 ms)
[05/15/2026-02:23:15] [I] Average on 10 runs - GPU latency: 4.9834 ms - Host latency: 5.04141 ms (end to end 5.05117 ms, enqueue 3.40742 ms)
[05/15/2026-02:23:15] [I] Average on 10 runs - GPU latency: 4.98945 ms - Host latency: 5.04785 ms (end to end 5.05762 ms, enqueue 3.25391 ms)
[05/15/2026-02:23:15] [I] Average on 10 runs - GPU latency: 4.99492 ms - Host latency: 5.05293 ms (end to end 5.0625 ms, enqueue 3.20527 ms)
[05/15/2026-02:23:15] [I] Average on 10 runs - GPU latency: 4.98633 ms - Host latency: 5.04492 ms (end to end 5.05488 ms, enqueue 3.25254 ms)
[05/15/2026-02:23:15] [I] Average on 10 runs - GPU latency: 5.01621 ms - Host latency: 5.07383 ms (end to end 5.0832 ms, enqueue 2.84453 ms)
[05/15/2026-02:23:15] [I] Average on 10 runs - GPU latency: 5.0166 ms - Host latency: 5.07559 ms (end to end 5.08535 ms, enqueue 2.56035 ms)
[05/15/2026-02:23:15] [I] Average on 10 runs - GPU latency: 4.99609 ms - Host latency: 5.0541 ms (end to end 5.06426 ms, enqueue 3.01738 ms)
[05/15/2026-02:23:15] [I] Average on 10 runs - GPU latency: 4.99062 ms - Host latency: 5.04863 ms (end to end 5.05879 ms, enqueue 3.29219 ms)
[05/15/2026-02:23:15] [I] Average on 10 runs - GPU latency: 5.00605 ms - Host latency: 5.06387 ms (end to end 5.07402 ms, enqueue 3.05547 ms)
[05/15/2026-02:23:15] [I] Average on 10 runs - GPU latency: 5.02832 ms - Host latency: 5.08652 ms (end to end 5.09648 ms, enqueue 2.42715 ms)
[05/15/2026-02:23:15] [I] Average on 10 runs - GPU latency: 5.01191 ms - Host latency: 5.07012 ms (end to end 5.08008 ms, enqueue 2.7416 ms)
[05/15/2026-02:23:15] [I] Average on 10 runs - GPU latency: 5.01836 ms - Host latency: 5.07676 ms (end to end 5.08691 ms, enqueue 2.70605 ms)
[05/15/2026-02:23:15] [I] Average on 10 runs - GPU latency: 4.9959 ms - Host latency: 5.05391 ms (end to end 5.06328 ms, enqueue 3.13223 ms)
[05/15/2026-02:23:15] [I] Average on 10 runs - GPU latency: 5.00801 ms - Host latency: 5.06523 ms (end to end 5.07559 ms, enqueue 3.04375 ms)
[05/15/2026-02:23:15] [I] Average on 10 runs - GPU latency: 5.05605 ms - Host latency: 5.11445 ms (end to end 5.17012 ms, enqueue 2.92598 ms)
[05/15/2026-02:23:15] [I] Average on 10 runs - GPU latency: 5.01074 ms - Host latency: 5.06836 ms (end to end 5.07793 ms, enqueue 2.81777 ms)
[05/15/2026-02:23:15] [I] Average on 10 runs - GPU latency: 5.00078 ms - Host latency: 5.05879 ms (end to end 5.06895 ms, enqueue 2.99355 ms)
[05/15/2026-02:23:15] [I] Average on 10 runs - GPU latency: 5.00039 ms - Host latency: 5.0584 ms (end to end 5.06816 ms, enqueue 3.1002 ms)
[05/15/2026-02:23:15] [I] Average on 10 runs - GPU latency: 4.9998 ms - Host latency: 5.0584 ms (end to end 5.06816 ms, enqueue 3.24883 ms)
[05/15/2026-02:23:15] [I] Average on 10 runs - GPU latency: 5.00527 ms - Host latency: 5.06309 ms (end to end 5.07285 ms, enqueue 3.14531 ms)
[05/15/2026-02:23:15] [I] Average on 10 runs - GPU latency: 5.00488 ms - Host latency: 5.06348 ms (end to end 5.07305 ms, enqueue 2.9957 ms)
[05/15/2026-02:23:15] [I] Average on 10 runs - GPU latency: 5.00898 ms - Host latency: 5.06738 ms (end to end 5.07754 ms, enqueue 2.96133 ms)
[05/15/2026-02:23:15] [I] Average on 10 runs - GPU latency: 5.01445 ms - Host latency: 5.07227 ms (end to end 5.08184 ms, enqueue 2.83184 ms)
[05/15/2026-02:23:15] [I] Average on 10 runs - GPU latency: 5.0168 ms - Host latency: 5.07598 ms (end to end 5.08574 ms, enqueue 2.68262 ms)
[05/15/2026-02:23:15] [I] Average on 10 runs - GPU latency: 5.02852 ms - Host latency: 5.08691 ms (end to end 5.09648 ms, enqueue 2.31152 ms)
[05/15/2026-02:23:15] [I] Average on 10 runs - GPU latency: 4.98867 ms - Host latency: 5.04707 ms (end to end 5.05684 ms, enqueue 3.28926 ms)
[05/15/2026-02:23:15] [I] Average on 10 runs - GPU latency: 5.01289 ms - Host latency: 5.07168 ms (end to end 5.08164 ms, enqueue 2.73047 ms)
[05/15/2026-02:23:15] [I] Average on 10 runs - GPU latency: 5.0248 ms - Host latency: 5.08359 ms (end to end 5.09336 ms, enqueue 2.61816 ms)
[05/15/2026-02:23:15] [I] Average on 10 runs - GPU latency: 5.00645 ms - Host latency: 5.06543 ms (end to end 5.0752 ms, enqueue 3.03164 ms)
[05/15/2026-02:23:15] [I] Average on 10 runs - GPU latency: 5.02305 ms - Host latency: 5.08027 ms (end to end 5.09082 ms, enqueue 2.70469 ms)
[05/15/2026-02:23:15] [I] Average on 10 runs - GPU latency: 5.01406 ms - Host latency: 5.07148 ms (end to end 5.08164 ms, enqueue 2.85469 ms)
[05/15/2026-02:23:15] [I] Average on 10 runs - GPU latency: 4.99707 ms - Host latency: 5.05488 ms (end to end 5.06387 ms, enqueue 3.17812 ms)
[05/15/2026-02:23:15] [I] Average on 10 runs - GPU latency: 5.02383 ms - Host latency: 5.08262 ms (end to end 5.09199 ms, enqueue 2.63789 ms)
[05/15/2026-02:23:15] [I] Average on 10 runs - GPU latency: 5.00977 ms - Host latency: 5.06797 ms (end to end 5.07754 ms, enqueue 2.82656 ms)
[05/15/2026-02:23:15] [I] Average on 10 runs - GPU latency: 5.11445 ms - Host latency: 5.17305 ms (end to end 5.19316 ms, enqueue 2.69375 ms)
[05/15/2026-02:23:15] [I] Average on 10 runs - GPU latency: 5.0123 ms - Host latency: 5.0707 ms (end to end 5.08125 ms, enqueue 2.85234 ms)
[05/15/2026-02:23:15] [I] Average on 10 runs - GPU latency: 4.99844 ms - Host latency: 5.05664 ms (end to end 5.06602 ms, enqueue 3.31172 ms)
[05/15/2026-02:23:15] [I] Average on 10 runs - GPU latency: 5.00469 ms - Host latency: 5.06367 ms (end to end 5.07305 ms, enqueue 3.15996 ms)
[05/15/2026-02:23:15] [I] Average on 10 runs - GPU latency: 5.00742 ms - Host latency: 5.06602 ms (end to end 5.07559 ms, enqueue 2.85898 ms)
[05/15/2026-02:23:15] [I] Average on 10 runs - GPU latency: 5.00527 ms - Host latency: 5.06309 ms (end to end 5.07266 ms, enqueue 2.8957 ms)
[05/15/2026-02:23:15] [I] Average on 10 runs - GPU latency: 5.00293 ms - Host latency: 5.06113 ms (end to end 5.07051 ms, enqueue 3.20371 ms)
[05/15/2026-02:23:15] [I] Average on 10 runs - GPU latency: 4.99004 ms - Host latency: 5.04863 ms (end to end 5.05781 ms, enqueue 3.36055 ms)
[05/15/2026-02:23:15] [I] Average on 10 runs - GPU latency: 5.02441 ms - Host latency: 5.08223 ms (end to end 5.09258 ms, enqueue 2.51602 ms)
[05/15/2026-02:23:15] [I] Average on 10 runs - GPU latency: 4.9916 ms - Host latency: 5.05 ms (end to end 5.05996 ms, enqueue 3.23125 ms)
[05/15/2026-02:23:15] [I] Average on 10 runs - GPU latency: 5.00371 ms - Host latency: 5.06113 ms (end to end 5.07109 ms, enqueue 3.06113 ms)
[05/15/2026-02:23:15] [I] Average on 10 runs - GPU latency: 5.00879 ms - Host latency: 5.06719 ms (end to end 5.07676 ms, enqueue 2.91191 ms)
[05/15/2026-02:23:15] [I] Average on 10 runs - GPU latency: 4.99785 ms - Host latency: 5.05645 ms (end to end 5.0666 ms, enqueue 3.20078 ms)
[05/15/2026-02:23:15] [I] Average on 10 runs - GPU latency: 5.00352 ms - Host latency: 5.06191 ms (end to end 5.07148 ms, enqueue 3.025 ms)
[05/15/2026-02:23:15] [I] Average on 10 runs - GPU latency: 5.01035 ms - Host latency: 5.06816 ms (end to end 5.07852 ms, enqueue 2.87148 ms)
[05/15/2026-02:23:15] [I] Average on 10 runs - GPU latency: 5.00918 ms - Host latency: 5.06758 ms (end to end 5.07715 ms, enqueue 2.85508 ms)
[05/15/2026-02:23:15] [I] Average on 10 runs - GPU latency: 4.99961 ms - Host latency: 5.05762 ms (end to end 5.0668 ms, enqueue 3.00527 ms)
[05/15/2026-02:23:15] [I] Average on 10 runs - GPU latency: 4.99863 ms - Host latency: 5.05625 ms (end to end 5.06602 ms, enqueue 3.23594 ms)
[05/15/2026-02:23:15] [I] Average on 10 runs - GPU latency: 5.00059 ms - Host latency: 5.05898 ms (end to end 5.06953 ms, enqueue 3.30215 ms)
[05/15/2026-02:23:15] [I] Average on 10 runs - GPU latency: 5.01895 ms - Host latency: 5.07715 ms (end to end 5.0873 ms, enqueue 2.70312 ms)
[05/15/2026-02:23:15] [I] Average on 10 runs - GPU latency: 5.10586 ms - Host latency: 5.16523 ms (end to end 5.18359 ms, enqueue 2.56582 ms)
[05/15/2026-02:23:15] [I] Average on 10 runs - GPU latency: 5.02227 ms - Host latency: 5.08086 ms (end to end 5.09102 ms, enqueue 2.65977 ms)
[05/15/2026-02:23:15] [I] Average on 10 runs - GPU latency: 5.01191 ms - Host latency: 5.06992 ms (end to end 5.07988 ms, enqueue 2.86289 ms)
[05/15/2026-02:23:15] [I] 
[05/15/2026-02:23:15] [I] === Performance summary ===
[05/15/2026-02:23:15] [I] Throughput: 195.584 qps
[05/15/2026-02:23:15] [I] Latency: min = 4.97363 ms, max = 55.4077 ms, mean = 5.10035 ms, median = 5.06384 ms, percentile(99%) = 5.55078 ms
[05/15/2026-02:23:15] [I] End-to-End Host Latency: min = 4.98047 ms, max = 55.4683 ms, mean = 5.11228 ms, median = 5.07422 ms, percentile(99%) = 5.72559 ms
[05/15/2026-02:23:15] [I] Enqueue Time: min = 2.04053 ms, max = 5.08594 ms, mean = 2.9475 ms, median = 2.87036 ms, percentile(99%) = 4.50391 ms
[05/15/2026-02:23:15] [I] H2D Latency: min = 0.0527344 ms, max = 0.589355 ms, mean = 0.0559679 ms, median = 0.0556641 ms, percentile(99%) = 0.0605469 ms
[05/15/2026-02:23:15] [I] GPU Compute Time: min = 4.91553 ms, max = 54.8042 ms, mean = 5.0416 ms, median = 5.00586 ms, percentile(99%) = 5.49219 ms
[05/15/2026-02:23:15] [I] D2H Latency: min = 0.00146484 ms, max = 0.0141602 ms, mean = 0.00277774 ms, median = 0.00292969 ms, percentile(99%) = 0.00390625 ms
[05/15/2026-02:23:15] [I] Total Host Walltime: 18.5904 s
[05/15/2026-02:23:15] [I] Total GPU Compute Time: 18.3313 s
[05/15/2026-02:23:15] [I] Explanations of the performance metrics are printed in the verbose logs.
[05/15/2026-02:23:15] [I] 
&&&& PASSED TensorRT.trtexec [TensorRT v8001] # /usr/src/tensorrt/bin/trtexec --loadEngine=engines/tomato_yolov8n_cls_domainmix_pd5_umair_hard_fp32.engine --warmUp=1000 --duration=20 --iterations=1000
[05/15/2026-02:23:15] [I] [TRT] [MemUsageChange] Init cuBLAS/cuBLASLt: CPU +0, GPU +0, now: CPU 863, GPU 3891 (MiB)
