RAM 2580/3964MB (lfb 1x4MB) SWAP 1959/1982MB (cached 6MB) CPU [70%@1479,4%@1479,7%@1479,11%@1479] EMC_FREQ 0% GR3D_FREQ 0% PLL@51.5C CPU@54.5C PMIC@50C GPU@55.5C AO@61.5C thermal@54C POM_5V_IN 2690/2690 POM_5V_GPU 0/0 POM_5V_CPU 651/651
RAM 2579/3964MB (lfb 1x4MB) SWAP 1959/1982MB (cached 6MB) CPU [8%@307,7%@307,7%@307,7%@307] EMC_FREQ 0% GR3D_FREQ 0% PLL@50.5C CPU@53.5C PMIC@50C GPU@54.5C AO@60.5C thermal@54.75C POM_5V_IN 2283/2486 POM_5V_GPU 0/0 POM_5V_CPU 326/488
RAM 2579/3964MB (lfb 1x4MB) SWAP 1959/1982MB (cached 6MB) CPU [22%@307,18%@307,4%@307,3%@307] EMC_FREQ 0% GR3D_FREQ 0% PLL@50.5C CPU@54C PMIC@50C GPU@54.5C AO@60.5C thermal@54.75C POM_5V_IN 2283/2418 POM_5V_GPU 0/0 POM_5V_CPU 366/447
RAM 2579/3964MB (lfb 1x4MB) SWAP 1959/1982MB (cached 6MB) CPU [11%@403,8%@403,16%@403,0%@403] EMC_FREQ 0% GR3D_FREQ 0% PLL@50C CPU@53C PMIC@50C GPU@54C AO@60C thermal@54.75C POM_5V_IN 2201/2364 POM_5V_GPU 0/0 POM_5V_CPU 285/407
RAM 2579/3964MB (lfb 1x4MB) SWAP 1959/1982MB (cached 6MB) CPU [8%@102,0%@102,18%@102,3%@102] EMC_FREQ 0% GR3D_FREQ 0% PLL@49.5C CPU@53C PMIC@50C GPU@53.5C AO@59.5C thermal@54.75C POM_5V_IN 2119/2315 POM_5V_GPU 0/0 POM_5V_CPU 244/374
RAM 2579/3964MB (lfb 1x4MB) SWAP 1959/1982MB (cached 6MB) CPU [14%@102,14%@102,11%@102,3%@102] EMC_FREQ 0% GR3D_FREQ 0% PLL@49.5C CPU@52.5C PMIC@50C GPU@53.5C AO@60C thermal@53C POM_5V_IN 2119/2282 POM_5V_GPU 0/0 POM_5V_CPU 244/352
RAM 2579/3964MB (lfb 1x4MB) SWAP 1959/1982MB (cached 6MB) CPU [8%@102,11%@102,14%@102,11%@102] EMC_FREQ 0% GR3D_FREQ 0% PLL@49.5C CPU@52C PMIC@50C GPU@53.5C AO@60C thermal@53C POM_5V_IN 2201/2270 POM_5V_GPU 0/0 POM_5V_CPU 285/343
RAM 2580/3964MB (lfb 1x4MB) SWAP 1959/1982MB (cached 6MB) CPU [28%@102,14%@102,8%@102,22%@102] EMC_FREQ 0% GR3D_FREQ 0% PLL@49.5C CPU@52.5C PMIC@50C GPU@53.5C AO@59.5C thermal@53C POM_5V_IN 2609/2313 POM_5V_GPU 0/0 POM_5V_CPU 447/356
RAM 2621/3964MB (lfb 1x4MB) SWAP 1959/1982MB (cached 6MB) CPU [75%@1479,11%@1479,7%@1479,20%@1479] EMC_FREQ 0% GR3D_FREQ 29% PLL@50.5C CPU@55C PMIC@50C GPU@52.5C AO@60.5C thermal@53C POM_5V_IN 3500/2445 POM_5V_GPU 203/22 POM_5V_CPU 1099/438
RAM 2655/3964MB (lfb 1x4MB) SWAP 1959/1982MB (cached 6MB) CPU [88%@1479,4%@1479,4%@1479,15%@1479] EMC_FREQ 0% GR3D_FREQ 2% PLL@51C CPU@55.5C PMIC@50C GPU@53C AO@61.5C thermal@54.5C POM_5V_IN 3704/2570 POM_5V_GPU 244/44 POM_5V_CPU 1221/516
RAM 2695/3964MB (lfb 1x4MB) SWAP 1959/1982MB (cached 6MB) CPU [95%@1479,8%@1479,4%@1479,11%@1479] EMC_FREQ 0% GR3D_FREQ 48% PLL@51C CPU@56C PMIC@50C GPU@53C AO@61.5C thermal@54.5C POM_5V_IN 3622/2666 POM_5V_GPU 244/62 POM_5V_CPU 1343/591
RAM 2705/3964MB (lfb 1x4MB) SWAP 1959/1982MB (cached 6MB) CPU [56%@1479,12%@1479,15%@1479,42%@1479] EMC_FREQ 0% GR3D_FREQ 46% PLL@52C CPU@56C PMIC@50C GPU@53.5C AO@61.5C thermal@54.5C POM_5V_IN 3785/2759 POM_5V_GPU 244/77 POM_5V_CPU 1422/661
RAM 2736/3964MB (lfb 1x4MB) SWAP 1959/1982MB (cached 6MB) CPU [30%@1479,55%@1479,20%@1479,23%@1479] EMC_FREQ 0% GR3D_FREQ 48% PLL@52C CPU@55.5C PMIC@50C GPU@54C AO@61.5C thermal@54.5C POM_5V_IN 3785/2838 POM_5V_GPU 244/90 POM_5V_CPU 1463/722
RAM 2769/3964MB (lfb 1x4MB) SWAP 1959/1982MB (cached 6MB) CPU [50%@1479,16%@1479,24%@1479,38%@1479] EMC_FREQ 0% GR3D_FREQ 53% PLL@52.5C CPU@55.5C PMIC@50C GPU@54C AO@61.5C thermal@54.5C POM_5V_IN 3907/2914 POM_5V_GPU 284/104 POM_5V_CPU 1463/775
RAM 2799/3964MB (lfb 1x4MB) SWAP 1959/1982MB (cached 6MB) CPU [24%@1479,30%@1479,66%@1479,28%@1479] EMC_FREQ 0% GR3D_FREQ 39% PLL@52.5C CPU@56C PMIC@50C GPU@54C AO@62C thermal@54.75C POM_5V_IN 3988/2986 POM_5V_GPU 284/116 POM_5V_CPU 1503/824
RAM 2817/3964MB (lfb 1x4MB) SWAP 1959/1982MB (cached 6MB) CPU [16%@1479,11%@1479,85%@1479,4%@1479] EMC_FREQ 0% GR3D_FREQ 12% PLL@52C CPU@55C PMIC@50C GPU@54.5C AO@61.5C thermal@54.75C POM_5V_IN 3581/3023 POM_5V_GPU 284/126 POM_5V_CPU 1261/851
RAM 2842/3964MB (lfb 1x4MB) SWAP 1959/1982MB (cached 6MB) CPU [23%@1479,8%@1479,54%@1479,32%@1479] EMC_FREQ 0% GR3D_FREQ 0% PLL@52C CPU@55C PMIC@50C GPU@54.5C AO@61.5C thermal@54.75C POM_5V_IN 3663/3061 POM_5V_GPU 162/129 POM_5V_CPU 1302/877
RAM 2865/3964MB (lfb 1x4MB) SWAP 1959/1982MB (cached 6MB) CPU [48%@1479,4%@1479,24%@1479,34%@1479] EMC_FREQ 0% GR3D_FREQ 12% PLL@52.5C CPU@55.5C PMIC@50C GPU@54C AO@61.5C thermal@54.75C POM_5V_IN 3785/3101 POM_5V_GPU 203/133 POM_5V_CPU 1422/908
RAM 2892/3964MB (lfb 1x4MB) SWAP 1959/1982MB (cached 6MB) CPU [60%@1479,15%@1479,40%@1479,8%@1479] EMC_FREQ 0% GR3D_FREQ 38% PLL@52.5C CPU@56C PMIC@50C GPU@54.5C AO@61.5C thermal@55.5C POM_5V_IN 3744/3135 POM_5V_GPU 203/136 POM_5V_CPU 1463/937
RAM 2921/3964MB (lfb 1x4MB) SWAP 1959/1982MB (cached 6MB) CPU [16%@1479,28%@1479,21%@1479,46%@1479] EMC_FREQ 0% GR3D_FREQ 34% PLL@53C CPU@56C PMIC@50C GPU@54C AO@61.5C thermal@55.5C POM_5V_IN 3826/3169 POM_5V_GPU 203/140 POM_5V_CPU 1463/963
RAM 2948/3964MB (lfb 1x4MB) SWAP 1959/1982MB (cached 6MB) CPU [8%@1479,16%@1479,30%@1479,51%@1479] EMC_FREQ 0% GR3D_FREQ 0% PLL@52C CPU@55C PMIC@50C GPU@54C AO@61.5C thermal@55.5C POM_5V_IN 3663/3193 POM_5V_GPU 162/141 POM_5V_CPU 1302/979
RAM 2981/3964MB (lfb 1x4MB) SWAP 1959/1982MB (cached 6MB) CPU [18%@614,4%@614,72%@614,12%@614] EMC_FREQ 0% GR3D_FREQ 0% PLL@52C CPU@55C PMIC@50C GPU@54C AO@61.5C thermal@55.5C POM_5V_IN 3541/3209 POM_5V_GPU 122/140 POM_5V_CPU 1058/983
RAM 3011/3964MB (lfb 1x4MB) SWAP 1959/1982MB (cached 6MB) CPU [20%@1479,69%@1479,11%@1479,14%@1479] EMC_FREQ 0% GR3D_FREQ 19% PLL@52.5C CPU@57C PMIC@50C GPU@54C AO@62C thermal@55.5C POM_5V_IN 3704/3230 POM_5V_GPU 162/141 POM_5V_CPU 1383/1000
RAM 3040/3964MB (lfb 1x4MB) SWAP 1959/1982MB (cached 6MB) CPU [23%@1479,18%@1479,71%@1479,12%@1479] EMC_FREQ 0% GR3D_FREQ 53% PLL@52.5C CPU@56C PMIC@50C GPU@54C AO@62C thermal@55.5C POM_5V_IN 3785/3253 POM_5V_GPU 203/143 POM_5V_CPU 1503/1021
RAM 3086/3964MB (lfb 3x2MB) SWAP 1959/1982MB (cached 6MB) CPU [24%@1479,20%@1479,4%@1479,58%@1479] EMC_FREQ 0% GR3D_FREQ 48% PLL@52.5C CPU@56C PMIC@50C GPU@54C AO@61.5C thermal@55.5C POM_5V_IN 3581/3266 POM_5V_GPU 203/146 POM_5V_CPU 1343/1034
RAM 3085/3964MB (lfb 7x2MB) SWAP 1959/1982MB (cached 6MB) CPU [75%@921,7%@921,11%@921,22%@921] EMC_FREQ 0% GR3D_FREQ 48% PLL@52.5C CPU@56C PMIC@50C GPU@54C AO@61.5C thermal@55.5C POM_5V_IN 3500/3275 POM_5V_GPU 162/146 POM_5V_CPU 1221/1041
RAM 3117/3964MB (lfb 5x2MB) SWAP 1959/1982MB (cached 6MB) CPU [20%@1479,26%@1479,48%@1479,30%@1479] EMC_FREQ 0% GR3D_FREQ 27% PLL@52.5C CPU@56C PMIC@50C GPU@54C AO@61.5C thermal@55.5C POM_5V_IN 3744/3293 POM_5V_GPU 203/148 POM_5V_CPU 1465/1057
RAM 3122/3964MB (lfb 3x2MB) SWAP 1959/1982MB (cached 6MB) CPU [22%@1479,25%@1479,76%@1479,12%@1479] EMC_FREQ 0% GR3D_FREQ 0% PLL@52.5C CPU@55.5C PMIC@50C GPU@54.5C AO@61.5C thermal@55C POM_5V_IN 3866/3313 POM_5V_GPU 122/147 POM_5V_CPU 1544/1074
RAM 3130/3964MB (lfb 3x2MB) SWAP 1959/1982MB (cached 6MB) CPU [21%@1479,15%@1479,88%@1479,12%@1479] EMC_FREQ 0% GR3D_FREQ 0% PLL@52.5C CPU@55.5C PMIC@50C GPU@54.5C AO@61.5C thermal@55C POM_5V_IN 3419/3317 POM_5V_GPU 162/148 POM_5V_CPU 1302/1082
RAM 3132/3964MB (lfb 3x2MB) SWAP 1959/1982MB (cached 6MB) CPU [15%@1479,19%@1479,74%@1479,16%@1479] EMC_FREQ 0% GR3D_FREQ 0% PLL@52.5C CPU@56C PMIC@50C GPU@54.5C AO@61.5C thermal@55C POM_5V_IN 3663/3328 POM_5V_GPU 162/148 POM_5V_CPU 1343/1091
RAM 3154/3964MB (lfb 3x2MB) SWAP 1959/1982MB (cached 6MB) CPU [20%@1479,15%@1479,80%@1479,8%@1479] EMC_FREQ 0% GR3D_FREQ 60% PLL@52.5C CPU@56.5C PMIC@50C GPU@54C AO@61.5C thermal@55C POM_5V_IN 3785/3343 POM_5V_GPU 162/149 POM_5V_CPU 1503/1104
RAM 3163/3964MB (lfb 3x2MB) SWAP 1959/1982MB (cached 6MB) CPU [15%@1479,3%@1479,37%@1479,23%@1479] EMC_FREQ 0% GR3D_FREQ 0% PLL@52C CPU@55C PMIC@50C GPU@54C AO@61C thermal@54.5C POM_5V_IN 3459/3347 POM_5V_GPU 203/150 POM_5V_CPU 1099/1104
RAM 3191/3964MB (lfb 3x2MB) SWAP 1959/1982MB (cached 6MB) CPU [8%@1479,11%@1479,59%@1479,29%@1479] EMC_FREQ 0% GR3D_FREQ 0% PLL@52C CPU@55C PMIC@50C GPU@53.5C AO@61C thermal@54.5C POM_5V_IN 3500/3351 POM_5V_GPU 122/150 POM_5V_CPU 1099/1104
RAM 3221/3964MB (lfb 3x2MB) SWAP 1959/1982MB (cached 6MB) CPU [33%@1479,26%@1479,4%@1479,36%@1479] EMC_FREQ 0% GR3D_FREQ 20% PLL@52C CPU@55C PMIC@50C GPU@53.5C AO@61C thermal@54.5C POM_5V_IN 3622/3359 POM_5V_GPU 162/150 POM_5V_CPU 1302/1110
RAM 3259/3964MB (lfb 12x256kB) SWAP 1959/1982MB (cached 6MB) CPU [17%@1479,4%@1479,18%@1479,56%@1479] EMC_FREQ 0% GR3D_FREQ 0% PLL@52C CPU@55C PMIC@50C GPU@54C AO@60.5C thermal@54.5C POM_5V_IN 3663/3368 POM_5V_GPU 81/148 POM_5V_CPU 1302/1115
RAM 3251/3964MB (lfb 1x512kB) SWAP 1959/1982MB (cached 6MB) CPU [53%@1479,12%@1479,20%@1479,48%@1479] EMC_FREQ 0% GR3D_FREQ 49% PLL@52C CPU@56.5C PMIC@50C GPU@54C AO@61.5C thermal@55.25C POM_5V_IN 3744/3378 POM_5V_GPU 244/151 POM_5V_CPU 1465/1125
RAM 3243/3964MB (lfb 4x1MB) SWAP 1959/1982MB (cached 6MB) CPU [74%@1479,8%@1479,7%@1479,13%@1479] EMC_FREQ 0% GR3D_FREQ 83% PLL@51.5C CPU@55.5C PMIC@50C GPU@54C AO@61C thermal@55.25C POM_5V_IN 3541/3383 POM_5V_GPU 162/151 POM_5V_CPU 1180/1126
RAM 3231/3964MB (lfb 4x256kB) SWAP 1959/1982MB (cached 6MB) CPU [4%@1132,26%@1132,52%@1132,36%@1132] EMC_FREQ 0% GR3D_FREQ 37% PLL@52C CPU@55.5C PMIC@50C GPU@53.5C AO@61C thermal@55.25C POM_5V_IN 3785/3393 POM_5V_GPU 122/150 POM_5V_CPU 1343/1132
RAM 3250/3964MB (lfb 5x256kB) SWAP 1960/1982MB (cached 6MB) CPU [11%@1479,77%@1479,15%@1479,29%@1479] EMC_FREQ 0% GR3D_FREQ 0% PLL@52C CPU@55.5C PMIC@50C GPU@53.5C AO@61C thermal@55.25C POM_5V_IN 3785/3403 POM_5V_GPU 122/149 POM_5V_CPU 1341/1137
RAM 3262/3964MB (lfb 5x256kB) SWAP 1963/1982MB (cached 5MB) CPU [11%@1479,72%@1479,44%@1479,17%@1479] EMC_FREQ 0% GR3D_FREQ 28% PLL@52.5C CPU@55.5C PMIC@50C GPU@53.5C AO@61.5C thermal@55.25C POM_5V_IN 3988/3418 POM_5V_GPU 122/149 POM_5V_CPU 1503/1146
RAM 3281/3964MB (lfb 6x256kB) SWAP 1967/1982MB (cached 5MB) CPU [18%@1479,48%@1479,45%@1479,37%@1479] EMC_FREQ 0% GR3D_FREQ 21% PLL@52.5C CPU@56C PMIC@50C GPU@54C AO@61.5C thermal@54.5C POM_5V_IN 4070/3434 POM_5V_GPU 203/150 POM_5V_CPU 1584/1157
RAM 3281/3964MB (lfb 6x256kB) SWAP 1967/1982MB (cached 5MB) CPU [8%@1428,48%@1428,11%@1428,4%@1428] EMC_FREQ 0% GR3D_FREQ 98% PLL@52.5C CPU@56C PMIC@50C GPU@55.5C AO@61.5C thermal@54.5C POM_5V_IN 5811/3490 POM_5V_GPU 2191/199 POM_5V_CPU 1095/1156
RAM 3281/3964MB (lfb 6x256kB) SWAP 1967/1982MB (cached 5MB) CPU [12%@1326,67%@1326,11%@1326,16%@1326] EMC_FREQ 0% GR3D_FREQ 98% PLL@54C CPU@58.5C PMIC@50C GPU@59.5C AO@63C thermal@54.5C POM_5V_IN 7899/3593 POM_5V_GPU 3929/285 POM_5V_CPU 1296/1159
RAM 3282/3964MB (lfb 6x256kB) SWAP 1967/1982MB (cached 5MB) CPU [20%@710,25%@710,71%@710,16%@710] EMC_FREQ 0% GR3D_FREQ 99% PLL@55C CPU@60.5C PMIC@50C GPU@61C AO@64C thermal@54.5C POM_5V_IN 7859/3690 POM_5V_GPU 3970/369 POM_5V_CPU 1215/1160
RAM 3282/3964MB (lfb 6x256kB) SWAP 1967/1982MB (cached 5MB) CPU [34%@921,17%@921,36%@921,19%@921] EMC_FREQ 0% GR3D_FREQ 99% PLL@56C CPU@61.5C PMIC@50C GPU@61.5C AO@65C thermal@61.25C POM_5V_IN 7980/3785 POM_5V_GPU 3970/449 POM_5V_CPU 1255/1162
RAM 3281/3964MB (lfb 6x256kB) SWAP 1967/1982MB (cached 5MB) CPU [28%@1326,53%@1326,20%@1326,16%@1326] EMC_FREQ 0% GR3D_FREQ 98% PLL@57C CPU@62C PMIC@50C GPU@63C AO@66C thermal@61.25C POM_5V_IN 8102/3879 POM_5V_GPU 3963/525 POM_5V_CPU 1377/1167
RAM 3281/3964MB (lfb 6x256kB) SWAP 1967/1982MB (cached 5MB) CPU [50%@1479,32%@1479,19%@1479,8%@1479] EMC_FREQ 0% GR3D_FREQ 98% PLL@57.5C CPU@63C PMIC@50C GPU@63.5C AO@67C thermal@61.25C POM_5V_IN 8183/3971 POM_5V_GPU 4004/599 POM_5V_CPU 1458/1173
RAM 3281/3964MB (lfb 6x256kB) SWAP 1967/1982MB (cached 5MB) CPU [16%@710,29%@710,30%@710,50%@710] EMC_FREQ 0% GR3D_FREQ 99% PLL@58C CPU@64C PMIC@50C GPU@64.5C AO@67C thermal@61.25C POM_5V_IN 8021/4055 POM_5V_GPU 4051/671 POM_5V_CPU 1296/1176
RAM 3281/3964MB (lfb 6x256kB) SWAP 1967/1982MB (cached 5MB) CPU [22%@825,24%@825,40%@825,48%@825] EMC_FREQ 0% GR3D_FREQ 99% PLL@58.5C CPU@64C PMIC@50C GPU@64.5C AO@67.5C thermal@64.5C POM_5V_IN 8061/4137 POM_5V_GPU 4051/740 POM_5V_CPU 1255/1177
RAM 3282/3964MB (lfb 6x256kB) SWAP 1967/1982MB (cached 5MB) CPU [16%@1326,30%@1326,60%@1326,16%@1326] EMC_FREQ 0% GR3D_FREQ 98% PLL@59C CPU@64.5C PMIC@50C GPU@65C AO@67.5C thermal@64.5C POM_5V_IN 8102/4216 POM_5V_GPU 4091/807 POM_5V_CPU 1296/1180
RAM 3282/3964MB (lfb 6x256kB) SWAP 1967/1982MB (cached 5MB) CPU [34%@1224,25%@1224,20%@1224,36%@1224] EMC_FREQ 0% GR3D_FREQ 99% PLL@59.5C CPU@65C PMIC@50C GPU@65.5C AO@68.5C thermal@64.5C POM_5V_IN 8183/4294 POM_5V_GPU 4044/871 POM_5V_CPU 1377/1183
RAM 3282/3964MB (lfb 6x256kB) SWAP 1967/1982MB (cached 5MB) CPU [20%@1224,34%@1224,40%@1224,12%@1224] EMC_FREQ 0% GR3D_FREQ 98% PLL@59.5C CPU@66C PMIC@50C GPU@66C AO@69C thermal@64.5C POM_5V_IN 8183/4368 POM_5V_GPU 4085/933 POM_5V_CPU 1375/1187
RAM 3282/3964MB (lfb 6x256kB) SWAP 1967/1982MB (cached 5MB) CPU [37%@1132,37%@1132,36%@1132,31%@1132] EMC_FREQ 0% GR3D_FREQ 99% PLL@60.5C CPU@66.5C PMIC@50C GPU@66.5C AO@69.5C thermal@64.5C POM_5V_IN 8264/4442 POM_5V_GPU 4085/992 POM_5V_CPU 1415/1191
RAM 3282/3964MB (lfb 6x256kB) SWAP 1967/1982MB (cached 5MB) CPU [16%@1326,20%@1326,59%@1326,23%@1326] EMC_FREQ 0% GR3D_FREQ 99% PLL@61C CPU@67C PMIC@50C GPU@67C AO@70C thermal@66.5C POM_5V_IN 8183/4511 POM_5V_GPU 4085/1049 POM_5V_CPU 1375/1195
RAM 3282/3964MB (lfb 6x256kB) SWAP 1967/1982MB (cached 5MB) CPU [25%@1036,21%@1036,23%@1036,58%@1036] EMC_FREQ 0% GR3D_FREQ 99% PLL@61C CPU@67C PMIC@50C GPU@67C AO@70C thermal@66.5C POM_5V_IN 8142/4577 POM_5V_GPU 4004/1103 POM_5V_CPU 1377/1198
RAM 3282/3964MB (lfb 6x256kB) SWAP 1967/1982MB (cached 5MB) CPU [26%@921,25%@921,19%@921,66%@921] EMC_FREQ 0% GR3D_FREQ 98% PLL@62C CPU@67C PMIC@50C GPU@67.5C AO@70.5C thermal@66.5C POM_5V_IN 8223/4642 POM_5V_GPU 4004/1155 POM_5V_CPU 1496/1203
RAM 3282/3964MB (lfb 6x256kB) SWAP 1967/1982MB (cached 5MB) CPU [20%@1479,26%@1479,23%@1479,57%@1479] EMC_FREQ 0% GR3D_FREQ 99% PLL@61.5C CPU@67.5C PMIC@50C GPU@67.5C AO@70.5C thermal@66.5C POM_5V_IN 8142/4704 POM_5V_GPU 4004/1205 POM_5V_CPU 1336/1206
RAM 3282/3964MB (lfb 6x256kB) SWAP 1967/1982MB (cached 5MB) CPU [33%@710,24%@710,42%@710,29%@710] EMC_FREQ 0% GR3D_FREQ 99% PLL@62C CPU@67.5C PMIC@50C GPU@68C AO@71C thermal@68C POM_5V_IN 8223/4764 POM_5V_GPU 4044/1254 POM_5V_CPU 1375/1209
RAM 3282/3964MB (lfb 6x256kB) SWAP 1967/1982MB (cached 5MB) CPU [19%@1224,33%@1224,42%@1224,40%@1224] EMC_FREQ 0% GR3D_FREQ 99% PLL@62.5C CPU@68C PMIC@50C GPU@68C AO@71C thermal@68C POM_5V_IN 8142/4822 POM_5V_GPU 4044/1301 POM_5V_CPU 1375/1211
RAM 3282/3964MB (lfb 6x256kB) SWAP 1967/1982MB (cached 5MB) CPU [13%@614,29%@614,26%@614,61%@614] EMC_FREQ 0% GR3D_FREQ 99% PLL@62.5C CPU@68.5C PMIC@50C GPU@68.5C AO@71.5C thermal@68C POM_5V_IN 8223/4878 POM_5V_GPU 4085/1347 POM_5V_CPU 1334/1213
RAM 3282/3964MB (lfb 6x256kB) SWAP 1967/1982MB (cached 5MB) CPU [22%@1479,32%@1479,62%@1479,8%@1479] EMC_FREQ 0% GR3D_FREQ 99% PLL@63C CPU@68.5C PMIC@50C GPU@68.5C AO@71.5C thermal@68C POM_5V_IN 8264/4934 POM_5V_GPU 4044/1392 POM_5V_CPU 1456/1217
RAM 3282/3964MB (lfb 6x256kB) SWAP 1967/1982MB (cached 5MB) CPU [16%@1479,50%@1479,20%@1479,8%@1479] EMC_FREQ 0% GR3D_FREQ 99% PLL@63C CPU@68.5C PMIC@50C GPU@69C AO@72C thermal@68C POM_5V_IN 8345/4989 POM_5V_GPU 4044/1434 POM_5V_CPU 1496/1222
RAM 3281/3964MB (lfb 6x256kB) SWAP 1967/1982MB (cached 5MB) CPU [32%@1428,25%@1428,36%@1428,8%@1428] EMC_FREQ 0% GR3D_FREQ 98% PLL@63C CPU@69C PMIC@50C GPU@69.5C AO@72.5C thermal@69.25C POM_5V_IN 8345/5042 POM_5V_GPU 4044/1476 POM_5V_CPU 1496/1226
RAM 3281/3964MB (lfb 6x256kB) SWAP 1967/1982MB (cached 5MB) CPU [36%@1036,20%@1326,20%@1326,32%@1326] EMC_FREQ 0% GR3D_FREQ 99% PLL@64C CPU@69.5C PMIC@50C GPU@69.5C AO@72.5C thermal@69.25C POM_5V_IN 8304/5093 POM_5V_GPU 4085/1517 POM_5V_CPU 1415/1229
RAM 3281/3964MB (lfb 6x256kB) SWAP 1967/1982MB (cached 5MB) CPU [28%@1479,29%@1479,30%@1479,19%@1479] EMC_FREQ 0% GR3D_FREQ 98% PLL@64C CPU@69.5C PMIC@50C GPU@70C AO@73C thermal@69.25C POM_5V_IN 8426/5144 POM_5V_GPU 4085/1556 POM_5V_CPU 1537/1234
RAM 3281/3964MB (lfb 6x256kB) SWAP 1967/1982MB (cached 5MB) CPU [48%@1479,20%@1479,32%@1479,24%@1479] EMC_FREQ 0% GR3D_FREQ 98% PLL@64C CPU@70.5C PMIC@50C GPU@70.5C AO@73C thermal@69.25C POM_5V_IN 8710/5198 POM_5V_GPU 4085/1594 POM_5V_CPU 1820/1243
RAM 3281/3964MB (lfb 6x256kB) SWAP 1967/1982MB (cached 5MB) CPU [44%@1479,40%@1479,64%@1479,41%@1479] EMC_FREQ 0% GR3D_FREQ 98% PLL@65.5C CPU@71C PMIC@50C GPU@70.5C AO@74C thermal@70.75C POM_5V_IN 8629/5250 POM_5V_GPU 3963/1630 POM_5V_CPU 1820/1251
RAM 3281/3964MB (lfb 6x256kB) SWAP 1967/1982MB (cached 5MB) CPU [12%@1036,20%@1036,44%@1036,20%@1036] EMC_FREQ 0% GR3D_FREQ 98% PLL@65C CPU@71C PMIC@50C GPU@71C AO@74C thermal@70.75C POM_5V_IN 8467/5297 POM_5V_GPU 4085/1666 POM_5V_CPU 1537/1256
RAM 3281/3964MB (lfb 6x256kB) SWAP 1967/1982MB (cached 5MB) CPU [36%@1479,16%@1479,27%@1479,40%@1479] EMC_FREQ 0% GR3D_FREQ 98% PLL@65C CPU@71C PMIC@50C GPU@71.5C AO@74C thermal@70.75C POM_5V_IN 8345/5341 POM_5V_GPU 4085/1701 POM_5V_CPU 1415/1258
RAM 3281/3964MB (lfb 6x256kB) SWAP 1967/1982MB (cached 5MB) CPU [62%@1479,4%@1479,34%@1479,12%@1479] EMC_FREQ 0% GR3D_FREQ 99% PLL@65C CPU@71C PMIC@50C GPU@71.5C AO@74.5C thermal@70.75C POM_5V_IN 8426/5385 POM_5V_GPU 4085/1735 POM_5V_CPU 1537/1262
RAM 3282/3964MB (lfb 6x256kB) SWAP 1967/1982MB (cached 5MB) CPU [30%@1479,16%@1479,29%@1479,20%@1479] EMC_FREQ 0% GR3D_FREQ 98% PLL@65.5C CPU@71.5C PMIC@50C GPU@71.5C AO@74C thermal@71.25C POM_5V_IN 8467/5428 POM_5V_GPU 4085/1768 POM_5V_CPU 1537/1266
RAM 3281/3964MB (lfb 6x256kB) SWAP 1967/1982MB (cached 5MB) CPU [68%@1479,18%@1479,12%@1479,11%@1479] EMC_FREQ 0% GR3D_FREQ 98% PLL@65.5C CPU@71C PMIC@50C GPU@71.5C AO@75C thermal@71.25C POM_5V_IN 8467/5471 POM_5V_GPU 4125/1801 POM_5V_CPU 1496/1269
RAM 3281/3964MB (lfb 6x256kB) SWAP 1967/1982MB (cached 5MB) CPU [34%@1479,23%@1479,15%@1479,66%@1479] EMC_FREQ 0% GR3D_FREQ 99% PLL@65.5C CPU@72C PMIC@50C GPU@72C AO@74.5C thermal@71.25C POM_5V_IN 8467/5512 POM_5V_GPU 4125/1833 POM_5V_CPU 1496/1272
RAM 3282/3964MB (lfb 6x256kB) SWAP 1967/1982MB (cached 5MB) CPU [30%@1479,12%@1479,20%@1479,66%@1479] EMC_FREQ 0% GR3D_FREQ 99% PLL@65.5C CPU@72C PMIC@50C GPU@71.5C AO@75C thermal@71.25C POM_5V_IN 8385/5551 POM_5V_GPU 4125/1864 POM_5V_CPU 1496/1275
RAM 3282/3964MB (lfb 6x256kB) SWAP 1967/1982MB (cached 5MB) CPU [28%@1326,19%@1326,37%@1326,34%@1326] EMC_FREQ 0% GR3D_FREQ 99% PLL@66C CPU@72C PMIC@50C GPU@72C AO@75C thermal@71.25C POM_5V_IN 8385/5588 POM_5V_GPU 4125/1894 POM_5V_CPU 1496/1278
RAM 3281/3964MB (lfb 6x256kB) SWAP 1967/1982MB (cached 5MB) CPU [26%@1479,11%@1479,56%@1479,19%@1479] EMC_FREQ 0% GR3D_FREQ 98% PLL@66C CPU@72C PMIC@50C GPU@72C AO@75.5C thermal@72.25C POM_5V_IN 8507/5627 POM_5V_GPU 4125/1923 POM_5V_CPU 1537/1281
RAM 3282/3964MB (lfb 6x256kB) SWAP 1967/1982MB (cached 5MB) CPU [21%@1036,29%@1036,28%@1036,36%@1036] EMC_FREQ 0% GR3D_FREQ 99% PLL@66C CPU@72.5C PMIC@50C GPU@72C AO@75C thermal@72.25C POM_5V_IN 8385/5663 POM_5V_GPU 4125/1952 POM_5V_CPU 1415/1283
RAM 3282/3964MB (lfb 6x256kB) SWAP 1967/1982MB (cached 5MB) CPU [25%@921,20%@921,20%@921,53%@921] EMC_FREQ 0% GR3D_FREQ 99% PLL@66.5C CPU@72C PMIC@50C GPU@72.5C AO@75.5C thermal@72.25C POM_5V_IN 8426/5698 POM_5V_GPU 4166/1980 POM_5V_CPU 1456/1285
RAM 3282/3964MB (lfb 6x256kB) SWAP 1967/1982MB (cached 5MB) CPU [28%@1479,25%@1479,17%@1479,48%@1479] EMC_FREQ 0% GR3D_FREQ 99% PLL@66C CPU@72.5C PMIC@50C GPU@72.5C AO@76C thermal@72.25C POM_5V_IN 8345/5731 POM_5V_GPU 4166/2008 POM_5V_CPU 1375/1286
RAM 3282/3964MB (lfb 6x256kB) SWAP 1967/1982MB (cached 5MB) CPU [28%@825,39%@825,28%@825,41%@825] EMC_FREQ 0% GR3D_FREQ 99% PLL@66.5C CPU@72.5C PMIC@50C GPU@72.5C AO@76C thermal@72.75C POM_5V_IN 8426/5765 POM_5V_GPU 4166/2035 POM_5V_CPU 1415/1288
RAM 3282/3964MB (lfb 6x256kB) SWAP 1967/1982MB (cached 5MB) CPU [25%@1428,37%@1428,36%@1428,13%@1428] EMC_FREQ 0% GR3D_FREQ 98% PLL@67C CPU@73C PMIC@50C GPU@73C AO@76C thermal@72.75C POM_5V_IN 8426/5798 POM_5V_GPU 4166/2061 POM_5V_CPU 1415/1290
RAM 3282/3964MB (lfb 6x256kB) SWAP 1967/1982MB (cached 5MB) CPU [23%@921,53%@921,25%@921,16%@921] EMC_FREQ 0% GR3D_FREQ 98% PLL@67C CPU@73C PMIC@50C GPU@73C AO@76.5C thermal@72.75C POM_5V_IN 8507/5831 POM_5V_GPU 4166/2087 POM_5V_CPU 1537/1293
RAM 3282/3964MB (lfb 6x256kB) SWAP 1967/1982MB (cached 5MB) CPU [8%@1428,61%@1428,15%@1428,24%@1428] EMC_FREQ 0% GR3D_FREQ 98% PLL@67.5C CPU@73.5C PMIC@50C GPU@73.5C AO@76.5C thermal@72.75C POM_5V_IN 8467/5863 POM_5V_GPU 4166/2112 POM_5V_CPU 1496/1295
RAM 3282/3964MB (lfb 6x256kB) SWAP 1967/1982MB (cached 5MB) CPU [16%@1326,32%@1326,29%@1326,65%@1326] EMC_FREQ 0% GR3D_FREQ 99% PLL@67.5C CPU@73.5C PMIC@50C GPU@73.5C AO@76C thermal@73.5C POM_5V_IN 8426/5893 POM_5V_GPU 4206/2137 POM_5V_CPU 1496/1297
RAM 3282/3964MB (lfb 6x256kB) SWAP 1967/1982MB (cached 5MB) CPU [56%@1428,12%@1428,16%@1428,26%@1428] EMC_FREQ 0% GR3D_FREQ 98% PLL@67.5C CPU@74C PMIC@50C GPU@73.5C AO@77C thermal@73.5C POM_5V_IN 8507/5924 POM_5V_GPU 4166/2160 POM_5V_CPU 1537/1300
RAM 3282/3964MB (lfb 6x256kB) SWAP 1967/1982MB (cached 5MB) CPU [32%@710,19%@710,16%@710,62%@710] EMC_FREQ 0% GR3D_FREQ 99% PLL@67.5C CPU@74C PMIC@50C GPU@73.5C AO@76.5C thermal@73.5C POM_5V_IN 8467/5954 POM_5V_GPU 4206/2184 POM_5V_CPU 1456/1302
RAM 3282/3964MB (lfb 6x256kB) SWAP 1967/1982MB (cached 5MB) CPU [32%@825,18%@825,12%@825,61%@825] EMC_FREQ 0% GR3D_FREQ 99% PLL@67.5C CPU@74C PMIC@50C GPU@73.5C AO@77C thermal@73.5C POM_5V_IN 8426/5982 POM_5V_GPU 4166/2207 POM_5V_CPU 1375/1303
RAM 3282/3964MB (lfb 6x256kB) SWAP 1967/1982MB (cached 5MB) CPU [33%@1428,12%@1428,16%@1428,67%@1428] EMC_FREQ 0% GR3D_FREQ 99% PLL@68C CPU@74C PMIC@50C GPU@74C AO@77C thermal@73.5C POM_5V_IN 8426/6010 POM_5V_GPU 4206/2230 POM_5V_CPU 1415/1304
RAM 3282/3964MB (lfb 6x256kB) SWAP 1967/1982MB (cached 5MB) CPU [28%@825,24%@825,19%@825,61%@825] EMC_FREQ 0% GR3D_FREQ 99% PLL@68C CPU@74C PMIC@50C GPU@74C AO@77.5C thermal@73.75C POM_5V_IN 8467/6037 POM_5V_GPU 4206/2252 POM_5V_CPU 1456/1306
RAM 3282/3964MB (lfb 6x256kB) SWAP 1967/1982MB (cached 5MB) CPU [32%@1428,12%@1428,16%@1428,72%@1428] EMC_FREQ 0% GR3D_FREQ 99% PLL@68C CPU@74C PMIC@50C GPU@74C AO@77.5C thermal@73.75C POM_5V_IN 8467/6064 POM_5V_GPU 4206/2274 POM_5V_CPU 1456/1308
RAM 3277/3964MB (lfb 6x256kB) SWAP 1967/1982MB (cached 5MB) CPU [36%@1326,25%@1326,20%@1326,38%@1326] EMC_FREQ 0% GR3D_FREQ 99% PLL@68C CPU@74.5C PMIC@50C GPU@74.5C AO@77.5C thermal@73.75C POM_5V_IN 8548/6092 POM_5V_GPU 4206/2295 POM_5V_CPU 1496/1310
RAM 3277/3964MB (lfb 6x256kB) SWAP 1967/1982MB (cached 5MB) CPU [21%@1224,20%@1224,33%@1224,46%@1224] EMC_FREQ 0% GR3D_FREQ 99% PLL@68.5C CPU@75C PMIC@50C GPU@74.5C AO@77.5C thermal@73.75C POM_5V_IN 8507/6118 POM_5V_GPU 4206/2316 POM_5V_CPU 1415/1311
RAM 3277/3964MB (lfb 6x256kB) SWAP 1967/1982MB (cached 5MB) CPU [18%@1132,34%@1132,28%@1132,20%@1132] EMC_FREQ 0% GR3D_FREQ 98% PLL@68.5C CPU@74.5C PMIC@50C GPU@74.5C AO@77.5C thermal@74.5C POM_5V_IN 8588/6144 POM_5V_GPU 4206/2336 POM_5V_CPU 1496/1313
RAM 3277/3964MB (lfb 6x256kB) SWAP 1967/1982MB (cached 5MB) CPU [20%@921,50%@921,25%@921,16%@921] EMC_FREQ 0% GR3D_FREQ 98% PLL@68.5C CPU@75C PMIC@50C GPU@75C AO@78C thermal@74.5C POM_5V_IN 8629/6171 POM_5V_GPU 4206/2356 POM_5V_CPU 1537/1315
RAM 3277/3964MB (lfb 6x256kB) SWAP 1967/1982MB (cached 5MB) CPU [28%@1036,24%@1036,26%@1036,52%@1036] EMC_FREQ 0% GR3D_FREQ 99% PLL@68.5C CPU@74.5C PMIC@50C GPU@74.5C AO@77.5C thermal@74.5C POM_5V_IN 8507/6195 POM_5V_GPU 4206/2375 POM_5V_CPU 1456/1317
RAM 3276/3964MB (lfb 6x256kB) SWAP 1967/1982MB (cached 5MB) CPU [26%@1479,45%@1479,19%@1036,12%@1036] EMC_FREQ 0% GR3D_FREQ 98% PLL@69C CPU@75C PMIC@50C GPU@75C AO@78C thermal@74.5C POM_5V_IN 8629/6221 POM_5V_GPU 4206/2394 POM_5V_CPU 1577/1319
RAM 3276/3964MB (lfb 6x256kB) SWAP 1967/1982MB (cached 5MB) CPU [17%@825,20%@825,16%@825,69%@825] EMC_FREQ 0% GR3D_FREQ 99% PLL@69C CPU@75C PMIC@50C GPU@75C AO@78C thermal@75C POM_5V_IN 8548/6245 POM_5V_GPU 4247/2413 POM_5V_CPU 1456/1321
RAM 3277/3964MB (lfb 6x256kB) SWAP 1967/1982MB (cached 5MB) CPU [32%@1224,22%@1224,37%@1224,51%@1224] EMC_FREQ 0% GR3D_FREQ 99% PLL@69C CPU@75C PMIC@50C GPU@75.5C AO@78C thermal@75C POM_5V_IN 8548/6268 POM_5V_GPU 4206/2432 POM_5V_CPU 1496/1322
RAM 3277/3964MB (lfb 6x256kB) SWAP 1967/1982MB (cached 5MB) CPU [24%@1428,18%@1428,50%@1428,25%@1428] EMC_FREQ 0% GR3D_FREQ 99% PLL@69C CPU@75.5C PMIC@50C GPU@75C AO@78C thermal@75C POM_5V_IN 8588/6292 POM_5V_GPU 4206/2450 POM_5V_CPU 1456/1324
RAM 3277/3964MB (lfb 6x256kB) SWAP 1967/1982MB (cached 5MB) CPU [26%@1428,32%@1428,34%@1428,46%@1428] EMC_FREQ 0% GR3D_FREQ 99% PLL@69C CPU@75.5C PMIC@50C GPU@75.5C AO@78.5C thermal@75C POM_5V_IN 8669/6315 POM_5V_GPU 4247/2468 POM_5V_CPU 1577/1326
RAM 3277/3964MB (lfb 6x256kB) SWAP 1967/1982MB (cached 5MB) CPU [19%@1036,36%@1036,26%@1036,44%@1326] EMC_FREQ 0% GR3D_FREQ 99% PLL@69.5C CPU@75.5C PMIC@50C GPU@75.5C AO@78.5C thermal@75C POM_5V_IN 8629/6338 POM_5V_GPU 4247/2485 POM_5V_CPU 1617/1329
RAM 3276/3964MB (lfb 6x256kB) SWAP 1967/1982MB (cached 5MB) CPU [8%@1132,34%@1132,50%@1132,41%@1132] EMC_FREQ 0% GR3D_FREQ 98% PLL@69.5C CPU@75.5C PMIC@50C GPU@75.5C AO@78.5C thermal@75.75C POM_5V_IN 8467/6359 POM_5V_GPU 4247/2503 POM_5V_CPU 1456/1330
RAM 3276/3964MB (lfb 6x256kB) SWAP 1967/1982MB (cached 5MB) CPU [16%@1479,64%@1479,8%@1479,12%@1479] EMC_FREQ 0% GR3D_FREQ 98% PLL@70C CPU@76C PMIC@50C GPU@75.5C AO@79C thermal@75.75C POM_5V_IN 8669/6382 POM_5V_GPU 4247/2519 POM_5V_CPU 1577/1333
RAM 3276/3964MB (lfb 6x256kB) SWAP 1967/1982MB (cached 5MB) CPU [15%@1326,46%@1326,33%@1326,8%@1326] EMC_FREQ 0% GR3D_FREQ 98% PLL@69.5C CPU@76.5C PMIC@50C GPU@76C AO@79C thermal@75.75C POM_5V_IN 8629/6403 POM_5V_GPU 4247/2536 POM_5V_CPU 1577/1335
RAM 3276/3964MB (lfb 6x256kB) SWAP 1967/1982MB (cached 5MB) CPU [20%@1479,25%@1479,65%@1479,12%@1479] EMC_FREQ 0% GR3D_FREQ 98% PLL@70C CPU@76.5C PMIC@50C GPU@76C AO@79C thermal@75.75C POM_5V_IN 8750/6426 POM_5V_GPU 4206/2552 POM_5V_CPU 1617/1338
RAM 3276/3964MB (lfb 6x256kB) SWAP 1967/1982MB (cached 5MB) CPU [15%@825,32%@825,66%@825,15%@825] EMC_FREQ 0% GR3D_FREQ 99% PLL@70C CPU@76.5C PMIC@50C GPU@76.5C AO@79C thermal@76C POM_5V_IN 8669/6447 POM_5V_GPU 4247/2568 POM_5V_CPU 1537/1340
RAM 3276/3964MB (lfb 6x256kB) SWAP 1967/1982MB (cached 5MB) CPU [38%@1479,29%@1479,41%@1479,16%@1479] EMC_FREQ 0% GR3D_FREQ 99% PLL@70C CPU@76.5C PMIC@50C GPU@76.5C AO@79C thermal@76C POM_5V_IN 8791/6469 POM_5V_GPU 4247/2584 POM_5V_CPU 1698/1343
RAM 3277/3964MB (lfb 6x256kB) SWAP 1967/1982MB (cached 5MB) CPU [12%@1036,40%@1036,42%@1036,25%@1036] EMC_FREQ 0% GR3D_FREQ 98% PLL@70C CPU@77C PMIC@50C GPU@76.5C AO@79.5C thermal@76C POM_5V_IN 8629/6489 POM_5V_GPU 4287/2599 POM_5V_CPU 1537/1345
RAM 3277/3964MB (lfb 6x256kB) SWAP 1967/1982MB (cached 5MB) CPU [38%@1132,20%@1132,20%@1132,38%@1132] EMC_FREQ 0% GR3D_FREQ 98% PLL@70.5C CPU@77C PMIC@50C GPU@76.5C AO@79.5C thermal@76C POM_5V_IN 8791/6510 POM_5V_GPU 4247/2615 POM_5V_CPU 1658/1348
RAM 3277/3964MB (lfb 6x256kB) SWAP 1967/1982MB (cached 5MB) CPU [30%@921,24%@921,37%@921,28%@921] EMC_FREQ 0% GR3D_FREQ 99% PLL@70.5C CPU@77C PMIC@50C GPU@76.5C AO@79.5C thermal@76C POM_5V_IN 8669/6529 POM_5V_GPU 4287/2630 POM_5V_CPU 1537/1349
RAM 3277/3964MB (lfb 6x256kB) SWAP 1967/1982MB (cached 5MB) CPU [29%@921,17%@921,55%@921,16%@921] EMC_FREQ 0% GR3D_FREQ 99% PLL@70.5C CPU@77C PMIC@50C GPU@77C AO@80C thermal@76.75C POM_5V_IN 8710/6549 POM_5V_GPU 4287/2645 POM_5V_CPU 1617/1352
RAM 3277/3964MB (lfb 6x256kB) SWAP 1967/1982MB (cached 5MB) CPU [20%@1132,29%@1132,32%@1132,44%@1132] EMC_FREQ 0% GR3D_FREQ 98% PLL@70.5C CPU@77C PMIC@50C GPU@77C AO@80C thermal@76.75C POM_5V_IN 8710/6568 POM_5V_GPU 4287/2659 POM_5V_CPU 1537/1354
RAM 3277/3964MB (lfb 6x256kB) SWAP 1967/1982MB (cached 5MB) CPU [37%@1479,25%@1479,23%@1479,44%@1479] EMC_FREQ 0% GR3D_FREQ 98% PLL@71C CPU@77C PMIC@50C GPU@77C AO@80.5C thermal@76.75C POM_5V_IN 8831/6588 POM_5V_GPU 4247/2673 POM_5V_CPU 1698/1357
RAM 3265/3964MB (lfb 1x2MB) SWAP 1967/1982MB (cached 5MB) CPU [54%@1479,12%@1479,15%@1479,44%@1479] EMC_FREQ 0% GR3D_FREQ 0% PLL@69.5C CPU@74.5C PMIC@50C GPU@73.5C AO@80C thermal@76.75C POM_5V_IN 4273/6568 POM_5V_GPU 651/2656 POM_5V_CPU 1300/1356
RAM 3255/3964MB (lfb 4x2MB) SWAP 1967/1982MB (cached 5MB) CPU [89%@1479,0%@1479,8%@1479,7%@1479] EMC_FREQ 0% GR3D_FREQ 0% PLL@67.5C CPU@73C PMIC@50C GPU@71C AO@78C thermal@72.5C POM_5V_IN 3785/6544 POM_5V_GPU 325/2635 POM_5V_CPU 1221/1355
RAM 2648/3964MB (lfb 1x4MB) SWAP 1967/1982MB (cached 5MB) CPU [40%@1479,38%@1479,4%@1479,24%@1479] EMC_FREQ 0% GR3D_FREQ 0% PLL@66.5C CPU@71C PMIC@50C GPU@69.5C AO@76C thermal@72.5C POM_5V_IN 3826/6520 POM_5V_GPU 325/2615 POM_5V_CPU 1261/1354
