&&&& RUNNING TensorRT.trtexec [TensorRT v8001] # /usr/src/tensorrt/bin/trtexec --loadEngine=engines/tomato_yolov8n_cls_domainmix_pd5_umair_hard_int8.engine --warmUp=1000 --duration=20 --iterations=1000
[05/15/2026-03:21:30] [I] === Model Options ===
[05/15/2026-03:21:30] [I] Format: *
[05/15/2026-03:21:30] [I] Model: 
[05/15/2026-03:21:30] [I] Output:
[05/15/2026-03:21:30] [I] === Build Options ===
[05/15/2026-03:21:30] [I] Max batch: 1
[05/15/2026-03:21:30] [I] Workspace: 16 MiB
[05/15/2026-03:21:30] [I] minTiming: 1
[05/15/2026-03:21:30] [I] avgTiming: 8
[05/15/2026-03:21:30] [I] Precision: FP32
[05/15/2026-03:21:30] [I] Calibration: 
[05/15/2026-03:21:30] [I] Refit: Disabled
[05/15/2026-03:21:30] [I] Sparsity: Disabled
[05/15/2026-03:21:30] [I] Safe mode: Disabled
[05/15/2026-03:21:30] [I] Restricted mode: Disabled
[05/15/2026-03:21:30] [I] Save engine: 
[05/15/2026-03:21:30] [I] Load engine: engines/tomato_yolov8n_cls_domainmix_pd5_umair_hard_int8.engine
[05/15/2026-03:21:30] [I] NVTX verbosity: 0
[05/15/2026-03:21:30] [I] Tactic sources: Using default tactic sources
[05/15/2026-03:21:30] [I] timingCacheMode: local
[05/15/2026-03:21:30] [I] timingCacheFile: 
[05/15/2026-03:21:30] [I] Input(s)s format: fp32:CHW
[05/15/2026-03:21:30] [I] Output(s)s format: fp32:CHW
[05/15/2026-03:21:30] [I] Input build shapes: model
[05/15/2026-03:21:30] [I] Input calibration shapes: model
[05/15/2026-03:21:30] [I] === System Options ===
[05/15/2026-03:21:30] [I] Device: 0
[05/15/2026-03:21:30] [I] DLACore: 
[05/15/2026-03:21:30] [I] Plugins:
[05/15/2026-03:21:30] [I] === Inference Options ===
[05/15/2026-03:21:30] [I] Batch: 1
[05/15/2026-03:21:30] [I] Input inference shapes: model
[05/15/2026-03:21:30] [I] Iterations: 1000
[05/15/2026-03:21:30] [I] Duration: 20s (+ 1000ms warm up)
[05/15/2026-03:21:30] [I] Sleep time: 0ms
[05/15/2026-03:21:30] [I] Streams: 1
[05/15/2026-03:21:30] [I] ExposeDMA: Disabled
[05/15/2026-03:21:30] [I] Data transfers: Enabled
[05/15/2026-03:21:30] [I] Spin-wait: Disabled
[05/15/2026-03:21:30] [I] Multithreading: Disabled
[05/15/2026-03:21:30] [I] CUDA Graph: Disabled
[05/15/2026-03:21:30] [I] Separate profiling: Disabled
[05/15/2026-03:21:30] [I] Time Deserialize: Disabled
[05/15/2026-03:21:30] [I] Time Refit: Disabled
[05/15/2026-03:21:30] [I] Skip inference: Disabled
[05/15/2026-03:21:30] [I] Inputs:
[05/15/2026-03:21:30] [I] === Reporting Options ===
[05/15/2026-03:21:30] [I] Verbose: Disabled
[05/15/2026-03:21:30] [I] Averages: 10 inferences
[05/15/2026-03:21:30] [I] Percentile: 99
[05/15/2026-03:21:30] [I] Dump refittable layers:Disabled
[05/15/2026-03:21:30] [I] Dump output: Disabled
[05/15/2026-03:21:30] [I] Profile: Disabled
[05/15/2026-03:21:30] [I] Export timing to JSON file: 
[05/15/2026-03:21:30] [I] Export output to JSON file: 
[05/15/2026-03:21:30] [I] Export profile to JSON file: 
[05/15/2026-03:21:30] [I] 
[05/15/2026-03:21:30] [I] === Device Information ===
[05/15/2026-03:21:30] [I] Selected Device: NVIDIA Tegra X1
[05/15/2026-03:21:30] [I] Compute Capability: 5.3
[05/15/2026-03:21:30] [I] SMs: 1
[05/15/2026-03:21:30] [I] Compute Clock Rate: 0.9216 GHz
[05/15/2026-03:21:30] [I] Device Global Memory: 3964 MiB
[05/15/2026-03:21:30] [I] Shared Memory per SM: 64 KiB
[05/15/2026-03:21:30] [I] Memory Bus Width: 64 bits (ECC disabled)
[05/15/2026-03:21:30] [I] Memory Clock Rate: 0.01275 GHz
[05/15/2026-03:21:30] [I] 
[05/15/2026-03:21:30] [I] TensorRT version: 8001
[05/15/2026-03:21:32] [I] [TRT] [MemUsageChange] Init CUDA: CPU +202, GPU +0, now: CPU 226, GPU 3298 (MiB)
[05/15/2026-03:21:32] [I] [TRT] Loaded engine size: 5 MB
[05/15/2026-03:21:32] [I] [TRT] [MemUsageSnapshot] deserializeCudaEngine begin: CPU 226 MiB, GPU 3298 MiB
[05/15/2026-03:21:33] [I] [TRT] [MemUsageChange] Init cuBLAS/cuBLASLt: CPU +158, GPU +208, now: CPU 387, GPU 3509 (MiB)
[05/15/2026-03:21:35] [I] [TRT] [MemUsageChange] Init cuDNN: CPU +241, GPU +332, now: CPU 628, GPU 3841 (MiB)
[05/15/2026-03:21:35] [I] [TRT] [MemUsageChange] Init cuBLAS/cuBLASLt: CPU +0, GPU +0, now: CPU 628, GPU 3841 (MiB)
[05/15/2026-03:21:35] [I] [TRT] [MemUsageSnapshot] deserializeCudaEngine end: CPU 628 MiB, GPU 3841 MiB
[05/15/2026-03:21:35] [I] Engine loaded in 5.52858 sec.
[05/15/2026-03:21:35] [I] [TRT] [MemUsageSnapshot] ExecutionContext creation begin: CPU 622 MiB, GPU 3837 MiB
[05/15/2026-03:21:35] [I] [TRT] [MemUsageChange] Init cuBLAS/cuBLASLt: CPU +0, GPU +0, now: CPU 622, GPU 3837 (MiB)
[05/15/2026-03:21:35] [I] [TRT] [MemUsageChange] Init cuDNN: CPU +1, GPU +0, now: CPU 623, GPU 3837 (MiB)
[05/15/2026-03:21:36] [I] [TRT] [MemUsageSnapshot] ExecutionContext creation end: CPU 625 MiB, GPU 3850 MiB
[05/15/2026-03:21:36] [I] Created input binding for images with dimensions 1x3x224x224
[05/15/2026-03:21:36] [I] Created output binding for output0 with dimensions 1x10
[05/15/2026-03:21:36] [I] Starting inference
[05/15/2026-03:21:57] [I] Warmup completed 1 queries over 1000 ms
[05/15/2026-03:21:57] [I] Timing trace has 4726 queries over 18.8063 s
[05/15/2026-03:21:57] [I] 
[05/15/2026-03:21:57] [I] === Trace details ===
[05/15/2026-03:21:57] [I] Trace averages of 10 runs:
[05/15/2026-03:21:57] [I] Average on 10 runs - GPU latency: 10.1237 ms - Host latency: 10.2641 ms (end to end 10.2817 ms, enqueue 2.95547 ms)
[05/15/2026-03:21:57] [I] Average on 10 runs - GPU latency: 5.06052 ms - Host latency: 5.13159 ms (end to end 5.14282 ms, enqueue 2.47859 ms)
[05/15/2026-03:21:57] [I] Average on 10 runs - GPU latency: 4.26121 ms - Host latency: 4.32383 ms (end to end 4.33352 ms, enqueue 2.48027 ms)
[05/15/2026-03:21:57] [I] Average on 10 runs - GPU latency: 3.87996 ms - Host latency: 3.9418 ms (end to end 3.95127 ms, enqueue 2.6282 ms)
[05/15/2026-03:21:57] [I] Average on 10 runs - GPU latency: 3.88743 ms - Host latency: 3.94878 ms (end to end 3.95833 ms, enqueue 2.427 ms)
[05/15/2026-03:21:57] [I] Average on 10 runs - GPU latency: 3.89011 ms - Host latency: 3.95125 ms (end to end 3.96062 ms, enqueue 2.37869 ms)
[05/15/2026-03:21:57] [I] Average on 10 runs - GPU latency: 3.89211 ms - Host latency: 3.95337 ms (end to end 3.96277 ms, enqueue 2.38682 ms)
[05/15/2026-03:21:57] [I] Average on 10 runs - GPU latency: 3.88879 ms - Host latency: 3.9502 ms (end to end 3.95967 ms, enqueue 2.36609 ms)
[05/15/2026-03:21:57] [I] Average on 10 runs - GPU latency: 3.89368 ms - Host latency: 3.9552 ms (end to end 3.96462 ms, enqueue 2.3667 ms)
[05/15/2026-03:21:57] [I] Average on 10 runs - GPU latency: 3.89309 ms - Host latency: 3.95471 ms (end to end 3.96411 ms, enqueue 2.49985 ms)
[05/15/2026-03:21:57] [I] Average on 10 runs - GPU latency: 3.88325 ms - Host latency: 3.94485 ms (end to end 3.95427 ms, enqueue 2.55327 ms)
[05/15/2026-03:21:57] [I] Average on 10 runs - GPU latency: 3.87712 ms - Host latency: 3.93926 ms (end to end 3.94829 ms, enqueue 2.8759 ms)
[05/15/2026-03:21:57] [I] Average on 10 runs - GPU latency: 3.87292 ms - Host latency: 3.93386 ms (end to end 3.94324 ms, enqueue 2.78022 ms)
[05/15/2026-03:21:57] [I] Average on 10 runs - GPU latency: 3.87593 ms - Host latency: 3.93723 ms (end to end 3.94746 ms, enqueue 2.87485 ms)
[05/15/2026-03:21:57] [I] Average on 10 runs - GPU latency: 3.8741 ms - Host latency: 3.93518 ms (end to end 3.94478 ms, enqueue 2.8916 ms)
[05/15/2026-03:21:57] [I] Average on 10 runs - GPU latency: 3.87693 ms - Host latency: 3.93918 ms (end to end 3.94829 ms, enqueue 2.91875 ms)
[05/15/2026-03:21:57] [I] Average on 10 runs - GPU latency: 3.88303 ms - Host latency: 3.94416 ms (end to end 3.95354 ms, enqueue 2.68254 ms)
[05/15/2026-03:21:57] [I] Average on 10 runs - GPU latency: 3.87163 ms - Host latency: 3.93342 ms (end to end 3.94255 ms, enqueue 2.89399 ms)
[05/15/2026-03:21:57] [I] Average on 10 runs - GPU latency: 3.86997 ms - Host latency: 3.93184 ms (end to end 3.94419 ms, enqueue 3.18335 ms)
[05/15/2026-03:21:57] [I] Average on 10 runs - GPU latency: 3.88105 ms - Host latency: 3.94248 ms (end to end 3.95237 ms, enqueue 2.69597 ms)
[05/15/2026-03:21:57] [I] Average on 10 runs - GPU latency: 3.87917 ms - Host latency: 3.94065 ms (end to end 3.95 ms, enqueue 2.71416 ms)
[05/15/2026-03:21:57] [I] Average on 10 runs - GPU latency: 3.87634 ms - Host latency: 3.93726 ms (end to end 3.94678 ms, enqueue 2.88796 ms)
[05/15/2026-03:21:57] [I] Average on 10 runs - GPU latency: 3.88057 ms - Host latency: 3.94204 ms (end to end 3.95159 ms, enqueue 2.73906 ms)
[05/15/2026-03:21:57] [I] Average on 10 runs - GPU latency: 3.89214 ms - Host latency: 3.95337 ms (end to end 3.96272 ms, enqueue 2.49124 ms)
[05/15/2026-03:21:57] [I] Average on 10 runs - GPU latency: 3.87363 ms - Host latency: 3.93501 ms (end to end 3.94509 ms, enqueue 2.98762 ms)
[05/15/2026-03:21:57] [I] Average on 10 runs - GPU latency: 3.87358 ms - Host latency: 3.93494 ms (end to end 3.94412 ms, enqueue 2.92356 ms)
[05/15/2026-03:21:57] [I] Average on 10 runs - GPU latency: 3.87356 ms - Host latency: 3.93523 ms (end to end 3.94648 ms, enqueue 3.10659 ms)
[05/15/2026-03:21:57] [I] Average on 10 runs - GPU latency: 3.88809 ms - Host latency: 3.94941 ms (end to end 3.95833 ms, enqueue 2.68438 ms)
[05/15/2026-03:21:57] [I] Average on 10 runs - GPU latency: 3.87539 ms - Host latency: 3.93669 ms (end to end 3.94592 ms, enqueue 2.7 ms)
[05/15/2026-03:21:57] [I] Average on 10 runs - GPU latency: 3.87905 ms - Host latency: 3.94045 ms (end to end 3.94985 ms, enqueue 2.7542 ms)
[05/15/2026-03:21:57] [I] Average on 10 runs - GPU latency: 3.87239 ms - Host latency: 3.9332 ms (end to end 3.9427 ms, enqueue 3.00398 ms)
[05/15/2026-03:21:57] [I] Average on 10 runs - GPU latency: 3.86829 ms - Host latency: 3.92993 ms (end to end 3.94009 ms, enqueue 2.9989 ms)
[05/15/2026-03:21:57] [I] Average on 10 runs - GPU latency: 3.86394 ms - Host latency: 3.92627 ms (end to end 3.93728 ms, enqueue 3.15371 ms)
[05/15/2026-03:21:57] [I] Average on 10 runs - GPU latency: 3.8769 ms - Host latency: 3.93877 ms (end to end 3.94871 ms, enqueue 3.09888 ms)
[05/15/2026-03:21:57] [I] Average on 10 runs - GPU latency: 3.86589 ms - Host latency: 3.92749 ms (end to end 3.93779 ms, enqueue 3.14504 ms)
[05/15/2026-03:21:57] [I] Average on 10 runs - GPU latency: 3.8856 ms - Host latency: 3.94712 ms (end to end 3.95854 ms, enqueue 2.71401 ms)
[05/15/2026-03:21:57] [I] Average on 10 runs - GPU latency: 3.88445 ms - Host latency: 3.94609 ms (end to end 3.95557 ms, enqueue 2.7697 ms)
[05/15/2026-03:21:57] [I] Average on 10 runs - GPU latency: 3.87678 ms - Host latency: 3.93831 ms (end to end 3.94773 ms, enqueue 2.90962 ms)
[05/15/2026-03:21:57] [I] Average on 10 runs - GPU latency: 3.87336 ms - Host latency: 3.93472 ms (end to end 3.94412 ms, enqueue 2.94399 ms)
[05/15/2026-03:21:57] [I] Average on 10 runs - GPU latency: 3.87456 ms - Host latency: 3.93633 ms (end to end 3.94648 ms, enqueue 2.96873 ms)
[05/15/2026-03:21:57] [I] Average on 10 runs - GPU latency: 3.86829 ms - Host latency: 3.93018 ms (end to end 3.9394 ms, enqueue 2.99314 ms)
[05/15/2026-03:21:57] [I] Average on 10 runs - GPU latency: 3.86658 ms - Host latency: 3.92815 ms (end to end 3.94053 ms, enqueue 3.32356 ms)
[05/15/2026-03:21:57] [I] Average on 10 runs - GPU latency: 3.88416 ms - Host latency: 3.94609 ms (end to end 3.95571 ms, enqueue 2.74312 ms)
[05/15/2026-03:21:57] [I] Average on 10 runs - GPU latency: 3.89158 ms - Host latency: 3.95286 ms (end to end 3.96223 ms, enqueue 2.47947 ms)
[05/15/2026-03:21:57] [I] Average on 10 runs - GPU latency: 3.88525 ms - Host latency: 3.94668 ms (end to end 3.95618 ms, enqueue 2.65576 ms)
[05/15/2026-03:21:57] [I] Average on 10 runs - GPU latency: 3.87024 ms - Host latency: 3.93162 ms (end to end 3.94097 ms, enqueue 2.95002 ms)
[05/15/2026-03:21:57] [I] Average on 10 runs - GPU latency: 3.87671 ms - Host latency: 3.93818 ms (end to end 3.94854 ms, enqueue 2.9374 ms)
[05/15/2026-03:21:57] [I] Average on 10 runs - GPU latency: 3.87275 ms - Host latency: 3.93472 ms (end to end 3.94526 ms, enqueue 3.13403 ms)
[05/15/2026-03:21:57] [I] Average on 10 runs - GPU latency: 3.873 ms - Host latency: 3.9352 ms (end to end 3.94443 ms, enqueue 2.92778 ms)
[05/15/2026-03:21:57] [I] Average on 10 runs - GPU latency: 3.88027 ms - Host latency: 3.94253 ms (end to end 3.95186 ms, enqueue 2.82554 ms)
[05/15/2026-03:21:57] [I] Average on 10 runs - GPU latency: 3.8812 ms - Host latency: 3.94277 ms (end to end 3.95464 ms, enqueue 2.85771 ms)
[05/15/2026-03:21:57] [I] Average on 10 runs - GPU latency: 3.87739 ms - Host latency: 3.93857 ms (end to end 3.94834 ms, enqueue 2.78398 ms)
[05/15/2026-03:21:57] [I] Average on 10 runs - GPU latency: 3.87441 ms - Host latency: 3.93545 ms (end to end 3.94482 ms, enqueue 2.82896 ms)
[05/15/2026-03:21:57] [I] Average on 10 runs - GPU latency: 3.87651 ms - Host latency: 3.9373 ms (end to end 3.94609 ms, enqueue 2.8102 ms)
[05/15/2026-03:21:57] [I] Average on 10 runs - GPU latency: 3.87646 ms - Host latency: 3.93784 ms (end to end 3.94771 ms, enqueue 3.07676 ms)
[05/15/2026-03:21:57] [I] Average on 10 runs - GPU latency: 3.88608 ms - Host latency: 3.94741 ms (end to end 3.95688 ms, enqueue 2.53252 ms)
[05/15/2026-03:21:57] [I] Average on 10 runs - GPU latency: 3.89448 ms - Host latency: 3.95596 ms (end to end 3.96543 ms, enqueue 2.4894 ms)
[05/15/2026-03:21:57] [I] Average on 10 runs - GPU latency: 3.90054 ms - Host latency: 3.96152 ms (end to end 3.97085 ms, enqueue 2.37119 ms)
[05/15/2026-03:21:57] [I] Average on 10 runs - GPU latency: 3.89287 ms - Host latency: 3.95464 ms (end to end 3.96396 ms, enqueue 2.34663 ms)
[05/15/2026-03:21:57] [I] Average on 10 runs - GPU latency: 3.89233 ms - Host latency: 3.95332 ms (end to end 3.96274 ms, enqueue 2.36602 ms)
[05/15/2026-03:21:57] [I] Average on 10 runs - GPU latency: 3.89175 ms - Host latency: 3.95327 ms (end to end 3.96255 ms, enqueue 2.43218 ms)
[05/15/2026-03:21:57] [I] Average on 10 runs - GPU latency: 3.8894 ms - Host latency: 3.95049 ms (end to end 3.96001 ms, enqueue 2.4541 ms)
[05/15/2026-03:21:57] [I] Average on 10 runs - GPU latency: 3.88569 ms - Host latency: 3.94731 ms (end to end 3.95674 ms, enqueue 2.48457 ms)
[05/15/2026-03:21:57] [I] Average on 10 runs - GPU latency: 3.89746 ms - Host latency: 3.95889 ms (end to end 3.96812 ms, enqueue 2.40645 ms)
[05/15/2026-03:21:57] [I] Average on 10 runs - GPU latency: 3.88228 ms - Host latency: 3.9436 ms (end to end 3.95303 ms, enqueue 2.68687 ms)
[05/15/2026-03:21:57] [I] Average on 10 runs - GPU latency: 3.86978 ms - Host latency: 3.93135 ms (end to end 3.94106 ms, enqueue 3.05098 ms)
[05/15/2026-03:21:57] [I] Average on 10 runs - GPU latency: 3.89326 ms - Host latency: 3.95459 ms (end to end 3.96479 ms, enqueue 2.55386 ms)
[05/15/2026-03:21:57] [I] Average on 10 runs - GPU latency: 3.89966 ms - Host latency: 3.96069 ms (end to end 3.97012 ms, enqueue 2.33101 ms)
[05/15/2026-03:21:57] [I] Average on 10 runs - GPU latency: 3.88989 ms - Host latency: 3.95176 ms (end to end 3.96133 ms, enqueue 2.42974 ms)
[05/15/2026-03:21:57] [I] Average on 10 runs - GPU latency: 3.8686 ms - Host latency: 3.93086 ms (end to end 3.94146 ms, enqueue 3.08047 ms)
[05/15/2026-03:21:57] [I] Average on 10 runs - GPU latency: 3.89375 ms - Host latency: 3.95503 ms (end to end 3.96445 ms, enqueue 2.48882 ms)
[05/15/2026-03:21:57] [I] Average on 10 runs - GPU latency: 3.89731 ms - Host latency: 3.9583 ms (end to end 3.96772 ms, enqueue 2.44844 ms)
[05/15/2026-03:21:57] [I] Average on 10 runs - GPU latency: 3.88711 ms - Host latency: 3.94829 ms (end to end 3.95791 ms, enqueue 2.66035 ms)
[05/15/2026-03:21:57] [I] Average on 10 runs - GPU latency: 3.88081 ms - Host latency: 3.94185 ms (end to end 3.95117 ms, enqueue 2.66367 ms)
[05/15/2026-03:21:57] [I] Average on 10 runs - GPU latency: 3.87959 ms - Host latency: 3.94111 ms (end to end 3.95146 ms, enqueue 2.90254 ms)
[05/15/2026-03:21:57] [I] Average on 10 runs - GPU latency: 3.87539 ms - Host latency: 3.93745 ms (end to end 3.94741 ms, enqueue 2.95127 ms)
[05/15/2026-03:21:57] [I] Average on 10 runs - GPU latency: 3.89512 ms - Host latency: 3.95645 ms (end to end 3.96572 ms, enqueue 2.47739 ms)
[05/15/2026-03:21:57] [I] Average on 10 runs - GPU latency: 3.89858 ms - Host latency: 3.96016 ms (end to end 3.96934 ms, enqueue 2.36753 ms)
[05/15/2026-03:21:57] [I] Average on 10 runs - GPU latency: 3.89512 ms - Host latency: 3.95615 ms (end to end 3.96567 ms, enqueue 2.35635 ms)
[05/15/2026-03:21:57] [I] Average on 10 runs - GPU latency: 3.89507 ms - Host latency: 3.9561 ms (end to end 3.96567 ms, enqueue 2.3793 ms)
[05/15/2026-03:21:57] [I] Average on 10 runs - GPU latency: 3.88994 ms - Host latency: 3.95132 ms (end to end 3.96074 ms, enqueue 2.40659 ms)
[05/15/2026-03:21:57] [I] Average on 10 runs - GPU latency: 3.88877 ms - Host latency: 3.95 ms (end to end 3.95942 ms, enqueue 2.4668 ms)
[05/15/2026-03:21:57] [I] Average on 10 runs - GPU latency: 3.89087 ms - Host latency: 3.9522 ms (end to end 3.96182 ms, enqueue 2.47896 ms)
[05/15/2026-03:21:57] [I] Average on 10 runs - GPU latency: 3.89687 ms - Host latency: 3.9582 ms (end to end 3.96777 ms, enqueue 2.43477 ms)
[05/15/2026-03:21:57] [I] Average on 10 runs - GPU latency: 3.87632 ms - Host latency: 3.93774 ms (end to end 3.94722 ms, enqueue 2.73599 ms)
[05/15/2026-03:21:57] [I] Average on 10 runs - GPU latency: 3.87314 ms - Host latency: 3.93472 ms (end to end 3.94321 ms, enqueue 3.0019 ms)
[05/15/2026-03:21:57] [I] Average on 10 runs - GPU latency: 3.86997 ms - Host latency: 3.93232 ms (end to end 3.94341 ms, enqueue 3.17017 ms)
[05/15/2026-03:21:57] [I] Average on 10 runs - GPU latency: 3.87837 ms - Host latency: 3.94009 ms (end to end 3.95024 ms, enqueue 2.90981 ms)
[05/15/2026-03:21:57] [I] Average on 10 runs - GPU latency: 3.87476 ms - Host latency: 3.93604 ms (end to end 3.94629 ms, enqueue 2.97017 ms)
[05/15/2026-03:21:57] [I] Average on 10 runs - GPU latency: 3.88833 ms - Host latency: 3.9502 ms (end to end 3.95952 ms, enqueue 2.57891 ms)
[05/15/2026-03:21:57] [I] Average on 10 runs - GPU latency: 3.87583 ms - Host latency: 3.93711 ms (end to end 3.94658 ms, enqueue 2.77427 ms)
[05/15/2026-03:21:57] [I] Average on 10 runs - GPU latency: 3.87822 ms - Host latency: 3.93955 ms (end to end 3.94907 ms, enqueue 2.92153 ms)
[05/15/2026-03:21:57] [I] Average on 10 runs - GPU latency: 3.8709 ms - Host latency: 3.93228 ms (end to end 3.94194 ms, enqueue 2.93145 ms)
[05/15/2026-03:21:57] [I] Average on 10 runs - GPU latency: 3.8769 ms - Host latency: 3.93833 ms (end to end 3.94917 ms, enqueue 2.98032 ms)
[05/15/2026-03:21:57] [I] Average on 10 runs - GPU latency: 3.86978 ms - Host latency: 3.93213 ms (end to end 3.94238 ms, enqueue 3.07358 ms)
[05/15/2026-03:21:57] [I] Average on 10 runs - GPU latency: 3.87227 ms - Host latency: 3.93452 ms (end to end 3.94575 ms, enqueue 3.20791 ms)
[05/15/2026-03:21:57] [I] Average on 10 runs - GPU latency: 3.88789 ms - Host latency: 3.94917 ms (end to end 3.95874 ms, enqueue 2.73018 ms)
[05/15/2026-03:21:57] [I] Average on 10 runs - GPU latency: 3.8895 ms - Host latency: 3.95039 ms (end to end 3.95986 ms, enqueue 2.59834 ms)
[05/15/2026-03:21:57] [I] Average on 10 runs - GPU latency: 3.88354 ms - Host latency: 3.94482 ms (end to end 3.9543 ms, enqueue 2.72998 ms)
[05/15/2026-03:21:57] [I] Average on 10 runs - GPU latency: 3.8771 ms - Host latency: 3.93862 ms (end to end 3.94805 ms, enqueue 2.96055 ms)
[05/15/2026-03:21:57] [I] Average on 10 runs - GPU latency: 3.87949 ms - Host latency: 3.94087 ms (end to end 3.95029 ms, enqueue 2.82896 ms)
[05/15/2026-03:21:57] [I] Average on 10 runs - GPU latency: 3.89946 ms - Host latency: 3.96064 ms (end to end 3.96997 ms, enqueue 2.38589 ms)
[05/15/2026-03:21:57] [I] Average on 10 runs - GPU latency: 3.89175 ms - Host latency: 3.95303 ms (end to end 3.96245 ms, enqueue 2.5228 ms)
[05/15/2026-03:21:57] [I] Average on 10 runs - GPU latency: 3.88218 ms - Host latency: 3.94458 ms (end to end 3.95508 ms, enqueue 2.84224 ms)
[05/15/2026-03:21:57] [I] Average on 10 runs - GPU latency: 3.8644 ms - Host latency: 3.92578 ms (end to end 3.93604 ms, enqueue 3.07744 ms)
[05/15/2026-03:21:57] [I] Average on 10 runs - GPU latency: 3.87808 ms - Host latency: 3.93989 ms (end to end 3.95142 ms, enqueue 3.08379 ms)
[05/15/2026-03:21:57] [I] Average on 10 runs - GPU latency: 3.87344 ms - Host latency: 3.93491 ms (end to end 3.94395 ms, enqueue 2.87891 ms)
[05/15/2026-03:21:57] [I] Average on 10 runs - GPU latency: 3.88638 ms - Host latency: 3.94756 ms (end to end 3.95688 ms, enqueue 2.71167 ms)
[05/15/2026-03:21:57] [I] Average on 10 runs - GPU latency: 3.87295 ms - Host latency: 3.93423 ms (end to end 3.9436 ms, enqueue 3.07764 ms)
[05/15/2026-03:21:57] [I] Average on 10 runs - GPU latency: 3.87847 ms - Host latency: 3.94028 ms (end to end 3.94995 ms, enqueue 2.8835 ms)
[05/15/2026-03:21:57] [I] Average on 10 runs - GPU latency: 3.89985 ms - Host latency: 3.96069 ms (end to end 3.96997 ms, enqueue 2.39575 ms)
[05/15/2026-03:21:57] [I] Average on 10 runs - GPU latency: 3.91167 ms - Host latency: 3.97305 ms (end to end 3.98252 ms, enqueue 2.27959 ms)
[05/15/2026-03:21:57] [I] Average on 10 runs - GPU latency: 3.8915 ms - Host latency: 3.95239 ms (end to end 3.96128 ms, enqueue 2.42378 ms)
[05/15/2026-03:21:57] [I] Average on 10 runs - GPU latency: 3.88579 ms - Host latency: 3.9479 ms (end to end 3.95879 ms, enqueue 2.7666 ms)
[05/15/2026-03:21:57] [I] Average on 10 runs - GPU latency: 3.8999 ms - Host latency: 3.96079 ms (end to end 3.97031 ms, enqueue 2.36055 ms)
[05/15/2026-03:21:57] [I] Average on 10 runs - GPU latency: 3.89697 ms - Host latency: 3.95811 ms (end to end 3.96748 ms, enqueue 2.39639 ms)
[05/15/2026-03:21:57] [I] Average on 10 runs - GPU latency: 3.89165 ms - Host latency: 3.95273 ms (end to end 3.96226 ms, enqueue 2.48345 ms)
[05/15/2026-03:21:57] [I] Average on 10 runs - GPU latency: 3.89771 ms - Host latency: 3.95898 ms (end to end 3.96841 ms, enqueue 2.3814 ms)
[05/15/2026-03:21:57] [I] Average on 10 runs - GPU latency: 3.89644 ms - Host latency: 3.95762 ms (end to end 3.96714 ms, enqueue 2.38594 ms)
[05/15/2026-03:21:57] [I] Average on 10 runs - GPU latency: 3.89673 ms - Host latency: 3.95786 ms (end to end 3.96733 ms, enqueue 2.371 ms)
[05/15/2026-03:21:57] [I] Average on 10 runs - GPU latency: 3.88931 ms - Host latency: 3.95068 ms (end to end 3.96011 ms, enqueue 2.46006 ms)
[05/15/2026-03:21:57] [I] Average on 10 runs - GPU latency: 3.8915 ms - Host latency: 3.95264 ms (end to end 3.96211 ms, enqueue 2.36128 ms)
[05/15/2026-03:21:57] [I] Average on 10 runs - GPU latency: 3.89209 ms - Host latency: 3.95332 ms (end to end 3.9627 ms, enqueue 2.44883 ms)
[05/15/2026-03:21:57] [I] Average on 10 runs - GPU latency: 3.89365 ms - Host latency: 3.95537 ms (end to end 3.96475 ms, enqueue 2.40918 ms)
[05/15/2026-03:21:57] [I] Average on 10 runs - GPU latency: 3.89614 ms - Host latency: 3.95728 ms (end to end 3.96665 ms, enqueue 2.36118 ms)
[05/15/2026-03:21:57] [I] Average on 10 runs - GPU latency: 3.902 ms - Host latency: 3.96318 ms (end to end 3.97266 ms, enqueue 2.32988 ms)
[05/15/2026-03:21:57] [I] Average on 10 runs - GPU latency: 3.90142 ms - Host latency: 3.96245 ms (end to end 3.97178 ms, enqueue 2.3708 ms)
[05/15/2026-03:21:57] [I] Average on 10 runs - GPU latency: 3.88472 ms - Host latency: 3.94595 ms (end to end 3.95581 ms, enqueue 2.69292 ms)
[05/15/2026-03:21:57] [I] Average on 10 runs - GPU latency: 3.88423 ms - Host latency: 3.94517 ms (end to end 3.95508 ms, enqueue 2.76738 ms)
[05/15/2026-03:21:57] [I] Average on 10 runs - GPU latency: 3.88843 ms - Host latency: 3.94995 ms (end to end 3.95937 ms, enqueue 2.73848 ms)
[05/15/2026-03:21:57] [I] Average on 10 runs - GPU latency: 3.88042 ms - Host latency: 3.9418 ms (end to end 3.95098 ms, enqueue 2.7166 ms)
[05/15/2026-03:21:57] [I] Average on 10 runs - GPU latency: 3.87764 ms - Host latency: 3.93892 ms (end to end 3.94844 ms, enqueue 3.03682 ms)
[05/15/2026-03:21:57] [I] Average on 10 runs - GPU latency: 3.8708 ms - Host latency: 3.93296 ms (end to end 3.94272 ms, enqueue 2.96416 ms)
[05/15/2026-03:21:57] [I] Average on 10 runs - GPU latency: 3.87524 ms - Host latency: 3.93706 ms (end to end 3.94639 ms, enqueue 2.83379 ms)
[05/15/2026-03:21:57] [I] Average on 10 runs - GPU latency: 3.90142 ms - Host latency: 3.96357 ms (end to end 3.97285 ms, enqueue 2.39785 ms)
[05/15/2026-03:21:57] [I] Average on 10 runs - GPU latency: 3.94346 ms - Host latency: 4.04053 ms (end to end 4.06543 ms, enqueue 3.80049 ms)
[05/15/2026-03:21:57] [I] Average on 10 runs - GPU latency: 3.89233 ms - Host latency: 3.95444 ms (end to end 3.96357 ms, enqueue 2.56582 ms)
[05/15/2026-03:21:57] [I] Average on 10 runs - GPU latency: 3.90127 ms - Host latency: 3.96274 ms (end to end 3.97227 ms, enqueue 2.32715 ms)
[05/15/2026-03:21:57] [I] Average on 10 runs - GPU latency: 3.90801 ms - Host latency: 3.96968 ms (end to end 3.9791 ms, enqueue 2.32036 ms)
[05/15/2026-03:21:57] [I] Average on 10 runs - GPU latency: 3.8938 ms - Host latency: 3.95493 ms (end to end 3.96445 ms, enqueue 2.49019 ms)
[05/15/2026-03:21:57] [I] Average on 10 runs - GPU latency: 3.88862 ms - Host latency: 3.94985 ms (end to end 3.95967 ms, enqueue 2.66577 ms)
[05/15/2026-03:21:57] [I] Average on 10 runs - GPU latency: 3.88652 ms - Host latency: 3.94761 ms (end to end 3.95693 ms, enqueue 2.62832 ms)
[05/15/2026-03:21:57] [I] Average on 10 runs - GPU latency: 3.88208 ms - Host latency: 3.94375 ms (end to end 3.95312 ms, enqueue 2.87881 ms)
[05/15/2026-03:21:57] [I] Average on 10 runs - GPU latency: 3.88281 ms - Host latency: 3.94351 ms (end to end 3.95298 ms, enqueue 2.81841 ms)
[05/15/2026-03:21:57] [I] Average on 10 runs - GPU latency: 3.87705 ms - Host latency: 3.93813 ms (end to end 3.94741 ms, enqueue 2.8854 ms)
[05/15/2026-03:21:57] [I] Average on 10 runs - GPU latency: 3.87197 ms - Host latency: 3.93364 ms (end to end 3.94482 ms, enqueue 3.0374 ms)
[05/15/2026-03:21:57] [I] Average on 10 runs - GPU latency: 3.8689 ms - Host latency: 3.93149 ms (end to end 3.94194 ms, enqueue 2.99912 ms)
[05/15/2026-03:21:57] [I] Average on 10 runs - GPU latency: 3.86914 ms - Host latency: 3.93101 ms (end to end 3.94292 ms, enqueue 3.18413 ms)
[05/15/2026-03:21:57] [I] Average on 10 runs - GPU latency: 3.88179 ms - Host latency: 3.94341 ms (end to end 3.95283 ms, enqueue 2.72051 ms)
[05/15/2026-03:21:57] [I] Average on 10 runs - GPU latency: 3.89009 ms - Host latency: 3.95093 ms (end to end 3.96021 ms, enqueue 2.53794 ms)
[05/15/2026-03:21:57] [I] Average on 10 runs - GPU latency: 3.88467 ms - Host latency: 3.9458 ms (end to end 3.95518 ms, enqueue 2.65674 ms)
[05/15/2026-03:21:57] [I] Average on 10 runs - GPU latency: 3.87607 ms - Host latency: 3.93701 ms (end to end 3.94639 ms, enqueue 2.94541 ms)
[05/15/2026-03:21:57] [I] Average on 10 runs - GPU latency: 3.89043 ms - Host latency: 3.95205 ms (end to end 3.96143 ms, enqueue 2.59619 ms)
[05/15/2026-03:21:57] [I] Average on 10 runs - GPU latency: 3.89756 ms - Host latency: 3.9585 ms (end to end 3.96777 ms, enqueue 2.46787 ms)
[05/15/2026-03:21:57] [I] Average on 10 runs - GPU latency: 3.90205 ms - Host latency: 3.96328 ms (end to end 3.97266 ms, enqueue 2.34717 ms)
[05/15/2026-03:21:57] [I] Average on 10 runs - GPU latency: 3.89658 ms - Host latency: 3.95879 ms (end to end 3.96807 ms, enqueue 2.34063 ms)
[05/15/2026-03:21:57] [I] Average on 10 runs - GPU latency: 3.90137 ms - Host latency: 3.9626 ms (end to end 3.97217 ms, enqueue 2.45322 ms)
[05/15/2026-03:21:57] [I] Average on 10 runs - GPU latency: 3.88662 ms - Host latency: 3.94824 ms (end to end 3.95693 ms, enqueue 2.5958 ms)
[05/15/2026-03:21:57] [I] Average on 10 runs - GPU latency: 3.88916 ms - Host latency: 3.95049 ms (end to end 3.96094 ms, enqueue 2.81201 ms)
[05/15/2026-03:21:57] [I] Average on 10 runs - GPU latency: 3.87871 ms - Host latency: 3.94023 ms (end to end 3.95059 ms, enqueue 2.85098 ms)
[05/15/2026-03:21:57] [I] Average on 10 runs - GPU latency: 3.89248 ms - Host latency: 3.95391 ms (end to end 3.96338 ms, enqueue 2.57197 ms)
[05/15/2026-03:21:57] [I] Average on 10 runs - GPU latency: 3.87686 ms - Host latency: 3.93818 ms (end to end 3.94775 ms, enqueue 2.76328 ms)
[05/15/2026-03:21:57] [I] Average on 10 runs - GPU latency: 3.88545 ms - Host latency: 3.94648 ms (end to end 3.95596 ms, enqueue 2.83027 ms)
[05/15/2026-03:21:57] [I] Average on 10 runs - GPU latency: 3.87236 ms - Host latency: 3.93379 ms (end to end 3.94463 ms, enqueue 2.92646 ms)
[05/15/2026-03:21:57] [I] Average on 10 runs - GPU latency: 3.87979 ms - Host latency: 3.94121 ms (end to end 3.9502 ms, enqueue 2.81172 ms)
[05/15/2026-03:21:57] [I] Average on 10 runs - GPU latency: 3.88018 ms - Host latency: 3.94209 ms (end to end 3.95225 ms, enqueue 2.87803 ms)
[05/15/2026-03:21:57] [I] Average on 10 runs - GPU latency: 3.88359 ms - Host latency: 3.94531 ms (end to end 3.9543 ms, enqueue 2.85664 ms)
[05/15/2026-03:21:57] [I] Average on 10 runs - GPU latency: 3.87188 ms - Host latency: 3.9335 ms (end to end 3.94336 ms, enqueue 2.9292 ms)
[05/15/2026-03:21:57] [I] Average on 10 runs - GPU latency: 3.88867 ms - Host latency: 3.95 ms (end to end 3.95977 ms, enqueue 2.67256 ms)
[05/15/2026-03:21:57] [I] Average on 10 runs - GPU latency: 3.87979 ms - Host latency: 3.94111 ms (end to end 3.95039 ms, enqueue 2.73311 ms)
[05/15/2026-03:21:57] [I] Average on 10 runs - GPU latency: 3.8834 ms - Host latency: 3.94482 ms (end to end 3.9542 ms, enqueue 2.76074 ms)
[05/15/2026-03:21:57] [I] Average on 10 runs - GPU latency: 3.87598 ms - Host latency: 3.9376 ms (end to end 3.94717 ms, enqueue 2.90957 ms)
[05/15/2026-03:21:57] [I] Average on 10 runs - GPU latency: 3.90098 ms - Host latency: 3.9623 ms (end to end 3.97139 ms, enqueue 2.47256 ms)
[05/15/2026-03:21:57] [I] Average on 10 runs - GPU latency: 3.90615 ms - Host latency: 3.96738 ms (end to end 3.97666 ms, enqueue 2.3252 ms)
[05/15/2026-03:21:57] [I] Average on 10 runs - GPU latency: 3.89414 ms - Host latency: 3.95537 ms (end to end 3.96465 ms, enqueue 2.39541 ms)
[05/15/2026-03:21:57] [I] Average on 10 runs - GPU latency: 3.89961 ms - Host latency: 3.96211 ms (end to end 3.97129 ms, enqueue 2.34609 ms)
[05/15/2026-03:21:57] [I] Average on 10 runs - GPU latency: 3.9043 ms - Host latency: 3.96611 ms (end to end 3.97588 ms, enqueue 2.42021 ms)
[05/15/2026-03:21:57] [I] Average on 10 runs - GPU latency: 3.89658 ms - Host latency: 3.95771 ms (end to end 3.96729 ms, enqueue 2.5249 ms)
[05/15/2026-03:21:57] [I] Average on 10 runs - GPU latency: 3.89004 ms - Host latency: 3.95107 ms (end to end 3.96045 ms, enqueue 2.63896 ms)
[05/15/2026-03:21:57] [I] Average on 10 runs - GPU latency: 3.89707 ms - Host latency: 3.9583 ms (end to end 3.96777 ms, enqueue 2.39521 ms)
[05/15/2026-03:21:57] [I] Average on 10 runs - GPU latency: 3.89697 ms - Host latency: 3.95771 ms (end to end 3.96719 ms, enqueue 2.38047 ms)
[05/15/2026-03:21:57] [I] Average on 10 runs - GPU latency: 3.9002 ms - Host latency: 3.96104 ms (end to end 3.97061 ms, enqueue 2.36182 ms)
[05/15/2026-03:21:57] [I] Average on 10 runs - GPU latency: 3.89736 ms - Host latency: 3.95918 ms (end to end 3.96875 ms, enqueue 2.50449 ms)
[05/15/2026-03:21:57] [I] Average on 10 runs - GPU latency: 3.89629 ms - Host latency: 3.95752 ms (end to end 3.96641 ms, enqueue 2.45508 ms)
[05/15/2026-03:21:57] [I] Average on 10 runs - GPU latency: 3.88672 ms - Host latency: 3.94805 ms (end to end 3.95713 ms, enqueue 2.7751 ms)
[05/15/2026-03:21:57] [I] Average on 10 runs - GPU latency: 3.87334 ms - Host latency: 3.93438 ms (end to end 3.94443 ms, enqueue 3.0416 ms)
[05/15/2026-03:21:57] [I] Average on 10 runs - GPU latency: 3.879 ms - Host latency: 3.94082 ms (end to end 3.95117 ms, enqueue 2.94502 ms)
[05/15/2026-03:21:57] [I] Average on 10 runs - GPU latency: 3.86865 ms - Host latency: 3.93066 ms (end to end 3.94141 ms, enqueue 3.1749 ms)
[05/15/2026-03:21:57] [I] Average on 10 runs - GPU latency: 3.88633 ms - Host latency: 3.94736 ms (end to end 3.95723 ms, enqueue 2.76055 ms)
[05/15/2026-03:21:57] [I] Average on 10 runs - GPU latency: 3.8873 ms - Host latency: 3.94873 ms (end to end 3.95811 ms, enqueue 2.60566 ms)
[05/15/2026-03:21:57] [I] Average on 10 runs - GPU latency: 3.88564 ms - Host latency: 3.94688 ms (end to end 3.95615 ms, enqueue 2.79932 ms)
[05/15/2026-03:21:57] [I] Average on 10 runs - GPU latency: 3.88193 ms - Host latency: 3.94307 ms (end to end 3.95215 ms, enqueue 2.85869 ms)
[05/15/2026-03:21:57] [I] Average on 10 runs - GPU latency: 3.89434 ms - Host latency: 3.95527 ms (end to end 3.96465 ms, enqueue 2.64824 ms)
[05/15/2026-03:21:57] [I] Average on 10 runs - GPU latency: 3.89971 ms - Host latency: 3.96064 ms (end to end 3.96992 ms, enqueue 2.36221 ms)
[05/15/2026-03:21:57] [I] Average on 10 runs - GPU latency: 3.90127 ms - Host latency: 3.96299 ms (end to end 3.97256 ms, enqueue 2.43389 ms)
[05/15/2026-03:21:57] [I] Average on 10 runs - GPU latency: 3.89775 ms - Host latency: 3.95898 ms (end to end 3.96875 ms, enqueue 2.37393 ms)
[05/15/2026-03:21:57] [I] Average on 10 runs - GPU latency: 3.8999 ms - Host latency: 3.96152 ms (end to end 3.9708 ms, enqueue 2.4458 ms)
[05/15/2026-03:21:57] [I] Average on 10 runs - GPU latency: 3.88613 ms - Host latency: 3.94756 ms (end to end 3.95674 ms, enqueue 2.63145 ms)
[05/15/2026-03:21:57] [I] Average on 10 runs - GPU latency: 3.88311 ms - Host latency: 3.94424 ms (end to end 3.9542 ms, enqueue 2.73916 ms)
[05/15/2026-03:21:57] [I] Average on 10 runs - GPU latency: 3.87812 ms - Host latency: 3.94043 ms (end to end 3.94951 ms, enqueue 2.84053 ms)
[05/15/2026-03:21:57] [I] Average on 10 runs - GPU latency: 3.88877 ms - Host latency: 3.95039 ms (end to end 3.95957 ms, enqueue 2.74688 ms)
[05/15/2026-03:21:57] [I] Average on 10 runs - GPU latency: 3.87217 ms - Host latency: 3.9335 ms (end to end 3.94277 ms, enqueue 2.94609 ms)
[05/15/2026-03:21:57] [I] Average on 10 runs - GPU latency: 3.88301 ms - Host latency: 3.94492 ms (end to end 3.95381 ms, enqueue 2.89902 ms)
[05/15/2026-03:21:57] [I] Average on 10 runs - GPU latency: 3.87334 ms - Host latency: 3.93516 ms (end to end 3.94463 ms, enqueue 3.00605 ms)
[05/15/2026-03:21:57] [I] Average on 10 runs - GPU latency: 3.87949 ms - Host latency: 3.94141 ms (end to end 3.95195 ms, enqueue 3.02539 ms)
[05/15/2026-03:21:57] [I] Average on 10 runs - GPU latency: 3.875 ms - Host latency: 3.93701 ms (end to end 3.94688 ms, enqueue 2.9999 ms)
[05/15/2026-03:21:57] [I] Average on 10 runs - GPU latency: 3.88389 ms - Host latency: 3.946 ms (end to end 3.95508 ms, enqueue 2.75791 ms)
[05/15/2026-03:21:57] [I] Average on 10 runs - GPU latency: 3.88887 ms - Host latency: 3.9502 ms (end to end 3.95947 ms, enqueue 2.56973 ms)
[05/15/2026-03:21:57] [I] Average on 10 runs - GPU latency: 3.88984 ms - Host latency: 3.95107 ms (end to end 3.96016 ms, enqueue 2.66201 ms)
[05/15/2026-03:21:57] [I] Average on 10 runs - GPU latency: 3.8876 ms - Host latency: 3.94961 ms (end to end 3.95889 ms, enqueue 2.66348 ms)
[05/15/2026-03:21:57] [I] Average on 10 runs - GPU latency: 3.89297 ms - Host latency: 3.95449 ms (end to end 3.96387 ms, enqueue 2.61201 ms)
[05/15/2026-03:21:57] [I] Average on 10 runs - GPU latency: 3.87744 ms - Host latency: 3.93857 ms (end to end 3.94834 ms, enqueue 2.81182 ms)
[05/15/2026-03:21:57] [I] Average on 10 runs - GPU latency: 3.87803 ms - Host latency: 3.93994 ms (end to end 3.9502 ms, enqueue 2.9416 ms)
[05/15/2026-03:21:57] [I] Average on 10 runs - GPU latency: 3.87393 ms - Host latency: 3.93516 ms (end to end 3.94717 ms, enqueue 3.06875 ms)
[05/15/2026-03:21:57] [I] Average on 10 runs - GPU latency: 3.86035 ms - Host latency: 3.92207 ms (end to end 3.93359 ms, enqueue 3.26299 ms)
[05/15/2026-03:21:57] [I] Average on 10 runs - GPU latency: 3.87422 ms - Host latency: 3.93604 ms (end to end 3.94775 ms, enqueue 3.06289 ms)
[05/15/2026-03:21:57] [I] Average on 10 runs - GPU latency: 3.89258 ms - Host latency: 3.95332 ms (end to end 3.96309 ms, enqueue 2.51719 ms)
[05/15/2026-03:21:57] [I] Average on 10 runs - GPU latency: 3.89443 ms - Host latency: 3.95547 ms (end to end 3.96484 ms, enqueue 2.46787 ms)
[05/15/2026-03:21:57] [I] Average on 10 runs - GPU latency: 3.89043 ms - Host latency: 3.95156 ms (end to end 3.96094 ms, enqueue 2.63008 ms)
[05/15/2026-03:21:57] [I] Average on 10 runs - GPU latency: 3.87588 ms - Host latency: 3.93721 ms (end to end 3.946 ms, enqueue 2.8793 ms)
[05/15/2026-03:21:57] [I] Average on 10 runs - GPU latency: 3.86328 ms - Host latency: 3.9249 ms (end to end 3.93662 ms, enqueue 3.13545 ms)
[05/15/2026-03:21:57] [I] Average on 10 runs - GPU latency: 3.87441 ms - Host latency: 3.93652 ms (end to end 3.94775 ms, enqueue 2.9585 ms)
[05/15/2026-03:21:57] [I] Average on 10 runs - GPU latency: 3.88584 ms - Host latency: 3.94785 ms (end to end 3.95732 ms, enqueue 2.72637 ms)
[05/15/2026-03:21:57] [I] Average on 10 runs - GPU latency: 3.88926 ms - Host latency: 3.95117 ms (end to end 3.96025 ms, enqueue 2.60137 ms)
[05/15/2026-03:21:57] [I] Average on 10 runs - GPU latency: 3.88145 ms - Host latency: 3.94307 ms (end to end 3.95361 ms, enqueue 2.80723 ms)
[05/15/2026-03:21:57] [I] Average on 10 runs - GPU latency: 3.88516 ms - Host latency: 3.94609 ms (end to end 3.95586 ms, enqueue 2.71445 ms)
[05/15/2026-03:21:57] [I] Average on 10 runs - GPU latency: 3.88096 ms - Host latency: 3.94199 ms (end to end 3.95137 ms, enqueue 2.71592 ms)
[05/15/2026-03:21:57] [I] Average on 10 runs - GPU latency: 3.88545 ms - Host latency: 3.94658 ms (end to end 3.95615 ms, enqueue 2.8127 ms)
[05/15/2026-03:21:57] [I] Average on 10 runs - GPU latency: 3.88076 ms - Host latency: 3.9416 ms (end to end 3.95117 ms, enqueue 2.87803 ms)
[05/15/2026-03:21:57] [I] Average on 10 runs - GPU latency: 3.88984 ms - Host latency: 3.95098 ms (end to end 3.96016 ms, enqueue 2.69834 ms)
[05/15/2026-03:21:57] [I] Average on 10 runs - GPU latency: 3.88877 ms - Host latency: 3.9498 ms (end to end 3.95928 ms, enqueue 2.63594 ms)
[05/15/2026-03:21:57] [I] Average on 10 runs - GPU latency: 3.88027 ms - Host latency: 3.94131 ms (end to end 3.9499 ms, enqueue 2.66709 ms)
[05/15/2026-03:21:57] [I] Average on 10 runs - GPU latency: 3.87305 ms - Host latency: 3.93545 ms (end to end 3.94834 ms, enqueue 3.18271 ms)
[05/15/2026-03:21:57] [I] Average on 10 runs - GPU latency: 3.87158 ms - Host latency: 3.93311 ms (end to end 3.94375 ms, enqueue 3.0582 ms)
[05/15/2026-03:21:57] [I] Average on 10 runs - GPU latency: 3.89287 ms - Host latency: 3.954 ms (end to end 3.96289 ms, enqueue 2.5791 ms)
[05/15/2026-03:21:57] [I] Average on 10 runs - GPU latency: 3.88613 ms - Host latency: 3.94707 ms (end to end 3.95635 ms, enqueue 2.6749 ms)
[05/15/2026-03:21:57] [I] Average on 10 runs - GPU latency: 3.88877 ms - Host latency: 3.95039 ms (end to end 3.95967 ms, enqueue 2.72031 ms)
[05/15/2026-03:21:57] [I] Average on 10 runs - GPU latency: 3.87246 ms - Host latency: 3.9335 ms (end to end 3.94219 ms, enqueue 2.99561 ms)
[05/15/2026-03:21:57] [I] Average on 10 runs - GPU latency: 3.86934 ms - Host latency: 3.93076 ms (end to end 3.94111 ms, enqueue 3.15146 ms)
[05/15/2026-03:21:57] [I] Average on 10 runs - GPU latency: 3.87725 ms - Host latency: 3.93877 ms (end to end 3.95068 ms, enqueue 3.16982 ms)
[05/15/2026-03:21:57] [I] Average on 10 runs - GPU latency: 3.90283 ms - Host latency: 3.96436 ms (end to end 3.97393 ms, enqueue 2.34561 ms)
[05/15/2026-03:21:57] [I] Average on 10 runs - GPU latency: 3.9002 ms - Host latency: 3.96133 ms (end to end 3.9707 ms, enqueue 2.33135 ms)
[05/15/2026-03:21:57] [I] Average on 10 runs - GPU latency: 3.89561 ms - Host latency: 3.95674 ms (end to end 3.96631 ms, enqueue 2.48164 ms)
[05/15/2026-03:21:57] [I] Average on 10 runs - GPU latency: 3.89814 ms - Host latency: 3.95947 ms (end to end 3.96895 ms, enqueue 2.47705 ms)
[05/15/2026-03:21:57] [I] Average on 10 runs - GPU latency: 3.9083 ms - Host latency: 3.96992 ms (end to end 3.9793 ms, enqueue 2.28613 ms)
[05/15/2026-03:21:57] [I] Average on 10 runs - GPU latency: 3.89941 ms - Host latency: 3.96104 ms (end to end 3.97021 ms, enqueue 2.35049 ms)
[05/15/2026-03:21:57] [I] Average on 10 runs - GPU latency: 3.88955 ms - Host latency: 3.95078 ms (end to end 3.96064 ms, enqueue 2.65518 ms)
[05/15/2026-03:21:57] [I] Average on 10 runs - GPU latency: 3.8791 ms - Host latency: 3.94033 ms (end to end 3.94951 ms, enqueue 2.85127 ms)
[05/15/2026-03:21:57] [I] Average on 10 runs - GPU latency: 3.87637 ms - Host latency: 3.9376 ms (end to end 3.94609 ms, enqueue 2.90088 ms)
[05/15/2026-03:21:57] [I] Average on 10 runs - GPU latency: 3.87969 ms - Host latency: 3.9415 ms (end to end 3.95234 ms, enqueue 2.97734 ms)
[05/15/2026-03:21:57] [I] Average on 10 runs - GPU latency: 3.87988 ms - Host latency: 3.9417 ms (end to end 3.95166 ms, enqueue 2.90664 ms)
[05/15/2026-03:21:57] [I] Average on 10 runs - GPU latency: 3.90488 ms - Host latency: 3.9667 ms (end to end 3.97578 ms, enqueue 2.35996 ms)
[05/15/2026-03:21:57] [I] Average on 10 runs - GPU latency: 3.8999 ms - Host latency: 3.96152 ms (end to end 3.97041 ms, enqueue 2.34541 ms)
[05/15/2026-03:21:57] [I] Average on 10 runs - GPU latency: 3.89971 ms - Host latency: 3.96094 ms (end to end 3.9707 ms, enqueue 2.35107 ms)
[05/15/2026-03:21:57] [I] Average on 10 runs - GPU latency: 3.90303 ms - Host latency: 3.96416 ms (end to end 3.97373 ms, enqueue 2.33672 ms)
[05/15/2026-03:21:57] [I] Average on 10 runs - GPU latency: 3.8998 ms - Host latency: 3.96133 ms (end to end 3.97061 ms, enqueue 2.35908 ms)
[05/15/2026-03:21:57] [I] Average on 10 runs - GPU latency: 3.89189 ms - Host latency: 3.95498 ms (end to end 3.96406 ms, enqueue 2.74082 ms)
[05/15/2026-03:21:57] [I] Average on 10 runs - GPU latency: 3.8873 ms - Host latency: 3.94912 ms (end to end 3.9584 ms, enqueue 2.78184 ms)
[05/15/2026-03:21:57] [I] Average on 10 runs - GPU latency: 3.88965 ms - Host latency: 3.95166 ms (end to end 3.96084 ms, enqueue 2.78662 ms)
[05/15/2026-03:21:57] [I] Average on 10 runs - GPU latency: 3.88438 ms - Host latency: 3.94678 ms (end to end 3.95625 ms, enqueue 2.81582 ms)
[05/15/2026-03:21:57] [I] Average on 10 runs - GPU latency: 3.90049 ms - Host latency: 3.96289 ms (end to end 3.97236 ms, enqueue 2.6293 ms)
[05/15/2026-03:21:57] [I] Average on 10 runs - GPU latency: 3.9123 ms - Host latency: 3.97324 ms (end to end 3.98281 ms, enqueue 2.22187 ms)
[05/15/2026-03:21:57] [I] Average on 10 runs - GPU latency: 3.8959 ms - Host latency: 3.95791 ms (end to end 3.96816 ms, enqueue 2.61279 ms)
[05/15/2026-03:21:57] [I] Average on 10 runs - GPU latency: 3.89092 ms - Host latency: 3.95225 ms (end to end 3.96191 ms, enqueue 2.57637 ms)
[05/15/2026-03:21:57] [I] Average on 10 runs - GPU latency: 3.88076 ms - Host latency: 3.94238 ms (end to end 3.95107 ms, enqueue 2.93213 ms)
[05/15/2026-03:21:57] [I] Average on 10 runs - GPU latency: 3.88037 ms - Host latency: 3.9416 ms (end to end 3.95215 ms, enqueue 2.91738 ms)
[05/15/2026-03:21:57] [I] Average on 10 runs - GPU latency: 3.90098 ms - Host latency: 3.96201 ms (end to end 3.97158 ms, enqueue 2.44082 ms)
[05/15/2026-03:21:57] [I] Average on 10 runs - GPU latency: 3.89404 ms - Host latency: 3.95605 ms (end to end 3.96523 ms, enqueue 2.62188 ms)
[05/15/2026-03:21:57] [I] Average on 10 runs - GPU latency: 3.89033 ms - Host latency: 3.95117 ms (end to end 3.96055 ms, enqueue 2.58203 ms)
[05/15/2026-03:21:57] [I] Average on 10 runs - GPU latency: 3.88369 ms - Host latency: 3.94521 ms (end to end 3.95459 ms, enqueue 2.74346 ms)
[05/15/2026-03:21:57] [I] Average on 10 runs - GPU latency: 3.875 ms - Host latency: 3.93623 ms (end to end 3.94473 ms, enqueue 2.879 ms)
[05/15/2026-03:21:57] [I] Average on 10 runs - GPU latency: 3.8832 ms - Host latency: 3.94385 ms (end to end 3.95576 ms, enqueue 2.95791 ms)
[05/15/2026-03:21:57] [I] Average on 10 runs - GPU latency: 3.88027 ms - Host latency: 3.9417 ms (end to end 3.95078 ms, enqueue 2.62305 ms)
[05/15/2026-03:21:57] [I] Average on 10 runs - GPU latency: 3.88184 ms - Host latency: 3.94453 ms (end to end 3.95635 ms, enqueue 3.04893 ms)
[05/15/2026-03:21:57] [I] Average on 10 runs - GPU latency: 3.87607 ms - Host latency: 3.9374 ms (end to end 3.94668 ms, enqueue 2.96406 ms)
[05/15/2026-03:21:57] [I] Average on 10 runs - GPU latency: 3.88643 ms - Host latency: 3.94805 ms (end to end 3.9582 ms, enqueue 2.87061 ms)
[05/15/2026-03:21:57] [I] Average on 10 runs - GPU latency: 3.89629 ms - Host latency: 3.95791 ms (end to end 3.96719 ms, enqueue 2.50234 ms)
[05/15/2026-03:21:57] [I] Average on 10 runs - GPU latency: 3.8793 ms - Host latency: 3.94043 ms (end to end 3.95 ms, enqueue 2.83857 ms)
[05/15/2026-03:21:57] [I] Average on 10 runs - GPU latency: 3.8751 ms - Host latency: 3.93633 ms (end to end 3.9457 ms, enqueue 2.92305 ms)
[05/15/2026-03:21:57] [I] Average on 10 runs - GPU latency: 3.87754 ms - Host latency: 3.93867 ms (end to end 3.94805 ms, enqueue 2.9501 ms)
[05/15/2026-03:21:57] [I] Average on 10 runs - GPU latency: 3.87266 ms - Host latency: 3.93477 ms (end to end 3.94473 ms, enqueue 3.09902 ms)
[05/15/2026-03:21:57] [I] Average on 10 runs - GPU latency: 3.88047 ms - Host latency: 3.94209 ms (end to end 3.95225 ms, enqueue 3.02197 ms)
[05/15/2026-03:21:57] [I] Average on 10 runs - GPU latency: 3.8752 ms - Host latency: 3.93711 ms (end to end 3.94766 ms, enqueue 3.03691 ms)
[05/15/2026-03:21:57] [I] Average on 10 runs - GPU latency: 3.88428 ms - Host latency: 3.9457 ms (end to end 3.95449 ms, enqueue 2.63613 ms)
[05/15/2026-03:21:57] [I] Average on 10 runs - GPU latency: 3.89502 ms - Host latency: 3.95674 ms (end to end 3.96816 ms, enqueue 2.81934 ms)
[05/15/2026-03:21:57] [I] Average on 10 runs - GPU latency: 3.89004 ms - Host latency: 3.95137 ms (end to end 3.96035 ms, enqueue 2.67178 ms)
[05/15/2026-03:21:57] [I] Average on 10 runs - GPU latency: 3.89414 ms - Host latency: 3.95557 ms (end to end 3.96455 ms, enqueue 2.50049 ms)
[05/15/2026-03:21:57] [I] Average on 10 runs - GPU latency: 3.8834 ms - Host latency: 3.94453 ms (end to end 3.954 ms, enqueue 2.86777 ms)
[05/15/2026-03:21:57] [I] Average on 10 runs - GPU latency: 3.87871 ms - Host latency: 3.94004 ms (end to end 3.94941 ms, enqueue 2.97393 ms)
[05/15/2026-03:21:57] [I] Average on 10 runs - GPU latency: 3.87949 ms - Host latency: 3.94209 ms (end to end 3.95068 ms, enqueue 2.8873 ms)
[05/15/2026-03:21:57] [I] Average on 10 runs - GPU latency: 3.87402 ms - Host latency: 3.93564 ms (end to end 3.94512 ms, enqueue 2.90479 ms)
[05/15/2026-03:21:57] [I] Average on 10 runs - GPU latency: 3.8834 ms - Host latency: 3.94463 ms (end to end 3.95469 ms, enqueue 3.06016 ms)
[05/15/2026-03:21:57] [I] Average on 10 runs - GPU latency: 3.8915 ms - Host latency: 3.95293 ms (end to end 3.9626 ms, enqueue 2.6624 ms)
[05/15/2026-03:21:57] [I] Average on 10 runs - GPU latency: 3.89473 ms - Host latency: 3.95615 ms (end to end 3.96563 ms, enqueue 2.60186 ms)
[05/15/2026-03:21:57] [I] Average on 10 runs - GPU latency: 3.8832 ms - Host latency: 3.94463 ms (end to end 3.9542 ms, enqueue 2.71982 ms)
[05/15/2026-03:21:57] [I] Average on 10 runs - GPU latency: 3.88604 ms - Host latency: 3.94805 ms (end to end 3.95723 ms, enqueue 2.78672 ms)
[05/15/2026-03:21:57] [I] Average on 10 runs - GPU latency: 3.88633 ms - Host latency: 3.94756 ms (end to end 3.95684 ms, enqueue 2.68428 ms)
[05/15/2026-03:21:57] [I] Average on 10 runs - GPU latency: 3.88477 ms - Host latency: 3.9459 ms (end to end 3.95498 ms, enqueue 2.75176 ms)
[05/15/2026-03:21:57] [I] Average on 10 runs - GPU latency: 3.87988 ms - Host latency: 3.94121 ms (end to end 3.95146 ms, enqueue 2.86191 ms)
[05/15/2026-03:21:57] [I] Average on 10 runs - GPU latency: 3.87637 ms - Host latency: 3.93799 ms (end to end 3.94863 ms, enqueue 2.88838 ms)
[05/15/2026-03:21:57] [I] Average on 10 runs - GPU latency: 3.8877 ms - Host latency: 3.94951 ms (end to end 3.95898 ms, enqueue 2.69268 ms)
[05/15/2026-03:21:57] [I] Average on 10 runs - GPU latency: 3.89561 ms - Host latency: 3.95664 ms (end to end 3.96631 ms, enqueue 2.59687 ms)
[05/15/2026-03:21:57] [I] Average on 10 runs - GPU latency: 3.8876 ms - Host latency: 3.94912 ms (end to end 3.9584 ms, enqueue 2.69951 ms)
[05/15/2026-03:21:57] [I] Average on 10 runs - GPU latency: 3.88984 ms - Host latency: 3.95146 ms (end to end 3.96074 ms, enqueue 2.60928 ms)
[05/15/2026-03:21:57] [I] Average on 10 runs - GPU latency: 3.88496 ms - Host latency: 3.94551 ms (end to end 3.95508 ms, enqueue 2.71064 ms)
[05/15/2026-03:21:57] [I] Average on 10 runs - GPU latency: 3.87568 ms - Host latency: 3.93672 ms (end to end 3.946 ms, enqueue 2.88242 ms)
[05/15/2026-03:21:57] [I] Average on 10 runs - GPU latency: 3.87109 ms - Host latency: 3.93252 ms (end to end 3.94229 ms, enqueue 3.09805 ms)
[05/15/2026-03:21:57] [I] Average on 10 runs - GPU latency: 3.88701 ms - Host latency: 3.94863 ms (end to end 3.95937 ms, enqueue 2.84023 ms)
[05/15/2026-03:21:57] [I] Average on 10 runs - GPU latency: 3.89873 ms - Host latency: 3.95967 ms (end to end 3.96914 ms, enqueue 2.4292 ms)
[05/15/2026-03:21:57] [I] Average on 10 runs - GPU latency: 3.89834 ms - Host latency: 3.96045 ms (end to end 3.96982 ms, enqueue 2.44775 ms)
[05/15/2026-03:21:57] [I] Average on 10 runs - GPU latency: 3.89111 ms - Host latency: 3.95215 ms (end to end 3.96162 ms, enqueue 2.40117 ms)
[05/15/2026-03:21:57] [I] Average on 10 runs - GPU latency: 3.90127 ms - Host latency: 3.9625 ms (end to end 3.97178 ms, enqueue 2.33545 ms)
[05/15/2026-03:21:57] [I] Average on 10 runs - GPU latency: 3.9002 ms - Host latency: 3.96104 ms (end to end 3.97051 ms, enqueue 2.40322 ms)
[05/15/2026-03:21:57] [I] Average on 10 runs - GPU latency: 3.89004 ms - Host latency: 3.95186 ms (end to end 3.96113 ms, enqueue 2.5959 ms)
[05/15/2026-03:21:57] [I] Average on 10 runs - GPU latency: 3.88447 ms - Host latency: 3.9459 ms (end to end 3.95518 ms, enqueue 2.67666 ms)
[05/15/2026-03:21:57] [I] Average on 10 runs - GPU latency: 3.88545 ms - Host latency: 3.94668 ms (end to end 3.95605 ms, enqueue 2.88838 ms)
[05/15/2026-03:21:57] [I] Average on 10 runs - GPU latency: 3.88311 ms - Host latency: 3.94463 ms (end to end 3.95469 ms, enqueue 2.74531 ms)
[05/15/2026-03:21:57] [I] Average on 10 runs - GPU latency: 3.88223 ms - Host latency: 3.94326 ms (end to end 3.95312 ms, enqueue 2.92422 ms)
[05/15/2026-03:21:57] [I] Average on 10 runs - GPU latency: 3.87275 ms - Host latency: 3.93506 ms (end to end 3.94619 ms, enqueue 3.04717 ms)
[05/15/2026-03:21:57] [I] Average on 10 runs - GPU latency: 3.88164 ms - Host latency: 3.94336 ms (end to end 3.95312 ms, enqueue 2.91377 ms)
[05/15/2026-03:21:57] [I] Average on 10 runs - GPU latency: 3.90049 ms - Host latency: 3.96133 ms (end to end 3.97109 ms, enqueue 2.33281 ms)
[05/15/2026-03:21:57] [I] Average on 10 runs - GPU latency: 3.89844 ms - Host latency: 3.95947 ms (end to end 3.96934 ms, enqueue 2.43975 ms)
[05/15/2026-03:21:57] [I] Average on 10 runs - GPU latency: 3.89873 ms - Host latency: 3.96006 ms (end to end 3.96963 ms, enqueue 2.44707 ms)
[05/15/2026-03:21:57] [I] Average on 10 runs - GPU latency: 3.9 ms - Host latency: 3.96104 ms (end to end 3.97041 ms, enqueue 2.44492 ms)
[05/15/2026-03:21:57] [I] Average on 10 runs - GPU latency: 3.88828 ms - Host latency: 3.94951 ms (end to end 3.95889 ms, enqueue 2.58877 ms)
[05/15/2026-03:21:57] [I] Average on 10 runs - GPU latency: 3.88154 ms - Host latency: 3.94268 ms (end to end 3.95215 ms, enqueue 2.81973 ms)
[05/15/2026-03:21:57] [I] Average on 10 runs - GPU latency: 3.87842 ms - Host latency: 3.93936 ms (end to end 3.94912 ms, enqueue 3.04297 ms)
[05/15/2026-03:21:57] [I] Average on 10 runs - GPU latency: 3.875 ms - Host latency: 3.93643 ms (end to end 3.94648 ms, enqueue 2.9083 ms)
[05/15/2026-03:21:57] [I] Average on 10 runs - GPU latency: 3.8752 ms - Host latency: 3.9373 ms (end to end 3.94902 ms, enqueue 3.05166 ms)
[05/15/2026-03:21:57] [I] Average on 10 runs - GPU latency: 3.8875 ms - Host latency: 3.95107 ms (end to end 3.96152 ms, enqueue 3.05947 ms)
[05/15/2026-03:21:57] [I] Average on 10 runs - GPU latency: 3.89072 ms - Host latency: 3.95254 ms (end to end 3.96211 ms, enqueue 2.79551 ms)
[05/15/2026-03:21:57] [I] Average on 10 runs - GPU latency: 3.89307 ms - Host latency: 3.95439 ms (end to end 3.96396 ms, enqueue 2.6249 ms)
[05/15/2026-03:21:57] [I] Average on 10 runs - GPU latency: 3.88604 ms - Host latency: 3.94766 ms (end to end 3.95684 ms, enqueue 2.77715 ms)
[05/15/2026-03:21:57] [I] Average on 10 runs - GPU latency: 3.88896 ms - Host latency: 3.95039 ms (end to end 3.95967 ms, enqueue 2.63887 ms)
[05/15/2026-03:21:57] [I] Average on 10 runs - GPU latency: 3.87588 ms - Host latency: 3.93682 ms (end to end 3.94629 ms, enqueue 2.88027 ms)
[05/15/2026-03:21:57] [I] Average on 10 runs - GPU latency: 3.87725 ms - Host latency: 3.93877 ms (end to end 3.94902 ms, enqueue 2.97988 ms)
[05/15/2026-03:21:57] [I] Average on 10 runs - GPU latency: 3.87158 ms - Host latency: 3.93369 ms (end to end 3.94326 ms, enqueue 3.10947 ms)
[05/15/2026-03:21:57] [I] Average on 10 runs - GPU latency: 3.8877 ms - Host latency: 3.9498 ms (end to end 3.95986 ms, enqueue 2.87988 ms)
[05/15/2026-03:21:57] [I] Average on 10 runs - GPU latency: 3.86963 ms - Host latency: 3.93184 ms (end to end 3.94229 ms, enqueue 3.10332 ms)
[05/15/2026-03:21:57] [I] Average on 10 runs - GPU latency: 3.84551 ms - Host latency: 3.90742 ms (end to end 3.92158 ms, enqueue 3.73457 ms)
[05/15/2026-03:21:57] [I] Average on 10 runs - GPU latency: 3.85127 ms - Host latency: 3.91357 ms (end to end 3.92861 ms, enqueue 3.7498 ms)
[05/15/2026-03:21:57] [I] Average on 10 runs - GPU latency: 3.86719 ms - Host latency: 3.92979 ms (end to end 3.94414 ms, enqueue 3.67559 ms)
[05/15/2026-03:21:57] [I] Average on 10 runs - GPU latency: 3.87139 ms - Host latency: 3.93379 ms (end to end 3.94746 ms, enqueue 3.67266 ms)
[05/15/2026-03:21:57] [I] Average on 10 runs - GPU latency: 3.86865 ms - Host latency: 3.93027 ms (end to end 3.94609 ms, enqueue 3.67393 ms)
[05/15/2026-03:21:57] [I] Average on 10 runs - GPU latency: 3.87305 ms - Host latency: 3.93486 ms (end to end 3.94756 ms, enqueue 3.64902 ms)
[05/15/2026-03:21:57] [I] Average on 10 runs - GPU latency: 3.87109 ms - Host latency: 3.93281 ms (end to end 3.94512 ms, enqueue 3.6376 ms)
[05/15/2026-03:21:57] [I] Average on 10 runs - GPU latency: 3.86748 ms - Host latency: 3.929 ms (end to end 3.94287 ms, enqueue 3.65879 ms)
[05/15/2026-03:21:57] [I] Average on 10 runs - GPU latency: 3.86846 ms - Host latency: 3.93018 ms (end to end 3.94395 ms, enqueue 3.79971 ms)
[05/15/2026-03:21:57] [I] Average on 10 runs - GPU latency: 3.86689 ms - Host latency: 3.92861 ms (end to end 3.94307 ms, enqueue 3.70928 ms)
[05/15/2026-03:21:57] [I] Average on 10 runs - GPU latency: 3.87422 ms - Host latency: 3.93633 ms (end to end 3.95059 ms, enqueue 3.67705 ms)
[05/15/2026-03:21:57] [I] Average on 10 runs - GPU latency: 3.87041 ms - Host latency: 3.93174 ms (end to end 3.94355 ms, enqueue 3.63643 ms)
[05/15/2026-03:21:57] [I] Average on 10 runs - GPU latency: 3.86963 ms - Host latency: 3.93115 ms (end to end 3.9458 ms, enqueue 3.71104 ms)
[05/15/2026-03:21:57] [I] Average on 10 runs - GPU latency: 3.87041 ms - Host latency: 3.93232 ms (end to end 3.94668 ms, enqueue 3.68955 ms)
[05/15/2026-03:21:57] [I] Average on 10 runs - GPU latency: 3.86904 ms - Host latency: 3.93086 ms (end to end 3.94336 ms, enqueue 3.74844 ms)
[05/15/2026-03:21:57] [I] Average on 10 runs - GPU latency: 3.86914 ms - Host latency: 3.93105 ms (end to end 3.94551 ms, enqueue 3.68086 ms)
[05/15/2026-03:21:57] [I] Average on 10 runs - GPU latency: 3.87803 ms - Host latency: 3.93994 ms (end to end 3.95244 ms, enqueue 3.54297 ms)
[05/15/2026-03:21:57] [I] Average on 10 runs - GPU latency: 3.92471 ms - Host latency: 3.98633 ms (end to end 3.996 ms, enqueue 2.39648 ms)
[05/15/2026-03:21:57] [I] Average on 10 runs - GPU latency: 3.92617 ms - Host latency: 3.98711 ms (end to end 3.99668 ms, enqueue 2.35098 ms)
[05/15/2026-03:21:57] [I] Average on 10 runs - GPU latency: 3.92188 ms - Host latency: 3.98223 ms (end to end 3.99199 ms, enqueue 2.37637 ms)
[05/15/2026-03:21:57] [I] Average on 10 runs - GPU latency: 3.91836 ms - Host latency: 3.97969 ms (end to end 3.98867 ms, enqueue 2.41172 ms)
[05/15/2026-03:21:57] [I] Average on 10 runs - GPU latency: 3.91426 ms - Host latency: 3.97637 ms (end to end 3.98613 ms, enqueue 2.47383 ms)
[05/15/2026-03:21:57] [I] Average on 10 runs - GPU latency: 3.91953 ms - Host latency: 3.98105 ms (end to end 3.99082 ms, enqueue 2.43105 ms)
[05/15/2026-03:21:57] [I] Average on 10 runs - GPU latency: 3.93047 ms - Host latency: 3.99219 ms (end to end 4.00117 ms, enqueue 2.33672 ms)
[05/15/2026-03:21:57] [I] Average on 10 runs - GPU latency: 3.89648 ms - Host latency: 3.95742 ms (end to end 3.96699 ms, enqueue 2.93535 ms)
[05/15/2026-03:21:57] [I] Average on 10 runs - GPU latency: 3.91133 ms - Host latency: 3.97246 ms (end to end 3.98184 ms, enqueue 2.67031 ms)
[05/15/2026-03:21:57] [I] Average on 10 runs - GPU latency: 3.92363 ms - Host latency: 3.98477 ms (end to end 3.99434 ms, enqueue 2.35215 ms)
[05/15/2026-03:21:57] [I] Average on 10 runs - GPU latency: 3.91934 ms - Host latency: 3.97988 ms (end to end 3.98906 ms, enqueue 2.42109 ms)
[05/15/2026-03:21:57] [I] Average on 10 runs - GPU latency: 3.92246 ms - Host latency: 3.98379 ms (end to end 3.99297 ms, enqueue 2.33789 ms)
[05/15/2026-03:21:57] [I] Average on 10 runs - GPU latency: 3.92441 ms - Host latency: 3.98574 ms (end to end 3.99473 ms, enqueue 2.33828 ms)
[05/15/2026-03:21:57] [I] Average on 10 runs - GPU latency: 3.91855 ms - Host latency: 3.98027 ms (end to end 3.98926 ms, enqueue 2.37539 ms)
[05/15/2026-03:21:57] [I] Average on 10 runs - GPU latency: 3.90391 ms - Host latency: 3.96426 ms (end to end 3.97363 ms, enqueue 2.67129 ms)
[05/15/2026-03:21:57] [I] Average on 10 runs - GPU latency: 3.92344 ms - Host latency: 3.98496 ms (end to end 3.99453 ms, enqueue 2.40859 ms)
[05/15/2026-03:21:57] [I] Average on 10 runs - GPU latency: 3.91895 ms - Host latency: 3.98027 ms (end to end 3.98945 ms, enqueue 2.38223 ms)
[05/15/2026-03:21:57] [I] Average on 10 runs - GPU latency: 3.9248 ms - Host latency: 3.98574 ms (end to end 3.99512 ms, enqueue 2.38574 ms)
[05/15/2026-03:21:57] [I] Average on 10 runs - GPU latency: 3.92109 ms - Host latency: 3.98223 ms (end to end 3.99141 ms, enqueue 2.34414 ms)
[05/15/2026-03:21:57] [I] Average on 10 runs - GPU latency: 3.92695 ms - Host latency: 3.98848 ms (end to end 3.99727 ms, enqueue 2.30312 ms)
[05/15/2026-03:21:57] [I] Average on 10 runs - GPU latency: 3.92871 ms - Host latency: 3.99043 ms (end to end 3.9998 ms, enqueue 2.32969 ms)
[05/15/2026-03:21:57] [I] Average on 10 runs - GPU latency: 3.93223 ms - Host latency: 3.99316 ms (end to end 4.00234 ms, enqueue 2.34219 ms)
[05/15/2026-03:21:57] [I] Average on 10 runs - GPU latency: 3.92461 ms - Host latency: 3.98496 ms (end to end 3.99453 ms, enqueue 2.30918 ms)
[05/15/2026-03:21:57] [I] Average on 10 runs - GPU latency: 3.92344 ms - Host latency: 3.98535 ms (end to end 3.99414 ms, enqueue 2.42695 ms)
[05/15/2026-03:21:57] [I] Average on 10 runs - GPU latency: 3.92285 ms - Host latency: 3.98418 ms (end to end 3.99355 ms, enqueue 2.35527 ms)
[05/15/2026-03:21:57] [I] Average on 10 runs - GPU latency: 3.90352 ms - Host latency: 3.96465 ms (end to end 3.97383 ms, enqueue 2.68418 ms)
[05/15/2026-03:21:57] [I] Average on 10 runs - GPU latency: 3.8873 ms - Host latency: 3.94941 ms (end to end 3.95898 ms, enqueue 3.18594 ms)
[05/15/2026-03:21:57] [I] Average on 10 runs - GPU latency: 3.87812 ms - Host latency: 3.93906 ms (end to end 3.95 ms, enqueue 3.30957 ms)
[05/15/2026-03:21:57] [I] Average on 10 runs - GPU latency: 3.90039 ms - Host latency: 3.96055 ms (end to end 3.97031 ms, enqueue 2.92188 ms)
[05/15/2026-03:21:57] [I] Average on 10 runs - GPU latency: 3.89824 ms - Host latency: 3.95977 ms (end to end 3.96914 ms, enqueue 2.88145 ms)
[05/15/2026-03:21:57] [I] Average on 10 runs - GPU latency: 3.91621 ms - Host latency: 3.97734 ms (end to end 3.98652 ms, enqueue 2.44297 ms)
[05/15/2026-03:21:57] [I] Average on 10 runs - GPU latency: 3.92793 ms - Host latency: 3.98906 ms (end to end 3.99844 ms, enqueue 2.35391 ms)
[05/15/2026-03:21:57] [I] Average on 10 runs - GPU latency: 3.92031 ms - Host latency: 3.98223 ms (end to end 3.99082 ms, enqueue 2.41094 ms)
[05/15/2026-03:21:57] [I] Average on 10 runs - GPU latency: 3.92285 ms - Host latency: 3.98379 ms (end to end 3.99355 ms, enqueue 2.38594 ms)
[05/15/2026-03:21:57] [I] Average on 10 runs - GPU latency: 3.92188 ms - Host latency: 3.98301 ms (end to end 3.99277 ms, enqueue 2.37227 ms)
[05/15/2026-03:21:57] [I] Average on 10 runs - GPU latency: 3.90918 ms - Host latency: 3.97012 ms (end to end 3.98008 ms, enqueue 2.37852 ms)
[05/15/2026-03:21:57] [I] Average on 10 runs - GPU latency: 3.9209 ms - Host latency: 3.98164 ms (end to end 3.9916 ms, enqueue 2.46641 ms)
[05/15/2026-03:21:57] [I] Average on 10 runs - GPU latency: 3.92656 ms - Host latency: 3.98672 ms (end to end 3.99648 ms, enqueue 2.36875 ms)
[05/15/2026-03:21:57] [I] Average on 10 runs - GPU latency: 3.92344 ms - Host latency: 3.98496 ms (end to end 3.99453 ms, enqueue 2.37461 ms)
[05/15/2026-03:21:57] [I] Average on 10 runs - GPU latency: 3.9293 ms - Host latency: 3.99102 ms (end to end 4.00078 ms, enqueue 2.34727 ms)
[05/15/2026-03:21:57] [I] Average on 10 runs - GPU latency: 3.89492 ms - Host latency: 3.95586 ms (end to end 3.96523 ms, enqueue 2.92871 ms)
[05/15/2026-03:21:57] [I] Average on 10 runs - GPU latency: 3.89238 ms - Host latency: 3.95391 ms (end to end 3.96367 ms, enqueue 3.15 ms)
[05/15/2026-03:21:57] [I] Average on 10 runs - GPU latency: 3.88906 ms - Host latency: 3.95 ms (end to end 3.95977 ms, enqueue 3.14727 ms)
[05/15/2026-03:21:57] [I] Average on 10 runs - GPU latency: 3.88125 ms - Host latency: 3.94297 ms (end to end 3.95312 ms, enqueue 3.51777 ms)
[05/15/2026-03:21:57] [I] Average on 10 runs - GPU latency: 3.88516 ms - Host latency: 3.94688 ms (end to end 3.95801 ms, enqueue 3.2668 ms)
[05/15/2026-03:21:57] [I] Average on 10 runs - GPU latency: 3.8834 ms - Host latency: 3.94492 ms (end to end 3.95586 ms, enqueue 3.3793 ms)
[05/15/2026-03:21:57] [I] Average on 10 runs - GPU latency: 3.92109 ms - Host latency: 3.98223 ms (end to end 3.9918 ms, enqueue 2.52168 ms)
[05/15/2026-03:21:57] [I] Average on 10 runs - GPU latency: 3.9207 ms - Host latency: 3.98203 ms (end to end 3.99102 ms, enqueue 2.36406 ms)
[05/15/2026-03:21:57] [I] Average on 10 runs - GPU latency: 3.90723 ms - Host latency: 3.96797 ms (end to end 3.97754 ms, enqueue 2.65664 ms)
[05/15/2026-03:21:57] [I] Average on 10 runs - GPU latency: 3.91719 ms - Host latency: 3.97852 ms (end to end 3.98789 ms, enqueue 2.56777 ms)
[05/15/2026-03:21:57] [I] Average on 10 runs - GPU latency: 3.90176 ms - Host latency: 3.9627 ms (end to end 3.97207 ms, enqueue 2.90293 ms)
[05/15/2026-03:21:57] [I] Average on 10 runs - GPU latency: 3.90195 ms - Host latency: 3.96309 ms (end to end 3.97266 ms, enqueue 3.01758 ms)
[05/15/2026-03:21:57] [I] Average on 10 runs - GPU latency: 3.92695 ms - Host latency: 3.98789 ms (end to end 3.99707 ms, enqueue 2.35742 ms)
[05/15/2026-03:21:57] [I] Average on 10 runs - GPU latency: 3.91289 ms - Host latency: 3.97461 ms (end to end 3.98359 ms, enqueue 2.69512 ms)
[05/15/2026-03:21:57] [I] Average on 10 runs - GPU latency: 3.89609 ms - Host latency: 3.95762 ms (end to end 3.9666 ms, enqueue 3.02539 ms)
[05/15/2026-03:21:57] [I] Average on 10 runs - GPU latency: 3.88594 ms - Host latency: 3.94707 ms (end to end 3.95605 ms, enqueue 3.14863 ms)
[05/15/2026-03:21:57] [I] Average on 10 runs - GPU latency: 3.88438 ms - Host latency: 3.94609 ms (end to end 3.95723 ms, enqueue 3.40371 ms)
[05/15/2026-03:21:57] [I] Average on 10 runs - GPU latency: 3.88418 ms - Host latency: 3.94609 ms (end to end 3.95566 ms, enqueue 3.30312 ms)
[05/15/2026-03:21:57] [I] Average on 10 runs - GPU latency: 3.88691 ms - Host latency: 3.94844 ms (end to end 3.95781 ms, enqueue 3.31582 ms)
[05/15/2026-03:21:57] [I] Average on 10 runs - GPU latency: 3.8873 ms - Host latency: 3.95 ms (end to end 3.96055 ms, enqueue 3.34141 ms)
[05/15/2026-03:21:57] [I] Average on 10 runs - GPU latency: 3.88418 ms - Host latency: 3.9459 ms (end to end 3.95781 ms, enqueue 3.3707 ms)
[05/15/2026-03:21:57] [I] Average on 10 runs - GPU latency: 3.89121 ms - Host latency: 3.95273 ms (end to end 3.96387 ms, enqueue 3.15156 ms)
[05/15/2026-03:21:57] [I] Average on 10 runs - GPU latency: 3.89336 ms - Host latency: 3.95488 ms (end to end 3.96445 ms, enqueue 3.1082 ms)
[05/15/2026-03:21:57] [I] Average on 10 runs - GPU latency: 3.90391 ms - Host latency: 3.96523 ms (end to end 3.97461 ms, enqueue 2.81641 ms)
[05/15/2026-03:21:57] [I] Average on 10 runs - GPU latency: 3.89219 ms - Host latency: 3.95352 ms (end to end 3.96289 ms, enqueue 3.00117 ms)
[05/15/2026-03:21:57] [I] Average on 10 runs - GPU latency: 3.90078 ms - Host latency: 3.96211 ms (end to end 3.9707 ms, enqueue 2.98672 ms)
[05/15/2026-03:21:57] [I] Average on 10 runs - GPU latency: 3.91797 ms - Host latency: 3.97949 ms (end to end 3.98965 ms, enqueue 2.60859 ms)
[05/15/2026-03:21:57] [I] Average on 10 runs - GPU latency: 3.925 ms - Host latency: 3.98691 ms (end to end 3.99609 ms, enqueue 2.38262 ms)
[05/15/2026-03:21:57] [I] Average on 10 runs - GPU latency: 3.89941 ms - Host latency: 3.96113 ms (end to end 3.9707 ms, enqueue 2.75469 ms)
[05/15/2026-03:21:57] [I] Average on 10 runs - GPU latency: 3.89414 ms - Host latency: 3.95566 ms (end to end 3.96523 ms, enqueue 2.92207 ms)
[05/15/2026-03:21:57] [I] Average on 10 runs - GPU latency: 3.89238 ms - Host latency: 3.95371 ms (end to end 3.96406 ms, enqueue 3.02324 ms)
[05/15/2026-03:21:57] [I] Average on 10 runs - GPU latency: 3.89629 ms - Host latency: 3.95762 ms (end to end 3.96641 ms, enqueue 3.06465 ms)
[05/15/2026-03:21:57] [I] Average on 10 runs - GPU latency: 3.91621 ms - Host latency: 3.97754 ms (end to end 3.98633 ms, enqueue 2.60137 ms)
[05/15/2026-03:21:57] [I] Average on 10 runs - GPU latency: 3.89844 ms - Host latency: 3.96074 ms (end to end 3.97129 ms, enqueue 2.92402 ms)
[05/15/2026-03:21:57] [I] Average on 10 runs - GPU latency: 3.88711 ms - Host latency: 3.94922 ms (end to end 3.96055 ms, enqueue 3.32441 ms)
[05/15/2026-03:21:57] [I] Average on 10 runs - GPU latency: 3.88711 ms - Host latency: 3.94922 ms (end to end 3.96133 ms, enqueue 3.31758 ms)
[05/15/2026-03:21:57] [I] Average on 10 runs - GPU latency: 3.90352 ms - Host latency: 3.96484 ms (end to end 3.97363 ms, enqueue 2.8541 ms)
[05/15/2026-03:21:57] [I] Average on 10 runs - GPU latency: 3.9207 ms - Host latency: 3.98184 ms (end to end 3.99102 ms, enqueue 2.46758 ms)
[05/15/2026-03:21:57] [I] Average on 10 runs - GPU latency: 3.92051 ms - Host latency: 3.98203 ms (end to end 3.99102 ms, enqueue 2.35391 ms)
[05/15/2026-03:21:57] [I] Average on 10 runs - GPU latency: 3.92129 ms - Host latency: 3.98262 ms (end to end 3.99258 ms, enqueue 2.35742 ms)
[05/15/2026-03:21:57] [I] Average on 10 runs - GPU latency: 3.92441 ms - Host latency: 3.98516 ms (end to end 3.99434 ms, enqueue 2.35352 ms)
[05/15/2026-03:21:57] [I] Average on 10 runs - GPU latency: 3.91934 ms - Host latency: 3.98105 ms (end to end 3.99043 ms, enqueue 2.4668 ms)
[05/15/2026-03:21:57] [I] Average on 10 runs - GPU latency: 3.91797 ms - Host latency: 3.97969 ms (end to end 3.98926 ms, enqueue 2.38574 ms)
[05/15/2026-03:21:57] [I] Average on 10 runs - GPU latency: 3.91211 ms - Host latency: 3.97363 ms (end to end 3.9832 ms, enqueue 2.45957 ms)
[05/15/2026-03:21:57] [I] Average on 10 runs - GPU latency: 3.92656 ms - Host latency: 3.98691 ms (end to end 3.99609 ms, enqueue 2.31953 ms)
[05/15/2026-03:21:57] [I] Average on 10 runs - GPU latency: 3.92871 ms - Host latency: 3.98945 ms (end to end 3.99902 ms, enqueue 2.34199 ms)
[05/15/2026-03:21:57] [I] Average on 10 runs - GPU latency: 3.91719 ms - Host latency: 3.97793 ms (end to end 3.9873 ms, enqueue 2.37969 ms)
[05/15/2026-03:21:57] [I] Average on 10 runs - GPU latency: 3.91543 ms - Host latency: 3.97676 ms (end to end 3.98574 ms, enqueue 2.52031 ms)
[05/15/2026-03:21:57] [I] Average on 10 runs - GPU latency: 3.90605 ms - Host latency: 3.96719 ms (end to end 3.97656 ms, enqueue 2.76113 ms)
[05/15/2026-03:21:57] [I] Average on 10 runs - GPU latency: 3.89609 ms - Host latency: 3.95801 ms (end to end 3.96797 ms, enqueue 2.95859 ms)
[05/15/2026-03:21:57] [I] Average on 10 runs - GPU latency: 3.88398 ms - Host latency: 3.94492 ms (end to end 3.95508 ms, enqueue 3.22539 ms)
[05/15/2026-03:21:57] [I] Average on 10 runs - GPU latency: 3.87969 ms - Host latency: 3.94121 ms (end to end 3.9502 ms, enqueue 3.52012 ms)
[05/15/2026-03:21:57] [I] Average on 10 runs - GPU latency: 3.89199 ms - Host latency: 3.95312 ms (end to end 3.9625 ms, enqueue 3.14551 ms)
[05/15/2026-03:21:57] [I] Average on 10 runs - GPU latency: 3.91738 ms - Host latency: 3.97871 ms (end to end 3.98809 ms, enqueue 2.43359 ms)
[05/15/2026-03:21:57] [I] Average on 10 runs - GPU latency: 3.89785 ms - Host latency: 3.95977 ms (end to end 3.96914 ms, enqueue 2.88672 ms)
[05/15/2026-03:21:57] [I] Average on 10 runs - GPU latency: 3.89453 ms - Host latency: 3.95488 ms (end to end 3.96406 ms, enqueue 3.04746 ms)
[05/15/2026-03:21:57] [I] Average on 10 runs - GPU latency: 3.89355 ms - Host latency: 3.9543 ms (end to end 3.96367 ms, enqueue 2.91074 ms)
[05/15/2026-03:21:57] [I] Average on 10 runs - GPU latency: 3.91738 ms - Host latency: 3.97832 ms (end to end 3.98789 ms, enqueue 2.59199 ms)
[05/15/2026-03:21:57] [I] Average on 10 runs - GPU latency: 3.89434 ms - Host latency: 3.95547 ms (end to end 3.96523 ms, enqueue 2.82129 ms)
[05/15/2026-03:21:57] [I] Average on 10 runs - GPU latency: 3.90508 ms - Host latency: 3.9668 ms (end to end 3.97578 ms, enqueue 2.88887 ms)
[05/15/2026-03:21:57] [I] Average on 10 runs - GPU latency: 3.92012 ms - Host latency: 3.98164 ms (end to end 3.99062 ms, enqueue 2.46777 ms)
[05/15/2026-03:21:57] [I] Average on 10 runs - GPU latency: 3.91934 ms - Host latency: 3.98066 ms (end to end 3.99023 ms, enqueue 2.36797 ms)
[05/15/2026-03:21:57] [I] Average on 10 runs - GPU latency: 3.92559 ms - Host latency: 3.98711 ms (end to end 3.99629 ms, enqueue 2.3707 ms)
[05/15/2026-03:21:57] [I] Average on 10 runs - GPU latency: 3.91758 ms - Host latency: 3.97852 ms (end to end 3.98789 ms, enqueue 2.39395 ms)
[05/15/2026-03:21:57] [I] Average on 10 runs - GPU latency: 3.91504 ms - Host latency: 3.97734 ms (end to end 3.98633 ms, enqueue 2.4082 ms)
[05/15/2026-03:21:57] [I] Average on 10 runs - GPU latency: 3.91973 ms - Host latency: 3.98086 ms (end to end 3.99062 ms, enqueue 2.37832 ms)
[05/15/2026-03:21:57] [I] Average on 10 runs - GPU latency: 3.91523 ms - Host latency: 3.97559 ms (end to end 3.98496 ms, enqueue 2.41602 ms)
[05/15/2026-03:21:57] [I] Average on 10 runs - GPU latency: 3.92051 ms - Host latency: 3.98145 ms (end to end 3.99062 ms, enqueue 2.43398 ms)
[05/15/2026-03:21:57] [I] Average on 10 runs - GPU latency: 3.92129 ms - Host latency: 3.98262 ms (end to end 3.99219 ms, enqueue 2.43223 ms)
[05/15/2026-03:21:57] [I] Average on 10 runs - GPU latency: 3.8998 ms - Host latency: 3.96133 ms (end to end 3.97031 ms, enqueue 2.76855 ms)
[05/15/2026-03:21:57] [I] Average on 10 runs - GPU latency: 3.88789 ms - Host latency: 3.94941 ms (end to end 3.95918 ms, enqueue 3.03945 ms)
[05/15/2026-03:21:57] [I] Average on 10 runs - GPU latency: 3.89492 ms - Host latency: 3.95625 ms (end to end 3.96602 ms, enqueue 2.92227 ms)
[05/15/2026-03:21:57] [I] Average on 10 runs - GPU latency: 3.89551 ms - Host latency: 3.95566 ms (end to end 3.96563 ms, enqueue 2.98008 ms)
[05/15/2026-03:21:57] [I] Average on 10 runs - GPU latency: 3.91426 ms - Host latency: 3.97598 ms (end to end 3.98691 ms, enqueue 2.7748 ms)
[05/15/2026-03:21:57] [I] Average on 10 runs - GPU latency: 3.90859 ms - Host latency: 3.97148 ms (end to end 3.98145 ms, enqueue 2.68125 ms)
[05/15/2026-03:21:57] [I] Average on 10 runs - GPU latency: 3.92051 ms - Host latency: 3.98242 ms (end to end 3.9918 ms, enqueue 2.39941 ms)
[05/15/2026-03:21:57] [I] 
[05/15/2026-03:21:57] [I] === Performance summary ===
[05/15/2026-03:21:57] [I] Throughput: 251.299 qps
[05/15/2026-03:21:57] [I] Latency: min = 3.8916 ms, max = 21.6995 ms, mean = 3.96884 ms, median = 3.95361 ms, percentile(99%) = 4.00391 ms
[05/15/2026-03:21:57] [I] End-to-End Host Latency: min = 3.89648 ms, max = 21.7319 ms, mean = 3.97869 ms, median = 3.96387 ms, percentile(99%) = 4.01172 ms
[05/15/2026-03:21:57] [I] Enqueue Time: min = 2.1084 ms, max = 5.40479 ms, mean = 2.7493 ms, median = 2.52808 ms, percentile(99%) = 4.44141 ms
[05/15/2026-03:21:57] [I] H2D Latency: min = 0.0566406 ms, max = 0.29126 ms, mean = 0.0588912 ms, median = 0.0585938 ms, percentile(99%) = 0.0625 ms
[05/15/2026-03:21:57] [I] GPU Compute Time: min = 3.83105 ms, max = 21.3999 ms, mean = 3.90713 ms, median = 3.89209 ms, percentile(99%) = 3.94141 ms
[05/15/2026-03:21:57] [I] D2H Latency: min = 0 ms, max = 0.115234 ms, mean = 0.00281981 ms, median = 0.00292969 ms, percentile(99%) = 0.00390625 ms
[05/15/2026-03:21:57] [I] Total Host Walltime: 18.8063 s
[05/15/2026-03:21:57] [I] Total GPU Compute Time: 18.4651 s
[05/15/2026-03:21:57] [I] Explanations of the performance metrics are printed in the verbose logs.
[05/15/2026-03:21:57] [I] 
&&&& PASSED TensorRT.trtexec [TensorRT v8001] # /usr/src/tensorrt/bin/trtexec --loadEngine=engines/tomato_yolov8n_cls_domainmix_pd5_umair_hard_int8.engine --warmUp=1000 --duration=20 --iterations=1000
[05/15/2026-03:21:57] [I] [TRT] [MemUsageChange] Init cuBLAS/cuBLASLt: CPU +0, GPU +0, now: CPU 863, GPU 3877 (MiB)
