RAM 2549/3964MB (lfb 1x4MB) SWAP 1974/1982MB (cached 4MB) CPU [37%@1036,7%@1036,4%@1036,40%@1036] EMC_FREQ 0% GR3D_FREQ 0% PLL@40.5C CPU@44C PMIC@50C GPU@43.5C AO@49.5C thermal@43.25C POM_5V_IN 2649/2649 POM_5V_GPU 0/0 POM_5V_CPU 651/651
RAM 2549/3964MB (lfb 1x4MB) SWAP 1974/1982MB (cached 4MB) CPU [8%@921,3%@921,3%@921,3%@921] EMC_FREQ 0% GR3D_FREQ 0% PLL@39.5C CPU@42.5C PMIC@50C GPU@43.5C AO@49C thermal@43.25C POM_5V_IN 2160/2404 POM_5V_GPU 0/0 POM_5V_CPU 285/468
RAM 2549/3964MB (lfb 1x4MB) SWAP 1974/1982MB (cached 4MB) CPU [8%@518,0%@518,3%@518,3%@518] EMC_FREQ 0% GR3D_FREQ 0% PLL@39C CPU@42.5C PMIC@50C GPU@43C AO@48.5C thermal@42.5C POM_5V_IN 2079/2296 POM_5V_GPU 0/0 POM_5V_CPU 244/393
RAM 2549/3964MB (lfb 1x4MB) SWAP 1974/1982MB (cached 4MB) CPU [3%@102,7%@102,3%@102,3%@102] EMC_FREQ 0% GR3D_FREQ 0% PLL@39C CPU@42C PMIC@50C GPU@43C AO@48.5C thermal@42.5C POM_5V_IN 1997/2221 POM_5V_GPU 0/0 POM_5V_CPU 203/345
RAM 2549/3964MB (lfb 1x4MB) SWAP 1974/1982MB (cached 4MB) CPU [14%@102,3%@102,0%@102,0%@102] EMC_FREQ 0% GR3D_FREQ 0% PLL@39C CPU@42C PMIC@50C GPU@43C AO@48.5C thermal@42.5C POM_5V_IN 1997/2176 POM_5V_GPU 0/0 POM_5V_CPU 163/309
RAM 2549/3964MB (lfb 1x4MB) SWAP 1974/1982MB (cached 4MB) CPU [8%@102,0%@102,0%@102,0%@102] EMC_FREQ 0% GR3D_FREQ 0% PLL@39C CPU@42C PMIC@50C GPU@43C AO@48.5C thermal@42.5C POM_5V_IN 2038/2153 POM_5V_GPU 0/0 POM_5V_CPU 163/284
RAM 2549/3964MB (lfb 1x4MB) SWAP 1974/1982MB (cached 4MB) CPU [14%@102,0%@102,0%@102,0%@102] EMC_FREQ 0% GR3D_FREQ 0% PLL@38.5C CPU@42C PMIC@50C GPU@42.5C AO@48C thermal@42.25C POM_5V_IN 1997/2131 POM_5V_GPU 0/0 POM_5V_CPU 163/267
RAM 2549/3964MB (lfb 1x4MB) SWAP 1974/1982MB (cached 4MB) CPU [26%@204,11%@204,23%@204,7%@204] EMC_FREQ 0% GR3D_FREQ 0% PLL@39C CPU@42C PMIC@50C GPU@43C AO@48.5C thermal@42.25C POM_5V_IN 2527/2180 POM_5V_GPU 0/0 POM_5V_CPU 366/279
RAM 2584/3964MB (lfb 1x4MB) SWAP 1974/1982MB (cached 4MB) CPU [67%@1479,8%@1479,12%@1479,4%@1479] EMC_FREQ 0% GR3D_FREQ 22% PLL@39.5C CPU@44C PMIC@50C GPU@42.5C AO@49C thermal@42.25C POM_5V_IN 3174/2290 POM_5V_GPU 122/13 POM_5V_CPU 854/343
RAM 2612/3964MB (lfb 1x4MB) SWAP 1974/1982MB (cached 4MB) CPU [66%@1428,15%@1428,11%@1428,16%@1428] EMC_FREQ 0% GR3D_FREQ 0% PLL@40.5C CPU@44.5C PMIC@50C GPU@43C AO@49.5C thermal@42.25C POM_5V_IN 3459/2407 POM_5V_GPU 162/28 POM_5V_CPU 1139/423
RAM 2641/3964MB (lfb 1x4MB) SWAP 1974/1982MB (cached 4MB) CPU [29%@1479,48%@1479,23%@1479,20%@1479] EMC_FREQ 0% GR3D_FREQ 3% PLL@41C CPU@45.5C PMIC@50C GPU@43.5C AO@50C thermal@42.25C POM_5V_IN 3581/2514 POM_5V_GPU 162/40 POM_5V_CPU 1259/499
RAM 2673/3964MB (lfb 1x4MB) SWAP 1974/1982MB (cached 4MB) CPU [66%@1479,7%@1479,32%@1479,11%@1479] EMC_FREQ 0% GR3D_FREQ 13% PLL@41.5C CPU@45C PMIC@50C GPU@44C AO@50.5C thermal@44.75C POM_5V_IN 3459/2593 POM_5V_GPU 162/50 POM_5V_CPU 1178/555
RAM 2710/3964MB (lfb 1x4MB) SWAP 1974/1982MB (cached 4MB) CPU [16%@1479,14%@1479,7%@1479,84%@1479] EMC_FREQ 0% GR3D_FREQ 28% PLL@42.5C CPU@45C PMIC@50C GPU@44C AO@50.5C thermal@44.75C POM_5V_IN 3500/2662 POM_5V_GPU 203/62 POM_5V_CPU 1219/606
RAM 2731/3964MB (lfb 1x4MB) SWAP 1974/1982MB (cached 4MB) CPU [37%@1479,26%@1479,22%@1479,39%@1479] EMC_FREQ 0% GR3D_FREQ 34% PLL@42C CPU@46.5C PMIC@50C GPU@44.5C AO@50.5C thermal@44.75C POM_5V_IN 3541/2725 POM_5V_GPU 203/72 POM_5V_CPU 1341/659
RAM 2763/3964MB (lfb 4x2MB) SWAP 1974/1982MB (cached 4MB) CPU [40%@1479,7%@1479,58%@1479,11%@1479] EMC_FREQ 0% GR3D_FREQ 47% PLL@42.5C CPU@46.5C PMIC@50C GPU@44.5C AO@51C thermal@44.75C POM_5V_IN 3459/2774 POM_5V_GPU 162/78 POM_5V_CPU 1341/704
RAM 2782/3964MB (lfb 5x2MB) SWAP 1974/1982MB (cached 4MB) CPU [58%@1479,36%@1479,16%@1479,8%@1479] EMC_FREQ 0% GR3D_FREQ 16% PLL@42C CPU@47C PMIC@50C GPU@44.5C AO@51.5C thermal@45.5C POM_5V_IN 3581/2824 POM_5V_GPU 203/86 POM_5V_CPU 1259/739
RAM 2806/3964MB (lfb 3x2MB) SWAP 1974/1982MB (cached 4MB) CPU [23%@1479,88%@1479,7%@1479,8%@1479] EMC_FREQ 0% GR3D_FREQ 33% PLL@42.5C CPU@47.5C PMIC@50C GPU@44.5C AO@51.5C thermal@45.5C POM_5V_IN 3622/2871 POM_5V_GPU 162/90 POM_5V_CPU 1463/781
RAM 2830/3964MB (lfb 3x2MB) SWAP 1974/1982MB (cached 4MB) CPU [8%@1479,16%@1479,69%@1479,20%@1479] EMC_FREQ 0% GR3D_FREQ 9% PLL@42.5C CPU@46C PMIC@50C GPU@45C AO@51C thermal@45.5C POM_5V_IN 3581/2911 POM_5V_GPU 162/94 POM_5V_CPU 1341/812
RAM 2859/3964MB (lfb 3x2MB) SWAP 1974/1982MB (cached 4MB) CPU [23%@1479,11%@1479,18%@1479,80%@1479] EMC_FREQ 0% GR3D_FREQ 15% PLL@43C CPU@46C PMIC@50C GPU@45C AO@51.5C thermal@45.5C POM_5V_IN 3500/2942 POM_5V_GPU 162/98 POM_5V_CPU 1259/836
RAM 2890/3964MB (lfb 3x2MB) SWAP 1974/1982MB (cached 4MB) CPU [23%@1479,15%@1479,12%@1479,88%@1479] EMC_FREQ 0% GR3D_FREQ 21% PLL@43C CPU@46.5C PMIC@50C GPU@45C AO@51C thermal@45.75C POM_5V_IN 3622/2976 POM_5V_GPU 162/101 POM_5V_CPU 1422/865
RAM 2927/3964MB (lfb 2x2MB) SWAP 1974/1982MB (cached 4MB) CPU [16%@518,4%@518,7%@518,76%@518] EMC_FREQ 0% GR3D_FREQ 7% PLL@43.5C CPU@46C PMIC@50C GPU@45C AO@51C thermal@45.75C POM_5V_IN 3419/2997 POM_5V_GPU 122/102 POM_5V_CPU 1139/878
RAM 2950/3964MB (lfb 2x2MB) SWAP 1974/1982MB (cached 4MB) CPU [17%@1479,15%@1479,7%@1479,68%@1479] EMC_FREQ 0% GR3D_FREQ 17% PLL@43C CPU@46C PMIC@50C GPU@45C AO@51.5C thermal@45.75C POM_5V_IN 3459/3018 POM_5V_GPU 122/103 POM_5V_CPU 1056/886
RAM 2981/3964MB (lfb 2x2MB) SWAP 1974/1982MB (cached 4MB) CPU [23%@1479,11%@1479,11%@1479,79%@1479] EMC_FREQ 0% GR3D_FREQ 33% PLL@43.5C CPU@46.5C PMIC@50C GPU@45C AO@51.5C thermal@45.75C POM_5V_IN 3581/3042 POM_5V_GPU 162/105 POM_5V_CPU 1341/906
RAM 3010/3964MB (lfb 2x2MB) SWAP 1974/1982MB (cached 4MB) CPU [17%@1479,8%@1479,52%@1479,36%@1479] EMC_FREQ 0% GR3D_FREQ 1% PLL@43C CPU@46C PMIC@50C GPU@45.5C AO@51.5C thermal@45.75C POM_5V_IN 3459/3060 POM_5V_GPU 122/106 POM_5V_CPU 1139/916
RAM 3059/3964MB (lfb 2x2MB) SWAP 1974/1982MB (cached 4MB) CPU [15%@1479,4%@1479,84%@1479,11%@1479] EMC_FREQ 0% GR3D_FREQ 32% PLL@43C CPU@45.5C PMIC@50C GPU@45.5C AO@51.5C thermal@46C POM_5V_IN 3459/3076 POM_5V_GPU 122/107 POM_5V_CPU 1381/934
RAM 3064/3964MB (lfb 2x2MB) SWAP 1974/1982MB (cached 4MB) CPU [25%@1479,15%@1479,83%@1479,8%@1479] EMC_FREQ 0% GR3D_FREQ 0% PLL@43C CPU@46.5C PMIC@50C GPU@45.5C AO@51.5C thermal@46C POM_5V_IN 3378/3087 POM_5V_GPU 122/107 POM_5V_CPU 1056/939
RAM 3104/3964MB (lfb 2x2MB) SWAP 1974/1982MB (cached 4MB) CPU [19%@1479,8%@1479,19%@1479,75%@1479] EMC_FREQ 0% GR3D_FREQ 8% PLL@44C CPU@45.5C PMIC@50C GPU@45C AO@51.5C thermal@46C POM_5V_IN 3419/3099 POM_5V_GPU 122/108 POM_5V_CPU 1300/952
RAM 3119/3964MB (lfb 2x2MB) SWAP 1974/1982MB (cached 4MB) CPU [21%@1479,8%@1479,15%@1479,84%@1479] EMC_FREQ 0% GR3D_FREQ 0% PLL@43.5C CPU@46.5C PMIC@50C GPU@45.5C AO@51.5C thermal@46C POM_5V_IN 3337/3108 POM_5V_GPU 81/107 POM_5V_CPU 1099/958
RAM 3144/3964MB (lfb 2x2MB) SWAP 1974/1982MB (cached 4MB) CPU [16%@1479,18%@1479,8%@1479,84%@1479] EMC_FREQ 0% GR3D_FREQ 16% PLL@44C CPU@46.5C PMIC@50C GPU@45.5C AO@52C thermal@45.75C POM_5V_IN 3500/3121 POM_5V_GPU 122/107 POM_5V_CPU 1300/969
RAM 3183/3964MB (lfb 2x2MB) SWAP 1974/1982MB (cached 4MB) CPU [13%@1479,15%@1479,73%@1479,25%@1479] EMC_FREQ 0% GR3D_FREQ 0% PLL@43.5C CPU@46C PMIC@50C GPU@45.5C AO@52C thermal@45.75C POM_5V_IN 3459/3133 POM_5V_GPU 122/108 POM_5V_CPU 1300/980
RAM 3193/3964MB (lfb 4x2MB) SWAP 1974/1982MB (cached 4MB) CPU [29%@1479,4%@1479,52%@1479,14%@1479] EMC_FREQ 0% GR3D_FREQ 5% PLL@43C CPU@47.5C PMIC@50C GPU@45.5C AO@52.5C thermal@45.75C POM_5V_IN 3297/3138 POM_5V_GPU 162/109 POM_5V_CPU 976/980
RAM 3212/3964MB (lfb 6x256kB) SWAP 1974/1982MB (cached 4MB) CPU [68%@1479,4%@1479,15%@1479,8%@1479] EMC_FREQ 0% GR3D_FREQ 7% PLL@43.5C CPU@47.5C PMIC@50C GPU@45.5C AO@52.5C thermal@45.75C POM_5V_IN 3541/3150 POM_5V_GPU 81/109 POM_5V_CPU 1178/986
RAM 3200/3964MB (lfb 4x256kB) SWAP 1974/1982MB (cached 4MB) CPU [26%@1479,7%@1479,30%@1479,64%@1479] EMC_FREQ 0% GR3D_FREQ 0% PLL@43.5C CPU@45.5C PMIC@50C GPU@45.5C AO@52C thermal@45.75C POM_5V_IN 3256/3154 POM_5V_GPU 81/108 POM_5V_CPU 1180/992
RAM 3189/3964MB (lfb 8x256kB) SWAP 1974/1982MB (cached 4MB) CPU [26%@1479,37%@1479,12%@1479,62%@1479] EMC_FREQ 0% GR3D_FREQ 0% PLL@44C CPU@46.5C PMIC@50C GPU@45.5C AO@52C thermal@45.75C POM_5V_IN 3134/3153 POM_5V_GPU 81/107 POM_5V_CPU 1139/996
RAM 3190/3964MB (lfb 6x256kB) SWAP 1974/1982MB (cached 4MB) CPU [22%@1224,11%@1224,20%@1224,65%@1224] EMC_FREQ 0% GR3D_FREQ 6% PLL@43.5C CPU@46.5C PMIC@50C GPU@45.5C AO@52C thermal@45.75C POM_5V_IN 3663/3168 POM_5V_GPU 81/106 POM_5V_CPU 1259/1004
RAM 3200/3964MB (lfb 6x256kB) SWAP 1974/1982MB (cached 4MB) CPU [20%@1479,11%@1479,32%@1479,70%@1479] EMC_FREQ 0% GR3D_FREQ 0% PLL@44.5C CPU@46.5C PMIC@50C GPU@45.5C AO@52C thermal@45.75C POM_5V_IN 3785/3185 POM_5V_GPU 81/105 POM_5V_CPU 1422/1016
RAM 3199/3964MB (lfb 4x256kB) SWAP 1974/1982MB (cached 4MB) CPU [16%@1479,8%@1479,26%@1479,74%@1479] EMC_FREQ 0% GR3D_FREQ 2% PLL@44.5C CPU@46.5C PMIC@50C GPU@46C AO@52C thermal@45.75C POM_5V_IN 3744/3200 POM_5V_GPU 81/105 POM_5V_CPU 1341/1024
RAM 3220/3964MB (lfb 7x256kB) SWAP 1974/1982MB (cached 4MB) CPU [13%@1479,8%@1479,23%@1479,66%@1479] EMC_FREQ 0% GR3D_FREQ 23% PLL@44C CPU@47C PMIC@50C GPU@45.5C AO@52.5C thermal@46C POM_5V_IN 3541/3209 POM_5V_GPU 122/105 POM_5V_CPU 1300/1032
RAM 3225/3964MB (lfb 3x512kB) SWAP 1974/1982MB (cached 4MB) CPU [20%@1479,69%@1479,23%@1479,48%@1479] EMC_FREQ 0% GR3D_FREQ 16% PLL@44.5C CPU@47.5C PMIC@50C GPU@46C AO@53C thermal@46C POM_5V_IN 3663/3220 POM_5V_GPU 122/106 POM_5V_CPU 1341/1040
RAM 3226/3964MB (lfb 7x256kB) SWAP 1974/1982MB (cached 3MB) CPU [23%@1479,55%@1479,50%@1479,20%@1479] EMC_FREQ 0% GR3D_FREQ 99% PLL@45C CPU@48.5C PMIC@50C GPU@48.5C AO@53.5C thermal@46C POM_5V_IN 6167/3294 POM_5V_GPU 2393/163 POM_5V_CPU 1379/1048
RAM 3227/3964MB (lfb 7x256kB) SWAP 1974/1982MB (cached 3MB) CPU [29%@1479,64%@1479,12%@1479,12%@1479] EMC_FREQ 0% GR3D_FREQ 98% PLL@46C CPU@50.5C PMIC@50C GPU@51C AO@55C thermal@46C POM_5V_IN 7413/3395 POM_5V_GPU 3403/242 POM_5V_CPU 1498/1059
RAM 3227/3964MB (lfb 7x256kB) SWAP 1974/1982MB (cached 3MB) CPU [37%@1479,19%@1479,48%@1479,53%@1479] EMC_FREQ 0% GR3D_FREQ 99% PLL@47.5C CPU@51.5C PMIC@50C GPU@52.5C AO@56C thermal@51.75C POM_5V_IN 7454/3491 POM_5V_GPU 3484/319 POM_5V_CPU 1458/1068
RAM 3227/3964MB (lfb 7x256kB) SWAP 1974/1982MB (cached 3MB) CPU [32%@1479,22%@1479,77%@1479,19%@1479] EMC_FREQ 0% GR3D_FREQ 98% PLL@48C CPU@53C PMIC@50C GPU@53.5C AO@56.5C thermal@51.75C POM_5V_IN 7454/3583 POM_5V_GPU 3484/393 POM_5V_CPU 1458/1077
RAM 3227/3964MB (lfb 7x256kB) SWAP 1974/1982MB (cached 3MB) CPU [34%@1479,12%@1479,4%@1479,76%@1479] EMC_FREQ 0% GR3D_FREQ 99% PLL@49C CPU@53C PMIC@50C GPU@54.5C AO@57C thermal@51.75C POM_5V_IN 7413/3670 POM_5V_GPU 3484/463 POM_5V_CPU 1458/1086
RAM 3227/3964MB (lfb 7x256kB) SWAP 1974/1982MB (cached 3MB) CPU [26%@1479,20%@1479,24%@1479,78%@1479] EMC_FREQ 0% GR3D_FREQ 98% PLL@49.5C CPU@54C PMIC@50C GPU@54.5C AO@57.5C thermal@51.75C POM_5V_IN 7373/3753 POM_5V_GPU 3524/531 POM_5V_CPU 1377/1093
RAM 3227/3964MB (lfb 7x256kB) SWAP 1974/1982MB (cached 3MB) CPU [22%@1479,15%@1479,80%@1479,20%@1479] EMC_FREQ 0% GR3D_FREQ 99% PLL@50C CPU@54.5C PMIC@50C GPU@55.5C AO@58.5C thermal@51.75C POM_5V_IN 7373/3831 POM_5V_GPU 3524/596 POM_5V_CPU 1336/1098
RAM 3227/3964MB (lfb 7x256kB) SWAP 1974/1982MB (cached 3MB) CPU [28%@710,23%@710,80%@710,16%@710] EMC_FREQ 0% GR3D_FREQ 99% PLL@50.5C CPU@55C PMIC@50C GPU@56C AO@59C thermal@55C POM_5V_IN 7413/3908 POM_5V_GPU 3524/658 POM_5V_CPU 1336/1103
RAM 3228/3964MB (lfb 7x256kB) SWAP 1974/1982MB (cached 3MB) CPU [32%@1132,20%@1132,78%@1132,25%@1132] EMC_FREQ 0% GR3D_FREQ 99% PLL@50.5C CPU@56C PMIC@50C GPU@56.5C AO@59.5C thermal@55C POM_5V_IN 7454/3981 POM_5V_GPU 3524/718 POM_5V_CPU 1417/1109
RAM 3227/3964MB (lfb 7x256kB) SWAP 1974/1982MB (cached 3MB) CPU [25%@1479,61%@1479,16%@1479,12%@1479] EMC_FREQ 0% GR3D_FREQ 98% PLL@51.5C CPU@56C PMIC@50C GPU@57C AO@60C thermal@55C POM_5V_IN 7616/4056 POM_5V_GPU 3524/775 POM_5V_CPU 1539/1118
RAM 3227/3964MB (lfb 7x256kB) SWAP 1974/1982MB (cached 3MB) CPU [30%@1479,30%@1479,19%@1479,50%@1479] EMC_FREQ 0% GR3D_FREQ 98% PLL@52C CPU@56.5C PMIC@50C GPU@57.5C AO@60C thermal@55C POM_5V_IN 7616/4127 POM_5V_GPU 3565/831 POM_5V_CPU 1498/1126
RAM 3227/3964MB (lfb 7x256kB) SWAP 1974/1982MB (cached 3MB) CPU [27%@710,35%@710,44%@710,42%@710] EMC_FREQ 0% GR3D_FREQ 99% PLL@52.5C CPU@57C PMIC@50C GPU@58C AO@61C thermal@57C POM_5V_IN 7535/4194 POM_5V_GPU 3565/885 POM_5V_CPU 1458/1132
RAM 3227/3964MB (lfb 7x256kB) SWAP 1974/1982MB (cached 3MB) CPU [18%@1479,58%@1479,18%@1479,16%@1479] EMC_FREQ 0% GR3D_FREQ 98% PLL@53C CPU@57C PMIC@50C GPU@58C AO@61.5C thermal@57C POM_5V_IN 7656/4260 POM_5V_GPU 3565/936 POM_5V_CPU 1539/1140
RAM 3227/3964MB (lfb 7x256kB) SWAP 1974/1982MB (cached 3MB) CPU [25%@1479,30%@1479,64%@1479,28%@1479] EMC_FREQ 0% GR3D_FREQ 99% PLL@53C CPU@58C PMIC@50C GPU@58.5C AO@61.5C thermal@57C POM_5V_IN 7535/4322 POM_5V_GPU 3565/986 POM_5V_CPU 1377/1145
RAM 3227/3964MB (lfb 7x256kB) SWAP 1974/1982MB (cached 3MB) CPU [33%@710,20%@710,82%@710,20%@710] EMC_FREQ 0% GR3D_FREQ 99% PLL@53.5C CPU@58.5C PMIC@50C GPU@59C AO@62C thermal@57C POM_5V_IN 7494/4381 POM_5V_GPU 3605/1034 POM_5V_CPU 1377/1149
RAM 3227/3964MB (lfb 7x256kB) SWAP 1974/1982MB (cached 3MB) CPU [29%@1479,16%@1479,37%@1479,62%@1479] EMC_FREQ 0% GR3D_FREQ 99% PLL@54C CPU@58.5C PMIC@50C GPU@59C AO@62C thermal@58.75C POM_5V_IN 7616/4439 POM_5V_GPU 3605/1081 POM_5V_CPU 1458/1154
RAM 3227/3964MB (lfb 7x256kB) SWAP 1974/1982MB (cached 3MB) CPU [25%@1479,13%@1479,63%@1479,16%@1479] EMC_FREQ 0% GR3D_FREQ 99% PLL@54C CPU@59C PMIC@50C GPU@60C AO@62.5C thermal@58.75C POM_5V_IN 7616/4496 POM_5V_GPU 3605/1126 POM_5V_CPU 1458/1160
RAM 3227/3964MB (lfb 7x256kB) SWAP 1974/1982MB (cached 3MB) CPU [32%@1479,16%@1479,47%@1479,20%@1479] EMC_FREQ 0% GR3D_FREQ 99% PLL@54.5C CPU@59.5C PMIC@50C GPU@60C AO@63C thermal@58.75C POM_5V_IN 7737/4553 POM_5V_GPU 3605/1169 POM_5V_CPU 1579/1167
RAM 3227/3964MB (lfb 7x256kB) SWAP 1974/1982MB (cached 3MB) CPU [17%@1479,77%@1479,12%@1479,16%@1479] EMC_FREQ 0% GR3D_FREQ 98% PLL@55C CPU@59.5C PMIC@50C GPU@60C AO@63.5C thermal@58.75C POM_5V_IN 7737/4608 POM_5V_GPU 3605/1211 POM_5V_CPU 1577/1174
RAM 3227/3964MB (lfb 7x256kB) SWAP 1974/1982MB (cached 3MB) CPU [30%@1479,44%@1479,15%@1479,25%@1479] EMC_FREQ 0% GR3D_FREQ 98% PLL@55C CPU@60C PMIC@50C GPU@60.5C AO@64C thermal@58.75C POM_5V_IN 7818/4662 POM_5V_GPU 3605/1252 POM_5V_CPU 1617/1182
RAM 3227/3964MB (lfb 7x256kB) SWAP 1974/1982MB (cached 3MB) CPU [29%@1132,23%@1132,20%@1132,79%@1132] EMC_FREQ 0% GR3D_FREQ 99% PLL@55.5C CPU@60C PMIC@50C GPU@60.5C AO@64C thermal@60.25C POM_5V_IN 7616/4712 POM_5V_GPU 3605/1291 POM_5V_CPU 1417/1186
RAM 3227/3964MB (lfb 7x256kB) SWAP 1974/1982MB (cached 3MB) CPU [33%@1326,41%@1326,21%@1326,46%@1326] EMC_FREQ 0% GR3D_FREQ 98% PLL@56C CPU@60.5C PMIC@50C GPU@61C AO@64.5C thermal@60.25C POM_5V_IN 7859/4763 POM_5V_GPU 3599/1329 POM_5V_CPU 1617/1193
RAM 3228/3964MB (lfb 7x256kB) SWAP 1974/1982MB (cached 3MB) CPU [30%@1479,24%@1479,37%@1479,70%@1479] EMC_FREQ 0% GR3D_FREQ 99% PLL@56C CPU@61C PMIC@50C GPU@61C AO@64.5C thermal@60.25C POM_5V_IN 7697/4810 POM_5V_GPU 3646/1366 POM_5V_CPU 1458/1197
RAM 3228/3964MB (lfb 7x256kB) SWAP 1974/1982MB (cached 3MB) CPU [21%@1036,26%@1036,26%@1036,70%@1036] EMC_FREQ 0% GR3D_FREQ 99% PLL@56.5C CPU@61C PMIC@50C GPU@61.5C AO@65C thermal@60.25C POM_5V_IN 7737/4857 POM_5V_GPU 3646/1403 POM_5V_CPU 1539/1202
RAM 3228/3964MB (lfb 7x256kB) SWAP 1974/1982MB (cached 3MB) CPU [30%@1479,26%@1479,16%@1479,31%@1479] EMC_FREQ 0% GR3D_FREQ 99% PLL@56.5C CPU@61C PMIC@50C GPU@61.5C AO@65C thermal@61.5C POM_5V_IN 7697/4901 POM_5V_GPU 3646/1438 POM_5V_CPU 1498/1207
RAM 3228/3964MB (lfb 7x256kB) SWAP 1974/1982MB (cached 3MB) CPU [30%@1479,23%@1479,54%@1479,46%@1479] EMC_FREQ 0% GR3D_FREQ 98% PLL@56.5C CPU@61.5C PMIC@50C GPU@62C AO@65C thermal@61.5C POM_5V_IN 7697/4944 POM_5V_GPU 3646/1472 POM_5V_CPU 1498/1212
RAM 3227/3964MB (lfb 7x256kB) SWAP 1974/1982MB (cached 3MB) CPU [28%@1479,16%@1479,74%@1479,24%@1479] EMC_FREQ 0% GR3D_FREQ 99% PLL@57C CPU@62C PMIC@50C GPU@62C AO@65.5C thermal@61.5C POM_5V_IN 7778/4987 POM_5V_GPU 3646/1505 POM_5V_CPU 1496/1216
RAM 3227/3964MB (lfb 7x256kB) SWAP 1974/1982MB (cached 3MB) CPU [21%@1132,14%@1132,13%@1132,37%@1132] EMC_FREQ 0% GR3D_FREQ 98% PLL@57.5C CPU@62C PMIC@50C GPU@62.5C AO@65.5C thermal@61.5C POM_5V_IN 7778/5029 POM_5V_GPU 3686/1537 POM_5V_CPU 1498/1220
RAM 3228/3964MB (lfb 7x256kB) SWAP 1974/1982MB (cached 3MB) CPU [30%@921,59%@921,41%@921,20%@921] EMC_FREQ 0% GR3D_FREQ 98% PLL@57.5C CPU@62.5C PMIC@50C GPU@62.5C AO@66.5C thermal@62.75C POM_5V_IN 7818/5070 POM_5V_GPU 3680/1569 POM_5V_CPU 1537/1225
RAM 3227/3964MB (lfb 7x256kB) SWAP 1974/1982MB (cached 3MB) CPU [28%@710,26%@710,60%@710,40%@710] EMC_FREQ 0% GR3D_FREQ 99% PLL@57.5C CPU@62.5C PMIC@50C GPU@63C AO@66C thermal@62.75C POM_5V_IN 7859/5110 POM_5V_GPU 3680/1599 POM_5V_CPU 1577/1230
RAM 3227/3964MB (lfb 7x256kB) SWAP 1974/1982MB (cached 3MB) CPU [26%@1479,31%@1479,23%@1479,26%@1479] EMC_FREQ 0% GR3D_FREQ 99% PLL@58C CPU@63C PMIC@50C GPU@63C AO@66.5C thermal@62.75C POM_5V_IN 7859/5150 POM_5V_GPU 3680/1629 POM_5V_CPU 1577/1235
RAM 3227/3964MB (lfb 7x256kB) SWAP 1974/1982MB (cached 3MB) CPU [30%@710,20%@710,82%@710,16%@710] EMC_FREQ 0% GR3D_FREQ 99% PLL@58C CPU@63C PMIC@50C GPU@63.5C AO@66.5C thermal@62.75C POM_5V_IN 7778/5187 POM_5V_GPU 3686/1658 POM_5V_CPU 1498/1238
RAM 3228/3964MB (lfb 7x256kB) SWAP 1974/1982MB (cached 3MB) CPU [22%@1479,16%@1479,57%@1479,42%@1479] EMC_FREQ 0% GR3D_FREQ 98% PLL@58C CPU@63C PMIC@50C GPU@63.5C AO@67C thermal@62.75C POM_5V_IN 7899/5224 POM_5V_GPU 3686/1686 POM_5V_CPU 1579/1243
RAM 3227/3964MB (lfb 7x256kB) SWAP 1974/1982MB (cached 3MB) CPU [32%@1132,16%@1132,33%@1132,72%@1132] EMC_FREQ 0% GR3D_FREQ 98% PLL@58.5C CPU@63.5C PMIC@50C GPU@64C AO@67C thermal@63.25C POM_5V_IN 7859/5260 POM_5V_GPU 3680/1713 POM_5V_CPU 1577/1248
RAM 3227/3964MB (lfb 7x256kB) SWAP 1974/1982MB (cached 3MB) CPU [21%@1132,20%@1224,70%@1224,17%@1224] EMC_FREQ 0% GR3D_FREQ 98% PLL@58.5C CPU@63.5C PMIC@50C GPU@63.5C AO@67C thermal@63.25C POM_5V_IN 7818/5295 POM_5V_GPU 3727/1741 POM_5V_CPU 1539/1252
RAM 3228/3964MB (lfb 7x256kB) SWAP 1974/1982MB (cached 3MB) CPU [34%@1326,23%@1326,74%@1326,20%@1326] EMC_FREQ 0% GR3D_FREQ 98% PLL@59C CPU@63.5C PMIC@50C GPU@64C AO@67C thermal@63.25C POM_5V_IN 7899/5330 POM_5V_GPU 3686/1766 POM_5V_CPU 1577/1256
RAM 3227/3964MB (lfb 7x256kB) SWAP 1974/1982MB (cached 3MB) CPU [28%@710,20%@710,23%@710,76%@710] EMC_FREQ 0% GR3D_FREQ 98% PLL@59.5C CPU@64C PMIC@50C GPU@64.5C AO@67.5C thermal@63.25C POM_5V_IN 7899/5363 POM_5V_GPU 3680/1792 POM_5V_CPU 1577/1260
RAM 3227/3964MB (lfb 7x256kB) SWAP 1974/1982MB (cached 3MB) CPU [26%@1479,48%@1479,25%@1479,36%@1479] EMC_FREQ 0% GR3D_FREQ 98% PLL@59C CPU@63.5C PMIC@50C GPU@64.5C AO@67.5C thermal@64.25C POM_5V_IN 7980/5397 POM_5V_GPU 3721/1817 POM_5V_CPU 1658/1265
RAM 3227/3964MB (lfb 7x256kB) SWAP 1974/1982MB (cached 3MB) CPU [18%@1479,29%@1479,40%@1479,51%@1479] EMC_FREQ 0% GR3D_FREQ 99% PLL@59.5C CPU@64C PMIC@50C GPU@65C AO@67.5C thermal@64.25C POM_5V_IN 7940/5430 POM_5V_GPU 3721/1841 POM_5V_CPU 1617/1270
RAM 3227/3964MB (lfb 7x256kB) SWAP 1974/1982MB (cached 3MB) CPU [20%@1479,66%@1479,13%@1479,20%@1479] EMC_FREQ 0% GR3D_FREQ 98% PLL@59.5C CPU@64C PMIC@50C GPU@65C AO@68C thermal@64.25C POM_5V_IN 8021/5463 POM_5V_GPU 3721/1865 POM_5V_CPU 1698/1275
RAM 3226/3964MB (lfb 7x256kB) SWAP 1974/1982MB (cached 3MB) CPU [50%@1132,69%@1132,45%@1132,30%@1132] EMC_FREQ 0% GR3D_FREQ 98% PLL@60C CPU@65C PMIC@50C GPU@65C AO@68.5C thermal@64.25C POM_5V_IN 8102/5496 POM_5V_GPU 3680/1888 POM_5V_CPU 1739/1281
RAM 3227/3964MB (lfb 7x256kB) SWAP 1974/1982MB (cached 3MB) CPU [21%@1479,16%@1479,20%@1479,70%@1479] EMC_FREQ 0% GR3D_FREQ 98% PLL@60C CPU@65C PMIC@50C GPU@65.5C AO@68.5C thermal@65.25C POM_5V_IN 7940/5526 POM_5V_GPU 3721/1910 POM_5V_CPU 1617/1285
RAM 3227/3964MB (lfb 7x256kB) SWAP 1974/1982MB (cached 3MB) CPU [34%@1224,25%@1224,34%@1224,56%@1224] EMC_FREQ 0% GR3D_FREQ 98% PLL@60C CPU@65C PMIC@50C GPU@65.5C AO@68.5C thermal@65.25C POM_5V_IN 7859/5554 POM_5V_GPU 3721/1932 POM_5V_CPU 1577/1289
RAM 3227/3964MB (lfb 7x256kB) SWAP 1974/1982MB (cached 3MB) CPU [25%@710,25%@710,26%@710,75%@710] EMC_FREQ 0% GR3D_FREQ 99% PLL@60C CPU@65C PMIC@50C GPU@65.5C AO@68.5C thermal@65.25C POM_5V_IN 7818/5582 POM_5V_GPU 3721/1954 POM_5V_CPU 1496/1291
RAM 3227/3964MB (lfb 7x256kB) SWAP 1974/1982MB (cached 3MB) CPU [34%@1479,25%@1479,33%@1479,64%@1479] EMC_FREQ 0% GR3D_FREQ 99% PLL@60.5C CPU@65.5C PMIC@50C GPU@66C AO@69C thermal@65.25C POM_5V_IN 7899/5609 POM_5V_GPU 3721/1975 POM_5V_CPU 1577/1295
RAM 3227/3964MB (lfb 7x256kB) SWAP 1974/1982MB (cached 3MB) CPU [26%@1479,16%@1479,41%@1479,53%@1479] EMC_FREQ 0% GR3D_FREQ 99% PLL@60.5C CPU@66C PMIC@50C GPU@66C AO@69C thermal@65.25C POM_5V_IN 7940/5637 POM_5V_GPU 3721/1995 POM_5V_CPU 1617/1298
RAM 3227/3964MB (lfb 7x256kB) SWAP 1974/1982MB (cached 3MB) CPU [30%@1224,23%@1224,53%@1224,37%@1224] EMC_FREQ 0% GR3D_FREQ 98% PLL@61C CPU@66C PMIC@50C GPU@66C AO@69C thermal@66C POM_5V_IN 8021/5664 POM_5V_GPU 3721/2015 POM_5V_CPU 1698/1303
RAM 3227/3964MB (lfb 7x256kB) SWAP 1974/1982MB (cached 3MB) CPU [28%@1479,25%@1479,41%@1479,57%@1479] EMC_FREQ 0% GR3D_FREQ 98% PLL@61C CPU@65.5C PMIC@50C GPU@66.5C AO@69C thermal@66C POM_5V_IN 7980/5691 POM_5V_GPU 3721/2035 POM_5V_CPU 1577/1306
RAM 3227/3964MB (lfb 7x256kB) SWAP 1974/1982MB (cached 3MB) CPU [18%@1479,30%@1479,16%@1479,48%@1479] EMC_FREQ 0% GR3D_FREQ 99% PLL@61.5C CPU@66C PMIC@50C GPU@66.5C AO@69.5C thermal@66C POM_5V_IN 8021/5717 POM_5V_GPU 3761/2055 POM_5V_CPU 1617/1310
RAM 3227/3964MB (lfb 7x256kB) SWAP 1974/1982MB (cached 3MB) CPU [18%@1479,37%@1479,12%@1479,59%@1479] EMC_FREQ 0% GR3D_FREQ 98% PLL@61C CPU@66C PMIC@50C GPU@66.5C AO@69C thermal@66C POM_5V_IN 7980/5743 POM_5V_GPU 3767/2074 POM_5V_CPU 1617/1313
RAM 3227/3964MB (lfb 7x256kB) SWAP 1974/1982MB (cached 3MB) CPU [26%@1479,34%@1479,65%@1479,28%@1479] EMC_FREQ 0% GR3D_FREQ 99% PLL@61C CPU@67C PMIC@50C GPU@67C AO@70C thermal@66.75C POM_5V_IN 7940/5767 POM_5V_GPU 3767/2093 POM_5V_CPU 1577/1316
RAM 3222/3964MB (lfb 7x256kB) SWAP 1974/1982MB (cached 3MB) CPU [28%@1479,16%@1479,80%@1479,20%@1479] EMC_FREQ 0% GR3D_FREQ 99% PLL@61.5C CPU@66.5C PMIC@50C GPU@67C AO@70C thermal@66.75C POM_5V_IN 8021/5792 POM_5V_GPU 3761/2111 POM_5V_CPU 1617/1319
RAM 3222/3964MB (lfb 7x256kB) SWAP 1974/1982MB (cached 3MB) CPU [30%@1479,19%@1479,83%@1479,16%@1479] EMC_FREQ 0% GR3D_FREQ 99% PLL@61.5C CPU@67.5C PMIC@50C GPU@67C AO@70C thermal@66.75C POM_5V_IN 7980/5816 POM_5V_GPU 3761/2129 POM_5V_CPU 1617/1323
RAM 3222/3964MB (lfb 7x256kB) SWAP 1974/1982MB (cached 3MB) CPU [8%@1479,16%@1479,100%@1479,8%@1479] EMC_FREQ 0% GR3D_FREQ 99% PLL@61.5C CPU@67.5C PMIC@50C GPU@67.5C AO@70.5C thermal@66.75C POM_5V_IN 7980/5839 POM_5V_GPU 3680/2146 POM_5V_CPU 1658/1326
RAM 3222/3964MB (lfb 7x256kB) SWAP 1974/1982MB (cached 3MB) CPU [11%@1479,19%@1479,100%@1479,8%@1479] EMC_FREQ 0% GR3D_FREQ 99% PLL@62C CPU@67.5C PMIC@50C GPU@67.5C AO@70.5C thermal@66.75C POM_5V_IN 7980/5862 POM_5V_GPU 3721/2162 POM_5V_CPU 1658/1330
RAM 3222/3964MB (lfb 7x256kB) SWAP 1974/1982MB (cached 3MB) CPU [8%@1479,56%@1479,50%@1479,4%@1479] EMC_FREQ 0% GR3D_FREQ 98% PLL@62C CPU@67C PMIC@50C GPU@67.5C AO@70.5C thermal@67.5C POM_5V_IN 8021/5885 POM_5V_GPU 3680/2178 POM_5V_CPU 1698/1334
RAM 3222/3964MB (lfb 7x256kB) SWAP 1974/1982MB (cached 3MB) CPU [37%@1479,55%@1479,29%@1479,32%@1479] EMC_FREQ 0% GR3D_FREQ 98% PLL@62C CPU@67C PMIC@50C GPU@67.5C AO@71C thermal@67.5C POM_5V_IN 8061/5907 POM_5V_GPU 3680/2194 POM_5V_CPU 1698/1337
RAM 3222/3964MB (lfb 7x256kB) SWAP 1974/1982MB (cached 3MB) CPU [26%@1479,28%@1479,20%@1479,25%@1479] EMC_FREQ 0% GR3D_FREQ 98% PLL@62.5C CPU@67C PMIC@50C GPU@67.5C AO@71C thermal@67.5C POM_5V_IN 8102/5930 POM_5V_GPU 3680/2209 POM_5V_CPU 1779/1342
RAM 3222/3964MB (lfb 7x256kB) SWAP 1974/1982MB (cached 3MB) CPU [9%@1479,0%@1479,9%@1479,8%@1479] EMC_FREQ 0% GR3D_FREQ 98% PLL@62.5C CPU@67.5C PMIC@50C GPU@68C AO@71C thermal@67.5C POM_5V_IN 8061/5952 POM_5V_GPU 3680/2224 POM_5V_CPU 1739/1346
RAM 3222/3964MB (lfb 7x256kB) SWAP 1974/1982MB (cached 3MB) CPU [63%@710,10%@1479,13%@1479,8%@1479] EMC_FREQ 0% GR3D_FREQ 99% PLL@62.5C CPU@67.5C PMIC@50C GPU@68C AO@71.5C thermal@67.5C POM_5V_IN 8021/5972 POM_5V_GPU 3680/2239 POM_5V_CPU 1698/1350
RAM 3222/3964MB (lfb 7x256kB) SWAP 1974/1982MB (cached 3MB) CPU [13%@1479,75%@1479,13%@1479,8%@1479] EMC_FREQ 0% GR3D_FREQ 98% PLL@63C CPU@67.5C PMIC@50C GPU@68C AO@71.5C thermal@67.5C POM_5V_IN 8061/5993 POM_5V_GPU 3680/2253 POM_5V_CPU 1779/1354
RAM 3222/3964MB (lfb 7x256kB) SWAP 1974/1982MB (cached 3MB) CPU [51%@1479,46%@1479,33%@1479,33%@1479] EMC_FREQ 0% GR3D_FREQ 98% PLL@63C CPU@68C PMIC@50C GPU@68.5C AO@72C thermal@67.5C POM_5V_IN 8021/6013 POM_5V_GPU 3721/2268 POM_5V_CPU 1698/1357
RAM 3222/3964MB (lfb 7x256kB) SWAP 1974/1982MB (cached 3MB) CPU [68%@1326,37%@1326,14%@1326,16%@1326] EMC_FREQ 0% GR3D_FREQ 98% PLL@63C CPU@68C PMIC@50C GPU@68C AO@71.5C thermal@67.5C POM_5V_IN 8183/6035 POM_5V_GPU 3680/2282 POM_5V_CPU 1779/1361
RAM 3222/3964MB (lfb 7x256kB) SWAP 1974/1982MB (cached 3MB) CPU [55%@1132,29%@1132,13%@1132,44%@1132] EMC_FREQ 0% GR3D_FREQ 99% PLL@63C CPU@68C PMIC@50C GPU@68.5C AO@72C thermal@68.5C POM_5V_IN 8061/6054 POM_5V_GPU 3721/2296 POM_5V_CPU 1698/1365
RAM 3222/3964MB (lfb 7x256kB) SWAP 1974/1982MB (cached 3MB) CPU [92%@1036,20%@1036,20%@1036,22%@1036] EMC_FREQ 0% GR3D_FREQ 99% PLL@63C CPU@68C PMIC@50C GPU@68.5C AO@72C thermal@68.5C POM_5V_IN 7940/6072 POM_5V_GPU 3721/2309 POM_5V_CPU 1617/1367
RAM 3222/3964MB (lfb 7x256kB) SWAP 1974/1982MB (cached 3MB) CPU [65%@1428,35%@1428,32%@1428,29%@1428] EMC_FREQ 0% GR3D_FREQ 98% PLL@63.5C CPU@68.5C PMIC@50C GPU@68.5C AO@72C thermal@68.5C POM_5V_IN 8102/6092 POM_5V_GPU 3721/2323 POM_5V_CPU 1739/1371
RAM 3222/3964MB (lfb 7x256kB) SWAP 1974/1982MB (cached 3MB) CPU [54%@1132,16%@1132,24%@1132,33%@1132] EMC_FREQ 0% GR3D_FREQ 99% PLL@63C CPU@68C PMIC@50C GPU@68.5C AO@72C thermal@68.5C POM_5V_IN 8021/6110 POM_5V_GPU 3721/2336 POM_5V_CPU 1658/1373
RAM 3222/3964MB (lfb 7x256kB) SWAP 1974/1982MB (cached 3MB) CPU [44%@1479,59%@1479,13%@1479,8%@1479] EMC_FREQ 0% GR3D_FREQ 98% PLL@64C CPU@68C PMIC@50C GPU@69C AO@72C thermal@68.5C POM_5V_IN 8102/6129 POM_5V_GPU 3721/2349 POM_5V_CPU 1739/1377
RAM 3222/3964MB (lfb 7x256kB) SWAP 1974/1982MB (cached 3MB) CPU [16%@1479,72%@1479,16%@1479,22%@1479] EMC_FREQ 0% GR3D_FREQ 98% PLL@63.5C CPU@68.5C PMIC@50C GPU@69.5C AO@72.5C thermal@68.75C POM_5V_IN 8142/6147 POM_5V_GPU 3721/2362 POM_5V_CPU 1739/1380
RAM 3222/3964MB (lfb 7x256kB) SWAP 1974/1982MB (cached 3MB) CPU [76%@1479,9%@1479,26%@1479,20%@1479] EMC_FREQ 0% GR3D_FREQ 98% PLL@63.5C CPU@68.5C PMIC@50C GPU@69C AO@72.5C thermal@68.75C POM_5V_IN 8061/6165 POM_5V_GPU 3721/2374 POM_5V_CPU 1698/1383
RAM 3222/3964MB (lfb 7x256kB) SWAP 1974/1982MB (cached 3MB) CPU [75%@1428,29%@1428,13%@1428,8%@1428] EMC_FREQ 0% GR3D_FREQ 98% PLL@64C CPU@69C PMIC@50C GPU@69C AO@73C thermal@68.75C POM_5V_IN 8102/6182 POM_5V_GPU 3721/2386 POM_5V_CPU 1739/1386
RAM 3222/3964MB (lfb 7x256kB) SWAP 1974/1982MB (cached 3MB) CPU [16%@1479,75%@1479,17%@1479,12%@1479] EMC_FREQ 0% GR3D_FREQ 98% PLL@64C CPU@69C PMIC@50C GPU@69.5C AO@72.5C thermal@68.75C POM_5V_IN 8142/6200 POM_5V_GPU 3721/2398 POM_5V_CPU 1739/1389
RAM 3222/3964MB (lfb 7x256kB) SWAP 1974/1982MB (cached 3MB) CPU [52%@1479,33%@1479,23%@1479,32%@1479] EMC_FREQ 0% GR3D_FREQ 99% PLL@64C CPU@69C PMIC@50C GPU@69.5C AO@73C thermal@69.25C POM_5V_IN 8061/6217 POM_5V_GPU 3767/2411 POM_5V_CPU 1698/1392
RAM 3222/3964MB (lfb 7x256kB) SWAP 1974/1982MB (cached 3MB) CPU [25%@1479,30%@1479,8%@1479,56%@1479] EMC_FREQ 0% GR3D_FREQ 0% PLL@63.5C CPU@66C PMIC@50C GPU@67C AO@72C thermal@69.25C POM_5V_IN 4314/6200 POM_5V_GPU 812/2396 POM_5V_CPU 1259/1391
RAM 3201/3964MB (lfb 16x512kB) SWAP 1974/1982MB (cached 3MB) CPU [3%@1479,11%@1479,0%@1479,100%@1479] EMC_FREQ 0% GR3D_FREQ 0% PLL@61.5C CPU@63C PMIC@50C GPU@64C AO@70C thermal@69.25C POM_5V_IN 3581/6177 POM_5V_GPU 284/2378 POM_5V_CPU 1137/1389
RAM 2808/3964MB (lfb 9x2MB) SWAP 1974/1982MB (cached 3MB) CPU [34%@1479,11%@1479,0%@1479,55%@1479] EMC_FREQ 0% GR3D_FREQ 0% PLL@60.5C CPU@62C PMIC@50C GPU@63C AO@69C thermal@69.25C POM_5V_IN 3622/6155 POM_5V_GPU 284/2360 POM_5V_CPU 1097/1386
