&&&& RUNNING TensorRT.trtexec [TensorRT v8001] # /usr/src/tensorrt/bin/trtexec --loadEngine=engines/tomato_yolov8n_cls_fp16.engine --warmUp=1000 --duration=20 --iterations=1000
[05/14/2026-04:12:03] [I] === Model Options ===
[05/14/2026-04:12:03] [I] Format: *
[05/14/2026-04:12:03] [I] Model: 
[05/14/2026-04:12:03] [I] Output:
[05/14/2026-04:12:03] [I] === Build Options ===
[05/14/2026-04:12:03] [I] Max batch: 1
[05/14/2026-04:12:03] [I] Workspace: 16 MiB
[05/14/2026-04:12:03] [I] minTiming: 1
[05/14/2026-04:12:03] [I] avgTiming: 8
[05/14/2026-04:12:03] [I] Precision: FP32
[05/14/2026-04:12:03] [I] Calibration: 
[05/14/2026-04:12:03] [I] Refit: Disabled
[05/14/2026-04:12:03] [I] Sparsity: Disabled
[05/14/2026-04:12:03] [I] Safe mode: Disabled
[05/14/2026-04:12:03] [I] Restricted mode: Disabled
[05/14/2026-04:12:03] [I] Save engine: 
[05/14/2026-04:12:03] [I] Load engine: engines/tomato_yolov8n_cls_fp16.engine
[05/14/2026-04:12:03] [I] NVTX verbosity: 0
[05/14/2026-04:12:03] [I] Tactic sources: Using default tactic sources
[05/14/2026-04:12:03] [I] timingCacheMode: local
[05/14/2026-04:12:03] [I] timingCacheFile: 
[05/14/2026-04:12:03] [I] Input(s)s format: fp32:CHW
[05/14/2026-04:12:03] [I] Output(s)s format: fp32:CHW
[05/14/2026-04:12:03] [I] Input build shapes: model
[05/14/2026-04:12:03] [I] Input calibration shapes: model
[05/14/2026-04:12:03] [I] === System Options ===
[05/14/2026-04:12:03] [I] Device: 0
[05/14/2026-04:12:03] [I] DLACore: 
[05/14/2026-04:12:03] [I] Plugins:
[05/14/2026-04:12:03] [I] === Inference Options ===
[05/14/2026-04:12:03] [I] Batch: 1
[05/14/2026-04:12:03] [I] Input inference shapes: model
[05/14/2026-04:12:03] [I] Iterations: 1000
[05/14/2026-04:12:03] [I] Duration: 20s (+ 1000ms warm up)
[05/14/2026-04:12:03] [I] Sleep time: 0ms
[05/14/2026-04:12:03] [I] Streams: 1
[05/14/2026-04:12:03] [I] ExposeDMA: Disabled
[05/14/2026-04:12:03] [I] Data transfers: Enabled
[05/14/2026-04:12:03] [I] Spin-wait: Disabled
[05/14/2026-04:12:03] [I] Multithreading: Disabled
[05/14/2026-04:12:03] [I] CUDA Graph: Disabled
[05/14/2026-04:12:03] [I] Separate profiling: Disabled
[05/14/2026-04:12:03] [I] Time Deserialize: Disabled
[05/14/2026-04:12:03] [I] Time Refit: Disabled
[05/14/2026-04:12:03] [I] Skip inference: Disabled
[05/14/2026-04:12:03] [I] Inputs:
[05/14/2026-04:12:03] [I] === Reporting Options ===
[05/14/2026-04:12:03] [I] Verbose: Disabled
[05/14/2026-04:12:03] [I] Averages: 10 inferences
[05/14/2026-04:12:03] [I] Percentile: 99
[05/14/2026-04:12:03] [I] Dump refittable layers:Disabled
[05/14/2026-04:12:03] [I] Dump output: Disabled
[05/14/2026-04:12:03] [I] Profile: Disabled
[05/14/2026-04:12:03] [I] Export timing to JSON file: 
[05/14/2026-04:12:03] [I] Export output to JSON file: 
[05/14/2026-04:12:03] [I] Export profile to JSON file: 
[05/14/2026-04:12:03] [I] 
[05/14/2026-04:12:03] [I] === Device Information ===
[05/14/2026-04:12:03] [I] Selected Device: NVIDIA Tegra X1
[05/14/2026-04:12:03] [I] Compute Capability: 5.3
[05/14/2026-04:12:03] [I] SMs: 1
[05/14/2026-04:12:03] [I] Compute Clock Rate: 0.9216 GHz
[05/14/2026-04:12:03] [I] Device Global Memory: 3964 MiB
[05/14/2026-04:12:03] [I] Shared Memory per SM: 64 KiB
[05/14/2026-04:12:03] [I] Memory Bus Width: 64 bits (ECC disabled)
[05/14/2026-04:12:03] [I] Memory Clock Rate: 0.01275 GHz
[05/14/2026-04:12:03] [I] 
[05/14/2026-04:12:03] [I] TensorRT version: 8001
[05/14/2026-04:12:04] [I] [TRT] [MemUsageChange] Init CUDA: CPU +203, GPU +0, now: CPU 226, GPU 3286 (MiB)
[05/14/2026-04:12:04] [I] [TRT] Loaded engine size: 5 MB
[05/14/2026-04:12:04] [I] [TRT] [MemUsageSnapshot] deserializeCudaEngine begin: CPU 226 MiB, GPU 3286 MiB
[05/14/2026-04:12:06] [I] [TRT] [MemUsageChange] Init cuBLAS/cuBLASLt: CPU +158, GPU +214, now: CPU 387, GPU 3503 (MiB)
[05/14/2026-04:12:07] [I] [TRT] [MemUsageChange] Init cuDNN: CPU +240, GPU +294, now: CPU 627, GPU 3797 (MiB)
[05/14/2026-04:12:07] [I] [TRT] [MemUsageChange] Init cuBLAS/cuBLASLt: CPU +0, GPU +0, now: CPU 627, GPU 3797 (MiB)
[05/14/2026-04:12:07] [I] [TRT] [MemUsageSnapshot] deserializeCudaEngine end: CPU 627 MiB, GPU 3797 MiB
[05/14/2026-04:12:07] [I] Engine loaded in 4.09003 sec.
[05/14/2026-04:12:07] [I] [TRT] [MemUsageSnapshot] ExecutionContext creation begin: CPU 622 MiB, GPU 3793 MiB
[05/14/2026-04:12:07] [I] [TRT] [MemUsageChange] Init cuBLAS/cuBLASLt: CPU +0, GPU +0, now: CPU 622, GPU 3793 (MiB)
[05/14/2026-04:12:07] [I] [TRT] [MemUsageChange] Init cuDNN: CPU +0, GPU +0, now: CPU 622, GPU 3793 (MiB)
[05/14/2026-04:12:07] [I] [TRT] [MemUsageSnapshot] ExecutionContext creation end: CPU 622 MiB, GPU 3793 MiB
[05/14/2026-04:12:07] [I] Created input binding for images with dimensions 1x3x224x224
[05/14/2026-04:12:07] [I] Created output binding for output0 with dimensions 1x10
[05/14/2026-04:12:07] [I] Starting inference
[05/14/2026-04:12:28] [I] Warmup completed 230 queries over 1000 ms
[05/14/2026-04:12:28] [I] Timing trace has 5219 queries over 20.0091 s
[05/14/2026-04:12:28] [I] 
[05/14/2026-04:12:28] [I] === Trace details ===
[05/14/2026-04:12:28] [I] Trace averages of 10 runs:
[05/14/2026-04:12:28] [I] Average on 10 runs - GPU latency: 3.73687 ms - Host latency: 3.79786 ms (end to end 3.8088 ms, enqueue 2.98245 ms)
[05/14/2026-04:12:28] [I] Average on 10 runs - GPU latency: 3.74581 ms - Host latency: 3.80677 ms (end to end 3.81658 ms, enqueue 2.57139 ms)
[05/14/2026-04:12:28] [I] Average on 10 runs - GPU latency: 3.7477 ms - Host latency: 3.80903 ms (end to end 3.81881 ms, enqueue 2.51388 ms)
[05/14/2026-04:12:28] [I] Average on 10 runs - GPU latency: 3.75548 ms - Host latency: 3.81665 ms (end to end 3.8264 ms, enqueue 2.37605 ms)
[05/14/2026-04:12:28] [I] Average on 10 runs - GPU latency: 3.74689 ms - Host latency: 3.80796 ms (end to end 3.81755 ms, enqueue 2.54552 ms)
[05/14/2026-04:12:28] [I] Average on 10 runs - GPU latency: 3.76525 ms - Host latency: 3.82638 ms (end to end 3.8363 ms, enqueue 2.32209 ms)
[05/14/2026-04:12:28] [I] Average on 10 runs - GPU latency: 3.78252 ms - Host latency: 3.84321 ms (end to end 3.85292 ms, enqueue 2.21018 ms)
[05/14/2026-04:12:28] [I] Average on 10 runs - GPU latency: 3.77947 ms - Host latency: 3.84014 ms (end to end 3.84972 ms, enqueue 2.10834 ms)
[05/14/2026-04:12:28] [I] Average on 10 runs - GPU latency: 3.76178 ms - Host latency: 3.82291 ms (end to end 3.83251 ms, enqueue 2.43431 ms)
[05/14/2026-04:12:28] [I] Average on 10 runs - GPU latency: 3.75134 ms - Host latency: 3.81202 ms (end to end 3.82188 ms, enqueue 2.5244 ms)
[05/14/2026-04:12:28] [I] Average on 10 runs - GPU latency: 3.76526 ms - Host latency: 3.82618 ms (end to end 3.836 ms, enqueue 2.36045 ms)
[05/14/2026-04:12:28] [I] Average on 10 runs - GPU latency: 3.78477 ms - Host latency: 3.84586 ms (end to end 3.85565 ms, enqueue 2.09082 ms)
[05/14/2026-04:12:28] [I] Average on 10 runs - GPU latency: 3.75968 ms - Host latency: 3.82108 ms (end to end 3.83114 ms, enqueue 2.4788 ms)
[05/14/2026-04:12:28] [I] Average on 10 runs - GPU latency: 3.8542 ms - Host latency: 3.91614 ms (end to end 3.93488 ms, enqueue 2.52186 ms)
[05/14/2026-04:12:28] [I] Average on 10 runs - GPU latency: 3.7678 ms - Host latency: 3.82853 ms (end to end 3.83801 ms, enqueue 2.25643 ms)
[05/14/2026-04:12:28] [I] Average on 10 runs - GPU latency: 3.75558 ms - Host latency: 3.81676 ms (end to end 3.82577 ms, enqueue 2.38822 ms)
[05/14/2026-04:12:28] [I] Average on 10 runs - GPU latency: 3.71215 ms - Host latency: 3.77388 ms (end to end 3.78622 ms, enqueue 3.59326 ms)
[05/14/2026-04:12:28] [I] Average on 10 runs - GPU latency: 3.71042 ms - Host latency: 3.77302 ms (end to end 3.78709 ms, enqueue 3.6099 ms)
[05/14/2026-04:12:28] [I] Average on 10 runs - GPU latency: 3.71265 ms - Host latency: 3.77472 ms (end to end 3.78835 ms, enqueue 3.48185 ms)
[05/14/2026-04:12:28] [I] Average on 10 runs - GPU latency: 3.71174 ms - Host latency: 3.774 ms (end to end 3.78774 ms, enqueue 3.51996 ms)
[05/14/2026-04:12:28] [I] Average on 10 runs - GPU latency: 3.71599 ms - Host latency: 3.7791 ms (end to end 3.79301 ms, enqueue 3.61067 ms)
[05/14/2026-04:12:28] [I] Average on 10 runs - GPU latency: 3.70934 ms - Host latency: 3.77173 ms (end to end 3.78527 ms, enqueue 3.55457 ms)
[05/14/2026-04:12:28] [I] Average on 10 runs - GPU latency: 3.7134 ms - Host latency: 3.77588 ms (end to end 3.78942 ms, enqueue 3.46674 ms)
[05/14/2026-04:12:28] [I] Average on 10 runs - GPU latency: 3.71277 ms - Host latency: 3.77541 ms (end to end 3.78868 ms, enqueue 3.44991 ms)
[05/14/2026-04:12:28] [I] Average on 10 runs - GPU latency: 3.71107 ms - Host latency: 3.77347 ms (end to end 3.78707 ms, enqueue 3.45338 ms)
[05/14/2026-04:12:28] [I] Average on 10 runs - GPU latency: 3.71094 ms - Host latency: 3.77323 ms (end to end 3.78689 ms, enqueue 3.4932 ms)
[05/14/2026-04:12:28] [I] Average on 10 runs - GPU latency: 3.71501 ms - Host latency: 3.77732 ms (end to end 3.79114 ms, enqueue 3.47808 ms)
[05/14/2026-04:12:28] [I] Average on 10 runs - GPU latency: 3.71106 ms - Host latency: 3.77352 ms (end to end 3.78694 ms, enqueue 3.45951 ms)
[05/14/2026-04:12:28] [I] Average on 10 runs - GPU latency: 3.70833 ms - Host latency: 3.77051 ms (end to end 3.7842 ms, enqueue 3.60457 ms)
[05/14/2026-04:12:28] [I] Average on 10 runs - GPU latency: 3.71333 ms - Host latency: 3.77581 ms (end to end 3.78938 ms, enqueue 3.52917 ms)
[05/14/2026-04:12:28] [I] Average on 10 runs - GPU latency: 3.73171 ms - Host latency: 3.79382 ms (end to end 3.80686 ms, enqueue 3.20818 ms)
[05/14/2026-04:12:28] [I] Average on 10 runs - GPU latency: 3.77039 ms - Host latency: 3.8314 ms (end to end 3.84104 ms, enqueue 2.26453 ms)
[05/14/2026-04:12:28] [I] Average on 10 runs - GPU latency: 3.77373 ms - Host latency: 3.83477 ms (end to end 3.84451 ms, enqueue 2.19438 ms)
[05/14/2026-04:12:28] [I] Average on 10 runs - GPU latency: 3.77898 ms - Host latency: 3.84001 ms (end to end 3.84966 ms, enqueue 2.16489 ms)
[05/14/2026-04:12:28] [I] Average on 10 runs - GPU latency: 3.7812 ms - Host latency: 3.84219 ms (end to end 3.85186 ms, enqueue 2.16787 ms)
[05/14/2026-04:12:28] [I] Average on 10 runs - GPU latency: 3.76431 ms - Host latency: 3.82568 ms (end to end 3.83562 ms, enqueue 2.29304 ms)
[05/14/2026-04:12:28] [I] Average on 10 runs - GPU latency: 3.76951 ms - Host latency: 3.83093 ms (end to end 3.84065 ms, enqueue 2.27808 ms)
[05/14/2026-04:12:28] [I] Average on 10 runs - GPU latency: 3.77644 ms - Host latency: 3.83809 ms (end to end 3.84785 ms, enqueue 2.1481 ms)
[05/14/2026-04:12:28] [I] Average on 10 runs - GPU latency: 3.77571 ms - Host latency: 3.83669 ms (end to end 3.84614 ms, enqueue 2.12593 ms)
[05/14/2026-04:12:28] [I] Average on 10 runs - GPU latency: 3.85569 ms - Host latency: 3.91792 ms (end to end 3.93748 ms, enqueue 2.40706 ms)
[05/14/2026-04:12:28] [I] Average on 10 runs - GPU latency: 3.77771 ms - Host latency: 3.8384 ms (end to end 3.8478 ms, enqueue 2.18801 ms)
[05/14/2026-04:12:28] [I] Average on 10 runs - GPU latency: 3.77605 ms - Host latency: 3.83704 ms (end to end 3.84683 ms, enqueue 2.21011 ms)
[05/14/2026-04:12:28] [I] Average on 10 runs - GPU latency: 3.77583 ms - Host latency: 3.83655 ms (end to end 3.84646 ms, enqueue 2.17217 ms)
[05/14/2026-04:12:28] [I] Average on 10 runs - GPU latency: 3.77544 ms - Host latency: 3.83643 ms (end to end 3.84622 ms, enqueue 2.1136 ms)
[05/14/2026-04:12:28] [I] Average on 10 runs - GPU latency: 3.75125 ms - Host latency: 3.81201 ms (end to end 3.8217 ms, enqueue 2.54871 ms)
[05/14/2026-04:12:28] [I] Average on 10 runs - GPU latency: 3.74919 ms - Host latency: 3.81013 ms (end to end 3.8197 ms, enqueue 2.60144 ms)
[05/14/2026-04:12:28] [I] Average on 10 runs - GPU latency: 3.7522 ms - Host latency: 3.81328 ms (end to end 3.82307 ms, enqueue 2.70063 ms)
[05/14/2026-04:12:28] [I] Average on 10 runs - GPU latency: 3.75769 ms - Host latency: 3.81885 ms (end to end 3.82837 ms, enqueue 2.41274 ms)
[05/14/2026-04:12:28] [I] Average on 10 runs - GPU latency: 3.75093 ms - Host latency: 3.8126 ms (end to end 3.82241 ms, enqueue 2.81086 ms)
[05/14/2026-04:12:28] [I] Average on 10 runs - GPU latency: 3.75195 ms - Host latency: 3.81306 ms (end to end 3.82278 ms, enqueue 2.55815 ms)
[05/14/2026-04:12:28] [I] Average on 10 runs - GPU latency: 3.74834 ms - Host latency: 3.8093 ms (end to end 3.81841 ms, enqueue 2.71887 ms)
[05/14/2026-04:12:28] [I] Average on 10 runs - GPU latency: 3.77017 ms - Host latency: 3.83167 ms (end to end 3.84255 ms, enqueue 2.49353 ms)
[05/14/2026-04:12:28] [I] Average on 10 runs - GPU latency: 3.76919 ms - Host latency: 3.83015 ms (end to end 3.83984 ms, enqueue 2.27312 ms)
[05/14/2026-04:12:28] [I] Average on 10 runs - GPU latency: 3.74941 ms - Host latency: 3.81047 ms (end to end 3.82043 ms, enqueue 2.65691 ms)
[05/14/2026-04:12:28] [I] Average on 10 runs - GPU latency: 3.76506 ms - Host latency: 3.82603 ms (end to end 3.83572 ms, enqueue 2.35271 ms)
[05/14/2026-04:12:28] [I] Average on 10 runs - GPU latency: 3.76716 ms - Host latency: 3.82776 ms (end to end 3.8375 ms, enqueue 2.34568 ms)
[05/14/2026-04:12:28] [I] Average on 10 runs - GPU latency: 3.77336 ms - Host latency: 3.83386 ms (end to end 3.84336 ms, enqueue 2.20676 ms)
[05/14/2026-04:12:28] [I] Average on 10 runs - GPU latency: 3.76638 ms - Host latency: 3.82727 ms (end to end 3.83682 ms, enqueue 2.20081 ms)
[05/14/2026-04:12:28] [I] Average on 10 runs - GPU latency: 3.77722 ms - Host latency: 3.83816 ms (end to end 3.8479 ms, enqueue 2.11289 ms)
[05/14/2026-04:12:28] [I] Average on 10 runs - GPU latency: 3.77798 ms - Host latency: 3.83865 ms (end to end 3.84817 ms, enqueue 2.1511 ms)
[05/14/2026-04:12:28] [I] Average on 10 runs - GPU latency: 3.78247 ms - Host latency: 3.84375 ms (end to end 3.85332 ms, enqueue 2.13745 ms)
[05/14/2026-04:12:28] [I] Average on 10 runs - GPU latency: 3.7811 ms - Host latency: 3.84204 ms (end to end 3.85168 ms, enqueue 2.16604 ms)
[05/14/2026-04:12:28] [I] Average on 10 runs - GPU latency: 3.77541 ms - Host latency: 3.83625 ms (end to end 3.8457 ms, enqueue 2.24561 ms)
[05/14/2026-04:12:28] [I] Average on 10 runs - GPU latency: 3.75476 ms - Host latency: 3.8155 ms (end to end 3.8252 ms, enqueue 2.6415 ms)
[05/14/2026-04:12:28] [I] Average on 10 runs - GPU latency: 3.777 ms - Host latency: 3.83796 ms (end to end 3.84746 ms, enqueue 2.2063 ms)
[05/14/2026-04:12:28] [I] Average on 10 runs - GPU latency: 3.85259 ms - Host latency: 3.9146 ms (end to end 3.93328 ms, enqueue 2.36228 ms)
[05/14/2026-04:12:28] [I] Average on 10 runs - GPU latency: 3.77041 ms - Host latency: 3.83164 ms (end to end 3.84165 ms, enqueue 2.17278 ms)
[05/14/2026-04:12:28] [I] Average on 10 runs - GPU latency: 3.76228 ms - Host latency: 3.82307 ms (end to end 3.83281 ms, enqueue 2.50112 ms)
[05/14/2026-04:12:28] [I] Average on 10 runs - GPU latency: 3.75676 ms - Host latency: 3.81775 ms (end to end 3.82756 ms, enqueue 2.44695 ms)
[05/14/2026-04:12:28] [I] Average on 10 runs - GPU latency: 3.75127 ms - Host latency: 3.81204 ms (end to end 3.8218 ms, enqueue 2.73198 ms)
[05/14/2026-04:12:28] [I] Average on 10 runs - GPU latency: 3.77068 ms - Host latency: 3.83169 ms (end to end 3.84143 ms, enqueue 2.28733 ms)
[05/14/2026-04:12:28] [I] Average on 10 runs - GPU latency: 3.77258 ms - Host latency: 3.83359 ms (end to end 3.84307 ms, enqueue 2.21045 ms)
[05/14/2026-04:12:28] [I] Average on 10 runs - GPU latency: 3.75857 ms - Host latency: 3.81965 ms (end to end 3.8293 ms, enqueue 2.33777 ms)
[05/14/2026-04:12:28] [I] Average on 10 runs - GPU latency: 3.77258 ms - Host latency: 3.83369 ms (end to end 3.84338 ms, enqueue 2.22942 ms)
[05/14/2026-04:12:28] [I] Average on 10 runs - GPU latency: 3.77683 ms - Host latency: 3.83867 ms (end to end 3.84844 ms, enqueue 2.17354 ms)
[05/14/2026-04:12:28] [I] Average on 10 runs - GPU latency: 3.76243 ms - Host latency: 3.82332 ms (end to end 3.83298 ms, enqueue 2.3415 ms)
[05/14/2026-04:12:28] [I] Average on 10 runs - GPU latency: 3.75176 ms - Host latency: 3.8126 ms (end to end 3.82241 ms, enqueue 2.68245 ms)
[05/14/2026-04:12:28] [I] Average on 10 runs - GPU latency: 3.76018 ms - Host latency: 3.82095 ms (end to end 3.83064 ms, enqueue 2.38398 ms)
[05/14/2026-04:12:28] [I] Average on 10 runs - GPU latency: 3.75645 ms - Host latency: 3.81714 ms (end to end 3.82678 ms, enqueue 2.6124 ms)
[05/14/2026-04:12:28] [I] Average on 10 runs - GPU latency: 3.72024 ms - Host latency: 3.78154 ms (end to end 3.7938 ms, enqueue 3.28025 ms)
[05/14/2026-04:12:28] [I] Average on 10 runs - GPU latency: 3.7187 ms - Host latency: 3.77964 ms (end to end 3.79102 ms, enqueue 3.40486 ms)
[05/14/2026-04:12:28] [I] Average on 10 runs - GPU latency: 3.71357 ms - Host latency: 3.77471 ms (end to end 3.78594 ms, enqueue 3.45542 ms)
[05/14/2026-04:12:28] [I] Average on 10 runs - GPU latency: 3.71831 ms - Host latency: 3.7792 ms (end to end 3.79014 ms, enqueue 3.39062 ms)
[05/14/2026-04:12:28] [I] Average on 10 runs - GPU latency: 3.7189 ms - Host latency: 3.77939 ms (end to end 3.78872 ms, enqueue 3.37627 ms)
[05/14/2026-04:12:28] [I] Average on 10 runs - GPU latency: 3.71255 ms - Host latency: 3.77349 ms (end to end 3.78496 ms, enqueue 3.40195 ms)
[05/14/2026-04:12:28] [I] Average on 10 runs - GPU latency: 3.72002 ms - Host latency: 3.78081 ms (end to end 3.79243 ms, enqueue 3.41089 ms)
[05/14/2026-04:12:28] [I] Average on 10 runs - GPU latency: 3.71611 ms - Host latency: 3.7771 ms (end to end 3.78672 ms, enqueue 3.39028 ms)
[05/14/2026-04:12:28] [I] Average on 10 runs - GPU latency: 3.71563 ms - Host latency: 3.7769 ms (end to end 3.79038 ms, enqueue 3.46436 ms)
[05/14/2026-04:12:28] [I] Average on 10 runs - GPU latency: 3.71885 ms - Host latency: 3.78013 ms (end to end 3.79072 ms, enqueue 3.43862 ms)
[05/14/2026-04:12:28] [I] Average on 10 runs - GPU latency: 3.7208 ms - Host latency: 3.7814 ms (end to end 3.79155 ms, enqueue 3.40903 ms)
[05/14/2026-04:12:28] [I] Average on 10 runs - GPU latency: 3.71509 ms - Host latency: 3.77598 ms (end to end 3.78501 ms, enqueue 3.37695 ms)
[05/14/2026-04:12:28] [I] Average on 10 runs - GPU latency: 3.80791 ms - Host latency: 3.87017 ms (end to end 3.89067 ms, enqueue 3.63472 ms)
[05/14/2026-04:12:28] [I] Average on 10 runs - GPU latency: 3.71274 ms - Host latency: 3.775 ms (end to end 3.78853 ms, enqueue 3.48813 ms)
[05/14/2026-04:12:28] [I] Average on 10 runs - GPU latency: 3.71362 ms - Host latency: 3.7751 ms (end to end 3.78809 ms, enqueue 3.45771 ms)
[05/14/2026-04:12:28] [I] Average on 10 runs - GPU latency: 3.71284 ms - Host latency: 3.77505 ms (end to end 3.78921 ms, enqueue 3.52871 ms)
[05/14/2026-04:12:28] [I] Average on 10 runs - GPU latency: 3.72515 ms - Host latency: 3.78633 ms (end to end 3.79888 ms, enqueue 3.33018 ms)
[05/14/2026-04:12:28] [I] Average on 10 runs - GPU latency: 3.77534 ms - Host latency: 3.83618 ms (end to end 3.84575 ms, enqueue 2.1874 ms)
[05/14/2026-04:12:28] [I] Average on 10 runs - GPU latency: 3.77246 ms - Host latency: 3.8334 ms (end to end 3.84321 ms, enqueue 2.26426 ms)
[05/14/2026-04:12:28] [I] Average on 10 runs - GPU latency: 3.76709 ms - Host latency: 3.82817 ms (end to end 3.83799 ms, enqueue 2.23296 ms)
[05/14/2026-04:12:28] [I] Average on 10 runs - GPU latency: 3.73813 ms - Host latency: 3.79961 ms (end to end 3.81016 ms, enqueue 2.97295 ms)
[05/14/2026-04:12:28] [I] Average on 10 runs - GPU latency: 3.75571 ms - Host latency: 3.8167 ms (end to end 3.82666 ms, enqueue 2.5394 ms)
[05/14/2026-04:12:28] [I] Average on 10 runs - GPU latency: 3.75122 ms - Host latency: 3.81279 ms (end to end 3.82139 ms, enqueue 2.521 ms)
[05/14/2026-04:12:28] [I] Average on 10 runs - GPU latency: 3.76934 ms - Host latency: 3.83013 ms (end to end 3.84014 ms, enqueue 2.46836 ms)
[05/14/2026-04:12:28] [I] Average on 10 runs - GPU latency: 3.75542 ms - Host latency: 3.81582 ms (end to end 3.82563 ms, enqueue 2.5751 ms)
[05/14/2026-04:12:28] [I] Average on 10 runs - GPU latency: 3.76489 ms - Host latency: 3.82573 ms (end to end 3.83545 ms, enqueue 2.36528 ms)
[05/14/2026-04:12:28] [I] Average on 10 runs - GPU latency: 3.75566 ms - Host latency: 3.81646 ms (end to end 3.82607 ms, enqueue 2.54121 ms)
[05/14/2026-04:12:28] [I] Average on 10 runs - GPU latency: 3.74448 ms - Host latency: 3.80576 ms (end to end 3.81548 ms, enqueue 2.71982 ms)
[05/14/2026-04:12:28] [I] Average on 10 runs - GPU latency: 3.75371 ms - Host latency: 3.8144 ms (end to end 3.82422 ms, enqueue 2.50811 ms)
[05/14/2026-04:12:28] [I] Average on 10 runs - GPU latency: 3.76606 ms - Host latency: 3.8271 ms (end to end 3.83682 ms, enqueue 2.36597 ms)
[05/14/2026-04:12:28] [I] Average on 10 runs - GPU latency: 3.76553 ms - Host latency: 3.82646 ms (end to end 3.83613 ms, enqueue 2.38711 ms)
[05/14/2026-04:12:28] [I] Average on 10 runs - GPU latency: 3.74634 ms - Host latency: 3.80723 ms (end to end 3.81704 ms, enqueue 2.51138 ms)
[05/14/2026-04:12:28] [I] Average on 10 runs - GPU latency: 3.76851 ms - Host latency: 3.82949 ms (end to end 3.83892 ms, enqueue 2.30015 ms)
[05/14/2026-04:12:28] [I] Average on 10 runs - GPU latency: 3.75781 ms - Host latency: 3.81875 ms (end to end 3.82847 ms, enqueue 2.31987 ms)
[05/14/2026-04:12:28] [I] Average on 10 runs - GPU latency: 3.75747 ms - Host latency: 3.8187 ms (end to end 3.82832 ms, enqueue 2.45718 ms)
[05/14/2026-04:12:28] [I] Average on 10 runs - GPU latency: 3.78086 ms - Host latency: 3.8416 ms (end to end 3.85132 ms, enqueue 2.14038 ms)
[05/14/2026-04:12:28] [I] Average on 10 runs - GPU latency: 3.77676 ms - Host latency: 3.83784 ms (end to end 3.84731 ms, enqueue 2.16299 ms)
[05/14/2026-04:12:28] [I] Average on 10 runs - GPU latency: 3.73022 ms - Host latency: 3.79131 ms (end to end 3.80381 ms, enqueue 3.11499 ms)
[05/14/2026-04:12:28] [I] Average on 10 runs - GPU latency: 3.83447 ms - Host latency: 3.8957 ms (end to end 3.91445 ms, enqueue 2.61465 ms)
[05/14/2026-04:12:28] [I] Average on 10 runs - GPU latency: 3.76177 ms - Host latency: 3.82388 ms (end to end 3.83398 ms, enqueue 2.42627 ms)
[05/14/2026-04:12:28] [I] Average on 10 runs - GPU latency: 3.777 ms - Host latency: 3.83804 ms (end to end 3.84766 ms, enqueue 2.16548 ms)
[05/14/2026-04:12:28] [I] Average on 10 runs - GPU latency: 3.76489 ms - Host latency: 3.82607 ms (end to end 3.83579 ms, enqueue 2.37788 ms)
[05/14/2026-04:12:28] [I] Average on 10 runs - GPU latency: 3.76543 ms - Host latency: 3.82627 ms (end to end 3.83604 ms, enqueue 2.23389 ms)
[05/14/2026-04:12:28] [I] Average on 10 runs - GPU latency: 3.76006 ms - Host latency: 3.821 ms (end to end 3.83086 ms, enqueue 2.38579 ms)
[05/14/2026-04:12:28] [I] Average on 10 runs - GPU latency: 3.74053 ms - Host latency: 3.80161 ms (end to end 3.81177 ms, enqueue 2.81992 ms)
[05/14/2026-04:12:28] [I] Average on 10 runs - GPU latency: 3.75278 ms - Host latency: 3.81348 ms (end to end 3.82329 ms, enqueue 2.52051 ms)
[05/14/2026-04:12:28] [I] Average on 10 runs - GPU latency: 3.75176 ms - Host latency: 3.81313 ms (end to end 3.8229 ms, enqueue 2.53374 ms)
[05/14/2026-04:12:28] [I] Average on 10 runs - GPU latency: 3.77549 ms - Host latency: 3.83657 ms (end to end 3.84644 ms, enqueue 2.26855 ms)
[05/14/2026-04:12:28] [I] Average on 10 runs - GPU latency: 3.77314 ms - Host latency: 3.83394 ms (end to end 3.8436 ms, enqueue 2.23027 ms)
[05/14/2026-04:12:28] [I] Average on 10 runs - GPU latency: 3.75874 ms - Host latency: 3.82104 ms (end to end 3.83057 ms, enqueue 2.47285 ms)
[05/14/2026-04:12:28] [I] Average on 10 runs - GPU latency: 3.76987 ms - Host latency: 3.83101 ms (end to end 3.84063 ms, enqueue 2.29658 ms)
[05/14/2026-04:12:28] [I] Average on 10 runs - GPU latency: 3.77505 ms - Host latency: 3.83628 ms (end to end 3.84575 ms, enqueue 2.23438 ms)
[05/14/2026-04:12:28] [I] Average on 10 runs - GPU latency: 3.76611 ms - Host latency: 3.82686 ms (end to end 3.83657 ms, enqueue 2.37837 ms)
[05/14/2026-04:12:28] [I] Average on 10 runs - GPU latency: 3.75933 ms - Host latency: 3.82021 ms (end to end 3.83003 ms, enqueue 2.45127 ms)
[05/14/2026-04:12:28] [I] Average on 10 runs - GPU latency: 3.75645 ms - Host latency: 3.81763 ms (end to end 3.82754 ms, enqueue 2.58643 ms)
[05/14/2026-04:12:28] [I] Average on 10 runs - GPU latency: 3.75415 ms - Host latency: 3.81514 ms (end to end 3.82476 ms, enqueue 2.52607 ms)
[05/14/2026-04:12:28] [I] Average on 10 runs - GPU latency: 3.77729 ms - Host latency: 3.83823 ms (end to end 3.84814 ms, enqueue 2.16782 ms)
[05/14/2026-04:12:28] [I] Average on 10 runs - GPU latency: 3.75776 ms - Host latency: 3.8187 ms (end to end 3.82832 ms, enqueue 2.46821 ms)
[05/14/2026-04:12:28] [I] Average on 10 runs - GPU latency: 3.79019 ms - Host latency: 3.85146 ms (end to end 3.86094 ms, enqueue 2.07378 ms)
[05/14/2026-04:12:28] [I] Average on 10 runs - GPU latency: 3.75869 ms - Host latency: 3.81963 ms (end to end 3.82949 ms, enqueue 2.42661 ms)
[05/14/2026-04:12:28] [I] Average on 10 runs - GPU latency: 3.76816 ms - Host latency: 3.82905 ms (end to end 3.83882 ms, enqueue 2.32598 ms)
[05/14/2026-04:12:28] [I] Average on 10 runs - GPU latency: 3.75249 ms - Host latency: 3.81367 ms (end to end 3.82344 ms, enqueue 2.55396 ms)
[05/14/2026-04:12:28] [I] Average on 10 runs - GPU latency: 3.74546 ms - Host latency: 3.8062 ms (end to end 3.81611 ms, enqueue 2.60459 ms)
[05/14/2026-04:12:28] [I] Average on 10 runs - GPU latency: 3.75854 ms - Host latency: 3.82002 ms (end to end 3.83003 ms, enqueue 2.41436 ms)
[05/14/2026-04:12:28] [I] Average on 10 runs - GPU latency: 3.79609 ms - Host latency: 3.85723 ms (end to end 3.87637 ms, enqueue 2.56411 ms)
[05/14/2026-04:12:28] [I] Average on 10 runs - GPU latency: 3.77998 ms - Host latency: 3.84224 ms (end to end 3.85176 ms, enqueue 2.76123 ms)
[05/14/2026-04:12:28] [I] Average on 10 runs - GPU latency: 3.7477 ms - Host latency: 3.8083 ms (end to end 3.81753 ms, enqueue 2.64395 ms)
[05/14/2026-04:12:28] [I] Average on 10 runs - GPU latency: 3.77998 ms - Host latency: 3.84102 ms (end to end 3.85044 ms, enqueue 2.12471 ms)
[05/14/2026-04:12:28] [I] Average on 10 runs - GPU latency: 3.77837 ms - Host latency: 3.83955 ms (end to end 3.84946 ms, enqueue 2.1252 ms)
[05/14/2026-04:12:28] [I] Average on 10 runs - GPU latency: 3.76685 ms - Host latency: 3.82778 ms (end to end 3.8374 ms, enqueue 2.26411 ms)
[05/14/2026-04:12:28] [I] Average on 10 runs - GPU latency: 3.75703 ms - Host latency: 3.81782 ms (end to end 3.82749 ms, enqueue 2.55376 ms)
[05/14/2026-04:12:28] [I] Average on 10 runs - GPU latency: 3.77065 ms - Host latency: 3.83145 ms (end to end 3.84121 ms, enqueue 2.25264 ms)
[05/14/2026-04:12:28] [I] Average on 10 runs - GPU latency: 3.77393 ms - Host latency: 3.83491 ms (end to end 3.84453 ms, enqueue 2.26494 ms)
[05/14/2026-04:12:28] [I] Average on 10 runs - GPU latency: 3.76011 ms - Host latency: 3.82148 ms (end to end 3.8311 ms, enqueue 2.49067 ms)
[05/14/2026-04:12:28] [I] Average on 10 runs - GPU latency: 3.76611 ms - Host latency: 3.82686 ms (end to end 3.83652 ms, enqueue 2.34844 ms)
[05/14/2026-04:12:28] [I] Average on 10 runs - GPU latency: 3.76118 ms - Host latency: 3.82246 ms (end to end 3.83203 ms, enqueue 2.49062 ms)
[05/14/2026-04:12:28] [I] Average on 10 runs - GPU latency: 3.75898 ms - Host latency: 3.81978 ms (end to end 3.82949 ms, enqueue 2.50078 ms)
[05/14/2026-04:12:28] [I] Average on 10 runs - GPU latency: 3.76162 ms - Host latency: 3.82251 ms (end to end 3.83232 ms, enqueue 2.43574 ms)
[05/14/2026-04:12:28] [I] Average on 10 runs - GPU latency: 3.7564 ms - Host latency: 3.81704 ms (end to end 3.82661 ms, enqueue 2.57529 ms)
[05/14/2026-04:12:28] [I] Average on 10 runs - GPU latency: 3.75264 ms - Host latency: 3.81382 ms (end to end 3.82363 ms, enqueue 2.56304 ms)
[05/14/2026-04:12:28] [I] Average on 10 runs - GPU latency: 3.76802 ms - Host latency: 3.82935 ms (end to end 3.83921 ms, enqueue 2.32817 ms)
[05/14/2026-04:12:28] [I] Average on 10 runs - GPU latency: 3.76182 ms - Host latency: 3.82349 ms (end to end 3.8332 ms, enqueue 2.42402 ms)
[05/14/2026-04:12:28] [I] Average on 10 runs - GPU latency: 3.75161 ms - Host latency: 3.81211 ms (end to end 3.82183 ms, enqueue 2.47559 ms)
[05/14/2026-04:12:28] [I] Average on 10 runs - GPU latency: 3.75522 ms - Host latency: 3.81602 ms (end to end 3.82568 ms, enqueue 2.67993 ms)
[05/14/2026-04:12:28] [I] Average on 10 runs - GPU latency: 3.76021 ms - Host latency: 3.82095 ms (end to end 3.83071 ms, enqueue 2.37041 ms)
[05/14/2026-04:12:28] [I] Average on 10 runs - GPU latency: 3.75664 ms - Host latency: 3.81768 ms (end to end 3.82729 ms, enqueue 2.4314 ms)
[05/14/2026-04:12:28] [I] Average on 10 runs - GPU latency: 3.76768 ms - Host latency: 3.82861 ms (end to end 3.83867 ms, enqueue 2.2939 ms)
[05/14/2026-04:12:28] [I] Average on 10 runs - GPU latency: 3.77417 ms - Host latency: 3.83511 ms (end to end 3.84482 ms, enqueue 2.17632 ms)
[05/14/2026-04:12:28] [I] Average on 10 runs - GPU latency: 3.74448 ms - Host latency: 3.80522 ms (end to end 3.81489 ms, enqueue 2.66392 ms)
[05/14/2026-04:12:28] [I] Average on 10 runs - GPU latency: 3.77163 ms - Host latency: 3.83291 ms (end to end 3.84272 ms, enqueue 2.25054 ms)
[05/14/2026-04:12:28] [I] Average on 10 runs - GPU latency: 3.76738 ms - Host latency: 3.82876 ms (end to end 3.83794 ms, enqueue 2.33794 ms)
[05/14/2026-04:12:28] [I] Average on 10 runs - GPU latency: 3.84395 ms - Host latency: 3.90635 ms (end to end 3.9353 ms, enqueue 2.70762 ms)
[05/14/2026-04:12:28] [I] Average on 10 runs - GPU latency: 3.7791 ms - Host latency: 3.84023 ms (end to end 3.8502 ms, enqueue 2.13271 ms)
[05/14/2026-04:12:28] [I] Average on 10 runs - GPU latency: 3.77642 ms - Host latency: 3.83794 ms (end to end 3.84756 ms, enqueue 2.25557 ms)
[05/14/2026-04:12:28] [I] Average on 10 runs - GPU latency: 3.75376 ms - Host latency: 3.81465 ms (end to end 3.82446 ms, enqueue 2.46372 ms)
[05/14/2026-04:12:28] [I] Average on 10 runs - GPU latency: 3.75483 ms - Host latency: 3.81572 ms (end to end 3.82515 ms, enqueue 2.44321 ms)
[05/14/2026-04:12:28] [I] Average on 10 runs - GPU latency: 3.75815 ms - Host latency: 3.81924 ms (end to end 3.8291 ms, enqueue 2.28716 ms)
[05/14/2026-04:12:28] [I] Average on 10 runs - GPU latency: 3.76997 ms - Host latency: 3.83105 ms (end to end 3.84072 ms, enqueue 2.21533 ms)
[05/14/2026-04:12:28] [I] Average on 10 runs - GPU latency: 3.75742 ms - Host latency: 3.81855 ms (end to end 3.82847 ms, enqueue 2.41812 ms)
[05/14/2026-04:12:28] [I] Average on 10 runs - GPU latency: 3.75918 ms - Host latency: 3.82021 ms (end to end 3.82959 ms, enqueue 2.41875 ms)
[05/14/2026-04:12:28] [I] Average on 10 runs - GPU latency: 3.75728 ms - Host latency: 3.81782 ms (end to end 3.82759 ms, enqueue 2.61387 ms)
[05/14/2026-04:12:28] [I] Average on 10 runs - GPU latency: 3.75366 ms - Host latency: 3.8148 ms (end to end 3.82451 ms, enqueue 2.39053 ms)
[05/14/2026-04:12:28] [I] Average on 10 runs - GPU latency: 3.76421 ms - Host latency: 3.8252 ms (end to end 3.83501 ms, enqueue 2.40596 ms)
[05/14/2026-04:12:28] [I] Average on 10 runs - GPU latency: 3.77178 ms - Host latency: 3.83301 ms (end to end 3.84243 ms, enqueue 2.19062 ms)
[05/14/2026-04:12:28] [I] Average on 10 runs - GPU latency: 3.7562 ms - Host latency: 3.81719 ms (end to end 3.82681 ms, enqueue 2.48584 ms)
[05/14/2026-04:12:28] [I] Average on 10 runs - GPU latency: 3.77222 ms - Host latency: 3.83315 ms (end to end 3.84302 ms, enqueue 2.15317 ms)
[05/14/2026-04:12:28] [I] Average on 10 runs - GPU latency: 3.74409 ms - Host latency: 3.80474 ms (end to end 3.8144 ms, enqueue 2.66899 ms)
[05/14/2026-04:12:28] [I] Average on 10 runs - GPU latency: 3.76738 ms - Host latency: 3.82842 ms (end to end 3.83813 ms, enqueue 2.33652 ms)
[05/14/2026-04:12:28] [I] Average on 10 runs - GPU latency: 3.78701 ms - Host latency: 3.8478 ms (end to end 3.85752 ms, enqueue 2.11846 ms)
[05/14/2026-04:12:28] [I] Average on 10 runs - GPU latency: 3.75859 ms - Host latency: 3.81895 ms (end to end 3.8292 ms, enqueue 2.40781 ms)
[05/14/2026-04:12:28] [I] Average on 10 runs - GPU latency: 3.77383 ms - Host latency: 3.83477 ms (end to end 3.84453 ms, enqueue 2.25342 ms)
[05/14/2026-04:12:28] [I] Average on 10 runs - GPU latency: 3.76855 ms - Host latency: 3.82949 ms (end to end 3.83945 ms, enqueue 2.29189 ms)
[05/14/2026-04:12:28] [I] Average on 10 runs - GPU latency: 3.75381 ms - Host latency: 3.81445 ms (end to end 3.82432 ms, enqueue 2.43184 ms)
[05/14/2026-04:12:28] [I] Average on 10 runs - GPU latency: 3.77686 ms - Host latency: 3.83799 ms (end to end 3.84766 ms, enqueue 2.19951 ms)
[05/14/2026-04:12:28] [I] Average on 10 runs - GPU latency: 3.77305 ms - Host latency: 3.83398 ms (end to end 3.84326 ms, enqueue 2.24619 ms)
[05/14/2026-04:12:28] [I] Average on 10 runs - GPU latency: 3.75547 ms - Host latency: 3.81641 ms (end to end 3.82617 ms, enqueue 2.53584 ms)
[05/14/2026-04:12:28] [I] Average on 10 runs - GPU latency: 3.75186 ms - Host latency: 3.81289 ms (end to end 3.82227 ms, enqueue 2.58184 ms)
[05/14/2026-04:12:28] [I] Average on 10 runs - GPU latency: 3.8415 ms - Host latency: 3.90381 ms (end to end 3.92393 ms, enqueue 2.58711 ms)
[05/14/2026-04:12:28] [I] Average on 10 runs - GPU latency: 3.74531 ms - Host latency: 3.80625 ms (end to end 3.81738 ms, enqueue 2.7623 ms)
[05/14/2026-04:12:28] [I] Average on 10 runs - GPU latency: 3.7584 ms - Host latency: 3.81963 ms (end to end 3.82949 ms, enqueue 2.45918 ms)
[05/14/2026-04:12:28] [I] Average on 10 runs - GPU latency: 3.74336 ms - Host latency: 3.80498 ms (end to end 3.81465 ms, enqueue 2.66621 ms)
[05/14/2026-04:12:28] [I] Average on 10 runs - GPU latency: 3.76582 ms - Host latency: 3.82656 ms (end to end 3.83643 ms, enqueue 2.27842 ms)
[05/14/2026-04:12:28] [I] Average on 10 runs - GPU latency: 3.77412 ms - Host latency: 3.83477 ms (end to end 3.84424 ms, enqueue 2.28945 ms)
[05/14/2026-04:12:28] [I] Average on 10 runs - GPU latency: 3.75459 ms - Host latency: 3.81562 ms (end to end 3.82529 ms, enqueue 2.48496 ms)
[05/14/2026-04:12:28] [I] Average on 10 runs - GPU latency: 3.75605 ms - Host latency: 3.8168 ms (end to end 3.82686 ms, enqueue 2.46709 ms)
[05/14/2026-04:12:28] [I] Average on 10 runs - GPU latency: 3.76699 ms - Host latency: 3.82832 ms (end to end 3.83809 ms, enqueue 2.32852 ms)
[05/14/2026-04:12:28] [I] Average on 10 runs - GPU latency: 3.75674 ms - Host latency: 3.81797 ms (end to end 3.82666 ms, enqueue 2.49648 ms)
[05/14/2026-04:12:28] [I] Average on 10 runs - GPU latency: 3.75586 ms - Host latency: 3.81689 ms (end to end 3.82764 ms, enqueue 2.66396 ms)
[05/14/2026-04:12:28] [I] Average on 10 runs - GPU latency: 3.76562 ms - Host latency: 3.82666 ms (end to end 3.83643 ms, enqueue 2.36543 ms)
[05/14/2026-04:12:28] [I] Average on 10 runs - GPU latency: 3.76826 ms - Host latency: 3.8291 ms (end to end 3.83857 ms, enqueue 2.2751 ms)
[05/14/2026-04:12:28] [I] Average on 10 runs - GPU latency: 3.75469 ms - Host latency: 3.81533 ms (end to end 3.82471 ms, enqueue 2.52109 ms)
[05/14/2026-04:12:28] [I] Average on 10 runs - GPU latency: 3.76719 ms - Host latency: 3.82803 ms (end to end 3.83799 ms, enqueue 2.36348 ms)
[05/14/2026-04:12:28] [I] Average on 10 runs - GPU latency: 3.71377 ms - Host latency: 3.77656 ms (end to end 3.78877 ms, enqueue 3.44258 ms)
[05/14/2026-04:12:28] [I] Average on 10 runs - GPU latency: 3.71201 ms - Host latency: 3.77441 ms (end to end 3.78818 ms, enqueue 3.58125 ms)
[05/14/2026-04:12:28] [I] Average on 10 runs - GPU latency: 3.71211 ms - Host latency: 3.77461 ms (end to end 3.78799 ms, enqueue 3.52402 ms)
[05/14/2026-04:12:28] [I] Average on 10 runs - GPU latency: 3.71699 ms - Host latency: 3.77959 ms (end to end 3.79307 ms, enqueue 3.5166 ms)
[05/14/2026-04:12:28] [I] Average on 10 runs - GPU latency: 3.71465 ms - Host latency: 3.77715 ms (end to end 3.79053 ms, enqueue 3.48408 ms)
[05/14/2026-04:12:28] [I] Average on 10 runs - GPU latency: 3.70937 ms - Host latency: 3.77148 ms (end to end 3.78496 ms, enqueue 3.56797 ms)
[05/14/2026-04:12:28] [I] Average on 10 runs - GPU latency: 3.7123 ms - Host latency: 3.77451 ms (end to end 3.78838 ms, enqueue 3.5541 ms)
[05/14/2026-04:12:28] [I] Average on 10 runs - GPU latency: 3.71396 ms - Host latency: 3.77646 ms (end to end 3.79004 ms, enqueue 3.5834 ms)
[05/14/2026-04:12:28] [I] Average on 10 runs - GPU latency: 3.71377 ms - Host latency: 3.77617 ms (end to end 3.79023 ms, enqueue 3.59824 ms)
[05/14/2026-04:12:28] [I] Average on 10 runs - GPU latency: 3.71221 ms - Host latency: 3.77393 ms (end to end 3.7874 ms, enqueue 3.58828 ms)
[05/14/2026-04:12:28] [I] Average on 10 runs - GPU latency: 3.7123 ms - Host latency: 3.7748 ms (end to end 3.78848 ms, enqueue 3.55498 ms)
[05/14/2026-04:12:28] [I] Average on 10 runs - GPU latency: 3.80225 ms - Host latency: 3.86543 ms (end to end 3.88662 ms, enqueue 3.78174 ms)
[05/14/2026-04:12:28] [I] Average on 10 runs - GPU latency: 3.71387 ms - Host latency: 3.77627 ms (end to end 3.79102 ms, enqueue 3.55146 ms)
[05/14/2026-04:12:28] [I] Average on 10 runs - GPU latency: 3.71094 ms - Host latency: 3.77207 ms (end to end 3.78711 ms, enqueue 3.55078 ms)
[05/14/2026-04:12:28] [I] Average on 10 runs - GPU latency: 3.75283 ms - Host latency: 3.81426 ms (end to end 3.82607 ms, enqueue 2.50723 ms)
[05/14/2026-04:12:28] [I] Average on 10 runs - GPU latency: 3.77441 ms - Host latency: 3.83545 ms (end to end 3.84482 ms, enqueue 2.24717 ms)
[05/14/2026-04:12:28] [I] Average on 10 runs - GPU latency: 3.77432 ms - Host latency: 3.83545 ms (end to end 3.84512 ms, enqueue 2.22646 ms)
[05/14/2026-04:12:28] [I] Average on 10 runs - GPU latency: 3.76416 ms - Host latency: 3.82598 ms (end to end 3.83555 ms, enqueue 2.31748 ms)
[05/14/2026-04:12:28] [I] Average on 10 runs - GPU latency: 3.75928 ms - Host latency: 3.82012 ms (end to end 3.82998 ms, enqueue 2.49082 ms)
[05/14/2026-04:12:28] [I] Average on 10 runs - GPU latency: 3.74844 ms - Host latency: 3.80967 ms (end to end 3.82061 ms, enqueue 2.7126 ms)
[05/14/2026-04:12:28] [I] Average on 10 runs - GPU latency: 3.76963 ms - Host latency: 3.83096 ms (end to end 3.84033 ms, enqueue 2.30781 ms)
[05/14/2026-04:12:28] [I] Average on 10 runs - GPU latency: 3.74727 ms - Host latency: 3.80898 ms (end to end 3.81973 ms, enqueue 2.75596 ms)
[05/14/2026-04:12:28] [I] Average on 10 runs - GPU latency: 3.75488 ms - Host latency: 3.81582 ms (end to end 3.825 ms, enqueue 2.50488 ms)
[05/14/2026-04:12:28] [I] Average on 10 runs - GPU latency: 3.74736 ms - Host latency: 3.80801 ms (end to end 3.81768 ms, enqueue 2.74736 ms)
[05/14/2026-04:12:28] [I] Average on 10 runs - GPU latency: 3.75293 ms - Host latency: 3.81396 ms (end to end 3.82471 ms, enqueue 2.53984 ms)
[05/14/2026-04:12:28] [I] Average on 10 runs - GPU latency: 3.74805 ms - Host latency: 3.80889 ms (end to end 3.81973 ms, enqueue 2.82021 ms)
[05/14/2026-04:12:28] [I] Average on 10 runs - GPU latency: 3.75986 ms - Host latency: 3.8207 ms (end to end 3.83096 ms, enqueue 2.50752 ms)
[05/14/2026-04:12:28] [I] Average on 10 runs - GPU latency: 3.7542 ms - Host latency: 3.81533 ms (end to end 3.8251 ms, enqueue 2.6458 ms)
[05/14/2026-04:12:28] [I] Average on 10 runs - GPU latency: 3.75273 ms - Host latency: 3.81377 ms (end to end 3.82393 ms, enqueue 2.68223 ms)
[05/14/2026-04:12:28] [I] Average on 10 runs - GPU latency: 3.78018 ms - Host latency: 3.8416 ms (end to end 3.85107 ms, enqueue 2.13818 ms)
[05/14/2026-04:12:28] [I] Average on 10 runs - GPU latency: 3.75137 ms - Host latency: 3.81201 ms (end to end 3.82139 ms, enqueue 2.55479 ms)
[05/14/2026-04:12:28] [I] Average on 10 runs - GPU latency: 3.74893 ms - Host latency: 3.80996 ms (end to end 3.82002 ms, enqueue 2.78076 ms)
[05/14/2026-04:12:28] [I] Average on 10 runs - GPU latency: 3.75537 ms - Host latency: 3.8167 ms (end to end 3.82646 ms, enqueue 2.57939 ms)
[05/14/2026-04:12:28] [I] Average on 10 runs - GPU latency: 3.75752 ms - Host latency: 3.81855 ms (end to end 3.82812 ms, enqueue 2.56152 ms)
[05/14/2026-04:12:28] [I] Average on 10 runs - GPU latency: 3.76162 ms - Host latency: 3.82236 ms (end to end 3.83203 ms, enqueue 2.3916 ms)
[05/14/2026-04:12:28] [I] Average on 10 runs - GPU latency: 3.74551 ms - Host latency: 3.80674 ms (end to end 3.81641 ms, enqueue 2.80498 ms)
[05/14/2026-04:12:28] [I] Average on 10 runs - GPU latency: 3.75898 ms - Host latency: 3.81953 ms (end to end 3.82891 ms, enqueue 2.56523 ms)
[05/14/2026-04:12:28] [I] Average on 10 runs - GPU latency: 3.79434 ms - Host latency: 3.85645 ms (end to end 3.91152 ms, enqueue 2.76084 ms)
[05/14/2026-04:12:28] [I] Average on 10 runs - GPU latency: 3.74814 ms - Host latency: 3.80918 ms (end to end 3.81836 ms, enqueue 2.78828 ms)
[05/14/2026-04:12:28] [I] Average on 10 runs - GPU latency: 3.75488 ms - Host latency: 3.81533 ms (end to end 3.82451 ms, enqueue 2.53896 ms)
[05/14/2026-04:12:28] [I] Average on 10 runs - GPU latency: 3.73721 ms - Host latency: 3.79844 ms (end to end 3.80928 ms, enqueue 2.97246 ms)
[05/14/2026-04:12:28] [I] Average on 10 runs - GPU latency: 3.76211 ms - Host latency: 3.82305 ms (end to end 3.83271 ms, enqueue 2.50518 ms)
[05/14/2026-04:12:28] [I] Average on 10 runs - GPU latency: 3.74453 ms - Host latency: 3.80508 ms (end to end 3.81494 ms, enqueue 2.74258 ms)
[05/14/2026-04:12:28] [I] Average on 10 runs - GPU latency: 3.75186 ms - Host latency: 3.81289 ms (end to end 3.82285 ms, enqueue 2.53184 ms)
[05/14/2026-04:12:28] [I] Average on 10 runs - GPU latency: 3.74502 ms - Host latency: 3.80576 ms (end to end 3.81611 ms, enqueue 2.75361 ms)
[05/14/2026-04:12:28] [I] Average on 10 runs - GPU latency: 3.74492 ms - Host latency: 3.80693 ms (end to end 3.81738 ms, enqueue 2.86279 ms)
[05/14/2026-04:12:28] [I] Average on 10 runs - GPU latency: 3.7709 ms - Host latency: 3.83174 ms (end to end 3.84141 ms, enqueue 2.20127 ms)
[05/14/2026-04:12:28] [I] Average on 10 runs - GPU latency: 3.75928 ms - Host latency: 3.82041 ms (end to end 3.82998 ms, enqueue 2.55947 ms)
[05/14/2026-04:12:28] [I] Average on 10 runs - GPU latency: 3.77002 ms - Host latency: 3.83086 ms (end to end 3.84043 ms, enqueue 2.22764 ms)
[05/14/2026-04:12:28] [I] Average on 10 runs - GPU latency: 3.77539 ms - Host latency: 3.83643 ms (end to end 3.84639 ms, enqueue 2.21143 ms)
[05/14/2026-04:12:28] [I] Average on 10 runs - GPU latency: 3.78193 ms - Host latency: 3.84238 ms (end to end 3.85195 ms, enqueue 2.12305 ms)
[05/14/2026-04:12:28] [I] Average on 10 runs - GPU latency: 3.76348 ms - Host latency: 3.82441 ms (end to end 3.83398 ms, enqueue 2.37949 ms)
[05/14/2026-04:12:28] [I] Average on 10 runs - GPU latency: 3.76885 ms - Host latency: 3.82969 ms (end to end 3.83965 ms, enqueue 2.39258 ms)
[05/14/2026-04:12:28] [I] Average on 10 runs - GPU latency: 3.76943 ms - Host latency: 3.83066 ms (end to end 3.84043 ms, enqueue 2.25273 ms)
[05/14/2026-04:12:28] [I] Average on 10 runs - GPU latency: 3.76865 ms - Host latency: 3.82969 ms (end to end 3.83945 ms, enqueue 2.32578 ms)
[05/14/2026-04:12:28] [I] Average on 10 runs - GPU latency: 3.77549 ms - Host latency: 3.83594 ms (end to end 3.8457 ms, enqueue 2.16934 ms)
[05/14/2026-04:12:28] [I] Average on 10 runs - GPU latency: 3.77832 ms - Host latency: 3.83936 ms (end to end 3.84922 ms, enqueue 2.15566 ms)
[05/14/2026-04:12:28] [I] Average on 10 runs - GPU latency: 3.79014 ms - Host latency: 3.85078 ms (end to end 3.86006 ms, enqueue 2.01963 ms)
[05/14/2026-04:12:28] [I] Average on 10 runs - GPU latency: 3.77324 ms - Host latency: 3.83437 ms (end to end 3.84395 ms, enqueue 2.21367 ms)
[05/14/2026-04:12:28] [I] Average on 10 runs - GPU latency: 3.77598 ms - Host latency: 3.83701 ms (end to end 3.84658 ms, enqueue 2.27266 ms)
[05/14/2026-04:12:28] [I] Average on 10 runs - GPU latency: 3.779 ms - Host latency: 3.84023 ms (end to end 3.85 ms, enqueue 2.15303 ms)
[05/14/2026-04:12:28] [I] Average on 10 runs - GPU latency: 3.76797 ms - Host latency: 3.82871 ms (end to end 3.83857 ms, enqueue 2.29414 ms)
[05/14/2026-04:12:28] [I] Average on 10 runs - GPU latency: 3.77041 ms - Host latency: 3.83125 ms (end to end 3.84082 ms, enqueue 2.34521 ms)
[05/14/2026-04:12:28] [I] Average on 10 runs - GPU latency: 3.8585 ms - Host latency: 3.92012 ms (end to end 3.93896 ms, enqueue 2.31602 ms)
[05/14/2026-04:12:28] [I] Average on 10 runs - GPU latency: 3.76963 ms - Host latency: 3.83096 ms (end to end 3.84111 ms, enqueue 2.36436 ms)
[05/14/2026-04:12:28] [I] Average on 10 runs - GPU latency: 3.75537 ms - Host latency: 3.81641 ms (end to end 3.82617 ms, enqueue 2.46533 ms)
[05/14/2026-04:12:28] [I] Average on 10 runs - GPU latency: 3.75645 ms - Host latency: 3.81689 ms (end to end 3.82734 ms, enqueue 2.51201 ms)
[05/14/2026-04:12:28] [I] Average on 10 runs - GPU latency: 3.74678 ms - Host latency: 3.8084 ms (end to end 3.81924 ms, enqueue 2.76729 ms)
[05/14/2026-04:12:28] [I] Average on 10 runs - GPU latency: 3.74775 ms - Host latency: 3.80908 ms (end to end 3.81924 ms, enqueue 2.821 ms)
[05/14/2026-04:12:28] [I] Average on 10 runs - GPU latency: 3.74756 ms - Host latency: 3.8083 ms (end to end 3.81729 ms, enqueue 2.60352 ms)
[05/14/2026-04:12:28] [I] Average on 10 runs - GPU latency: 3.75098 ms - Host latency: 3.8126 ms (end to end 3.82354 ms, enqueue 2.72588 ms)
[05/14/2026-04:12:28] [I] Average on 10 runs - GPU latency: 3.74844 ms - Host latency: 3.80967 ms (end to end 3.81973 ms, enqueue 2.55117 ms)
[05/14/2026-04:12:28] [I] Average on 10 runs - GPU latency: 3.754 ms - Host latency: 3.81504 ms (end to end 3.82588 ms, enqueue 2.61445 ms)
[05/14/2026-04:12:28] [I] Average on 10 runs - GPU latency: 3.75693 ms - Host latency: 3.81797 ms (end to end 3.82754 ms, enqueue 2.41152 ms)
[05/14/2026-04:12:28] [I] Average on 10 runs - GPU latency: 3.76826 ms - Host latency: 3.82939 ms (end to end 3.83906 ms, enqueue 2.43262 ms)
[05/14/2026-04:12:28] [I] Average on 10 runs - GPU latency: 3.77627 ms - Host latency: 3.83662 ms (end to end 3.84639 ms, enqueue 2.16484 ms)
[05/14/2026-04:12:28] [I] Average on 10 runs - GPU latency: 3.76602 ms - Host latency: 3.82686 ms (end to end 3.83623 ms, enqueue 2.31416 ms)
[05/14/2026-04:12:28] [I] Average on 10 runs - GPU latency: 3.76191 ms - Host latency: 3.82285 ms (end to end 3.83213 ms, enqueue 2.46885 ms)
[05/14/2026-04:12:28] [I] Average on 10 runs - GPU latency: 3.77383 ms - Host latency: 3.83486 ms (end to end 3.84434 ms, enqueue 2.19629 ms)
[05/14/2026-04:12:28] [I] Average on 10 runs - GPU latency: 3.77559 ms - Host latency: 3.83643 ms (end to end 3.8457 ms, enqueue 2.10781 ms)
[05/14/2026-04:12:28] [I] Average on 10 runs - GPU latency: 3.76953 ms - Host latency: 3.83037 ms (end to end 3.83965 ms, enqueue 2.31924 ms)
[05/14/2026-04:12:28] [I] Average on 10 runs - GPU latency: 3.77354 ms - Host latency: 3.83447 ms (end to end 3.84385 ms, enqueue 2.20811 ms)
[05/14/2026-04:12:28] [I] Average on 10 runs - GPU latency: 3.76895 ms - Host latency: 3.83008 ms (end to end 3.83994 ms, enqueue 2.14199 ms)
[05/14/2026-04:12:28] [I] Average on 10 runs - GPU latency: 3.77744 ms - Host latency: 3.83848 ms (end to end 3.84814 ms, enqueue 2.14033 ms)
[05/14/2026-04:12:28] [I] Average on 10 runs - GPU latency: 3.77236 ms - Host latency: 3.8334 ms (end to end 3.84297 ms, enqueue 2.21572 ms)
[05/14/2026-04:12:28] [I] Average on 10 runs - GPU latency: 3.76182 ms - Host latency: 3.82334 ms (end to end 3.83301 ms, enqueue 2.45967 ms)
[05/14/2026-04:12:28] [I] Average on 10 runs - GPU latency: 3.76777 ms - Host latency: 3.82842 ms (end to end 3.83828 ms, enqueue 2.27266 ms)
[05/14/2026-04:12:28] [I] Average on 10 runs - GPU latency: 3.75479 ms - Host latency: 3.81611 ms (end to end 3.82549 ms, enqueue 2.53945 ms)
[05/14/2026-04:12:28] [I] Average on 10 runs - GPU latency: 3.75645 ms - Host latency: 3.81777 ms (end to end 3.82793 ms, enqueue 2.53916 ms)
[05/14/2026-04:12:28] [I] Average on 10 runs - GPU latency: 3.8334 ms - Host latency: 3.90264 ms (end to end 3.92236 ms, enqueue 2.5291 ms)
[05/14/2026-04:12:28] [I] Average on 10 runs - GPU latency: 3.75479 ms - Host latency: 3.81533 ms (end to end 3.825 ms, enqueue 2.61357 ms)
[05/14/2026-04:12:28] [I] Average on 10 runs - GPU latency: 3.7457 ms - Host latency: 3.80703 ms (end to end 3.8167 ms, enqueue 2.67588 ms)
[05/14/2026-04:12:28] [I] Average on 10 runs - GPU latency: 3.75029 ms - Host latency: 3.81221 ms (end to end 3.82168 ms, enqueue 2.77852 ms)
[05/14/2026-04:12:28] [I] Average on 10 runs - GPU latency: 3.7584 ms - Host latency: 3.81953 ms (end to end 3.82959 ms, enqueue 2.52754 ms)
[05/14/2026-04:12:28] [I] Average on 10 runs - GPU latency: 3.77012 ms - Host latency: 3.83145 ms (end to end 3.84072 ms, enqueue 2.25244 ms)
[05/14/2026-04:12:28] [I] Average on 10 runs - GPU latency: 3.74268 ms - Host latency: 3.804 ms (end to end 3.81318 ms, enqueue 2.75234 ms)
[05/14/2026-04:12:28] [I] Average on 10 runs - GPU latency: 3.75635 ms - Host latency: 3.81768 ms (end to end 3.82852 ms, enqueue 2.59297 ms)
[05/14/2026-04:12:28] [I] Average on 10 runs - GPU latency: 3.76162 ms - Host latency: 3.82236 ms (end to end 3.83223 ms, enqueue 2.47412 ms)
[05/14/2026-04:12:28] [I] Average on 10 runs - GPU latency: 3.77559 ms - Host latency: 3.83682 ms (end to end 3.84668 ms, enqueue 2.18438 ms)
[05/14/2026-04:12:28] [I] Average on 10 runs - GPU latency: 3.76689 ms - Host latency: 3.82793 ms (end to end 3.83789 ms, enqueue 2.25547 ms)
[05/14/2026-04:12:28] [I] Average on 10 runs - GPU latency: 3.77676 ms - Host latency: 3.83789 ms (end to end 3.84746 ms, enqueue 2.16758 ms)
[05/14/2026-04:12:28] [I] Average on 10 runs - GPU latency: 3.77412 ms - Host latency: 3.83525 ms (end to end 3.84502 ms, enqueue 2.1458 ms)
[05/14/2026-04:12:28] [I] Average on 10 runs - GPU latency: 3.76738 ms - Host latency: 3.82793 ms (end to end 3.8374 ms, enqueue 2.20732 ms)
[05/14/2026-04:12:28] [I] Average on 10 runs - GPU latency: 3.77187 ms - Host latency: 3.83271 ms (end to end 3.84248 ms, enqueue 2.19883 ms)
[05/14/2026-04:12:28] [I] Average on 10 runs - GPU latency: 3.76484 ms - Host latency: 3.82607 ms (end to end 3.83555 ms, enqueue 2.30967 ms)
[05/14/2026-04:12:28] [I] Average on 10 runs - GPU latency: 3.78096 ms - Host latency: 3.84229 ms (end to end 3.85225 ms, enqueue 2.14189 ms)
[05/14/2026-04:12:28] [I] Average on 10 runs - GPU latency: 3.77158 ms - Host latency: 3.83252 ms (end to end 3.84238 ms, enqueue 2.28887 ms)
[05/14/2026-04:12:28] [I] Average on 10 runs - GPU latency: 3.74961 ms - Host latency: 3.81074 ms (end to end 3.82041 ms, enqueue 2.84531 ms)
[05/14/2026-04:12:28] [I] Average on 10 runs - GPU latency: 3.76914 ms - Host latency: 3.83008 ms (end to end 3.83955 ms, enqueue 2.34834 ms)
[05/14/2026-04:12:28] [I] Average on 10 runs - GPU latency: 3.74805 ms - Host latency: 3.80889 ms (end to end 3.81846 ms, enqueue 2.61152 ms)
[05/14/2026-04:12:28] [I] Average on 10 runs - GPU latency: 3.75752 ms - Host latency: 3.81836 ms (end to end 3.82949 ms, enqueue 2.67539 ms)
[05/14/2026-04:12:28] [I] Average on 10 runs - GPU latency: 3.77314 ms - Host latency: 3.83379 ms (end to end 3.84355 ms, enqueue 2.26787 ms)
[05/14/2026-04:12:28] [I] Average on 10 runs - GPU latency: 3.78125 ms - Host latency: 3.84248 ms (end to end 3.85215 ms, enqueue 2.19453 ms)
[05/14/2026-04:12:28] [I] Average on 10 runs - GPU latency: 3.75771 ms - Host latency: 3.81924 ms (end to end 3.82891 ms, enqueue 2.49111 ms)
[05/14/2026-04:12:28] [I] Average on 10 runs - GPU latency: 3.75078 ms - Host latency: 3.81123 ms (end to end 3.8208 ms, enqueue 2.53916 ms)
[05/14/2026-04:12:28] [I] Average on 10 runs - GPU latency: 3.84277 ms - Host latency: 3.90469 ms (end to end 3.92324 ms, enqueue 2.82383 ms)
[05/14/2026-04:12:28] [I] Average on 10 runs - GPU latency: 3.77168 ms - Host latency: 3.83242 ms (end to end 3.84336 ms, enqueue 2.35537 ms)
[05/14/2026-04:12:28] [I] Average on 10 runs - GPU latency: 3.74805 ms - Host latency: 3.80869 ms (end to end 3.81797 ms, enqueue 2.67451 ms)
[05/14/2026-04:12:28] [I] Average on 10 runs - GPU latency: 3.75068 ms - Host latency: 3.81182 ms (end to end 3.82197 ms, enqueue 2.62764 ms)
[05/14/2026-04:12:28] [I] Average on 10 runs - GPU latency: 3.75879 ms - Host latency: 3.81982 ms (end to end 3.83037 ms, enqueue 2.52451 ms)
[05/14/2026-04:12:28] [I] Average on 10 runs - GPU latency: 3.77412 ms - Host latency: 3.83535 ms (end to end 3.84463 ms, enqueue 2.16875 ms)
[05/14/2026-04:12:28] [I] Average on 10 runs - GPU latency: 3.76582 ms - Host latency: 3.82646 ms (end to end 3.83623 ms, enqueue 2.24375 ms)
[05/14/2026-04:12:28] [I] Average on 10 runs - GPU latency: 3.77412 ms - Host latency: 3.83496 ms (end to end 3.84463 ms, enqueue 2.23701 ms)
[05/14/2026-04:12:28] [I] Average on 10 runs - GPU latency: 3.7751 ms - Host latency: 3.83633 ms (end to end 3.84629 ms, enqueue 2.17842 ms)
[05/14/2026-04:12:28] [I] Average on 10 runs - GPU latency: 3.78027 ms - Host latency: 3.84092 ms (end to end 3.85068 ms, enqueue 2.10615 ms)
[05/14/2026-04:12:28] [I] Average on 10 runs - GPU latency: 3.76475 ms - Host latency: 3.82549 ms (end to end 3.83496 ms, enqueue 2.32607 ms)
[05/14/2026-04:12:28] [I] Average on 10 runs - GPU latency: 3.78369 ms - Host latency: 3.84443 ms (end to end 3.85439 ms, enqueue 2.12461 ms)
[05/14/2026-04:12:28] [I] Average on 10 runs - GPU latency: 3.76504 ms - Host latency: 3.82578 ms (end to end 3.83516 ms, enqueue 2.36582 ms)
[05/14/2026-04:12:28] [I] Average on 10 runs - GPU latency: 3.75176 ms - Host latency: 3.81289 ms (end to end 3.82363 ms, enqueue 2.67607 ms)
[05/14/2026-04:12:28] [I] Average on 10 runs - GPU latency: 3.75557 ms - Host latency: 3.81631 ms (end to end 3.82617 ms, enqueue 2.56084 ms)
[05/14/2026-04:12:28] [I] Average on 10 runs - GPU latency: 3.7668 ms - Host latency: 3.82744 ms (end to end 3.83721 ms, enqueue 2.2874 ms)
[05/14/2026-04:12:28] [I] Average on 10 runs - GPU latency: 3.75947 ms - Host latency: 3.82041 ms (end to end 3.83057 ms, enqueue 2.50986 ms)
[05/14/2026-04:12:28] [I] Average on 10 runs - GPU latency: 3.75449 ms - Host latency: 3.81514 ms (end to end 3.8252 ms, enqueue 2.50322 ms)
[05/14/2026-04:12:28] [I] Average on 10 runs - GPU latency: 3.77139 ms - Host latency: 3.83213 ms (end to end 3.8417 ms, enqueue 2.4541 ms)
[05/14/2026-04:12:28] [I] Average on 10 runs - GPU latency: 3.74814 ms - Host latency: 3.80908 ms (end to end 3.81875 ms, enqueue 2.60264 ms)
[05/14/2026-04:12:28] [I] Average on 10 runs - GPU latency: 3.77148 ms - Host latency: 3.83193 ms (end to end 3.84131 ms, enqueue 2.2666 ms)
[05/14/2026-04:12:28] [I] Average on 10 runs - GPU latency: 3.77998 ms - Host latency: 3.84082 ms (end to end 3.85049 ms, enqueue 2.18301 ms)
[05/14/2026-04:12:28] [I] Average on 10 runs - GPU latency: 3.76562 ms - Host latency: 3.82666 ms (end to end 3.83682 ms, enqueue 2.2876 ms)
[05/14/2026-04:12:28] [I] Average on 10 runs - GPU latency: 3.77793 ms - Host latency: 3.83887 ms (end to end 3.84902 ms, enqueue 2.19512 ms)
[05/14/2026-04:12:28] [I] Average on 10 runs - GPU latency: 3.76172 ms - Host latency: 3.82266 ms (end to end 3.83232 ms, enqueue 2.42705 ms)
[05/14/2026-04:12:28] [I] Average on 10 runs - GPU latency: 3.76416 ms - Host latency: 3.825 ms (end to end 3.83477 ms, enqueue 2.36035 ms)
[05/14/2026-04:12:28] [I] Average on 10 runs - GPU latency: 3.82549 ms - Host latency: 3.88789 ms (end to end 3.94463 ms, enqueue 2.33213 ms)
[05/14/2026-04:12:28] [I] Average on 10 runs - GPU latency: 3.78301 ms - Host latency: 3.84414 ms (end to end 3.85371 ms, enqueue 2.21426 ms)
[05/14/2026-04:12:28] [I] Average on 10 runs - GPU latency: 3.76982 ms - Host latency: 3.83076 ms (end to end 3.84092 ms, enqueue 2.31504 ms)
[05/14/2026-04:12:28] [I] Average on 10 runs - GPU latency: 3.77227 ms - Host latency: 3.8333 ms (end to end 3.84268 ms, enqueue 2.25811 ms)
[05/14/2026-04:12:28] [I] Average on 10 runs - GPU latency: 3.75127 ms - Host latency: 3.8127 ms (end to end 3.82158 ms, enqueue 2.48018 ms)
[05/14/2026-04:12:28] [I] Average on 10 runs - GPU latency: 3.77227 ms - Host latency: 3.83379 ms (end to end 3.84346 ms, enqueue 2.38252 ms)
[05/14/2026-04:12:28] [I] Average on 10 runs - GPU latency: 3.76455 ms - Host latency: 3.8252 ms (end to end 3.83477 ms, enqueue 2.39424 ms)
[05/14/2026-04:12:28] [I] Average on 10 runs - GPU latency: 3.75869 ms - Host latency: 3.81943 ms (end to end 3.82881 ms, enqueue 2.46094 ms)
[05/14/2026-04:12:28] [I] Average on 10 runs - GPU latency: 3.76328 ms - Host latency: 3.82412 ms (end to end 3.83379 ms, enqueue 2.38076 ms)
[05/14/2026-04:12:28] [I] Average on 10 runs - GPU latency: 3.77363 ms - Host latency: 3.83437 ms (end to end 3.84434 ms, enqueue 2.22725 ms)
[05/14/2026-04:12:28] [I] Average on 10 runs - GPU latency: 3.77158 ms - Host latency: 3.83242 ms (end to end 3.84229 ms, enqueue 2.30488 ms)
[05/14/2026-04:12:28] [I] Average on 10 runs - GPU latency: 3.76807 ms - Host latency: 3.82881 ms (end to end 3.83828 ms, enqueue 2.25439 ms)
[05/14/2026-04:12:28] [I] Average on 10 runs - GPU latency: 3.74287 ms - Host latency: 3.80469 ms (end to end 3.81328 ms, enqueue 2.7626 ms)
[05/14/2026-04:12:28] [I] Average on 10 runs - GPU latency: 3.75156 ms - Host latency: 3.81221 ms (end to end 3.82285 ms, enqueue 2.62412 ms)
[05/14/2026-04:12:28] [I] Average on 10 runs - GPU latency: 3.74697 ms - Host latency: 3.80889 ms (end to end 3.81836 ms, enqueue 2.79971 ms)
[05/14/2026-04:12:28] [I] Average on 10 runs - GPU latency: 3.76953 ms - Host latency: 3.83057 ms (end to end 3.84053 ms, enqueue 2.32021 ms)
[05/14/2026-04:12:28] [I] Average on 10 runs - GPU latency: 3.75156 ms - Host latency: 3.81309 ms (end to end 3.82314 ms, enqueue 2.87539 ms)
[05/14/2026-04:12:28] [I] Average on 10 runs - GPU latency: 3.76924 ms - Host latency: 3.83057 ms (end to end 3.84014 ms, enqueue 2.32295 ms)
[05/14/2026-04:12:28] [I] Average on 10 runs - GPU latency: 3.74746 ms - Host latency: 3.80811 ms (end to end 3.81787 ms, enqueue 2.76465 ms)
[05/14/2026-04:12:28] [I] Average on 10 runs - GPU latency: 3.73965 ms - Host latency: 3.80107 ms (end to end 3.81162 ms, enqueue 2.84863 ms)
[05/14/2026-04:12:28] [I] Average on 10 runs - GPU latency: 3.75586 ms - Host latency: 3.81689 ms (end to end 3.82666 ms, enqueue 2.54941 ms)
[05/14/2026-04:12:28] [I] Average on 10 runs - GPU latency: 3.75459 ms - Host latency: 3.81533 ms (end to end 3.8251 ms, enqueue 2.64229 ms)
[05/14/2026-04:12:28] [I] Average on 10 runs - GPU latency: 3.7707 ms - Host latency: 3.83145 ms (end to end 3.84111 ms, enqueue 2.36592 ms)
[05/14/2026-04:12:28] [I] Average on 10 runs - GPU latency: 3.75029 ms - Host latency: 3.81074 ms (end to end 3.8208 ms, enqueue 2.57646 ms)
[05/14/2026-04:12:28] [I] Average on 10 runs - GPU latency: 3.73945 ms - Host latency: 3.80088 ms (end to end 3.81113 ms, enqueue 2.74678 ms)
[05/14/2026-04:12:28] [I] Average on 10 runs - GPU latency: 3.75068 ms - Host latency: 3.81162 ms (end to end 3.82119 ms, enqueue 2.58008 ms)
[05/14/2026-04:12:28] [I] Average on 10 runs - GPU latency: 3.81934 ms - Host latency: 3.88096 ms (end to end 3.90029 ms, enqueue 2.47822 ms)
[05/14/2026-04:12:28] [I] Average on 10 runs - GPU latency: 3.80225 ms - Host latency: 3.86377 ms (end to end 3.87285 ms, enqueue 2.36533 ms)
[05/14/2026-04:12:28] [I] Average on 10 runs - GPU latency: 3.76084 ms - Host latency: 3.82139 ms (end to end 3.83096 ms, enqueue 2.44561 ms)
[05/14/2026-04:12:28] [I] Average on 10 runs - GPU latency: 3.76943 ms - Host latency: 3.83047 ms (end to end 3.84014 ms, enqueue 2.27764 ms)
[05/14/2026-04:12:28] [I] Average on 10 runs - GPU latency: 3.76748 ms - Host latency: 3.82891 ms (end to end 3.83848 ms, enqueue 2.23916 ms)
[05/14/2026-04:12:28] [I] Average on 10 runs - GPU latency: 3.75244 ms - Host latency: 3.81299 ms (end to end 3.82256 ms, enqueue 2.52158 ms)
[05/14/2026-04:12:28] [I] Average on 10 runs - GPU latency: 3.76934 ms - Host latency: 3.83027 ms (end to end 3.83975 ms, enqueue 2.4834 ms)
[05/14/2026-04:12:28] [I] Average on 10 runs - GPU latency: 3.76914 ms - Host latency: 3.82969 ms (end to end 3.83945 ms, enqueue 2.24971 ms)
[05/14/2026-04:12:28] [I] Average on 10 runs - GPU latency: 3.77656 ms - Host latency: 3.83818 ms (end to end 3.84775 ms, enqueue 2.18604 ms)
[05/14/2026-04:12:28] [I] Average on 10 runs - GPU latency: 3.78125 ms - Host latency: 3.84209 ms (end to end 3.85156 ms, enqueue 2.10781 ms)
[05/14/2026-04:12:28] [I] Average on 10 runs - GPU latency: 3.76133 ms - Host latency: 3.82285 ms (end to end 3.83223 ms, enqueue 2.36904 ms)
[05/14/2026-04:12:28] [I] Average on 10 runs - GPU latency: 3.7792 ms - Host latency: 3.84053 ms (end to end 3.85049 ms, enqueue 2.21729 ms)
[05/14/2026-04:12:28] [I] Average on 10 runs - GPU latency: 3.76885 ms - Host latency: 3.82959 ms (end to end 3.83955 ms, enqueue 2.3499 ms)
[05/14/2026-04:12:28] [I] Average on 10 runs - GPU latency: 3.76826 ms - Host latency: 3.82939 ms (end to end 3.83926 ms, enqueue 2.29443 ms)
[05/14/2026-04:12:28] [I] Average on 10 runs - GPU latency: 3.7833 ms - Host latency: 3.84434 ms (end to end 3.85381 ms, enqueue 2.10322 ms)
[05/14/2026-04:12:28] [I] Average on 10 runs - GPU latency: 3.75342 ms - Host latency: 3.81426 ms (end to end 3.82402 ms, enqueue 2.49678 ms)
[05/14/2026-04:12:28] [I] Average on 10 runs - GPU latency: 3.76123 ms - Host latency: 3.82197 ms (end to end 3.83145 ms, enqueue 2.47617 ms)
[05/14/2026-04:12:28] [I] Average on 10 runs - GPU latency: 3.75762 ms - Host latency: 3.81875 ms (end to end 3.82822 ms, enqueue 2.51035 ms)
[05/14/2026-04:12:28] [I] Average on 10 runs - GPU latency: 3.75479 ms - Host latency: 3.81582 ms (end to end 3.82539 ms, enqueue 2.4835 ms)
[05/14/2026-04:12:28] [I] Average on 10 runs - GPU latency: 3.74668 ms - Host latency: 3.80752 ms (end to end 3.81738 ms, enqueue 2.63086 ms)
[05/14/2026-04:12:28] [I] Average on 10 runs - GPU latency: 3.77061 ms - Host latency: 3.83174 ms (end to end 3.8417 ms, enqueue 2.30537 ms)
[05/14/2026-04:12:28] [I] Average on 10 runs - GPU latency: 3.76611 ms - Host latency: 3.82715 ms (end to end 3.83682 ms, enqueue 2.35703 ms)
[05/14/2026-04:12:28] [I] Average on 10 runs - GPU latency: 3.77178 ms - Host latency: 3.83291 ms (end to end 3.84258 ms, enqueue 2.20312 ms)
[05/14/2026-04:12:28] [I] Average on 10 runs - GPU latency: 3.77793 ms - Host latency: 3.83916 ms (end to end 3.84863 ms, enqueue 2.21826 ms)
[05/14/2026-04:12:28] [I] Average on 10 runs - GPU latency: 3.77559 ms - Host latency: 3.83594 ms (end to end 3.84629 ms, enqueue 2.17129 ms)
[05/14/2026-04:12:28] [I] Average on 10 runs - GPU latency: 3.7668 ms - Host latency: 3.82734 ms (end to end 3.83789 ms, enqueue 2.45039 ms)
[05/14/2026-04:12:28] [I] Average on 10 runs - GPU latency: 3.81934 ms - Host latency: 3.88105 ms (end to end 3.90098 ms, enqueue 2.26289 ms)
[05/14/2026-04:12:28] [I] Average on 10 runs - GPU latency: 3.80312 ms - Host latency: 3.86426 ms (end to end 3.87402 ms, enqueue 2.38457 ms)
[05/14/2026-04:12:28] [I] Average on 10 runs - GPU latency: 3.76406 ms - Host latency: 3.82461 ms (end to end 3.83477 ms, enqueue 2.33477 ms)
[05/14/2026-04:12:28] [I] Average on 10 runs - GPU latency: 3.77402 ms - Host latency: 3.83516 ms (end to end 3.84414 ms, enqueue 2.18008 ms)
[05/14/2026-04:12:28] [I] Average on 10 runs - GPU latency: 3.77852 ms - Host latency: 3.83984 ms (end to end 3.84941 ms, enqueue 2.15215 ms)
[05/14/2026-04:12:28] [I] Average on 10 runs - GPU latency: 3.76582 ms - Host latency: 3.82715 ms (end to end 3.83633 ms, enqueue 2.40371 ms)
[05/14/2026-04:12:28] [I] Average on 10 runs - GPU latency: 3.77266 ms - Host latency: 3.83379 ms (end to end 3.84297 ms, enqueue 2.19316 ms)
[05/14/2026-04:12:28] [I] Average on 10 runs - GPU latency: 3.76133 ms - Host latency: 3.82266 ms (end to end 3.83184 ms, enqueue 2.40684 ms)
[05/14/2026-04:12:28] [I] Average on 10 runs - GPU latency: 3.77344 ms - Host latency: 3.83437 ms (end to end 3.84375 ms, enqueue 2.19258 ms)
[05/14/2026-04:12:28] [I] Average on 10 runs - GPU latency: 3.77734 ms - Host latency: 3.8377 ms (end to end 3.84805 ms, enqueue 2.15957 ms)
[05/14/2026-04:12:28] [I] Average on 10 runs - GPU latency: 3.77598 ms - Host latency: 3.83691 ms (end to end 3.84668 ms, enqueue 2.13652 ms)
[05/14/2026-04:12:28] [I] Average on 10 runs - GPU latency: 3.77715 ms - Host latency: 3.83867 ms (end to end 3.84785 ms, enqueue 2.19258 ms)
[05/14/2026-04:12:28] [I] Average on 10 runs - GPU latency: 3.77285 ms - Host latency: 3.83437 ms (end to end 3.84434 ms, enqueue 2.31367 ms)
[05/14/2026-04:12:28] [I] Average on 10 runs - GPU latency: 3.77402 ms - Host latency: 3.83457 ms (end to end 3.84414 ms, enqueue 2.21152 ms)
[05/14/2026-04:12:28] [I] Average on 10 runs - GPU latency: 3.74883 ms - Host latency: 3.8084 ms (end to end 3.81797 ms, enqueue 2.57676 ms)
[05/14/2026-04:12:28] [I] Average on 10 runs - GPU latency: 3.7707 ms - Host latency: 3.83164 ms (end to end 3.8416 ms, enqueue 2.26621 ms)
[05/14/2026-04:12:28] [I] Average on 10 runs - GPU latency: 3.76133 ms - Host latency: 3.82227 ms (end to end 3.83262 ms, enqueue 2.4248 ms)
[05/14/2026-04:12:28] [I] Average on 10 runs - GPU latency: 3.74883 ms - Host latency: 3.81016 ms (end to end 3.81973 ms, enqueue 2.65039 ms)
[05/14/2026-04:12:28] [I] Average on 10 runs - GPU latency: 3.75703 ms - Host latency: 3.81719 ms (end to end 3.82773 ms, enqueue 2.54746 ms)
[05/14/2026-04:12:28] [I] Average on 10 runs - GPU latency: 3.76133 ms - Host latency: 3.82227 ms (end to end 3.83223 ms, enqueue 2.48379 ms)
[05/14/2026-04:12:28] [I] Average on 10 runs - GPU latency: 3.77637 ms - Host latency: 3.8377 ms (end to end 3.84687 ms, enqueue 2.20781 ms)
[05/14/2026-04:12:28] [I] Average on 10 runs - GPU latency: 3.77578 ms - Host latency: 3.83711 ms (end to end 3.8459 ms, enqueue 2.20391 ms)
[05/14/2026-04:12:28] [I] Average on 10 runs - GPU latency: 3.76797 ms - Host latency: 3.82852 ms (end to end 3.83867 ms, enqueue 2.1916 ms)
[05/14/2026-04:12:28] [I] Average on 10 runs - GPU latency: 3.77891 ms - Host latency: 3.83965 ms (end to end 3.84961 ms, enqueue 2.23555 ms)
[05/14/2026-04:12:28] [I] Average on 10 runs - GPU latency: 3.76328 ms - Host latency: 3.8248 ms (end to end 3.83437 ms, enqueue 2.32266 ms)
[05/14/2026-04:12:28] [I] Average on 10 runs - GPU latency: 3.77676 ms - Host latency: 3.83906 ms (end to end 3.84883 ms, enqueue 2.16797 ms)
[05/14/2026-04:12:28] [I] Average on 10 runs - GPU latency: 3.79668 ms - Host latency: 3.85762 ms (end to end 3.86699 ms, enqueue 2.15762 ms)
[05/14/2026-04:12:28] [I] Average on 10 runs - GPU latency: 3.81152 ms - Host latency: 3.87207 ms (end to end 3.92266 ms, enqueue 2.32207 ms)
[05/14/2026-04:12:28] [I] Average on 10 runs - GPU latency: 3.77598 ms - Host latency: 3.83711 ms (end to end 3.84668 ms, enqueue 2.17949 ms)
[05/14/2026-04:12:28] [I] Average on 10 runs - GPU latency: 3.77637 ms - Host latency: 3.8377 ms (end to end 3.84648 ms, enqueue 2.26016 ms)
[05/14/2026-04:12:28] [I] Average on 10 runs - GPU latency: 3.74805 ms - Host latency: 3.80938 ms (end to end 3.81914 ms, enqueue 2.63301 ms)
[05/14/2026-04:12:28] [I] Average on 10 runs - GPU latency: 3.75957 ms - Host latency: 3.8207 ms (end to end 3.83027 ms, enqueue 2.5084 ms)
[05/14/2026-04:12:28] [I] Average on 10 runs - GPU latency: 3.75039 ms - Host latency: 3.81055 ms (end to end 3.81992 ms, enqueue 2.57227 ms)
[05/14/2026-04:12:28] [I] Average on 10 runs - GPU latency: 3.75312 ms - Host latency: 3.81348 ms (end to end 3.82305 ms, enqueue 2.53945 ms)
[05/14/2026-04:12:28] [I] Average on 10 runs - GPU latency: 3.73945 ms - Host latency: 3.80098 ms (end to end 3.80996 ms, enqueue 2.74219 ms)
[05/14/2026-04:12:28] [I] Average on 10 runs - GPU latency: 3.77598 ms - Host latency: 3.83711 ms (end to end 3.84687 ms, enqueue 2.26914 ms)
[05/14/2026-04:12:28] [I] Average on 10 runs - GPU latency: 3.76035 ms - Host latency: 3.8209 ms (end to end 3.83086 ms, enqueue 2.36172 ms)
[05/14/2026-04:12:28] [I] Average on 10 runs - GPU latency: 3.75625 ms - Host latency: 3.81777 ms (end to end 3.82832 ms, enqueue 2.57676 ms)
[05/14/2026-04:12:28] [I] Average on 10 runs - GPU latency: 3.75566 ms - Host latency: 3.8168 ms (end to end 3.82637 ms, enqueue 2.52773 ms)
[05/14/2026-04:12:28] [I] Average on 10 runs - GPU latency: 3.75195 ms - Host latency: 3.8127 ms (end to end 3.82305 ms, enqueue 2.62559 ms)
[05/14/2026-04:12:28] [I] Average on 10 runs - GPU latency: 3.76738 ms - Host latency: 3.82832 ms (end to end 3.8377 ms, enqueue 2.22246 ms)
[05/14/2026-04:12:28] [I] Average on 10 runs - GPU latency: 3.77559 ms - Host latency: 3.83672 ms (end to end 3.8459 ms, enqueue 2.11758 ms)
[05/14/2026-04:12:28] [I] Average on 10 runs - GPU latency: 3.77969 ms - Host latency: 3.84141 ms (end to end 3.85039 ms, enqueue 2.06094 ms)
[05/14/2026-04:12:28] [I] Average on 10 runs - GPU latency: 3.7668 ms - Host latency: 3.82754 ms (end to end 3.83711 ms, enqueue 2.37266 ms)
[05/14/2026-04:12:28] [I] Average on 10 runs - GPU latency: 3.74902 ms - Host latency: 3.80918 ms (end to end 3.81953 ms, enqueue 2.53047 ms)
[05/14/2026-04:12:28] [I] Average on 10 runs - GPU latency: 3.7582 ms - Host latency: 3.81934 ms (end to end 3.82949 ms, enqueue 2.65996 ms)
[05/14/2026-04:12:28] [I] Average on 10 runs - GPU latency: 3.74883 ms - Host latency: 3.81016 ms (end to end 3.81953 ms, enqueue 2.65664 ms)
[05/14/2026-04:12:28] [I] Average on 10 runs - GPU latency: 3.76699 ms - Host latency: 3.82754 ms (end to end 3.8375 ms, enqueue 2.31113 ms)
[05/14/2026-04:12:28] [I] Average on 10 runs - GPU latency: 3.74883 ms - Host latency: 3.80996 ms (end to end 3.81934 ms, enqueue 2.66699 ms)
[05/14/2026-04:12:28] [I] Average on 10 runs - GPU latency: 3.7498 ms - Host latency: 3.81113 ms (end to end 3.8209 ms, enqueue 2.64434 ms)
[05/14/2026-04:12:28] [I] Average on 10 runs - GPU latency: 3.74727 ms - Host latency: 3.80879 ms (end to end 3.81914 ms, enqueue 2.53848 ms)
[05/14/2026-04:12:28] [I] Average on 10 runs - GPU latency: 3.74863 ms - Host latency: 3.81055 ms (end to end 3.82148 ms, enqueue 2.84922 ms)
[05/14/2026-04:12:28] [I] Average on 10 runs - GPU latency: 3.74297 ms - Host latency: 3.80391 ms (end to end 3.81406 ms, enqueue 2.71426 ms)
[05/14/2026-04:12:28] [I] Average on 10 runs - GPU latency: 3.8127 ms - Host latency: 3.87363 ms (end to end 3.92852 ms, enqueue 2.62812 ms)
[05/14/2026-04:12:28] [I] Average on 10 runs - GPU latency: 3.7668 ms - Host latency: 3.82852 ms (end to end 3.83828 ms, enqueue 2.32988 ms)
[05/14/2026-04:12:28] [I] Average on 10 runs - GPU latency: 3.77344 ms - Host latency: 3.83398 ms (end to end 3.84395 ms, enqueue 2.16563 ms)
[05/14/2026-04:12:28] [I] Average on 10 runs - GPU latency: 3.75117 ms - Host latency: 3.81328 ms (end to end 3.82324 ms, enqueue 2.45684 ms)
[05/14/2026-04:12:28] [I] Average on 10 runs - GPU latency: 3.74336 ms - Host latency: 3.80527 ms (end to end 3.81465 ms, enqueue 2.67383 ms)
[05/14/2026-04:12:28] [I] Average on 10 runs - GPU latency: 3.74531 ms - Host latency: 3.80684 ms (end to end 3.81641 ms, enqueue 2.72344 ms)
[05/14/2026-04:12:28] [I] Average on 10 runs - GPU latency: 3.75332 ms - Host latency: 3.81367 ms (end to end 3.82305 ms, enqueue 2.58223 ms)
[05/14/2026-04:12:28] [I] Average on 10 runs - GPU latency: 3.7457 ms - Host latency: 3.80586 ms (end to end 3.8166 ms, enqueue 2.80586 ms)
[05/14/2026-04:12:28] [I] Average on 10 runs - GPU latency: 3.75996 ms - Host latency: 3.8209 ms (end to end 3.83086 ms, enqueue 2.49629 ms)
[05/14/2026-04:12:28] [I] Average on 10 runs - GPU latency: 3.77637 ms - Host latency: 3.83789 ms (end to end 3.84746 ms, enqueue 2.26152 ms)
[05/14/2026-04:12:28] [I] Average on 10 runs - GPU latency: 3.75215 ms - Host latency: 3.81348 ms (end to end 3.82285 ms, enqueue 2.69902 ms)
[05/14/2026-04:12:28] [I] Average on 10 runs - GPU latency: 3.76777 ms - Host latency: 3.82891 ms (end to end 3.83848 ms, enqueue 2.31484 ms)
[05/14/2026-04:12:28] [I] Average on 10 runs - GPU latency: 3.75469 ms - Host latency: 3.81543 ms (end to end 3.825 ms, enqueue 2.51777 ms)
[05/14/2026-04:12:28] [I] Average on 10 runs - GPU latency: 3.75684 ms - Host latency: 3.81836 ms (end to end 3.82793 ms, enqueue 2.50312 ms)
[05/14/2026-04:12:28] [I] Average on 10 runs - GPU latency: 3.7627 ms - Host latency: 3.82383 ms (end to end 3.8334 ms, enqueue 2.43945 ms)
[05/14/2026-04:12:28] [I] Average on 10 runs - GPU latency: 3.7666 ms - Host latency: 3.82754 ms (end to end 3.83789 ms, enqueue 2.28809 ms)
[05/14/2026-04:12:28] [I] Average on 10 runs - GPU latency: 3.77637 ms - Host latency: 3.83711 ms (end to end 3.84727 ms, enqueue 2.175 ms)
[05/14/2026-04:12:28] [I] Average on 10 runs - GPU latency: 3.7791 ms - Host latency: 3.83945 ms (end to end 3.8498 ms, enqueue 2.10059 ms)
[05/14/2026-04:12:28] [I] Average on 10 runs - GPU latency: 3.75996 ms - Host latency: 3.82188 ms (end to end 3.83145 ms, enqueue 2.24902 ms)
[05/14/2026-04:12:28] [I] Average on 10 runs - GPU latency: 3.7625 ms - Host latency: 3.82363 ms (end to end 3.8332 ms, enqueue 2.32402 ms)
[05/14/2026-04:12:28] [I] Average on 10 runs - GPU latency: 3.75352 ms - Host latency: 3.81484 ms (end to end 3.82344 ms, enqueue 2.5623 ms)
[05/14/2026-04:12:28] [I] Average on 10 runs - GPU latency: 3.76055 ms - Host latency: 3.82207 ms (end to end 3.83242 ms, enqueue 2.52871 ms)
[05/14/2026-04:12:28] [I] Average on 10 runs - GPU latency: 3.74902 ms - Host latency: 3.81016 ms (end to end 3.82012 ms, enqueue 2.82559 ms)
[05/14/2026-04:12:28] [I] Average on 10 runs - GPU latency: 3.74805 ms - Host latency: 3.80938 ms (end to end 3.81973 ms, enqueue 2.64883 ms)
[05/14/2026-04:12:28] [I] Average on 10 runs - GPU latency: 3.75195 ms - Host latency: 3.81289 ms (end to end 3.82266 ms, enqueue 2.63438 ms)
[05/14/2026-04:12:28] [I] Average on 10 runs - GPU latency: 3.7584 ms - Host latency: 3.81992 ms (end to end 3.83047 ms, enqueue 2.57109 ms)
[05/14/2026-04:12:28] [I] Average on 10 runs - GPU latency: 3.8248 ms - Host latency: 3.88691 ms (end to end 3.9377 ms, enqueue 2.57246 ms)
[05/14/2026-04:12:28] [I] Average on 10 runs - GPU latency: 3.75098 ms - Host latency: 3.81191 ms (end to end 3.8209 ms, enqueue 2.63281 ms)
[05/14/2026-04:12:28] [I] Average on 10 runs - GPU latency: 3.76641 ms - Host latency: 3.82734 ms (end to end 3.83672 ms, enqueue 2.30938 ms)
[05/14/2026-04:12:28] [I] Average on 10 runs - GPU latency: 3.74863 ms - Host latency: 3.80918 ms (end to end 3.81855 ms, enqueue 2.63906 ms)
[05/14/2026-04:12:28] [I] Average on 10 runs - GPU latency: 3.77031 ms - Host latency: 3.83105 ms (end to end 3.84082 ms, enqueue 2.46484 ms)
[05/14/2026-04:12:28] [I] Average on 10 runs - GPU latency: 3.77227 ms - Host latency: 3.83145 ms (end to end 3.84141 ms, enqueue 2.28066 ms)
[05/14/2026-04:12:28] [I] Average on 10 runs - GPU latency: 3.77129 ms - Host latency: 3.83242 ms (end to end 3.84199 ms, enqueue 2.20566 ms)
[05/14/2026-04:12:28] [I] Average on 10 runs - GPU latency: 3.77773 ms - Host latency: 3.83867 ms (end to end 3.84902 ms, enqueue 2.18105 ms)
[05/14/2026-04:12:28] [I] Average on 10 runs - GPU latency: 3.75469 ms - Host latency: 3.81562 ms (end to end 3.8252 ms, enqueue 2.46504 ms)
[05/14/2026-04:12:28] [I] Average on 10 runs - GPU latency: 3.74766 ms - Host latency: 3.80859 ms (end to end 3.81816 ms, enqueue 2.6668 ms)
[05/14/2026-04:12:28] [I] Average on 10 runs - GPU latency: 3.77793 ms - Host latency: 3.83906 ms (end to end 3.84844 ms, enqueue 2.25781 ms)
[05/14/2026-04:12:28] [I] Average on 10 runs - GPU latency: 3.75547 ms - Host latency: 3.81602 ms (end to end 3.82539 ms, enqueue 2.50234 ms)
[05/14/2026-04:12:28] [I] Average on 10 runs - GPU latency: 3.75801 ms - Host latency: 3.82012 ms (end to end 3.83105 ms, enqueue 2.70742 ms)
[05/14/2026-04:12:28] [I] Average on 10 runs - GPU latency: 3.74336 ms - Host latency: 3.80469 ms (end to end 3.81465 ms, enqueue 2.69785 ms)
[05/14/2026-04:12:28] [I] Average on 10 runs - GPU latency: 3.72109 ms - Host latency: 3.78223 ms (end to end 3.79512 ms, enqueue 3.39414 ms)
[05/14/2026-04:12:28] [I] Average on 10 runs - GPU latency: 3.71953 ms - Host latency: 3.78027 ms (end to end 3.7918 ms, enqueue 3.40137 ms)
[05/14/2026-04:12:28] [I] Average on 10 runs - GPU latency: 3.71621 ms - Host latency: 3.77754 ms (end to end 3.78789 ms, enqueue 3.39277 ms)
[05/14/2026-04:12:28] [I] Average on 10 runs - GPU latency: 3.71816 ms - Host latency: 3.7793 ms (end to end 3.78965 ms, enqueue 3.4416 ms)
[05/14/2026-04:12:28] [I] Average on 10 runs - GPU latency: 3.71777 ms - Host latency: 3.77871 ms (end to end 3.79082 ms, enqueue 3.40645 ms)
[05/14/2026-04:12:28] [I] Average on 10 runs - GPU latency: 3.73945 ms - Host latency: 3.80059 ms (end to end 3.81035 ms, enqueue 3.18164 ms)
[05/14/2026-04:12:28] [I] Average on 10 runs - GPU latency: 3.73613 ms - Host latency: 3.79648 ms (end to end 3.80605 ms, enqueue 2.91777 ms)
[05/14/2026-04:12:28] [I] Average on 10 runs - GPU latency: 3.72051 ms - Host latency: 3.78203 ms (end to end 3.79199 ms, enqueue 3.38457 ms)
[05/14/2026-04:12:28] [I] Average on 10 runs - GPU latency: 3.71445 ms - Host latency: 3.77559 ms (end to end 3.78965 ms, enqueue 3.46719 ms)
[05/14/2026-04:12:28] [I] Average on 10 runs - GPU latency: 3.71953 ms - Host latency: 3.78066 ms (end to end 3.79141 ms, enqueue 3.39785 ms)
[05/14/2026-04:12:28] [I] Average on 10 runs - GPU latency: 3.7168 ms - Host latency: 3.77832 ms (end to end 3.79063 ms, enqueue 3.48145 ms)
[05/14/2026-04:12:28] [I] Average on 10 runs - GPU latency: 3.71563 ms - Host latency: 3.77598 ms (end to end 3.7877 ms, enqueue 3.38672 ms)
[05/14/2026-04:12:28] [I] Average on 10 runs - GPU latency: 3.80078 ms - Host latency: 3.8627 ms (end to end 3.88438 ms, enqueue 3.67266 ms)
[05/14/2026-04:12:28] [I] Average on 10 runs - GPU latency: 3.71113 ms - Host latency: 3.77324 ms (end to end 3.78711 ms, enqueue 3.47363 ms)
[05/14/2026-04:12:28] [I] Average on 10 runs - GPU latency: 3.7377 ms - Host latency: 3.8 ms (end to end 3.81289 ms, enqueue 3.10391 ms)
[05/14/2026-04:12:28] [I] Average on 10 runs - GPU latency: 3.77129 ms - Host latency: 3.8332 ms (end to end 3.84238 ms, enqueue 2.24941 ms)
[05/14/2026-04:12:28] [I] Average on 10 runs - GPU latency: 3.77461 ms - Host latency: 3.83633 ms (end to end 3.84551 ms, enqueue 2.15937 ms)
[05/14/2026-04:12:28] [I] Average on 10 runs - GPU latency: 3.76934 ms - Host latency: 3.83027 ms (end to end 3.83926 ms, enqueue 2.26445 ms)
[05/14/2026-04:12:28] [I] Average on 10 runs - GPU latency: 3.7582 ms - Host latency: 3.81855 ms (end to end 3.82871 ms, enqueue 2.5084 ms)
[05/14/2026-04:12:28] [I] Average on 10 runs - GPU latency: 3.7709 ms - Host latency: 3.83145 ms (end to end 3.84141 ms, enqueue 2.3834 ms)
[05/14/2026-04:12:28] [I] Average on 10 runs - GPU latency: 3.75879 ms - Host latency: 3.82031 ms (end to end 3.82988 ms, enqueue 2.58809 ms)
[05/14/2026-04:12:28] [I] Average on 10 runs - GPU latency: 3.77227 ms - Host latency: 3.83359 ms (end to end 3.84355 ms, enqueue 2.19883 ms)
[05/14/2026-04:12:28] [I] Average on 10 runs - GPU latency: 3.75625 ms - Host latency: 3.8166 ms (end to end 3.82617 ms, enqueue 2.51445 ms)
[05/14/2026-04:12:28] [I] Average on 10 runs - GPU latency: 3.76152 ms - Host latency: 3.82207 ms (end to end 3.83184 ms, enqueue 2.45586 ms)
[05/14/2026-04:12:28] [I] 
[05/14/2026-04:12:28] [I] === Performance summary ===
[05/14/2026-04:12:28] [I] Throughput: 260.832 qps
[05/14/2026-04:12:28] [I] Latency: min = 3.75537 ms, max = 4.26562 ms, mean = 3.82152 ms, median = 3.82275 ms, percentile(99%) = 3.89453 ms
[05/14/2026-04:12:28] [I] End-to-End Host Latency: min = 3.76172 ms, max = 4.36621 ms, mean = 3.83232 ms, median = 3.83301 ms, percentile(99%) = 3.90967 ms
[05/14/2026-04:12:28] [I] Enqueue Time: min = 1.89209 ms, max = 5.39355 ms, mean = 2.53768 ms, median = 2.36035 ms, percentile(99%) = 3.83936 ms
[05/14/2026-04:12:28] [I] H2D Latency: min = 0.0566406 ms, max = 0.125 ms, mean = 0.0583615 ms, median = 0.0585938 ms, percentile(99%) = 0.0620117 ms
[05/14/2026-04:12:28] [I] GPU Compute Time: min = 3.69482 ms, max = 4.20605 ms, mean = 3.76039 ms, median = 3.76172 ms, percentile(99%) = 3.82617 ms
[05/14/2026-04:12:28] [I] D2H Latency: min = 0 ms, max = 0.00390625 ms, mean = 0.00278403 ms, median = 0.00292969 ms, percentile(99%) = 0.00390625 ms
[05/14/2026-04:12:28] [I] Total Host Walltime: 20.0091 s
[05/14/2026-04:12:28] [I] Total GPU Compute Time: 19.6255 s
[05/14/2026-04:12:28] [I] Explanations of the performance metrics are printed in the verbose logs.
[05/14/2026-04:12:28] [I] 
&&&& PASSED TensorRT.trtexec [TensorRT v8001] # /usr/src/tensorrt/bin/trtexec --loadEngine=engines/tomato_yolov8n_cls_fp16.engine --warmUp=1000 --duration=20 --iterations=1000
[05/14/2026-04:12:28] [I] [TRT] [MemUsageChange] Init cuBLAS/cuBLASLt: CPU +0, GPU +0, now: CPU 623, GPU 3794 (MiB)
