RAM 2433/3964MB (lfb 2x4MB) SWAP 1861/1982MB (cached 3MB) CPU [11%@102,7%@102,7%@102,4%@102] EMC_FREQ 0% GR3D_FREQ 0% PLL@63.5C CPU@66C PMIC@50C GPU@66.5C AO@74.5C thermal@67.25C
RAM 2433/3964MB (lfb 2x4MB) SWAP 1861/1982MB (cached 3MB) CPU [11%@204,4%@204,4%@204,7%@204] EMC_FREQ 0% GR3D_FREQ 0% PLL@62.5C CPU@65C PMIC@50C GPU@65.5C AO@73.5C thermal@67.25C
RAM 2433/3964MB (lfb 2x4MB) SWAP 1861/1982MB (cached 3MB) CPU [4%@204,0%@204,0%@204,14%@204] EMC_FREQ 0% GR3D_FREQ 0% PLL@61.5C CPU@64.5C PMIC@50C GPU@64.5C AO@72.5C thermal@67.25C
RAM 2433/3964MB (lfb 2x4MB) SWAP 1861/1982MB (cached 3MB) CPU [8%@102,7%@102,7%@102,0%@102] EMC_FREQ 0% GR3D_FREQ 0% PLL@61C CPU@63.5C PMIC@50C GPU@64C AO@72C thermal@67.25C
RAM 2433/3964MB (lfb 2x4MB) SWAP 1861/1982MB (cached 3MB) CPU [18%@102,8%@102,8%@102,8%@102] EMC_FREQ 0% GR3D_FREQ 0% PLL@60.5C CPU@62.5C PMIC@50C GPU@63C AO@71.5C thermal@63.25C
RAM 2433/3964MB (lfb 2x4MB) SWAP 1861/1982MB (cached 3MB) CPU [15%@102,8%@102,0%@102,0%@102] EMC_FREQ 0% GR3D_FREQ 0% PLL@59.5C CPU@62C PMIC@50C GPU@62.5C AO@70.5C thermal@63.25C
RAM 2433/3964MB (lfb 2x4MB) SWAP 1861/1982MB (cached 3MB) CPU [4%@102,3%@102,0%@102,18%@102] EMC_FREQ 0% GR3D_FREQ 0% PLL@59.5C CPU@61.5C PMIC@50C GPU@62C AO@70C thermal@63.25C
RAM 2433/3964MB (lfb 2x4MB) SWAP 1861/1982MB (cached 3MB) CPU [20%@102,8%@102,11%@102,8%@102] EMC_FREQ 0% GR3D_FREQ 0% PLL@58.5C CPU@62C PMIC@50C GPU@62C AO@70C thermal@63.25C
RAM 2485/3964MB (lfb 2x4MB) SWAP 1861/1982MB (cached 3MB) CPU [19%@1479,8%@1479,54%@1479,37%@1479] EMC_FREQ 0% GR3D_FREQ 2% PLL@60.5C CPU@63C PMIC@50C GPU@62.5C AO@70.5C thermal@63.25C
RAM 2540/3964MB (lfb 2x4MB) SWAP 1861/1982MB (cached 3MB) CPU [15%@1479,0%@1479,4%@1479,92%@1479] EMC_FREQ 0% GR3D_FREQ 0% PLL@61C CPU@63C PMIC@50C GPU@62.5C AO@70.5C thermal@62.75C
RAM 2559/3964MB (lfb 2x4MB) SWAP 1861/1982MB (cached 3MB) CPU [100%@1479,11%@1479,11%@1479,8%@1479] EMC_FREQ 0% GR3D_FREQ 2% PLL@61C CPU@66.5C PMIC@50C GPU@63C AO@71.5C thermal@62.75C
RAM 2603/3964MB (lfb 2x4MB) SWAP 1861/1982MB (cached 3MB) CPU [100%@1479,8%@1479,4%@1479,11%@1479] EMC_FREQ 0% GR3D_FREQ 2% PLL@61C CPU@67C PMIC@50C GPU@63C AO@72C thermal@62.75C
RAM 2656/3964MB (lfb 2x4MB) SWAP 1861/1982MB (cached 3MB) CPU [65%@1479,44%@1479,0%@1479,4%@1479] EMC_FREQ 0% GR3D_FREQ 2% PLL@61.5C CPU@65.5C PMIC@50C GPU@63C AO@71.5C thermal@62.75C
RAM 2682/3964MB (lfb 2x4MB) SWAP 1861/1982MB (cached 3MB) CPU [16%@1479,96%@1479,8%@1479,4%@1479] EMC_FREQ 0% GR3D_FREQ 3% PLL@61.5C CPU@66C PMIC@50C GPU@63C AO@71C thermal@64.25C
RAM 2724/3964MB (lfb 2x4MB) SWAP 1861/1982MB (cached 3MB) CPU [12%@1479,96%@1479,4%@1479,8%@1479] EMC_FREQ 0% GR3D_FREQ 2% PLL@61.5C CPU@66C PMIC@50C GPU@63C AO@71.5C thermal@64.25C
RAM 2764/3964MB (lfb 2x4MB) SWAP 1861/1982MB (cached 3MB) CPU [13%@1479,91%@1479,11%@1479,4%@1479] EMC_FREQ 0% GR3D_FREQ 3% PLL@61.5C CPU@66C PMIC@50C GPU@63C AO@71C thermal@64.25C
RAM 2808/3964MB (lfb 2x4MB) SWAP 1861/1982MB (cached 3MB) CPU [26%@1479,52%@1479,46%@1479,33%@1479] EMC_FREQ 0% GR3D_FREQ 1% PLL@61.5C CPU@64.5C PMIC@50C GPU@63C AO@71C thermal@64.25C
RAM 2847/3964MB (lfb 2x4MB) SWAP 1861/1982MB (cached 3MB) CPU [60%@1479,24%@1479,25%@1479,56%@1479] EMC_FREQ 0% GR3D_FREQ 0% PLL@61.5C CPU@64.5C PMIC@50C GPU@63C AO@71C thermal@64.25C
RAM 2882/3964MB (lfb 1x4MB) SWAP 1861/1982MB (cached 3MB) CPU [50%@1479,64%@1479,25%@1479,77%@1479] EMC_FREQ 0% GR3D_FREQ 1% PLL@62C CPU@65.5C PMIC@50C GPU@62C AO@71C thermal@63.75C
RAM 2929/3964MB (lfb 16x1MB) SWAP 1861/1982MB (cached 3MB) CPU [29%@1479,64%@1479,20%@1479,96%@1479] EMC_FREQ 0% GR3D_FREQ 4% PLL@62C CPU@65C PMIC@50C GPU@62C AO@71C thermal@63.75C
RAM 2953/3964MB (lfb 9x1MB) SWAP 1861/1982MB (cached 3MB) CPU [38%@1479,19%@1479,79%@1479,96%@1479] EMC_FREQ 0% GR3D_FREQ 6% PLL@62C CPU@64.5C PMIC@50C GPU@62.5C AO@71C thermal@63.75C
RAM 2987/3964MB (lfb 8x1MB) SWAP 1861/1982MB (cached 3MB) CPU [22%@1479,100%@1479,11%@1479,43%@1479] EMC_FREQ 0% GR3D_FREQ 24% PLL@61C CPU@66.5C PMIC@50C GPU@61.5C AO@71C thermal@63.75C
RAM 3014/3964MB (lfb 8x1MB) SWAP 1861/1982MB (cached 3MB) CPU [29%@1479,51%@1479,4%@1479,37%@1479] EMC_FREQ 0% GR3D_FREQ 3% PLL@61C CPU@64C PMIC@50C GPU@61.5C AO@70.5C thermal@63.5C
RAM 3050/3964MB (lfb 8x1MB) SWAP 1861/1982MB (cached 3MB) CPU [20%@921,8%@921,4%@921,87%@921] EMC_FREQ 0% GR3D_FREQ 17% PLL@61C CPU@62.5C PMIC@50C GPU@61.5C AO@70C thermal@63.5C
RAM 3064/3964MB (lfb 1x2MB) SWAP 1861/1982MB (cached 3MB) CPU [16%@403,15%@403,20%@403,60%@403] EMC_FREQ 0% GR3D_FREQ 99% PLL@59.5C CPU@62.5C PMIC@50C GPU@61.5C AO@70C thermal@63.5C
RAM 3065/3964MB (lfb 1x2MB) SWAP 1861/1982MB (cached 3MB) CPU [15%@1479,68%@1479,16%@1479,33%@1479] EMC_FREQ 0% GR3D_FREQ 99% PLL@60.5C CPU@63.5C PMIC@50C GPU@64C AO@70.5C thermal@63.5C
RAM 3065/3964MB (lfb 1x2MB) SWAP 1861/1982MB (cached 3MB) CPU [8%@1479,100%@1479,19%@1479,8%@1479] EMC_FREQ 0% GR3D_FREQ 99% PLL@62C CPU@66C PMIC@50C GPU@66.5C AO@71.5C thermal@66.25C
RAM 3065/3964MB (lfb 1x2MB) SWAP 1861/1982MB (cached 3MB) CPU [8%@1479,100%@1479,16%@1479,13%@1479] EMC_FREQ 0% GR3D_FREQ 99% PLL@63.5C CPU@67.5C PMIC@50C GPU@67.5C AO@73C thermal@66.25C
RAM 3065/3964MB (lfb 1x2MB) SWAP 1861/1982MB (cached 3MB) CPU [28%@1479,77%@1479,12%@1479,19%@1479] EMC_FREQ 0% GR3D_FREQ 99% PLL@64C CPU@69C PMIC@50C GPU@69C AO@74C thermal@66.25C
RAM 3065/3964MB (lfb 1x2MB) SWAP 1861/1982MB (cached 3MB) CPU [50%@1428,21%@1428,20%@1428,32%@1428] EMC_FREQ 0% GR3D_FREQ 98% PLL@65C CPU@70.5C PMIC@50C GPU@70C AO@74.5C thermal@66.25C
RAM 3066/3964MB (lfb 1x2MB) SWAP 1861/1982MB (cached 3MB) CPU [36%@1479,20%@1479,37%@1479,27%@1479] EMC_FREQ 0% GR3D_FREQ 98% PLL@65.5C CPU@71C PMIC@50C GPU@70.5C AO@75C thermal@66.25C
RAM 3066/3964MB (lfb 1x2MB) SWAP 1861/1982MB (cached 3MB) CPU [96%@1479,4%@1479,12%@1479,16%@1479] EMC_FREQ 0% GR3D_FREQ 99% PLL@65.5C CPU@71C PMIC@50C GPU@70.5C AO@76C thermal@70.5C
RAM 3065/3964MB (lfb 1x2MB) SWAP 1861/1982MB (cached 3MB) CPU [100%@1479,4%@1479,15%@1479,15%@1479] EMC_FREQ 0% GR3D_FREQ 99% PLL@66C CPU@71C PMIC@50C GPU@71.5C AO@76.5C thermal@70.5C
RAM 3065/3964MB (lfb 1x2MB) SWAP 1861/1982MB (cached 3MB) CPU [47%@1479,25%@1479,40%@1479,16%@1479] EMC_FREQ 0% GR3D_FREQ 98% PLL@66.5C CPU@72C PMIC@50C GPU@72C AO@76.5C thermal@70.5C
RAM 3065/3964MB (lfb 1x2MB) SWAP 1861/1982MB (cached 3MB) CPU [32%@1479,9%@1479,58%@1479,20%@921] EMC_FREQ 0% GR3D_FREQ 98% PLL@67.5C CPU@73C PMIC@50C GPU@72.5C AO@77C thermal@70.5C
RAM 3065/3964MB (lfb 1x2MB) SWAP 1861/1982MB (cached 3MB) CPU [32%@1479,25%@1479,25%@1479,52%@1479] EMC_FREQ 0% GR3D_FREQ 98% PLL@67.5C CPU@73C PMIC@50C GPU@73C AO@77C thermal@73C
RAM 3065/3964MB (lfb 1x2MB) SWAP 1861/1982MB (cached 3MB) CPU [29%@1132,39%@1132,32%@1132,52%@1132] EMC_FREQ 0% GR3D_FREQ 98% PLL@68C CPU@73C PMIC@50C GPU@73C AO@77.5C thermal@73C
RAM 3065/3964MB (lfb 1x2MB) SWAP 1861/1982MB (cached 3MB) CPU [28%@1479,20%@1479,60%@1479,13%@1479] EMC_FREQ 0% GR3D_FREQ 98% PLL@68.5C CPU@74C PMIC@50C GPU@73.5C AO@78C thermal@73C
RAM 3065/3964MB (lfb 1x2MB) SWAP 1861/1982MB (cached 3MB) CPU [26%@1428,25%@1428,40%@1428,50%@1428] EMC_FREQ 0% GR3D_FREQ 98% PLL@68.5C CPU@74.5C PMIC@50C GPU@73.5C AO@78C thermal@73C
RAM 3065/3964MB (lfb 1x2MB) SWAP 1861/1982MB (cached 3MB) CPU [28%@1479,29%@1479,36%@1479,34%@1479] EMC_FREQ 0% GR3D_FREQ 98% PLL@69C CPU@74.5C PMIC@50C GPU@74C AO@78C thermal@73C
RAM 3065/3964MB (lfb 1x2MB) SWAP 1861/1982MB (cached 3MB) CPU [30%@1479,45%@1479,24%@1479,53%@1479] EMC_FREQ 0% GR3D_FREQ 99% PLL@69C CPU@74C PMIC@50C GPU@74.5C AO@79C thermal@74.25C
RAM 3065/3964MB (lfb 1x2MB) SWAP 1861/1982MB (cached 3MB) CPU [4%@1479,96%@1479,16%@1479,8%@1479] EMC_FREQ 0% GR3D_FREQ 99% PLL@69.5C CPU@74.5C PMIC@50C GPU@74.5C AO@79C thermal@74.25C
RAM 3065/3964MB (lfb 1x2MB) SWAP 1861/1982MB (cached 3MB) CPU [8%@1479,100%@1479,8%@1479,19%@1479] EMC_FREQ 0% GR3D_FREQ 99% PLL@70C CPU@75C PMIC@50C GPU@74.5C AO@79C thermal@74.25C
RAM 3065/3964MB (lfb 1x2MB) SWAP 1861/1982MB (cached 3MB) CPU [34%@1479,45%@1132,31%@1479,19%@1479] EMC_FREQ 0% GR3D_FREQ 98% PLL@70C CPU@75C PMIC@50C GPU@75C AO@79.5C thermal@74.25C
RAM 3065/3964MB (lfb 1x2MB) SWAP 1861/1982MB (cached 3MB) CPU [24%@825,26%@825,44%@825,34%@825] EMC_FREQ 0% GR3D_FREQ 99% PLL@70C CPU@76C PMIC@50C GPU@75C AO@79.5C thermal@75.5C
RAM 3065/3964MB (lfb 1x2MB) SWAP 1861/1982MB (cached 3MB) CPU [42%@1479,25%@1479,30%@1479,32%@1479] EMC_FREQ 0% GR3D_FREQ 98% PLL@70.5C CPU@75.5C PMIC@50C GPU@75C AO@80C thermal@75.5C
RAM 3065/3964MB (lfb 1x2MB) SWAP 1861/1982MB (cached 3MB) CPU [38%@1479,33%@1479,25%@1479,40%@1479] EMC_FREQ 0% GR3D_FREQ 98% PLL@71C CPU@76.5C PMIC@50C GPU@76C AO@80.5C thermal@75.5C
RAM 3065/3964MB (lfb 1x2MB) SWAP 1861/1982MB (cached 3MB) CPU [48%@1479,18%@1479,46%@1479,12%@1479] EMC_FREQ 0% GR3D_FREQ 98% PLL@71C CPU@76.5C PMIC@50C GPU@76C AO@80.5C thermal@75.5C
RAM 3065/3964MB (lfb 1x2MB) SWAP 1861/1982MB (cached 3MB) CPU [32%@1479,26%@1479,40%@1479,23%@1479] EMC_FREQ 0% GR3D_FREQ 98% PLL@71.5C CPU@76.5C PMIC@50C GPU@76C AO@80.5C thermal@75.5C
RAM 3065/3964MB (lfb 1x2MB) SWAP 1861/1982MB (cached 3MB) CPU [40%@1479,14%@1479,33%@1479,25%@1479] EMC_FREQ 0% GR3D_FREQ 98% PLL@71.5C CPU@77.5C PMIC@50C GPU@76C AO@81C thermal@76.25C
RAM 3065/3964MB (lfb 1x2MB) SWAP 1861/1982MB (cached 3MB) CPU [65%@1479,25%@1479,20%@1479,29%@1479] EMC_FREQ 0% GR3D_FREQ 98% PLL@72C CPU@77.5C PMIC@50C GPU@76.5C AO@81.5C thermal@76.25C
RAM 3065/3964MB (lfb 1x2MB) SWAP 1861/1982MB (cached 3MB) CPU [26%@1224,28%@1224,37%@1224,37%@1224] EMC_FREQ 0% GR3D_FREQ 98% PLL@72C CPU@77.5C PMIC@50C GPU@77C AO@81C thermal@76.25C
RAM 3065/3964MB (lfb 1x2MB) SWAP 1861/1982MB (cached 3MB) CPU [28%@1479,22%@1479,39%@1479,36%@1479] EMC_FREQ 0% GR3D_FREQ 98% PLL@72C CPU@78C PMIC@50C GPU@77C AO@81C thermal@76.25C
RAM 3065/3964MB (lfb 1x2MB) SWAP 1861/1982MB (cached 3MB) CPU [33%@1224,20%@1224,60%@1224,20%@1224] EMC_FREQ 0% GR3D_FREQ 98% PLL@72C CPU@78.5C PMIC@50C GPU@77.5C AO@81.5C thermal@77.75C
RAM 3065/3964MB (lfb 1x2MB) SWAP 1861/1982MB (cached 3MB) CPU [43%@1479,30%@1479,41%@1479,16%@1479] EMC_FREQ 0% GR3D_FREQ 98% PLL@72.5C CPU@78.5C PMIC@50C GPU@77.5C AO@82C thermal@77.75C
RAM 3065/3964MB (lfb 1x2MB) SWAP 1861/1982MB (cached 3MB) CPU [50%@1479,25%@1479,21%@1479,30%@1479] EMC_FREQ 0% GR3D_FREQ 99% PLL@72.5C CPU@78.5C PMIC@50C GPU@77.5C AO@82C thermal@77.75C
RAM 3065/3964MB (lfb 1x2MB) SWAP 1861/1982MB (cached 3MB) CPU [59%@1479,20%@1479,13%@1479,20%@1479] EMC_FREQ 0% GR3D_FREQ 99% PLL@73C CPU@78.5C PMIC@50C GPU@78C AO@82.5C thermal@77.75C
RAM 3065/3964MB (lfb 1x2MB) SWAP 1861/1982MB (cached 3MB) CPU [42%@1326,18%@1326,42%@1326,9%@1326] EMC_FREQ 0% GR3D_FREQ 98% PLL@73.5C CPU@79C PMIC@50C GPU@78C AO@82.5C thermal@77.75C
RAM 3065/3964MB (lfb 1x2MB) SWAP 1861/1982MB (cached 3MB) CPU [32%@921,28%@921,24%@921,66%@921] EMC_FREQ 0% GR3D_FREQ 99% PLL@73C CPU@79C PMIC@50C GPU@78.5C AO@82.5C thermal@78.5C
RAM 3065/3964MB (lfb 1x2MB) SWAP 1861/1982MB (cached 3MB) CPU [40%@1326,21%@1326,26%@1326,37%@1326] EMC_FREQ 0% GR3D_FREQ 98% PLL@73.5C CPU@79C PMIC@50C GPU@78.5C AO@83C thermal@78.5C
RAM 3065/3964MB (lfb 1x2MB) SWAP 1861/1982MB (cached 3MB) CPU [52%@1479,29%@1479,21%@1479,32%@1479] EMC_FREQ 0% GR3D_FREQ 99% PLL@73.5C CPU@79.5C PMIC@50C GPU@78.5C AO@83C thermal@78.5C
RAM 3066/3964MB (lfb 1x2MB) SWAP 1861/1982MB (cached 3MB) CPU [100%@1479,0%@1479,22%@1479,16%@1479] EMC_FREQ 0% GR3D_FREQ 99% PLL@73C CPU@79.5C PMIC@50C GPU@78.5C AO@83C thermal@78.5C
RAM 3066/3964MB (lfb 1x2MB) SWAP 1861/1982MB (cached 3MB) CPU [95%@1479,4%@1479,13%@1479,23%@1479] EMC_FREQ 0% GR3D_FREQ 99% PLL@73C CPU@79.5C PMIC@50C GPU@78.5C AO@83.5C thermal@78.75C
RAM 3066/3964MB (lfb 1x2MB) SWAP 1861/1982MB (cached 3MB) CPU [29%@1479,12%@1479,53%@1479,25%@1479] EMC_FREQ 0% GR3D_FREQ 98% PLL@73.5C CPU@80C PMIC@50C GPU@78.5C AO@83.5C thermal@78.75C
RAM 3065/3964MB (lfb 1x2MB) SWAP 1861/1982MB (cached 3MB) CPU [37%@1479,20%@1479,77%@1479,16%@1479] EMC_FREQ 0% GR3D_FREQ 98% PLL@73.5C CPU@80C PMIC@50C GPU@79C AO@83.5C thermal@78.75C
RAM 3065/3964MB (lfb 1x2MB) SWAP 1861/1982MB (cached 3MB) CPU [26%@1326,28%@1326,45%@1326,40%@1326] EMC_FREQ 0% GR3D_FREQ 98% PLL@73.5C CPU@80C PMIC@50C GPU@79C AO@83.5C thermal@78.75C
RAM 3065/3964MB (lfb 1x2MB) SWAP 1861/1982MB (cached 3MB) CPU [29%@710,21%@710,69%@710,21%@614] EMC_FREQ 0% GR3D_FREQ 99% PLL@74C CPU@80.5C PMIC@50C GPU@79C AO@83.5C thermal@78.75C
RAM 3065/3964MB (lfb 1x2MB) SWAP 1861/1982MB (cached 3MB) CPU [33%@921,24%@921,26%@921,58%@921] EMC_FREQ 0% GR3D_FREQ 98% PLL@74.5C CPU@80C PMIC@50C GPU@79C AO@83.5C thermal@79.75C
RAM 3066/3964MB (lfb 1x2MB) SWAP 1861/1982MB (cached 3MB) CPU [19%@1326,33%@1326,32%@1326,38%@1326] EMC_FREQ 0% GR3D_FREQ 98% PLL@75C CPU@80.5C PMIC@50C GPU@79.5C AO@84C thermal@79.75C
RAM 3066/3964MB (lfb 1x2MB) SWAP 1861/1982MB (cached 3MB) CPU [28%@1479,47%@1479,30%@1479,16%@1479] EMC_FREQ 0% GR3D_FREQ 98% PLL@75C CPU@80.5C PMIC@50C GPU@79.5C AO@84C thermal@79.75C
RAM 3065/3964MB (lfb 1x2MB) SWAP 1861/1982MB (cached 3MB) CPU [29%@1479,18%@1036,37%@1036,50%@1036] EMC_FREQ 0% GR3D_FREQ 98% PLL@75C CPU@80.5C PMIC@50C GPU@79.5C AO@84.5C thermal@79.75C
RAM 3065/3964MB (lfb 1x2MB) SWAP 1861/1982MB (cached 3MB) CPU [29%@1479,20%@1479,12%@1479,76%@1479] EMC_FREQ 0% GR3D_FREQ 98% PLL@75C CPU@80.5C PMIC@50C GPU@80C AO@84C thermal@80.25C
RAM 3065/3964MB (lfb 1x2MB) SWAP 1861/1982MB (cached 3MB) CPU [25%@1479,50%@1479,20%@1479,33%@1479] EMC_FREQ 0% GR3D_FREQ 98% PLL@75C CPU@81C PMIC@50C GPU@80C AO@84.5C thermal@80.25C
RAM 3065/3964MB (lfb 1x2MB) SWAP 1861/1982MB (cached 3MB) CPU [29%@1132,45%@1132,26%@1132,24%@1132] EMC_FREQ 0% GR3D_FREQ 98% PLL@75C CPU@81C PMIC@50C GPU@80.5C AO@84.5C thermal@80.25C
RAM 3065/3964MB (lfb 1x2MB) SWAP 1861/1982MB (cached 3MB) CPU [32%@1224,25%@1224,76%@1224,26%@1224] EMC_FREQ 0% GR3D_FREQ 98% PLL@75C CPU@81.5C PMIC@50C GPU@80.5C AO@84.5C thermal@80.25C
RAM 3065/3964MB (lfb 1x2MB) SWAP 1861/1982MB (cached 3MB) CPU [22%@1479,32%@1479,48%@1479,30%@1479] EMC_FREQ 0% GR3D_FREQ 98% PLL@75.5C CPU@81.5C PMIC@50C GPU@81C AO@84.5C thermal@81C
RAM 3065/3964MB (lfb 1x2MB) SWAP 1861/1982MB (cached 3MB) CPU [28%@1132,45%@1132,17%@1132,14%@1132] EMC_FREQ 0% GR3D_FREQ 98% PLL@75.5C CPU@81.5C PMIC@50C GPU@81C AO@85C thermal@81C
RAM 3065/3964MB (lfb 1x2MB) SWAP 1861/1982MB (cached 3MB) CPU [29%@1479,16%@1479,62%@1479,26%@1479] EMC_FREQ 0% GR3D_FREQ 98% PLL@75.5C CPU@81.5C PMIC@50C GPU@81C AO@85C thermal@81C
RAM 3065/3964MB (lfb 1x2MB) SWAP 1861/1982MB (cached 3MB) CPU [22%@1224,24%@1224,25%@1224,69%@1224] EMC_FREQ 0% GR3D_FREQ 98% PLL@75.5C CPU@81.5C PMIC@50C GPU@81C AO@85C thermal@81C
RAM 3065/3964MB (lfb 1x2MB) SWAP 1861/1982MB (cached 3MB) CPU [35%@1479,40%@1479,28%@1479,30%@1479] EMC_FREQ 0% GR3D_FREQ 98% PLL@76C CPU@82C PMIC@50C GPU@81C AO@85.5C thermal@81C
RAM 3065/3964MB (lfb 1x2MB) SWAP 1861/1982MB (cached 3MB) CPU [22%@1132,24%@1132,29%@1132,53%@1132] EMC_FREQ 0% GR3D_FREQ 98% PLL@76C CPU@82C PMIC@50C GPU@81C AO@85.5C thermal@81.5C
RAM 3065/3964MB (lfb 1x2MB) SWAP 1861/1982MB (cached 3MB) CPU [32%@1479,38%@1479,46%@1479,17%@1479] EMC_FREQ 0% GR3D_FREQ 98% PLL@76C CPU@82C PMIC@50C GPU@81.5C AO@86C thermal@81.5C
RAM 3065/3964MB (lfb 1x2MB) SWAP 1861/1982MB (cached 3MB) CPU [22%@1479,34%@1479,40%@1479,30%@1479] EMC_FREQ 0% GR3D_FREQ 98% PLL@76C CPU@82.5C PMIC@50C GPU@81.5C AO@85.5C thermal@81.5C
RAM 3065/3964MB (lfb 1x2MB) SWAP 1861/1982MB (cached 3MB) CPU [26%@1479,30%@1479,13%@1479,48%@1479] EMC_FREQ 0% GR3D_FREQ 98% PLL@76.5C CPU@82.5C PMIC@50C GPU@81.5C AO@85.5C thermal@81.5C
RAM 3065/3964MB (lfb 1x2MB) SWAP 1861/1982MB (cached 3MB) CPU [21%@1326,20%@1326,40%@1326,56%@1326] EMC_FREQ 0% GR3D_FREQ 98% PLL@76C CPU@82.5C PMIC@50C GPU@81.5C AO@86C thermal@82.25C
RAM 3065/3964MB (lfb 1x2MB) SWAP 1861/1982MB (cached 3MB) CPU [22%@1132,17%@1132,42%@1132,47%@1132] EMC_FREQ 0% GR3D_FREQ 98% PLL@76.5C CPU@83C PMIC@50C GPU@81.5C AO@86C thermal@82.25C
RAM 3065/3964MB (lfb 1x2MB) SWAP 1861/1982MB (cached 3MB) CPU [33%@1224,30%@1224,33%@1224,48%@1224] EMC_FREQ 0% GR3D_FREQ 98% PLL@76.5C CPU@82.5C PMIC@50C GPU@82C AO@86.5C thermal@82.25C
RAM 3066/3964MB (lfb 1x2MB) SWAP 1861/1982MB (cached 3MB) CPU [33%@921,44%@1479,33%@1479,21%@1479] EMC_FREQ 0% GR3D_FREQ 98% PLL@76.5C CPU@83C PMIC@50C GPU@82C AO@86.5C thermal@82.25C
RAM 3065/3964MB (lfb 1x2MB) SWAP 1861/1982MB (cached 3MB) CPU [28%@1132,42%@1132,28%@1132,45%@1132] EMC_FREQ 0% GR3D_FREQ 98% PLL@77C CPU@83C PMIC@50C GPU@82C AO@86.5C thermal@82.25C
RAM 3066/3964MB (lfb 1x2MB) SWAP 1861/1982MB (cached 3MB) CPU [18%@1479,40%@1479,20%@1479,40%@1479] EMC_FREQ 0% GR3D_FREQ 98% PLL@77C CPU@83C PMIC@50C GPU@82.5C AO@86.5C thermal@82.25C
RAM 3066/3964MB (lfb 1x2MB) SWAP 1861/1982MB (cached 3MB) CPU [33%@1326,48%@1326,25%@1326,5%@1326] EMC_FREQ 0% GR3D_FREQ 98% PLL@77C CPU@83C PMIC@50C GPU@82.5C AO@87C thermal@82.25C
RAM 3066/3964MB (lfb 1x2MB) SWAP 1861/1982MB (cached 3MB) CPU [21%@1479,50%@1479,30%@1479,13%@1479] EMC_FREQ 0% GR3D_FREQ 98% PLL@77C CPU@83C PMIC@50C GPU@82.5C AO@87C thermal@82.25C
RAM 3066/3964MB (lfb 1x2MB) SWAP 1861/1982MB (cached 3MB) CPU [32%@1132,16%@1132,56%@1132,25%@1132] EMC_FREQ 0% GR3D_FREQ 98% PLL@77C CPU@84C PMIC@50C GPU@82.5C AO@87C thermal@82.25C
RAM 3066/3964MB (lfb 1x2MB) SWAP 1861/1982MB (cached 3MB) CPU [30%@1479,50%@1479,30%@1479,19%@710] EMC_FREQ 0% GR3D_FREQ 99% PLL@77.5C CPU@83.5C PMIC@50C GPU@83C AO@87C thermal@83C
RAM 3066/3964MB (lfb 1x2MB) SWAP 1861/1982MB (cached 3MB) CPU [29%@1428,33%@1428,39%@1428,25%@1428] EMC_FREQ 0% GR3D_FREQ 98% PLL@77.5C CPU@83.5C PMIC@50C GPU@83C AO@87.5C thermal@83C
RAM 3066/3964MB (lfb 1x2MB) SWAP 1861/1982MB (cached 3MB) CPU [29%@1479,17%@1479,50%@1479,34%@1479] EMC_FREQ 0% GR3D_FREQ 98% PLL@77.5C CPU@84C PMIC@50C GPU@83C AO@87.5C thermal@83C
RAM 3066/3964MB (lfb 1x2MB) SWAP 1861/1982MB (cached 3MB) CPU [28%@825,32%@825,56%@825,22%@825] EMC_FREQ 0% GR3D_FREQ 98% PLL@77.5C CPU@84C PMIC@50C GPU@83C AO@87.5C thermal@83C
RAM 3066/3964MB (lfb 1x2MB) SWAP 1861/1982MB (cached 3MB) CPU [26%@1479,13%@1479,65%@1479,27%@1479] EMC_FREQ 0% GR3D_FREQ 98% PLL@77.5C CPU@84.5C PMIC@50C GPU@83C AO@87.5C thermal@83C
RAM 3066/3964MB (lfb 1x2MB) SWAP 1861/1982MB (cached 3MB) CPU [37%@1132,34%@1132,52%@1132,25%@1132] EMC_FREQ 0% GR3D_FREQ 98% PLL@77.5C CPU@84.5C PMIC@50C GPU@83C AO@87.5C thermal@83.5C
RAM 3066/3964MB (lfb 1x2MB) SWAP 1861/1982MB (cached 3MB) CPU [32%@825,24%@825,53%@825,36%@825] EMC_FREQ 0% GR3D_FREQ 98% PLL@78C CPU@84C PMIC@50C GPU@83C AO@88C thermal@83.5C
RAM 3066/3964MB (lfb 1x2MB) SWAP 1861/1982MB (cached 3MB) CPU [21%@1479,36%@1479,42%@1479,33%@1479] EMC_FREQ 0% GR3D_FREQ 98% PLL@78C CPU@84.5C PMIC@50C GPU@83.5C AO@87.5C thermal@83.5C
RAM 3066/3964MB (lfb 1x2MB) SWAP 1861/1982MB (cached 3MB) CPU [26%@1479,16%@1479,56%@1479,36%@1479] EMC_FREQ 0% GR3D_FREQ 98% PLL@78C CPU@84.5C PMIC@50C GPU@83.5C AO@88C thermal@83.5C
RAM 3066/3964MB (lfb 1x2MB) SWAP 1861/1982MB (cached 3MB) CPU [34%@1428,13%@1428,43%@1428,48%@1428] EMC_FREQ 0% GR3D_FREQ 98% PLL@78C CPU@84.5C PMIC@50C GPU@83C AO@88C thermal@83.75C
RAM 3066/3964MB (lfb 1x2MB) SWAP 1861/1982MB (cached 3MB) CPU [22%@1326,40%@1326,36%@1036,21%@1036] EMC_FREQ 0% GR3D_FREQ 98% PLL@78C CPU@84.5C PMIC@50C GPU@83.5C AO@88C thermal@83.75C
RAM 3066/3964MB (lfb 1x2MB) SWAP 1861/1982MB (cached 3MB) CPU [12%@1479,72%@1479,30%@1479,30%@1479] EMC_FREQ 0% GR3D_FREQ 99% PLL@78C CPU@84.5C PMIC@50C GPU@83.5C AO@88C thermal@83.75C
RAM 3066/3964MB (lfb 1x2MB) SWAP 1861/1982MB (cached 3MB) CPU [12%@1479,92%@1479,9%@1479,16%@1479] EMC_FREQ 0% GR3D_FREQ 99% PLL@78C CPU@84.5C PMIC@50C GPU@83.5C AO@88C thermal@83.75C
RAM 3065/3964MB (lfb 1x2MB) SWAP 1861/1982MB (cached 3MB) CPU [16%@1479,76%@1479,25%@1479,13%@1479] EMC_FREQ 0% GR3D_FREQ 98% PLL@78.5C CPU@85.5C PMIC@50C GPU@83.5C AO@88C thermal@83.75C
RAM 3065/3964MB (lfb 1x2MB) SWAP 1861/1982MB (cached 3MB) CPU [32%@1428,25%@1428,32%@1428,40%@1428] EMC_FREQ 0% GR3D_FREQ 98% PLL@78.5C CPU@85C PMIC@50C GPU@84C AO@88.5C thermal@84C
RAM 3057/3964MB (lfb 1x2MB) SWAP 1861/1982MB (cached 3MB) CPU [4%@1479,8%@1479,87%@1479,12%@1479] EMC_FREQ 0% GR3D_FREQ 0% PLL@77C CPU@81C PMIC@50C GPU@80C AO@87C thermal@84C
