RAM 2464/3964MB (lfb 2x4MB) SWAP 1835/1982MB (cached 4MB) CPU [3%@102,0%@102,4%@102,4%@102] EMC_FREQ 0% GR3D_FREQ 0% PLL@44.5C CPU@47.5C PMIC@50C GPU@46.5C AO@54.5C thermal@49C
RAM 2464/3964MB (lfb 2x4MB) SWAP 1835/1982MB (cached 4MB) CPU [3%@102,0%@102,0%@102,0%@102] EMC_FREQ 0% GR3D_FREQ 0% PLL@44C CPU@46.5C PMIC@50C GPU@46C AO@54.5C thermal@49C
RAM 2464/3964MB (lfb 2x4MB) SWAP 1835/1982MB (cached 4MB) CPU [0%@102,0%@102,3%@102,0%@102] EMC_FREQ 0% GR3D_FREQ 0% PLL@44C CPU@46.5C PMIC@50C GPU@46C AO@54C thermal@49C
RAM 2464/3964MB (lfb 2x4MB) SWAP 1835/1982MB (cached 4MB) CPU [10%@102,0%@102,4%@102,0%@102] EMC_FREQ 0% GR3D_FREQ 0% PLL@44C CPU@46.5C PMIC@50C GPU@46C AO@54C thermal@46.25C
RAM 2464/3964MB (lfb 2x4MB) SWAP 1835/1982MB (cached 4MB) CPU [3%@102,0%@102,3%@102,0%@102] EMC_FREQ 0% GR3D_FREQ 0% PLL@43.5C CPU@46.5C PMIC@50C GPU@46C AO@54C thermal@46.25C
RAM 2464/3964MB (lfb 2x4MB) SWAP 1835/1982MB (cached 4MB) CPU [4%@102,0%@102,0%@102,0%@102] EMC_FREQ 0% GR3D_FREQ 0% PLL@44C CPU@46.5C PMIC@50C GPU@46C AO@54C thermal@46.25C
RAM 2464/3964MB (lfb 2x4MB) SWAP 1835/1982MB (cached 4MB) CPU [10%@102,0%@102,3%@102,3%@102] EMC_FREQ 0% GR3D_FREQ 0% PLL@44C CPU@46.5C PMIC@50C GPU@46C AO@54C thermal@46.25C
RAM 2464/3964MB (lfb 2x4MB) SWAP 1835/1982MB (cached 4MB) CPU [20%@204,11%@204,4%@204,14%@204] EMC_FREQ 0% GR3D_FREQ 0% PLL@44C CPU@47C PMIC@50C GPU@46C AO@54C thermal@46.25C
RAM 2498/3964MB (lfb 2x4MB) SWAP 1835/1982MB (cached 4MB) CPU [69%@1224,0%@1224,23%@1224,8%@1224] EMC_FREQ 0% GR3D_FREQ 0% PLL@44.5C CPU@48C PMIC@50C GPU@46.5C AO@54.5C thermal@46.75C
RAM 2509/3964MB (lfb 2x4MB) SWAP 1835/1982MB (cached 4MB) CPU [51%@403,4%@403,23%@403,4%@403] EMC_FREQ 0% GR3D_FREQ 0% PLL@45C CPU@48C PMIC@50C GPU@47C AO@55C thermal@46.75C
RAM 2531/3964MB (lfb 2x4MB) SWAP 1835/1982MB (cached 4MB) CPU [53%@1479,7%@1479,13%@1479,12%@1479] EMC_FREQ 0% GR3D_FREQ 13% PLL@45.5C CPU@49.5C PMIC@50C GPU@47.5C AO@55.5C thermal@46.75C
RAM 2556/3964MB (lfb 2x4MB) SWAP 1835/1982MB (cached 4MB) CPU [52%@1479,4%@1479,36%@1479,4%@1479] EMC_FREQ 0% GR3D_FREQ 11% PLL@45.5C CPU@49.5C PMIC@50C GPU@48C AO@55.5C thermal@46.75C
RAM 2580/3964MB (lfb 2x4MB) SWAP 1835/1982MB (cached 4MB) CPU [48%@1224,20%@1224,20%@1224,4%@1224] EMC_FREQ 0% GR3D_FREQ 35% PLL@46.5C CPU@51C PMIC@50C GPU@48C AO@56C thermal@49.5C
RAM 2605/3964MB (lfb 2x4MB) SWAP 1835/1982MB (cached 4MB) CPU [44%@1479,13%@1479,30%@1479,11%@1479] EMC_FREQ 0% GR3D_FREQ 35% PLL@46.5C CPU@50.5C PMIC@50C GPU@48.5C AO@56.5C thermal@49.5C
RAM 2640/3964MB (lfb 2x4MB) SWAP 1835/1982MB (cached 4MB) CPU [29%@1479,12%@1479,52%@1479,11%@1479] EMC_FREQ 0% GR3D_FREQ 25% PLL@47C CPU@49.5C PMIC@50C GPU@49C AO@56.5C thermal@49.5C
RAM 2654/3964MB (lfb 2x4MB) SWAP 1835/1982MB (cached 4MB) CPU [54%@1479,4%@1479,36%@1479,8%@1479] EMC_FREQ 0% GR3D_FREQ 18% PLL@47C CPU@51C PMIC@50C GPU@49C AO@57C thermal@49.5C
RAM 2689/3964MB (lfb 2x4MB) SWAP 1835/1982MB (cached 4MB) CPU [20%@1428,34%@1428,44%@1428,8%@1428] EMC_FREQ 0% GR3D_FREQ 53% PLL@47.5C CPU@51C PMIC@50C GPU@49.5C AO@57.5C thermal@49.5C
RAM 2701/3964MB (lfb 2x4MB) SWAP 1835/1982MB (cached 4MB) CPU [19%@1479,8%@1479,54%@1479,33%@1479] EMC_FREQ 0% GR3D_FREQ 0% PLL@47.5C CPU@50.5C PMIC@50C GPU@49C AO@57C thermal@50.25C
RAM 2722/3964MB (lfb 2x4MB) SWAP 1835/1982MB (cached 4MB) CPU [17%@1479,76%@1479,15%@1479,12%@1479] EMC_FREQ 0% GR3D_FREQ 27% PLL@48C CPU@52C PMIC@50C GPU@49C AO@57.5C thermal@50.25C
RAM 2747/3964MB (lfb 2x4MB) SWAP 1835/1982MB (cached 4MB) CPU [12%@1479,73%@1479,12%@1479,4%@1479] EMC_FREQ 0% GR3D_FREQ 27% PLL@48C CPU@52C PMIC@50C GPU@49C AO@57.5C thermal@50.25C
RAM 2777/3964MB (lfb 2x4MB) SWAP 1835/1982MB (cached 4MB) CPU [42%@1479,70%@1479,8%@1479,11%@1479] EMC_FREQ 0% GR3D_FREQ 31% PLL@48.5C CPU@52.5C PMIC@50C GPU@49.5C AO@58C thermal@50.25C
RAM 2806/3964MB (lfb 2x4MB) SWAP 1835/1982MB (cached 4MB) CPU [13%@1479,84%@1479,11%@1479,8%@1479] EMC_FREQ 0% GR3D_FREQ 28% PLL@48.5C CPU@53C PMIC@50C GPU@49.5C AO@58C thermal@51C
RAM 2850/3964MB (lfb 2x4MB) SWAP 1835/1982MB (cached 4MB) CPU [13%@1479,91%@1479,4%@1479,15%@1479] EMC_FREQ 0% GR3D_FREQ 51% PLL@48.5C CPU@53.5C PMIC@50C GPU@49.5C AO@57.5C thermal@51C
RAM 2885/3964MB (lfb 1x4MB) SWAP 1835/1982MB (cached 4MB) CPU [16%@1479,88%@1479,4%@1479,4%@1479] EMC_FREQ 0% GR3D_FREQ 53% PLL@48.5C CPU@53.5C PMIC@50C GPU@49.5C AO@58C thermal@51C
RAM 2913/3964MB (lfb 1x4MB) SWAP 1835/1982MB (cached 4MB) CPU [20%@825,62%@825,26%@825,15%@825] EMC_FREQ 0% GR3D_FREQ 56% PLL@49C CPU@53.5C PMIC@50C GPU@50C AO@58C thermal@51C
RAM 2946/3964MB (lfb 2x2MB) SWAP 1835/1982MB (cached 4MB) CPU [17%@1479,82%@1479,8%@1479,4%@1479] EMC_FREQ 0% GR3D_FREQ 11% PLL@48.5C CPU@53.5C PMIC@50C GPU@50C AO@58C thermal@51C
RAM 3006/3964MB (lfb 9x1MB) SWAP 1835/1982MB (cached 4MB) CPU [68%@1479,0%@1479,8%@1479,32%@1479] EMC_FREQ 0% GR3D_FREQ 0% PLL@48.5C CPU@53C PMIC@50C GPU@50C AO@58.5C thermal@51.75C
RAM 3013/3964MB (lfb 9x1MB) SWAP 1835/1982MB (cached 4MB) CPU [40%@1479,76%@1479,8%@1479,4%@1479] EMC_FREQ 0% GR3D_FREQ 0% PLL@49C CPU@53.5C PMIC@50C GPU@50C AO@58.5C thermal@51.75C
RAM 3025/3964MB (lfb 9x1MB) SWAP 1835/1982MB (cached 4MB) CPU [56%@1479,41%@1479,15%@1479,16%@1479] EMC_FREQ 0% GR3D_FREQ 0% PLL@49C CPU@53.5C PMIC@50C GPU@50.5C AO@59C thermal@51.75C
RAM 3064/3964MB (lfb 9x1MB) SWAP 1835/1982MB (cached 4MB) CPU [37%@1479,61%@1479,4%@1479,4%@1479] EMC_FREQ 0% GR3D_FREQ 0% PLL@49C CPU@53C PMIC@50C GPU@50C AO@58.5C thermal@51.75C
RAM 3088/3964MB (lfb 9x1MB) SWAP 1835/1982MB (cached 4MB) CPU [20%@1479,91%@1479,8%@1479,12%@1479] EMC_FREQ 0% GR3D_FREQ 43% PLL@49C CPU@54C PMIC@50C GPU@50C AO@58.5C thermal@52.25C
RAM 3101/3964MB (lfb 9x1MB) SWAP 1835/1982MB (cached 4MB) CPU [20%@1036,65%@1036,12%@1036,8%@1036] EMC_FREQ 0% GR3D_FREQ 99% PLL@49C CPU@52.5C PMIC@50C GPU@50C AO@58.5C thermal@52.25C
RAM 3118/3964MB (lfb 8x1MB) SWAP 1835/1982MB (cached 4MB) CPU [16%@1036,4%@1036,29%@1036,29%@1036] EMC_FREQ 0% GR3D_FREQ 12% PLL@49C CPU@52C PMIC@50C GPU@50C AO@58C thermal@52.25C
RAM 3155/3964MB (lfb 1x512kB) SWAP 1835/1982MB (cached 4MB) CPU [16%@1479,12%@1479,60%@1479,4%@1479] EMC_FREQ 0% GR3D_FREQ 39% PLL@49C CPU@51C PMIC@50C GPU@50.5C AO@58C thermal@52.25C
RAM 3139/3964MB (lfb 12x256kB) SWAP 1835/1982MB (cached 4MB) CPU [29%@1479,54%@1479,7%@1479,8%@1479] EMC_FREQ 0% GR3D_FREQ 48% PLL@49C CPU@53C PMIC@50C GPU@50C AO@58.5C thermal@51.75C
RAM 3150/3964MB (lfb 9x256kB) SWAP 1836/1982MB (cached 4MB) CPU [40%@1479,32%@1479,7%@1479,50%@1479] EMC_FREQ 0% GR3D_FREQ 0% PLL@50C CPU@53C PMIC@50C GPU@50.5C AO@58.5C thermal@51.75C
RAM 3191/3964MB (lfb 9x256kB) SWAP 1836/1982MB (cached 4MB) CPU [20%@1479,50%@1479,28%@1479,32%@1479] EMC_FREQ 0% GR3D_FREQ 6% PLL@50C CPU@52.5C PMIC@50C GPU@50.5C AO@58.5C thermal@51.75C
RAM 3223/3964MB (lfb 1x512kB) SWAP 1842/1982MB (cached 4MB) CPU [22%@1479,30%@1479,80%@1479,46%@1479] EMC_FREQ 0% GR3D_FREQ 0% PLL@50.5C CPU@53C PMIC@50C GPU@51C AO@59C thermal@51.75C
RAM 3280/3964MB (lfb 1x512kB) SWAP 1847/1982MB (cached 4MB) CPU [8%@1479,70%@1479,76%@1479,4%@1479] EMC_FREQ 0% GR3D_FREQ 0% PLL@50C CPU@53.5C PMIC@50C GPU@51.5C AO@59C thermal@51.75C
RAM 3288/3964MB (lfb 1x512kB) SWAP 1859/1982MB (cached 4MB) CPU [62%@1479,40%@1479,66%@1479,16%@1479] EMC_FREQ 0% GR3D_FREQ 49% PLL@50.5C CPU@54.5C PMIC@50C GPU@51.5C AO@59.5C thermal@52.75C
RAM 3279/3964MB (lfb 1x512kB) SWAP 1859/1982MB (cached 4MB) CPU [68%@1479,16%@1479,7%@1479,4%@1479] EMC_FREQ 0% GR3D_FREQ 4% PLL@49.5C CPU@52.5C PMIC@50C GPU@51.5C AO@59.5C thermal@52.75C
RAM 3309/3964MB (lfb 1x512kB) SWAP 1861/1982MB (cached 3MB) CPU [53%@1479,33%@1479,30%@1479,33%@1479] EMC_FREQ 0% GR3D_FREQ 0% PLL@50.5C CPU@54.5C PMIC@50C GPU@51.5C AO@59.5C thermal@52.75C
RAM 3309/3964MB (lfb 1x512kB) SWAP 1861/1982MB (cached 3MB) CPU [32%@825,4%@825,4%@825,16%@825] EMC_FREQ 0% GR3D_FREQ 99% PLL@49.5C CPU@52.5C PMIC@50C GPU@51.5C AO@59C thermal@52.75C
RAM 3309/3964MB (lfb 1x512kB) SWAP 1861/1982MB (cached 3MB) CPU [33%@1479,4%@1479,11%@1479,45%@1479] EMC_FREQ 0% GR3D_FREQ 98% PLL@51C CPU@54.5C PMIC@50C GPU@55.5C AO@60.5C thermal@54.75C
RAM 3310/3964MB (lfb 1x512kB) SWAP 1861/1982MB (cached 3MB) CPU [44%@1326,8%@1326,12%@1326,40%@1326] EMC_FREQ 0% GR3D_FREQ 98% PLL@52C CPU@57C PMIC@50C GPU@57.5C AO@61.5C thermal@54.75C
RAM 3310/3964MB (lfb 1x512kB) SWAP 1861/1982MB (cached 3MB) CPU [44%@1479,12%@1479,20%@1479,37%@1479] EMC_FREQ 0% GR3D_FREQ 99% PLL@53.5C CPU@58C PMIC@50C GPU@58.5C AO@63C thermal@54.75C
RAM 3311/3964MB (lfb 1x512kB) SWAP 1861/1982MB (cached 3MB) CPU [50%@921,12%@921,28%@921,12%@921] EMC_FREQ 0% GR3D_FREQ 98% PLL@54.5C CPU@59C PMIC@50C GPU@59.5C AO@63.5C thermal@54.75C
RAM 3310/3964MB (lfb 1x512kB) SWAP 1861/1982MB (cached 3MB) CPU [17%@1326,32%@1326,16%@1326,42%@1326] EMC_FREQ 0% GR3D_FREQ 98% PLL@55C CPU@60C PMIC@50C GPU@60.5C AO@64C thermal@54.75C
RAM 3310/3964MB (lfb 1x1MB) SWAP 1861/1982MB (cached 3MB) CPU [69%@1479,84%@1479,62%@1479,36%@1479] EMC_FREQ 0% GR3D_FREQ 99% PLL@57C CPU@62C PMIC@50C GPU@62C AO@65.5C thermal@60.25C
RAM 3309/3964MB (lfb 3x1MB) SWAP 1861/1982MB (cached 3MB) CPU [46%@1479,62%@1479,66%@1479,30%@1479] EMC_FREQ 0% GR3D_FREQ 98% PLL@57.5C CPU@62.5C PMIC@50C GPU@62.5C AO@66.5C thermal@60.25C
RAM 3310/3964MB (lfb 3x1MB) SWAP 1861/1982MB (cached 3MB) CPU [23%@1479,37%@1479,37%@1479,26%@1479] EMC_FREQ 0% GR3D_FREQ 99% PLL@57.5C CPU@62.5C PMIC@50C GPU@62.5C AO@66.5C thermal@60.25C
RAM 3310/3964MB (lfb 3x1MB) SWAP 1861/1982MB (cached 3MB) CPU [26%@1326,24%@1326,67%@1326,13%@1326] EMC_FREQ 0% GR3D_FREQ 98% PLL@58C CPU@63C PMIC@50C GPU@63C AO@67C thermal@60.25C
RAM 3310/3964MB (lfb 3x1MB) SWAP 1861/1982MB (cached 3MB) CPU [20%@518,33%@518,73%@518,16%@825] EMC_FREQ 0% GR3D_FREQ 99% PLL@58C CPU@63.5C PMIC@50C GPU@63.5C AO@67.5C thermal@63.25C
RAM 3310/3964MB (lfb 3x1MB) SWAP 1861/1982MB (cached 3MB) CPU [16%@825,24%@825,68%@825,4%@825] EMC_FREQ 0% GR3D_FREQ 99% PLL@58.5C CPU@63.5C PMIC@50C GPU@64C AO@67.5C thermal@63.25C
RAM 3310/3964MB (lfb 3x1MB) SWAP 1861/1982MB (cached 3MB) CPU [23%@1132,29%@1132,34%@1132,40%@1132] EMC_FREQ 0% GR3D_FREQ 98% PLL@59C CPU@64C PMIC@50C GPU@64.5C AO@68C thermal@63.25C
RAM 3310/3964MB (lfb 3x1MB) SWAP 1861/1982MB (cached 3MB) CPU [20%@1479,33%@1479,4%@1479,50%@1479] EMC_FREQ 0% GR3D_FREQ 98% PLL@59.5C CPU@64.5C PMIC@50C GPU@65C AO@68.5C thermal@63.25C
RAM 3310/3964MB (lfb 3x1MB) SWAP 1861/1982MB (cached 3MB) CPU [57%@1479,24%@1479,32%@1479,16%@1479] EMC_FREQ 0% GR3D_FREQ 99% PLL@59.5C CPU@65C PMIC@50C GPU@65C AO@69C thermal@63.25C
RAM 3310/3964MB (lfb 3x1MB) SWAP 1861/1982MB (cached 3MB) CPU [30%@1326,16%@1326,20%@1326,40%@1326] EMC_FREQ 0% GR3D_FREQ 98% PLL@60C CPU@65.5C PMIC@50C GPU@65.5C AO@69.5C thermal@65.25C
RAM 3310/3964MB (lfb 3x1MB) SWAP 1861/1982MB (cached 3MB) CPU [48%@1428,20%@1428,12%@1428,33%@1428] EMC_FREQ 0% GR3D_FREQ 99% PLL@60.5C CPU@65.5C PMIC@50C GPU@65.5C AO@69.5C thermal@65.25C
RAM 3310/3964MB (lfb 3x1MB) SWAP 1861/1982MB (cached 3MB) CPU [28%@1036,20%@1036,17%@1036,48%@1036] EMC_FREQ 0% GR3D_FREQ 98% PLL@61C CPU@66C PMIC@50C GPU@66.5C AO@70C thermal@65.25C
RAM 3310/3964MB (lfb 3x1MB) SWAP 1861/1982MB (cached 3MB) CPU [24%@1224,17%@1224,38%@1224,29%@1224] EMC_FREQ 0% GR3D_FREQ 99% PLL@61C CPU@66.5C PMIC@50C GPU@66.5C AO@70.5C thermal@65.25C
RAM 3310/3964MB (lfb 3x1MB) SWAP 1861/1982MB (cached 3MB) CPU [38%@1479,23%@1479,51%@1479,9%@1479] EMC_FREQ 0% GR3D_FREQ 99% PLL@61.5C CPU@66.5C PMIC@50C GPU@67C AO@70.5C thermal@66.75C
RAM 3310/3964MB (lfb 3x1MB) SWAP 1861/1982MB (cached 3MB) CPU [46%@1326,9%@1326,8%@1326,36%@1326] EMC_FREQ 0% GR3D_FREQ 98% PLL@61.5C CPU@67C PMIC@50C GPU@67C AO@71C thermal@66.75C
RAM 3310/3964MB (lfb 3x1MB) SWAP 1861/1982MB (cached 3MB) CPU [24%@1132,20%@1132,4%@1326,50%@1326] EMC_FREQ 0% GR3D_FREQ 99% PLL@62C CPU@67C PMIC@50C GPU@67.5C AO@71C thermal@66.75C
RAM 3310/3964MB (lfb 3x1MB) SWAP 1861/1982MB (cached 3MB) CPU [48%@1479,19%@1479,30%@1479,12%@1479] EMC_FREQ 0% GR3D_FREQ 99% PLL@62C CPU@67.5C PMIC@50C GPU@67.5C AO@72C thermal@66.75C
RAM 3310/3964MB (lfb 3x1MB) SWAP 1861/1982MB (cached 3MB) CPU [42%@518,12%@518,44%@518,4%@518] EMC_FREQ 0% GR3D_FREQ 99% PLL@62C CPU@68C PMIC@50C GPU@67.5C AO@71.5C thermal@66.75C
RAM 3311/3964MB (lfb 3x1MB) SWAP 1861/1982MB (cached 3MB) CPU [36%@1479,8%@1479,73%@1479,4%@1479] EMC_FREQ 0% GR3D_FREQ 99% PLL@62C CPU@67.5C PMIC@50C GPU@68C AO@72C thermal@67.75C
RAM 3311/3964MB (lfb 3x1MB) SWAP 1861/1982MB (cached 3MB) CPU [29%@921,8%@921,61%@921,23%@921] EMC_FREQ 0% GR3D_FREQ 99% PLL@62C CPU@68C PMIC@50C GPU@68.5C AO@72C thermal@67.75C
RAM 3310/3964MB (lfb 3x1MB) SWAP 1861/1982MB (cached 3MB) CPU [25%@1479,0%@1479,15%@1479,54%@1479] EMC_FREQ 0% GR3D_FREQ 98% PLL@62.5C CPU@68.5C PMIC@50C GPU@68C AO@72C thermal@67.75C
RAM 3310/3964MB (lfb 3x1MB) SWAP 1861/1982MB (cached 3MB) CPU [20%@1479,0%@1479,8%@1479,48%@1479] EMC_FREQ 0% GR3D_FREQ 98% PLL@63.5C CPU@68.5C PMIC@50C GPU@68.5C AO@72.5C thermal@67.75C
RAM 3310/3964MB (lfb 3x1MB) SWAP 1861/1982MB (cached 3MB) CPU [20%@1428,4%@1428,8%@1428,53%@1428] EMC_FREQ 0% GR3D_FREQ 98% PLL@63.5C CPU@69C PMIC@50C GPU@69C AO@72.5C thermal@69C
RAM 3310/3964MB (lfb 3x1MB) SWAP 1861/1982MB (cached 3MB) CPU [17%@1428,4%@1428,12%@1428,50%@1428] EMC_FREQ 0% GR3D_FREQ 98% PLL@64C CPU@69.5C PMIC@50C GPU@69.5C AO@73C thermal@69C
RAM 3311/3964MB (lfb 3x1MB) SWAP 1861/1982MB (cached 3MB) CPU [13%@1428,12%@1428,12%@1428,53%@1428] EMC_FREQ 0% GR3D_FREQ 98% PLL@64C CPU@69.5C PMIC@50C GPU@69.5C AO@73.5C thermal@69C
RAM 3311/3964MB (lfb 3x1MB) SWAP 1861/1982MB (cached 3MB) CPU [17%@1479,18%@1479,15%@1479,50%@1479] EMC_FREQ 0% GR3D_FREQ 98% PLL@64.5C CPU@70C PMIC@50C GPU@69.5C AO@73.5C thermal@69C
RAM 3310/3964MB (lfb 3x1MB) SWAP 1861/1982MB (cached 3MB) CPU [20%@614,48%@614,37%@614,12%@614] EMC_FREQ 0% GR3D_FREQ 99% PLL@64C CPU@69.5C PMIC@50C GPU@69.5C AO@73.5C thermal@69C
RAM 3310/3964MB (lfb 3x1MB) SWAP 1861/1982MB (cached 3MB) CPU [22%@1428,25%@1428,17%@1428,50%@1428] EMC_FREQ 0% GR3D_FREQ 99% PLL@64.5C CPU@70.5C PMIC@50C GPU@70.5C AO@74C thermal@69.5C
RAM 3310/3964MB (lfb 3x1MB) SWAP 1861/1982MB (cached 3MB) CPU [32%@1479,80%@1479,46%@1479,33%@1479] EMC_FREQ 0% GR3D_FREQ 99% PLL@65.5C CPU@71C PMIC@50C GPU@70.5C AO@75C thermal@69.5C
RAM 3310/3964MB (lfb 3x1MB) SWAP 1861/1982MB (cached 3MB) CPU [12%@1479,73%@1479,8%@1479,16%@1479] EMC_FREQ 0% GR3D_FREQ 99% PLL@65.5C CPU@70.5C PMIC@50C GPU@71C AO@75C thermal@69.5C
RAM 3311/3964MB (lfb 3x1MB) SWAP 1861/1982MB (cached 3MB) CPU [20%@1479,72%@1479,8%@1479,4%@1479] EMC_FREQ 0% GR3D_FREQ 99% PLL@65.5C CPU@70.5C PMIC@50C GPU@71C AO@75C thermal@69.5C
RAM 3310/3964MB (lfb 3x1MB) SWAP 1861/1982MB (cached 3MB) CPU [26%@1479,26%@1479,65%@1479,19%@1479] EMC_FREQ 0% GR3D_FREQ 98% PLL@65.5C CPU@71.5C PMIC@50C GPU@71C AO@75.5C thermal@71.25C
RAM 3310/3964MB (lfb 3x1MB) SWAP 1861/1982MB (cached 3MB) CPU [22%@1326,9%@1326,74%@1326,16%@1326] EMC_FREQ 0% GR3D_FREQ 99% PLL@65.5C CPU@71.5C PMIC@50C GPU@71C AO@75.5C thermal@71.25C
RAM 3310/3964MB (lfb 3x1MB) SWAP 1861/1982MB (cached 3MB) CPU [29%@1428,16%@1428,73%@1428,11%@1428] EMC_FREQ 0% GR3D_FREQ 99% PLL@65.5C CPU@72C PMIC@50C GPU@71.5C AO@75C thermal@71.25C
RAM 3310/3964MB (lfb 3x1MB) SWAP 1861/1982MB (cached 3MB) CPU [24%@825,12%@825,16%@825,47%@825] EMC_FREQ 0% GR3D_FREQ 98% PLL@66C CPU@72C PMIC@50C GPU@71.5C AO@75.5C thermal@71.25C
RAM 3310/3964MB (lfb 3x1MB) SWAP 1861/1982MB (cached 3MB) CPU [34%@1428,16%@1428,73%@1428,8%@1428] EMC_FREQ 0% GR3D_FREQ 99% PLL@66C CPU@72C PMIC@50C GPU@72C AO@75.5C thermal@72C
RAM 3310/3964MB (lfb 3x1MB) SWAP 1861/1982MB (cached 3MB) CPU [70%@1479,8%@1479,8%@1479,8%@1479] EMC_FREQ 0% GR3D_FREQ 99% PLL@66C CPU@72C PMIC@50C GPU@72.5C AO@76C thermal@72C
RAM 3310/3964MB (lfb 3x1MB) SWAP 1861/1982MB (cached 3MB) CPU [25%@825,12%@1326,65%@1326,19%@1326] EMC_FREQ 0% GR3D_FREQ 99% PLL@66.5C CPU@73C PMIC@50C GPU@72.5C AO@76C thermal@72C
RAM 3310/3964MB (lfb 3x1MB) SWAP 1861/1982MB (cached 3MB) CPU [25%@518,44%@518,40%@518,19%@518] EMC_FREQ 0% GR3D_FREQ 99% PLL@66.5C CPU@72.5C PMIC@50C GPU@72.5C AO@76C thermal@72C
RAM 3310/3964MB (lfb 3x1MB) SWAP 1861/1982MB (cached 3MB) CPU [30%@1326,4%@1326,16%@1326,56%@1326] EMC_FREQ 0% GR3D_FREQ 98% PLL@67C CPU@73C PMIC@50C GPU@72.5C AO@76.5C thermal@72C
RAM 3310/3964MB (lfb 3x1MB) SWAP 1861/1982MB (cached 3MB) CPU [34%@1428,26%@1428,60%@1428,12%@1428] EMC_FREQ 0% GR3D_FREQ 99% PLL@66.5C CPU@73C PMIC@50C GPU@73C AO@77C thermal@73C
RAM 3310/3964MB (lfb 3x1MB) SWAP 1861/1982MB (cached 3MB) CPU [28%@1224,33%@1224,52%@1224,19%@1224] EMC_FREQ 0% GR3D_FREQ 99% PLL@67C CPU@73C PMIC@50C GPU@73C AO@76.5C thermal@73C
RAM 3310/3964MB (lfb 3x1MB) SWAP 1861/1982MB (cached 3MB) CPU [21%@1036,66%@1036,28%@1036,22%@1036] EMC_FREQ 0% GR3D_FREQ 99% PLL@67C CPU@73.5C PMIC@50C GPU@73C AO@77C thermal@73C
RAM 3310/3964MB (lfb 3x1MB) SWAP 1861/1982MB (cached 3MB) CPU [29%@1326,28%@1326,48%@1326,33%@1326] EMC_FREQ 0% GR3D_FREQ 98% PLL@67C CPU@74C PMIC@50C GPU@73.5C AO@77C thermal@73C
RAM 3310/3964MB (lfb 3x1MB) SWAP 1861/1982MB (cached 3MB) CPU [25%@1326,28%@1326,33%@1326,39%@1326] EMC_FREQ 0% GR3D_FREQ 99% PLL@67.5C CPU@74C PMIC@50C GPU@73.5C AO@77C thermal@73.75C
RAM 3310/3964MB (lfb 3x1MB) SWAP 1861/1982MB (cached 3MB) CPU [20%@1036,48%@1036,25%@1036,29%@1036] EMC_FREQ 0% GR3D_FREQ 98% PLL@68C CPU@74C PMIC@50C GPU@73.5C AO@77C thermal@73.75C
RAM 3310/3964MB (lfb 3x1MB) SWAP 1861/1982MB (cached 3MB) CPU [21%@1224,8%@1224,20%@1224,53%@1224] EMC_FREQ 0% GR3D_FREQ 98% PLL@68C CPU@74C PMIC@50C GPU@73.5C AO@77.5C thermal@73.75C
RAM 3310/3964MB (lfb 3x1MB) SWAP 1861/1982MB (cached 3MB) CPU [33%@1479,12%@1036,42%@1036,37%@1036] EMC_FREQ 0% GR3D_FREQ 98% PLL@68.5C CPU@74.5C PMIC@50C GPU@73.5C AO@77.5C thermal@73.75C
RAM 3310/3964MB (lfb 3x1MB) SWAP 1861/1982MB (cached 3MB) CPU [17%@614,8%@614,13%@1428,48%@1428] EMC_FREQ 0% GR3D_FREQ 98% PLL@68.5C CPU@74.5C PMIC@50C GPU@74C AO@78C thermal@73.75C
RAM 3310/3964MB (lfb 3x1MB) SWAP 1861/1982MB (cached 3MB) CPU [24%@1036,16%@1036,19%@1036,41%@1036] EMC_FREQ 0% GR3D_FREQ 99% PLL@68.5C CPU@74.5C PMIC@50C GPU@74C AO@78C thermal@74.25C
RAM 3310/3964MB (lfb 3x1MB) SWAP 1861/1982MB (cached 3MB) CPU [24%@1036,24%@1326,38%@1326,37%@1326] EMC_FREQ 0% GR3D_FREQ 99% PLL@68.5C CPU@75C PMIC@50C GPU@74.5C AO@78.5C thermal@74.25C
RAM 3311/3964MB (lfb 3x1MB) SWAP 1861/1982MB (cached 3MB) CPU [21%@1132,9%@1132,24%@1132,47%@1132] EMC_FREQ 0% GR3D_FREQ 98% PLL@69C CPU@75C PMIC@50C GPU@74.5C AO@78.5C thermal@74.25C
RAM 3310/3964MB (lfb 3x1MB) SWAP 1861/1982MB (cached 3MB) CPU [24%@1132,40%@1132,16%@1132,38%@1132] EMC_FREQ 0% GR3D_FREQ 98% PLL@69C CPU@75C PMIC@50C GPU@74.5C AO@78.5C thermal@74.25C
RAM 3311/3964MB (lfb 3x1MB) SWAP 1861/1982MB (cached 3MB) CPU [25%@1224,20%@1224,12%@1224,48%@1224] EMC_FREQ 0% GR3D_FREQ 99% PLL@69.5C CPU@75C PMIC@50C GPU@75C AO@79C thermal@75C
RAM 3311/3964MB (lfb 3x1MB) SWAP 1861/1982MB (cached 3MB) CPU [17%@1479,20%@1479,29%@1479,37%@1479] EMC_FREQ 0% GR3D_FREQ 98% PLL@69.5C CPU@75.5C PMIC@50C GPU@75C AO@79C thermal@75C
RAM 3311/3964MB (lfb 3x1MB) SWAP 1861/1982MB (cached 3MB) CPU [28%@921,12%@921,24%@921,44%@921] EMC_FREQ 0% GR3D_FREQ 98% PLL@70C CPU@76C PMIC@50C GPU@75C AO@79C thermal@75C
RAM 3311/3964MB (lfb 3x1MB) SWAP 1861/1982MB (cached 3MB) CPU [21%@1479,8%@1479,29%@1479,48%@1479] EMC_FREQ 0% GR3D_FREQ 98% PLL@70C CPU@76C PMIC@50C GPU@75.5C AO@79.5C thermal@75C
RAM 3311/3964MB (lfb 3x1MB) SWAP 1861/1982MB (cached 3MB) CPU [24%@1036,24%@1036,40%@1036,22%@1036] EMC_FREQ 0% GR3D_FREQ 98% PLL@70C CPU@75.5C PMIC@50C GPU@75.5C AO@79.5C thermal@75C
RAM 3310/3964MB (lfb 3x1MB) SWAP 1861/1982MB (cached 3MB) CPU [20%@1428,28%@1428,44%@1428,20%@1428] EMC_FREQ 0% GR3D_FREQ 99% PLL@69.5C CPU@76C PMIC@50C GPU@75.5C AO@79C thermal@75.75C
RAM 3310/3964MB (lfb 3x1MB) SWAP 1861/1982MB (cached 3MB) CPU [38%@1479,38%@1479,42%@1479,20%@1479] EMC_FREQ 0% GR3D_FREQ 98% PLL@70C CPU@76C PMIC@50C GPU@76C AO@79.5C thermal@75.75C
RAM 3311/3964MB (lfb 3x1MB) SWAP 1861/1982MB (cached 3MB) CPU [13%@1428,8%@1428,22%@1428,52%@1428] EMC_FREQ 0% GR3D_FREQ 98% PLL@70.5C CPU@76C PMIC@50C GPU@75.5C AO@80C thermal@75.75C
RAM 3310/3964MB (lfb 3x1MB) SWAP 1861/1982MB (cached 3MB) CPU [28%@1132,25%@1132,44%@1132,30%@1132] EMC_FREQ 0% GR3D_FREQ 99% PLL@70C CPU@76.5C PMIC@50C GPU@76.5C AO@79.5C thermal@75.75C
RAM 3311/3964MB (lfb 3x1MB) SWAP 1861/1982MB (cached 3MB) CPU [26%@1428,8%@1428,23%@1428,50%@1428] EMC_FREQ 0% GR3D_FREQ 99% PLL@70.5C CPU@76.5C PMIC@50C GPU@76C AO@80C thermal@76.25C
RAM 3311/3964MB (lfb 3x1MB) SWAP 1861/1982MB (cached 3MB) CPU [25%@1132,21%@1132,0%@1132,46%@1132] EMC_FREQ 0% GR3D_FREQ 98% PLL@71C CPU@76.5C PMIC@50C GPU@76C AO@80.5C thermal@76.25C
RAM 3311/3964MB (lfb 3x1MB) SWAP 1861/1982MB (cached 3MB) CPU [29%@1224,33%@1224,16%@1224,41%@1224] EMC_FREQ 0% GR3D_FREQ 99% PLL@70.5C CPU@77C PMIC@50C GPU@76.5C AO@80.5C thermal@76.25C
RAM 3311/3964MB (lfb 3x1MB) SWAP 1861/1982MB (cached 3MB) CPU [21%@825,29%@825,30%@825,42%@825] EMC_FREQ 0% GR3D_FREQ 99% PLL@71C CPU@77C PMIC@50C GPU@76.5C AO@80.5C thermal@76.25C
RAM 3311/3964MB (lfb 3x1MB) SWAP 1861/1982MB (cached 3MB) CPU [22%@1479,17%@1479,46%@1479,27%@1479] EMC_FREQ 0% GR3D_FREQ 98% PLL@71C CPU@77C PMIC@50C GPU@77C AO@81C thermal@76.25C
RAM 3311/3964MB (lfb 3x1MB) SWAP 1861/1982MB (cached 3MB) CPU [20%@1479,12%@1479,65%@1479,20%@1479] EMC_FREQ 0% GR3D_FREQ 0% PLL@70.5C CPU@75C PMIC@50C GPU@74C AO@80.5C thermal@77.25C
RAM 3299/3964MB (lfb 3x1MB) SWAP 1861/1982MB (cached 3MB) CPU [3%@1479,4%@1479,96%@1479,7%@1479] EMC_FREQ 0% GR3D_FREQ 0% PLL@68C CPU@71.5C PMIC@50C GPU@71C AO@78.5C thermal@77.25C
RAM 3288/3964MB (lfb 4x512kB) SWAP 1861/1982MB (cached 3MB) CPU [23%@518,11%@518,69%@518,4%@518] EMC_FREQ 0% GR3D_FREQ 0% PLL@66.5C CPU@69.5C PMIC@50C GPU@69.5C AO@77C thermal@77.25C
