RAM 2438/3964MB (lfb 6x4MB) SWAP 1920/1982MB (cached 3MB) IRAM 0/252kB(lfb 252kB) CPU [3%@204,3%@204,53%@204,3%@204] EMC_FREQ 21%@1600 GR3D_FREQ 0%@921 APE 25 PLL@68C CPU@70.5C PMIC@50C GPU@71C AO@78.5C thermal@79C POM_5V_IN 2894/2894 POM_5V_GPU 326/326 POM_5V_CPU 448/448
RAM 2438/3964MB (lfb 6x4MB) SWAP 1920/1982MB (cached 3MB) IRAM 0/252kB(lfb 252kB) CPU [16%@204,7%@204,3%@307,4%@307] EMC_FREQ 19%@1600 GR3D_FREQ 0%@921 APE 25 PLL@66.5C CPU@69C PMIC@50C GPU@69.5C AO@77.5C thermal@69.5C POM_5V_IN 2812/2853 POM_5V_GPU 326/326 POM_5V_CPU 366/407
RAM 2438/3964MB (lfb 6x4MB) SWAP 1920/1982MB (cached 3MB) IRAM 0/252kB(lfb 252kB) CPU [17%@204,3%@204,3%@204,3%@204] EMC_FREQ 17%@1600 GR3D_FREQ 0%@921 APE 25 PLL@65.5C CPU@68C PMIC@50C GPU@68.5C AO@76C thermal@69.5C POM_5V_IN 2772/2826 POM_5V_GPU 326/326 POM_5V_CPU 366/393
RAM 2438/3964MB (lfb 6x4MB) SWAP 1920/1982MB (cached 3MB) IRAM 0/252kB(lfb 252kB) CPU [16%@102,3%@102,3%@204,14%@204] EMC_FREQ 15%@1600 GR3D_FREQ 0%@921 APE 25 PLL@64.5C CPU@67.5C PMIC@50C GPU@67.5C AO@75C thermal@69.5C POM_5V_IN 2731/2802 POM_5V_GPU 285/315 POM_5V_CPU 326/376
RAM 2438/3964MB (lfb 6x4MB) SWAP 1920/1982MB (cached 3MB) IRAM 0/252kB(lfb 252kB) CPU [11%@204,0%@204,0%@204,19%@204] EMC_FREQ 14%@1600 GR3D_FREQ 0%@921 APE 25 PLL@64C CPU@66.5C PMIC@50C GPU@67C AO@74.5C thermal@69.5C POM_5V_IN 2690/2779 POM_5V_GPU 285/309 POM_5V_CPU 326/366
RAM 2438/3964MB (lfb 6x4MB) SWAP 1920/1982MB (cached 3MB) IRAM 0/252kB(lfb 252kB) CPU [25%@102,15%@102,14%@102,3%@102] EMC_FREQ 12%@1600 GR3D_FREQ 0%@921 APE 25 PLL@63.5C CPU@66.5C PMIC@50C GPU@66C AO@74C thermal@69.5C POM_5V_IN 2731/2771 POM_5V_GPU 285/305 POM_5V_CPU 326/359
RAM 2438/3964MB (lfb 6x4MB) SWAP 1920/1982MB (cached 3MB) IRAM 0/252kB(lfb 252kB) CPU [16%@204,0%@204,7%@204,7%@204] EMC_FREQ 11%@1600 GR3D_FREQ 0%@921 APE 25 PLL@63C CPU@65.5C PMIC@50C GPU@65.5C AO@73.5C thermal@66C POM_5V_IN 2731/2765 POM_5V_GPU 285/302 POM_5V_CPU 326/354
RAM 2471/3964MB (lfb 6x4MB) SWAP 1920/1982MB (cached 3MB) IRAM 0/252kB(lfb 252kB) CPU [15%@1479,11%@1479,40%@1479,7%@1479] EMC_FREQ 10%@1600 GR3D_FREQ 0%@921 APE 25 PLL@63C CPU@66C PMIC@50C GPU@65.5C AO@73C thermal@66C POM_5V_IN 3465/2853 POM_5V_GPU 366/310 POM_5V_CPU 976/432
RAM 2516/3964MB (lfb 6x4MB) SWAP 1920/1982MB (cached 3MB) IRAM 0/252kB(lfb 252kB) CPU [20%@1479,12%@1479,8%@1479,100%@1479] EMC_FREQ 9%@1600 GR3D_FREQ 2%@921 APE 25 PLL@64.5C CPU@68C PMIC@50C GPU@66C AO@74C thermal@66C POM_5V_IN 4518/3038 POM_5V_GPU 569/339 POM_5V_CPU 1747/578
RAM 2551/3964MB (lfb 6x4MB) SWAP 1920/1982MB (cached 3MB) IRAM 0/252kB(lfb 252kB) CPU [15%@1479,46%@1479,11%@1479,62%@1479] EMC_FREQ 9%@1600 GR3D_FREQ 0%@921 APE 25 PLL@65C CPU@69C PMIC@50C GPU@66.5C AO@74.5C thermal@66C POM_5V_IN 4314/3165 POM_5V_GPU 610/366 POM_5V_CPU 1546/675
RAM 2601/3964MB (lfb 6x4MB) SWAP 1920/1982MB (cached 3MB) IRAM 0/252kB(lfb 252kB) CPU [12%@1479,100%@1479,11%@1479,7%@1479] EMC_FREQ 8%@1600 GR3D_FREQ 1%@921 APE 25 PLL@65C CPU@69C PMIC@50C GPU@66.5C AO@74.5C thermal@67.75C POM_5V_IN 4477/3285 POM_5V_GPU 569/384 POM_5V_CPU 1706/769
RAM 2645/3964MB (lfb 6x4MB) SWAP 1920/1982MB (cached 3MB) IRAM 0/252kB(lfb 252kB) CPU [11%@1479,100%@1479,12%@1479,4%@1479] EMC_FREQ 8%@1600 GR3D_FREQ 3%@921 APE 25 PLL@65C CPU@69.5C PMIC@50C GPU@66.5C AO@74.5C thermal@67.75C POM_5V_IN 4518/3387 POM_5V_GPU 610/403 POM_5V_CPU 1706/847
RAM 2674/3964MB (lfb 6x4MB) SWAP 1920/1982MB (cached 3MB) IRAM 0/252kB(lfb 252kB) CPU [19%@1479,96%@1479,11%@1479,8%@1479] EMC_FREQ 7%@1600 GR3D_FREQ 5%@921 APE 25 PLL@65C CPU@69C PMIC@50C GPU@66.5C AO@74.5C thermal@67.75C POM_5V_IN 4558/3477 POM_5V_GPU 691/425 POM_5V_CPU 1666/910
RAM 2708/3964MB (lfb 6x4MB) SWAP 1920/1982MB (cached 3MB) IRAM 0/252kB(lfb 252kB) CPU [4%@1479,100%@1479,14%@1479,8%@1479] EMC_FREQ 7%@1600 GR3D_FREQ 1%@921 APE 25 PLL@65C CPU@69C PMIC@50C GPU@66.5C AO@74.5C thermal@67.75C POM_5V_IN 4599/3557 POM_5V_GPU 691/444 POM_5V_CPU 1706/966
RAM 2751/3964MB (lfb 6x4MB) SWAP 1920/1982MB (cached 3MB) IRAM 0/252kB(lfb 252kB) CPU [15%@1479,100%@1479,12%@1479,4%@1479] EMC_FREQ 7%@1600 GR3D_FREQ 2%@921 APE 25 PLL@65C CPU@69C PMIC@50C GPU@66.5C AO@74.5C thermal@68C POM_5V_IN 4558/3624 POM_5V_GPU 651/458 POM_5V_CPU 1706/1016
RAM 2798/3964MB (lfb 6x4MB) SWAP 1920/1982MB (cached 3MB) IRAM 0/252kB(lfb 252kB) CPU [8%@1479,100%@1479,14%@1479,8%@1479] EMC_FREQ 6%@1600 GR3D_FREQ 0%@921 APE 25 PLL@64.5C CPU@70C PMIC@50C GPU@66.5C AO@74.5C thermal@68C POM_5V_IN 4396/3672 POM_5V_GPU 529/462 POM_5V_CPU 1666/1056
RAM 2850/3964MB (lfb 6x4MB) SWAP 1920/1982MB (cached 3MB) IRAM 0/252kB(lfb 252kB) CPU [11%@1479,96%@1479,12%@1479,4%@1479] EMC_FREQ 6%@1600 GR3D_FREQ 0%@921 APE 25 PLL@64.5C CPU@69C PMIC@50C GPU@66C AO@74.5C thermal@68C POM_5V_IN 4273/3708 POM_5V_GPU 447/461 POM_5V_CPU 1584/1087
RAM 2893/3964MB (lfb 6x4MB) SWAP 1920/1982MB (cached 3MB) IRAM 0/252kB(lfb 252kB) CPU [12%@1479,100%@1479,8%@1479,14%@1479] EMC_FREQ 6%@1600 GR3D_FREQ 4%@460 APE 25 PLL@64.5C CPU@69.5C PMIC@50C GPU@65.5C AO@74.5C thermal@68C POM_5V_IN 4192/3734 POM_5V_GPU 284/451 POM_5V_CPU 1628/1117
RAM 2945/3964MB (lfb 6x4MB) SWAP 1920/1982MB (cached 3MB) IRAM 0/252kB(lfb 252kB) CPU [12%@1479,72%@1479,12%@1479,38%@1479] EMC_FREQ 6%@1600 GR3D_FREQ 4%@384 APE 25 PLL@64.5C CPU@67C PMIC@50C GPU@65C AO@74C thermal@68C POM_5V_IN 4192/3759 POM_5V_GPU 203/438 POM_5V_CPU 1706/1148
RAM 2984/3964MB (lfb 6x4MB) SWAP 1920/1982MB (cached 3MB) IRAM 0/252kB(lfb 252kB) CPU [19%@1479,16%@1479,8%@1479,100%@1479] EMC_FREQ 5%@1600 GR3D_FREQ 14%@230 APE 25 PLL@64.5C CPU@66.5C PMIC@50C GPU@65C AO@73.5C thermal@66C POM_5V_IN 4233/3782 POM_5V_GPU 284/431 POM_5V_CPU 1828/1182
RAM 3051/3964MB (lfb 4x4MB) SWAP 1920/1982MB (cached 3MB) IRAM 0/252kB(lfb 252kB) CPU [15%@1479,11%@1479,11%@1479,96%@1479] EMC_FREQ 5%@1600 GR3D_FREQ 0%@230 APE 25 PLL@64C CPU@66C PMIC@50C GPU@64.5C AO@73C thermal@66C POM_5V_IN 3866/3786 POM_5V_GPU 162/418 POM_5V_CPU 1587/1202
RAM 3071/3964MB (lfb 4x4MB) SWAP 1920/1982MB (cached 3MB) IRAM 0/252kB(lfb 252kB) CPU [12%@1479,34%@1479,18%@1479,81%@1479] EMC_FREQ 5%@1600 GR3D_FREQ 20%@230 APE 25 PLL@63.5C CPU@67C PMIC@50C GPU@64.5C AO@73C thermal@66C POM_5V_IN 4070/3799 POM_5V_GPU 284/412 POM_5V_CPU 1668/1223
RAM 3072/3964MB (lfb 4x4MB) SWAP 1920/1982MB (cached 3MB) IRAM 0/252kB(lfb 252kB) CPU [14%@1428,80%@1428,8%@1428,12%@1428] EMC_FREQ 5%@1600 GR3D_FREQ 98%@153 APE 25 PLL@63C CPU@66.5C PMIC@50C GPU@64.5C AO@72.5C thermal@66C POM_5V_IN 3907/3804 POM_5V_GPU 529/417 POM_5V_CPU 1221/1223
RAM 3072/3964MB (lfb 4x4MB) SWAP 1920/1982MB (cached 3MB) IRAM 0/252kB(lfb 252kB) CPU [17%@1479,34%@1479,50%@1479,33%@1479] EMC_FREQ 6%@1600 GR3D_FREQ 98%@921 APE 25 PLL@64C CPU@68.5C PMIC@50C GPU@68C AO@73.5C thermal@66C POM_5V_IN 7912/3975 POM_5V_GPU 3646/551 POM_5V_CPU 1620/1239
RAM 3072/3964MB (lfb 4x4MB) SWAP 1920/1982MB (cached 3MB) IRAM 0/252kB(lfb 252kB) CPU [50%@1479,33%@1479,29%@1479,18%@1479] EMC_FREQ 7%@1600 GR3D_FREQ 99%@921 APE 25 PLL@65.5C CPU@70C PMIC@50C GPU@70.5C AO@75C thermal@66C POM_5V_IN 8304/4148 POM_5V_GPU 3848/683 POM_5V_CPU 1782/1261
RAM 3073/3964MB (lfb 4x4MB) SWAP 1920/1982MB (cached 3MB) IRAM 0/252kB(lfb 252kB) CPU [8%@1326,69%@1326,32%@1326,13%@1326] EMC_FREQ 9%@1600 GR3D_FREQ 98%@921 APE 25 PLL@66.5C CPU@72C PMIC@50C GPU@71.5C AO@76C thermal@66C POM_5V_IN 8304/4308 POM_5V_GPU 3848/805 POM_5V_CPU 1701/1278
RAM 3073/3964MB (lfb 4x4MB) SWAP 1920/1982MB (cached 3MB) IRAM 0/252kB(lfb 252kB) CPU [65%@1479,20%@1479,8%@1479,28%@1479] EMC_FREQ 10%@1600 GR3D_FREQ 99%@921 APE 25 PLL@67C CPU@72.5C PMIC@50C GPU@72.5C AO@77C thermal@66C POM_5V_IN 8467/4462 POM_5V_GPU 3889/919 POM_5V_CPU 1823/1298
RAM 3073/3964MB (lfb 4x4MB) SWAP 1920/1982MB (cached 3MB) IRAM 0/252kB(lfb 252kB) CPU [25%@921,37%@921,50%@921,40%@1479] EMC_FREQ 11%@1600 GR3D_FREQ 98%@921 APE 25 PLL@68C CPU@73.5C PMIC@50C GPU@73.5C AO@77.5C thermal@73.25C POM_5V_IN 8426/4603 POM_5V_GPU 3929/1027 POM_5V_CPU 1782/1315
RAM 3073/3964MB (lfb 4x4MB) SWAP 1920/1982MB (cached 3MB) IRAM 0/252kB(lfb 252kB) CPU [37%@1479,25%@1479,26%@1479,50%@1479] EMC_FREQ 12%@1600 GR3D_FREQ 99%@921 APE 25 PLL@68.5C CPU@74C PMIC@50C GPU@74C AO@78C thermal@73.25C POM_5V_IN 8507/4738 POM_5V_GPU 3929/1127 POM_5V_CPU 1863/1334
RAM 3072/3964MB (lfb 4x4MB) SWAP 1920/1982MB (cached 3MB) IRAM 0/252kB(lfb 252kB) CPU [20%@1479,4%@1479,83%@1479,26%@1479] EMC_FREQ 13%@1600 GR3D_FREQ 99%@921 APE 25 PLL@69C CPU@75.5C PMIC@50C GPU@74.5C AO@78.5C thermal@73.25C POM_5V_IN 8507/4864 POM_5V_GPU 3970/1221 POM_5V_CPU 1782/1349
RAM 3073/3964MB (lfb 4x4MB) SWAP 1920/1982MB (cached 3MB) IRAM 0/252kB(lfb 252kB) CPU [24%@1479,7%@1479,100%@1479,16%@1479] EMC_FREQ 14%@1600 GR3D_FREQ 99%@921 APE 25 PLL@69C CPU@76C PMIC@50C GPU@75C AO@79C thermal@73.25C POM_5V_IN 8426/4979 POM_5V_GPU 4010/1311 POM_5V_CPU 1742/1362
RAM 3073/3964MB (lfb 4x4MB) SWAP 1920/1982MB (cached 3MB) IRAM 0/252kB(lfb 252kB) CPU [16%@1479,16%@1479,92%@1479,12%@1479] EMC_FREQ 14%@1600 GR3D_FREQ 99%@921 APE 25 PLL@70C CPU@76.5C PMIC@50C GPU@75.5C AO@79C thermal@73.25C POM_5V_IN 8588/5091 POM_5V_GPU 4010/1396 POM_5V_CPU 1820/1376
RAM 3072/3964MB (lfb 4x4MB) SWAP 1920/1982MB (cached 3MB) IRAM 0/252kB(lfb 252kB) CPU [73%@1479,22%@1479,32%@1479,13%@1479] EMC_FREQ 15%@1600 GR3D_FREQ 99%@921 APE 25 PLL@70C CPU@75C PMIC@50C GPU@75.5C AO@80C thermal@76C POM_5V_IN 8426/5192 POM_5V_GPU 4010/1475 POM_5V_CPU 1660/1385
RAM 3072/3964MB (lfb 4x4MB) SWAP 1920/1982MB (cached 3MB) IRAM 0/252kB(lfb 252kB) CPU [40%@1479,34%@1479,8%@1479,50%@1479] EMC_FREQ 15%@1600 GR3D_FREQ 98%@921 APE 25 PLL@70.5C CPU@76.5C PMIC@50C GPU@76C AO@80.5C thermal@76C POM_5V_IN 8548/5291 POM_5V_GPU 4010/1549 POM_5V_CPU 1782/1396
RAM 3072/3964MB (lfb 4x4MB) SWAP 1920/1982MB (cached 3MB) IRAM 0/252kB(lfb 252kB) CPU [19%@1479,83%@1479,16%@1479,16%@1479] EMC_FREQ 16%@1600 GR3D_FREQ 99%@921 APE 25 PLL@71C CPU@76.5C PMIC@50C GPU@76C AO@80.5C thermal@76C POM_5V_IN 8629/5386 POM_5V_GPU 4010/1620 POM_5V_CPU 1860/1409
RAM 3073/3964MB (lfb 4x4MB) SWAP 1920/1982MB (cached 3MB) IRAM 0/252kB(lfb 252kB) CPU [19%@1479,96%@1479,8%@1479,12%@1479] EMC_FREQ 16%@1600 GR3D_FREQ 99%@921 APE 25 PLL@71.5C CPU@76.5C PMIC@50C GPU@76.5C AO@81C thermal@76C POM_5V_IN 8629/5476 POM_5V_GPU 4044/1687 POM_5V_CPU 1860/1422
RAM 3073/3964MB (lfb 4x4MB) SWAP 1920/1982MB (cached 3MB) IRAM 0/252kB(lfb 252kB) CPU [16%@1479,57%@1479,40%@1479,33%@1479] EMC_FREQ 17%@1600 GR3D_FREQ 99%@921 APE 25 PLL@71.5C CPU@77.5C PMIC@50C GPU@77C AO@81C thermal@77C POM_5V_IN 8588/5561 POM_5V_GPU 4004/1750 POM_5V_CPU 1820/1433
RAM 3073/3964MB (lfb 4x4MB) SWAP 1920/1982MB (cached 3MB) IRAM 0/252kB(lfb 252kB) CPU [37%@1479,29%@1479,19%@1479,46%@1479] EMC_FREQ 17%@1600 GR3D_FREQ 98%@921 APE 25 PLL@72C CPU@78C PMIC@50C GPU@77C AO@81.5C thermal@77C POM_5V_IN 8750/5644 POM_5V_GPU 4044/1810 POM_5V_CPU 1901/1445
RAM 3073/3964MB (lfb 4x4MB) SWAP 1920/1982MB (cached 3MB) IRAM 0/252kB(lfb 252kB) CPU [85%@1479,20%@1479,22%@1479,12%@1479] EMC_FREQ 18%@1600 GR3D_FREQ 99%@921 APE 25 PLL@72C CPU@77.5C PMIC@50C GPU@77.5C AO@82C thermal@77C POM_5V_IN 8588/5720 POM_5V_GPU 4044/1867 POM_5V_CPU 1779/1454
RAM 3073/3964MB (lfb 4x4MB) SWAP 1920/1982MB (cached 3MB) IRAM 0/252kB(lfb 252kB) CPU [88%@1479,0%@1479,23%@1479,13%@1479] EMC_FREQ 18%@1600 GR3D_FREQ 98%@921 APE 25 PLL@72C CPU@78C PMIC@50C GPU@78C AO@82.5C thermal@77C POM_5V_IN 8588/5792 POM_5V_GPU 4044/1922 POM_5V_CPU 1779/1462
RAM 3073/3964MB (lfb 4x4MB) SWAP 1920/1982MB (cached 3MB) IRAM 0/252kB(lfb 252kB) CPU [48%@1479,8%@1479,34%@1479,44%@1479] EMC_FREQ 18%@1600 GR3D_FREQ 99%@921 APE 25 PLL@72.5C CPU@78C PMIC@50C GPU@78C AO@82.5C thermal@78C POM_5V_IN 8629/5861 POM_5V_GPU 4044/1973 POM_5V_CPU 1820/1470
RAM 3073/3964MB (lfb 4x4MB) SWAP 1920/1982MB (cached 3MB) IRAM 0/252kB(lfb 252kB) CPU [32%@1224,32%@1224,44%@1224,34%@1224] EMC_FREQ 19%@1600 GR3D_FREQ 98%@921 APE 25 PLL@73C CPU@79C PMIC@50C GPU@78C AO@82.5C thermal@78C POM_5V_IN 8791/5931 POM_5V_GPU 4044/2023 POM_5V_CPU 1901/1481
RAM 3073/3964MB (lfb 4x4MB) SWAP 1920/1982MB (cached 3MB) IRAM 0/252kB(lfb 252kB) CPU [48%@1479,15%@1479,34%@1479,41%@1479] EMC_FREQ 19%@1600 GR3D_FREQ 98%@921 APE 25 PLL@73C CPU@79C PMIC@50C GPU@78.5C AO@83C thermal@78C POM_5V_IN 8750/5996 POM_5V_GPU 4085/2071 POM_5V_CPU 1860/1489
RAM 3072/3964MB (lfb 4x4MB) SWAP 1920/1982MB (cached 3MB) IRAM 0/252kB(lfb 252kB) CPU [30%@1479,32%@1479,20%@1479,65%@1479] EMC_FREQ 19%@1600 GR3D_FREQ 98%@921 APE 25 PLL@73.5C CPU@79.5C PMIC@50C GPU@78.5C AO@82.5C thermal@78C POM_5V_IN 8791/6060 POM_5V_GPU 4085/2116 POM_5V_CPU 1981/1501
RAM 3073/3964MB (lfb 4x4MB) SWAP 1920/1982MB (cached 3MB) IRAM 0/252kB(lfb 252kB) CPU [30%@1479,14%@1479,32%@1479,48%@1479] EMC_FREQ 19%@1600 GR3D_FREQ 98%@921 APE 25 PLL@73.5C CPU@79.5C PMIC@50C GPU@79C AO@83C thermal@78C POM_5V_IN 8831/6121 POM_5V_GPU 4085/2160 POM_5V_CPU 1901/1510
RAM 3073/3964MB (lfb 4x4MB) SWAP 1920/1982MB (cached 3MB) IRAM 0/252kB(lfb 252kB) CPU [28%@1479,32%@1479,29%@1479,46%@1479] EMC_FREQ 20%@1600 GR3D_FREQ 98%@921 APE 25 PLL@74C CPU@80C PMIC@50C GPU@79C AO@83C thermal@79.25C POM_5V_IN 8872/6181 POM_5V_GPU 4085/2202 POM_5V_CPU 1941/1519
RAM 3073/3964MB (lfb 4x4MB) SWAP 1920/1982MB (cached 3MB) IRAM 0/252kB(lfb 252kB) CPU [21%@710,26%@710,26%@710,74%@710] EMC_FREQ 20%@1600 GR3D_FREQ 98%@921 APE 25 PLL@74C CPU@80C PMIC@50C GPU@79.5C AO@83.5C thermal@79.25C POM_5V_IN 8710/6235 POM_5V_GPU 4085/2242 POM_5V_CPU 1779/1524
RAM 3073/3964MB (lfb 4x4MB) SWAP 1920/1982MB (cached 3MB) IRAM 0/252kB(lfb 252kB) CPU [26%@1479,26%@1479,40%@1479,40%@1479] EMC_FREQ 20%@1600 GR3D_FREQ 98%@921 APE 25 PLL@74C CPU@81C PMIC@50C GPU@79.5C AO@83.5C thermal@79.25C POM_5V_IN 8912/6291 POM_5V_GPU 4085/2280 POM_5V_CPU 1981/1534
RAM 3073/3964MB (lfb 4x4MB) SWAP 1920/1982MB (cached 3MB) IRAM 0/252kB(lfb 252kB) CPU [25%@1132,42%@1132,28%@1132,38%@1132] EMC_FREQ 20%@1600 GR3D_FREQ 99%@921 APE 25 PLL@74.5C CPU@80.5C PMIC@50C GPU@80C AO@84C thermal@79.25C POM_5V_IN 8750/6341 POM_5V_GPU 4125/2318 POM_5V_CPU 1860/1541
RAM 3073/3964MB (lfb 4x4MB) SWAP 1920/1982MB (cached 3MB) IRAM 0/252kB(lfb 252kB) CPU [28%@1132,22%@1132,53%@1132,23%@1132] EMC_FREQ 20%@1600 GR3D_FREQ 98%@921 APE 25 PLL@74.5C CPU@81C PMIC@50C GPU@80C AO@84C thermal@80.25C POM_5V_IN 8912/6392 POM_5V_GPU 4085/2353 POM_5V_CPU 1941/1549
RAM 3073/3964MB (lfb 4x4MB) SWAP 1920/1982MB (cached 3MB) IRAM 0/252kB(lfb 252kB) CPU [32%@1479,61%@1479,26%@1479,41%@1479] EMC_FREQ 20%@1600 GR3D_FREQ 98%@921 APE 25 PLL@75C CPU@81C PMIC@50C GPU@80.5C AO@84C thermal@80.25C POM_5V_IN 8831/6440 POM_5V_GPU 4125/2388 POM_5V_CPU 1901/1555
RAM 3073/3964MB (lfb 4x4MB) SWAP 1920/1982MB (cached 3MB) IRAM 0/252kB(lfb 252kB) CPU [29%@1479,46%@1479,37%@1479,23%@1479] EMC_FREQ 20%@1600 GR3D_FREQ 98%@921 APE 25 PLL@75C CPU@81.5C PMIC@50C GPU@80.5C AO@84.5C thermal@80.25C POM_5V_IN 9034/6490 POM_5V_GPU 4085/2421 POM_5V_CPU 2062/1565
RAM 3073/3964MB (lfb 4x4MB) SWAP 1920/1982MB (cached 3MB) IRAM 0/252kB(lfb 252kB) CPU [28%@1479,33%@1479,48%@1479,16%@1479] EMC_FREQ 21%@1600 GR3D_FREQ 98%@921 APE 25 PLL@75C CPU@81.5C PMIC@50C GPU@80.5C AO@84.5C thermal@80.25C POM_5V_IN 8953/6536 POM_5V_GPU 4125/2453 POM_5V_CPU 1981/1573
RAM 3073/3964MB (lfb 4x4MB) SWAP 1920/1982MB (cached 3MB) IRAM 0/252kB(lfb 252kB) CPU [20%@1479,75%@1479,20%@1479,20%@1479] EMC_FREQ 21%@1600 GR3D_FREQ 99%@921 APE 25 PLL@75C CPU@81.5C PMIC@50C GPU@81C AO@85C thermal@80.25C POM_5V_IN 8912/6580 POM_5V_GPU 4166/2485 POM_5V_CPU 1941/1580
RAM 3073/3964MB (lfb 4x4MB) SWAP 1920/1982MB (cached 3MB) IRAM 0/252kB(lfb 252kB) CPU [20%@1479,100%@1479,4%@1479,11%@1479] EMC_FREQ 21%@1600 GR3D_FREQ 99%@921 APE 25 PLL@75.5C CPU@81C PMIC@50C GPU@81C AO@85C thermal@81.25C POM_5V_IN 8953/6623 POM_5V_GPU 4166/2515 POM_5V_CPU 1981/1587
RAM 3073/3964MB (lfb 4x4MB) SWAP 1920/1982MB (cached 3MB) IRAM 0/252kB(lfb 252kB) CPU [12%@1479,92%@1479,16%@1479,13%@1479] EMC_FREQ 21%@1600 GR3D_FREQ 99%@921 APE 25 PLL@75.5C CPU@81.5C PMIC@50C GPU@81.5C AO@85C thermal@81.25C POM_5V_IN 9034/6666 POM_5V_GPU 4166/2545 POM_5V_CPU 2022/1595
RAM 3073/3964MB (lfb 4x4MB) SWAP 1920/1982MB (cached 3MB) IRAM 0/252kB(lfb 252kB) CPU [16%@1132,43%@1132,28%@1132,48%@1132] EMC_FREQ 21%@1600 GR3D_FREQ 98%@921 APE 25 PLL@76C CPU@82.5C PMIC@50C GPU@81.5C AO@85.5C thermal@81.25C POM_5V_IN 9034/6708 POM_5V_GPU 4166/2573 POM_5V_CPU 2022/1602
RAM 3073/3964MB (lfb 4x4MB) SWAP 1920/1982MB (cached 3MB) IRAM 0/252kB(lfb 252kB) CPU [27%@1326,19%@1326,25%@1326,51%@1326] EMC_FREQ 21%@1600 GR3D_FREQ 99%@921 APE 25 PLL@76C CPU@82C PMIC@50C GPU@81.5C AO@85.5C thermal@81.25C POM_5V_IN 9115/6749 POM_5V_GPU 4166/2601 POM_5V_CPU 2103/1611
RAM 3073/3964MB (lfb 4x4MB) SWAP 1920/1982MB (cached 3MB) IRAM 0/252kB(lfb 252kB) CPU [77%@1479,30%@1479,12%@1479,8%@1479] EMC_FREQ 21%@1600 GR3D_FREQ 99%@921 APE 25 PLL@75.5C CPU@82C PMIC@50C GPU@82C AO@86C thermal@81.75C POM_5V_IN 8953/6787 POM_5V_GPU 4206/2628 POM_5V_CPU 1941/1617
RAM 3073/3964MB (lfb 4x4MB) SWAP 1920/1982MB (cached 3MB) IRAM 0/252kB(lfb 252kB) CPU [100%@1479,4%@1479,12%@1479,19%@1479] EMC_FREQ 21%@1600 GR3D_FREQ 99%@921 APE 25 PLL@76C CPU@82C PMIC@50C GPU@82C AO@86C thermal@81.75C POM_5V_IN 8912/6822 POM_5V_GPU 4166/2653 POM_5V_CPU 1901/1621
RAM 3073/3964MB (lfb 4x4MB) SWAP 1920/1982MB (cached 3MB) IRAM 0/252kB(lfb 252kB) CPU [50%@1326,12%@1326,28%@1326,33%@1326] EMC_FREQ 21%@1600 GR3D_FREQ 98%@921 APE 25 PLL@76.5C CPU@82.5C PMIC@50C GPU@82C AO@85.5C thermal@81.75C POM_5V_IN 8953/6857 POM_5V_GPU 4166/2678 POM_5V_CPU 1941/1627
RAM 3073/3964MB (lfb 4x4MB) SWAP 1920/1982MB (cached 3MB) IRAM 0/252kB(lfb 252kB) CPU [25%@710,13%@710,50%@710,36%@710] EMC_FREQ 21%@1600 GR3D_FREQ 98%@921 APE 25 PLL@76.5C CPU@82.5C PMIC@50C GPU@82C AO@86C thermal@81.75C POM_5V_IN 8993/6892 POM_5V_GPU 4166/2702 POM_5V_CPU 1941/1632
RAM 3074/3964MB (lfb 4x4MB) SWAP 1920/1982MB (cached 3MB) IRAM 0/252kB(lfb 252kB) CPU [36%@1326,25%@1326,30%@1326,55%@1326] EMC_FREQ 21%@1600 GR3D_FREQ 98%@921 APE 25 PLL@76.5C CPU@83.5C PMIC@50C GPU@82.5C AO@86C thermal@82.5C POM_5V_IN 9034/6926 POM_5V_GPU 4166/2725 POM_5V_CPU 1981/1637
RAM 3074/3964MB (lfb 4x4MB) SWAP 1920/1982MB (cached 3MB) IRAM 0/252kB(lfb 252kB) CPU [28%@1479,23%@1479,50%@1479,30%@1479] EMC_FREQ 21%@1600 GR3D_FREQ 98%@921 APE 25 PLL@77C CPU@83C PMIC@50C GPU@82.5C AO@86.5C thermal@82.5C POM_5V_IN 9074/6959 POM_5V_GPU 4166/2748 POM_5V_CPU 1981/1642
RAM 3074/3964MB (lfb 4x4MB) SWAP 1920/1982MB (cached 3MB) IRAM 0/252kB(lfb 252kB) CPU [29%@1479,21%@1479,46%@1479,33%@1479] EMC_FREQ 21%@1600 GR3D_FREQ 98%@921 APE 25 PLL@77C CPU@83.5C PMIC@50C GPU@83C AO@86.5C thermal@82.5C POM_5V_IN 9034/6991 POM_5V_GPU 4206/2770 POM_5V_CPU 1981/1648
RAM 3074/3964MB (lfb 4x4MB) SWAP 1920/1982MB (cached 3MB) IRAM 0/252kB(lfb 252kB) CPU [25%@1479,32%@1479,38%@1479,39%@1479] EMC_FREQ 21%@1600 GR3D_FREQ 98%@921 APE 25 PLL@77C CPU@83.5C PMIC@50C GPU@82.5C AO@86.5C thermal@82.5C POM_5V_IN 8993/7021 POM_5V_GPU 4206/2792 POM_5V_CPU 1981/1653
RAM 3074/3964MB (lfb 4x4MB) SWAP 1920/1982MB (cached 3MB) IRAM 0/252kB(lfb 252kB) CPU [29%@1132,38%@1132,42%@1132,30%@1132] EMC_FREQ 21%@1600 GR3D_FREQ 98%@921 APE 25 PLL@77.5C CPU@83.5C PMIC@50C GPU@82.5C AO@86.5C thermal@82.5C POM_5V_IN 9034/7051 POM_5V_GPU 4206/2813 POM_5V_CPU 1981/1658
RAM 3074/3964MB (lfb 4x4MB) SWAP 1920/1982MB (cached 3MB) IRAM 0/252kB(lfb 252kB) CPU [30%@1326,48%@1326,44%@1326,20%@1326] EMC_FREQ 21%@1600 GR3D_FREQ 98%@921 APE 25 PLL@77.5C CPU@83.5C PMIC@50C GPU@83C AO@87C thermal@83.25C POM_5V_IN 9115/7082 POM_5V_GPU 4206/2834 POM_5V_CPU 2062/1664
RAM 3074/3964MB (lfb 4x4MB) SWAP 1920/1982MB (cached 3MB) IRAM 0/252kB(lfb 252kB) CPU [32%@1428,23%@1428,40%@1428,42%@1428] EMC_FREQ 21%@1600 GR3D_FREQ 98%@921 APE 25 PLL@77.5C CPU@84C PMIC@50C GPU@83C AO@87C thermal@83.25C POM_5V_IN 9115/7111 POM_5V_GPU 4206/2853 POM_5V_CPU 2022/1669
RAM 3074/3964MB (lfb 4x4MB) SWAP 1920/1982MB (cached 3MB) IRAM 0/252kB(lfb 252kB) CPU [29%@1326,16%@1326,33%@1326,64%@1326] EMC_FREQ 21%@1600 GR3D_FREQ 98%@921 APE 25 PLL@78C CPU@84C PMIC@50C GPU@83C AO@87C thermal@83.25C POM_5V_IN 9074/7139 POM_5V_GPU 4206/2873 POM_5V_CPU 2022/1674
RAM 3074/3964MB (lfb 4x4MB) SWAP 1920/1982MB (cached 3MB) IRAM 0/252kB(lfb 252kB) CPU [28%@1224,20%@1224,28%@1224,56%@1224] EMC_FREQ 21%@1600 GR3D_FREQ 98%@921 APE 25 PLL@78C CPU@84C PMIC@50C GPU@83.5C AO@87.5C thermal@83.25C POM_5V_IN 9034/7166 POM_5V_GPU 4206/2892 POM_5V_CPU 1941/1678
RAM 3074/3964MB (lfb 4x4MB) SWAP 1920/1982MB (cached 3MB) IRAM 0/252kB(lfb 252kB) CPU [26%@1479,24%@1479,37%@1479,46%@1479] EMC_FREQ 21%@1600 GR3D_FREQ 98%@921 APE 25 PLL@78C CPU@84.5C PMIC@50C GPU@83.5C AO@87.5C thermal@83.5C POM_5V_IN 9115/7193 POM_5V_GPU 4206/2910 POM_5V_CPU 1981/1682
RAM 3074/3964MB (lfb 4x4MB) SWAP 1920/1982MB (cached 3MB) IRAM 0/252kB(lfb 252kB) CPU [18%@921,13%@921,50%@921,32%@921] EMC_FREQ 21%@1600 GR3D_FREQ 98%@921 APE 25 PLL@78.5C CPU@84.5C PMIC@50C GPU@84C AO@87.5C thermal@83.5C POM_5V_IN 9236/7221 POM_5V_GPU 4247/2928 POM_5V_CPU 2103/1688
RAM 3074/3964MB (lfb 4x4MB) SWAP 1920/1982MB (cached 3MB) IRAM 0/252kB(lfb 252kB) CPU [32%@1479,35%@1479,34%@1479,48%@1479] EMC_FREQ 21%@1600 GR3D_FREQ 99%@921 APE 25 PLL@78.5C CPU@84.5C PMIC@50C GPU@84C AO@87.5C thermal@83.5C POM_5V_IN 9115/7247 POM_5V_GPU 4247/2946 POM_5V_CPU 2022/1692
RAM 3074/3964MB (lfb 4x4MB) SWAP 1920/1982MB (cached 3MB) IRAM 0/252kB(lfb 252kB) CPU [32%@1326,30%@1326,41%@1326,16%@1326] EMC_FREQ 21%@1600 GR3D_FREQ 98%@921 APE 25 PLL@78.5C CPU@84.5C PMIC@50C GPU@84C AO@88C thermal@83.5C POM_5V_IN 9196/7273 POM_5V_GPU 4247/2963 POM_5V_CPU 2062/1697
RAM 3074/3964MB (lfb 4x4MB) SWAP 1920/1982MB (cached 3MB) IRAM 0/252kB(lfb 252kB) CPU [25%@1479,16%@1479,57%@1479,30%@1479] EMC_FREQ 21%@1600 GR3D_FREQ 98%@921 APE 25 PLL@78.5C CPU@85.5C PMIC@50C GPU@84C AO@88C thermal@85C POM_5V_IN 9196/7298 POM_5V_GPU 4247/2980 POM_5V_CPU 2103/1702
RAM 3074/3964MB (lfb 4x4MB) SWAP 1920/1982MB (cached 3MB) IRAM 0/252kB(lfb 252kB) CPU [28%@1224,32%@1224,36%@1224,29%@1224] EMC_FREQ 21%@1600 GR3D_FREQ 98%@921 APE 25 PLL@78.5C CPU@85.5C PMIC@50C GPU@84.5C AO@88.5C thermal@85C POM_5V_IN 9277/7324 POM_5V_GPU 4247/2997 POM_5V_CPU 2143/1708
RAM 3074/3964MB (lfb 4x4MB) SWAP 1920/1982MB (cached 3MB) IRAM 0/252kB(lfb 252kB) CPU [30%@1479,42%@1479,16%@1479,50%@1479] EMC_FREQ 21%@1600 GR3D_FREQ 99%@921 APE 25 PLL@79C CPU@85C PMIC@50C GPU@84C AO@88.5C thermal@85C POM_5V_IN 9115/7347 POM_5V_GPU 4247/3013 POM_5V_CPU 1981/1712
RAM 3074/3964MB (lfb 4x4MB) SWAP 1920/1982MB (cached 3MB) IRAM 0/252kB(lfb 252kB) CPU [28%@710,57%@710,23%@710,32%@710] EMC_FREQ 21%@1600 GR3D_FREQ 99%@921 APE 25 PLL@79C CPU@85.5C PMIC@50C GPU@84.5C AO@88.5C thermal@85C POM_5V_IN 9196/7370 POM_5V_GPU 4247/3028 POM_5V_CPU 2022/1715
RAM 3074/3964MB (lfb 4x4MB) SWAP 1920/1982MB (cached 3MB) IRAM 0/252kB(lfb 252kB) CPU [34%@1326,32%@1326,36%@1326,42%@1326] EMC_FREQ 21%@1600 GR3D_FREQ 98%@921 APE 25 PLL@79C CPU@85.5C PMIC@50C GPU@84.5C AO@88.5C thermal@85C POM_5V_IN 9155/7392 POM_5V_GPU 4247/3043 POM_5V_CPU 2022/1719
RAM 3074/3964MB (lfb 4x4MB) SWAP 1920/1982MB (cached 3MB) IRAM 0/252kB(lfb 252kB) CPU [30%@1224,23%@1224,20%@1224,74%@1224] EMC_FREQ 21%@1600 GR3D_FREQ 98%@921 APE 25 PLL@79C CPU@86C PMIC@50C GPU@84.5C AO@89C thermal@85.25C POM_5V_IN 9155/7414 POM_5V_GPU 4287/3059 POM_5V_CPU 1981/1722
RAM 3074/3964MB (lfb 4x4MB) SWAP 1920/1982MB (cached 3MB) IRAM 0/252kB(lfb 252kB) CPU [29%@1479,56%@1479,32%@1479,12%@1479] EMC_FREQ 21%@1600 GR3D_FREQ 98%@921 APE 25 PLL@79C CPU@85.5C PMIC@50C GPU@85C AO@89C thermal@85.25C POM_5V_IN 9236/7436 POM_5V_GPU 4247/3073 POM_5V_CPU 2103/1727
RAM 3074/3964MB (lfb 4x4MB) SWAP 1920/1982MB (cached 3MB) IRAM 0/252kB(lfb 252kB) CPU [32%@1479,26%@1479,33%@1479,44%@1479] EMC_FREQ 21%@1600 GR3D_FREQ 98%@921 APE 25 PLL@79.5C CPU@86C PMIC@50C GPU@85C AO@89C thermal@85.25C POM_5V_IN 9277/7458 POM_5V_GPU 4287/3088 POM_5V_CPU 2062/1731
RAM 3074/3964MB (lfb 4x4MB) SWAP 1920/1982MB (cached 3MB) IRAM 0/252kB(lfb 252kB) CPU [28%@1479,30%@1479,30%@1479,48%@1479] EMC_FREQ 21%@1600 GR3D_FREQ 98%@921 APE 25 PLL@79.5C CPU@86C PMIC@50C GPU@85C AO@89C thermal@85.25C POM_5V_IN 9155/7479 POM_5V_GPU 4287/3102 POM_5V_CPU 1981/1734
RAM 3074/3964MB (lfb 4x4MB) SWAP 1920/1982MB (cached 3MB) IRAM 0/252kB(lfb 252kB) CPU [18%@1479,53%@1479,36%@1479,10%@1479] EMC_FREQ 21%@1600 GR3D_FREQ 99%@921 APE 25 PLL@79.5C CPU@85.5C PMIC@50C GPU@85C AO@89C thermal@85.5C POM_5V_IN 9236/7499 POM_5V_GPU 4287/3116 POM_5V_CPU 2062/1738
RAM 3074/3964MB (lfb 4x4MB) SWAP 1920/1982MB (cached 3MB) IRAM 0/252kB(lfb 252kB) CPU [18%@1479,100%@1479,12%@1479,8%@1479] EMC_FREQ 21%@1600 GR3D_FREQ 99%@921 APE 25 PLL@79.5C CPU@86C PMIC@50C GPU@85.5C AO@89C thermal@85.5C POM_5V_IN 9196/7519 POM_5V_GPU 4287/3130 POM_5V_CPU 2022/1741
RAM 3074/3964MB (lfb 4x4MB) SWAP 1920/1982MB (cached 3MB) IRAM 0/252kB(lfb 252kB) CPU [12%@1479,96%@1479,16%@1479,15%@1479] EMC_FREQ 21%@1600 GR3D_FREQ 99%@921 APE 25 PLL@79.5C CPU@86C PMIC@50C GPU@85C AO@89C thermal@85.5C POM_5V_IN 9317/7540 POM_5V_GPU 4287/3143 POM_5V_CPU 2143/1746
RAM 3074/3964MB (lfb 4x4MB) SWAP 1920/1982MB (cached 3MB) IRAM 0/252kB(lfb 252kB) CPU [20%@1479,54%@1479,28%@1479,32%@1479] EMC_FREQ 21%@1600 GR3D_FREQ 98%@921 APE 25 PLL@80C CPU@86.5C PMIC@50C GPU@85.5C AO@89.5C thermal@85.5C POM_5V_IN 9277/7559 POM_5V_GPU 4287/3156 POM_5V_CPU 2103/1750
RAM 3074/3964MB (lfb 4x4MB) SWAP 1920/1982MB (cached 3MB) IRAM 0/252kB(lfb 252kB) CPU [20%@1326,32%@1326,34%@1326,48%@1326] EMC_FREQ 21%@1600 GR3D_FREQ 98%@921 APE 25 PLL@80C CPU@87C PMIC@50C GPU@85.5C AO@89.5C thermal@86.5C POM_5V_IN 9398/7580 POM_5V_GPU 4287/3169 POM_5V_CPU 2184/1755
RAM 3069/3964MB (lfb 4x4MB) SWAP 1920/1982MB (cached 3MB) IRAM 0/252kB(lfb 252kB) CPU [21%@1479,26%@1479,33%@1479,68%@1479] EMC_FREQ 21%@1600 GR3D_FREQ 98%@921 APE 25 PLL@80C CPU@87C PMIC@50C GPU@86C AO@89.5C thermal@86.5C POM_5V_IN 9439/7601 POM_5V_GPU 4287/3181 POM_5V_CPU 2184/1760
RAM 3069/3964MB (lfb 4x4MB) SWAP 1920/1982MB (cached 3MB) IRAM 0/252kB(lfb 252kB) CPU [53%@1479,30%@1479,17%@1479,26%@1479] EMC_FREQ 21%@1600 GR3D_FREQ 98%@921 APE 25 PLL@80C CPU@86.5C PMIC@50C GPU@86C AO@90C thermal@86.5C POM_5V_IN 9358/7620 POM_5V_GPU 4287/3193 POM_5V_CPU 2143/1764
RAM 3069/3964MB (lfb 4x4MB) SWAP 1920/1982MB (cached 3MB) IRAM 0/252kB(lfb 252kB) CPU [44%@1479,29%@1479,20%@1479,40%@1479] EMC_FREQ 21%@1600 GR3D_FREQ 98%@921 APE 25 PLL@80.5C CPU@86.5C PMIC@50C GPU@86C AO@90C thermal@86.5C POM_5V_IN 9317/7638 POM_5V_GPU 4327/3206 POM_5V_CPU 2062/1767
RAM 3069/3964MB (lfb 4x4MB) SWAP 1920/1982MB (cached 3MB) IRAM 0/252kB(lfb 252kB) CPU [39%@825,24%@825,34%@825,46%@825] EMC_FREQ 21%@1600 GR3D_FREQ 98%@921 APE 25 PLL@80.5C CPU@87C PMIC@50C GPU@86C AO@90C thermal@86.5C POM_5V_IN 9317/7656 POM_5V_GPU 4327/3218 POM_5V_CPU 2103/1771
RAM 3069/3964MB (lfb 4x4MB) SWAP 1920/1982MB (cached 3MB) IRAM 0/252kB(lfb 252kB) CPU [33%@1479,26%@1479,30%@1479,37%@1479] EMC_FREQ 21%@1600 GR3D_FREQ 98%@921 APE 25 PLL@80.5C CPU@87.5C PMIC@50C GPU@86C AO@90.5C thermal@87C POM_5V_IN 9317/7674 POM_5V_GPU 4327/3229 POM_5V_CPU 2103/1774
RAM 3069/3964MB (lfb 4x4MB) SWAP 1920/1982MB (cached 3MB) IRAM 0/252kB(lfb 252kB) CPU [32%@1479,21%@1479,16%@1479,59%@1479] EMC_FREQ 21%@1600 GR3D_FREQ 98%@921 APE 25 PLL@80.5C CPU@87C PMIC@50C GPU@86.5C AO@90.5C thermal@87C POM_5V_IN 9317/7691 POM_5V_GPU 4287/3241 POM_5V_CPU 2062/1777
RAM 3069/3964MB (lfb 4x4MB) SWAP 1920/1982MB (cached 3MB) IRAM 0/252kB(lfb 252kB) CPU [56%@1479,21%@1479,26%@1479,39%@1036] EMC_FREQ 21%@1600 GR3D_FREQ 98%@921 APE 25 PLL@81C CPU@87.5C PMIC@50C GPU@86.5C AO@90.5C thermal@87C POM_5V_IN 9358/7709 POM_5V_GPU 4327/3252 POM_5V_CPU 2143/1781
RAM 3068/3964MB (lfb 4x4MB) SWAP 1920/1982MB (cached 3MB) IRAM 0/252kB(lfb 252kB) CPU [47%@1428,17%@1428,28%@1428,30%@1428] EMC_FREQ 21%@1600 GR3D_FREQ 98%@921 APE 25 PLL@80.5C CPU@87.5C PMIC@50C GPU@86.5C AO@90.5C thermal@87C POM_5V_IN 9317/7725 POM_5V_GPU 4327/3263 POM_5V_CPU 2143/1785
RAM 3068/3964MB (lfb 4x4MB) SWAP 1920/1982MB (cached 3MB) IRAM 0/252kB(lfb 252kB) CPU [44%@1479,21%@1479,32%@1479,45%@1479] EMC_FREQ 21%@1600 GR3D_FREQ 99%@921 APE 25 PLL@81C CPU@87.5C PMIC@50C GPU@87C AO@90.5C thermal@87C POM_5V_IN 9398/7742 POM_5V_GPU 4327/3274 POM_5V_CPU 2143/1788
RAM 3068/3964MB (lfb 4x4MB) SWAP 1920/1982MB (cached 3MB) IRAM 0/252kB(lfb 252kB) CPU [42%@1479,30%@1479,29%@1479,44%@1479] EMC_FREQ 21%@1600 GR3D_FREQ 98%@921 APE 25 PLL@81C CPU@87C PMIC@50C GPU@87C AO@90.5C thermal@87C POM_5V_IN 9439/7760 POM_5V_GPU 4327/3284 POM_5V_CPU 2184/1792
RAM 3068/3964MB (lfb 4x4MB) SWAP 1920/1982MB (cached 3MB) IRAM 0/252kB(lfb 252kB) CPU [32%@1479,20%@1479,30%@1479,34%@1479] EMC_FREQ 21%@1600 GR3D_FREQ 98%@921 APE 25 PLL@81C CPU@87.5C PMIC@50C GPU@87C AO@91C thermal@87C POM_5V_IN 9439/7776 POM_5V_GPU 4327/3295 POM_5V_CPU 2143/1796
RAM 3068/3964MB (lfb 4x4MB) SWAP 1920/1982MB (cached 3MB) IRAM 0/252kB(lfb 252kB) CPU [37%@1479,12%@1479,40%@1479,39%@1479] EMC_FREQ 21%@1600 GR3D_FREQ 98%@921 APE 25 PLL@81C CPU@88C PMIC@50C GPU@86.5C AO@90.5C thermal@87C POM_5V_IN 9277/7791 POM_5V_GPU 4327/3305 POM_5V_CPU 2022/1798
RAM 3069/3964MB (lfb 4x4MB) SWAP 1920/1982MB (cached 3MB) IRAM 0/252kB(lfb 252kB) CPU [100%@1479,3%@1479,16%@1479,4%@1479] EMC_FREQ 21%@1600 GR3D_FREQ 99%@921 APE 25 PLL@81C CPU@87.5C PMIC@50C GPU@87C AO@91C thermal@87.25C POM_5V_IN 9196/7805 POM_5V_GPU 4368/3316 POM_5V_CPU 1941/1799
RAM 3069/3964MB (lfb 4x4MB) SWAP 1920/1982MB (cached 3MB) IRAM 0/252kB(lfb 252kB) CPU [92%@1479,4%@1479,23%@1479,12%@1479] EMC_FREQ 21%@1600 GR3D_FREQ 99%@921 APE 25 PLL@81C CPU@87.5C PMIC@50C GPU@87C AO@91C thermal@87.25C POM_5V_IN 9277/7819 POM_5V_GPU 4368/3326 POM_5V_CPU 2022/1802
RAM 3068/3964MB (lfb 4x4MB) SWAP 1920/1982MB (cached 3MB) IRAM 0/252kB(lfb 252kB) CPU [42%@1479,15%@1479,23%@1479,60%@1479] EMC_FREQ 21%@1600 GR3D_FREQ 98%@921 APE 25 PLL@81C CPU@88C PMIC@50C GPU@87C AO@90.5C thermal@87.25C POM_5V_IN 9196/7832 POM_5V_GPU 4327/3335 POM_5V_CPU 1941/1803
RAM 3059/3964MB (lfb 6x4MB) SWAP 1920/1982MB (cached 3MB) IRAM 0/252kB(lfb 252kB) CPU [16%@1479,60%@1479,32%@1479,16%@1479] EMC_FREQ 20%@1600 GR3D_FREQ 0%@921 APE 25 PLL@80.5C CPU@85C PMIC@50C GPU@84C AO@90.5C thermal@87.25C POM_5V_IN 5405/7809 POM_5V_GPU 1300/3316 POM_5V_CPU 1625/1801
RAM 2722/3964MB (lfb 6x4MB) SWAP 1920/1982MB (cached 3MB) IRAM 0/252kB(lfb 252kB) CPU [3%@1479,81%@1479,19%@1479,0%@1479] EMC_FREQ 19%@1600 GR3D_FREQ 0%@921 APE 25 PLL@78C CPU@81.5C PMIC@50C GPU@80.5C AO@88C thermal@87.25C POM_5V_IN 4151/7775 POM_5V_GPU 407/3289 POM_5V_CPU 1424/1798
