&&&& RUNNING TensorRT.trtexec [TensorRT v8001] # /usr/src/tensorrt/bin/trtexec --loadEngine=engines/tomato_yolov8n_cls_fieldaug_e25_fp16.engine --warmUp=1000 --duration=20 --iterations=1000
[05/14/2026-14:24:08] [I] === Model Options ===
[05/14/2026-14:24:08] [I] Format: *
[05/14/2026-14:24:08] [I] Model: 
[05/14/2026-14:24:08] [I] Output:
[05/14/2026-14:24:08] [I] === Build Options ===
[05/14/2026-14:24:08] [I] Max batch: 1
[05/14/2026-14:24:08] [I] Workspace: 16 MiB
[05/14/2026-14:24:08] [I] minTiming: 1
[05/14/2026-14:24:08] [I] avgTiming: 8
[05/14/2026-14:24:08] [I] Precision: FP32
[05/14/2026-14:24:08] [I] Calibration: 
[05/14/2026-14:24:08] [I] Refit: Disabled
[05/14/2026-14:24:08] [I] Sparsity: Disabled
[05/14/2026-14:24:08] [I] Safe mode: Disabled
[05/14/2026-14:24:08] [I] Restricted mode: Disabled
[05/14/2026-14:24:08] [I] Save engine: 
[05/14/2026-14:24:08] [I] Load engine: engines/tomato_yolov8n_cls_fieldaug_e25_fp16.engine
[05/14/2026-14:24:08] [I] NVTX verbosity: 0
[05/14/2026-14:24:08] [I] Tactic sources: Using default tactic sources
[05/14/2026-14:24:08] [I] timingCacheMode: local
[05/14/2026-14:24:08] [I] timingCacheFile: 
[05/14/2026-14:24:08] [I] Input(s)s format: fp32:CHW
[05/14/2026-14:24:08] [I] Output(s)s format: fp32:CHW
[05/14/2026-14:24:08] [I] Input build shapes: model
[05/14/2026-14:24:08] [I] Input calibration shapes: model
[05/14/2026-14:24:08] [I] === System Options ===
[05/14/2026-14:24:08] [I] Device: 0
[05/14/2026-14:24:08] [I] DLACore: 
[05/14/2026-14:24:08] [I] Plugins:
[05/14/2026-14:24:08] [I] === Inference Options ===
[05/14/2026-14:24:08] [I] Batch: 1
[05/14/2026-14:24:08] [I] Input inference shapes: model
[05/14/2026-14:24:08] [I] Iterations: 1000
[05/14/2026-14:24:08] [I] Duration: 20s (+ 1000ms warm up)
[05/14/2026-14:24:08] [I] Sleep time: 0ms
[05/14/2026-14:24:08] [I] Streams: 1
[05/14/2026-14:24:08] [I] ExposeDMA: Disabled
[05/14/2026-14:24:08] [I] Data transfers: Enabled
[05/14/2026-14:24:08] [I] Spin-wait: Disabled
[05/14/2026-14:24:08] [I] Multithreading: Disabled
[05/14/2026-14:24:08] [I] CUDA Graph: Disabled
[05/14/2026-14:24:08] [I] Separate profiling: Disabled
[05/14/2026-14:24:08] [I] Time Deserialize: Disabled
[05/14/2026-14:24:08] [I] Time Refit: Disabled
[05/14/2026-14:24:08] [I] Skip inference: Disabled
[05/14/2026-14:24:08] [I] Inputs:
[05/14/2026-14:24:08] [I] === Reporting Options ===
[05/14/2026-14:24:08] [I] Verbose: Disabled
[05/14/2026-14:24:08] [I] Averages: 10 inferences
[05/14/2026-14:24:08] [I] Percentile: 99
[05/14/2026-14:24:08] [I] Dump refittable layers:Disabled
[05/14/2026-14:24:08] [I] Dump output: Disabled
[05/14/2026-14:24:08] [I] Profile: Disabled
[05/14/2026-14:24:08] [I] Export timing to JSON file: 
[05/14/2026-14:24:08] [I] Export output to JSON file: 
[05/14/2026-14:24:08] [I] Export profile to JSON file: 
[05/14/2026-14:24:08] [I] 
[05/14/2026-14:24:08] [I] === Device Information ===
[05/14/2026-14:24:08] [I] Selected Device: NVIDIA Tegra X1
[05/14/2026-14:24:08] [I] Compute Capability: 5.3
[05/14/2026-14:24:08] [I] SMs: 1
[05/14/2026-14:24:08] [I] Compute Clock Rate: 0.9216 GHz
[05/14/2026-14:24:08] [I] Device Global Memory: 3964 MiB
[05/14/2026-14:24:08] [I] Shared Memory per SM: 64 KiB
[05/14/2026-14:24:08] [I] Memory Bus Width: 64 bits (ECC disabled)
[05/14/2026-14:24:08] [I] Memory Clock Rate: 0.01275 GHz
[05/14/2026-14:24:08] [I] 
[05/14/2026-14:24:08] [I] TensorRT version: 8001
[05/14/2026-14:24:09] [I] [TRT] [MemUsageChange] Init CUDA: CPU +202, GPU +0, now: CPU 226, GPU 3201 (MiB)
[05/14/2026-14:24:09] [I] [TRT] Loaded engine size: 5 MB
[05/14/2026-14:24:09] [I] [TRT] [MemUsageSnapshot] deserializeCudaEngine begin: CPU 226 MiB, GPU 3201 MiB
[05/14/2026-14:24:10] [I] [TRT] [MemUsageChange] Init cuBLAS/cuBLASLt: CPU +158, GPU +159, now: CPU 387, GPU 3362 (MiB)
[05/14/2026-14:24:11] [I] [TRT] [MemUsageChange] Init cuDNN: CPU +241, GPU +241, now: CPU 628, GPU 3603 (MiB)
[05/14/2026-14:24:11] [I] [TRT] [MemUsageChange] Init cuBLAS/cuBLASLt: CPU +0, GPU +0, now: CPU 627, GPU 3603 (MiB)
[05/14/2026-14:24:11] [I] [TRT] [MemUsageSnapshot] deserializeCudaEngine end: CPU 627 MiB, GPU 3603 MiB
[05/14/2026-14:24:11] [I] Engine loaded in 3.82533 sec.
[05/14/2026-14:24:11] [I] [TRT] [MemUsageSnapshot] ExecutionContext creation begin: CPU 622 MiB, GPU 3598 MiB
[05/14/2026-14:24:11] [I] [TRT] [MemUsageChange] Init cuBLAS/cuBLASLt: CPU +0, GPU +0, now: CPU 622, GPU 3598 (MiB)
[05/14/2026-14:24:11] [I] [TRT] [MemUsageChange] Init cuDNN: CPU +0, GPU +0, now: CPU 622, GPU 3598 (MiB)
[05/14/2026-14:24:11] [I] [TRT] [MemUsageSnapshot] ExecutionContext creation end: CPU 623 MiB, GPU 3598 MiB
[05/14/2026-14:24:11] [I] Created input binding for images with dimensions 1x3x224x224
[05/14/2026-14:24:11] [I] Created output binding for output0 with dimensions 1x10
[05/14/2026-14:24:11] [I] Starting inference
[05/14/2026-14:24:32] [I] Warmup completed 242 queries over 1000 ms
[05/14/2026-14:24:32] [I] Timing trace has 5242 queries over 20.0062 s
[05/14/2026-14:24:32] [I] 
[05/14/2026-14:24:32] [I] === Trace details ===
[05/14/2026-14:24:32] [I] Trace averages of 10 runs:
[05/14/2026-14:24:32] [I] Average on 10 runs - GPU latency: 3.74677 ms - Host latency: 3.80812 ms (end to end 3.81766 ms, enqueue 2.32247 ms)
[05/14/2026-14:24:32] [I] Average on 10 runs - GPU latency: 3.72719 ms - Host latency: 3.78801 ms (end to end 3.79805 ms, enqueue 2.5916 ms)
[05/14/2026-14:24:32] [I] Average on 10 runs - GPU latency: 3.75226 ms - Host latency: 3.81366 ms (end to end 3.82559 ms, enqueue 2.57488 ms)
[05/14/2026-14:24:32] [I] Average on 10 runs - GPU latency: 3.74689 ms - Host latency: 3.80803 ms (end to end 3.81781 ms, enqueue 2.42312 ms)
[05/14/2026-14:24:32] [I] Average on 10 runs - GPU latency: 3.75972 ms - Host latency: 3.82045 ms (end to end 3.82979 ms, enqueue 2.20544 ms)
[05/14/2026-14:24:32] [I] Average on 10 runs - GPU latency: 3.73346 ms - Host latency: 3.79476 ms (end to end 3.8038 ms, enqueue 2.61659 ms)
[05/14/2026-14:24:32] [I] Average on 10 runs - GPU latency: 3.74042 ms - Host latency: 3.80161 ms (end to end 3.8124 ms, enqueue 2.62529 ms)
[05/14/2026-14:24:32] [I] Average on 10 runs - GPU latency: 3.73915 ms - Host latency: 3.80013 ms (end to end 3.80981 ms, enqueue 2.53292 ms)
[05/14/2026-14:24:32] [I] Average on 10 runs - GPU latency: 3.74801 ms - Host latency: 3.80918 ms (end to end 3.81904 ms, enqueue 2.63207 ms)
[05/14/2026-14:24:32] [I] Average on 10 runs - GPU latency: 3.74474 ms - Host latency: 3.8058 ms (end to end 3.81552 ms, enqueue 2.49669 ms)
[05/14/2026-14:24:32] [I] Average on 10 runs - GPU latency: 3.75471 ms - Host latency: 3.81647 ms (end to end 3.82609 ms, enqueue 2.30457 ms)
[05/14/2026-14:24:32] [I] Average on 10 runs - GPU latency: 3.78159 ms - Host latency: 3.84348 ms (end to end 3.86168 ms, enqueue 2.59133 ms)
[05/14/2026-14:24:32] [I] Average on 10 runs - GPU latency: 3.78524 ms - Host latency: 3.84677 ms (end to end 3.85682 ms, enqueue 2.47351 ms)
[05/14/2026-14:24:32] [I] Average on 10 runs - GPU latency: 3.75216 ms - Host latency: 3.81306 ms (end to end 3.82271 ms, enqueue 2.25607 ms)
[05/14/2026-14:24:32] [I] Average on 10 runs - GPU latency: 3.74137 ms - Host latency: 3.80214 ms (end to end 3.81173 ms, enqueue 2.45195 ms)
[05/14/2026-14:24:32] [I] Average on 10 runs - GPU latency: 3.7512 ms - Host latency: 3.81254 ms (end to end 3.82201 ms, enqueue 2.40902 ms)
[05/14/2026-14:24:32] [I] Average on 10 runs - GPU latency: 3.7214 ms - Host latency: 3.78297 ms (end to end 3.79381 ms, enqueue 2.89637 ms)
[05/14/2026-14:24:32] [I] Average on 10 runs - GPU latency: 3.69518 ms - Host latency: 3.75743 ms (end to end 3.77108 ms, enqueue 3.47789 ms)
[05/14/2026-14:24:32] [I] Average on 10 runs - GPU latency: 3.70685 ms - Host latency: 3.76761 ms (end to end 3.77687 ms, enqueue 3.36013 ms)
[05/14/2026-14:24:32] [I] Average on 10 runs - GPU latency: 3.70996 ms - Host latency: 3.77084 ms (end to end 3.78047 ms, enqueue 3.33937 ms)
[05/14/2026-14:24:32] [I] Average on 10 runs - GPU latency: 3.70507 ms - Host latency: 3.7662 ms (end to end 3.77598 ms, enqueue 3.36843 ms)
[05/14/2026-14:24:32] [I] Average on 10 runs - GPU latency: 3.70566 ms - Host latency: 3.76715 ms (end to end 3.77701 ms, enqueue 3.43595 ms)
[05/14/2026-14:24:32] [I] Average on 10 runs - GPU latency: 3.69797 ms - Host latency: 3.76145 ms (end to end 3.77511 ms, enqueue 3.54418 ms)
[05/14/2026-14:24:32] [I] Average on 10 runs - GPU latency: 3.69998 ms - Host latency: 3.76277 ms (end to end 3.77733 ms, enqueue 3.50233 ms)
[05/14/2026-14:24:32] [I] Average on 10 runs - GPU latency: 3.69977 ms - Host latency: 3.76154 ms (end to end 3.7767 ms, enqueue 3.47026 ms)
[05/14/2026-14:24:32] [I] Average on 10 runs - GPU latency: 3.7012 ms - Host latency: 3.76234 ms (end to end 3.77048 ms, enqueue 3.37916 ms)
[05/14/2026-14:24:32] [I] Average on 10 runs - GPU latency: 3.70856 ms - Host latency: 3.76956 ms (end to end 3.77911 ms, enqueue 3.33527 ms)
[05/14/2026-14:24:32] [I] Average on 10 runs - GPU latency: 3.70629 ms - Host latency: 3.76761 ms (end to end 3.77814 ms, enqueue 3.37289 ms)
[05/14/2026-14:24:32] [I] Average on 10 runs - GPU latency: 3.70796 ms - Host latency: 3.76873 ms (end to end 3.77864 ms, enqueue 3.34377 ms)
[05/14/2026-14:24:32] [I] Average on 10 runs - GPU latency: 3.70361 ms - Host latency: 3.76533 ms (end to end 3.77996 ms, enqueue 3.43777 ms)
[05/14/2026-14:24:32] [I] Average on 10 runs - GPU latency: 3.70256 ms - Host latency: 3.76401 ms (end to end 3.77422 ms, enqueue 3.45571 ms)
[05/14/2026-14:24:32] [I] Average on 10 runs - GPU latency: 3.70059 ms - Host latency: 3.7625 ms (end to end 3.775 ms, enqueue 3.44148 ms)
[05/14/2026-14:24:32] [I] Average on 10 runs - GPU latency: 3.70796 ms - Host latency: 3.76943 ms (end to end 3.78018 ms, enqueue 3.32485 ms)
[05/14/2026-14:24:32] [I] Average on 10 runs - GPU latency: 3.71418 ms - Host latency: 3.77502 ms (end to end 3.78406 ms, enqueue 3.03508 ms)
[05/14/2026-14:24:32] [I] Average on 10 runs - GPU latency: 3.70078 ms - Host latency: 3.76179 ms (end to end 3.77122 ms, enqueue 3.3689 ms)
[05/14/2026-14:24:32] [I] Average on 10 runs - GPU latency: 3.70149 ms - Host latency: 3.76306 ms (end to end 3.77393 ms, enqueue 3.44812 ms)
[05/14/2026-14:24:32] [I] Average on 10 runs - GPU latency: 3.7022 ms - Host latency: 3.76343 ms (end to end 3.77717 ms, enqueue 3.43035 ms)
[05/14/2026-14:24:32] [I] Average on 10 runs - GPU latency: 3.73779 ms - Host latency: 3.79883 ms (end to end 3.80798 ms, enqueue 2.85059 ms)
[05/14/2026-14:24:32] [I] Average on 10 runs - GPU latency: 3.79888 ms - Host latency: 3.8614 ms (end to end 3.88132 ms, enqueue 3.25698 ms)
[05/14/2026-14:24:32] [I] Average on 10 runs - GPU latency: 3.69702 ms - Host latency: 3.7593 ms (end to end 3.77256 ms, enqueue 3.53281 ms)
[05/14/2026-14:24:32] [I] Average on 10 runs - GPU latency: 3.69646 ms - Host latency: 3.75784 ms (end to end 3.77268 ms, enqueue 3.43059 ms)
[05/14/2026-14:24:32] [I] Average on 10 runs - GPU latency: 3.70164 ms - Host latency: 3.76284 ms (end to end 3.77617 ms, enqueue 3.42395 ms)
[05/14/2026-14:24:32] [I] Average on 10 runs - GPU latency: 3.70662 ms - Host latency: 3.76926 ms (end to end 3.78259 ms, enqueue 3.48567 ms)
[05/14/2026-14:24:32] [I] Average on 10 runs - GPU latency: 3.75498 ms - Host latency: 3.81621 ms (end to end 3.82581 ms, enqueue 2.32761 ms)
[05/14/2026-14:24:32] [I] Average on 10 runs - GPU latency: 3.76174 ms - Host latency: 3.8231 ms (end to end 3.83284 ms, enqueue 2.28833 ms)
[05/14/2026-14:24:32] [I] Average on 10 runs - GPU latency: 3.76331 ms - Host latency: 3.82432 ms (end to end 3.83389 ms, enqueue 2.203 ms)
[05/14/2026-14:24:32] [I] Average on 10 runs - GPU latency: 3.76838 ms - Host latency: 3.82927 ms (end to end 3.83884 ms, enqueue 2.12368 ms)
[05/14/2026-14:24:32] [I] Average on 10 runs - GPU latency: 3.7405 ms - Host latency: 3.80154 ms (end to end 3.81057 ms, enqueue 2.49563 ms)
[05/14/2026-14:24:32] [I] Average on 10 runs - GPU latency: 3.73665 ms - Host latency: 3.79795 ms (end to end 3.80847 ms, enqueue 2.67354 ms)
[05/14/2026-14:24:32] [I] Average on 10 runs - GPU latency: 3.73306 ms - Host latency: 3.79446 ms (end to end 3.80352 ms, enqueue 2.62344 ms)
[05/14/2026-14:24:32] [I] Average on 10 runs - GPU latency: 3.71663 ms - Host latency: 3.77783 ms (end to end 3.78704 ms, enqueue 3.05132 ms)
[05/14/2026-14:24:32] [I] Average on 10 runs - GPU latency: 3.70361 ms - Host latency: 3.76587 ms (end to end 3.77898 ms, enqueue 3.52283 ms)
[05/14/2026-14:24:32] [I] Average on 10 runs - GPU latency: 3.70159 ms - Host latency: 3.76252 ms (end to end 3.77473 ms, enqueue 3.4282 ms)
[05/14/2026-14:24:32] [I] Average on 10 runs - GPU latency: 3.70654 ms - Host latency: 3.76804 ms (end to end 3.77781 ms, enqueue 3.38149 ms)
[05/14/2026-14:24:32] [I] Average on 10 runs - GPU latency: 3.70605 ms - Host latency: 3.76682 ms (end to end 3.77605 ms, enqueue 3.37249 ms)
[05/14/2026-14:24:32] [I] Average on 10 runs - GPU latency: 3.70476 ms - Host latency: 3.76587 ms (end to end 3.77754 ms, enqueue 3.37256 ms)
[05/14/2026-14:24:32] [I] Average on 10 runs - GPU latency: 3.70281 ms - Host latency: 3.76462 ms (end to end 3.77576 ms, enqueue 3.4533 ms)
[05/14/2026-14:24:32] [I] Average on 10 runs - GPU latency: 3.70371 ms - Host latency: 3.76475 ms (end to end 3.77529 ms, enqueue 3.37314 ms)
[05/14/2026-14:24:32] [I] Average on 10 runs - GPU latency: 3.70278 ms - Host latency: 3.76494 ms (end to end 3.77512 ms, enqueue 3.5386 ms)
[05/14/2026-14:24:32] [I] Average on 10 runs - GPU latency: 3.70515 ms - Host latency: 3.76692 ms (end to end 3.77947 ms, enqueue 3.43394 ms)
[05/14/2026-14:24:32] [I] Average on 10 runs - GPU latency: 3.70696 ms - Host latency: 3.76802 ms (end to end 3.77847 ms, enqueue 3.37195 ms)
[05/14/2026-14:24:32] [I] Average on 10 runs - GPU latency: 3.71011 ms - Host latency: 3.77173 ms (end to end 3.7822 ms, enqueue 3.36238 ms)
[05/14/2026-14:24:32] [I] Average on 10 runs - GPU latency: 3.70588 ms - Host latency: 3.76758 ms (end to end 3.77773 ms, enqueue 3.43728 ms)
[05/14/2026-14:24:32] [I] Average on 10 runs - GPU latency: 3.70308 ms - Host latency: 3.76433 ms (end to end 3.77571 ms, enqueue 3.44185 ms)
[05/14/2026-14:24:32] [I] Average on 10 runs - GPU latency: 3.80544 ms - Host latency: 3.86807 ms (end to end 3.88916 ms, enqueue 3.58557 ms)
[05/14/2026-14:24:32] [I] Average on 10 runs - GPU latency: 3.72817 ms - Host latency: 3.78989 ms (end to end 3.80137 ms, enqueue 2.88486 ms)
[05/14/2026-14:24:32] [I] Average on 10 runs - GPU latency: 3.76006 ms - Host latency: 3.82107 ms (end to end 3.83066 ms, enqueue 2.19004 ms)
[05/14/2026-14:24:32] [I] Average on 10 runs - GPU latency: 3.76321 ms - Host latency: 3.82402 ms (end to end 3.83372 ms, enqueue 2.19187 ms)
[05/14/2026-14:24:32] [I] Average on 10 runs - GPU latency: 3.72998 ms - Host latency: 3.79121 ms (end to end 3.80134 ms, enqueue 2.67144 ms)
[05/14/2026-14:24:32] [I] Average on 10 runs - GPU latency: 3.75125 ms - Host latency: 3.81216 ms (end to end 3.822 ms, enqueue 2.49951 ms)
[05/14/2026-14:24:32] [I] Average on 10 runs - GPU latency: 3.74644 ms - Host latency: 3.80732 ms (end to end 3.81709 ms, enqueue 2.51353 ms)
[05/14/2026-14:24:32] [I] Average on 10 runs - GPU latency: 3.74448 ms - Host latency: 3.80581 ms (end to end 3.81536 ms, enqueue 2.64944 ms)
[05/14/2026-14:24:32] [I] Average on 10 runs - GPU latency: 3.73809 ms - Host latency: 3.79978 ms (end to end 3.80977 ms, enqueue 2.66147 ms)
[05/14/2026-14:24:32] [I] Average on 10 runs - GPU latency: 3.73972 ms - Host latency: 3.80103 ms (end to end 3.81055 ms, enqueue 2.56648 ms)
[05/14/2026-14:24:32] [I] Average on 10 runs - GPU latency: 3.74578 ms - Host latency: 3.80654 ms (end to end 3.81619 ms, enqueue 2.44839 ms)
[05/14/2026-14:24:32] [I] Average on 10 runs - GPU latency: 3.76318 ms - Host latency: 3.82444 ms (end to end 3.83389 ms, enqueue 2.1793 ms)
[05/14/2026-14:24:32] [I] Average on 10 runs - GPU latency: 3.71077 ms - Host latency: 3.773 ms (end to end 3.78599 ms, enqueue 3.16104 ms)
[05/14/2026-14:24:32] [I] Average on 10 runs - GPU latency: 3.69934 ms - Host latency: 3.76125 ms (end to end 3.77327 ms, enqueue 3.48877 ms)
[05/14/2026-14:24:32] [I] Average on 10 runs - GPU latency: 3.69795 ms - Host latency: 3.7604 ms (end to end 3.77373 ms, enqueue 3.55312 ms)
[05/14/2026-14:24:32] [I] Average on 10 runs - GPU latency: 3.70034 ms - Host latency: 3.76255 ms (end to end 3.77678 ms, enqueue 3.64763 ms)
[05/14/2026-14:24:32] [I] Average on 10 runs - GPU latency: 3.69807 ms - Host latency: 3.76008 ms (end to end 3.77351 ms, enqueue 3.43604 ms)
[05/14/2026-14:24:32] [I] Average on 10 runs - GPU latency: 3.69641 ms - Host latency: 3.75901 ms (end to end 3.77283 ms, enqueue 3.50542 ms)
[05/14/2026-14:24:32] [I] Average on 10 runs - GPU latency: 3.70054 ms - Host latency: 3.7623 ms (end to end 3.77769 ms, enqueue 3.44434 ms)
[05/14/2026-14:24:32] [I] Average on 10 runs - GPU latency: 3.69756 ms - Host latency: 3.75972 ms (end to end 3.77334 ms, enqueue 3.56768 ms)
[05/14/2026-14:24:32] [I] Average on 10 runs - GPU latency: 3.69468 ms - Host latency: 3.75713 ms (end to end 3.77046 ms, enqueue 3.55669 ms)
[05/14/2026-14:24:32] [I] Average on 10 runs - GPU latency: 3.69688 ms - Host latency: 3.75947 ms (end to end 3.77285 ms, enqueue 3.5708 ms)
[05/14/2026-14:24:32] [I] Average on 10 runs - GPU latency: 3.7001 ms - Host latency: 3.76221 ms (end to end 3.7751 ms, enqueue 3.63203 ms)
[05/14/2026-14:24:32] [I] Average on 10 runs - GPU latency: 3.69585 ms - Host latency: 3.75771 ms (end to end 3.77129 ms, enqueue 3.45088 ms)
[05/14/2026-14:24:32] [I] Average on 10 runs - GPU latency: 3.72861 ms - Host latency: 3.79048 ms (end to end 3.80327 ms, enqueue 3.14883 ms)
[05/14/2026-14:24:32] [I] Average on 10 runs - GPU latency: 3.74814 ms - Host latency: 3.80972 ms (end to end 3.81948 ms, enqueue 2.54019 ms)
[05/14/2026-14:24:32] [I] Average on 10 runs - GPU latency: 3.73555 ms - Host latency: 3.79731 ms (end to end 3.80923 ms, enqueue 2.90684 ms)
[05/14/2026-14:24:32] [I] Average on 10 runs - GPU latency: 3.79897 ms - Host latency: 3.8606 ms (end to end 3.91543 ms, enqueue 2.42485 ms)
[05/14/2026-14:24:32] [I] Average on 10 runs - GPU latency: 3.75864 ms - Host latency: 3.81968 ms (end to end 3.8292 ms, enqueue 2.3668 ms)
[05/14/2026-14:24:32] [I] Average on 10 runs - GPU latency: 3.74258 ms - Host latency: 3.80405 ms (end to end 3.81333 ms, enqueue 2.43701 ms)
[05/14/2026-14:24:32] [I] Average on 10 runs - GPU latency: 3.74438 ms - Host latency: 3.80547 ms (end to end 3.81489 ms, enqueue 2.51157 ms)
[05/14/2026-14:24:32] [I] Average on 10 runs - GPU latency: 3.71201 ms - Host latency: 3.77441 ms (end to end 3.78569 ms, enqueue 3.32432 ms)
[05/14/2026-14:24:32] [I] Average on 10 runs - GPU latency: 3.75332 ms - Host latency: 3.8147 ms (end to end 3.82559 ms, enqueue 2.48711 ms)
[05/14/2026-14:24:32] [I] Average on 10 runs - GPU latency: 3.76265 ms - Host latency: 3.82407 ms (end to end 3.83369 ms, enqueue 2.21787 ms)
[05/14/2026-14:24:32] [I] Average on 10 runs - GPU latency: 3.74902 ms - Host latency: 3.8102 ms (end to end 3.81958 ms, enqueue 2.49136 ms)
[05/14/2026-14:24:32] [I] Average on 10 runs - GPU latency: 3.75337 ms - Host latency: 3.8146 ms (end to end 3.82397 ms, enqueue 2.34849 ms)
[05/14/2026-14:24:32] [I] Average on 10 runs - GPU latency: 3.75479 ms - Host latency: 3.81602 ms (end to end 3.82554 ms, enqueue 2.30068 ms)
[05/14/2026-14:24:32] [I] Average on 10 runs - GPU latency: 3.76753 ms - Host latency: 3.82832 ms (end to end 3.83789 ms, enqueue 2.12905 ms)
[05/14/2026-14:24:32] [I] Average on 10 runs - GPU latency: 3.74585 ms - Host latency: 3.80645 ms (end to end 3.81602 ms, enqueue 2.42749 ms)
[05/14/2026-14:24:32] [I] Average on 10 runs - GPU latency: 3.73975 ms - Host latency: 3.80103 ms (end to end 3.81006 ms, enqueue 2.6856 ms)
[05/14/2026-14:24:32] [I] Average on 10 runs - GPU latency: 3.74507 ms - Host latency: 3.80605 ms (end to end 3.81699 ms, enqueue 2.63184 ms)
[05/14/2026-14:24:32] [I] Average on 10 runs - GPU latency: 3.70977 ms - Host latency: 3.77187 ms (end to end 3.78369 ms, enqueue 3.18613 ms)
[05/14/2026-14:24:32] [I] Average on 10 runs - GPU latency: 3.74229 ms - Host latency: 3.80391 ms (end to end 3.81592 ms, enqueue 2.71753 ms)
[05/14/2026-14:24:32] [I] Average on 10 runs - GPU latency: 3.7562 ms - Host latency: 3.81719 ms (end to end 3.827 ms, enqueue 2.30708 ms)
[05/14/2026-14:24:32] [I] Average on 10 runs - GPU latency: 3.75024 ms - Host latency: 3.81099 ms (end to end 3.8208 ms, enqueue 2.46709 ms)
[05/14/2026-14:24:32] [I] Average on 10 runs - GPU latency: 3.72676 ms - Host latency: 3.78804 ms (end to end 3.80107 ms, enqueue 2.96909 ms)
[05/14/2026-14:24:32] [I] Average on 10 runs - GPU latency: 3.75923 ms - Host latency: 3.82036 ms (end to end 3.83003 ms, enqueue 2.32534 ms)
[05/14/2026-14:24:32] [I] Average on 10 runs - GPU latency: 3.75562 ms - Host latency: 3.81641 ms (end to end 3.82603 ms, enqueue 2.29106 ms)
[05/14/2026-14:24:32] [I] Average on 10 runs - GPU latency: 3.73975 ms - Host latency: 3.80103 ms (end to end 3.81069 ms, enqueue 2.72476 ms)
[05/14/2026-14:24:32] [I] Average on 10 runs - GPU latency: 3.73618 ms - Host latency: 3.79775 ms (end to end 3.80786 ms, enqueue 2.50718 ms)
[05/14/2026-14:24:32] [I] Average on 10 runs - GPU latency: 3.74292 ms - Host latency: 3.80415 ms (end to end 3.81377 ms, enqueue 2.46802 ms)
[05/14/2026-14:24:32] [I] Average on 10 runs - GPU latency: 3.74917 ms - Host latency: 3.8103 ms (end to end 3.8208 ms, enqueue 2.41675 ms)
[05/14/2026-14:24:32] [I] Average on 10 runs - GPU latency: 3.74106 ms - Host latency: 3.80244 ms (end to end 3.81294 ms, enqueue 2.53574 ms)
[05/14/2026-14:24:32] [I] Average on 10 runs - GPU latency: 3.83662 ms - Host latency: 3.89858 ms (end to end 3.91836 ms, enqueue 2.36836 ms)
[05/14/2026-14:24:32] [I] Average on 10 runs - GPU latency: 3.76499 ms - Host latency: 3.82627 ms (end to end 3.83574 ms, enqueue 2.19443 ms)
[05/14/2026-14:24:32] [I] Average on 10 runs - GPU latency: 3.75171 ms - Host latency: 3.8127 ms (end to end 3.82227 ms, enqueue 2.4394 ms)
[05/14/2026-14:24:32] [I] Average on 10 runs - GPU latency: 3.76011 ms - Host latency: 3.82119 ms (end to end 3.83062 ms, enqueue 2.29233 ms)
[05/14/2026-14:24:32] [I] Average on 10 runs - GPU latency: 3.74697 ms - Host latency: 3.80771 ms (end to end 3.81743 ms, enqueue 2.49761 ms)
[05/14/2026-14:24:32] [I] Average on 10 runs - GPU latency: 3.75078 ms - Host latency: 3.81157 ms (end to end 3.82129 ms, enqueue 2.33013 ms)
[05/14/2026-14:24:32] [I] Average on 10 runs - GPU latency: 3.74502 ms - Host latency: 3.80576 ms (end to end 3.81553 ms, enqueue 2.44946 ms)
[05/14/2026-14:24:32] [I] Average on 10 runs - GPU latency: 3.73672 ms - Host latency: 3.79819 ms (end to end 3.80801 ms, enqueue 2.79063 ms)
[05/14/2026-14:24:32] [I] Average on 10 runs - GPU latency: 3.74546 ms - Host latency: 3.80645 ms (end to end 3.81602 ms, enqueue 2.58184 ms)
[05/14/2026-14:24:32] [I] Average on 10 runs - GPU latency: 3.75703 ms - Host latency: 3.81797 ms (end to end 3.82749 ms, enqueue 2.20098 ms)
[05/14/2026-14:24:32] [I] Average on 10 runs - GPU latency: 3.7645 ms - Host latency: 3.82588 ms (end to end 3.8353 ms, enqueue 2.20503 ms)
[05/14/2026-14:24:32] [I] Average on 10 runs - GPU latency: 3.76157 ms - Host latency: 3.823 ms (end to end 3.83267 ms, enqueue 2.16558 ms)
[05/14/2026-14:24:32] [I] Average on 10 runs - GPU latency: 3.74648 ms - Host latency: 3.80737 ms (end to end 3.81704 ms, enqueue 2.51997 ms)
[05/14/2026-14:24:32] [I] Average on 10 runs - GPU latency: 3.73887 ms - Host latency: 3.80024 ms (end to end 3.80977 ms, enqueue 2.61035 ms)
[05/14/2026-14:24:32] [I] Average on 10 runs - GPU latency: 3.73726 ms - Host latency: 3.79829 ms (end to end 3.80815 ms, enqueue 2.65317 ms)
[05/14/2026-14:24:32] [I] Average on 10 runs - GPU latency: 3.75063 ms - Host latency: 3.81133 ms (end to end 3.82085 ms, enqueue 2.50718 ms)
[05/14/2026-14:24:32] [I] Average on 10 runs - GPU latency: 3.73569 ms - Host latency: 3.79692 ms (end to end 3.80605 ms, enqueue 2.73809 ms)
[05/14/2026-14:24:32] [I] Average on 10 runs - GPU latency: 3.75601 ms - Host latency: 3.81729 ms (end to end 3.8271 ms, enqueue 2.3416 ms)
[05/14/2026-14:24:32] [I] Average on 10 runs - GPU latency: 3.73081 ms - Host latency: 3.79194 ms (end to end 3.80317 ms, enqueue 2.87026 ms)
[05/14/2026-14:24:32] [I] Average on 10 runs - GPU latency: 3.73809 ms - Host latency: 3.79976 ms (end to end 3.81001 ms, enqueue 2.63682 ms)
[05/14/2026-14:24:32] [I] Average on 10 runs - GPU latency: 3.73838 ms - Host latency: 3.8002 ms (end to end 3.80986 ms, enqueue 2.73174 ms)
[05/14/2026-14:24:32] [I] Average on 10 runs - GPU latency: 3.75083 ms - Host latency: 3.81147 ms (end to end 3.82109 ms, enqueue 2.38257 ms)
[05/14/2026-14:24:32] [I] Average on 10 runs - GPU latency: 3.75093 ms - Host latency: 3.81216 ms (end to end 3.82188 ms, enqueue 2.41582 ms)
[05/14/2026-14:24:32] [I] Average on 10 runs - GPU latency: 3.75405 ms - Host latency: 3.81548 ms (end to end 3.825 ms, enqueue 2.28374 ms)
[05/14/2026-14:24:32] [I] Average on 10 runs - GPU latency: 3.76016 ms - Host latency: 3.82158 ms (end to end 3.83115 ms, enqueue 2.22793 ms)
[05/14/2026-14:24:32] [I] Average on 10 runs - GPU latency: 3.76328 ms - Host latency: 3.82417 ms (end to end 3.83398 ms, enqueue 2.17305 ms)
[05/14/2026-14:24:32] [I] Average on 10 runs - GPU latency: 3.86372 ms - Host latency: 3.92495 ms (end to end 3.94326 ms, enqueue 2.36538 ms)
[05/14/2026-14:24:32] [I] Average on 10 runs - GPU latency: 3.76338 ms - Host latency: 3.82407 ms (end to end 3.83369 ms, enqueue 2.2248 ms)
[05/14/2026-14:24:32] [I] Average on 10 runs - GPU latency: 3.74204 ms - Host latency: 3.80312 ms (end to end 3.81274 ms, enqueue 2.57212 ms)
[05/14/2026-14:24:32] [I] Average on 10 runs - GPU latency: 3.74673 ms - Host latency: 3.80781 ms (end to end 3.81724 ms, enqueue 2.42017 ms)
[05/14/2026-14:24:32] [I] Average on 10 runs - GPU latency: 3.75664 ms - Host latency: 3.81719 ms (end to end 3.82666 ms, enqueue 2.19648 ms)
[05/14/2026-14:24:32] [I] Average on 10 runs - GPU latency: 3.76191 ms - Host latency: 3.82266 ms (end to end 3.83228 ms, enqueue 2.29404 ms)
[05/14/2026-14:24:32] [I] Average on 10 runs - GPU latency: 3.72964 ms - Host latency: 3.79038 ms (end to end 3.79971 ms, enqueue 2.76919 ms)
[05/14/2026-14:24:32] [I] Average on 10 runs - GPU latency: 3.74351 ms - Host latency: 3.80474 ms (end to end 3.81484 ms, enqueue 2.50825 ms)
[05/14/2026-14:24:32] [I] Average on 10 runs - GPU latency: 3.75186 ms - Host latency: 3.81299 ms (end to end 3.82271 ms, enqueue 2.43125 ms)
[05/14/2026-14:24:32] [I] Average on 10 runs - GPU latency: 3.76313 ms - Host latency: 3.82402 ms (end to end 3.83364 ms, enqueue 2.16758 ms)
[05/14/2026-14:24:32] [I] Average on 10 runs - GPU latency: 3.76606 ms - Host latency: 3.82661 ms (end to end 3.83633 ms, enqueue 2.14941 ms)
[05/14/2026-14:24:32] [I] Average on 10 runs - GPU latency: 3.76562 ms - Host latency: 3.82681 ms (end to end 3.83638 ms, enqueue 2.14663 ms)
[05/14/2026-14:24:32] [I] Average on 10 runs - GPU latency: 3.76338 ms - Host latency: 3.82461 ms (end to end 3.83442 ms, enqueue 2.25068 ms)
[05/14/2026-14:24:32] [I] Average on 10 runs - GPU latency: 3.76099 ms - Host latency: 3.82197 ms (end to end 3.83169 ms, enqueue 2.22637 ms)
[05/14/2026-14:24:32] [I] Average on 10 runs - GPU latency: 3.74805 ms - Host latency: 3.80947 ms (end to end 3.81924 ms, enqueue 2.39951 ms)
[05/14/2026-14:24:32] [I] Average on 10 runs - GPU latency: 3.74258 ms - Host latency: 3.80396 ms (end to end 3.81289 ms, enqueue 2.62798 ms)
[05/14/2026-14:24:32] [I] Average on 10 runs - GPU latency: 3.73325 ms - Host latency: 3.79409 ms (end to end 3.80513 ms, enqueue 2.75459 ms)
[05/14/2026-14:24:32] [I] Average on 10 runs - GPU latency: 3.73613 ms - Host latency: 3.79692 ms (end to end 3.80615 ms, enqueue 2.76621 ms)
[05/14/2026-14:24:32] [I] Average on 10 runs - GPU latency: 3.74727 ms - Host latency: 3.80894 ms (end to end 3.81953 ms, enqueue 2.67407 ms)
[05/14/2026-14:24:32] [I] Average on 10 runs - GPU latency: 3.7415 ms - Host latency: 3.80312 ms (end to end 3.81226 ms, enqueue 2.6585 ms)
[05/14/2026-14:24:32] [I] Average on 10 runs - GPU latency: 3.7582 ms - Host latency: 3.81934 ms (end to end 3.82886 ms, enqueue 2.37651 ms)
[05/14/2026-14:24:32] [I] Average on 10 runs - GPU latency: 3.76484 ms - Host latency: 3.82559 ms (end to end 3.83525 ms, enqueue 2.22139 ms)
[05/14/2026-14:24:32] [I] Average on 10 runs - GPU latency: 3.76846 ms - Host latency: 3.82949 ms (end to end 3.83877 ms, enqueue 2.09199 ms)
[05/14/2026-14:24:32] [I] Average on 10 runs - GPU latency: 3.76582 ms - Host latency: 3.82666 ms (end to end 3.83633 ms, enqueue 2.11899 ms)
[05/14/2026-14:24:32] [I] Average on 10 runs - GPU latency: 3.73589 ms - Host latency: 3.79717 ms (end to end 3.80688 ms, enqueue 2.58301 ms)
[05/14/2026-14:24:32] [I] Average on 10 runs - GPU latency: 3.75688 ms - Host latency: 3.81782 ms (end to end 3.82729 ms, enqueue 2.45874 ms)
[05/14/2026-14:24:32] [I] Average on 10 runs - GPU latency: 3.82974 ms - Host latency: 3.89185 ms (end to end 3.91152 ms, enqueue 2.58857 ms)
[05/14/2026-14:24:32] [I] Average on 10 runs - GPU latency: 3.76011 ms - Host latency: 3.82134 ms (end to end 3.83198 ms, enqueue 2.36934 ms)
[05/14/2026-14:24:32] [I] Average on 10 runs - GPU latency: 3.76895 ms - Host latency: 3.82979 ms (end to end 3.83931 ms, enqueue 2.18706 ms)
[05/14/2026-14:24:32] [I] Average on 10 runs - GPU latency: 3.76333 ms - Host latency: 3.82456 ms (end to end 3.83398 ms, enqueue 2.13545 ms)
[05/14/2026-14:24:32] [I] Average on 10 runs - GPU latency: 3.76055 ms - Host latency: 3.82178 ms (end to end 3.8314 ms, enqueue 2.12168 ms)
[05/14/2026-14:24:32] [I] Average on 10 runs - GPU latency: 3.76489 ms - Host latency: 3.82559 ms (end to end 3.8353 ms, enqueue 2.13423 ms)
[05/14/2026-14:24:32] [I] Average on 10 runs - GPU latency: 3.7644 ms - Host latency: 3.82549 ms (end to end 3.83496 ms, enqueue 2.14717 ms)
[05/14/2026-14:24:32] [I] Average on 10 runs - GPU latency: 3.75151 ms - Host latency: 3.81265 ms (end to end 3.82217 ms, enqueue 2.36382 ms)
[05/14/2026-14:24:32] [I] Average on 10 runs - GPU latency: 3.73906 ms - Host latency: 3.80049 ms (end to end 3.80884 ms, enqueue 2.58013 ms)
[05/14/2026-14:24:32] [I] Average on 10 runs - GPU latency: 3.73252 ms - Host latency: 3.79346 ms (end to end 3.8041 ms, enqueue 2.83364 ms)
[05/14/2026-14:24:32] [I] Average on 10 runs - GPU latency: 3.73555 ms - Host latency: 3.79614 ms (end to end 3.80522 ms, enqueue 2.72363 ms)
[05/14/2026-14:24:32] [I] Average on 10 runs - GPU latency: 3.72622 ms - Host latency: 3.78784 ms (end to end 3.79946 ms, enqueue 2.90376 ms)
[05/14/2026-14:24:32] [I] Average on 10 runs - GPU latency: 3.76445 ms - Host latency: 3.82529 ms (end to end 3.83481 ms, enqueue 2.29839 ms)
[05/14/2026-14:24:32] [I] Average on 10 runs - GPU latency: 3.69995 ms - Host latency: 3.76216 ms (end to end 3.775 ms, enqueue 3.50366 ms)
[05/14/2026-14:24:32] [I] Average on 10 runs - GPU latency: 3.70156 ms - Host latency: 3.76357 ms (end to end 3.77817 ms, enqueue 3.48394 ms)
[05/14/2026-14:24:32] [I] Average on 10 runs - GPU latency: 3.70322 ms - Host latency: 3.76475 ms (end to end 3.77886 ms, enqueue 3.47891 ms)
[05/14/2026-14:24:32] [I] Average on 10 runs - GPU latency: 3.70518 ms - Host latency: 3.76655 ms (end to end 3.77607 ms, enqueue 3.36997 ms)
[05/14/2026-14:24:32] [I] Average on 10 runs - GPU latency: 3.70361 ms - Host latency: 3.76479 ms (end to end 3.77471 ms, enqueue 3.3647 ms)
[05/14/2026-14:24:32] [I] Average on 10 runs - GPU latency: 3.70864 ms - Host latency: 3.76953 ms (end to end 3.77935 ms, enqueue 3.36021 ms)
[05/14/2026-14:24:32] [I] Average on 10 runs - GPU latency: 3.70566 ms - Host latency: 3.76675 ms (end to end 3.77671 ms, enqueue 3.37827 ms)
[05/14/2026-14:24:32] [I] Average on 10 runs - GPU latency: 3.70361 ms - Host latency: 3.76592 ms (end to end 3.77676 ms, enqueue 3.46309 ms)
[05/14/2026-14:24:32] [I] Average on 10 runs - GPU latency: 3.69785 ms - Host latency: 3.76045 ms (end to end 3.77402 ms, enqueue 3.5624 ms)
[05/14/2026-14:24:32] [I] Average on 10 runs - GPU latency: 3.70029 ms - Host latency: 3.76201 ms (end to end 3.77412 ms, enqueue 3.4125 ms)
[05/14/2026-14:24:32] [I] Average on 10 runs - GPU latency: 3.70635 ms - Host latency: 3.76738 ms (end to end 3.77705 ms, enqueue 3.35967 ms)
[05/14/2026-14:24:32] [I] Average on 10 runs - GPU latency: 3.70869 ms - Host latency: 3.76953 ms (end to end 3.77813 ms, enqueue 3.36094 ms)
[05/14/2026-14:24:32] [I] Average on 10 runs - GPU latency: 3.73076 ms - Host latency: 3.79199 ms (end to end 3.80293 ms, enqueue 2.89316 ms)
[05/14/2026-14:24:32] [I] Average on 10 runs - GPU latency: 3.7165 ms - Host latency: 3.77803 ms (end to end 3.78896 ms, enqueue 3.42764 ms)
[05/14/2026-14:24:32] [I] Average on 10 runs - GPU latency: 3.78076 ms - Host latency: 3.84316 ms (end to end 3.86436 ms, enqueue 3.71836 ms)
[05/14/2026-14:24:32] [I] Average on 10 runs - GPU latency: 3.70088 ms - Host latency: 3.76377 ms (end to end 3.77695 ms, enqueue 3.44873 ms)
[05/14/2026-14:24:32] [I] Average on 10 runs - GPU latency: 3.70391 ms - Host latency: 3.76602 ms (end to end 3.77939 ms, enqueue 3.39717 ms)
[05/14/2026-14:24:32] [I] Average on 10 runs - GPU latency: 3.73838 ms - Host latency: 3.79961 ms (end to end 3.81025 ms, enqueue 2.80674 ms)
[05/14/2026-14:24:32] [I] Average on 10 runs - GPU latency: 3.76562 ms - Host latency: 3.82656 ms (end to end 3.83594 ms, enqueue 2.26641 ms)
[05/14/2026-14:24:32] [I] Average on 10 runs - GPU latency: 3.75791 ms - Host latency: 3.81904 ms (end to end 3.82881 ms, enqueue 2.29541 ms)
[05/14/2026-14:24:32] [I] Average on 10 runs - GPU latency: 3.74844 ms - Host latency: 3.80918 ms (end to end 3.81943 ms, enqueue 2.40342 ms)
[05/14/2026-14:24:32] [I] Average on 10 runs - GPU latency: 3.74746 ms - Host latency: 3.80908 ms (end to end 3.81904 ms, enqueue 2.53984 ms)
[05/14/2026-14:24:32] [I] Average on 10 runs - GPU latency: 3.75039 ms - Host latency: 3.81123 ms (end to end 3.8207 ms, enqueue 2.45674 ms)
[05/14/2026-14:24:32] [I] Average on 10 runs - GPU latency: 3.74688 ms - Host latency: 3.80801 ms (end to end 3.81758 ms, enqueue 2.46543 ms)
[05/14/2026-14:24:32] [I] Average on 10 runs - GPU latency: 3.74971 ms - Host latency: 3.81025 ms (end to end 3.81973 ms, enqueue 2.38848 ms)
[05/14/2026-14:24:32] [I] Average on 10 runs - GPU latency: 3.73105 ms - Host latency: 3.79209 ms (end to end 3.80205 ms, enqueue 2.73535 ms)
[05/14/2026-14:24:32] [I] Average on 10 runs - GPU latency: 3.74541 ms - Host latency: 3.80645 ms (end to end 3.81621 ms, enqueue 2.48867 ms)
[05/14/2026-14:24:32] [I] Average on 10 runs - GPU latency: 3.75693 ms - Host latency: 3.81777 ms (end to end 3.82754 ms, enqueue 2.31143 ms)
[05/14/2026-14:24:32] [I] Average on 10 runs - GPU latency: 3.74375 ms - Host latency: 3.80508 ms (end to end 3.81475 ms, enqueue 2.50039 ms)
[05/14/2026-14:24:32] [I] Average on 10 runs - GPU latency: 3.7332 ms - Host latency: 3.79502 ms (end to end 3.80479 ms, enqueue 2.71475 ms)
[05/14/2026-14:24:32] [I] Average on 10 runs - GPU latency: 3.70723 ms - Host latency: 3.76895 ms (end to end 3.78018 ms, enqueue 3.35576 ms)
[05/14/2026-14:24:32] [I] Average on 10 runs - GPU latency: 3.70127 ms - Host latency: 3.7625 ms (end to end 3.77676 ms, enqueue 3.43379 ms)
[05/14/2026-14:24:32] [I] Average on 10 runs - GPU latency: 3.69971 ms - Host latency: 3.76084 ms (end to end 3.77109 ms, enqueue 3.40771 ms)
[05/14/2026-14:24:32] [I] Average on 10 runs - GPU latency: 3.70088 ms - Host latency: 3.76211 ms (end to end 3.77617 ms, enqueue 3.45352 ms)
[05/14/2026-14:24:32] [I] Average on 10 runs - GPU latency: 3.69697 ms - Host latency: 3.75928 ms (end to end 3.77246 ms, enqueue 3.60254 ms)
[05/14/2026-14:24:32] [I] Average on 10 runs - GPU latency: 3.6998 ms - Host latency: 3.76211 ms (end to end 3.7752 ms, enqueue 3.68916 ms)
[05/14/2026-14:24:32] [I] Average on 10 runs - GPU latency: 3.70234 ms - Host latency: 3.76445 ms (end to end 3.77754 ms, enqueue 3.3666 ms)
[05/14/2026-14:24:32] [I] Average on 10 runs - GPU latency: 3.7002 ms - Host latency: 3.76299 ms (end to end 3.77617 ms, enqueue 3.38955 ms)
[05/14/2026-14:24:32] [I] Average on 10 runs - GPU latency: 3.69873 ms - Host latency: 3.76123 ms (end to end 3.77432 ms, enqueue 3.46758 ms)
[05/14/2026-14:24:32] [I] Average on 10 runs - GPU latency: 3.69756 ms - Host latency: 3.76035 ms (end to end 3.77441 ms, enqueue 3.55488 ms)
[05/14/2026-14:24:32] [I] Average on 10 runs - GPU latency: 3.75439 ms - Host latency: 3.81758 ms (end to end 3.87324 ms, enqueue 3.76562 ms)
[05/14/2026-14:24:32] [I] Average on 10 runs - GPU latency: 3.70098 ms - Host latency: 3.76328 ms (end to end 3.77705 ms, enqueue 3.35654 ms)
[05/14/2026-14:24:32] [I] Average on 10 runs - GPU latency: 3.70225 ms - Host latency: 3.76523 ms (end to end 3.77881 ms, enqueue 3.72383 ms)
[05/14/2026-14:24:32] [I] Average on 10 runs - GPU latency: 3.70684 ms - Host latency: 3.77422 ms (end to end 3.78701 ms, enqueue 3.46064 ms)
[05/14/2026-14:24:32] [I] Average on 10 runs - GPU latency: 3.73506 ms - Host latency: 3.79707 ms (end to end 3.80879 ms, enqueue 2.66641 ms)
[05/14/2026-14:24:32] [I] Average on 10 runs - GPU latency: 3.76768 ms - Host latency: 3.82871 ms (end to end 3.83848 ms, enqueue 2.19355 ms)
[05/14/2026-14:24:32] [I] Average on 10 runs - GPU latency: 3.76982 ms - Host latency: 3.83096 ms (end to end 3.84063 ms, enqueue 2.18076 ms)
[05/14/2026-14:24:32] [I] Average on 10 runs - GPU latency: 3.76172 ms - Host latency: 3.82275 ms (end to end 3.83291 ms, enqueue 2.13115 ms)
[05/14/2026-14:24:32] [I] Average on 10 runs - GPU latency: 3.74639 ms - Host latency: 3.80732 ms (end to end 3.8167 ms, enqueue 2.40127 ms)
[05/14/2026-14:24:32] [I] Average on 10 runs - GPU latency: 3.75195 ms - Host latency: 3.81279 ms (end to end 3.82236 ms, enqueue 2.53418 ms)
[05/14/2026-14:24:32] [I] Average on 10 runs - GPU latency: 3.76016 ms - Host latency: 3.821 ms (end to end 3.83037 ms, enqueue 2.26963 ms)
[05/14/2026-14:24:32] [I] Average on 10 runs - GPU latency: 3.76035 ms - Host latency: 3.82129 ms (end to end 3.83096 ms, enqueue 2.15293 ms)
[05/14/2026-14:24:32] [I] Average on 10 runs - GPU latency: 3.76006 ms - Host latency: 3.8209 ms (end to end 3.83096 ms, enqueue 2.15195 ms)
[05/14/2026-14:24:32] [I] Average on 10 runs - GPU latency: 3.75898 ms - Host latency: 3.81982 ms (end to end 3.8291 ms, enqueue 2.175 ms)
[05/14/2026-14:24:32] [I] Average on 10 runs - GPU latency: 3.75098 ms - Host latency: 3.81152 ms (end to end 3.82129 ms, enqueue 2.37002 ms)
[05/14/2026-14:24:32] [I] Average on 10 runs - GPU latency: 3.7459 ms - Host latency: 3.80645 ms (end to end 3.81611 ms, enqueue 2.3958 ms)
[05/14/2026-14:24:32] [I] Average on 10 runs - GPU latency: 3.754 ms - Host latency: 3.81592 ms (end to end 3.82529 ms, enqueue 2.4707 ms)
[05/14/2026-14:24:32] [I] Average on 10 runs - GPU latency: 3.7499 ms - Host latency: 3.81104 ms (end to end 3.82051 ms, enqueue 2.38281 ms)
[05/14/2026-14:24:32] [I] Average on 10 runs - GPU latency: 3.729 ms - Host latency: 3.79023 ms (end to end 3.8001 ms, enqueue 2.73789 ms)
[05/14/2026-14:24:32] [I] Average on 10 runs - GPU latency: 3.73984 ms - Host latency: 3.80078 ms (end to end 3.81123 ms, enqueue 2.6585 ms)
[05/14/2026-14:24:32] [I] Average on 10 runs - GPU latency: 3.74551 ms - Host latency: 3.80684 ms (end to end 3.81611 ms, enqueue 2.63672 ms)
[05/14/2026-14:24:32] [I] Average on 10 runs - GPU latency: 3.74844 ms - Host latency: 3.80957 ms (end to end 3.81982 ms, enqueue 2.53018 ms)
[05/14/2026-14:24:32] [I] Average on 10 runs - GPU latency: 3.76133 ms - Host latency: 3.82236 ms (end to end 3.83213 ms, enqueue 2.18486 ms)
[05/14/2026-14:24:32] [I] Average on 10 runs - GPU latency: 3.7583 ms - Host latency: 3.81885 ms (end to end 3.82852 ms, enqueue 2.29307 ms)
[05/14/2026-14:24:32] [I] Average on 10 runs - GPU latency: 3.75586 ms - Host latency: 3.8168 ms (end to end 3.82686 ms, enqueue 2.18262 ms)
[05/14/2026-14:24:32] [I] Average on 10 runs - GPU latency: 3.76533 ms - Host latency: 3.82637 ms (end to end 3.83613 ms, enqueue 2.1291 ms)
[05/14/2026-14:24:32] [I] Average on 10 runs - GPU latency: 3.84766 ms - Host latency: 3.90908 ms (end to end 3.92754 ms, enqueue 2.38535 ms)
[05/14/2026-14:24:32] [I] Average on 10 runs - GPU latency: 3.76064 ms - Host latency: 3.82188 ms (end to end 3.83203 ms, enqueue 2.17393 ms)
[05/14/2026-14:24:32] [I] Average on 10 runs - GPU latency: 3.75811 ms - Host latency: 3.81953 ms (end to end 3.8291 ms, enqueue 2.22148 ms)
[05/14/2026-14:24:32] [I] Average on 10 runs - GPU latency: 3.74863 ms - Host latency: 3.81006 ms (end to end 3.81943 ms, enqueue 2.42979 ms)
[05/14/2026-14:24:32] [I] Average on 10 runs - GPU latency: 3.74824 ms - Host latency: 3.80947 ms (end to end 3.81914 ms, enqueue 2.49863 ms)
[05/14/2026-14:24:32] [I] Average on 10 runs - GPU latency: 3.75078 ms - Host latency: 3.81201 ms (end to end 3.82158 ms, enqueue 2.4583 ms)
[05/14/2026-14:24:32] [I] Average on 10 runs - GPU latency: 3.74277 ms - Host latency: 3.80332 ms (end to end 3.81338 ms, enqueue 2.479 ms)
[05/14/2026-14:24:32] [I] Average on 10 runs - GPU latency: 3.75264 ms - Host latency: 3.81318 ms (end to end 3.82305 ms, enqueue 2.40586 ms)
[05/14/2026-14:24:32] [I] Average on 10 runs - GPU latency: 3.76426 ms - Host latency: 3.8249 ms (end to end 3.83447 ms, enqueue 2.18477 ms)
[05/14/2026-14:24:32] [I] Average on 10 runs - GPU latency: 3.76143 ms - Host latency: 3.82266 ms (end to end 3.83232 ms, enqueue 2.13291 ms)
[05/14/2026-14:24:32] [I] Average on 10 runs - GPU latency: 3.75488 ms - Host latency: 3.81582 ms (end to end 3.8251 ms, enqueue 2.24414 ms)
[05/14/2026-14:24:32] [I] Average on 10 runs - GPU latency: 3.75537 ms - Host latency: 3.81699 ms (end to end 3.82646 ms, enqueue 2.28066 ms)
[05/14/2026-14:24:32] [I] Average on 10 runs - GPU latency: 3.76865 ms - Host latency: 3.82998 ms (end to end 3.83926 ms, enqueue 2.14746 ms)
[05/14/2026-14:24:32] [I] Average on 10 runs - GPU latency: 3.7583 ms - Host latency: 3.81895 ms (end to end 3.82861 ms, enqueue 2.26035 ms)
[05/14/2026-14:24:32] [I] Average on 10 runs - GPU latency: 3.75615 ms - Host latency: 3.8165 ms (end to end 3.82607 ms, enqueue 2.35977 ms)
[05/14/2026-14:24:32] [I] Average on 10 runs - GPU latency: 3.73506 ms - Host latency: 3.796 ms (end to end 3.80537 ms, enqueue 2.67598 ms)
[05/14/2026-14:24:32] [I] Average on 10 runs - GPU latency: 3.75039 ms - Host latency: 3.81191 ms (end to end 3.82227 ms, enqueue 2.68281 ms)
[05/14/2026-14:24:32] [I] Average on 10 runs - GPU latency: 3.76387 ms - Host latency: 3.8252 ms (end to end 3.83486 ms, enqueue 2.20068 ms)
[05/14/2026-14:24:32] [I] Average on 10 runs - GPU latency: 3.76455 ms - Host latency: 3.82559 ms (end to end 3.83574 ms, enqueue 2.24443 ms)
[05/14/2026-14:24:32] [I] Average on 10 runs - GPU latency: 3.75215 ms - Host latency: 3.81328 ms (end to end 3.82285 ms, enqueue 2.421 ms)
[05/14/2026-14:24:32] [I] Average on 10 runs - GPU latency: 3.74141 ms - Host latency: 3.80264 ms (end to end 3.81191 ms, enqueue 2.57158 ms)
[05/14/2026-14:24:32] [I] Average on 10 runs - GPU latency: 3.7666 ms - Host latency: 3.82715 ms (end to end 3.83682 ms, enqueue 2.17715 ms)
[05/14/2026-14:24:32] [I] Average on 10 runs - GPU latency: 3.75771 ms - Host latency: 3.81895 ms (end to end 3.82881 ms, enqueue 2.26113 ms)
[05/14/2026-14:24:32] [I] Average on 10 runs - GPU latency: 3.74141 ms - Host latency: 3.80293 ms (end to end 3.8125 ms, enqueue 2.60586 ms)
[05/14/2026-14:24:32] [I] Average on 10 runs - GPU latency: 3.75703 ms - Host latency: 3.81836 ms (end to end 3.82793 ms, enqueue 2.22158 ms)
[05/14/2026-14:24:32] [I] Average on 10 runs - GPU latency: 3.76133 ms - Host latency: 3.82246 ms (end to end 3.83203 ms, enqueue 2.23818 ms)
[05/14/2026-14:24:32] [I] Average on 10 runs - GPU latency: 3.8335 ms - Host latency: 3.89541 ms (end to end 3.91543 ms, enqueue 2.48096 ms)
[05/14/2026-14:24:32] [I] Average on 10 runs - GPU latency: 3.74951 ms - Host latency: 3.81094 ms (end to end 3.82041 ms, enqueue 2.37666 ms)
[05/14/2026-14:24:32] [I] Average on 10 runs - GPU latency: 3.76484 ms - Host latency: 3.82617 ms (end to end 3.83506 ms, enqueue 2.3749 ms)
[05/14/2026-14:24:32] [I] Average on 10 runs - GPU latency: 3.76729 ms - Host latency: 3.82832 ms (end to end 3.83779 ms, enqueue 2.15283 ms)
[05/14/2026-14:24:32] [I] Average on 10 runs - GPU latency: 3.75654 ms - Host latency: 3.81768 ms (end to end 3.82764 ms, enqueue 2.40967 ms)
[05/14/2026-14:24:32] [I] Average on 10 runs - GPU latency: 3.75557 ms - Host latency: 3.81689 ms (end to end 3.82666 ms, enqueue 2.23838 ms)
[05/14/2026-14:24:32] [I] Average on 10 runs - GPU latency: 3.74463 ms - Host latency: 3.80586 ms (end to end 3.81514 ms, enqueue 2.48115 ms)
[05/14/2026-14:24:32] [I] Average on 10 runs - GPU latency: 3.74863 ms - Host latency: 3.80947 ms (end to end 3.81924 ms, enqueue 2.34346 ms)
[05/14/2026-14:24:32] [I] Average on 10 runs - GPU latency: 3.75127 ms - Host latency: 3.8123 ms (end to end 3.82207 ms, enqueue 2.40645 ms)
[05/14/2026-14:24:32] [I] Average on 10 runs - GPU latency: 3.7625 ms - Host latency: 3.82334 ms (end to end 3.8332 ms, enqueue 2.16162 ms)
[05/14/2026-14:24:32] [I] Average on 10 runs - GPU latency: 3.75859 ms - Host latency: 3.81973 ms (end to end 3.8291 ms, enqueue 2.2333 ms)
[05/14/2026-14:24:32] [I] Average on 10 runs - GPU latency: 3.76113 ms - Host latency: 3.82227 ms (end to end 3.83184 ms, enqueue 2.21602 ms)
[05/14/2026-14:24:32] [I] Average on 10 runs - GPU latency: 3.75898 ms - Host latency: 3.82012 ms (end to end 3.83008 ms, enqueue 2.19082 ms)
[05/14/2026-14:24:32] [I] Average on 10 runs - GPU latency: 3.73955 ms - Host latency: 3.80039 ms (end to end 3.80957 ms, enqueue 2.55459 ms)
[05/14/2026-14:24:32] [I] Average on 10 runs - GPU latency: 3.74502 ms - Host latency: 3.80566 ms (end to end 3.8167 ms, enqueue 2.60127 ms)
[05/14/2026-14:24:32] [I] Average on 10 runs - GPU latency: 3.73965 ms - Host latency: 3.80059 ms (end to end 3.80967 ms, enqueue 2.66396 ms)
[05/14/2026-14:24:32] [I] Average on 10 runs - GPU latency: 3.75557 ms - Host latency: 3.8168 ms (end to end 3.82734 ms, enqueue 2.41484 ms)
[05/14/2026-14:24:32] [I] Average on 10 runs - GPU latency: 3.76113 ms - Host latency: 3.82217 ms (end to end 3.83174 ms, enqueue 2.25635 ms)
[05/14/2026-14:24:32] [I] Average on 10 runs - GPU latency: 3.76289 ms - Host latency: 3.82422 ms (end to end 3.83379 ms, enqueue 2.26113 ms)
[05/14/2026-14:24:32] [I] Average on 10 runs - GPU latency: 3.76465 ms - Host latency: 3.82607 ms (end to end 3.83545 ms, enqueue 2.21543 ms)
[05/14/2026-14:24:32] [I] Average on 10 runs - GPU latency: 3.75566 ms - Host latency: 3.8167 ms (end to end 3.82676 ms, enqueue 2.40508 ms)
[05/14/2026-14:24:32] [I] Average on 10 runs - GPU latency: 3.75107 ms - Host latency: 3.81221 ms (end to end 3.82197 ms, enqueue 2.44834 ms)
[05/14/2026-14:24:32] [I] Average on 10 runs - GPU latency: 3.75029 ms - Host latency: 3.81094 ms (end to end 3.8207 ms, enqueue 2.4333 ms)
[05/14/2026-14:24:32] [I] Average on 10 runs - GPU latency: 3.74463 ms - Host latency: 3.80596 ms (end to end 3.81592 ms, enqueue 2.51689 ms)
[05/14/2026-14:24:32] [I] Average on 10 runs - GPU latency: 3.75947 ms - Host latency: 3.8208 ms (end to end 3.83037 ms, enqueue 2.30771 ms)
[05/14/2026-14:24:32] [I] Average on 10 runs - GPU latency: 3.76455 ms - Host latency: 3.82529 ms (end to end 3.83477 ms, enqueue 2.21602 ms)
[05/14/2026-14:24:32] [I] Average on 10 runs - GPU latency: 3.81328 ms - Host latency: 3.87471 ms (end to end 3.89326 ms, enqueue 2.33916 ms)
[05/14/2026-14:24:32] [I] Average on 10 runs - GPU latency: 3.79316 ms - Host latency: 3.8543 ms (end to end 3.86504 ms, enqueue 2.46445 ms)
[05/14/2026-14:24:32] [I] Average on 10 runs - GPU latency: 3.74199 ms - Host latency: 3.80322 ms (end to end 3.8124 ms, enqueue 2.51982 ms)
[05/14/2026-14:24:32] [I] Average on 10 runs - GPU latency: 3.74941 ms - Host latency: 3.81084 ms (end to end 3.8208 ms, enqueue 2.60723 ms)
[05/14/2026-14:24:32] [I] Average on 10 runs - GPU latency: 3.76582 ms - Host latency: 3.82676 ms (end to end 3.83594 ms, enqueue 2.15605 ms)
[05/14/2026-14:24:32] [I] Average on 10 runs - GPU latency: 3.76367 ms - Host latency: 3.8251 ms (end to end 3.83477 ms, enqueue 2.2585 ms)
[05/14/2026-14:24:32] [I] Average on 10 runs - GPU latency: 3.76787 ms - Host latency: 3.82881 ms (end to end 3.83867 ms, enqueue 2.08125 ms)
[05/14/2026-14:24:32] [I] Average on 10 runs - GPU latency: 3.76289 ms - Host latency: 3.82422 ms (end to end 3.83408 ms, enqueue 2.24033 ms)
[05/14/2026-14:24:32] [I] Average on 10 runs - GPU latency: 3.76455 ms - Host latency: 3.8252 ms (end to end 3.83525 ms, enqueue 2.16318 ms)
[05/14/2026-14:24:32] [I] Average on 10 runs - GPU latency: 3.77383 ms - Host latency: 3.83457 ms (end to end 3.84404 ms, enqueue 2.05508 ms)
[05/14/2026-14:24:32] [I] Average on 10 runs - GPU latency: 3.76406 ms - Host latency: 3.8249 ms (end to end 3.83457 ms, enqueue 2.18076 ms)
[05/14/2026-14:24:32] [I] Average on 10 runs - GPU latency: 3.74844 ms - Host latency: 3.80996 ms (end to end 3.82012 ms, enqueue 2.35781 ms)
[05/14/2026-14:24:32] [I] Average on 10 runs - GPU latency: 3.75771 ms - Host latency: 3.81885 ms (end to end 3.82842 ms, enqueue 2.28848 ms)
[05/14/2026-14:24:32] [I] Average on 10 runs - GPU latency: 3.74424 ms - Host latency: 3.80508 ms (end to end 3.81475 ms, enqueue 2.47861 ms)
[05/14/2026-14:24:32] [I] Average on 10 runs - GPU latency: 3.74805 ms - Host latency: 3.80967 ms (end to end 3.81934 ms, enqueue 2.41152 ms)
[05/14/2026-14:24:32] [I] Average on 10 runs - GPU latency: 3.7582 ms - Host latency: 3.81914 ms (end to end 3.82832 ms, enqueue 2.19004 ms)
[05/14/2026-14:24:32] [I] Average on 10 runs - GPU latency: 3.75332 ms - Host latency: 3.81416 ms (end to end 3.82354 ms, enqueue 2.29941 ms)
[05/14/2026-14:24:32] [I] Average on 10 runs - GPU latency: 3.74492 ms - Host latency: 3.80596 ms (end to end 3.81543 ms, enqueue 2.54414 ms)
[05/14/2026-14:24:32] [I] Average on 10 runs - GPU latency: 3.70898 ms - Host latency: 3.7709 ms (end to end 3.78311 ms, enqueue 3.25469 ms)
[05/14/2026-14:24:32] [I] Average on 10 runs - GPU latency: 3.7665 ms - Host latency: 3.82754 ms (end to end 3.8373 ms, enqueue 2.25273 ms)
[05/14/2026-14:24:32] [I] Average on 10 runs - GPU latency: 3.76797 ms - Host latency: 3.8292 ms (end to end 3.83916 ms, enqueue 2.16826 ms)
[05/14/2026-14:24:32] [I] Average on 10 runs - GPU latency: 3.75938 ms - Host latency: 3.8207 ms (end to end 3.82979 ms, enqueue 2.26113 ms)
[05/14/2026-14:24:32] [I] Average on 10 runs - GPU latency: 3.77139 ms - Host latency: 3.83242 ms (end to end 3.84209 ms, enqueue 2.09629 ms)
[05/14/2026-14:24:32] [I] Average on 10 runs - GPU latency: 3.76416 ms - Host latency: 3.8249 ms (end to end 3.83477 ms, enqueue 2.08174 ms)
[05/14/2026-14:24:32] [I] Average on 10 runs - GPU latency: 3.7457 ms - Host latency: 3.80635 ms (end to end 3.81572 ms, enqueue 2.5417 ms)
[05/14/2026-14:24:32] [I] Average on 10 runs - GPU latency: 3.75625 ms - Host latency: 3.81709 ms (end to end 3.82715 ms, enqueue 2.35479 ms)
[05/14/2026-14:24:32] [I] Average on 10 runs - GPU latency: 3.76826 ms - Host latency: 3.82939 ms (end to end 3.83867 ms, enqueue 2.24639 ms)
[05/14/2026-14:24:32] [I] Average on 10 runs - GPU latency: 3.83311 ms - Host latency: 3.89492 ms (end to end 3.91484 ms, enqueue 2.47305 ms)
[05/14/2026-14:24:32] [I] Average on 10 runs - GPU latency: 3.76377 ms - Host latency: 3.82461 ms (end to end 3.83418 ms, enqueue 2.24658 ms)
[05/14/2026-14:24:32] [I] Average on 10 runs - GPU latency: 3.76465 ms - Host latency: 3.82549 ms (end to end 3.83467 ms, enqueue 2.14922 ms)
[05/14/2026-14:24:32] [I] Average on 10 runs - GPU latency: 3.76436 ms - Host latency: 3.82559 ms (end to end 3.83525 ms, enqueue 2.08535 ms)
[05/14/2026-14:24:32] [I] Average on 10 runs - GPU latency: 3.7625 ms - Host latency: 3.82314 ms (end to end 3.83271 ms, enqueue 2.17529 ms)
[05/14/2026-14:24:32] [I] Average on 10 runs - GPU latency: 3.76885 ms - Host latency: 3.82969 ms (end to end 3.83896 ms, enqueue 2.16875 ms)
[05/14/2026-14:24:32] [I] Average on 10 runs - GPU latency: 3.75986 ms - Host latency: 3.82119 ms (end to end 3.83076 ms, enqueue 2.27861 ms)
[05/14/2026-14:24:32] [I] Average on 10 runs - GPU latency: 3.76289 ms - Host latency: 3.82393 ms (end to end 3.8335 ms, enqueue 2.19814 ms)
[05/14/2026-14:24:32] [I] Average on 10 runs - GPU latency: 3.74746 ms - Host latency: 3.80918 ms (end to end 3.81895 ms, enqueue 2.37178 ms)
[05/14/2026-14:24:32] [I] Average on 10 runs - GPU latency: 3.75146 ms - Host latency: 3.8124 ms (end to end 3.82217 ms, enqueue 2.39229 ms)
[05/14/2026-14:24:32] [I] Average on 10 runs - GPU latency: 3.76387 ms - Host latency: 3.82529 ms (end to end 3.83428 ms, enqueue 2.16748 ms)
[05/14/2026-14:24:32] [I] Average on 10 runs - GPU latency: 3.75928 ms - Host latency: 3.82041 ms (end to end 3.82988 ms, enqueue 2.2084 ms)
[05/14/2026-14:24:32] [I] Average on 10 runs - GPU latency: 3.74482 ms - Host latency: 3.80645 ms (end to end 3.81621 ms, enqueue 2.53779 ms)
[05/14/2026-14:24:32] [I] Average on 10 runs - GPU latency: 3.7459 ms - Host latency: 3.80723 ms (end to end 3.81709 ms, enqueue 2.55723 ms)
[05/14/2026-14:24:32] [I] Average on 10 runs - GPU latency: 3.75381 ms - Host latency: 3.81494 ms (end to end 3.82451 ms, enqueue 2.34111 ms)
[05/14/2026-14:24:32] [I] Average on 10 runs - GPU latency: 3.75557 ms - Host latency: 3.81641 ms (end to end 3.82666 ms, enqueue 2.29307 ms)
[05/14/2026-14:24:32] [I] Average on 10 runs - GPU latency: 3.75723 ms - Host latency: 3.81807 ms (end to end 3.82793 ms, enqueue 2.24541 ms)
[05/14/2026-14:24:32] [I] Average on 10 runs - GPU latency: 3.76113 ms - Host latency: 3.82207 ms (end to end 3.83193 ms, enqueue 2.26338 ms)
[05/14/2026-14:24:32] [I] Average on 10 runs - GPU latency: 3.74844 ms - Host latency: 3.80898 ms (end to end 3.81836 ms, enqueue 2.54414 ms)
[05/14/2026-14:24:32] [I] Average on 10 runs - GPU latency: 3.74336 ms - Host latency: 3.80488 ms (end to end 3.81475 ms, enqueue 2.70234 ms)
[05/14/2026-14:24:32] [I] Average on 10 runs - GPU latency: 3.73467 ms - Host latency: 3.7959 ms (end to end 3.80586 ms, enqueue 2.68096 ms)
[05/14/2026-14:24:32] [I] Average on 10 runs - GPU latency: 3.74385 ms - Host latency: 3.80449 ms (end to end 3.81406 ms, enqueue 2.61523 ms)
[05/14/2026-14:24:32] [I] Average on 10 runs - GPU latency: 3.76641 ms - Host latency: 3.82725 ms (end to end 3.83682 ms, enqueue 2.20605 ms)
[05/14/2026-14:24:32] [I] Average on 10 runs - GPU latency: 3.76074 ms - Host latency: 3.82168 ms (end to end 3.83154 ms, enqueue 2.23057 ms)
[05/14/2026-14:24:32] [I] Average on 10 runs - GPU latency: 3.74189 ms - Host latency: 3.80293 ms (end to end 3.8125 ms, enqueue 2.64443 ms)
[05/14/2026-14:24:32] [I] Average on 10 runs - GPU latency: 3.74736 ms - Host latency: 3.80879 ms (end to end 3.81855 ms, enqueue 2.43701 ms)
[05/14/2026-14:24:32] [I] Average on 10 runs - GPU latency: 3.84902 ms - Host latency: 3.91064 ms (end to end 3.93008 ms, enqueue 2.44707 ms)
[05/14/2026-14:24:32] [I] Average on 10 runs - GPU latency: 3.76846 ms - Host latency: 3.82939 ms (end to end 3.83887 ms, enqueue 2.09258 ms)
[05/14/2026-14:24:32] [I] Average on 10 runs - GPU latency: 3.7665 ms - Host latency: 3.82773 ms (end to end 3.83701 ms, enqueue 2.2252 ms)
[05/14/2026-14:24:32] [I] Average on 10 runs - GPU latency: 3.76211 ms - Host latency: 3.82285 ms (end to end 3.83252 ms, enqueue 2.23564 ms)
[05/14/2026-14:24:32] [I] Average on 10 runs - GPU latency: 3.74551 ms - Host latency: 3.80664 ms (end to end 3.81602 ms, enqueue 2.48496 ms)
[05/14/2026-14:24:32] [I] Average on 10 runs - GPU latency: 3.74375 ms - Host latency: 3.80479 ms (end to end 3.81484 ms, enqueue 2.55586 ms)
[05/14/2026-14:24:32] [I] Average on 10 runs - GPU latency: 3.7499 ms - Host latency: 3.81045 ms (end to end 3.81992 ms, enqueue 2.4124 ms)
[05/14/2026-14:24:32] [I] Average on 10 runs - GPU latency: 3.74785 ms - Host latency: 3.80898 ms (end to end 3.81836 ms, enqueue 2.50742 ms)
[05/14/2026-14:24:32] [I] Average on 10 runs - GPU latency: 3.74473 ms - Host latency: 3.80576 ms (end to end 3.81455 ms, enqueue 2.64209 ms)
[05/14/2026-14:24:32] [I] Average on 10 runs - GPU latency: 3.74932 ms - Host latency: 3.81016 ms (end to end 3.81943 ms, enqueue 2.32832 ms)
[05/14/2026-14:24:32] [I] Average on 10 runs - GPU latency: 3.73408 ms - Host latency: 3.79521 ms (end to end 3.80635 ms, enqueue 2.84766 ms)
[05/14/2026-14:24:32] [I] Average on 10 runs - GPU latency: 3.74902 ms - Host latency: 3.80967 ms (end to end 3.81924 ms, enqueue 2.40078 ms)
[05/14/2026-14:24:32] [I] Average on 10 runs - GPU latency: 3.75098 ms - Host latency: 3.81172 ms (end to end 3.82285 ms, enqueue 2.58359 ms)
[05/14/2026-14:24:32] [I] Average on 10 runs - GPU latency: 3.76035 ms - Host latency: 3.82197 ms (end to end 3.83145 ms, enqueue 2.2543 ms)
[05/14/2026-14:24:32] [I] Average on 10 runs - GPU latency: 3.74971 ms - Host latency: 3.81123 ms (end to end 3.82119 ms, enqueue 2.52822 ms)
[05/14/2026-14:24:32] [I] Average on 10 runs - GPU latency: 3.74629 ms - Host latency: 3.80732 ms (end to end 3.81719 ms, enqueue 2.42412 ms)
[05/14/2026-14:24:32] [I] Average on 10 runs - GPU latency: 3.74902 ms - Host latency: 3.81025 ms (end to end 3.81992 ms, enqueue 2.47656 ms)
[05/14/2026-14:24:32] [I] Average on 10 runs - GPU latency: 3.75586 ms - Host latency: 3.81699 ms (end to end 3.82627 ms, enqueue 2.29307 ms)
[05/14/2026-14:24:32] [I] Average on 10 runs - GPU latency: 3.76367 ms - Host latency: 3.82461 ms (end to end 3.83389 ms, enqueue 2.28018 ms)
[05/14/2026-14:24:32] [I] Average on 10 runs - GPU latency: 3.7585 ms - Host latency: 3.82002 ms (end to end 3.82959 ms, enqueue 2.22725 ms)
[05/14/2026-14:24:32] [I] Average on 10 runs - GPU latency: 3.75879 ms - Host latency: 3.81953 ms (end to end 3.8291 ms, enqueue 2.35752 ms)
[05/14/2026-14:24:32] [I] Average on 10 runs - GPU latency: 3.76367 ms - Host latency: 3.82461 ms (end to end 3.83418 ms, enqueue 2.13164 ms)
[05/14/2026-14:24:32] [I] Average on 10 runs - GPU latency: 3.74893 ms - Host latency: 3.81006 ms (end to end 3.81943 ms, enqueue 2.41826 ms)
[05/14/2026-14:24:32] [I] Average on 10 runs - GPU latency: 3.75029 ms - Host latency: 3.81113 ms (end to end 3.8209 ms, enqueue 2.43057 ms)
[05/14/2026-14:24:32] [I] Average on 10 runs - GPU latency: 3.74785 ms - Host latency: 3.80879 ms (end to end 3.81826 ms, enqueue 2.56025 ms)
[05/14/2026-14:24:32] [I] Average on 10 runs - GPU latency: 3.75859 ms - Host latency: 3.81943 ms (end to end 3.8292 ms, enqueue 2.27998 ms)
[05/14/2026-14:24:32] [I] Average on 10 runs - GPU latency: 3.83437 ms - Host latency: 3.89619 ms (end to end 3.91572 ms, enqueue 2.43301 ms)
[05/14/2026-14:24:32] [I] Average on 10 runs - GPU latency: 3.75498 ms - Host latency: 3.81631 ms (end to end 3.82559 ms, enqueue 2.35225 ms)
[05/14/2026-14:24:32] [I] Average on 10 runs - GPU latency: 3.7583 ms - Host latency: 3.81924 ms (end to end 3.82891 ms, enqueue 2.22773 ms)
[05/14/2026-14:24:32] [I] Average on 10 runs - GPU latency: 3.76396 ms - Host latency: 3.8249 ms (end to end 3.83457 ms, enqueue 2.11631 ms)
[05/14/2026-14:24:32] [I] Average on 10 runs - GPU latency: 3.75625 ms - Host latency: 3.81738 ms (end to end 3.82764 ms, enqueue 2.33838 ms)
[05/14/2026-14:24:32] [I] Average on 10 runs - GPU latency: 3.74092 ms - Host latency: 3.80146 ms (end to end 3.81143 ms, enqueue 2.63184 ms)
[05/14/2026-14:24:32] [I] Average on 10 runs - GPU latency: 3.73545 ms - Host latency: 3.79668 ms (end to end 3.80664 ms, enqueue 2.65439 ms)
[05/14/2026-14:24:32] [I] Average on 10 runs - GPU latency: 3.74307 ms - Host latency: 3.80469 ms (end to end 3.81445 ms, enqueue 2.66729 ms)
[05/14/2026-14:24:32] [I] Average on 10 runs - GPU latency: 3.73721 ms - Host latency: 3.79844 ms (end to end 3.8083 ms, enqueue 2.73945 ms)
[05/14/2026-14:24:32] [I] Average on 10 runs - GPU latency: 3.74844 ms - Host latency: 3.80947 ms (end to end 3.81924 ms, enqueue 2.48457 ms)
[05/14/2026-14:24:32] [I] Average on 10 runs - GPU latency: 3.75938 ms - Host latency: 3.82061 ms (end to end 3.83008 ms, enqueue 2.18496 ms)
[05/14/2026-14:24:32] [I] Average on 10 runs - GPU latency: 3.76016 ms - Host latency: 3.8209 ms (end to end 3.83057 ms, enqueue 2.27197 ms)
[05/14/2026-14:24:32] [I] Average on 10 runs - GPU latency: 3.71523 ms - Host latency: 3.77588 ms (end to end 3.78506 ms, enqueue 3.08301 ms)
[05/14/2026-14:24:32] [I] Average on 10 runs - GPU latency: 3.70039 ms - Host latency: 3.7626 ms (end to end 3.77373 ms, enqueue 3.54463 ms)
[05/14/2026-14:24:32] [I] Average on 10 runs - GPU latency: 3.70625 ms - Host latency: 3.76787 ms (end to end 3.78066 ms, enqueue 3.41611 ms)
[05/14/2026-14:24:32] [I] Average on 10 runs - GPU latency: 3.71025 ms - Host latency: 3.77129 ms (end to end 3.78135 ms, enqueue 3.35215 ms)
[05/14/2026-14:24:32] [I] Average on 10 runs - GPU latency: 3.71152 ms - Host latency: 3.77266 ms (end to end 3.78242 ms, enqueue 3.35283 ms)
[05/14/2026-14:24:32] [I] Average on 10 runs - GPU latency: 3.70908 ms - Host latency: 3.77031 ms (end to end 3.77979 ms, enqueue 3.35908 ms)
[05/14/2026-14:24:32] [I] Average on 10 runs - GPU latency: 3.70752 ms - Host latency: 3.76973 ms (end to end 3.78408 ms, enqueue 3.52051 ms)
[05/14/2026-14:24:32] [I] Average on 10 runs - GPU latency: 3.71582 ms - Host latency: 3.77734 ms (end to end 3.78682 ms, enqueue 3.34199 ms)
[05/14/2026-14:24:32] [I] Average on 10 runs - GPU latency: 3.70215 ms - Host latency: 3.76436 ms (end to end 3.77695 ms, enqueue 3.53213 ms)
[05/14/2026-14:24:32] [I] Average on 10 runs - GPU latency: 3.7082 ms - Host latency: 3.76904 ms (end to end 3.77881 ms, enqueue 3.38438 ms)
[05/14/2026-14:24:32] [I] Average on 10 runs - GPU latency: 3.71172 ms - Host latency: 3.77236 ms (end to end 3.78193 ms, enqueue 3.36406 ms)
[05/14/2026-14:24:32] [I] Average on 10 runs - GPU latency: 3.70928 ms - Host latency: 3.76982 ms (end to end 3.7793 ms, enqueue 3.3666 ms)
[05/14/2026-14:24:32] [I] Average on 10 runs - GPU latency: 3.71152 ms - Host latency: 3.77187 ms (end to end 3.78105 ms, enqueue 3.40303 ms)
[05/14/2026-14:24:32] [I] Average on 10 runs - GPU latency: 3.70215 ms - Host latency: 3.76445 ms (end to end 3.7791 ms, enqueue 3.49961 ms)
[05/14/2026-14:24:32] [I] Average on 10 runs - GPU latency: 3.79961 ms - Host latency: 3.86211 ms (end to end 3.88027 ms, enqueue 3.61387 ms)
[05/14/2026-14:24:32] [I] Average on 10 runs - GPU latency: 3.70371 ms - Host latency: 3.76562 ms (end to end 3.77949 ms, enqueue 3.46035 ms)
[05/14/2026-14:24:32] [I] Average on 10 runs - GPU latency: 3.72207 ms - Host latency: 3.78379 ms (end to end 3.79512 ms, enqueue 3.14062 ms)
[05/14/2026-14:24:32] [I] Average on 10 runs - GPU latency: 3.74961 ms - Host latency: 3.81035 ms (end to end 3.81973 ms, enqueue 2.66387 ms)
[05/14/2026-14:24:32] [I] Average on 10 runs - GPU latency: 3.75469 ms - Host latency: 3.81582 ms (end to end 3.8248 ms, enqueue 2.19355 ms)
[05/14/2026-14:24:32] [I] Average on 10 runs - GPU latency: 3.73984 ms - Host latency: 3.80117 ms (end to end 3.81328 ms, enqueue 2.82656 ms)
[05/14/2026-14:24:32] [I] Average on 10 runs - GPU latency: 3.76289 ms - Host latency: 3.82383 ms (end to end 3.83359 ms, enqueue 2.25469 ms)
[05/14/2026-14:24:32] [I] Average on 10 runs - GPU latency: 3.7625 ms - Host latency: 3.82402 ms (end to end 3.83379 ms, enqueue 2.16426 ms)
[05/14/2026-14:24:32] [I] Average on 10 runs - GPU latency: 3.75781 ms - Host latency: 3.81875 ms (end to end 3.82871 ms, enqueue 2.19766 ms)
[05/14/2026-14:24:32] [I] Average on 10 runs - GPU latency: 3.75273 ms - Host latency: 3.81445 ms (end to end 3.82402 ms, enqueue 2.48125 ms)
[05/14/2026-14:24:32] [I] Average on 10 runs - GPU latency: 3.76113 ms - Host latency: 3.82266 ms (end to end 3.83242 ms, enqueue 2.21133 ms)
[05/14/2026-14:24:32] [I] Average on 10 runs - GPU latency: 3.76445 ms - Host latency: 3.82422 ms (end to end 3.83359 ms, enqueue 2.12695 ms)
[05/14/2026-14:24:32] [I] Average on 10 runs - GPU latency: 3.76172 ms - Host latency: 3.82285 ms (end to end 3.83262 ms, enqueue 2.23301 ms)
[05/14/2026-14:24:32] [I] Average on 10 runs - GPU latency: 3.74961 ms - Host latency: 3.81152 ms (end to end 3.8207 ms, enqueue 2.36836 ms)
[05/14/2026-14:24:32] [I] Average on 10 runs - GPU latency: 3.7418 ms - Host latency: 3.80273 ms (end to end 3.8123 ms, enqueue 2.4916 ms)
[05/14/2026-14:24:32] [I] Average on 10 runs - GPU latency: 3.75625 ms - Host latency: 3.8168 ms (end to end 3.82637 ms, enqueue 2.36211 ms)
[05/14/2026-14:24:32] [I] Average on 10 runs - GPU latency: 3.73887 ms - Host latency: 3.79941 ms (end to end 3.8082 ms, enqueue 2.60996 ms)
[05/14/2026-14:24:32] [I] Average on 10 runs - GPU latency: 3.75605 ms - Host latency: 3.81641 ms (end to end 3.82539 ms, enqueue 2.44043 ms)
[05/14/2026-14:24:32] [I] Average on 10 runs - GPU latency: 3.74766 ms - Host latency: 3.80879 ms (end to end 3.81934 ms, enqueue 2.60234 ms)
[05/14/2026-14:24:32] [I] Average on 10 runs - GPU latency: 3.74277 ms - Host latency: 3.80449 ms (end to end 3.81406 ms, enqueue 2.68164 ms)
[05/14/2026-14:24:32] [I] Average on 10 runs - GPU latency: 3.75469 ms - Host latency: 3.81738 ms (end to end 3.82676 ms, enqueue 2.61543 ms)
[05/14/2026-14:24:32] [I] Average on 10 runs - GPU latency: 3.73887 ms - Host latency: 3.80039 ms (end to end 3.81016 ms, enqueue 2.62031 ms)
[05/14/2026-14:24:32] [I] Average on 10 runs - GPU latency: 3.74648 ms - Host latency: 3.80742 ms (end to end 3.81738 ms, enqueue 2.52227 ms)
[05/14/2026-14:24:32] [I] Average on 10 runs - GPU latency: 3.75938 ms - Host latency: 3.82031 ms (end to end 3.82969 ms, enqueue 2.24199 ms)
[05/14/2026-14:24:32] [I] Average on 10 runs - GPU latency: 3.73965 ms - Host latency: 3.80098 ms (end to end 3.81055 ms, enqueue 2.61289 ms)
[05/14/2026-14:24:32] [I] Average on 10 runs - GPU latency: 3.76367 ms - Host latency: 3.8252 ms (end to end 3.83457 ms, enqueue 2.26094 ms)
[05/14/2026-14:24:32] [I] Average on 10 runs - GPU latency: 3.79551 ms - Host latency: 3.85723 ms (end to end 3.87734 ms, enqueue 2.78164 ms)
[05/14/2026-14:24:32] [I] Average on 10 runs - GPU latency: 3.76367 ms - Host latency: 3.825 ms (end to end 3.83398 ms, enqueue 2.77715 ms)
[05/14/2026-14:24:32] [I] Average on 10 runs - GPU latency: 3.73945 ms - Host latency: 3.79961 ms (end to end 3.80977 ms, enqueue 2.63945 ms)
[05/14/2026-14:24:32] [I] Average on 10 runs - GPU latency: 3.76602 ms - Host latency: 3.82695 ms (end to end 3.83691 ms, enqueue 2.19473 ms)
[05/14/2026-14:24:32] [I] Average on 10 runs - GPU latency: 3.75449 ms - Host latency: 3.81562 ms (end to end 3.8252 ms, enqueue 2.50469 ms)
[05/14/2026-14:24:32] [I] Average on 10 runs - GPU latency: 3.73691 ms - Host latency: 3.79805 ms (end to end 3.80781 ms, enqueue 2.50391 ms)
[05/14/2026-14:24:32] [I] Average on 10 runs - GPU latency: 3.74297 ms - Host latency: 3.80352 ms (end to end 3.81289 ms, enqueue 2.66426 ms)
[05/14/2026-14:24:32] [I] Average on 10 runs - GPU latency: 3.74043 ms - Host latency: 3.80137 ms (end to end 3.81113 ms, enqueue 2.52852 ms)
[05/14/2026-14:24:32] [I] Average on 10 runs - GPU latency: 3.73906 ms - Host latency: 3.8002 ms (end to end 3.80879 ms, enqueue 2.725 ms)
[05/14/2026-14:24:32] [I] Average on 10 runs - GPU latency: 3.73535 ms - Host latency: 3.79609 ms (end to end 3.80566 ms, enqueue 2.55254 ms)
[05/14/2026-14:24:32] [I] Average on 10 runs - GPU latency: 3.75098 ms - Host latency: 3.81152 ms (end to end 3.82148 ms, enqueue 2.60566 ms)
[05/14/2026-14:24:32] [I] Average on 10 runs - GPU latency: 3.73809 ms - Host latency: 3.7998 ms (end to end 3.80957 ms, enqueue 2.69023 ms)
[05/14/2026-14:24:32] [I] Average on 10 runs - GPU latency: 3.76348 ms - Host latency: 3.8248 ms (end to end 3.83418 ms, enqueue 2.17695 ms)
[05/14/2026-14:24:32] [I] Average on 10 runs - GPU latency: 3.76621 ms - Host latency: 3.82715 ms (end to end 3.83672 ms, enqueue 2.15234 ms)
[05/14/2026-14:24:32] [I] Average on 10 runs - GPU latency: 3.75957 ms - Host latency: 3.81953 ms (end to end 3.8291 ms, enqueue 2.2502 ms)
[05/14/2026-14:24:32] [I] Average on 10 runs - GPU latency: 3.74746 ms - Host latency: 3.80859 ms (end to end 3.81738 ms, enqueue 2.5916 ms)
[05/14/2026-14:24:32] [I] Average on 10 runs - GPU latency: 3.75078 ms - Host latency: 3.81191 ms (end to end 3.82246 ms, enqueue 2.43301 ms)
[05/14/2026-14:24:32] [I] Average on 10 runs - GPU latency: 3.73301 ms - Host latency: 3.79414 ms (end to end 3.80469 ms, enqueue 2.92871 ms)
[05/14/2026-14:24:32] [I] Average on 10 runs - GPU latency: 3.76465 ms - Host latency: 3.82539 ms (end to end 3.83535 ms, enqueue 2.17109 ms)
[05/14/2026-14:24:32] [I] Average on 10 runs - GPU latency: 3.75645 ms - Host latency: 3.81699 ms (end to end 3.82676 ms, enqueue 2.32266 ms)
[05/14/2026-14:24:32] [I] Average on 10 runs - GPU latency: 3.74746 ms - Host latency: 3.80918 ms (end to end 3.81836 ms, enqueue 2.36973 ms)
[05/14/2026-14:24:32] [I] Average on 10 runs - GPU latency: 3.75215 ms - Host latency: 3.8127 ms (end to end 3.82227 ms, enqueue 2.47715 ms)
[05/14/2026-14:24:32] [I] Average on 10 runs - GPU latency: 3.75469 ms - Host latency: 3.81602 ms (end to end 3.82578 ms, enqueue 2.30391 ms)
[05/14/2026-14:24:32] [I] Average on 10 runs - GPU latency: 3.74258 ms - Host latency: 3.80352 ms (end to end 3.81309 ms, enqueue 2.62227 ms)
[05/14/2026-14:24:32] [I] Average on 10 runs - GPU latency: 3.75059 ms - Host latency: 3.81172 ms (end to end 3.8209 ms, enqueue 2.44805 ms)
[05/14/2026-14:24:32] [I] Average on 10 runs - GPU latency: 3.75039 ms - Host latency: 3.81133 ms (end to end 3.82148 ms, enqueue 2.4168 ms)
[05/14/2026-14:24:32] [I] Average on 10 runs - GPU latency: 3.7375 ms - Host latency: 3.79805 ms (end to end 3.80684 ms, enqueue 2.60137 ms)
[05/14/2026-14:24:32] [I] Average on 10 runs - GPU latency: 3.8373 ms - Host latency: 3.89941 ms (end to end 3.91875 ms, enqueue 2.77949 ms)
[05/14/2026-14:24:32] [I] Average on 10 runs - GPU latency: 3.73301 ms - Host latency: 3.79355 ms (end to end 3.80449 ms, enqueue 2.63008 ms)
[05/14/2026-14:24:32] [I] Average on 10 runs - GPU latency: 3.7377 ms - Host latency: 3.79902 ms (end to end 3.80879 ms, enqueue 2.59492 ms)
[05/14/2026-14:24:32] [I] Average on 10 runs - GPU latency: 3.75254 ms - Host latency: 3.81309 ms (end to end 3.82305 ms, enqueue 2.33867 ms)
[05/14/2026-14:24:32] [I] Average on 10 runs - GPU latency: 3.72266 ms - Host latency: 3.78379 ms (end to end 3.79492 ms, enqueue 3.05293 ms)
[05/14/2026-14:24:32] [I] Average on 10 runs - GPU latency: 3.73945 ms - Host latency: 3.80059 ms (end to end 3.81074 ms, enqueue 2.51133 ms)
[05/14/2026-14:24:32] [I] Average on 10 runs - GPU latency: 3.72344 ms - Host latency: 3.78457 ms (end to end 3.79316 ms, enqueue 2.96563 ms)
[05/14/2026-14:24:32] [I] Average on 10 runs - GPU latency: 3.75391 ms - Host latency: 3.81465 ms (end to end 3.82441 ms, enqueue 2.39824 ms)
[05/14/2026-14:24:32] [I] Average on 10 runs - GPU latency: 3.7459 ms - Host latency: 3.80762 ms (end to end 3.81602 ms, enqueue 2.54414 ms)
[05/14/2026-14:24:32] [I] Average on 10 runs - GPU latency: 3.75391 ms - Host latency: 3.81504 ms (end to end 3.82539 ms, enqueue 2.40352 ms)
[05/14/2026-14:24:32] [I] Average on 10 runs - GPU latency: 3.73223 ms - Host latency: 3.79219 ms (end to end 3.80215 ms, enqueue 2.65801 ms)
[05/14/2026-14:24:32] [I] Average on 10 runs - GPU latency: 3.75449 ms - Host latency: 3.81562 ms (end to end 3.825 ms, enqueue 2.26445 ms)
[05/14/2026-14:24:32] [I] Average on 10 runs - GPU latency: 3.73516 ms - Host latency: 3.79609 ms (end to end 3.80527 ms, enqueue 2.64648 ms)
[05/14/2026-14:24:32] [I] Average on 10 runs - GPU latency: 3.71699 ms - Host latency: 3.77813 ms (end to end 3.78926 ms, enqueue 2.96699 ms)
[05/14/2026-14:24:32] [I] Average on 10 runs - GPU latency: 3.75137 ms - Host latency: 3.81211 ms (end to end 3.82207 ms, enqueue 2.35469 ms)
[05/14/2026-14:24:32] [I] Average on 10 runs - GPU latency: 3.75312 ms - Host latency: 3.81504 ms (end to end 3.82402 ms, enqueue 2.44102 ms)
[05/14/2026-14:24:32] [I] Average on 10 runs - GPU latency: 3.75371 ms - Host latency: 3.81484 ms (end to end 3.8248 ms, enqueue 2.34199 ms)
[05/14/2026-14:24:32] [I] Average on 10 runs - GPU latency: 3.74102 ms - Host latency: 3.80156 ms (end to end 3.81211 ms, enqueue 2.7834 ms)
[05/14/2026-14:24:32] [I] Average on 10 runs - GPU latency: 3.73262 ms - Host latency: 3.79238 ms (end to end 3.80195 ms, enqueue 2.71816 ms)
[05/14/2026-14:24:32] [I] Average on 10 runs - GPU latency: 3.7373 ms - Host latency: 3.79902 ms (end to end 3.8084 ms, enqueue 2.70254 ms)
[05/14/2026-14:24:32] [I] Average on 10 runs - GPU latency: 3.74766 ms - Host latency: 3.80898 ms (end to end 3.81855 ms, enqueue 2.3668 ms)
[05/14/2026-14:24:32] [I] Average on 10 runs - GPU latency: 3.74863 ms - Host latency: 3.80977 ms (end to end 3.81934 ms, enqueue 2.53145 ms)
[05/14/2026-14:24:32] [I] Average on 10 runs - GPU latency: 3.73672 ms - Host latency: 3.79805 ms (end to end 3.80684 ms, enqueue 2.5998 ms)
[05/14/2026-14:24:32] [I] Average on 10 runs - GPU latency: 3.76328 ms - Host latency: 3.82461 ms (end to end 3.83379 ms, enqueue 2.33848 ms)
[05/14/2026-14:24:32] [I] Average on 10 runs - GPU latency: 3.76465 ms - Host latency: 3.82598 ms (end to end 3.83535 ms, enqueue 2.23789 ms)
[05/14/2026-14:24:32] [I] Average on 10 runs - GPU latency: 3.76133 ms - Host latency: 3.82188 ms (end to end 3.83125 ms, enqueue 2.30293 ms)
[05/14/2026-14:24:32] [I] Average on 10 runs - GPU latency: 3.82734 ms - Host latency: 3.88965 ms (end to end 3.90742 ms, enqueue 2.58828 ms)
[05/14/2026-14:24:32] [I] Average on 10 runs - GPU latency: 3.75762 ms - Host latency: 3.82012 ms (end to end 3.82988 ms, enqueue 2.35898 ms)
[05/14/2026-14:24:32] [I] Average on 10 runs - GPU latency: 3.76035 ms - Host latency: 3.82148 ms (end to end 3.83125 ms, enqueue 2.24648 ms)
[05/14/2026-14:24:32] [I] Average on 10 runs - GPU latency: 3.76738 ms - Host latency: 3.82871 ms (end to end 3.83789 ms, enqueue 2.1416 ms)
[05/14/2026-14:24:32] [I] Average on 10 runs - GPU latency: 3.73867 ms - Host latency: 3.80078 ms (end to end 3.81055 ms, enqueue 2.54863 ms)
[05/14/2026-14:24:32] [I] Average on 10 runs - GPU latency: 3.74551 ms - Host latency: 3.80703 ms (end to end 3.81602 ms, enqueue 2.53281 ms)
[05/14/2026-14:24:32] [I] Average on 10 runs - GPU latency: 3.74688 ms - Host latency: 3.80781 ms (end to end 3.81719 ms, enqueue 2.42559 ms)
[05/14/2026-14:24:32] [I] Average on 10 runs - GPU latency: 3.76523 ms - Host latency: 3.82637 ms (end to end 3.83633 ms, enqueue 2.17695 ms)
[05/14/2026-14:24:32] [I] Average on 10 runs - GPU latency: 3.7582 ms - Host latency: 3.81953 ms (end to end 3.82969 ms, enqueue 2.1459 ms)
[05/14/2026-14:24:32] [I] Average on 10 runs - GPU latency: 3.76367 ms - Host latency: 3.82461 ms (end to end 3.83437 ms, enqueue 2.17754 ms)
[05/14/2026-14:24:32] [I] Average on 10 runs - GPU latency: 3.75195 ms - Host latency: 3.81348 ms (end to end 3.82305 ms, enqueue 2.32246 ms)
[05/14/2026-14:24:32] [I] Average on 10 runs - GPU latency: 3.74395 ms - Host latency: 3.80527 ms (end to end 3.81445 ms, enqueue 2.47656 ms)
[05/14/2026-14:24:32] [I] Average on 10 runs - GPU latency: 3.74805 ms - Host latency: 3.80957 ms (end to end 3.81895 ms, enqueue 2.38633 ms)
[05/14/2026-14:24:32] [I] Average on 10 runs - GPU latency: 3.76973 ms - Host latency: 3.83105 ms (end to end 3.84043 ms, enqueue 2.19219 ms)
[05/14/2026-14:24:32] [I] Average on 10 runs - GPU latency: 3.74551 ms - Host latency: 3.80664 ms (end to end 3.81621 ms, enqueue 2.4668 ms)
[05/14/2026-14:24:32] [I] Average on 10 runs - GPU latency: 3.73867 ms - Host latency: 3.80059 ms (end to end 3.81172 ms, enqueue 2.79434 ms)
[05/14/2026-14:24:32] [I] Average on 10 runs - GPU latency: 3.69883 ms - Host latency: 3.76113 ms (end to end 3.7748 ms, enqueue 3.57051 ms)
[05/14/2026-14:24:32] [I] Average on 10 runs - GPU latency: 3.6957 ms - Host latency: 3.75742 ms (end to end 3.77148 ms, enqueue 3.52031 ms)
[05/14/2026-14:24:32] [I] Average on 10 runs - GPU latency: 3.6998 ms - Host latency: 3.76113 ms (end to end 3.7752 ms, enqueue 3.43926 ms)
[05/14/2026-14:24:32] [I] Average on 10 runs - GPU latency: 3.69844 ms - Host latency: 3.75977 ms (end to end 3.76992 ms, enqueue 3.4248 ms)
[05/14/2026-14:24:32] [I] Average on 10 runs - GPU latency: 3.69531 ms - Host latency: 3.75859 ms (end to end 3.77227 ms, enqueue 3.57246 ms)
[05/14/2026-14:24:32] [I] Average on 10 runs - GPU latency: 3.70039 ms - Host latency: 3.76191 ms (end to end 3.77559 ms, enqueue 3.44727 ms)
[05/14/2026-14:24:32] [I] Average on 10 runs - GPU latency: 3.69785 ms - Host latency: 3.75957 ms (end to end 3.77012 ms, enqueue 3.4832 ms)
[05/14/2026-14:24:32] [I] Average on 10 runs - GPU latency: 3.69766 ms - Host latency: 3.76016 ms (end to end 3.77344 ms, enqueue 3.56738 ms)
[05/14/2026-14:24:32] [I] Average on 10 runs - GPU latency: 3.69434 ms - Host latency: 3.75723 ms (end to end 3.77051 ms, enqueue 3.52637 ms)
[05/14/2026-14:24:32] [I] Average on 10 runs - GPU latency: 3.71777 ms - Host latency: 3.77969 ms (end to end 3.79277 ms, enqueue 3.23125 ms)
[05/14/2026-14:24:32] [I] Average on 10 runs - GPU latency: 3.80078 ms - Host latency: 3.86309 ms (end to end 3.91621 ms, enqueue 2.82344 ms)
[05/14/2026-14:24:32] [I] Average on 10 runs - GPU latency: 3.69512 ms - Host latency: 3.75703 ms (end to end 3.7707 ms, enqueue 3.56328 ms)
[05/14/2026-14:24:32] [I] Average on 10 runs - GPU latency: 3.69922 ms - Host latency: 3.76152 ms (end to end 3.7752 ms, enqueue 3.52578 ms)
[05/14/2026-14:24:32] [I] Average on 10 runs - GPU latency: 3.6998 ms - Host latency: 3.76191 ms (end to end 3.7752 ms, enqueue 3.53984 ms)
[05/14/2026-14:24:32] [I] Average on 10 runs - GPU latency: 3.73398 ms - Host latency: 3.7957 ms (end to end 3.80781 ms, enqueue 2.89062 ms)
[05/14/2026-14:24:32] [I] Average on 10 runs - GPU latency: 3.76387 ms - Host latency: 3.82422 ms (end to end 3.83398 ms, enqueue 2.19531 ms)
[05/14/2026-14:24:32] [I] Average on 10 runs - GPU latency: 3.76074 ms - Host latency: 3.82148 ms (end to end 3.83145 ms, enqueue 2.1752 ms)
[05/14/2026-14:24:32] [I] Average on 10 runs - GPU latency: 3.73457 ms - Host latency: 3.7959 ms (end to end 3.80527 ms, enqueue 2.70059 ms)
[05/14/2026-14:24:32] [I] Average on 10 runs - GPU latency: 3.73027 ms - Host latency: 3.7916 ms (end to end 3.80195 ms, enqueue 2.79336 ms)
[05/14/2026-14:24:32] [I] Average on 10 runs - GPU latency: 3.74414 ms - Host latency: 3.80469 ms (end to end 3.81426 ms, enqueue 2.62402 ms)
[05/14/2026-14:24:32] [I] Average on 10 runs - GPU latency: 3.73164 ms - Host latency: 3.79297 ms (end to end 3.80332 ms, enqueue 2.66973 ms)
[05/14/2026-14:24:32] [I] Average on 10 runs - GPU latency: 3.75625 ms - Host latency: 3.8168 ms (end to end 3.82637 ms, enqueue 2.40781 ms)
[05/14/2026-14:24:32] [I] Average on 10 runs - GPU latency: 3.75977 ms - Host latency: 3.82168 ms (end to end 3.83105 ms, enqueue 2.16797 ms)
[05/14/2026-14:24:32] [I] Average on 10 runs - GPU latency: 3.76875 ms - Host latency: 3.82949 ms (end to end 3.83867 ms, enqueue 2.19492 ms)
[05/14/2026-14:24:32] [I] 
[05/14/2026-14:24:32] [I] === Performance summary ===
[05/14/2026-14:24:32] [I] Throughput: 262.019 qps
[05/14/2026-14:24:32] [I] Latency: min = 3.74414 ms, max = 4.30933 ms, mean = 3.80513 ms, median = 3.80975 ms, percentile(99%) = 3.89844 ms
[05/14/2026-14:24:32] [I] End-to-End Host Latency: min = 3.75 ms, max = 4.42139 ms, mean = 3.81592 ms, median = 3.81982 ms, percentile(99%) = 3.92236 ms
[05/14/2026-14:24:32] [I] Enqueue Time: min = 1.90625 ms, max = 4.69336 ms, mean = 2.64669 ms, median = 2.39819 ms, percentile(99%) = 3.87988 ms
[05/14/2026-14:24:32] [I] H2D Latency: min = 0.0566406 ms, max = 0.113281 ms, mean = 0.0585864 ms, median = 0.0585938 ms, percentile(99%) = 0.0625 ms
[05/14/2026-14:24:32] [I] GPU Compute Time: min = 3.68201 ms, max = 4.24365 ms, mean = 3.74386 ms, median = 3.74902 ms, percentile(99%) = 3.83496 ms
[05/14/2026-14:24:32] [I] D2H Latency: min = 0.00170898 ms, max = 0.00390625 ms, mean = 0.00269409 ms, median = 0.00292969 ms, percentile(99%) = 0.00390625 ms
[05/14/2026-14:24:32] [I] Total Host Walltime: 20.0062 s
[05/14/2026-14:24:32] [I] Total GPU Compute Time: 19.6253 s
[05/14/2026-14:24:32] [I] Explanations of the performance metrics are printed in the verbose logs.
[05/14/2026-14:24:32] [I] 
&&&& PASSED TensorRT.trtexec [TensorRT v8001] # /usr/src/tensorrt/bin/trtexec --loadEngine=engines/tomato_yolov8n_cls_fieldaug_e25_fp16.engine --warmUp=1000 --duration=20 --iterations=1000
[05/14/2026-14:24:32] [I] [TRT] [MemUsageChange] Init cuBLAS/cuBLASLt: CPU +0, GPU +0, now: CPU 623, GPU 3597 (MiB)
