RAM 2487/3964MB (lfb 6x4MB) SWAP 1920/1982MB (cached 3MB) IRAM 0/252kB(lfb 252kB) CPU [11%@102,53%@307,11%@307,0%@403] EMC_FREQ 0%@1600 GR3D_FREQ 0%@76 APE 25 PLL@49C CPU@52.5C PMIC@50C GPU@53C AO@59.5C thermal@53.25C POM_5V_IN 2486/2486 POM_5V_GPU 0/0 POM_5V_CPU 489/489
RAM 2487/3964MB (lfb 6x4MB) SWAP 1920/1982MB (cached 3MB) IRAM 0/252kB(lfb 252kB) CPU [4%@307,3%@102,0%@102,3%@102] EMC_FREQ 0%@1600 GR3D_FREQ 0%@76 APE 25 PLL@48.5C CPU@51.5C PMIC@50C GPU@52.5C AO@59C thermal@53.25C POM_5V_IN 2201/2343 POM_5V_GPU 0/0 POM_5V_CPU 285/387
RAM 2487/3964MB (lfb 6x4MB) SWAP 1920/1982MB (cached 3MB) IRAM 0/252kB(lfb 252kB) CPU [11%@204,3%@204,3%@307,7%@307] EMC_FREQ 0%@1600 GR3D_FREQ 0%@76 APE 25 PLL@48.5C CPU@51.5C PMIC@50C GPU@52.5C AO@58.5C thermal@53.25C POM_5V_IN 2242/2309 POM_5V_GPU 0/0 POM_5V_CPU 285/353
RAM 2487/3964MB (lfb 6x4MB) SWAP 1920/1982MB (cached 3MB) IRAM 0/252kB(lfb 252kB) CPU [8%@204,0%@204,0%@204,0%@204] EMC_FREQ 0%@1600 GR3D_FREQ 0%@76 APE 25 PLL@48C CPU@51.5C PMIC@50C GPU@52C AO@58.5C thermal@51.5C POM_5V_IN 2160/2272 POM_5V_GPU 0/0 POM_5V_CPU 285/336
RAM 2487/3964MB (lfb 6x4MB) SWAP 1920/1982MB (cached 3MB) IRAM 0/252kB(lfb 252kB) CPU [17%@307,3%@307,3%@307,3%@307] EMC_FREQ 0%@1600 GR3D_FREQ 0%@76 APE 25 PLL@48C CPU@51C PMIC@50C GPU@52C AO@58.5C thermal@51.5C POM_5V_IN 2201/2258 POM_5V_GPU 0/0 POM_5V_CPU 285/325
RAM 2487/3964MB (lfb 6x4MB) SWAP 1920/1982MB (cached 3MB) IRAM 0/252kB(lfb 252kB) CPU [4%@307,3%@307,3%@307,0%@307] EMC_FREQ 0%@1600 GR3D_FREQ 0%@76 APE 25 PLL@47.5C CPU@50.5C PMIC@50C GPU@51.5C AO@58.5C thermal@51.5C POM_5V_IN 2242/2255 POM_5V_GPU 0/0 POM_5V_CPU 285/319
RAM 2487/3964MB (lfb 6x4MB) SWAP 1920/1982MB (cached 3MB) IRAM 0/252kB(lfb 252kB) CPU [14%@710,0%@710,0%@710,0%@710] EMC_FREQ 0%@1600 GR3D_FREQ 0%@76 APE 25 PLL@48C CPU@51C PMIC@50C GPU@52C AO@58.5C thermal@51.5C POM_5V_IN 2201/2247 POM_5V_GPU 0/0 POM_5V_CPU 285/314
RAM 2488/3964MB (lfb 6x4MB) SWAP 1920/1982MB (cached 3MB) IRAM 0/252kB(lfb 252kB) CPU [23%@403,25%@403,11%@403,11%@403] EMC_FREQ 0%@1600 GR3D_FREQ 0%@76 APE 25 PLL@47.5C CPU@51C PMIC@50C GPU@51.5C AO@58C thermal@51C POM_5V_IN 2568/2287 POM_5V_GPU 0/0 POM_5V_CPU 407/325
RAM 2530/3964MB (lfb 6x4MB) SWAP 1920/1982MB (cached 3MB) IRAM 0/252kB(lfb 252kB) CPU [19%@1224,52%@1224,26%@1224,3%@1224] EMC_FREQ 0%@1600 GR3D_FREQ 19%@76 APE 25 PLL@49C CPU@52C PMIC@50C GPU@50.5C AO@58.5C thermal@51C POM_5V_IN 3465/2418 POM_5V_GPU 203/22 POM_5V_CPU 976/398
RAM 2548/3964MB (lfb 6x4MB) SWAP 1920/1982MB (cached 3MB) IRAM 0/252kB(lfb 252kB) CPU [12%@1479,64%@1479,42%@1479,8%@1479] EMC_FREQ 0%@1600 GR3D_FREQ 0%@76 APE 25 PLL@50C CPU@54C PMIC@50C GPU@51.5C AO@59.5C thermal@51C POM_5V_IN 3541/2530 POM_5V_GPU 244/44 POM_5V_CPU 1343/492
RAM 2588/3964MB (lfb 6x4MB) SWAP 1920/1982MB (cached 3MB) IRAM 0/252kB(lfb 252kB) CPU [11%@1479,92%@1479,4%@1479,4%@1479] EMC_FREQ 1%@1600 GR3D_FREQ 42%@76 APE 25 PLL@50.5C CPU@55C PMIC@50C GPU@52C AO@60C thermal@51C POM_5V_IN 3744/2641 POM_5V_GPU 244/62 POM_5V_CPU 1424/577
RAM 2628/3964MB (lfb 6x4MB) SWAP 1920/1982MB (cached 3MB) IRAM 0/252kB(lfb 252kB) CPU [16%@1479,82%@1479,16%@1479,4%@1479] EMC_FREQ 1%@1600 GR3D_FREQ 46%@76 APE 25 PLL@51C CPU@55C PMIC@50C GPU@52C AO@60.5C thermal@53.75C POM_5V_IN 3744/2732 POM_5V_GPU 244/77 POM_5V_CPU 1424/647
RAM 2656/3964MB (lfb 6x4MB) SWAP 1920/1982MB (cached 3MB) IRAM 0/252kB(lfb 252kB) CPU [40%@1479,59%@1479,12%@1479,8%@1479] EMC_FREQ 1%@1600 GR3D_FREQ 49%@76 APE 25 PLL@51C CPU@56C PMIC@50C GPU@52.5C AO@61C thermal@53.75C POM_5V_IN 3663/2804 POM_5V_GPU 244/90 POM_5V_CPU 1383/704
RAM 2689/3964MB (lfb 6x4MB) SWAP 1920/1982MB (cached 3MB) IRAM 0/252kB(lfb 252kB) CPU [95%@1479,14%@1479,0%@1479,0%@1479] EMC_FREQ 1%@1600 GR3D_FREQ 20%@76 APE 25 PLL@51C CPU@56.5C PMIC@50C GPU@53C AO@61C thermal@53.75C POM_5V_IN 3663/2865 POM_5V_GPU 244/101 POM_5V_CPU 1383/752
RAM 2720/3964MB (lfb 6x4MB) SWAP 1920/1982MB (cached 3MB) IRAM 0/252kB(lfb 252kB) CPU [95%@1479,4%@1479,8%@1479,8%@1479] EMC_FREQ 1%@1600 GR3D_FREQ 45%@76 APE 25 PLL@51.5C CPU@56.5C PMIC@50C GPU@53C AO@61.5C thermal@53.75C POM_5V_IN 3704/2921 POM_5V_GPU 244/111 POM_5V_CPU 1424/797
RAM 2733/3964MB (lfb 6x4MB) SWAP 1920/1982MB (cached 3MB) IRAM 0/252kB(lfb 252kB) CPU [96%@1479,4%@1479,7%@1479,4%@1479] EMC_FREQ 1%@1600 GR3D_FREQ 29%@76 APE 25 PLL@51.5C CPU@56.5C PMIC@50C GPU@53.5C AO@62C thermal@53.75C POM_5V_IN 3663/2968 POM_5V_GPU 244/119 POM_5V_CPU 1343/831
RAM 2759/3964MB (lfb 6x4MB) SWAP 1920/1982MB (cached 3MB) IRAM 0/252kB(lfb 252kB) CPU [68%@1479,8%@1479,30%@1479,4%@1479] EMC_FREQ 1%@1600 GR3D_FREQ 38%@76 APE 25 PLL@51.5C CPU@55C PMIC@50C GPU@53.5C AO@61.5C thermal@55C POM_5V_IN 3785/3016 POM_5V_GPU 203/124 POM_5V_CPU 1383/864
RAM 2787/3964MB (lfb 6x4MB) SWAP 1920/1982MB (cached 3MB) IRAM 0/252kB(lfb 252kB) CPU [12%@1479,15%@1479,76%@1479,8%@1479] EMC_FREQ 1%@1600 GR3D_FREQ 45%@76 APE 25 PLL@51.5C CPU@55C PMIC@50C GPU@53.5C AO@61.5C thermal@55C POM_5V_IN 3785/3058 POM_5V_GPU 203/128 POM_5V_CPU 1424/895
RAM 2820/3964MB (lfb 6x4MB) SWAP 1920/1982MB (cached 3MB) IRAM 0/252kB(lfb 252kB) CPU [26%@1479,4%@1479,68%@1479,24%@1479] EMC_FREQ 1%@1600 GR3D_FREQ 18%@76 APE 25 PLL@52.5C CPU@55C PMIC@50C GPU@54C AO@61.5C thermal@55C POM_5V_IN 3744/3094 POM_5V_GPU 203/132 POM_5V_CPU 1506/927
RAM 2855/3964MB (lfb 6x4MB) SWAP 1920/1982MB (cached 3MB) IRAM 0/252kB(lfb 252kB) CPU [20%@1479,70%@1479,12%@1479,23%@1479] EMC_FREQ 2%@1600 GR3D_FREQ 27%@76 APE 25 PLL@52C CPU@56C PMIC@50C GPU@53.5C AO@61.5C thermal@55C POM_5V_IN 3785/3129 POM_5V_GPU 162/134 POM_5V_CPU 1343/948
RAM 2888/3964MB (lfb 6x4MB) SWAP 1920/1982MB (cached 3MB) IRAM 0/252kB(lfb 252kB) CPU [12%@1479,26%@1479,17%@1479,62%@1479] EMC_FREQ 2%@1600 GR3D_FREQ 36%@76 APE 25 PLL@52.5C CPU@54.5C PMIC@50C GPU@53.5C AO@61.5C thermal@54.75C POM_5V_IN 3785/3160 POM_5V_GPU 203/137 POM_5V_CPU 1465/972
RAM 2922/3964MB (lfb 6x4MB) SWAP 1920/1982MB (cached 3MB) IRAM 0/252kB(lfb 252kB) CPU [12%@1479,44%@1479,8%@1479,42%@1479] EMC_FREQ 2%@1600 GR3D_FREQ 54%@76 APE 25 PLL@52.5C CPU@56C PMIC@50C GPU@53.5C AO@61.5C thermal@54.75C POM_5V_IN 3663/3183 POM_5V_GPU 162/138 POM_5V_CPU 1465/995
RAM 2929/3964MB (lfb 6x4MB) SWAP 1920/1982MB (cached 3MB) IRAM 0/252kB(lfb 252kB) CPU [24%@1326,20%@1326,12%@1326,64%@1326] EMC_FREQ 2%@1600 GR3D_FREQ 36%@76 APE 25 PLL@52C CPU@56C PMIC@50C GPU@54C AO@61.5C thermal@54.75C POM_5V_IN 3622/3202 POM_5V_GPU 162/139 POM_5V_CPU 1261/1006
RAM 2986/3964MB (lfb 6x4MB) SWAP 1920/1982MB (cached 3MB) IRAM 0/252kB(lfb 252kB) CPU [17%@1479,4%@1479,11%@1479,88%@1479] EMC_FREQ 2%@1600 GR3D_FREQ 0%@76 APE 25 PLL@52C CPU@55C PMIC@50C GPU@53.5C AO@61.5C thermal@54.75C POM_5V_IN 3424/3211 POM_5V_GPU 81/137 POM_5V_CPU 1221/1015
RAM 2984/3964MB (lfb 6x4MB) SWAP 1920/1982MB (cached 3MB) IRAM 0/252kB(lfb 252kB) CPU [32%@1479,61%@1479,23%@1479,34%@1479] EMC_FREQ 2%@1600 GR3D_FREQ 40%@76 APE 25 PLL@52.5C CPU@56.5C PMIC@50C GPU@54C AO@61.5C thermal@55C POM_5V_IN 3663/3229 POM_5V_GPU 203/139 POM_5V_CPU 1465/1033
RAM 3023/3964MB (lfb 6x4MB) SWAP 1920/1982MB (cached 3MB) IRAM 0/252kB(lfb 252kB) CPU [4%@1479,68%@1479,23%@1479,14%@1479] EMC_FREQ 2%@1600 GR3D_FREQ 33%@76 APE 25 PLL@52.5C CPU@57C PMIC@50C GPU@54C AO@62C thermal@55C POM_5V_IN 3704/3248 POM_5V_GPU 162/140 POM_5V_CPU 1383/1047
RAM 3044/3964MB (lfb 6x4MB) SWAP 1920/1982MB (cached 3MB) IRAM 0/252kB(lfb 252kB) CPU [33%@1479,21%@1479,4%@1479,56%@1479] EMC_FREQ 2%@1600 GR3D_FREQ 33%@76 APE 25 PLL@53C CPU@56C PMIC@50C GPU@54.5C AO@62C thermal@55C POM_5V_IN 3744/3266 POM_5V_GPU 162/141 POM_5V_CPU 1465/1062
RAM 3075/3964MB (lfb 6x4MB) SWAP 1920/1982MB (cached 3MB) IRAM 0/252kB(lfb 252kB) CPU [28%@1479,25%@1479,16%@1479,76%@1479] EMC_FREQ 2%@1600 GR3D_FREQ 7%@76 APE 25 PLL@53.5C CPU@57C PMIC@50C GPU@54C AO@62.5C thermal@55C POM_5V_IN 3948/3290 POM_5V_GPU 162/142 POM_5V_CPU 1587/1081
RAM 3112/3964MB (lfb 4x4MB) SWAP 1920/1982MB (cached 3MB) IRAM 0/252kB(lfb 252kB) CPU [12%@518,17%@518,14%@518,91%@518] EMC_FREQ 2%@1600 GR3D_FREQ 9%@76 APE 25 PLL@53.5C CPU@56C PMIC@50C GPU@54C AO@62C thermal@55C POM_5V_IN 3622/3302 POM_5V_GPU 162/142 POM_5V_CPU 1465/1094
RAM 3128/3964MB (lfb 4x4MB) SWAP 1920/1982MB (cached 3MB) IRAM 0/252kB(lfb 252kB) CPU [16%@1479,15%@1479,29%@1479,50%@1479] EMC_FREQ 2%@1600 GR3D_FREQ 99%@76 APE 25 PLL@53C CPU@55.5C PMIC@50C GPU@54.5C AO@62C thermal@55C POM_5V_IN 3424/3306 POM_5V_GPU 284/147 POM_5V_CPU 936/1089
RAM 3174/3964MB (lfb 4x4MB) SWAP 1920/1982MB (cached 3MB) IRAM 0/252kB(lfb 252kB) CPU [96%@1479,4%@1479,3%@1479,12%@1479] EMC_FREQ 2%@1600 GR3D_FREQ 9%@153 APE 25 PLL@52.5C CPU@58C PMIC@50C GPU@54C AO@62.5C thermal@55C POM_5V_IN 3663/3317 POM_5V_GPU 162/147 POM_5V_CPU 1424/1099
RAM 3225/3964MB (lfb 4x4MB) SWAP 1920/1982MB (cached 3MB) IRAM 0/252kB(lfb 252kB) CPU [96%@1479,3%@1479,8%@1479,3%@1479] EMC_FREQ 2%@1600 GR3D_FREQ 3%@153 APE 25 PLL@52.5C CPU@59C PMIC@50C GPU@54C AO@63C thermal@55C POM_5V_IN 3704/3329 POM_5V_GPU 162/148 POM_5V_CPU 1424/1110
RAM 3272/3964MB (lfb 4x4MB) SWAP 1920/1982MB (cached 3MB) IRAM 0/252kB(lfb 252kB) CPU [87%@1479,16%@1479,4%@1479,12%@1479] EMC_FREQ 3%@1600 GR3D_FREQ 11%@153 APE 25 PLL@53C CPU@59C PMIC@50C GPU@54.5C AO@63C thermal@55C POM_5V_IN 3663/3339 POM_5V_GPU 162/148 POM_5V_CPU 1424/1119
RAM 3314/3964MB (lfb 4x4MB) SWAP 1920/1982MB (cached 3MB) IRAM 0/252kB(lfb 252kB) CPU [96%@1479,4%@1479,11%@1479,4%@1479] EMC_FREQ 3%@1600 GR3D_FREQ 11%@153 APE 25 PLL@53C CPU@59C PMIC@50C GPU@54.5C AO@63C thermal@56.75C POM_5V_IN 3704/3350 POM_5V_GPU 162/149 POM_5V_CPU 1424/1128
RAM 3328/3964MB (lfb 1x1MB) SWAP 1920/1982MB (cached 3MB) IRAM 0/252kB(lfb 252kB) CPU [96%@1479,7%@1479,4%@1479,4%@1479] EMC_FREQ 3%@1600 GR3D_FREQ 24%@153 APE 25 PLL@53C CPU@59.5C PMIC@50C GPU@54.5C AO@63C thermal@56.75C POM_5V_IN 3744/3361 POM_5V_GPU 162/149 POM_5V_CPU 1546/1140
RAM 3317/3964MB (lfb 1x1MB) SWAP 1920/1982MB (cached 3MB) IRAM 0/252kB(lfb 252kB) CPU [26%@1479,11%@1479,88%@1479,8%@1479] EMC_FREQ 3%@1600 GR3D_FREQ 96%@153 APE 25 PLL@53C CPU@55.5C PMIC@50C GPU@55C AO@63C thermal@56.75C POM_5V_IN 3383/3362 POM_5V_GPU 284/153 POM_5V_CPU 1017/1137
RAM 3317/3964MB (lfb 1x1MB) SWAP 1920/1982MB (cached 3MB) IRAM 0/252kB(lfb 252kB) CPU [20%@921,4%@921,40%@921,8%@921] EMC_FREQ 4%@1600 GR3D_FREQ 99%@768 APE 25 PLL@53C CPU@56C PMIC@50C GPU@56C AO@62.5C thermal@56.75C POM_5V_IN 6014/3434 POM_5V_GPU 2475/216 POM_5V_CPU 973/1132
RAM 3317/3964MB (lfb 1x1MB) SWAP 1920/1982MB (cached 3MB) IRAM 0/252kB(lfb 252kB) CPU [29%@1326,7%@1326,53%@1326,11%@1326] EMC_FREQ 6%@1600 GR3D_FREQ 98%@921 APE 25 PLL@55C CPU@59.5C PMIC@50C GPU@59.5C AO@64.5C thermal@59C POM_5V_IN 7859/3550 POM_5V_GPU 3889/312 POM_5V_CPU 1215/1134
RAM 3317/3964MB (lfb 1x1MB) SWAP 1920/1982MB (cached 3MB) IRAM 0/252kB(lfb 252kB) CPU [16%@1479,8%@1479,50%@1479,8%@1479] EMC_FREQ 9%@1600 GR3D_FREQ 98%@921 APE 25 PLL@56C CPU@61C PMIC@50C GPU@61.5C AO@65.5C thermal@59C POM_5V_IN 7940/3663 POM_5V_GPU 3929/405 POM_5V_CPU 1255/1137
RAM 3317/3964MB (lfb 1x1MB) SWAP 1920/1982MB (cached 3MB) IRAM 0/252kB(lfb 252kB) CPU [28%@1132,42%@1132,32%@1132,8%@1132] EMC_FREQ 11%@1600 GR3D_FREQ 99%@921 APE 25 PLL@56.5C CPU@62C PMIC@50C GPU@62.5C AO@66.5C thermal@59C POM_5V_IN 7980/3771 POM_5V_GPU 3970/494 POM_5V_CPU 1174/1138
RAM 3317/3964MB (lfb 1x1MB) SWAP 1920/1982MB (cached 3MB) IRAM 0/252kB(lfb 252kB) CPU [33%@1224,66%@1224,18%@1224,11%@1224] EMC_FREQ 12%@1600 GR3D_FREQ 99%@921 APE 25 PLL@57.5C CPU@62.5C PMIC@50C GPU@63C AO@67C thermal@59C POM_5V_IN 7980/3873 POM_5V_GPU 4010/580 POM_5V_CPU 1215/1140
RAM 3318/3964MB (lfb 1x1MB) SWAP 1920/1982MB (cached 3MB) IRAM 0/252kB(lfb 252kB) CPU [33%@1224,60%@1224,19%@1224,15%@1224] EMC_FREQ 14%@1600 GR3D_FREQ 98%@921 APE 25 PLL@58C CPU@63.5C PMIC@50C GPU@64C AO@67.5C thermal@59C POM_5V_IN 8061/3973 POM_5V_GPU 4010/661 POM_5V_CPU 1215/1142
RAM 3318/3964MB (lfb 1x1MB) SWAP 1920/1982MB (cached 3MB) IRAM 0/252kB(lfb 252kB) CPU [30%@1428,60%@1428,8%@1428,8%@1428] EMC_FREQ 15%@1600 GR3D_FREQ 98%@921 APE 25 PLL@59C CPU@64C PMIC@50C GPU@64.5C AO@68C thermal@63.75C POM_5V_IN 8142/4070 POM_5V_GPU 4051/740 POM_5V_CPU 1255/1145
RAM 3318/3964MB (lfb 1x1MB) SWAP 1920/1982MB (cached 3MB) IRAM 0/252kB(lfb 252kB) CPU [24%@1326,70%@1326,22%@1326,12%@1326] EMC_FREQ 17%@1600 GR3D_FREQ 98%@921 APE 25 PLL@59.5C CPU@64.5C PMIC@50C GPU@65C AO@69C thermal@63.75C POM_5V_IN 8102/4161 POM_5V_GPU 4051/816 POM_5V_CPU 1255/1147
RAM 3318/3964MB (lfb 1x1MB) SWAP 1920/1982MB (cached 3MB) IRAM 0/252kB(lfb 252kB) CPU [33%@1479,65%@1479,14%@1479,12%@1479] EMC_FREQ 18%@1600 GR3D_FREQ 99%@921 APE 25 PLL@60C CPU@65.5C PMIC@50C GPU@65.5C AO@69C thermal@63.75C POM_5V_IN 8142/4250 POM_5V_GPU 4051/887 POM_5V_CPU 1255/1149
RAM 3318/3964MB (lfb 1x1MB) SWAP 1920/1982MB (cached 3MB) IRAM 0/252kB(lfb 252kB) CPU [28%@1479,69%@1479,12%@1479,18%@1479] EMC_FREQ 19%@1600 GR3D_FREQ 99%@921 APE 25 PLL@60C CPU@66C PMIC@50C GPU@66C AO@69.5C thermal@63.75C POM_5V_IN 8183/4335 POM_5V_GPU 4091/957 POM_5V_CPU 1255/1152
RAM 3318/3964MB (lfb 1x1MB) SWAP 1920/1982MB (cached 3MB) IRAM 0/252kB(lfb 252kB) CPU [30%@1132,7%@1132,17%@1132,51%@1132] EMC_FREQ 20%@1600 GR3D_FREQ 99%@921 APE 25 PLL@60.5C CPU@67C PMIC@50C GPU@66.5C AO@70C thermal@66.25C POM_5V_IN 8183/4417 POM_5V_GPU 4051/1023 POM_5V_CPU 1296/1155
RAM 3317/3964MB (lfb 1x1MB) SWAP 1920/1982MB (cached 3MB) IRAM 0/252kB(lfb 252kB) CPU [26%@614,19%@614,15%@614,67%@614] EMC_FREQ 21%@1600 GR3D_FREQ 99%@921 APE 25 PLL@61C CPU@66.5C PMIC@50C GPU@67C AO@70.5C thermal@66.25C POM_5V_IN 8021/4492 POM_5V_GPU 4010/1085 POM_5V_CPU 1174/1155
RAM 3317/3964MB (lfb 1x1MB) SWAP 1920/1982MB (cached 3MB) IRAM 0/252kB(lfb 252kB) CPU [41%@1326,42%@1326,14%@1326,36%@1326] EMC_FREQ 22%@1600 GR3D_FREQ 99%@921 APE 25 PLL@61.5C CPU@67C PMIC@50C GPU@67.5C AO@71C thermal@66.25C POM_5V_IN 8061/4565 POM_5V_GPU 3970/1144 POM_5V_CPU 1174/1156
RAM 3317/3964MB (lfb 1x1MB) SWAP 1920/1982MB (cached 3MB) IRAM 0/252kB(lfb 252kB) CPU [20%@1224,67%@1224,13%@1224,20%@1224] EMC_FREQ 22%@1600 GR3D_FREQ 99%@921 APE 25 PLL@61.5C CPU@67C PMIC@50C GPU@67.5C AO@71.5C thermal@66.25C POM_5V_IN 8061/4635 POM_5V_GPU 4010/1201 POM_5V_CPU 1215/1157
RAM 3317/3964MB (lfb 1x1MB) SWAP 1920/1982MB (cached 3MB) IRAM 0/252kB(lfb 252kB) CPU [18%@1326,20%@1326,46%@1326,19%@1326] EMC_FREQ 23%@1600 GR3D_FREQ 98%@921 APE 25 PLL@62.5C CPU@68C PMIC@50C GPU@68C AO@71.5C thermal@67.75C POM_5V_IN 8183/4705 POM_5V_GPU 4010/1256 POM_5V_CPU 1296/1159
RAM 3317/3964MB (lfb 1x1MB) SWAP 1920/1982MB (cached 3MB) IRAM 0/252kB(lfb 252kB) CPU [16%@1326,4%@1326,52%@1326,12%@1326] EMC_FREQ 23%@1600 GR3D_FREQ 98%@921 APE 25 PLL@63C CPU@68C PMIC@50C GPU@68.5C AO@72.5C thermal@67.75C POM_5V_IN 8142/4771 POM_5V_GPU 4051/1310 POM_5V_CPU 1255/1161
RAM 3317/3964MB (lfb 1x1MB) SWAP 1920/1982MB (cached 3MB) IRAM 0/252kB(lfb 252kB) CPU [20%@1428,21%@1428,50%@1428,11%@1428] EMC_FREQ 24%@1600 GR3D_FREQ 98%@921 APE 25 PLL@62.5C CPU@68.5C PMIC@50C GPU@69C AO@72C thermal@67.75C POM_5V_IN 8183/4835 POM_5V_GPU 4010/1361 POM_5V_CPU 1336/1165
RAM 3317/3964MB (lfb 1x1MB) SWAP 1920/1982MB (cached 3MB) IRAM 0/252kB(lfb 252kB) CPU [28%@825,29%@825,29%@825,34%@825] EMC_FREQ 24%@1600 GR3D_FREQ 98%@921 APE 25 PLL@63.5C CPU@69C PMIC@50C GPU@69C AO@72.5C thermal@67.75C POM_5V_IN 8183/4897 POM_5V_GPU 4051/1411 POM_5V_CPU 1296/1167
RAM 3317/3964MB (lfb 1x1MB) SWAP 1920/1982MB (cached 3MB) IRAM 0/252kB(lfb 252kB) CPU [16%@1224,12%@1224,53%@1224,8%@1224] EMC_FREQ 25%@1600 GR3D_FREQ 98%@921 APE 25 PLL@64C CPU@69C PMIC@50C GPU@69.5C AO@73C thermal@67.75C POM_5V_IN 8223/4958 POM_5V_GPU 4051/1459 POM_5V_CPU 1296/1169
RAM 3317/3964MB (lfb 1x1MB) SWAP 1920/1982MB (cached 3MB) IRAM 0/252kB(lfb 252kB) CPU [24%@1326,4%@1326,48%@1326,11%@1326] EMC_FREQ 25%@1600 GR3D_FREQ 98%@921 APE 25 PLL@64C CPU@69.5C PMIC@50C GPU@70C AO@73.5C thermal@69.5C POM_5V_IN 8264/5017 POM_5V_GPU 4051/1505 POM_5V_CPU 1336/1172
RAM 3318/3964MB (lfb 1x1MB) SWAP 1920/1982MB (cached 3MB) IRAM 0/252kB(lfb 252kB) CPU [13%@1479,16%@1479,44%@1479,16%@1479] EMC_FREQ 26%@1600 GR3D_FREQ 98%@921 APE 25 PLL@64.5C CPU@70C PMIC@50C GPU@70C AO@73.5C thermal@69.5C POM_5V_IN 8264/5074 POM_5V_GPU 4051/1550 POM_5V_CPU 1296/1174
RAM 3317/3964MB (lfb 1x1MB) SWAP 1920/1982MB (cached 3MB) IRAM 0/252kB(lfb 252kB) CPU [42%@1479,64%@1479,37%@1479,40%@1479] EMC_FREQ 26%@1600 GR3D_FREQ 99%@921 APE 25 PLL@65.5C CPU@70.5C PMIC@50C GPU@70.5C AO@74.5C thermal@69.5C POM_5V_IN 8629/5135 POM_5V_GPU 3963/1591 POM_5V_CPU 1779/1185
RAM 3317/3964MB (lfb 1x1MB) SWAP 1920/1982MB (cached 3MB) IRAM 0/252kB(lfb 252kB) CPU [26%@1479,70%@1479,16%@1479,22%@1479] EMC_FREQ 26%@1600 GR3D_FREQ 98%@921 APE 25 PLL@65.5C CPU@70.5C PMIC@50C GPU@71C AO@74.5C thermal@69.5C POM_5V_IN 8467/5191 POM_5V_GPU 4051/1633 POM_5V_CPU 1458/1189
RAM 3317/3964MB (lfb 1x1MB) SWAP 1920/1982MB (cached 3MB) IRAM 0/252kB(lfb 252kB) CPU [26%@1326,20%@1326,16%@1326,52%@1326] EMC_FREQ 27%@1600 GR3D_FREQ 99%@921 APE 25 PLL@65.5C CPU@71C PMIC@50C GPU@71C AO@74.5C thermal@71C POM_5V_IN 8223/5242 POM_5V_GPU 4132/1675 POM_5V_CPU 1255/1191
RAM 3317/3964MB (lfb 1x1MB) SWAP 1920/1982MB (cached 3MB) IRAM 0/252kB(lfb 252kB) CPU [37%@1224,23%@1224,26%@1224,12%@1224] EMC_FREQ 27%@1600 GR3D_FREQ 98%@921 APE 25 PLL@65.5C CPU@71.5C PMIC@50C GPU@71.5C AO@75C thermal@71C POM_5V_IN 8385/5293 POM_5V_GPU 4085/1714 POM_5V_CPU 1377/1194
RAM 3317/3964MB (lfb 1x1MB) SWAP 1920/1982MB (cached 3MB) IRAM 0/252kB(lfb 252kB) CPU [37%@1428,19%@1428,34%@1428,16%@1428] EMC_FREQ 27%@1600 GR3D_FREQ 98%@921 APE 25 PLL@66C CPU@71.5C PMIC@50C GPU@71.5C AO@75.5C thermal@71C POM_5V_IN 8467/5344 POM_5V_GPU 4085/1752 POM_5V_CPU 1456/1198
RAM 3317/3964MB (lfb 1x1MB) SWAP 1920/1982MB (cached 3MB) IRAM 0/252kB(lfb 252kB) CPU [30%@825,4%@825,33%@825,51%@825] EMC_FREQ 27%@1600 GR3D_FREQ 99%@921 APE 25 PLL@66.5C CPU@72C PMIC@50C GPU@72C AO@75.5C thermal@71C POM_5V_IN 8345/5392 POM_5V_GPU 4132/1790 POM_5V_CPU 1336/1200
RAM 3317/3964MB (lfb 1x1MB) SWAP 1920/1982MB (cached 3MB) IRAM 0/252kB(lfb 252kB) CPU [25%@921,26%@921,50%@921,15%@921] EMC_FREQ 28%@1600 GR3D_FREQ 99%@921 APE 25 PLL@66.5C CPU@72C PMIC@50C GPU@72.5C AO@76C thermal@72.25C POM_5V_IN 8345/5438 POM_5V_GPU 4132/1827 POM_5V_CPU 1296/1202
RAM 3317/3964MB (lfb 1x1MB) SWAP 1920/1982MB (cached 3MB) IRAM 0/252kB(lfb 252kB) CPU [24%@825,50%@1479,12%@1479,17%@1479] EMC_FREQ 28%@1600 GR3D_FREQ 98%@921 APE 25 PLL@66.5C CPU@72C PMIC@50C GPU@72.5C AO@76C thermal@72.25C POM_5V_IN 8385/5484 POM_5V_GPU 4085/1861 POM_5V_CPU 1496/1206
RAM 3317/3964MB (lfb 1x1MB) SWAP 1920/1982MB (cached 3MB) IRAM 0/252kB(lfb 252kB) CPU [20%@1132,32%@1132,8%@1132,41%@614] EMC_FREQ 28%@1600 GR3D_FREQ 99%@921 APE 25 PLL@67C CPU@73C PMIC@50C GPU@72.5C AO@76C thermal@72.25C POM_5V_IN 8345/5527 POM_5V_GPU 4132/1896 POM_5V_CPU 1296/1207
RAM 3317/3964MB (lfb 1x1MB) SWAP 1920/1982MB (cached 3MB) IRAM 0/252kB(lfb 252kB) CPU [40%@921,26%@921,11%@921,29%@921] EMC_FREQ 28%@1600 GR3D_FREQ 98%@921 APE 25 PLL@67C CPU@72.5C PMIC@50C GPU@73C AO@76.5C thermal@72.25C POM_5V_IN 8385/5570 POM_5V_GPU 4125/1929 POM_5V_CPU 1336/1209
RAM 3317/3964MB (lfb 1x1MB) SWAP 1920/1982MB (cached 3MB) IRAM 0/252kB(lfb 252kB) CPU [26%@1224,22%@1224,16%@1224,61%@1224] EMC_FREQ 28%@1600 GR3D_FREQ 99%@921 APE 25 PLL@67.5C CPU@73.5C PMIC@50C GPU@73C AO@76.5C thermal@72.25C POM_5V_IN 8345/5610 POM_5V_GPU 4172/1962 POM_5V_CPU 1296/1211
RAM 3317/3964MB (lfb 1x1MB) SWAP 1920/1982MB (cached 3MB) IRAM 0/252kB(lfb 252kB) CPU [30%@1479,30%@1479,22%@1479,56%@1479] EMC_FREQ 28%@1600 GR3D_FREQ 98%@921 APE 25 PLL@67.5C CPU@73.5C PMIC@50C GPU@73.5C AO@77C thermal@73.5C POM_5V_IN 8548/5653 POM_5V_GPU 4085/1993 POM_5V_CPU 1456/1214
RAM 3317/3964MB (lfb 2x1MB) SWAP 1920/1982MB (cached 3MB) IRAM 0/252kB(lfb 252kB) CPU [26%@1132,32%@1132,34%@1132,24%@1132] EMC_FREQ 28%@1600 GR3D_FREQ 98%@921 APE 25 PLL@67.5C CPU@74C PMIC@50C GPU@73.5C AO@77C thermal@73.5C POM_5V_IN 8467/5693 POM_5V_GPU 4166/2024 POM_5V_CPU 1417/1217
RAM 3317/3964MB (lfb 1x2MB) SWAP 1920/1982MB (cached 3MB) IRAM 0/252kB(lfb 252kB) CPU [26%@1224,21%@1224,50%@1224,25%@1224] EMC_FREQ 28%@1600 GR3D_FREQ 98%@921 APE 25 PLL@68.5C CPU@74C PMIC@50C GPU@74C AO@77.5C thermal@73.5C POM_5V_IN 8507/5733 POM_5V_GPU 4166/2054 POM_5V_CPU 1456/1220
RAM 3317/3964MB (lfb 1x2MB) SWAP 1920/1982MB (cached 3MB) IRAM 0/252kB(lfb 252kB) CPU [28%@1132,37%@1132,12%@1132,38%@1132] EMC_FREQ 28%@1600 GR3D_FREQ 98%@921 APE 25 PLL@68.5C CPU@74C PMIC@50C GPU@74C AO@77.5C thermal@73.5C POM_5V_IN 8588/5772 POM_5V_GPU 4166/2083 POM_5V_CPU 1456/1224
RAM 3317/3964MB (lfb 1x2MB) SWAP 1920/1982MB (cached 3MB) IRAM 0/252kB(lfb 252kB) CPU [35%@825,34%@825,25%@825,36%@825] EMC_FREQ 29%@1600 GR3D_FREQ 99%@921 APE 25 PLL@68.5C CPU@74.5C PMIC@50C GPU@74.5C AO@77.5C thermal@74C POM_5V_IN 8548/5810 POM_5V_GPU 4166/2112 POM_5V_CPU 1456/1227
RAM 3317/3964MB (lfb 1x2MB) SWAP 1920/1982MB (cached 3MB) IRAM 0/252kB(lfb 252kB) CPU [24%@825,16%@825,60%@825,33%@1224] EMC_FREQ 29%@1600 GR3D_FREQ 98%@921 APE 25 PLL@68.5C CPU@74.5C PMIC@50C GPU@74C AO@78C thermal@74C POM_5V_IN 8507/5847 POM_5V_GPU 4206/2140 POM_5V_CPU 1375/1229
RAM 3317/3964MB (lfb 1x2MB) SWAP 1920/1982MB (cached 3MB) IRAM 0/252kB(lfb 252kB) CPU [41%@1479,12%@1479,42%@1479,16%@1479] EMC_FREQ 29%@1600 GR3D_FREQ 98%@921 APE 25 PLL@68.5C CPU@74.5C PMIC@50C GPU@74.5C AO@78.5C thermal@74C POM_5V_IN 8588/5883 POM_5V_GPU 4166/2167 POM_5V_CPU 1496/1232
RAM 3317/3964MB (lfb 1x2MB) SWAP 1920/1982MB (cached 3MB) IRAM 0/252kB(lfb 252kB) CPU [30%@1479,12%@1479,20%@1479,33%@1479] EMC_FREQ 29%@1600 GR3D_FREQ 99%@921 APE 25 PLL@69C CPU@75C PMIC@50C GPU@75C AO@78.5C thermal@74C POM_5V_IN 8548/5918 POM_5V_GPU 4206/2194 POM_5V_CPU 1415/1235
RAM 3317/3964MB (lfb 1x2MB) SWAP 1920/1982MB (cached 3MB) IRAM 0/252kB(lfb 252kB) CPU [28%@1326,44%@1326,25%@1326,35%@1326] EMC_FREQ 29%@1600 GR3D_FREQ 98%@921 APE 25 PLL@69.5C CPU@75C PMIC@50C GPU@75C AO@79C thermal@75C POM_5V_IN 8629/5954 POM_5V_GPU 4206/2220 POM_5V_CPU 1496/1238
RAM 3317/3964MB (lfb 1x2MB) SWAP 1920/1982MB (cached 3MB) IRAM 0/252kB(lfb 252kB) CPU [21%@1326,17%@1326,24%@1326,36%@1326] EMC_FREQ 29%@1600 GR3D_FREQ 99%@921 APE 25 PLL@69C CPU@75C PMIC@50C GPU@75.5C AO@79C thermal@75C POM_5V_IN 8507/5986 POM_5V_GPU 4206/2246 POM_5V_CPU 1377/1240
RAM 3317/3964MB (lfb 1x2MB) SWAP 1920/1982MB (cached 3MB) IRAM 0/252kB(lfb 252kB) CPU [32%@1224,30%@1224,16%@1224,50%@1224] EMC_FREQ 29%@1600 GR3D_FREQ 99%@921 APE 25 PLL@69.5C CPU@75.5C PMIC@50C GPU@75C AO@79C thermal@75C POM_5V_IN 8629/6020 POM_5V_GPU 4166/2270 POM_5V_CPU 1417/1242
RAM 3317/3964MB (lfb 1x2MB) SWAP 1920/1982MB (cached 3MB) IRAM 0/252kB(lfb 252kB) CPU [21%@1036,16%@1036,16%@1036,53%@1036] EMC_FREQ 29%@1600 GR3D_FREQ 98%@921 APE 25 PLL@69.5C CPU@75.5C PMIC@50C GPU@75.5C AO@79C thermal@75C POM_5V_IN 8588/6052 POM_5V_GPU 4206/2294 POM_5V_CPU 1458/1245
RAM 3317/3964MB (lfb 1x2MB) SWAP 1920/1982MB (cached 3MB) IRAM 0/252kB(lfb 252kB) CPU [33%@1326,29%@1326,20%@1326,30%@1326] EMC_FREQ 29%@1600 GR3D_FREQ 98%@921 APE 25 PLL@70C CPU@76C PMIC@50C GPU@76C AO@79.5C thermal@75C POM_5V_IN 8629/6084 POM_5V_GPU 4166/2317 POM_5V_CPU 1496/1248
RAM 3317/3964MB (lfb 1x2MB) SWAP 1920/1982MB (cached 3MB) IRAM 0/252kB(lfb 252kB) CPU [30%@1224,15%@1224,59%@1224,32%@1224] EMC_FREQ 29%@1600 GR3D_FREQ 98%@921 APE 25 PLL@70C CPU@76.5C PMIC@50C GPU@76C AO@79.5C thermal@76C POM_5V_IN 8669/6115 POM_5V_GPU 4206/2340 POM_5V_CPU 1456/1250
RAM 3317/3964MB (lfb 1x2MB) SWAP 1920/1982MB (cached 3MB) IRAM 0/252kB(lfb 252kB) CPU [26%@1326,46%@1326,28%@1326,28%@1326] EMC_FREQ 29%@1600 GR3D_FREQ 98%@921 APE 25 PLL@70C CPU@76.5C PMIC@50C GPU@76.5C AO@79.5C thermal@76C POM_5V_IN 8791/6147 POM_5V_GPU 4206/2363 POM_5V_CPU 1577/1254
RAM 3317/3964MB (lfb 1x2MB) SWAP 1920/1982MB (cached 3MB) IRAM 0/252kB(lfb 252kB) CPU [30%@1326,16%@1326,40%@1326,38%@1326] EMC_FREQ 29%@1600 GR3D_FREQ 99%@921 APE 25 PLL@70C CPU@76.5C PMIC@50C GPU@76C AO@79.5C thermal@76C POM_5V_IN 8669/6177 POM_5V_GPU 4247/2385 POM_5V_CPU 1456/1257
RAM 3317/3964MB (lfb 1x2MB) SWAP 1920/1982MB (cached 3MB) IRAM 0/252kB(lfb 252kB) CPU [28%@1479,19%@1479,68%@1479,19%@1479] EMC_FREQ 29%@1600 GR3D_FREQ 99%@921 APE 25 PLL@70.5C CPU@77C PMIC@50C GPU@76C AO@79.5C thermal@76C POM_5V_IN 8750/6208 POM_5V_GPU 4247/2407 POM_5V_CPU 1496/1260
RAM 3317/3964MB (lfb 1x2MB) SWAP 1920/1982MB (cached 3MB) IRAM 0/252kB(lfb 252kB) CPU [21%@1428,8%@1428,55%@1428,37%@1428] EMC_FREQ 29%@1600 GR3D_FREQ 99%@921 APE 25 PLL@70.5C CPU@77C PMIC@50C GPU@76.5C AO@80C thermal@76.75C POM_5V_IN 8710/6237 POM_5V_GPU 4287/2429 POM_5V_CPU 1496/1262
RAM 3317/3964MB (lfb 1x2MB) SWAP 1920/1982MB (cached 3MB) IRAM 0/252kB(lfb 252kB) CPU [26%@1326,23%@1326,12%@1326,66%@1326] EMC_FREQ 29%@1600 GR3D_FREQ 99%@921 APE 25 PLL@70.5C CPU@77C PMIC@50C GPU@76.5C AO@80C thermal@76.75C POM_5V_IN 8588/6264 POM_5V_GPU 4287/2450 POM_5V_CPU 1377/1264
RAM 3317/3964MB (lfb 1x2MB) SWAP 1920/1982MB (cached 3MB) IRAM 0/252kB(lfb 252kB) CPU [28%@921,12%@518,25%@518,42%@518] EMC_FREQ 29%@1600 GR3D_FREQ 99%@921 APE 25 PLL@71C CPU@77C PMIC@50C GPU@76.5C AO@80.5C thermal@76.75C POM_5V_IN 8629/6291 POM_5V_GPU 4247/2471 POM_5V_CPU 1375/1265
RAM 3317/3964MB (lfb 1x2MB) SWAP 1920/1982MB (cached 3MB) IRAM 0/252kB(lfb 252kB) CPU [36%@825,8%@825,33%@825,48%@825] EMC_FREQ 29%@1600 GR3D_FREQ 99%@921 APE 25 PLL@71C CPU@77.5C PMIC@50C GPU@76.5C AO@80.5C thermal@76.75C POM_5V_IN 8588/6317 POM_5V_GPU 4247/2491 POM_5V_CPU 1377/1266
RAM 3317/3964MB (lfb 1x2MB) SWAP 1920/1982MB (cached 3MB) IRAM 0/252kB(lfb 252kB) CPU [26%@825,20%@825,57%@825,19%@825] EMC_FREQ 29%@1600 GR3D_FREQ 99%@921 APE 25 PLL@71.5C CPU@77.5C PMIC@50C GPU@77C AO@80.5C thermal@77.25C POM_5V_IN 8588/6342 POM_5V_GPU 4247/2510 POM_5V_CPU 1415/1268
RAM 3312/3964MB (lfb 1x2MB) SWAP 1920/1982MB (cached 3MB) IRAM 0/252kB(lfb 252kB) CPU [30%@1326,36%@1326,50%@1326,12%@1326] EMC_FREQ 29%@1600 GR3D_FREQ 99%@921 APE 25 PLL@71.5C CPU@77.5C PMIC@50C GPU@77.5C AO@81C thermal@77.25C POM_5V_IN 8669/6367 POM_5V_GPU 4247/2529 POM_5V_CPU 1415/1269
RAM 3312/3964MB (lfb 1x2MB) SWAP 1920/1982MB (cached 3MB) IRAM 0/252kB(lfb 252kB) CPU [20%@518,20%@518,33%@518,48%@518] EMC_FREQ 29%@1600 GR3D_FREQ 99%@921 APE 25 PLL@72C CPU@78C PMIC@50C GPU@77.5C AO@81C thermal@77.25C POM_5V_IN 8669/6392 POM_5V_GPU 4247/2548 POM_5V_CPU 1415/1271
RAM 3312/3964MB (lfb 1x2MB) SWAP 1920/1982MB (cached 3MB) IRAM 0/252kB(lfb 252kB) CPU [30%@614,19%@614,12%@1036,46%@1036] EMC_FREQ 29%@1600 GR3D_FREQ 98%@921 APE 25 PLL@72C CPU@78C PMIC@50C GPU@78C AO@81C thermal@77.25C POM_5V_IN 8669/6417 POM_5V_GPU 4247/2566 POM_5V_CPU 1456/1273
RAM 3312/3964MB (lfb 1x2MB) SWAP 1920/1982MB (cached 3MB) IRAM 0/252kB(lfb 252kB) CPU [29%@614,29%@614,25%@614,55%@614] EMC_FREQ 29%@1600 GR3D_FREQ 99%@921 APE 25 PLL@72C CPU@78C PMIC@50C GPU@78C AO@81.5C thermal@77.25C POM_5V_IN 8588/6440 POM_5V_GPU 4327/2585 POM_5V_CPU 1377/1274
RAM 3312/3964MB (lfb 1x2MB) SWAP 1920/1982MB (cached 3MB) IRAM 0/252kB(lfb 252kB) CPU [26%@1428,56%@1428,8%@1428,12%@1428] EMC_FREQ 29%@1600 GR3D_FREQ 98%@921 APE 25 PLL@72C CPU@78C PMIC@50C GPU@78C AO@81.5C thermal@77.75C POM_5V_IN 8750/6464 POM_5V_GPU 4287/2603 POM_5V_CPU 1496/1276
RAM 3312/3964MB (lfb 1x2MB) SWAP 1920/1982MB (cached 3MB) IRAM 0/252kB(lfb 252kB) CPU [29%@614,12%@614,64%@614,12%@614] EMC_FREQ 29%@1600 GR3D_FREQ 99%@921 APE 25 PLL@72C CPU@78.5C PMIC@50C GPU@78C AO@81.5C thermal@77.75C POM_5V_IN 8669/6487 POM_5V_GPU 4334/2621 POM_5V_CPU 1375/1277
RAM 3312/3964MB (lfb 1x2MB) SWAP 1920/1982MB (cached 3MB) IRAM 0/252kB(lfb 252kB) CPU [28%@921,20%@921,29%@921,51%@921] EMC_FREQ 29%@1600 GR3D_FREQ 99%@921 APE 25 PLL@72C CPU@78.5C PMIC@50C GPU@78.5C AO@82C thermal@77.75C POM_5V_IN 8710/6510 POM_5V_GPU 4327/2638 POM_5V_CPU 1415/1279
RAM 3312/3964MB (lfb 1x2MB) SWAP 1920/1982MB (cached 3MB) IRAM 0/252kB(lfb 252kB) CPU [28%@614,22%@614,26%@614,57%@614] EMC_FREQ 29%@1600 GR3D_FREQ 99%@921 APE 25 PLL@72.5C CPU@79C PMIC@50C GPU@78.5C AO@81.5C thermal@77.75C POM_5V_IN 8710/6533 POM_5V_GPU 4287/2655 POM_5V_CPU 1415/1280
RAM 3312/3964MB (lfb 1x2MB) SWAP 1920/1982MB (cached 3MB) IRAM 0/252kB(lfb 252kB) CPU [21%@710,15%@710,64%@710,16%@710] EMC_FREQ 29%@1600 GR3D_FREQ 98%@921 APE 25 PLL@72C CPU@79C PMIC@50C GPU@78.5C AO@82C thermal@78.75C POM_5V_IN 8669/6554 POM_5V_GPU 4287/2672 POM_5V_CPU 1415/1282
RAM 3312/3964MB (lfb 1x2MB) SWAP 1920/1982MB (cached 3MB) IRAM 0/252kB(lfb 252kB) CPU [25%@1479,22%@1479,58%@1479,35%@1479] EMC_FREQ 29%@1600 GR3D_FREQ 99%@921 APE 25 PLL@72.5C CPU@79C PMIC@50C GPU@78.5C AO@82C thermal@78.75C POM_5V_IN 8750/6576 POM_5V_GPU 4287/2688 POM_5V_CPU 1496/1284
RAM 3312/3964MB (lfb 1x2MB) SWAP 1920/1982MB (cached 3MB) IRAM 0/252kB(lfb 252kB) CPU [35%@1479,8%@1479,42%@1479,36%@1479] EMC_FREQ 29%@1600 GR3D_FREQ 98%@921 APE 25 PLL@73C CPU@79C PMIC@50C GPU@78.5C AO@82.5C thermal@78.75C POM_5V_IN 8791/6598 POM_5V_GPU 4327/2704 POM_5V_CPU 1496/1286
RAM 3312/3964MB (lfb 1x2MB) SWAP 1920/1982MB (cached 3MB) IRAM 0/252kB(lfb 252kB) CPU [25%@1036,13%@1036,44%@1036,16%@1036] EMC_FREQ 29%@1600 GR3D_FREQ 99%@921 APE 25 PLL@73C CPU@80C PMIC@50C GPU@79C AO@82.5C thermal@78.75C POM_5V_IN 8710/6619 POM_5V_GPU 4327/2720 POM_5V_CPU 1456/1287
RAM 3312/3964MB (lfb 1x2MB) SWAP 1920/1982MB (cached 3MB) IRAM 0/252kB(lfb 252kB) CPU [28%@518,15%@518,42%@518,50%@518] EMC_FREQ 29%@1600 GR3D_FREQ 99%@921 APE 25 PLL@72.5C CPU@79.5C PMIC@50C GPU@79C AO@82.5C thermal@78.75C POM_5V_IN 8710/6639 POM_5V_GPU 4368/2736 POM_5V_CPU 1415/1289
RAM 3312/3964MB (lfb 1x2MB) SWAP 1920/1982MB (cached 3MB) IRAM 0/252kB(lfb 252kB) CPU [34%@1326,12%@1326,36%@1326,55%@1326] EMC_FREQ 29%@1600 GR3D_FREQ 99%@921 APE 25 PLL@73C CPU@79.5C PMIC@50C GPU@79C AO@82.5C thermal@79.25C POM_5V_IN 8831/6660 POM_5V_GPU 4327/2751 POM_5V_CPU 1537/1291
RAM 3312/3964MB (lfb 1x2MB) SWAP 1920/1982MB (cached 3MB) IRAM 0/252kB(lfb 252kB) CPU [28%@1224,32%@1224,26%@1224,12%@1224] EMC_FREQ 29%@1600 GR3D_FREQ 98%@921 APE 25 PLL@73.5C CPU@79.5C PMIC@50C GPU@79.5C AO@82.5C thermal@79.25C POM_5V_IN 8831/6681 POM_5V_GPU 4327/2766 POM_5V_CPU 1496/1293
RAM 3312/3964MB (lfb 1x2MB) SWAP 1920/1982MB (cached 3MB) IRAM 0/252kB(lfb 252kB) CPU [28%@1036,12%@1036,38%@1036,48%@1036] EMC_FREQ 29%@1600 GR3D_FREQ 99%@921 APE 25 PLL@73.5C CPU@79.5C PMIC@50C GPU@79.5C AO@82.5C thermal@79.25C POM_5V_IN 8710/6700 POM_5V_GPU 4327/2781 POM_5V_CPU 1415/1294
RAM 3312/3964MB (lfb 1x2MB) SWAP 1920/1982MB (cached 3MB) IRAM 0/252kB(lfb 252kB) CPU [32%@614,11%@614,50%@614,30%@614] EMC_FREQ 29%@1600 GR3D_FREQ 99%@921 APE 25 PLL@73.5C CPU@80C PMIC@50C GPU@79.5C AO@82.5C thermal@79.25C POM_5V_IN 8750/6719 POM_5V_GPU 4327/2795 POM_5V_CPU 1415/1295
RAM 3312/3964MB (lfb 1x2MB) SWAP 1920/1982MB (cached 3MB) IRAM 0/252kB(lfb 252kB) CPU [29%@1036,19%@1036,48%@1036,34%@1036] EMC_FREQ 29%@1600 GR3D_FREQ 99%@921 APE 25 PLL@73.5C CPU@80.5C PMIC@50C GPU@79.5C AO@83C thermal@79.75C POM_5V_IN 8872/6739 POM_5V_GPU 4287/2809 POM_5V_CPU 1496/1297
RAM 3312/3964MB (lfb 1x2MB) SWAP 1920/1982MB (cached 3MB) IRAM 0/252kB(lfb 252kB) CPU [28%@1036,12%@1036,22%@1036,60%@1036] EMC_FREQ 29%@1600 GR3D_FREQ 99%@921 APE 25 PLL@73.5C CPU@80C PMIC@50C GPU@80C AO@83.5C thermal@79.75C POM_5V_IN 8750/6757 POM_5V_GPU 4368/2824 POM_5V_CPU 1415/1298
RAM 3312/3964MB (lfb 1x2MB) SWAP 1920/1982MB (cached 3MB) IRAM 0/252kB(lfb 252kB) CPU [26%@1132,32%@1132,29%@1132,29%@1132] EMC_FREQ 29%@1600 GR3D_FREQ 99%@921 APE 25 PLL@73.5C CPU@80C PMIC@50C GPU@80C AO@83C thermal@79.75C POM_5V_IN 8791/6776 POM_5V_GPU 4368/2838 POM_5V_CPU 1456/1300
RAM 3312/3964MB (lfb 1x2MB) SWAP 1920/1982MB (cached 3MB) IRAM 0/252kB(lfb 252kB) CPU [21%@1036,20%@1036,30%@1036,46%@1036] EMC_FREQ 29%@1600 GR3D_FREQ 99%@921 APE 25 PLL@73.5C CPU@80.5C PMIC@50C GPU@80C AO@83.5C thermal@79.75C POM_5V_IN 8831/6794 POM_5V_GPU 4368/2851 POM_5V_CPU 1456/1301
RAM 3271/3964MB (lfb 4x4MB) SWAP 1920/1982MB (cached 3MB) IRAM 0/252kB(lfb 252kB) CPU [16%@1479,16%@1479,20%@1479,64%@1479] EMC_FREQ 27%@1600 GR3D_FREQ 0%@921 APE 25 PLL@74C CPU@77C PMIC@50C GPU@77C AO@83C thermal@79C POM_5V_IN 4925/6778 POM_5V_GPU 1137/2836 POM_5V_CPU 1381/1302
RAM 3255/3964MB (lfb 4x4MB) SWAP 1920/1982MB (cached 3MB) IRAM 0/252kB(lfb 252kB) CPU [3%@1479,10%@1479,8%@1479,100%@1479] EMC_FREQ 25%@1600 GR3D_FREQ 0%@921 APE 25 PLL@72C CPU@73.5C PMIC@50C GPU@74C AO@81C thermal@79C POM_5V_IN 3907/6752 POM_5V_GPU 366/2814 POM_5V_CPU 1302/1302
