RAM 2353/3964MB (lfb 1x4MB) SWAP 1982/1982MB (cached 3MB) CPU [10%@102,7%@102,48%@102,3%@102] EMC_FREQ 0% GR3D_FREQ 0% PLL@40C CPU@43C PMIC@50C GPU@42.5C AO@49C thermal@42.75C POM_5V_IN 2242/2242 POM_5V_GPU 81/81 POM_5V_CPU 284/284
RAM 2353/3964MB (lfb 1x4MB) SWAP 1982/1982MB (cached 3MB) CPU [15%@102,0%@102,0%@102,3%@102] EMC_FREQ 0% GR3D_FREQ 0% PLL@39C CPU@43C PMIC@50C GPU@42.5C AO@49C thermal@43C POM_5V_IN 2160/2201 POM_5V_GPU 81/81 POM_5V_CPU 203/243
RAM 2353/3964MB (lfb 1x4MB) SWAP 1982/1982MB (cached 3MB) CPU [12%@102,3%@102,3%@102,0%@102] EMC_FREQ 0% GR3D_FREQ 0% PLL@39C CPU@42.5C PMIC@50C GPU@42C AO@49C thermal@43C POM_5V_IN 2160/2187 POM_5V_GPU 81/81 POM_5V_CPU 162/216
RAM 2353/3964MB (lfb 1x4MB) SWAP 1982/1982MB (cached 3MB) CPU [18%@102,3%@102,0%@102,3%@102] EMC_FREQ 0% GR3D_FREQ 0% PLL@39C CPU@42.5C PMIC@50C GPU@42C AO@48.5C thermal@43C POM_5V_IN 2160/2180 POM_5V_GPU 81/81 POM_5V_CPU 203/213
RAM 2353/3964MB (lfb 1x4MB) SWAP 1982/1982MB (cached 3MB) CPU [14%@102,7%@102,3%@102,3%@102] EMC_FREQ 0% GR3D_FREQ 0% PLL@39C CPU@42.5C PMIC@50C GPU@42C AO@48.5C thermal@43C POM_5V_IN 2119/2168 POM_5V_GPU 81/81 POM_5V_CPU 203/211
RAM 2353/3964MB (lfb 1x4MB) SWAP 1982/1982MB (cached 3MB) CPU [12%@102,0%@102,11%@102,3%@102] EMC_FREQ 0% GR3D_FREQ 0% PLL@39C CPU@42.5C PMIC@50C GPU@42C AO@48.5C thermal@42C POM_5V_IN 2160/2166 POM_5V_GPU 81/81 POM_5V_CPU 203/209
RAM 2353/3964MB (lfb 1x4MB) SWAP 1982/1982MB (cached 3MB) CPU [18%@102,0%@102,0%@102,3%@102] EMC_FREQ 0% GR3D_FREQ 0% PLL@39C CPU@42C PMIC@50C GPU@42C AO@48.5C thermal@42C POM_5V_IN 2160/2165 POM_5V_GPU 81/81 POM_5V_CPU 203/208
RAM 2382/3964MB (lfb 1x4MB) SWAP 1982/1982MB (cached 3MB) CPU [7%@1224,38%@1224,8%@1224,4%@1224] EMC_FREQ 0% GR3D_FREQ 0% PLL@39.5C CPU@43C PMIC@50C GPU@42.5C AO@48.5C thermal@42C POM_5V_IN 2971/2266 POM_5V_GPU 40/75 POM_5V_CPU 732/274
RAM 2432/3964MB (lfb 1x4MB) SWAP 1982/1982MB (cached 3MB) CPU [12%@1479,70%@1479,8%@1479,26%@1479] EMC_FREQ 0% GR3D_FREQ 0% PLL@40.5C CPU@46C PMIC@50C GPU@43C AO@49.5C thermal@42C POM_5V_IN 3297/2381 POM_5V_GPU 162/85 POM_5V_CPU 1099/365
RAM 2443/3964MB (lfb 1x4MB) SWAP 1982/1982MB (cached 3MB) CPU [16%@1479,96%@1479,8%@1479,4%@1479] EMC_FREQ 0% GR3D_FREQ 24% PLL@41C CPU@46.5C PMIC@50C GPU@43C AO@50C thermal@42C POM_5V_IN 3459/2488 POM_5V_GPU 162/93 POM_5V_CPU 1261/455
RAM 2475/3964MB (lfb 1x4MB) SWAP 1982/1982MB (cached 3MB) CPU [18%@1479,95%@1479,4%@1479,11%@1479] EMC_FREQ 0% GR3D_FREQ 21% PLL@41.5C CPU@47C PMIC@50C GPU@43.5C AO@50.5C thermal@44.75C POM_5V_IN 3541/2584 POM_5V_GPU 203/103 POM_5V_CPU 1341/535
RAM 2513/3964MB (lfb 1x4MB) SWAP 1982/1982MB (cached 3MB) CPU [19%@1479,96%@1479,4%@1479,4%@1479] EMC_FREQ 0% GR3D_FREQ 10% PLL@41.5C CPU@47.5C PMIC@50C GPU@44C AO@51C thermal@44.75C POM_5V_IN 3459/2657 POM_5V_GPU 203/111 POM_5V_CPU 1300/599
RAM 2542/3964MB (lfb 1x4MB) SWAP 1982/1982MB (cached 3MB) CPU [16%@1479,37%@1479,15%@1479,65%@1479] EMC_FREQ 0% GR3D_FREQ 37% PLL@42.5C CPU@45.5C PMIC@50C GPU@44C AO@51C thermal@44.75C POM_5V_IN 3459/2719 POM_5V_GPU 162/115 POM_5V_CPU 1300/653
RAM 2581/3964MB (lfb 20x1MB) SWAP 1982/1982MB (cached 3MB) CPU [45%@1479,11%@1479,12%@1479,61%@1479] EMC_FREQ 0% GR3D_FREQ 42% PLL@42.5C CPU@46C PMIC@50C GPU@44.5C AO@51C thermal@44.75C POM_5V_IN 3581/2780 POM_5V_GPU 162/118 POM_5V_CPU 1422/708
RAM 2602/3964MB (lfb 20x1MB) SWAP 1982/1982MB (cached 3MB) CPU [12%@1479,7%@1479,92%@1479,11%@1479] EMC_FREQ 0% GR3D_FREQ 4% PLL@42.5C CPU@45.5C PMIC@50C GPU@44.5C AO@51C thermal@45C POM_5V_IN 3500/2828 POM_5V_GPU 162/121 POM_5V_CPU 1381/753
RAM 2631/3964MB (lfb 20x1MB) SWAP 1982/1982MB (cached 3MB) CPU [53%@1479,11%@1479,53%@1479,8%@1479] EMC_FREQ 0% GR3D_FREQ 37% PLL@42.5C CPU@47.5C PMIC@50C GPU@45C AO@51.5C thermal@45C POM_5V_IN 3459/2867 POM_5V_GPU 162/124 POM_5V_CPU 1261/784
RAM 2661/3964MB (lfb 20x1MB) SWAP 1982/1982MB (cached 3MB) CPU [40%@1479,16%@1479,66%@1479,14%@1479] EMC_FREQ 0% GR3D_FREQ 51% PLL@42.5C CPU@47C PMIC@50C GPU@45C AO@51.5C thermal@45C POM_5V_IN 3581/2909 POM_5V_GPU 162/126 POM_5V_CPU 1422/822
RAM 2687/3964MB (lfb 18x1MB) SWAP 1982/1982MB (cached 3MB) CPU [15%@1479,57%@1479,42%@1479,8%@1479] EMC_FREQ 0% GR3D_FREQ 31% PLL@42.5C CPU@47.5C PMIC@50C GPU@45C AO@51.5C thermal@45C POM_5V_IN 3500/2942 POM_5V_GPU 162/128 POM_5V_CPU 1341/851
RAM 2724/3964MB (lfb 18x1MB) SWAP 1982/1982MB (cached 3MB) CPU [8%@1479,88%@1479,8%@1479,18%@1479] EMC_FREQ 0% GR3D_FREQ 9% PLL@43C CPU@48C PMIC@50C GPU@45C AO@51.5C thermal@46.5C POM_5V_IN 3541/2974 POM_5V_GPU 122/127 POM_5V_CPU 1381/879
RAM 2763/3964MB (lfb 18x1MB) SWAP 1982/1982MB (cached 3MB) CPU [16%@1479,46%@1479,61%@1479,8%@1479] EMC_FREQ 0% GR3D_FREQ 35% PLL@43C CPU@47C PMIC@50C GPU@45C AO@52C thermal@46.5C POM_5V_IN 3704/3010 POM_5V_GPU 162/129 POM_5V_CPU 1422/906
RAM 2800/3964MB (lfb 18x1MB) SWAP 1982/1982MB (cached 3MB) CPU [12%@1479,25%@1479,85%@1479,8%@1479] EMC_FREQ 0% GR3D_FREQ 22% PLL@43C CPU@46.5C PMIC@50C GPU@45.5C AO@51.5C thermal@46.5C POM_5V_IN 3500/3033 POM_5V_GPU 122/129 POM_5V_CPU 1381/928
RAM 2834/3964MB (lfb 18x1MB) SWAP 1982/1982MB (cached 3MB) CPU [14%@1479,91%@1479,11%@1479,19%@1479] EMC_FREQ 0% GR3D_FREQ 50% PLL@43C CPU@48C PMIC@50C GPU@45C AO@52C thermal@46.5C POM_5V_IN 3500/3055 POM_5V_GPU 162/130 POM_5V_CPU 1381/949
RAM 2844/3964MB (lfb 18x1MB) SWAP 1982/1982MB (cached 3MB) CPU [12%@1479,80%@1479,4%@1479,20%@1479] EMC_FREQ 0% GR3D_FREQ 6% PLL@43.5C CPU@47C PMIC@50C GPU@45C AO@51.5C thermal@46.5C POM_5V_IN 3419/3070 POM_5V_GPU 122/130 POM_5V_CPU 1341/966
RAM 2875/3964MB (lfb 18x1MB) SWAP 1982/1982MB (cached 3MB) CPU [19%@1479,16%@1479,50%@1479,52%@1479] EMC_FREQ 0% GR3D_FREQ 54% PLL@43.5C CPU@46.5C PMIC@50C GPU@45.5C AO@51.5C thermal@45.75C POM_5V_IN 3541/3090 POM_5V_GPU 162/131 POM_5V_CPU 1381/983
RAM 2916/3964MB (lfb 18x1MB) SWAP 1982/1982MB (cached 3MB) CPU [17%@403,18%@403,92%@403,12%@403] EMC_FREQ 0% GR3D_FREQ 0% PLL@43.5C CPU@46.5C PMIC@50C GPU@46C AO@52C thermal@45.75C POM_5V_IN 3378/3102 POM_5V_GPU 122/131 POM_5V_CPU 1302/996
RAM 2973/3964MB (lfb 18x1MB) SWAP 1982/1982MB (cached 3MB) CPU [8%@1479,18%@1479,91%@1479,12%@1479] EMC_FREQ 0% GR3D_FREQ 0% PLL@43.5C CPU@46C PMIC@50C GPU@46C AO@52C thermal@45.75C POM_5V_IN 3174/3104 POM_5V_GPU 81/129 POM_5V_CPU 1058/998
RAM 2967/3964MB (lfb 18x1MB) SWAP 1982/1982MB (cached 3MB) CPU [64%@1479,26%@1479,36%@1479,12%@1479] EMC_FREQ 0% GR3D_FREQ 45% PLL@43.5C CPU@48.5C PMIC@50C GPU@45.5C AO@52.5C thermal@45.75C POM_5V_IN 3378/3114 POM_5V_GPU 122/129 POM_5V_CPU 1261/1008
RAM 2988/3964MB (lfb 2x2MB) SWAP 1982/1982MB (cached 3MB) CPU [12%@1479,12%@1479,80%@1479,11%@1479] EMC_FREQ 0% GR3D_FREQ 41% PLL@43.5C CPU@47.5C PMIC@50C GPU@46C AO@52.5C thermal@46.75C POM_5V_IN 3337/3122 POM_5V_GPU 203/131 POM_5V_CPU 1017/1008
RAM 3044/3964MB (lfb 18x1MB) SWAP 1982/1982MB (cached 3MB) CPU [18%@1479,80%@1479,7%@1479,13%@1479] EMC_FREQ 0% GR3D_FREQ 35% PLL@43.5C CPU@48.5C PMIC@50C GPU@45.5C AO@52.5C thermal@46.75C POM_5V_IN 3663/3141 POM_5V_GPU 162/132 POM_5V_CPU 1503/1025
RAM 3044/3964MB (lfb 2x2MB) SWAP 1982/1982MB (cached 3MB) CPU [12%@1479,19%@1479,15%@1479,92%@1479] EMC_FREQ 0% GR3D_FREQ 13% PLL@44C CPU@47C PMIC@50C GPU@45.5C AO@52.5C thermal@46.75C POM_5V_IN 3297/3146 POM_5V_GPU 122/132 POM_5V_CPU 1180/1030
RAM 3092/3964MB (lfb 1x2MB) SWAP 1982/1982MB (cached 3MB) CPU [12%@1479,8%@1479,15%@1479,96%@1479] EMC_FREQ 0% GR3D_FREQ 13% PLL@44.5C CPU@47C PMIC@50C GPU@46C AO@52C thermal@46.75C POM_5V_IN 3459/3156 POM_5V_GPU 122/132 POM_5V_CPU 1300/1039
RAM 3130/3964MB (lfb 15x1MB) SWAP 1982/1982MB (cached 3MB) CPU [11%@1479,68%@1479,4%@1479,34%@1479] EMC_FREQ 0% GR3D_FREQ 44% PLL@44C CPU@49C PMIC@50C GPU@46C AO@53C thermal@47.5C POM_5V_IN 3541/3168 POM_5V_GPU 162/133 POM_5V_CPU 1381/1050
RAM 3184/3964MB (lfb 3x1MB) SWAP 1982/1982MB (cached 3MB) CPU [8%@1479,38%@1479,66%@1479,8%@1479] EMC_FREQ 0% GR3D_FREQ 12% PLL@44C CPU@47C PMIC@50C GPU@46C AO@52.5C thermal@47.5C POM_5V_IN 3541/3180 POM_5V_GPU 122/132 POM_5V_CPU 1381/1060
RAM 3228/3964MB (lfb 3x1MB) SWAP 1982/1982MB (cached 3MB) CPU [11%@1479,4%@1479,96%@1479,4%@1479] EMC_FREQ 0% GR3D_FREQ 20% PLL@44C CPU@47.5C PMIC@50C GPU@46.5C AO@52.5C thermal@47.5C POM_5V_IN 3500/3189 POM_5V_GPU 203/134 POM_5V_CPU 1219/1065
RAM 3228/3964MB (lfb 3x1MB) SWAP 1982/1982MB (cached 3MB) CPU [8%@1479,4%@1479,46%@1479,4%@1479] EMC_FREQ 0% GR3D_FREQ 99% PLL@44C CPU@47C PMIC@50C GPU@47C AO@53C thermal@47.5C POM_5V_IN 5161/3245 POM_5V_GPU 1747/180 POM_5V_CPU 1136/1067
RAM 3229/3964MB (lfb 3x1MB) SWAP 1982/1982MB (cached 3MB) CPU [33%@1479,21%@1479,88%@1479,16%@1479] EMC_FREQ 0% GR3D_FREQ 99% PLL@45.5C CPU@50C PMIC@50C GPU@50C AO@54C thermal@47.5C POM_5V_IN 7130/3353 POM_5V_GPU 3403/270 POM_5V_CPU 1296/1073
RAM 3229/3964MB (lfb 3x1MB) SWAP 1982/1982MB (cached 3MB) CPU [100%@1479,8%@1479,4%@1479,12%@1479] EMC_FREQ 0% GR3D_FREQ 99% PLL@46.5C CPU@51C PMIC@50C GPU@51.5C AO@55.5C thermal@50.75C POM_5V_IN 7292/3460 POM_5V_GPU 3362/353 POM_5V_CPU 1377/1081
RAM 3229/3964MB (lfb 3x1MB) SWAP 1982/1982MB (cached 3MB) CPU [100%@1479,8%@1479,12%@1479,12%@1479] EMC_FREQ 0% GR3D_FREQ 99% PLL@47.5C CPU@52C PMIC@50C GPU@53C AO@57C thermal@50.75C POM_5V_IN 7332/3562 POM_5V_GPU 3362/433 POM_5V_CPU 1377/1089
RAM 3229/3964MB (lfb 3x1MB) SWAP 1982/1982MB (cached 3MB) CPU [28%@1479,18%@1479,8%@1479,70%@1479] EMC_FREQ 0% GR3D_FREQ 99% PLL@48.5C CPU@53C PMIC@50C GPU@53.5C AO@57C thermal@50.75C POM_5V_IN 7332/3658 POM_5V_GPU 3403/509 POM_5V_CPU 1377/1096
RAM 3229/3964MB (lfb 3x1MB) SWAP 1982/1982MB (cached 3MB) CPU [30%@1479,8%@1479,20%@1479,79%@1479] EMC_FREQ 0% GR3D_FREQ 99% PLL@49C CPU@53.5C PMIC@50C GPU@54.5C AO@57.5C thermal@50.75C POM_5V_IN 7292/3749 POM_5V_GPU 3484/583 POM_5V_CPU 1336/1102
RAM 3229/3964MB (lfb 3x1MB) SWAP 1982/1982MB (cached 3MB) CPU [32%@1479,22%@1479,16%@1479,82%@1479] EMC_FREQ 0% GR3D_FREQ 98% PLL@49.5C CPU@54.5C PMIC@50C GPU@55C AO@58C thermal@54.75C POM_5V_IN 7413/3838 POM_5V_GPU 3443/653 POM_5V_CPU 1417/1110
RAM 3229/3964MB (lfb 3x1MB) SWAP 1982/1982MB (cached 3MB) CPU [22%@710,13%@1132,30%@1132,62%@1132] EMC_FREQ 0% GR3D_FREQ 98% PLL@50C CPU@55C PMIC@50C GPU@56C AO@58.5C thermal@54.75C POM_5V_IN 7413/3923 POM_5V_GPU 3484/720 POM_5V_CPU 1417/1117
RAM 3229/3964MB (lfb 3x1MB) SWAP 1982/1982MB (cached 3MB) CPU [37%@1479,28%@1479,29%@1479,47%@1479] EMC_FREQ 0% GR3D_FREQ 98% PLL@50.5C CPU@56C PMIC@50C GPU@56C AO@59.5C thermal@54.75C POM_5V_IN 7616/4009 POM_5V_GPU 3484/784 POM_5V_CPU 1539/1127
RAM 3229/3964MB (lfb 3x1MB) SWAP 1982/1982MB (cached 3MB) CPU [22%@1479,29%@1479,22%@1479,65%@1479] EMC_FREQ 0% GR3D_FREQ 98% PLL@51C CPU@56C PMIC@50C GPU@56.5C AO@60C thermal@54.75C POM_5V_IN 7494/4089 POM_5V_GPU 3484/846 POM_5V_CPU 1498/1135
RAM 3229/3964MB (lfb 3x1MB) SWAP 1982/1982MB (cached 3MB) CPU [28%@825,16%@825,14%@1479,70%@1479] EMC_FREQ 0% GR3D_FREQ 99% PLL@52C CPU@56.5C PMIC@50C GPU@57C AO@60C thermal@54.75C POM_5V_IN 7454/4163 POM_5V_GPU 3484/904 POM_5V_CPU 1458/1143
RAM 3229/3964MB (lfb 3x1MB) SWAP 1982/1982MB (cached 3MB) CPU [21%@1479,60%@1479,23%@1479,8%@1479] EMC_FREQ 0% GR3D_FREQ 98% PLL@52C CPU@56.5C PMIC@50C GPU@57.5C AO@61C thermal@56.75C POM_5V_IN 7575/4237 POM_5V_GPU 3484/961 POM_5V_CPU 1539/1151
RAM 3229/3964MB (lfb 3x1MB) SWAP 1982/1982MB (cached 3MB) CPU [34%@1428,28%@1428,65%@1428,34%@1428] EMC_FREQ 0% GR3D_FREQ 98% PLL@52.5C CPU@57.5C PMIC@50C GPU@58C AO@61C thermal@56.75C POM_5V_IN 7616/4309 POM_5V_GPU 3524/1015 POM_5V_CPU 1498/1159
RAM 3229/3964MB (lfb 3x1MB) SWAP 1982/1982MB (cached 3MB) CPU [25%@1479,18%@1479,52%@1479,30%@1479] EMC_FREQ 0% GR3D_FREQ 98% PLL@53C CPU@57.5C PMIC@50C GPU@58C AO@61.5C thermal@56.75C POM_5V_IN 7535/4377 POM_5V_GPU 3484/1066 POM_5V_CPU 1539/1166
RAM 3229/3964MB (lfb 3x1MB) SWAP 1982/1982MB (cached 3MB) CPU [23%@1479,44%@1479,68%@1479,22%@1479] EMC_FREQ 0% GR3D_FREQ 99% PLL@53C CPU@58C PMIC@50C GPU@58.5C AO@61.5C thermal@56.75C POM_5V_IN 7616/4443 POM_5V_GPU 3524/1117 POM_5V_CPU 1498/1173
RAM 3229/3964MB (lfb 3x1MB) SWAP 1982/1982MB (cached 3MB) CPU [24%@1479,100%@1479,14%@1479,11%@1479] EMC_FREQ 0% GR3D_FREQ 99% PLL@53.5C CPU@58C PMIC@50C GPU@59C AO@62.5C thermal@58C POM_5V_IN 7616/4506 POM_5V_GPU 3605/1166 POM_5V_CPU 1498/1180
RAM 3229/3964MB (lfb 3x1MB) SWAP 1982/1982MB (cached 3MB) CPU [20%@1428,85%@1428,12%@1428,13%@1428] EMC_FREQ 0% GR3D_FREQ 98% PLL@53.5C CPU@59C PMIC@50C GPU@59.5C AO@62.5C thermal@58C POM_5V_IN 7656/4568 POM_5V_GPU 3565/1213 POM_5V_CPU 1539/1187
RAM 3229/3964MB (lfb 3x1MB) SWAP 1982/1982MB (cached 3MB) CPU [25%@1479,40%@1479,26%@1479,72%@1479] EMC_FREQ 0% GR3D_FREQ 99% PLL@55C CPU@60C PMIC@50C GPU@60C AO@63C thermal@58C POM_5V_IN 8021/4634 POM_5V_GPU 3565/1259 POM_5V_CPU 1901/1200
RAM 3228/3964MB (lfb 3x1MB) SWAP 1982/1982MB (cached 3MB) CPU [59%@1479,18%@1479,46%@1479,28%@1326] EMC_FREQ 0% GR3D_FREQ 98% PLL@55C CPU@60C PMIC@50C GPU@60C AO@63.5C thermal@58C POM_5V_IN 7818/4694 POM_5V_GPU 3565/1302 POM_5V_CPU 1660/1209
RAM 3228/3964MB (lfb 3x1MB) SWAP 1982/1982MB (cached 3MB) CPU [37%@1479,50%@1479,13%@1224,33%@1224] EMC_FREQ 0% GR3D_FREQ 98% PLL@55C CPU@60C PMIC@50C GPU@60.5C AO@63.5C thermal@60.25C POM_5V_IN 7859/4753 POM_5V_GPU 3565/1344 POM_5V_CPU 1658/1217
RAM 3228/3964MB (lfb 3x1MB) SWAP 1982/1982MB (cached 3MB) CPU [36%@1326,25%@1326,57%@1479,26%@1479] EMC_FREQ 0% GR3D_FREQ 98% PLL@55.5C CPU@60.5C PMIC@50C GPU@60.5C AO@64C thermal@60.25C POM_5V_IN 7899/4810 POM_5V_GPU 3565/1384 POM_5V_CPU 1742/1227
RAM 3228/3964MB (lfb 3x1MB) SWAP 1982/1982MB (cached 3MB) CPU [51%@1479,24%@1479,33%@1479,13%@1479] EMC_FREQ 0% GR3D_FREQ 99% PLL@55.5C CPU@60.5C PMIC@50C GPU@61C AO@64.5C thermal@60.25C POM_5V_IN 7859/4865 POM_5V_GPU 3565/1423 POM_5V_CPU 1698/1235
RAM 3229/3964MB (lfb 3x1MB) SWAP 1982/1982MB (cached 3MB) CPU [45%@1479,29%@1479,32%@1479,32%@1479] EMC_FREQ 0% GR3D_FREQ 99% PLL@56C CPU@60.5C PMIC@50C GPU@61C AO@65C thermal@60.25C POM_5V_IN 7778/4916 POM_5V_GPU 3605/1462 POM_5V_CPU 1660/1243
RAM 3229/3964MB (lfb 3x1MB) SWAP 1982/1982MB (cached 3MB) CPU [65%@1479,24%@1479,26%@1479,20%@1479] EMC_FREQ 0% GR3D_FREQ 98% PLL@56.5C CPU@61.5C PMIC@50C GPU@61.5C AO@65C thermal@60.25C POM_5V_IN 7859/4966 POM_5V_GPU 3605/1499 POM_5V_CPU 1658/1250
RAM 3229/3964MB (lfb 3x1MB) SWAP 1982/1982MB (cached 3MB) CPU [33%@1479,30%@1479,38%@1479,36%@1479] EMC_FREQ 0% GR3D_FREQ 98% PLL@56.5C CPU@61.5C PMIC@50C GPU@62C AO@65C thermal@61.25C POM_5V_IN 7737/5013 POM_5V_GPU 3565/1534 POM_5V_CPU 1577/1255
RAM 3229/3964MB (lfb 3x1MB) SWAP 1982/1982MB (cached 3MB) CPU [43%@1479,17%@1479,22%@1479,51%@1479] EMC_FREQ 0% GR3D_FREQ 99% PLL@56.5C CPU@61.5C PMIC@50C GPU@62.5C AO@65.5C thermal@61.25C POM_5V_IN 7818/5060 POM_5V_GPU 3565/1567 POM_5V_CPU 1617/1262
RAM 3229/3964MB (lfb 3x1MB) SWAP 1982/1982MB (cached 3MB) CPU [72%@1479,17%@1479,26%@1479,20%@1479] EMC_FREQ 0% GR3D_FREQ 98% PLL@56.5C CPU@62C PMIC@50C GPU@62.5C AO@65.5C thermal@61.25C POM_5V_IN 7859/5106 POM_5V_GPU 3599/1601 POM_5V_CPU 1698/1269
RAM 3229/3964MB (lfb 3x1MB) SWAP 1982/1982MB (cached 3MB) CPU [39%@1479,17%@1479,51%@1479,34%@1479] EMC_FREQ 0% GR3D_FREQ 98% PLL@57C CPU@62.5C PMIC@50C GPU@63C AO@65.5C thermal@61.25C POM_5V_IN 7818/5150 POM_5V_GPU 3605/1633 POM_5V_CPU 1658/1275
RAM 3229/3964MB (lfb 3x1MB) SWAP 1982/1982MB (cached 3MB) CPU [41%@825,20%@1479,33%@1479,39%@1479] EMC_FREQ 0% GR3D_FREQ 99% PLL@57C CPU@62.5C PMIC@50C GPU@63C AO@66C thermal@62.5C POM_5V_IN 7859/5193 POM_5V_GPU 3605/1664 POM_5V_CPU 1660/1281
RAM 3229/3964MB (lfb 3x1MB) SWAP 1982/1982MB (cached 3MB) CPU [48%@1479,25%@1479,50%@1479,8%@1479] EMC_FREQ 0% GR3D_FREQ 99% PLL@57.5C CPU@62.5C PMIC@50C GPU@63C AO@66.5C thermal@62.5C POM_5V_IN 7859/5234 POM_5V_GPU 3646/1695 POM_5V_CPU 1617/1286
RAM 3229/3964MB (lfb 3x1MB) SWAP 1982/1982MB (cached 3MB) CPU [62%@1479,24%@1479,25%@1479,21%@1479] EMC_FREQ 0% GR3D_FREQ 99% PLL@58C CPU@63C PMIC@50C GPU@63.5C AO@66.5C thermal@62.5C POM_5V_IN 7859/5275 POM_5V_GPU 3646/1725 POM_5V_CPU 1660/1292
RAM 3229/3964MB (lfb 3x1MB) SWAP 1982/1982MB (cached 3MB) CPU [23%@1224,24%@1224,30%@1224,50%@1224] EMC_FREQ 0% GR3D_FREQ 99% PLL@58C CPU@63C PMIC@50C GPU@63.5C AO@66.5C thermal@62.5C POM_5V_IN 7818/5313 POM_5V_GPU 3646/1754 POM_5V_CPU 1577/1296
RAM 3230/3964MB (lfb 3x1MB) SWAP 1982/1982MB (cached 3MB) CPU [20%@1224,25%@1224,24%@1224,73%@1224] EMC_FREQ 0% GR3D_FREQ 98% PLL@58C CPU@63.5C PMIC@50C GPU@63.5C AO@66.5C thermal@63.25C POM_5V_IN 7859/5351 POM_5V_GPU 3646/1783 POM_5V_CPU 1537/1300
RAM 3230/3964MB (lfb 3x1MB) SWAP 1982/1982MB (cached 3MB) CPU [28%@1479,20%@1479,31%@1479,69%@1479] EMC_FREQ 0% GR3D_FREQ 98% PLL@58C CPU@63C PMIC@50C GPU@64C AO@66.5C thermal@63.25C POM_5V_IN 7818/5387 POM_5V_GPU 3646/1810 POM_5V_CPU 1496/1303
RAM 3230/3964MB (lfb 3x1MB) SWAP 1982/1982MB (cached 3MB) CPU [27%@1479,30%@1479,38%@1479,42%@1479] EMC_FREQ 0% GR3D_FREQ 99% PLL@58.5C CPU@64C PMIC@50C GPU@64C AO@67.5C thermal@63.25C POM_5V_IN 7859/5423 POM_5V_GPU 3680/1837 POM_5V_CPU 1620/1307
RAM 3230/3964MB (lfb 3x1MB) SWAP 1982/1982MB (cached 3MB) CPU [28%@1479,21%@1479,40%@1479,36%@1479] EMC_FREQ 0% GR3D_FREQ 99% PLL@59C CPU@64C PMIC@50C GPU@64C AO@67.5C thermal@63.25C POM_5V_IN 7818/5457 POM_5V_GPU 3646/1863 POM_5V_CPU 1537/1311
RAM 3229/3964MB (lfb 3x1MB) SWAP 1982/1982MB (cached 3MB) CPU [28%@1224,30%@1224,53%@1224,40%@1224] EMC_FREQ 0% GR3D_FREQ 98% PLL@59C CPU@64C PMIC@50C GPU@64.5C AO@67.5C thermal@63.25C POM_5V_IN 7899/5492 POM_5V_GPU 3686/1889 POM_5V_CPU 1620/1315
RAM 3229/3964MB (lfb 3x1MB) SWAP 1982/1982MB (cached 3MB) CPU [61%@1479,17%@1479,20%@1479,15%@1479] EMC_FREQ 0% GR3D_FREQ 98% PLL@59C CPU@64C PMIC@50C GPU@64.5C AO@68C thermal@64.25C POM_5V_IN 7980/5526 POM_5V_GPU 3680/1913 POM_5V_CPU 1698/1320
RAM 3229/3964MB (lfb 3x1MB) SWAP 1982/1982MB (cached 3MB) CPU [38%@1479,17%@1479,40%@1479,44%@1479] EMC_FREQ 0% GR3D_FREQ 99% PLL@59C CPU@64.5C PMIC@50C GPU@65C AO@67.5C thermal@64.25C POM_5V_IN 7899/5559 POM_5V_GPU 3640/1937 POM_5V_CPU 1660/1325
RAM 3230/3964MB (lfb 3x1MB) SWAP 1982/1982MB (cached 3MB) CPU [78%@1479,20%@1479,12%@1479,20%@1479] EMC_FREQ 0% GR3D_FREQ 99% PLL@59C CPU@64.5C PMIC@50C GPU@65C AO@68.5C thermal@64.25C POM_5V_IN 7980/5592 POM_5V_GPU 3686/1961 POM_5V_CPU 1658/1329
RAM 3230/3964MB (lfb 3x1MB) SWAP 1982/1982MB (cached 3MB) CPU [58%@1479,13%@1479,22%@1479,37%@1479] EMC_FREQ 0% GR3D_FREQ 98% PLL@60C CPU@65C PMIC@50C GPU@65C AO@68.5C thermal@64.25C POM_5V_IN 7899/5622 POM_5V_GPU 3646/1983 POM_5V_CPU 1658/1334
RAM 3230/3964MB (lfb 3x1MB) SWAP 1982/1982MB (cached 3MB) CPU [20%@1132,25%@1132,17%@1132,69%@1132] EMC_FREQ 0% GR3D_FREQ 98% PLL@60C CPU@65C PMIC@50C GPU@65C AO@68.5C thermal@65.25C POM_5V_IN 7818/5651 POM_5V_GPU 3646/2005 POM_5V_CPU 1537/1336
RAM 3229/3964MB (lfb 3x1MB) SWAP 1982/1982MB (cached 3MB) CPU [41%@1479,20%@1479,24%@1479,37%@1479] EMC_FREQ 0% GR3D_FREQ 99% PLL@60C CPU@65C PMIC@50C GPU@65.5C AO@69C thermal@65.25C POM_5V_IN 8021/5682 POM_5V_GPU 3680/2027 POM_5V_CPU 1698/1341
RAM 3229/3964MB (lfb 3x1MB) SWAP 1982/1982MB (cached 3MB) CPU [50%@1132,21%@1132,55%@1132,20%@1132] EMC_FREQ 0% GR3D_FREQ 98% PLL@60C CPU@66C PMIC@50C GPU@65.5C AO@69C thermal@65.25C POM_5V_IN 7940/5711 POM_5V_GPU 3680/2048 POM_5V_CPU 1658/1345
RAM 3229/3964MB (lfb 3x1MB) SWAP 1982/1982MB (cached 3MB) CPU [24%@1132,32%@1132,46%@1132,41%@1132] EMC_FREQ 0% GR3D_FREQ 98% PLL@60.5C CPU@65.5C PMIC@50C GPU@66C AO@69C thermal@65.25C POM_5V_IN 7940/5739 POM_5V_GPU 3680/2069 POM_5V_CPU 1658/1349
RAM 3229/3964MB (lfb 3x1MB) SWAP 1982/1982MB (cached 3MB) CPU [42%@1479,28%@1479,30%@1479,34%@1479] EMC_FREQ 0% GR3D_FREQ 99% PLL@60.5C CPU@65.5C PMIC@50C GPU@66.5C AO@69C thermal@66C POM_5V_IN 8021/5768 POM_5V_GPU 3680/2089 POM_5V_CPU 1698/1354
RAM 3229/3964MB (lfb 3x1MB) SWAP 1982/1982MB (cached 3MB) CPU [36%@921,24%@921,43%@921,32%@921] EMC_FREQ 0% GR3D_FREQ 98% PLL@60.5C CPU@66.5C PMIC@50C GPU@66.5C AO@69C thermal@66C POM_5V_IN 7940/5795 POM_5V_GPU 3680/2108 POM_5V_CPU 1658/1357
RAM 3229/3964MB (lfb 3x1MB) SWAP 1982/1982MB (cached 3MB) CPU [53%@1479,32%@1479,34%@1479,20%@1479] EMC_FREQ 0% GR3D_FREQ 98% PLL@60.5C CPU@66.5C PMIC@50C GPU@66.5C AO@70C thermal@66C POM_5V_IN 8021/5822 POM_5V_GPU 3680/2128 POM_5V_CPU 1698/1361
RAM 3229/3964MB (lfb 3x1MB) SWAP 1982/1982MB (cached 3MB) CPU [37%@1479,20%@1479,40%@1479,28%@1479] EMC_FREQ 0% GR3D_FREQ 99% PLL@61C CPU@66.5C PMIC@50C GPU@67C AO@70C thermal@66C POM_5V_IN 8102/5849 POM_5V_GPU 3680/2146 POM_5V_CPU 1698/1365
RAM 3229/3964MB (lfb 3x1MB) SWAP 1982/1982MB (cached 3MB) CPU [61%@1479,20%@1479,39%@1479,23%@1479] EMC_FREQ 0% GR3D_FREQ 99% PLL@61C CPU@66.5C PMIC@50C GPU@66.5C AO@70C thermal@66C POM_5V_IN 8061/5875 POM_5V_GPU 3680/2165 POM_5V_CPU 1739/1370
RAM 3229/3964MB (lfb 3x1MB) SWAP 1982/1982MB (cached 3MB) CPU [47%@1479,29%@1479,12%@1479,42%@1479] EMC_FREQ 0% GR3D_FREQ 99% PLL@61.5C CPU@66.5C PMIC@50C GPU@67C AO@70.5C thermal@67C POM_5V_IN 7980/5900 POM_5V_GPU 3680/2182 POM_5V_CPU 1698/1374
RAM 3229/3964MB (lfb 3x1MB) SWAP 1982/1982MB (cached 3MB) CPU [41%@1428,20%@1428,23%@1428,41%@1428] EMC_FREQ 0% GR3D_FREQ 98% PLL@61.5C CPU@67C PMIC@50C GPU@67C AO@70C thermal@67C POM_5V_IN 7980/5924 POM_5V_GPU 3640/2199 POM_5V_CPU 1739/1378
RAM 3229/3964MB (lfb 3x1MB) SWAP 1982/1982MB (cached 3MB) CPU [55%@1479,17%@1479,36%@1479,16%@1479] EMC_FREQ 0% GR3D_FREQ 98% PLL@61.5C CPU@67C PMIC@50C GPU@67C AO@70.5C thermal@67C POM_5V_IN 8021/5948 POM_5V_GPU 3640/2216 POM_5V_CPU 1739/1382
RAM 3229/3964MB (lfb 3x1MB) SWAP 1982/1982MB (cached 3MB) CPU [60%@1479,20%@1479,25%@1479,38%@1479] EMC_FREQ 0% GR3D_FREQ 98% PLL@61.5C CPU@67C PMIC@50C GPU@67C AO@70.5C thermal@67C POM_5V_IN 8061/5972 POM_5V_GPU 3640/2232 POM_5V_CPU 1779/1387
RAM 3229/3964MB (lfb 3x1MB) SWAP 1982/1982MB (cached 3MB) CPU [24%@1479,28%@1479,44%@1479,46%@1479] EMC_FREQ 0% GR3D_FREQ 98% PLL@61.5C CPU@67.5C PMIC@50C GPU@67.5C AO@70.5C thermal@67.5C POM_5V_IN 8102/5996 POM_5V_GPU 3640/2248 POM_5V_CPU 1779/1391
RAM 3230/3964MB (lfb 3x1MB) SWAP 1982/1982MB (cached 3MB) CPU [62%@1479,20%@1479,24%@1479,29%@1479] EMC_FREQ 0% GR3D_FREQ 99% PLL@62C CPU@67.5C PMIC@50C GPU@67.5C AO@71C thermal@67.5C POM_5V_IN 8021/6019 POM_5V_GPU 3640/2263 POM_5V_CPU 1739/1395
RAM 3225/3964MB (lfb 3x1MB) SWAP 1982/1982MB (cached 3MB) CPU [27%@1479,29%@1479,17%@1479,52%@1479] EMC_FREQ 0% GR3D_FREQ 98% PLL@62C CPU@67.5C PMIC@50C GPU@67.5C AO@71C thermal@67.5C POM_5V_IN 7980/6040 POM_5V_GPU 3646/2278 POM_5V_CPU 1698/1398
RAM 3225/3964MB (lfb 3x1MB) SWAP 1982/1982MB (cached 3MB) CPU [44%@825,24%@825,35%@825,27%@825] EMC_FREQ 0% GR3D_FREQ 99% PLL@62.5C CPU@67.5C PMIC@50C GPU@68C AO@71C thermal@67.5C POM_5V_IN 7940/6061 POM_5V_GPU 3640/2293 POM_5V_CPU 1658/1401
RAM 3225/3964MB (lfb 3x1MB) SWAP 1982/1982MB (cached 3MB) CPU [26%@1479,26%@1479,57%@1479,15%@1479] EMC_FREQ 0% GR3D_FREQ 98% PLL@62.5C CPU@67.5C PMIC@50C GPU@67.5C AO@71C thermal@67.5C POM_5V_IN 8021/6082 POM_5V_GPU 3599/2307 POM_5V_CPU 1739/1405
RAM 3225/3964MB (lfb 3x1MB) SWAP 1982/1982MB (cached 3MB) CPU [24%@1479,24%@1479,52%@1479,36%@1479] EMC_FREQ 0% GR3D_FREQ 99% PLL@62C CPU@68C PMIC@50C GPU@68C AO@71C thermal@67.5C POM_5V_IN 7899/6101 POM_5V_GPU 3640/2321 POM_5V_CPU 1617/1407
RAM 3225/3964MB (lfb 3x1MB) SWAP 1982/1982MB (cached 3MB) CPU [37%@1428,24%@1428,25%@1428,56%@1428] EMC_FREQ 0% GR3D_FREQ 98% PLL@62.5C CPU@68C PMIC@50C GPU@68C AO@71.5C thermal@67.5C POM_5V_IN 7940/6121 POM_5V_GPU 3680/2336 POM_5V_CPU 1617/1409
RAM 3225/3964MB (lfb 3x1MB) SWAP 1982/1982MB (cached 3MB) CPU [77%@1479,15%@1479,28%@1479,12%@1479] EMC_FREQ 0% GR3D_FREQ 99% PLL@62.5C CPU@67C PMIC@50C GPU@68C AO@72C thermal@67.5C POM_5V_IN 7818/6138 POM_5V_GPU 3686/2350 POM_5V_CPU 1539/1411
RAM 3225/3964MB (lfb 3x1MB) SWAP 1982/1982MB (cached 3MB) CPU [100%@1479,0%@1479,8%@1479,12%@1479] EMC_FREQ 0% GR3D_FREQ 99% PLL@62.5C CPU@67.5C PMIC@50C GPU@68C AO@72C thermal@67.5C POM_5V_IN 7818/6156 POM_5V_GPU 3646/2363 POM_5V_CPU 1537/1412
RAM 3226/3964MB (lfb 3x1MB) SWAP 1982/1982MB (cached 3MB) CPU [96%@1479,3%@1479,15%@1479,16%@1479] EMC_FREQ 0% GR3D_FREQ 99% PLL@62.5C CPU@68C PMIC@50C GPU@68C AO@72C thermal@67.75C POM_5V_IN 7859/6173 POM_5V_GPU 3686/2377 POM_5V_CPU 1620/1414
RAM 3225/3964MB (lfb 3x1MB) SWAP 1982/1982MB (cached 3MB) CPU [30%@710,19%@710,16%@710,78%@710] EMC_FREQ 0% GR3D_FREQ 99% PLL@62.5C CPU@68C PMIC@50C GPU@68C AO@71.5C thermal@67.75C POM_5V_IN 7859/6190 POM_5V_GPU 3686/2390 POM_5V_CPU 1537/1415
RAM 3225/3964MB (lfb 3x1MB) SWAP 1982/1982MB (cached 3MB) CPU [22%@1479,16%@1479,37%@1479,58%@1479] EMC_FREQ 0% GR3D_FREQ 98% PLL@63C CPU@68.5C PMIC@50C GPU@68.5C AO@71.5C thermal@67.75C POM_5V_IN 7980/6208 POM_5V_GPU 3686/2403 POM_5V_CPU 1658/1418
RAM 3226/3964MB (lfb 3x1MB) SWAP 1982/1982MB (cached 3MB) CPU [30%@1479,18%@1479,69%@1479,8%@1479] EMC_FREQ 0% GR3D_FREQ 98% PLL@62.5C CPU@68.5C PMIC@50C GPU@69C AO@72C thermal@67.75C POM_5V_IN 8021/6226 POM_5V_GPU 3640/2415 POM_5V_CPU 1698/1420
RAM 3226/3964MB (lfb 3x1MB) SWAP 1982/1982MB (cached 3MB) CPU [24%@1479,20%@1479,52%@1479,20%@1479] EMC_FREQ 0% GR3D_FREQ 98% PLL@63.5C CPU@68.5C PMIC@50C GPU@68.5C AO@71.5C thermal@68.75C POM_5V_IN 8021/6244 POM_5V_GPU 3640/2427 POM_5V_CPU 1698/1423
RAM 3226/3964MB (lfb 3x1MB) SWAP 1982/1982MB (cached 3MB) CPU [21%@1479,4%@1479,69%@1479,8%@1479] EMC_FREQ 0% GR3D_FREQ 98% PLL@63C CPU@69C PMIC@50C GPU@68.5C AO@72C thermal@68.75C POM_5V_IN 8021/6261 POM_5V_GPU 3680/2439 POM_5V_CPU 1698/1426
RAM 3226/3964MB (lfb 3x1MB) SWAP 1982/1982MB (cached 3MB) CPU [20%@1479,12%@1479,62%@1479,15%@1479] EMC_FREQ 0% GR3D_FREQ 98% PLL@63.5C CPU@69C PMIC@50C GPU@69C AO@72C thermal@68.75C POM_5V_IN 8021/6278 POM_5V_GPU 3680/2451 POM_5V_CPU 1739/1429
RAM 3226/3964MB (lfb 3x1MB) SWAP 1982/1982MB (cached 3MB) CPU [18%@1479,19%@1479,68%@1479,12%@1479] EMC_FREQ 0% GR3D_FREQ 98% PLL@63.5C CPU@69C PMIC@50C GPU@69C AO@72C thermal@68.75C POM_5V_IN 8021/6294 POM_5V_GPU 3680/2463 POM_5V_CPU 1658/1431
RAM 3226/3964MB (lfb 3x1MB) SWAP 1982/1982MB (cached 3MB) CPU [24%@1428,19%@1428,56%@1428,23%@1428] EMC_FREQ 0% GR3D_FREQ 98% PLL@63.5C CPU@69C PMIC@50C GPU@69C AO@72.5C thermal@68.75C POM_5V_IN 8021/6311 POM_5V_GPU 3680/2474 POM_5V_CPU 1698/1433
RAM 3226/3964MB (lfb 3x1MB) SWAP 1982/1982MB (cached 3MB) CPU [32%@1479,13%@1479,16%@1479,80%@1479] EMC_FREQ 0% GR3D_FREQ 98% PLL@63.5C CPU@68.5C PMIC@50C GPU@69C AO@72.5C thermal@69C POM_5V_IN 7859/6325 POM_5V_GPU 3686/2486 POM_5V_CPU 1539/1434
RAM 3225/3964MB (lfb 3x1MB) SWAP 1982/1982MB (cached 3MB) CPU [28%@1479,8%@1479,40%@1479,42%@1479] EMC_FREQ 0% GR3D_FREQ 98% PLL@63.5C CPU@69.5C PMIC@50C GPU@69.5C AO@72.5C thermal@69C POM_5V_IN 8021/6341 POM_5V_GPU 3680/2497 POM_5V_CPU 1698/1437
RAM 3225/3964MB (lfb 3x1MB) SWAP 1982/1982MB (cached 3MB) CPU [21%@1479,78%@1479,19%@1479,20%@1479] EMC_FREQ 0% GR3D_FREQ 99% PLL@64C CPU@68.5C PMIC@50C GPU@69C AO@73C thermal@69C POM_5V_IN 7899/6355 POM_5V_GPU 3686/2508 POM_5V_CPU 1579/1438
RAM 3226/3964MB (lfb 3x1MB) SWAP 1982/1982MB (cached 3MB) CPU [33%@1479,38%@1479,48%@1479,29%@1479] EMC_FREQ 0% GR3D_FREQ 0% PLL@64C CPU@69C PMIC@50C GPU@68.5C AO@73C thermal@69C POM_5V_IN 6248/6354 POM_5V_GPU 2150/2504 POM_5V_CPU 1663/1440
RAM 3214/3964MB (lfb 3x1MB) SWAP 1982/1982MB (cached 3MB) CPU [3%@1479,4%@1479,100%@1479,7%@1479] EMC_FREQ 0% GR3D_FREQ 0% PLL@62C CPU@65C PMIC@50C GPU@65C AO@71C thermal@66.25C POM_5V_IN 3581/6329 POM_5V_GPU 284/2484 POM_5V_CPU 1180/1438
RAM 2705/3964MB (lfb 1x4MB) SWAP 1982/1982MB (cached 3MB) CPU [3%@1479,3%@1479,73%@1479,34%@1479] EMC_FREQ 0% GR3D_FREQ 0% PLL@61C CPU@62.5C PMIC@50C GPU@63C AO@69.5C thermal@66.25C POM_5V_IN 3663/6305 POM_5V_GPU 284/2465 POM_5V_CPU 1259/1436
