&&&& RUNNING TensorRT.trtexec [TensorRT v8001] # /usr/src/tensorrt/bin/trtexec --loadEngine=engines/tomato_yolov8n_cls_domainmix_pd5_umair_hard_int8_50pc.engine --warmUp=1000 --duration=20 --iterations=1000
[05/15/2026-03:35:57] [I] === Model Options ===
[05/15/2026-03:35:57] [I] Format: *
[05/15/2026-03:35:57] [I] Model: 
[05/15/2026-03:35:57] [I] Output:
[05/15/2026-03:35:57] [I] === Build Options ===
[05/15/2026-03:35:57] [I] Max batch: 1
[05/15/2026-03:35:57] [I] Workspace: 16 MiB
[05/15/2026-03:35:57] [I] minTiming: 1
[05/15/2026-03:35:57] [I] avgTiming: 8
[05/15/2026-03:35:57] [I] Precision: FP32
[05/15/2026-03:35:57] [I] Calibration: 
[05/15/2026-03:35:57] [I] Refit: Disabled
[05/15/2026-03:35:57] [I] Sparsity: Disabled
[05/15/2026-03:35:57] [I] Safe mode: Disabled
[05/15/2026-03:35:57] [I] Restricted mode: Disabled
[05/15/2026-03:35:57] [I] Save engine: 
[05/15/2026-03:35:57] [I] Load engine: engines/tomato_yolov8n_cls_domainmix_pd5_umair_hard_int8_50pc.engine
[05/15/2026-03:35:57] [I] NVTX verbosity: 0
[05/15/2026-03:35:57] [I] Tactic sources: Using default tactic sources
[05/15/2026-03:35:57] [I] timingCacheMode: local
[05/15/2026-03:35:57] [I] timingCacheFile: 
[05/15/2026-03:35:57] [I] Input(s)s format: fp32:CHW
[05/15/2026-03:35:57] [I] Output(s)s format: fp32:CHW
[05/15/2026-03:35:57] [I] Input build shapes: model
[05/15/2026-03:35:57] [I] Input calibration shapes: model
[05/15/2026-03:35:57] [I] === System Options ===
[05/15/2026-03:35:57] [I] Device: 0
[05/15/2026-03:35:57] [I] DLACore: 
[05/15/2026-03:35:57] [I] Plugins:
[05/15/2026-03:35:57] [I] === Inference Options ===
[05/15/2026-03:35:57] [I] Batch: 1
[05/15/2026-03:35:57] [I] Input inference shapes: model
[05/15/2026-03:35:57] [I] Iterations: 1000
[05/15/2026-03:35:57] [I] Duration: 20s (+ 1000ms warm up)
[05/15/2026-03:35:57] [I] Sleep time: 0ms
[05/15/2026-03:35:57] [I] Streams: 1
[05/15/2026-03:35:57] [I] ExposeDMA: Disabled
[05/15/2026-03:35:57] [I] Data transfers: Enabled
[05/15/2026-03:35:57] [I] Spin-wait: Disabled
[05/15/2026-03:35:57] [I] Multithreading: Disabled
[05/15/2026-03:35:57] [I] CUDA Graph: Disabled
[05/15/2026-03:35:57] [I] Separate profiling: Disabled
[05/15/2026-03:35:57] [I] Time Deserialize: Disabled
[05/15/2026-03:35:57] [I] Time Refit: Disabled
[05/15/2026-03:35:57] [I] Skip inference: Disabled
[05/15/2026-03:35:57] [I] Inputs:
[05/15/2026-03:35:57] [I] === Reporting Options ===
[05/15/2026-03:35:57] [I] Verbose: Disabled
[05/15/2026-03:35:57] [I] Averages: 10 inferences
[05/15/2026-03:35:57] [I] Percentile: 99
[05/15/2026-03:35:57] [I] Dump refittable layers:Disabled
[05/15/2026-03:35:57] [I] Dump output: Disabled
[05/15/2026-03:35:57] [I] Profile: Disabled
[05/15/2026-03:35:57] [I] Export timing to JSON file: 
[05/15/2026-03:35:57] [I] Export output to JSON file: 
[05/15/2026-03:35:57] [I] Export profile to JSON file: 
[05/15/2026-03:35:57] [I] 
[05/15/2026-03:35:57] [I] === Device Information ===
[05/15/2026-03:35:57] [I] Selected Device: NVIDIA Tegra X1
[05/15/2026-03:35:57] [I] Compute Capability: 5.3
[05/15/2026-03:35:57] [I] SMs: 1
[05/15/2026-03:35:57] [I] Compute Clock Rate: 0.9216 GHz
[05/15/2026-03:35:57] [I] Device Global Memory: 3964 MiB
[05/15/2026-03:35:57] [I] Shared Memory per SM: 64 KiB
[05/15/2026-03:35:57] [I] Memory Bus Width: 64 bits (ECC disabled)
[05/15/2026-03:35:57] [I] Memory Clock Rate: 0.01275 GHz
[05/15/2026-03:35:57] [I] 
[05/15/2026-03:35:57] [I] TensorRT version: 8001
[05/15/2026-03:35:59] [I] [TRT] [MemUsageChange] Init CUDA: CPU +202, GPU +0, now: CPU 226, GPU 3172 (MiB)
[05/15/2026-03:35:59] [I] [TRT] Loaded engine size: 5 MB
[05/15/2026-03:35:59] [I] [TRT] [MemUsageSnapshot] deserializeCudaEngine begin: CPU 226 MiB, GPU 3172 MiB
[05/15/2026-03:36:00] [I] [TRT] [MemUsageChange] Init cuBLAS/cuBLASLt: CPU +158, GPU +167, now: CPU 387, GPU 3341 (MiB)
[05/15/2026-03:36:02] [I] [TRT] [MemUsageChange] Init cuDNN: CPU +241, GPU +243, now: CPU 628, GPU 3584 (MiB)
[05/15/2026-03:36:02] [I] [TRT] [MemUsageChange] Init cuBLAS/cuBLASLt: CPU +0, GPU +0, now: CPU 628, GPU 3584 (MiB)
[05/15/2026-03:36:02] [I] [TRT] [MemUsageSnapshot] deserializeCudaEngine end: CPU 628 MiB, GPU 3584 MiB
[05/15/2026-03:36:02] [I] Engine loaded in 5.1008 sec.
[05/15/2026-03:36:02] [I] [TRT] [MemUsageSnapshot] ExecutionContext creation begin: CPU 622 MiB, GPU 3579 MiB
[05/15/2026-03:36:02] [I] [TRT] [MemUsageChange] Init cuBLAS/cuBLASLt: CPU +0, GPU +0, now: CPU 622, GPU 3579 (MiB)
[05/15/2026-03:36:02] [I] [TRT] [MemUsageChange] Init cuDNN: CPU +1, GPU +0, now: CPU 623, GPU 3579 (MiB)
[05/15/2026-03:36:02] [I] [TRT] [MemUsageSnapshot] ExecutionContext creation end: CPU 625 MiB, GPU 3584 MiB
[05/15/2026-03:36:02] [I] Created input binding for images with dimensions 1x3x224x224
[05/15/2026-03:36:02] [I] Created output binding for output0 with dimensions 1x10
[05/15/2026-03:36:02] [I] Starting inference
[05/15/2026-03:36:23] [I] Warmup completed 1 queries over 1000 ms
[05/15/2026-03:36:23] [I] Timing trace has 4705 queries over 19.4614 s
[05/15/2026-03:36:23] [I] 
[05/15/2026-03:36:23] [I] === Trace details ===
[05/15/2026-03:36:23] [I] Trace averages of 10 runs:
[05/15/2026-03:36:23] [I] Average on 10 runs - GPU latency: 17.6261 ms - Host latency: 17.8656 ms (end to end 17.9034 ms, enqueue 3.72026 ms)
[05/15/2026-03:36:23] [I] Average on 10 runs - GPU latency: 6.37089 ms - Host latency: 6.45667 ms (end to end 6.47065 ms, enqueue 3.87922 ms)
[05/15/2026-03:36:23] [I] Average on 10 runs - GPU latency: 4.64188 ms - Host latency: 4.70498 ms (end to end 4.71467 ms, enqueue 3.70765 ms)
[05/15/2026-03:36:23] [I] Average on 10 runs - GPU latency: 3.9761 ms - Host latency: 4.03799 ms (end to end 4.05339 ms, enqueue 3.75337 ms)
[05/15/2026-03:36:23] [I] Average on 10 runs - GPU latency: 3.97759 ms - Host latency: 4.03928 ms (end to end 4.0528 ms, enqueue 3.78988 ms)
[05/15/2026-03:36:23] [I] Average on 10 runs - GPU latency: 3.99911 ms - Host latency: 4.06111 ms (end to end 4.07113 ms, enqueue 3.239 ms)
[05/15/2026-03:36:23] [I] Average on 10 runs - GPU latency: 4.00288 ms - Host latency: 4.064 ms (end to end 4.07357 ms, enqueue 3.07941 ms)
[05/15/2026-03:36:23] [I] Average on 10 runs - GPU latency: 4.01475 ms - Host latency: 4.0761 ms (end to end 4.08562 ms, enqueue 2.8592 ms)
[05/15/2026-03:36:23] [I] Average on 10 runs - GPU latency: 3.9959 ms - Host latency: 4.05757 ms (end to end 4.06807 ms, enqueue 3.39397 ms)
[05/15/2026-03:36:23] [I] Average on 10 runs - GPU latency: 3.97654 ms - Host latency: 4.03899 ms (end to end 4.05312 ms, enqueue 3.84959 ms)
[05/15/2026-03:36:23] [I] Average on 10 runs - GPU latency: 3.97708 ms - Host latency: 4.03945 ms (end to end 4.05334 ms, enqueue 3.80393 ms)
[05/15/2026-03:36:23] [I] Average on 10 runs - GPU latency: 3.99756 ms - Host latency: 4.07266 ms (end to end 4.08386 ms, enqueue 3.95815 ms)
[05/15/2026-03:36:23] [I] Average on 10 runs - GPU latency: 4.08118 ms - Host latency: 4.20718 ms (end to end 4.22031 ms, enqueue 3.93967 ms)
[05/15/2026-03:36:23] [I] Average on 10 runs - GPU latency: 4.00117 ms - Host latency: 4.06758 ms (end to end 4.08101 ms, enqueue 3.79648 ms)
[05/15/2026-03:36:23] [I] Average on 10 runs - GPU latency: 4.0074 ms - Host latency: 4.07749 ms (end to end 4.09873 ms, enqueue 3.84546 ms)
[05/15/2026-03:36:23] [I] Average on 10 runs - GPU latency: 4.00293 ms - Host latency: 4.07983 ms (end to end 4.09299 ms, enqueue 3.80654 ms)
[05/15/2026-03:36:23] [I] Average on 10 runs - GPU latency: 3.97693 ms - Host latency: 4.03767 ms (end to end 4.05383 ms, enqueue 3.82747 ms)
[05/15/2026-03:36:23] [I] Average on 10 runs - GPU latency: 4.05544 ms - Host latency: 4.14668 ms (end to end 4.17068 ms, enqueue 3.95771 ms)
[05/15/2026-03:36:23] [I] Average on 10 runs - GPU latency: 4.09055 ms - Host latency: 4.22629 ms (end to end 4.24846 ms, enqueue 3.9481 ms)
[05/15/2026-03:36:23] [I] Average on 10 runs - GPU latency: 3.98835 ms - Host latency: 4.04954 ms (end to end 4.06465 ms, enqueue 3.80134 ms)
[05/15/2026-03:36:23] [I] Average on 10 runs - GPU latency: 3.97703 ms - Host latency: 4.03792 ms (end to end 4.05381 ms, enqueue 3.8 ms)
[05/15/2026-03:36:23] [I] Average on 10 runs - GPU latency: 4.03142 ms - Host latency: 4.12512 ms (end to end 4.14165 ms, enqueue 3.21707 ms)
[05/15/2026-03:36:23] [I] Average on 10 runs - GPU latency: 4.03701 ms - Host latency: 4.09797 ms (end to end 4.1075 ms, enqueue 2.40139 ms)
[05/15/2026-03:36:23] [I] Average on 10 runs - GPU latency: 4.02607 ms - Host latency: 4.08704 ms (end to end 4.0968 ms, enqueue 2.58362 ms)
[05/15/2026-03:36:23] [I] Average on 10 runs - GPU latency: 4.02173 ms - Host latency: 4.0835 ms (end to end 4.09314 ms, enqueue 2.76602 ms)
[05/15/2026-03:36:23] [I] Average on 10 runs - GPU latency: 4.02856 ms - Host latency: 4.08933 ms (end to end 4.09905 ms, enqueue 2.5417 ms)
[05/15/2026-03:36:23] [I] Average on 10 runs - GPU latency: 4.00872 ms - Host latency: 4.0699 ms (end to end 4.07991 ms, enqueue 2.91187 ms)
[05/15/2026-03:36:23] [I] Average on 10 runs - GPU latency: 4.00691 ms - Host latency: 4.06917 ms (end to end 4.08062 ms, enqueue 3.30437 ms)
[05/15/2026-03:36:23] [I] Average on 10 runs - GPU latency: 4.00425 ms - Host latency: 4.0656 ms (end to end 4.07512 ms, enqueue 3.0177 ms)
[05/15/2026-03:36:23] [I] Average on 10 runs - GPU latency: 4.00869 ms - Host latency: 4.06968 ms (end to end 4.07954 ms, enqueue 3.02546 ms)
[05/15/2026-03:36:23] [I] Average on 10 runs - GPU latency: 4.01919 ms - Host latency: 4.08098 ms (end to end 4.09067 ms, enqueue 2.85991 ms)
[05/15/2026-03:36:23] [I] Average on 10 runs - GPU latency: 4.02117 ms - Host latency: 4.08269 ms (end to end 4.09229 ms, enqueue 2.87634 ms)
[05/15/2026-03:36:23] [I] Average on 10 runs - GPU latency: 4.00574 ms - Host latency: 4.06719 ms (end to end 4.07625 ms, enqueue 2.9022 ms)
[05/15/2026-03:36:23] [I] Average on 10 runs - GPU latency: 4.01724 ms - Host latency: 4.07864 ms (end to end 4.08894 ms, enqueue 2.94543 ms)
[05/15/2026-03:36:23] [I] Average on 10 runs - GPU latency: 4.01211 ms - Host latency: 4.07361 ms (end to end 4.08325 ms, enqueue 2.96138 ms)
[05/15/2026-03:36:23] [I] Average on 10 runs - GPU latency: 4.01555 ms - Host latency: 4.07668 ms (end to end 4.08669 ms, enqueue 2.88071 ms)
[05/15/2026-03:36:23] [I] Average on 10 runs - GPU latency: 3.99583 ms - Host latency: 4.05757 ms (end to end 4.0676 ms, enqueue 3.38882 ms)
[05/15/2026-03:36:23] [I] Average on 10 runs - GPU latency: 4.01858 ms - Host latency: 4.08057 ms (end to end 4.09065 ms, enqueue 2.9302 ms)
[05/15/2026-03:36:23] [I] Average on 10 runs - GPU latency: 4.01094 ms - Host latency: 4.07205 ms (end to end 4.08171 ms, enqueue 2.84978 ms)
[05/15/2026-03:36:23] [I] Average on 10 runs - GPU latency: 4.01936 ms - Host latency: 4.08064 ms (end to end 4.08958 ms, enqueue 2.72695 ms)
[05/15/2026-03:36:23] [I] Average on 10 runs - GPU latency: 4.01475 ms - Host latency: 4.07644 ms (end to end 4.08772 ms, enqueue 3.0562 ms)
[05/15/2026-03:36:23] [I] Average on 10 runs - GPU latency: 4.00166 ms - Host latency: 4.06423 ms (end to end 4.07368 ms, enqueue 3.13745 ms)
[05/15/2026-03:36:23] [I] Average on 10 runs - GPU latency: 4.01282 ms - Host latency: 4.07473 ms (end to end 4.08721 ms, enqueue 3.11477 ms)
[05/15/2026-03:36:23] [I] Average on 10 runs - GPU latency: 4.02617 ms - Host latency: 4.08723 ms (end to end 4.09668 ms, enqueue 2.83381 ms)
[05/15/2026-03:36:23] [I] Average on 10 runs - GPU latency: 4.02454 ms - Host latency: 4.0854 ms (end to end 4.09558 ms, enqueue 2.77749 ms)
[05/15/2026-03:36:23] [I] Average on 10 runs - GPU latency: 4.03574 ms - Host latency: 4.09658 ms (end to end 4.10615 ms, enqueue 2.50139 ms)
[05/15/2026-03:36:23] [I] Average on 10 runs - GPU latency: 4.00706 ms - Host latency: 4.06836 ms (end to end 4.07771 ms, enqueue 2.91079 ms)
[05/15/2026-03:36:23] [I] Average on 10 runs - GPU latency: 4.01919 ms - Host latency: 4.08066 ms (end to end 4.09041 ms, enqueue 2.90278 ms)
[05/15/2026-03:36:23] [I] Average on 10 runs - GPU latency: 4.02183 ms - Host latency: 4.08272 ms (end to end 4.09185 ms, enqueue 2.66836 ms)
[05/15/2026-03:36:23] [I] Average on 10 runs - GPU latency: 4.02942 ms - Host latency: 4.09062 ms (end to end 4.10112 ms, enqueue 2.65791 ms)
[05/15/2026-03:36:23] [I] Average on 10 runs - GPU latency: 4.03831 ms - Host latency: 4.09937 ms (end to end 4.10886 ms, enqueue 2.48865 ms)
[05/15/2026-03:36:23] [I] Average on 10 runs - GPU latency: 4.02759 ms - Host latency: 4.08865 ms (end to end 4.09817 ms, enqueue 2.56609 ms)
[05/15/2026-03:36:23] [I] Average on 10 runs - GPU latency: 4.03843 ms - Host latency: 4.09932 ms (end to end 4.10896 ms, enqueue 2.46209 ms)
[05/15/2026-03:36:23] [I] Average on 10 runs - GPU latency: 4.0219 ms - Host latency: 4.08372 ms (end to end 4.09355 ms, enqueue 2.6999 ms)
[05/15/2026-03:36:23] [I] Average on 10 runs - GPU latency: 4.0144 ms - Host latency: 4.07534 ms (end to end 4.08484 ms, enqueue 3.06772 ms)
[05/15/2026-03:36:23] [I] Average on 10 runs - GPU latency: 4.00886 ms - Host latency: 4.06995 ms (end to end 4.07949 ms, enqueue 3.01069 ms)
[05/15/2026-03:36:23] [I] Average on 10 runs - GPU latency: 4.01628 ms - Host latency: 4.07712 ms (end to end 4.08665 ms, enqueue 2.92949 ms)
[05/15/2026-03:36:23] [I] Average on 10 runs - GPU latency: 4.01616 ms - Host latency: 4.07742 ms (end to end 4.08718 ms, enqueue 2.87346 ms)
[05/15/2026-03:36:23] [I] Average on 10 runs - GPU latency: 4.03687 ms - Host latency: 4.09844 ms (end to end 4.10818 ms, enqueue 2.42891 ms)
[05/15/2026-03:36:23] [I] Average on 10 runs - GPU latency: 4.02949 ms - Host latency: 4.09072 ms (end to end 4.10049 ms, enqueue 2.58486 ms)
[05/15/2026-03:36:23] [I] Average on 10 runs - GPU latency: 4.01851 ms - Host latency: 4.07979 ms (end to end 4.08945 ms, enqueue 2.79741 ms)
[05/15/2026-03:36:23] [I] Average on 10 runs - GPU latency: 4.02422 ms - Host latency: 4.08521 ms (end to end 4.09497 ms, enqueue 2.62178 ms)
[05/15/2026-03:36:23] [I] Average on 10 runs - GPU latency: 4.01558 ms - Host latency: 4.07729 ms (end to end 4.08799 ms, enqueue 3.00342 ms)
[05/15/2026-03:36:23] [I] Average on 10 runs - GPU latency: 4.02227 ms - Host latency: 4.08374 ms (end to end 4.09326 ms, enqueue 2.68364 ms)
[05/15/2026-03:36:23] [I] Average on 10 runs - GPU latency: 4.01401 ms - Host latency: 4.07544 ms (end to end 4.08506 ms, enqueue 2.96958 ms)
[05/15/2026-03:36:23] [I] Average on 10 runs - GPU latency: 4.02944 ms - Host latency: 4.09087 ms (end to end 4.10059 ms, enqueue 2.62354 ms)
[05/15/2026-03:36:23] [I] Average on 10 runs - GPU latency: 4.03345 ms - Host latency: 4.09482 ms (end to end 4.10464 ms, enqueue 2.41006 ms)
[05/15/2026-03:36:23] [I] Average on 10 runs - GPU latency: 4.02979 ms - Host latency: 4.09111 ms (end to end 4.10068 ms, enqueue 2.36025 ms)
[05/15/2026-03:36:23] [I] Average on 10 runs - GPU latency: 4.03389 ms - Host latency: 4.09502 ms (end to end 4.10454 ms, enqueue 2.43057 ms)
[05/15/2026-03:36:23] [I] Average on 10 runs - GPU latency: 4.03208 ms - Host latency: 4.09365 ms (end to end 4.10317 ms, enqueue 2.48022 ms)
[05/15/2026-03:36:23] [I] Average on 10 runs - GPU latency: 4.03579 ms - Host latency: 4.09727 ms (end to end 4.10664 ms, enqueue 2.41411 ms)
[05/15/2026-03:36:23] [I] Average on 10 runs - GPU latency: 4.02998 ms - Host latency: 4.0916 ms (end to end 4.10112 ms, enqueue 2.47524 ms)
[05/15/2026-03:36:23] [I] Average on 10 runs - GPU latency: 4.0352 ms - Host latency: 4.09653 ms (end to end 4.1062 ms, enqueue 2.48062 ms)
[05/15/2026-03:36:23] [I] Average on 10 runs - GPU latency: 4.01504 ms - Host latency: 4.07686 ms (end to end 4.08721 ms, enqueue 2.73169 ms)
[05/15/2026-03:36:23] [I] Average on 10 runs - GPU latency: 4.0123 ms - Host latency: 4.07427 ms (end to end 4.08413 ms, enqueue 3.06973 ms)
[05/15/2026-03:36:23] [I] Average on 10 runs - GPU latency: 4.0105 ms - Host latency: 4.07212 ms (end to end 4.08252 ms, enqueue 3.05112 ms)
[05/15/2026-03:36:23] [I] Average on 10 runs - GPU latency: 4.03452 ms - Host latency: 4.0957 ms (end to end 4.10527 ms, enqueue 2.51157 ms)
[05/15/2026-03:36:23] [I] Average on 10 runs - GPU latency: 4.02187 ms - Host latency: 4.08296 ms (end to end 4.09277 ms, enqueue 2.71362 ms)
[05/15/2026-03:36:23] [I] Average on 10 runs - GPU latency: 4.02358 ms - Host latency: 4.08477 ms (end to end 4.09463 ms, enqueue 2.74766 ms)
[05/15/2026-03:36:23] [I] Average on 10 runs - GPU latency: 4.03706 ms - Host latency: 4.0981 ms (end to end 4.10762 ms, enqueue 2.5356 ms)
[05/15/2026-03:36:23] [I] Average on 10 runs - GPU latency: 4.02153 ms - Host latency: 4.08252 ms (end to end 4.09209 ms, enqueue 2.70645 ms)
[05/15/2026-03:36:23] [I] Average on 10 runs - GPU latency: 4.01924 ms - Host latency: 4.07998 ms (end to end 4.08882 ms, enqueue 2.74146 ms)
[05/15/2026-03:36:23] [I] Average on 10 runs - GPU latency: 4.02256 ms - Host latency: 4.08389 ms (end to end 4.09487 ms, enqueue 2.83242 ms)
[05/15/2026-03:36:23] [I] Average on 10 runs - GPU latency: 4.02749 ms - Host latency: 4.08931 ms (end to end 4.09893 ms, enqueue 2.61411 ms)
[05/15/2026-03:36:23] [I] Average on 10 runs - GPU latency: 4.01172 ms - Host latency: 4.0728 ms (end to end 4.08237 ms, enqueue 2.96875 ms)
[05/15/2026-03:36:23] [I] Average on 10 runs - GPU latency: 4.0103 ms - Host latency: 4.07119 ms (end to end 4.08086 ms, enqueue 2.95562 ms)
[05/15/2026-03:36:23] [I] Average on 10 runs - GPU latency: 4.01201 ms - Host latency: 4.07324 ms (end to end 4.08281 ms, enqueue 2.92705 ms)
[05/15/2026-03:36:23] [I] Average on 10 runs - GPU latency: 4.00449 ms - Host latency: 4.06587 ms (end to end 4.07695 ms, enqueue 3.18516 ms)
[05/15/2026-03:36:23] [I] Average on 10 runs - GPU latency: 4.01245 ms - Host latency: 4.07427 ms (end to end 4.08545 ms, enqueue 3.03989 ms)
[05/15/2026-03:36:23] [I] Average on 10 runs - GPU latency: 3.98447 ms - Host latency: 4.046 ms (end to end 4.05718 ms, enqueue 3.67954 ms)
[05/15/2026-03:36:23] [I] Average on 10 runs - GPU latency: 3.98306 ms - Host latency: 4.04546 ms (end to end 4.05972 ms, enqueue 3.86216 ms)
[05/15/2026-03:36:23] [I] Average on 10 runs - GPU latency: 3.97915 ms - Host latency: 4.04092 ms (end to end 4.05479 ms, enqueue 3.77607 ms)
[05/15/2026-03:36:23] [I] Average on 10 runs - GPU latency: 3.98047 ms - Host latency: 4.04204 ms (end to end 4.05439 ms, enqueue 3.7333 ms)
[05/15/2026-03:36:23] [I] Average on 10 runs - GPU latency: 3.98174 ms - Host latency: 4.04326 ms (end to end 4.05542 ms, enqueue 3.79604 ms)
[05/15/2026-03:36:23] [I] Average on 10 runs - GPU latency: 3.98276 ms - Host latency: 4.04497 ms (end to end 4.05967 ms, enqueue 3.76929 ms)
[05/15/2026-03:36:23] [I] Average on 10 runs - GPU latency: 3.97827 ms - Host latency: 4.04038 ms (end to end 4.05254 ms, enqueue 3.85435 ms)
[05/15/2026-03:36:23] [I] Average on 10 runs - GPU latency: 3.97637 ms - Host latency: 4.03896 ms (end to end 4.05322 ms, enqueue 3.80752 ms)
[05/15/2026-03:36:23] [I] Average on 10 runs - GPU latency: 3.97813 ms - Host latency: 4.04038 ms (end to end 4.05498 ms, enqueue 3.77583 ms)
[05/15/2026-03:36:23] [I] Average on 10 runs - GPU latency: 3.98062 ms - Host latency: 4.0417 ms (end to end 4.054 ms, enqueue 3.76562 ms)
[05/15/2026-03:36:23] [I] Average on 10 runs - GPU latency: 3.97842 ms - Host latency: 4.03984 ms (end to end 4.05273 ms, enqueue 3.75649 ms)
[05/15/2026-03:36:23] [I] Average on 10 runs - GPU latency: 3.98022 ms - Host latency: 4.04292 ms (end to end 4.05679 ms, enqueue 3.84194 ms)
[05/15/2026-03:36:23] [I] Average on 10 runs - GPU latency: 4.00356 ms - Host latency: 4.06553 ms (end to end 4.07783 ms, enqueue 3.15132 ms)
[05/15/2026-03:36:23] [I] Average on 10 runs - GPU latency: 4.01675 ms - Host latency: 4.07788 ms (end to end 4.08745 ms, enqueue 2.64663 ms)
[05/15/2026-03:36:23] [I] Average on 10 runs - GPU latency: 4.00664 ms - Host latency: 4.06836 ms (end to end 4.08105 ms, enqueue 3.15835 ms)
[05/15/2026-03:36:23] [I] Average on 10 runs - GPU latency: 4.03901 ms - Host latency: 4.10015 ms (end to end 4.10972 ms, enqueue 2.42705 ms)
[05/15/2026-03:36:23] [I] Average on 10 runs - GPU latency: 4.01382 ms - Host latency: 4.07505 ms (end to end 4.08457 ms, enqueue 2.9501 ms)
[05/15/2026-03:36:23] [I] Average on 10 runs - GPU latency: 4.01436 ms - Host latency: 4.07559 ms (end to end 4.08516 ms, enqueue 2.90449 ms)
[05/15/2026-03:36:23] [I] Average on 10 runs - GPU latency: 4.01699 ms - Host latency: 4.07837 ms (end to end 4.08784 ms, enqueue 2.90142 ms)
[05/15/2026-03:36:23] [I] Average on 10 runs - GPU latency: 4.01665 ms - Host latency: 4.07988 ms (end to end 4.0898 ms, enqueue 3.08403 ms)
[05/15/2026-03:36:23] [I] Average on 10 runs - GPU latency: 4.02187 ms - Host latency: 4.08437 ms (end to end 4.09399 ms, enqueue 2.92666 ms)
[05/15/2026-03:36:23] [I] Average on 10 runs - GPU latency: 4.02256 ms - Host latency: 4.08584 ms (end to end 4.09556 ms, enqueue 2.78452 ms)
[05/15/2026-03:36:23] [I] Average on 10 runs - GPU latency: 4.00869 ms - Host latency: 4.07026 ms (end to end 4.07988 ms, enqueue 3.01606 ms)
[05/15/2026-03:36:23] [I] Average on 10 runs - GPU latency: 4.01558 ms - Host latency: 4.077 ms (end to end 4.08657 ms, enqueue 2.92446 ms)
[05/15/2026-03:36:23] [I] Average on 10 runs - GPU latency: 4.01304 ms - Host latency: 4.07441 ms (end to end 4.08394 ms, enqueue 2.82788 ms)
[05/15/2026-03:36:23] [I] Average on 10 runs - GPU latency: 4.01289 ms - Host latency: 4.07417 ms (end to end 4.08394 ms, enqueue 2.77021 ms)
[05/15/2026-03:36:23] [I] Average on 10 runs - GPU latency: 4.03975 ms - Host latency: 4.10088 ms (end to end 4.11011 ms, enqueue 2.44331 ms)
[05/15/2026-03:36:23] [I] Average on 10 runs - GPU latency: 4.01069 ms - Host latency: 4.07163 ms (end to end 4.08242 ms, enqueue 3.02153 ms)
[05/15/2026-03:36:23] [I] Average on 10 runs - GPU latency: 3.98071 ms - Host latency: 4.04175 ms (end to end 4.05459 ms, enqueue 3.75483 ms)
[05/15/2026-03:36:23] [I] Average on 10 runs - GPU latency: 4.00449 ms - Host latency: 4.06563 ms (end to end 4.07627 ms, enqueue 3.14341 ms)
[05/15/2026-03:36:23] [I] Average on 10 runs - GPU latency: 4.03872 ms - Host latency: 4.1001 ms (end to end 4.10991 ms, enqueue 2.44902 ms)
[05/15/2026-03:36:23] [I] Average on 10 runs - GPU latency: 4.04092 ms - Host latency: 4.10205 ms (end to end 4.11157 ms, enqueue 2.43311 ms)
[05/15/2026-03:36:23] [I] Average on 10 runs - GPU latency: 4.02715 ms - Host latency: 4.08896 ms (end to end 4.09854 ms, enqueue 2.56255 ms)
[05/15/2026-03:36:23] [I] Average on 10 runs - GPU latency: 4.02915 ms - Host latency: 4.09028 ms (end to end 4.0999 ms, enqueue 2.68345 ms)
[05/15/2026-03:36:23] [I] Average on 10 runs - GPU latency: 4.01504 ms - Host latency: 4.07603 ms (end to end 4.0856 ms, enqueue 2.75396 ms)
[05/15/2026-03:36:23] [I] Average on 10 runs - GPU latency: 4.00854 ms - Host latency: 4.06943 ms (end to end 4.07837 ms, enqueue 3.06416 ms)
[05/15/2026-03:36:23] [I] Average on 10 runs - GPU latency: 4.00996 ms - Host latency: 4.07139 ms (end to end 4.08223 ms, enqueue 3.1186 ms)
[05/15/2026-03:36:23] [I] Average on 10 runs - GPU latency: 4.03101 ms - Host latency: 4.0916 ms (end to end 4.10156 ms, enqueue 2.63623 ms)
[05/15/2026-03:36:23] [I] Average on 10 runs - GPU latency: 4.03975 ms - Host latency: 4.10117 ms (end to end 4.11089 ms, enqueue 2.42993 ms)
[05/15/2026-03:36:23] [I] Average on 10 runs - GPU latency: 4.03013 ms - Host latency: 4.0917 ms (end to end 4.10122 ms, enqueue 2.64736 ms)
[05/15/2026-03:36:23] [I] Average on 10 runs - GPU latency: 4.02266 ms - Host latency: 4.08398 ms (end to end 4.09346 ms, enqueue 2.76489 ms)
[05/15/2026-03:36:23] [I] Average on 10 runs - GPU latency: 4.01646 ms - Host latency: 4.07754 ms (end to end 4.08726 ms, enqueue 2.7813 ms)
[05/15/2026-03:36:23] [I] Average on 10 runs - GPU latency: 4.04321 ms - Host latency: 4.10488 ms (end to end 4.1144 ms, enqueue 2.46143 ms)
[05/15/2026-03:36:23] [I] Average on 10 runs - GPU latency: 4.02852 ms - Host latency: 4.0894 ms (end to end 4.09897 ms, enqueue 2.54346 ms)
[05/15/2026-03:36:23] [I] Average on 10 runs - GPU latency: 4.01465 ms - Host latency: 4.07554 ms (end to end 4.08516 ms, enqueue 2.80815 ms)
[05/15/2026-03:36:23] [I] Average on 10 runs - GPU latency: 4.02456 ms - Host latency: 4.08569 ms (end to end 4.09556 ms, enqueue 2.6269 ms)
[05/15/2026-03:36:23] [I] Average on 10 runs - GPU latency: 4.03774 ms - Host latency: 4.09897 ms (end to end 4.1085 ms, enqueue 2.46841 ms)
[05/15/2026-03:36:23] [I] Average on 10 runs - GPU latency: 4.00913 ms - Host latency: 4.07046 ms (end to end 4.08086 ms, enqueue 2.92598 ms)
[05/15/2026-03:36:23] [I] Average on 10 runs - GPU latency: 4.03091 ms - Host latency: 4.09243 ms (end to end 4.10205 ms, enqueue 2.56157 ms)
[05/15/2026-03:36:23] [I] Average on 10 runs - GPU latency: 4.03774 ms - Host latency: 4.09888 ms (end to end 4.10835 ms, enqueue 2.40337 ms)
[05/15/2026-03:36:23] [I] Average on 10 runs - GPU latency: 4.01597 ms - Host latency: 4.0771 ms (end to end 4.08687 ms, enqueue 2.79604 ms)
[05/15/2026-03:36:23] [I] Average on 10 runs - GPU latency: 4.00767 ms - Host latency: 4.06924 ms (end to end 4.07881 ms, enqueue 2.97695 ms)
[05/15/2026-03:36:23] [I] Average on 10 runs - GPU latency: 4.01812 ms - Host latency: 4.0793 ms (end to end 4.08877 ms, enqueue 2.84136 ms)
[05/15/2026-03:36:23] [I] Average on 10 runs - GPU latency: 4.0166 ms - Host latency: 4.07803 ms (end to end 4.08755 ms, enqueue 2.76772 ms)
[05/15/2026-03:36:23] [I] Average on 10 runs - GPU latency: 4.0105 ms - Host latency: 4.07183 ms (end to end 4.08154 ms, enqueue 2.80059 ms)
[05/15/2026-03:36:23] [I] Average on 10 runs - GPU latency: 4.04482 ms - Host latency: 4.10601 ms (end to end 4.11558 ms, enqueue 2.53306 ms)
[05/15/2026-03:36:23] [I] Average on 10 runs - GPU latency: 4.04717 ms - Host latency: 4.10806 ms (end to end 4.11782 ms, enqueue 2.25762 ms)
[05/15/2026-03:36:23] [I] Average on 10 runs - GPU latency: 4.02085 ms - Host latency: 4.08193 ms (end to end 4.0916 ms, enqueue 2.70366 ms)
[05/15/2026-03:36:23] [I] Average on 10 runs - GPU latency: 4.00757 ms - Host latency: 4.06855 ms (end to end 4.07817 ms, enqueue 3.06348 ms)
[05/15/2026-03:36:23] [I] Average on 10 runs - GPU latency: 4.04429 ms - Host latency: 4.10552 ms (end to end 4.11504 ms, enqueue 2.38516 ms)
[05/15/2026-03:36:23] [I] Average on 10 runs - GPU latency: 4.02793 ms - Host latency: 4.08916 ms (end to end 4.09883 ms, enqueue 2.57241 ms)
[05/15/2026-03:36:23] [I] Average on 10 runs - GPU latency: 4.03271 ms - Host latency: 4.0939 ms (end to end 4.10342 ms, enqueue 2.55332 ms)
[05/15/2026-03:36:23] [I] Average on 10 runs - GPU latency: 4.03838 ms - Host latency: 4.09966 ms (end to end 4.10913 ms, enqueue 2.47778 ms)
[05/15/2026-03:36:23] [I] Average on 10 runs - GPU latency: 4.02666 ms - Host latency: 4.08804 ms (end to end 4.0977 ms, enqueue 2.63154 ms)
[05/15/2026-03:36:23] [I] Average on 10 runs - GPU latency: 4.02007 ms - Host latency: 4.08154 ms (end to end 4.09121 ms, enqueue 2.72495 ms)
[05/15/2026-03:36:23] [I] Average on 10 runs - GPU latency: 4.01353 ms - Host latency: 4.07485 ms (end to end 4.08423 ms, enqueue 2.87754 ms)
[05/15/2026-03:36:23] [I] Average on 10 runs - GPU latency: 4.03154 ms - Host latency: 4.09292 ms (end to end 4.10229 ms, enqueue 2.52017 ms)
[05/15/2026-03:36:23] [I] Average on 10 runs - GPU latency: 4.02061 ms - Host latency: 4.08203 ms (end to end 4.09043 ms, enqueue 2.72427 ms)
[05/15/2026-03:36:23] [I] Average on 10 runs - GPU latency: 4.01831 ms - Host latency: 4.07944 ms (end to end 4.09014 ms, enqueue 2.85024 ms)
[05/15/2026-03:36:23] [I] Average on 10 runs - GPU latency: 4.02329 ms - Host latency: 4.08486 ms (end to end 4.09453 ms, enqueue 2.69097 ms)
[05/15/2026-03:36:23] [I] Average on 10 runs - GPU latency: 4.00703 ms - Host latency: 4.06895 ms (end to end 4.07832 ms, enqueue 2.93086 ms)
[05/15/2026-03:36:23] [I] Average on 10 runs - GPU latency: 4.00342 ms - Host latency: 4.06631 ms (end to end 4.07627 ms, enqueue 3.34482 ms)
[05/15/2026-03:36:23] [I] Average on 10 runs - GPU latency: 4.01719 ms - Host latency: 4.07881 ms (end to end 4.08838 ms, enqueue 2.77949 ms)
[05/15/2026-03:36:23] [I] Average on 10 runs - GPU latency: 4.0127 ms - Host latency: 4.07373 ms (end to end 4.0832 ms, enqueue 2.85703 ms)
[05/15/2026-03:36:23] [I] Average on 10 runs - GPU latency: 4.00967 ms - Host latency: 4.0707 ms (end to end 4.08027 ms, enqueue 2.96318 ms)
[05/15/2026-03:36:23] [I] Average on 10 runs - GPU latency: 4.02393 ms - Host latency: 4.08467 ms (end to end 4.09463 ms, enqueue 2.83262 ms)
[05/15/2026-03:36:23] [I] Average on 10 runs - GPU latency: 4.04111 ms - Host latency: 4.10234 ms (end to end 4.11182 ms, enqueue 2.36289 ms)
[05/15/2026-03:36:23] [I] Average on 10 runs - GPU latency: 4.0292 ms - Host latency: 4.09082 ms (end to end 4.10029 ms, enqueue 2.58613 ms)
[05/15/2026-03:36:23] [I] Average on 10 runs - GPU latency: 4.03906 ms - Host latency: 4.1 ms (end to end 4.10947 ms, enqueue 2.40977 ms)
[05/15/2026-03:36:23] [I] Average on 10 runs - GPU latency: 4.04424 ms - Host latency: 4.10527 ms (end to end 4.11475 ms, enqueue 2.3584 ms)
[05/15/2026-03:36:23] [I] Average on 10 runs - GPU latency: 4.02051 ms - Host latency: 4.08193 ms (end to end 4.09189 ms, enqueue 2.62959 ms)
[05/15/2026-03:36:23] [I] Average on 10 runs - GPU latency: 4.02471 ms - Host latency: 4.08516 ms (end to end 4.09521 ms, enqueue 2.76924 ms)
[05/15/2026-03:36:23] [I] Average on 10 runs - GPU latency: 4.03555 ms - Host latency: 4.09707 ms (end to end 4.10684 ms, enqueue 2.53799 ms)
[05/15/2026-03:36:23] [I] Average on 10 runs - GPU latency: 4.03145 ms - Host latency: 4.09316 ms (end to end 4.10293 ms, enqueue 2.53584 ms)
[05/15/2026-03:36:23] [I] Average on 10 runs - GPU latency: 4.01406 ms - Host latency: 4.07598 ms (end to end 4.08467 ms, enqueue 2.90889 ms)
[05/15/2026-03:36:23] [I] Average on 10 runs - GPU latency: 4.01094 ms - Host latency: 4.07236 ms (end to end 4.0833 ms, enqueue 3.09414 ms)
[05/15/2026-03:36:23] [I] Average on 10 runs - GPU latency: 4.00791 ms - Host latency: 4.06885 ms (end to end 4.07832 ms, enqueue 2.98369 ms)
[05/15/2026-03:36:23] [I] Average on 10 runs - GPU latency: 4.02588 ms - Host latency: 4.08691 ms (end to end 4.09629 ms, enqueue 2.75449 ms)
[05/15/2026-03:36:23] [I] Average on 10 runs - GPU latency: 4.02412 ms - Host latency: 4.08525 ms (end to end 4.09492 ms, enqueue 2.57471 ms)
[05/15/2026-03:36:23] [I] Average on 10 runs - GPU latency: 4.01572 ms - Host latency: 4.07744 ms (end to end 4.08672 ms, enqueue 2.89004 ms)
[05/15/2026-03:36:23] [I] Average on 10 runs - GPU latency: 4.01729 ms - Host latency: 4.07822 ms (end to end 4.0876 ms, enqueue 2.78223 ms)
[05/15/2026-03:36:23] [I] Average on 10 runs - GPU latency: 4.04268 ms - Host latency: 4.10391 ms (end to end 4.11318 ms, enqueue 2.39385 ms)
[05/15/2026-03:36:23] [I] Average on 10 runs - GPU latency: 4.01787 ms - Host latency: 4.07891 ms (end to end 4.08867 ms, enqueue 2.75049 ms)
[05/15/2026-03:36:23] [I] Average on 10 runs - GPU latency: 4.04473 ms - Host latency: 4.10635 ms (end to end 4.11592 ms, enqueue 2.41572 ms)
[05/15/2026-03:36:23] [I] Average on 10 runs - GPU latency: 4.01816 ms - Host latency: 4.0792 ms (end to end 4.08877 ms, enqueue 2.83125 ms)
[05/15/2026-03:36:23] [I] Average on 10 runs - GPU latency: 4.01729 ms - Host latency: 4.07822 ms (end to end 4.0876 ms, enqueue 2.90186 ms)
[05/15/2026-03:36:23] [I] Average on 10 runs - GPU latency: 4.01602 ms - Host latency: 4.07734 ms (end to end 4.08721 ms, enqueue 2.78652 ms)
[05/15/2026-03:36:23] [I] Average on 10 runs - GPU latency: 4.03496 ms - Host latency: 4.09658 ms (end to end 4.10645 ms, enqueue 2.49805 ms)
[05/15/2026-03:36:23] [I] Average on 10 runs - GPU latency: 4.02861 ms - Host latency: 4.08984 ms (end to end 4.09961 ms, enqueue 2.62266 ms)
[05/15/2026-03:36:23] [I] Average on 10 runs - GPU latency: 4.01553 ms - Host latency: 4.07734 ms (end to end 4.08691 ms, enqueue 2.8458 ms)
[05/15/2026-03:36:23] [I] Average on 10 runs - GPU latency: 4.02334 ms - Host latency: 4.08447 ms (end to end 4.09424 ms, enqueue 2.75674 ms)
[05/15/2026-03:36:23] [I] Average on 10 runs - GPU latency: 4.02568 ms - Host latency: 4.08779 ms (end to end 4.09756 ms, enqueue 2.64766 ms)
[05/15/2026-03:36:23] [I] Average on 10 runs - GPU latency: 4.01924 ms - Host latency: 4.08086 ms (end to end 4.09053 ms, enqueue 2.71963 ms)
[05/15/2026-03:36:23] [I] Average on 10 runs - GPU latency: 4.03564 ms - Host latency: 4.09678 ms (end to end 4.10654 ms, enqueue 2.61787 ms)
[05/15/2026-03:36:23] [I] Average on 10 runs - GPU latency: 4.03809 ms - Host latency: 4.09941 ms (end to end 4.10869 ms, enqueue 2.41465 ms)
[05/15/2026-03:36:23] [I] Average on 10 runs - GPU latency: 4.02285 ms - Host latency: 4.08467 ms (end to end 4.09414 ms, enqueue 2.73652 ms)
[05/15/2026-03:36:23] [I] Average on 10 runs - GPU latency: 4.02187 ms - Host latency: 4.08272 ms (end to end 4.09219 ms, enqueue 2.80674 ms)
[05/15/2026-03:36:23] [I] Average on 10 runs - GPU latency: 4.01484 ms - Host latency: 4.07549 ms (end to end 4.08506 ms, enqueue 2.90088 ms)
[05/15/2026-03:36:23] [I] Average on 10 runs - GPU latency: 4.01514 ms - Host latency: 4.07627 ms (end to end 4.08555 ms, enqueue 2.84551 ms)
[05/15/2026-03:36:23] [I] Average on 10 runs - GPU latency: 4.01982 ms - Host latency: 4.08184 ms (end to end 4.0917 ms, enqueue 2.84814 ms)
[05/15/2026-03:36:23] [I] Average on 10 runs - GPU latency: 4.01641 ms - Host latency: 4.07822 ms (end to end 4.08799 ms, enqueue 2.82139 ms)
[05/15/2026-03:36:23] [I] Average on 10 runs - GPU latency: 4.02383 ms - Host latency: 4.08564 ms (end to end 4.09512 ms, enqueue 2.75176 ms)
[05/15/2026-03:36:23] [I] Average on 10 runs - GPU latency: 4.02373 ms - Host latency: 4.08525 ms (end to end 4.09434 ms, enqueue 2.83389 ms)
[05/15/2026-03:36:23] [I] Average on 10 runs - GPU latency: 4.03242 ms - Host latency: 4.09395 ms (end to end 4.10332 ms, enqueue 2.56611 ms)
[05/15/2026-03:36:23] [I] Average on 10 runs - GPU latency: 4.01025 ms - Host latency: 4.07109 ms (end to end 4.08105 ms, enqueue 2.90713 ms)
[05/15/2026-03:36:23] [I] Average on 10 runs - GPU latency: 4.0124 ms - Host latency: 4.07344 ms (end to end 4.08281 ms, enqueue 3.01924 ms)
[05/15/2026-03:36:23] [I] Average on 10 runs - GPU latency: 4.02246 ms - Host latency: 4.08457 ms (end to end 4.09395 ms, enqueue 2.70605 ms)
[05/15/2026-03:36:23] [I] Average on 10 runs - GPU latency: 4.02793 ms - Host latency: 4.08906 ms (end to end 4.09873 ms, enqueue 2.64365 ms)
[05/15/2026-03:36:23] [I] Average on 10 runs - GPU latency: 4.01787 ms - Host latency: 4.0791 ms (end to end 4.08887 ms, enqueue 2.72988 ms)
[05/15/2026-03:36:23] [I] Average on 10 runs - GPU latency: 4.01416 ms - Host latency: 4.07529 ms (end to end 4.08574 ms, enqueue 3.05244 ms)
[05/15/2026-03:36:23] [I] Average on 10 runs - GPU latency: 4.0209 ms - Host latency: 4.08232 ms (end to end 4.0918 ms, enqueue 2.72129 ms)
[05/15/2026-03:36:23] [I] Average on 10 runs - GPU latency: 4.0292 ms - Host latency: 4.09023 ms (end to end 4.09961 ms, enqueue 2.62793 ms)
[05/15/2026-03:36:23] [I] Average on 10 runs - GPU latency: 4.01064 ms - Host latency: 4.07266 ms (end to end 4.08301 ms, enqueue 2.89531 ms)
[05/15/2026-03:36:23] [I] Average on 10 runs - GPU latency: 4.01777 ms - Host latency: 4.07949 ms (end to end 4.08994 ms, enqueue 2.79219 ms)
[05/15/2026-03:36:23] [I] Average on 10 runs - GPU latency: 4.02695 ms - Host latency: 4.08809 ms (end to end 4.09756 ms, enqueue 2.5918 ms)
[05/15/2026-03:36:23] [I] Average on 10 runs - GPU latency: 4.02227 ms - Host latency: 4.08369 ms (end to end 4.09385 ms, enqueue 2.68691 ms)
[05/15/2026-03:36:23] [I] Average on 10 runs - GPU latency: 4.01348 ms - Host latency: 4.07383 ms (end to end 4.08379 ms, enqueue 2.87051 ms)
[05/15/2026-03:36:23] [I] Average on 10 runs - GPU latency: 4.04014 ms - Host latency: 4.10146 ms (end to end 4.11094 ms, enqueue 2.44551 ms)
[05/15/2026-03:36:23] [I] Average on 10 runs - GPU latency: 4.03887 ms - Host latency: 4.1002 ms (end to end 4.11006 ms, enqueue 2.43848 ms)
[05/15/2026-03:36:23] [I] Average on 10 runs - GPU latency: 4.03232 ms - Host latency: 4.09336 ms (end to end 4.10283 ms, enqueue 2.59629 ms)
[05/15/2026-03:36:23] [I] Average on 10 runs - GPU latency: 4.02471 ms - Host latency: 4.08584 ms (end to end 4.09521 ms, enqueue 2.65674 ms)
[05/15/2026-03:36:23] [I] Average on 10 runs - GPU latency: 4.01152 ms - Host latency: 4.07334 ms (end to end 4.08359 ms, enqueue 2.98447 ms)
[05/15/2026-03:36:23] [I] Average on 10 runs - GPU latency: 4.01904 ms - Host latency: 4.07988 ms (end to end 4.08955 ms, enqueue 2.84639 ms)
[05/15/2026-03:36:23] [I] Average on 10 runs - GPU latency: 4.01719 ms - Host latency: 4.07861 ms (end to end 4.08809 ms, enqueue 2.80332 ms)
[05/15/2026-03:36:23] [I] Average on 10 runs - GPU latency: 4.02588 ms - Host latency: 4.08789 ms (end to end 4.09736 ms, enqueue 2.66338 ms)
[05/15/2026-03:36:23] [I] Average on 10 runs - GPU latency: 4.02217 ms - Host latency: 4.08369 ms (end to end 4.09404 ms, enqueue 2.78418 ms)
[05/15/2026-03:36:23] [I] Average on 10 runs - GPU latency: 4.02988 ms - Host latency: 4.09111 ms (end to end 4.10078 ms, enqueue 2.63633 ms)
[05/15/2026-03:36:23] [I] Average on 10 runs - GPU latency: 4.02432 ms - Host latency: 4.08594 ms (end to end 4.09561 ms, enqueue 2.74854 ms)
[05/15/2026-03:36:23] [I] Average on 10 runs - GPU latency: 4.03359 ms - Host latency: 4.09443 ms (end to end 4.10391 ms, enqueue 2.51738 ms)
[05/15/2026-03:36:23] [I] Average on 10 runs - GPU latency: 4.01855 ms - Host latency: 4.07969 ms (end to end 4.09082 ms, enqueue 2.93926 ms)
[05/15/2026-03:36:23] [I] Average on 10 runs - GPU latency: 4.00908 ms - Host latency: 4.07031 ms (end to end 4.07969 ms, enqueue 3.04014 ms)
[05/15/2026-03:36:23] [I] Average on 10 runs - GPU latency: 4.01279 ms - Host latency: 4.07412 ms (end to end 4.08359 ms, enqueue 2.86826 ms)
[05/15/2026-03:36:23] [I] Average on 10 runs - GPU latency: 4.00078 ms - Host latency: 4.0624 ms (end to end 4.07207 ms, enqueue 3.18057 ms)
[05/15/2026-03:36:23] [I] Average on 10 runs - GPU latency: 4.01406 ms - Host latency: 4.07529 ms (end to end 4.08447 ms, enqueue 2.88604 ms)
[05/15/2026-03:36:23] [I] Average on 10 runs - GPU latency: 4.03428 ms - Host latency: 4.09512 ms (end to end 4.10488 ms, enqueue 2.52432 ms)
[05/15/2026-03:36:23] [I] Average on 10 runs - GPU latency: 4.04395 ms - Host latency: 4.10478 ms (end to end 4.11436 ms, enqueue 2.38867 ms)
[05/15/2026-03:36:23] [I] Average on 10 runs - GPU latency: 4.02891 ms - Host latency: 4.09062 ms (end to end 4.10029 ms, enqueue 2.54922 ms)
[05/15/2026-03:36:23] [I] Average on 10 runs - GPU latency: 4.01729 ms - Host latency: 4.07871 ms (end to end 4.08838 ms, enqueue 2.78633 ms)
[05/15/2026-03:36:23] [I] Average on 10 runs - GPU latency: 4.02236 ms - Host latency: 4.08428 ms (end to end 4.09375 ms, enqueue 2.72686 ms)
[05/15/2026-03:36:23] [I] Average on 10 runs - GPU latency: 4.01729 ms - Host latency: 4.07803 ms (end to end 4.0874 ms, enqueue 2.7374 ms)
[05/15/2026-03:36:23] [I] Average on 10 runs - GPU latency: 4.01768 ms - Host latency: 4.079 ms (end to end 4.08848 ms, enqueue 2.89316 ms)
[05/15/2026-03:36:23] [I] Average on 10 runs - GPU latency: 4.0168 ms - Host latency: 4.07812 ms (end to end 4.0875 ms, enqueue 2.88535 ms)
[05/15/2026-03:36:23] [I] Average on 10 runs - GPU latency: 4.01699 ms - Host latency: 4.07861 ms (end to end 4.08809 ms, enqueue 2.78711 ms)
[05/15/2026-03:36:23] [I] Average on 10 runs - GPU latency: 4.01758 ms - Host latency: 4.07842 ms (end to end 4.08809 ms, enqueue 2.7459 ms)
[05/15/2026-03:36:23] [I] Average on 10 runs - GPU latency: 4.01084 ms - Host latency: 4.07207 ms (end to end 4.08193 ms, enqueue 2.90156 ms)
[05/15/2026-03:36:23] [I] Average on 10 runs - GPU latency: 4.0083 ms - Host latency: 4.06982 ms (end to end 4.07949 ms, enqueue 2.99814 ms)
[05/15/2026-03:36:23] [I] Average on 10 runs - GPU latency: 4.01641 ms - Host latency: 4.07744 ms (end to end 4.08711 ms, enqueue 2.79697 ms)
[05/15/2026-03:36:23] [I] Average on 10 runs - GPU latency: 4.0167 ms - Host latency: 4.07783 ms (end to end 4.0874 ms, enqueue 2.80977 ms)
[05/15/2026-03:36:23] [I] Average on 10 runs - GPU latency: 4.0166 ms - Host latency: 4.07773 ms (end to end 4.0873 ms, enqueue 2.84766 ms)
[05/15/2026-03:36:23] [I] Average on 10 runs - GPU latency: 4.01729 ms - Host latency: 4.07803 ms (end to end 4.0876 ms, enqueue 2.81387 ms)
[05/15/2026-03:36:23] [I] Average on 10 runs - GPU latency: 4.01816 ms - Host latency: 4.0791 ms (end to end 4.08887 ms, enqueue 2.7915 ms)
[05/15/2026-03:36:23] [I] Average on 10 runs - GPU latency: 4.02197 ms - Host latency: 4.08369 ms (end to end 4.09316 ms, enqueue 2.74395 ms)
[05/15/2026-03:36:23] [I] Average on 10 runs - GPU latency: 4.04756 ms - Host latency: 4.1085 ms (end to end 4.11797 ms, enqueue 2.33906 ms)
[05/15/2026-03:36:23] [I] Average on 10 runs - GPU latency: 4.02432 ms - Host latency: 4.08525 ms (end to end 4.09502 ms, enqueue 2.65195 ms)
[05/15/2026-03:36:23] [I] Average on 10 runs - GPU latency: 4.0293 ms - Host latency: 4.09043 ms (end to end 4.10059 ms, enqueue 2.55703 ms)
[05/15/2026-03:36:23] [I] Average on 10 runs - GPU latency: 4.01182 ms - Host latency: 4.07324 ms (end to end 4.08379 ms, enqueue 2.99824 ms)
[05/15/2026-03:36:23] [I] Average on 10 runs - GPU latency: 4.01973 ms - Host latency: 4.08105 ms (end to end 4.09053 ms, enqueue 2.85449 ms)
[05/15/2026-03:36:23] [I] Average on 10 runs - GPU latency: 4.01807 ms - Host latency: 4.07969 ms (end to end 4.08926 ms, enqueue 2.81221 ms)
[05/15/2026-03:36:23] [I] Average on 10 runs - GPU latency: 4.02969 ms - Host latency: 4.09092 ms (end to end 4.10049 ms, enqueue 2.62842 ms)
[05/15/2026-03:36:23] [I] Average on 10 runs - GPU latency: 4.02041 ms - Host latency: 4.08135 ms (end to end 4.09102 ms, enqueue 2.70322 ms)
[05/15/2026-03:36:23] [I] Average on 10 runs - GPU latency: 4.02041 ms - Host latency: 4.08184 ms (end to end 4.0915 ms, enqueue 2.84375 ms)
[05/15/2026-03:36:23] [I] Average on 10 runs - GPU latency: 4.01602 ms - Host latency: 4.07715 ms (end to end 4.08652 ms, enqueue 2.84648 ms)
[05/15/2026-03:36:23] [I] Average on 10 runs - GPU latency: 4.02686 ms - Host latency: 4.08828 ms (end to end 4.09805 ms, enqueue 2.81113 ms)
[05/15/2026-03:36:23] [I] Average on 10 runs - GPU latency: 4.03174 ms - Host latency: 4.09277 ms (end to end 4.10234 ms, enqueue 2.51084 ms)
[05/15/2026-03:36:23] [I] Average on 10 runs - GPU latency: 4.01357 ms - Host latency: 4.0752 ms (end to end 4.08486 ms, enqueue 2.97959 ms)
[05/15/2026-03:36:23] [I] Average on 10 runs - GPU latency: 4.02451 ms - Host latency: 4.08564 ms (end to end 4.09561 ms, enqueue 2.73047 ms)
[05/15/2026-03:36:23] [I] Average on 10 runs - GPU latency: 4.01465 ms - Host latency: 4.07598 ms (end to end 4.08555 ms, enqueue 2.89629 ms)
[05/15/2026-03:36:23] [I] Average on 10 runs - GPU latency: 4.01094 ms - Host latency: 4.07256 ms (end to end 4.0832 ms, enqueue 3.09287 ms)
[05/15/2026-03:36:23] [I] Average on 10 runs - GPU latency: 4.04268 ms - Host latency: 4.10381 ms (end to end 4.11338 ms, enqueue 2.31006 ms)
[05/15/2026-03:36:23] [I] Average on 10 runs - GPU latency: 4.01719 ms - Host latency: 4.07812 ms (end to end 4.08779 ms, enqueue 2.7957 ms)
[05/15/2026-03:36:23] [I] Average on 10 runs - GPU latency: 4.03389 ms - Host latency: 4.09561 ms (end to end 4.10518 ms, enqueue 2.53066 ms)
[05/15/2026-03:36:23] [I] Average on 10 runs - GPU latency: 4.03008 ms - Host latency: 4.09131 ms (end to end 4.10088 ms, enqueue 2.57988 ms)
[05/15/2026-03:36:23] [I] Average on 10 runs - GPU latency: 4.02197 ms - Host latency: 4.0834 ms (end to end 4.09219 ms, enqueue 2.63232 ms)
[05/15/2026-03:36:23] [I] Average on 10 runs - GPU latency: 4.0168 ms - Host latency: 4.07861 ms (end to end 4.08955 ms, enqueue 2.83223 ms)
[05/15/2026-03:36:23] [I] Average on 10 runs - GPU latency: 4.00967 ms - Host latency: 4.07051 ms (end to end 4.08018 ms, enqueue 2.92305 ms)
[05/15/2026-03:36:23] [I] Average on 10 runs - GPU latency: 4.02998 ms - Host latency: 4.09141 ms (end to end 4.10107 ms, enqueue 2.64834 ms)
[05/15/2026-03:36:23] [I] Average on 10 runs - GPU latency: 4.0333 ms - Host latency: 4.09492 ms (end to end 4.10459 ms, enqueue 2.52393 ms)
[05/15/2026-03:36:23] [I] Average on 10 runs - GPU latency: 4.01836 ms - Host latency: 4.07998 ms (end to end 4.08965 ms, enqueue 2.83174 ms)
[05/15/2026-03:36:23] [I] Average on 10 runs - GPU latency: 4.02061 ms - Host latency: 4.08193 ms (end to end 4.0915 ms, enqueue 2.78408 ms)
[05/15/2026-03:36:23] [I] Average on 10 runs - GPU latency: 4.02568 ms - Host latency: 4.08672 ms (end to end 4.09648 ms, enqueue 2.61807 ms)
[05/15/2026-03:36:23] [I] Average on 10 runs - GPU latency: 4.02939 ms - Host latency: 4.09043 ms (end to end 4.09971 ms, enqueue 2.68271 ms)
[05/15/2026-03:36:23] [I] Average on 10 runs - GPU latency: 4.01846 ms - Host latency: 4.07979 ms (end to end 4.08965 ms, enqueue 2.77949 ms)
[05/15/2026-03:36:23] [I] Average on 10 runs - GPU latency: 4.04434 ms - Host latency: 4.10527 ms (end to end 4.11523 ms, enqueue 2.39512 ms)
[05/15/2026-03:36:23] [I] Average on 10 runs - GPU latency: 4.0249 ms - Host latency: 4.08604 ms (end to end 4.09668 ms, enqueue 2.75459 ms)
[05/15/2026-03:36:23] [I] Average on 10 runs - GPU latency: 4.01738 ms - Host latency: 4.07803 ms (end to end 4.08809 ms, enqueue 2.86162 ms)
[05/15/2026-03:36:23] [I] Average on 10 runs - GPU latency: 4.01797 ms - Host latency: 4.07939 ms (end to end 4.08896 ms, enqueue 2.73672 ms)
[05/15/2026-03:36:23] [I] Average on 10 runs - GPU latency: 4.01699 ms - Host latency: 4.07783 ms (end to end 4.08789 ms, enqueue 2.77041 ms)
[05/15/2026-03:36:23] [I] Average on 10 runs - GPU latency: 4.0373 ms - Host latency: 4.09824 ms (end to end 4.10762 ms, enqueue 2.40449 ms)
[05/15/2026-03:36:23] [I] Average on 10 runs - GPU latency: 4.03311 ms - Host latency: 4.09385 ms (end to end 4.10381 ms, enqueue 2.48535 ms)
[05/15/2026-03:36:23] [I] Average on 10 runs - GPU latency: 4.03271 ms - Host latency: 4.09395 ms (end to end 4.10313 ms, enqueue 2.5916 ms)
[05/15/2026-03:36:23] [I] Average on 10 runs - GPU latency: 4.02139 ms - Host latency: 4.08272 ms (end to end 4.09258 ms, enqueue 2.78574 ms)
[05/15/2026-03:36:23] [I] Average on 10 runs - GPU latency: 4.01699 ms - Host latency: 4.07822 ms (end to end 4.08799 ms, enqueue 2.82344 ms)
[05/15/2026-03:36:23] [I] Average on 10 runs - GPU latency: 4.02754 ms - Host latency: 4.08877 ms (end to end 4.09844 ms, enqueue 2.63584 ms)
[05/15/2026-03:36:23] [I] Average on 10 runs - GPU latency: 4.03184 ms - Host latency: 4.09268 ms (end to end 4.10205 ms, enqueue 2.56523 ms)
[05/15/2026-03:36:23] [I] Average on 10 runs - GPU latency: 4.02285 ms - Host latency: 4.08398 ms (end to end 4.09375 ms, enqueue 2.78789 ms)
[05/15/2026-03:36:23] [I] Average on 10 runs - GPU latency: 4.01123 ms - Host latency: 4.07266 ms (end to end 4.08232 ms, enqueue 2.8918 ms)
[05/15/2026-03:36:23] [I] Average on 10 runs - GPU latency: 4.00918 ms - Host latency: 4.07051 ms (end to end 4.07969 ms, enqueue 3.01895 ms)
[05/15/2026-03:36:23] [I] Average on 10 runs - GPU latency: 4.03975 ms - Host latency: 4.10146 ms (end to end 4.11104 ms, enqueue 2.5 ms)
[05/15/2026-03:36:23] [I] Average on 10 runs - GPU latency: 4.02871 ms - Host latency: 4.08975 ms (end to end 4.09932 ms, enqueue 2.46807 ms)
[05/15/2026-03:36:23] [I] Average on 10 runs - GPU latency: 4.01953 ms - Host latency: 4.08027 ms (end to end 4.08975 ms, enqueue 2.90371 ms)
[05/15/2026-03:36:23] [I] Average on 10 runs - GPU latency: 4.02871 ms - Host latency: 4.08965 ms (end to end 4.09902 ms, enqueue 2.68457 ms)
[05/15/2026-03:36:23] [I] Average on 10 runs - GPU latency: 4.03711 ms - Host latency: 4.09902 ms (end to end 4.10889 ms, enqueue 2.43252 ms)
[05/15/2026-03:36:23] [I] Average on 10 runs - GPU latency: 4.02344 ms - Host latency: 4.08477 ms (end to end 4.09434 ms, enqueue 2.77158 ms)
[05/15/2026-03:36:23] [I] Average on 10 runs - GPU latency: 4.01406 ms - Host latency: 4.07559 ms (end to end 4.08545 ms, enqueue 2.9999 ms)
[05/15/2026-03:36:23] [I] Average on 10 runs - GPU latency: 4.02441 ms - Host latency: 4.08584 ms (end to end 4.09531 ms, enqueue 2.80088 ms)
[05/15/2026-03:36:23] [I] Average on 10 runs - GPU latency: 4.01484 ms - Host latency: 4.07598 ms (end to end 4.08652 ms, enqueue 2.84082 ms)
[05/15/2026-03:36:23] [I] Average on 10 runs - GPU latency: 4.01826 ms - Host latency: 4.07939 ms (end to end 4.08916 ms, enqueue 2.80605 ms)
[05/15/2026-03:36:23] [I] Average on 10 runs - GPU latency: 4.01436 ms - Host latency: 4.07568 ms (end to end 4.08525 ms, enqueue 2.83584 ms)
[05/15/2026-03:36:23] [I] Average on 10 runs - GPU latency: 4.02871 ms - Host latency: 4.08965 ms (end to end 4.09922 ms, enqueue 2.73594 ms)
[05/15/2026-03:36:23] [I] Average on 10 runs - GPU latency: 4.02393 ms - Host latency: 4.08623 ms (end to end 4.0959 ms, enqueue 2.68232 ms)
[05/15/2026-03:36:23] [I] Average on 10 runs - GPU latency: 4.01445 ms - Host latency: 4.07539 ms (end to end 4.08486 ms, enqueue 2.88018 ms)
[05/15/2026-03:36:23] [I] Average on 10 runs - GPU latency: 4.0457 ms - Host latency: 4.10664 ms (end to end 4.11641 ms, enqueue 2.43057 ms)
[05/15/2026-03:36:23] [I] Average on 10 runs - GPU latency: 4.04668 ms - Host latency: 4.10762 ms (end to end 4.11719 ms, enqueue 2.38867 ms)
[05/15/2026-03:36:23] [I] Average on 10 runs - GPU latency: 4.03086 ms - Host latency: 4.09219 ms (end to end 4.10186 ms, enqueue 2.69268 ms)
[05/15/2026-03:36:23] [I] Average on 10 runs - GPU latency: 4.01572 ms - Host latency: 4.07715 ms (end to end 4.08711 ms, enqueue 2.84189 ms)
[05/15/2026-03:36:23] [I] Average on 10 runs - GPU latency: 4.01348 ms - Host latency: 4.07441 ms (end to end 4.08408 ms, enqueue 2.87197 ms)
[05/15/2026-03:36:23] [I] Average on 10 runs - GPU latency: 4.0291 ms - Host latency: 4.09023 ms (end to end 4.10029 ms, enqueue 2.97734 ms)
[05/15/2026-03:36:23] [I] Average on 10 runs - GPU latency: 4.03379 ms - Host latency: 4.09492 ms (end to end 4.10449 ms, enqueue 2.8583 ms)
[05/15/2026-03:36:23] [I] Average on 10 runs - GPU latency: 4.05693 ms - Host latency: 4.11777 ms (end to end 4.12773 ms, enqueue 2.49854 ms)
[05/15/2026-03:36:23] [I] Average on 10 runs - GPU latency: 4.0709 ms - Host latency: 4.13252 ms (end to end 4.1418 ms, enqueue 2.29688 ms)
[05/15/2026-03:36:23] [I] Average on 10 runs - GPU latency: 4.05898 ms - Host latency: 4.12051 ms (end to end 4.12988 ms, enqueue 2.4665 ms)
[05/15/2026-03:36:23] [I] Average on 10 runs - GPU latency: 4.03525 ms - Host latency: 4.09648 ms (end to end 4.10576 ms, enqueue 2.84961 ms)
[05/15/2026-03:36:23] [I] Average on 10 runs - GPU latency: 4.04648 ms - Host latency: 4.10801 ms (end to end 4.11768 ms, enqueue 2.69814 ms)
[05/15/2026-03:36:23] [I] Average on 10 runs - GPU latency: 4.05088 ms - Host latency: 4.1125 ms (end to end 4.12197 ms, enqueue 2.56045 ms)
[05/15/2026-03:36:23] [I] Average on 10 runs - GPU latency: 4.04355 ms - Host latency: 4.10488 ms (end to end 4.11494 ms, enqueue 2.73311 ms)
[05/15/2026-03:36:23] [I] Average on 10 runs - GPU latency: 4.03779 ms - Host latency: 4.09902 ms (end to end 4.1083 ms, enqueue 2.83213 ms)
[05/15/2026-03:36:23] [I] Average on 10 runs - GPU latency: 4.03516 ms - Host latency: 4.09609 ms (end to end 4.10537 ms, enqueue 2.87793 ms)
[05/15/2026-03:36:23] [I] Average on 10 runs - GPU latency: 4.03447 ms - Host latency: 4.0958 ms (end to end 4.10547 ms, enqueue 2.875 ms)
[05/15/2026-03:36:23] [I] Average on 10 runs - GPU latency: 4.04004 ms - Host latency: 4.10176 ms (end to end 4.11113 ms, enqueue 2.7583 ms)
[05/15/2026-03:36:23] [I] Average on 10 runs - GPU latency: 4.06729 ms - Host latency: 4.12881 ms (end to end 4.13857 ms, enqueue 2.42021 ms)
[05/15/2026-03:36:23] [I] Average on 10 runs - GPU latency: 4.04238 ms - Host latency: 4.10342 ms (end to end 4.11338 ms, enqueue 2.59414 ms)
[05/15/2026-03:36:23] [I] Average on 10 runs - GPU latency: 4.02725 ms - Host latency: 4.08906 ms (end to end 4.10039 ms, enqueue 3.09297 ms)
[05/15/2026-03:36:23] [I] Average on 10 runs - GPU latency: 4.03389 ms - Host latency: 4.09502 ms (end to end 4.10439 ms, enqueue 2.81523 ms)
[05/15/2026-03:36:23] [I] Average on 10 runs - GPU latency: 4.0377 ms - Host latency: 4.09834 ms (end to end 4.1083 ms, enqueue 2.84189 ms)
[05/15/2026-03:36:23] [I] Average on 10 runs - GPU latency: 4.0418 ms - Host latency: 4.10313 ms (end to end 4.1127 ms, enqueue 2.80068 ms)
[05/15/2026-03:36:23] [I] Average on 10 runs - GPU latency: 4.05371 ms - Host latency: 4.11514 ms (end to end 4.1248 ms, enqueue 2.57461 ms)
[05/15/2026-03:36:23] [I] Average on 10 runs - GPU latency: 4.0751 ms - Host latency: 4.13672 ms (end to end 4.1458 ms, enqueue 2.28945 ms)
[05/15/2026-03:36:23] [I] Average on 10 runs - GPU latency: 4.06406 ms - Host latency: 4.1251 ms (end to end 4.13477 ms, enqueue 2.43701 ms)
[05/15/2026-03:36:23] [I] Average on 10 runs - GPU latency: 4.04541 ms - Host latency: 4.10693 ms (end to end 4.11631 ms, enqueue 2.73125 ms)
[05/15/2026-03:36:23] [I] Average on 10 runs - GPU latency: 4.05029 ms - Host latency: 4.11182 ms (end to end 4.12109 ms, enqueue 2.69209 ms)
[05/15/2026-03:36:23] [I] Average on 10 runs - GPU latency: 4.05156 ms - Host latency: 4.11221 ms (end to end 4.12207 ms, enqueue 2.58154 ms)
[05/15/2026-03:36:23] [I] Average on 10 runs - GPU latency: 4.05244 ms - Host latency: 4.11416 ms (end to end 4.12402 ms, enqueue 2.6585 ms)
[05/15/2026-03:36:23] [I] Average on 10 runs - GPU latency: 4.03574 ms - Host latency: 4.09648 ms (end to end 4.10605 ms, enqueue 2.96055 ms)
[05/15/2026-03:36:23] [I] Average on 10 runs - GPU latency: 4.05508 ms - Host latency: 4.11592 ms (end to end 4.12559 ms, enqueue 2.48643 ms)
[05/15/2026-03:36:23] [I] Average on 10 runs - GPU latency: 4.03848 ms - Host latency: 4.09961 ms (end to end 4.10928 ms, enqueue 2.8624 ms)
[05/15/2026-03:36:23] [I] Average on 10 runs - GPU latency: 4.03418 ms - Host latency: 4.0957 ms (end to end 4.10547 ms, enqueue 2.89199 ms)
[05/15/2026-03:36:23] [I] Average on 10 runs - GPU latency: 4.04248 ms - Host latency: 4.10342 ms (end to end 4.11338 ms, enqueue 2.79844 ms)
[05/15/2026-03:36:23] [I] Average on 10 runs - GPU latency: 4.03291 ms - Host latency: 4.09424 ms (end to end 4.10332 ms, enqueue 2.89658 ms)
[05/15/2026-03:36:23] [I] Average on 10 runs - GPU latency: 4.01904 ms - Host latency: 4.0833 ms (end to end 4.0958 ms, enqueue 3.77402 ms)
[05/15/2026-03:36:23] [I] Average on 10 runs - GPU latency: 4.05547 ms - Host latency: 4.1166 ms (end to end 4.12598 ms, enqueue 2.59111 ms)
[05/15/2026-03:36:23] [I] Average on 10 runs - GPU latency: 4.07549 ms - Host latency: 4.13643 ms (end to end 4.14609 ms, enqueue 2.27598 ms)
[05/15/2026-03:36:23] [I] Average on 10 runs - GPU latency: 4.05098 ms - Host latency: 4.11152 ms (end to end 4.12119 ms, enqueue 2.64697 ms)
[05/15/2026-03:36:23] [I] Average on 10 runs - GPU latency: 4.05332 ms - Host latency: 4.11533 ms (end to end 4.1249 ms, enqueue 2.83662 ms)
[05/15/2026-03:36:23] [I] Average on 10 runs - GPU latency: 4.05625 ms - Host latency: 4.11738 ms (end to end 4.12686 ms, enqueue 2.50928 ms)
[05/15/2026-03:36:23] [I] Average on 10 runs - GPU latency: 4.04414 ms - Host latency: 4.10596 ms (end to end 4.11602 ms, enqueue 2.82393 ms)
[05/15/2026-03:36:23] [I] Average on 10 runs - GPU latency: 4.04551 ms - Host latency: 4.10664 ms (end to end 4.11641 ms, enqueue 2.66992 ms)
[05/15/2026-03:36:23] [I] Average on 10 runs - GPU latency: 4.03623 ms - Host latency: 4.09707 ms (end to end 4.10693 ms, enqueue 2.9374 ms)
[05/15/2026-03:36:23] [I] Average on 10 runs - GPU latency: 4.03496 ms - Host latency: 4.09639 ms (end to end 4.10596 ms, enqueue 2.89678 ms)
[05/15/2026-03:36:23] [I] Average on 10 runs - GPU latency: 4.06924 ms - Host latency: 4.13037 ms (end to end 4.13975 ms, enqueue 2.41807 ms)
[05/15/2026-03:36:23] [I] Average on 10 runs - GPU latency: 4.04834 ms - Host latency: 4.11006 ms (end to end 4.11934 ms, enqueue 2.6292 ms)
[05/15/2026-03:36:23] [I] Average on 10 runs - GPU latency: 4.04863 ms - Host latency: 4.11016 ms (end to end 4.1207 ms, enqueue 2.86582 ms)
[05/15/2026-03:36:23] [I] Average on 10 runs - GPU latency: 4.04785 ms - Host latency: 4.10859 ms (end to end 4.11836 ms, enqueue 2.70996 ms)
[05/15/2026-03:36:23] [I] Average on 10 runs - GPU latency: 4.04648 ms - Host latency: 4.10703 ms (end to end 4.11621 ms, enqueue 2.72363 ms)
[05/15/2026-03:36:23] [I] Average on 10 runs - GPU latency: 4.04688 ms - Host latency: 4.10898 ms (end to end 4.11816 ms, enqueue 2.76387 ms)
[05/15/2026-03:36:23] [I] Average on 10 runs - GPU latency: 4.03672 ms - Host latency: 4.09746 ms (end to end 4.10645 ms, enqueue 2.90703 ms)
[05/15/2026-03:36:23] [I] Average on 10 runs - GPU latency: 4.05664 ms - Host latency: 4.11816 ms (end to end 4.12832 ms, enqueue 2.68008 ms)
[05/15/2026-03:36:23] [I] Average on 10 runs - GPU latency: 4.04238 ms - Host latency: 4.1043 ms (end to end 4.11484 ms, enqueue 2.83945 ms)
[05/15/2026-03:36:23] [I] Average on 10 runs - GPU latency: 4.0668 ms - Host latency: 4.12832 ms (end to end 4.13789 ms, enqueue 2.46328 ms)
[05/15/2026-03:36:23] [I] Average on 10 runs - GPU latency: 4.04688 ms - Host latency: 4.10801 ms (end to end 4.1168 ms, enqueue 2.72109 ms)
[05/15/2026-03:36:23] [I] Average on 10 runs - GPU latency: 4.04375 ms - Host latency: 4.10488 ms (end to end 4.11445 ms, enqueue 2.95762 ms)
[05/15/2026-03:36:23] [I] Average on 10 runs - GPU latency: 4.04414 ms - Host latency: 4.10547 ms (end to end 4.11543 ms, enqueue 2.69375 ms)
[05/15/2026-03:36:23] [I] Average on 10 runs - GPU latency: 4.0459 ms - Host latency: 4.10723 ms (end to end 4.11719 ms, enqueue 2.68613 ms)
[05/15/2026-03:36:23] [I] Average on 10 runs - GPU latency: 4.04199 ms - Host latency: 4.10254 ms (end to end 4.1125 ms, enqueue 3.01367 ms)
[05/15/2026-03:36:23] [I] Average on 10 runs - GPU latency: 4.05371 ms - Host latency: 4.11484 ms (end to end 4.125 ms, enqueue 2.52539 ms)
[05/15/2026-03:36:23] [I] Average on 10 runs - GPU latency: 4.05527 ms - Host latency: 4.1168 ms (end to end 4.12637 ms, enqueue 2.55117 ms)
[05/15/2026-03:36:23] [I] Average on 10 runs - GPU latency: 4.03828 ms - Host latency: 4.09902 ms (end to end 4.10879 ms, enqueue 2.83008 ms)
[05/15/2026-03:36:23] [I] Average on 10 runs - GPU latency: 4.04414 ms - Host latency: 4.10469 ms (end to end 4.11484 ms, enqueue 2.85723 ms)
[05/15/2026-03:36:23] [I] Average on 10 runs - GPU latency: 4.06406 ms - Host latency: 4.12578 ms (end to end 4.13555 ms, enqueue 2.43457 ms)
[05/15/2026-03:36:23] [I] Average on 10 runs - GPU latency: 4.04453 ms - Host latency: 4.10586 ms (end to end 4.11582 ms, enqueue 2.71934 ms)
[05/15/2026-03:36:23] [I] Average on 10 runs - GPU latency: 4.0498 ms - Host latency: 4.11113 ms (end to end 4.12031 ms, enqueue 2.71543 ms)
[05/15/2026-03:36:23] [I] Average on 10 runs - GPU latency: 4.05801 ms - Host latency: 4.11953 ms (end to end 4.12871 ms, enqueue 2.40957 ms)
[05/15/2026-03:36:23] [I] Average on 10 runs - GPU latency: 4.0043 ms - Host latency: 4.06602 ms (end to end 4.07891 ms, enqueue 3.68652 ms)
[05/15/2026-03:36:23] [I] Average on 10 runs - GPU latency: 4.00313 ms - Host latency: 4.06504 ms (end to end 4.0793 ms, enqueue 3.90098 ms)
[05/15/2026-03:36:23] [I] Average on 10 runs - GPU latency: 3.99922 ms - Host latency: 4.06133 ms (end to end 4.0752 ms, enqueue 3.82637 ms)
[05/15/2026-03:36:23] [I] Average on 10 runs - GPU latency: 4.00352 ms - Host latency: 4.06504 ms (end to end 4.0793 ms, enqueue 3.78457 ms)
[05/15/2026-03:36:23] [I] Average on 10 runs - GPU latency: 4.00254 ms - Host latency: 4.06484 ms (end to end 4.07871 ms, enqueue 3.88594 ms)
[05/15/2026-03:36:23] [I] Average on 10 runs - GPU latency: 4.00625 ms - Host latency: 4.06777 ms (end to end 4.08164 ms, enqueue 3.80059 ms)
[05/15/2026-03:36:23] [I] Average on 10 runs - GPU latency: 4.00215 ms - Host latency: 4.06484 ms (end to end 4.07852 ms, enqueue 3.74668 ms)
[05/15/2026-03:36:23] [I] Average on 10 runs - GPU latency: 4.00645 ms - Host latency: 4.06855 ms (end to end 4.08203 ms, enqueue 3.82637 ms)
[05/15/2026-03:36:23] [I] Average on 10 runs - GPU latency: 4.0043 ms - Host latency: 4.06738 ms (end to end 4.08145 ms, enqueue 3.72207 ms)
[05/15/2026-03:36:23] [I] Average on 10 runs - GPU latency: 4.0041 ms - Host latency: 4.06641 ms (end to end 4.07988 ms, enqueue 3.68809 ms)
[05/15/2026-03:36:23] [I] Average on 10 runs - GPU latency: 4.00371 ms - Host latency: 4.06563 ms (end to end 4.07969 ms, enqueue 3.87637 ms)
[05/15/2026-03:36:23] [I] Average on 10 runs - GPU latency: 4.00352 ms - Host latency: 4.06543 ms (end to end 4.07852 ms, enqueue 3.73438 ms)
[05/15/2026-03:36:23] [I] Average on 10 runs - GPU latency: 4.00586 ms - Host latency: 4.06758 ms (end to end 4.08125 ms, enqueue 3.75957 ms)
[05/15/2026-03:36:23] [I] Average on 10 runs - GPU latency: 4.00449 ms - Host latency: 4.0666 ms (end to end 4.08027 ms, enqueue 3.66348 ms)
[05/15/2026-03:36:23] [I] Average on 10 runs - GPU latency: 4.02305 ms - Host latency: 4.08926 ms (end to end 4.10254 ms, enqueue 3.96602 ms)
[05/15/2026-03:36:23] [I] Average on 10 runs - GPU latency: 4.0002 ms - Host latency: 4.06035 ms (end to end 4.07637 ms, enqueue 3.80156 ms)
[05/15/2026-03:36:23] [I] Average on 10 runs - GPU latency: 4.01895 ms - Host latency: 4.08105 ms (end to end 4.09492 ms, enqueue 3.26855 ms)
[05/15/2026-03:36:23] [I] Average on 10 runs - GPU latency: 4.05527 ms - Host latency: 4.11602 ms (end to end 4.12539 ms, enqueue 2.54316 ms)
[05/15/2026-03:36:23] [I] Average on 10 runs - GPU latency: 4.06973 ms - Host latency: 4.13008 ms (end to end 4.13965 ms, enqueue 2.40352 ms)
[05/15/2026-03:36:23] [I] Average on 10 runs - GPU latency: 4.03262 ms - Host latency: 4.09395 ms (end to end 4.10371 ms, enqueue 3.08301 ms)
[05/15/2026-03:36:23] [I] Average on 10 runs - GPU latency: 4.03672 ms - Host latency: 4.09805 ms (end to end 4.10859 ms, enqueue 2.92598 ms)
[05/15/2026-03:36:23] [I] Average on 10 runs - GPU latency: 4.0375 ms - Host latency: 4.09746 ms (end to end 4.10703 ms, enqueue 3.02617 ms)
[05/15/2026-03:36:23] [I] Average on 10 runs - GPU latency: 4.0332 ms - Host latency: 4.09473 ms (end to end 4.10371 ms, enqueue 2.97813 ms)
[05/15/2026-03:36:23] [I] Average on 10 runs - GPU latency: 4.03594 ms - Host latency: 4.09766 ms (end to end 4.10801 ms, enqueue 3.16582 ms)
[05/15/2026-03:36:23] [I] Average on 10 runs - GPU latency: 4.03672 ms - Host latency: 4.09844 ms (end to end 4.1084 ms, enqueue 3.16699 ms)
[05/15/2026-03:36:23] [I] Average on 10 runs - GPU latency: 4.0334 ms - Host latency: 4.09434 ms (end to end 4.1043 ms, enqueue 2.87324 ms)
[05/15/2026-03:36:23] [I] Average on 10 runs - GPU latency: 4.03184 ms - Host latency: 4.09297 ms (end to end 4.10273 ms, enqueue 3.04063 ms)
[05/15/2026-03:36:23] [I] Average on 10 runs - GPU latency: 4.04922 ms - Host latency: 4.11152 ms (end to end 4.12324 ms, enqueue 2.96719 ms)
[05/15/2026-03:36:23] [I] Average on 10 runs - GPU latency: 4.0584 ms - Host latency: 4.11953 ms (end to end 4.1291 ms, enqueue 2.4377 ms)
[05/15/2026-03:36:23] [I] Average on 10 runs - GPU latency: 4.05352 ms - Host latency: 4.11426 ms (end to end 4.12422 ms, enqueue 2.48379 ms)
[05/15/2026-03:36:23] [I] Average on 10 runs - GPU latency: 4.05684 ms - Host latency: 4.11758 ms (end to end 4.12695 ms, enqueue 2.43262 ms)
[05/15/2026-03:36:23] [I] Average on 10 runs - GPU latency: 4.05684 ms - Host latency: 4.11797 ms (end to end 4.12695 ms, enqueue 2.41816 ms)
[05/15/2026-03:36:23] [I] Average on 10 runs - GPU latency: 4.05469 ms - Host latency: 4.11719 ms (end to end 4.12656 ms, enqueue 2.45293 ms)
[05/15/2026-03:36:23] [I] Average on 10 runs - GPU latency: 4.05215 ms - Host latency: 4.11309 ms (end to end 4.12305 ms, enqueue 2.42129 ms)
[05/15/2026-03:36:23] [I] Average on 10 runs - GPU latency: 4.05391 ms - Host latency: 4.11582 ms (end to end 4.12539 ms, enqueue 2.42246 ms)
[05/15/2026-03:36:23] [I] Average on 10 runs - GPU latency: 4.05059 ms - Host latency: 4.1127 ms (end to end 4.12246 ms, enqueue 2.51973 ms)
[05/15/2026-03:36:23] [I] Average on 10 runs - GPU latency: 4.05645 ms - Host latency: 4.11758 ms (end to end 4.12754 ms, enqueue 2.40391 ms)
[05/15/2026-03:36:23] [I] Average on 10 runs - GPU latency: 4.06484 ms - Host latency: 4.12578 ms (end to end 4.13574 ms, enqueue 2.33809 ms)
[05/15/2026-03:36:23] [I] Average on 10 runs - GPU latency: 4.05352 ms - Host latency: 4.11348 ms (end to end 4.12305 ms, enqueue 2.48242 ms)
[05/15/2026-03:36:23] [I] Average on 10 runs - GPU latency: 4.05508 ms - Host latency: 4.11641 ms (end to end 4.12637 ms, enqueue 2.44453 ms)
[05/15/2026-03:36:23] [I] Average on 10 runs - GPU latency: 4.06777 ms - Host latency: 4.12852 ms (end to end 4.13828 ms, enqueue 2.36738 ms)
[05/15/2026-03:36:23] [I] Average on 10 runs - GPU latency: 4.05742 ms - Host latency: 4.11895 ms (end to end 4.12832 ms, enqueue 2.51387 ms)
[05/15/2026-03:36:23] [I] Average on 10 runs - GPU latency: 4.06133 ms - Host latency: 4.12187 ms (end to end 4.13184 ms, enqueue 2.44844 ms)
[05/15/2026-03:36:23] [I] Average on 10 runs - GPU latency: 4.05566 ms - Host latency: 4.11641 ms (end to end 4.12559 ms, enqueue 2.38477 ms)
[05/15/2026-03:36:23] [I] Average on 10 runs - GPU latency: 4.06426 ms - Host latency: 4.1252 ms (end to end 4.13516 ms, enqueue 2.42695 ms)
[05/15/2026-03:36:23] [I] Average on 10 runs - GPU latency: 4.05352 ms - Host latency: 4.11445 ms (end to end 4.12363 ms, enqueue 2.47305 ms)
[05/15/2026-03:36:23] [I] Average on 10 runs - GPU latency: 4.0584 ms - Host latency: 4.11875 ms (end to end 4.12871 ms, enqueue 2.39141 ms)
[05/15/2026-03:36:23] [I] Average on 10 runs - GPU latency: 4.0584 ms - Host latency: 4.11992 ms (end to end 4.12949 ms, enqueue 2.44609 ms)
[05/15/2026-03:36:23] [I] Average on 10 runs - GPU latency: 4.05254 ms - Host latency: 4.11367 ms (end to end 4.12344 ms, enqueue 2.4875 ms)
[05/15/2026-03:36:23] [I] Average on 10 runs - GPU latency: 4.05879 ms - Host latency: 4.11934 ms (end to end 4.1291 ms, enqueue 2.35762 ms)
[05/15/2026-03:36:23] [I] Average on 10 runs - GPU latency: 4.05332 ms - Host latency: 4.11465 ms (end to end 4.12441 ms, enqueue 2.4209 ms)
[05/15/2026-03:36:23] [I] Average on 10 runs - GPU latency: 4.05449 ms - Host latency: 4.11641 ms (end to end 4.12578 ms, enqueue 2.46445 ms)
[05/15/2026-03:36:23] [I] Average on 10 runs - GPU latency: 4.05312 ms - Host latency: 4.11367 ms (end to end 4.12402 ms, enqueue 2.39629 ms)
[05/15/2026-03:36:23] [I] Average on 10 runs - GPU latency: 4.05488 ms - Host latency: 4.11641 ms (end to end 4.12598 ms, enqueue 2.41152 ms)
[05/15/2026-03:36:23] [I] Average on 10 runs - GPU latency: 4.0541 ms - Host latency: 4.11543 ms (end to end 4.1248 ms, enqueue 2.46504 ms)
[05/15/2026-03:36:23] [I] Average on 10 runs - GPU latency: 4.05742 ms - Host latency: 4.11777 ms (end to end 4.12852 ms, enqueue 2.37773 ms)
[05/15/2026-03:36:23] [I] Average on 10 runs - GPU latency: 4.05723 ms - Host latency: 4.11855 ms (end to end 4.12852 ms, enqueue 2.39121 ms)
[05/15/2026-03:36:23] [I] Average on 10 runs - GPU latency: 4.05762 ms - Host latency: 4.11777 ms (end to end 4.12715 ms, enqueue 2.46406 ms)
[05/15/2026-03:36:23] [I] Average on 10 runs - GPU latency: 4.05488 ms - Host latency: 4.11562 ms (end to end 4.125 ms, enqueue 2.40723 ms)
[05/15/2026-03:36:23] [I] Average on 10 runs - GPU latency: 4.05586 ms - Host latency: 4.11738 ms (end to end 4.12676 ms, enqueue 2.40527 ms)
[05/15/2026-03:36:23] [I] Average on 10 runs - GPU latency: 4.05527 ms - Host latency: 4.11641 ms (end to end 4.12617 ms, enqueue 2.47051 ms)
[05/15/2026-03:36:23] [I] Average on 10 runs - GPU latency: 4.04688 ms - Host latency: 4.1084 ms (end to end 4.11816 ms, enqueue 2.44746 ms)
[05/15/2026-03:36:23] [I] Average on 10 runs - GPU latency: 4.05879 ms - Host latency: 4.12031 ms (end to end 4.13066 ms, enqueue 2.4002 ms)
[05/15/2026-03:36:23] [I] Average on 10 runs - GPU latency: 4.04941 ms - Host latency: 4.11074 ms (end to end 4.12051 ms, enqueue 2.4457 ms)
[05/15/2026-03:36:23] [I] Average on 10 runs - GPU latency: 4.05508 ms - Host latency: 4.11641 ms (end to end 4.12637 ms, enqueue 2.44531 ms)
[05/15/2026-03:36:23] [I] Average on 10 runs - GPU latency: 4.05898 ms - Host latency: 4.12051 ms (end to end 4.13047 ms, enqueue 2.4002 ms)
[05/15/2026-03:36:23] [I] Average on 10 runs - GPU latency: 4.06738 ms - Host latency: 4.12793 ms (end to end 4.1375 ms, enqueue 2.44883 ms)
[05/15/2026-03:36:23] [I] Average on 10 runs - GPU latency: 4.03906 ms - Host latency: 4.10098 ms (end to end 4.11055 ms, enqueue 2.78867 ms)
[05/15/2026-03:36:23] [I] Average on 10 runs - GPU latency: 4.03359 ms - Host latency: 4.09453 ms (end to end 4.10586 ms, enqueue 3.07461 ms)
[05/15/2026-03:36:23] [I] Average on 10 runs - GPU latency: 4.04004 ms - Host latency: 4.10078 ms (end to end 4.11074 ms, enqueue 2.81309 ms)
[05/15/2026-03:36:23] [I] Average on 10 runs - GPU latency: 4.03945 ms - Host latency: 4.1002 ms (end to end 4.11055 ms, enqueue 2.875 ms)
[05/15/2026-03:36:23] [I] Average on 10 runs - GPU latency: 4.03086 ms - Host latency: 4.09258 ms (end to end 4.10273 ms, enqueue 3.06309 ms)
[05/15/2026-03:36:23] [I] Average on 10 runs - GPU latency: 4.04043 ms - Host latency: 4.10195 ms (end to end 4.1127 ms, enqueue 3.0916 ms)
[05/15/2026-03:36:23] [I] Average on 10 runs - GPU latency: 4.03594 ms - Host latency: 4.09707 ms (end to end 4.10723 ms, enqueue 2.89863 ms)
[05/15/2026-03:36:23] [I] Average on 10 runs - GPU latency: 4.03516 ms - Host latency: 4.09629 ms (end to end 4.10664 ms, enqueue 2.87832 ms)
[05/15/2026-03:36:23] [I] Average on 10 runs - GPU latency: 4.0416 ms - Host latency: 4.10273 ms (end to end 4.1127 ms, enqueue 2.90039 ms)
[05/15/2026-03:36:23] [I] Average on 10 runs - GPU latency: 4.05703 ms - Host latency: 4.11855 ms (end to end 4.12793 ms, enqueue 2.47598 ms)
[05/15/2026-03:36:23] [I] Average on 10 runs - GPU latency: 4.05703 ms - Host latency: 4.11836 ms (end to end 4.12715 ms, enqueue 2.45547 ms)
[05/15/2026-03:36:23] [I] Average on 10 runs - GPU latency: 4.05566 ms - Host latency: 4.11602 ms (end to end 4.12539 ms, enqueue 2.37246 ms)
[05/15/2026-03:36:23] [I] Average on 10 runs - GPU latency: 4.06543 ms - Host latency: 4.12676 ms (end to end 4.13613 ms, enqueue 2.44883 ms)
[05/15/2026-03:36:23] [I] Average on 10 runs - GPU latency: 4.05957 ms - Host latency: 4.12031 ms (end to end 4.13008 ms, enqueue 2.45254 ms)
[05/15/2026-03:36:23] [I] Average on 10 runs - GPU latency: 4.03359 ms - Host latency: 4.09551 ms (end to end 4.10625 ms, enqueue 3.16465 ms)
[05/15/2026-03:36:23] [I] Average on 10 runs - GPU latency: 4.02891 ms - Host latency: 4.09023 ms (end to end 4.09961 ms, enqueue 3.05352 ms)
[05/15/2026-03:36:23] [I] Average on 10 runs - GPU latency: 4.03555 ms - Host latency: 4.09668 ms (end to end 4.10625 ms, enqueue 2.98359 ms)
[05/15/2026-03:36:23] [I] Average on 10 runs - GPU latency: 4.03438 ms - Host latency: 4.09551 ms (end to end 4.10684 ms, enqueue 3.0666 ms)
[05/15/2026-03:36:23] [I] Average on 10 runs - GPU latency: 4.03594 ms - Host latency: 4.09746 ms (end to end 4.10898 ms, enqueue 2.91328 ms)
[05/15/2026-03:36:23] [I] Average on 10 runs - GPU latency: 4.0373 ms - Host latency: 4.09902 ms (end to end 4.11035 ms, enqueue 3.04492 ms)
[05/15/2026-03:36:23] [I] Average on 10 runs - GPU latency: 4.06094 ms - Host latency: 4.12148 ms (end to end 4.13066 ms, enqueue 2.51406 ms)
[05/15/2026-03:36:23] [I] Average on 10 runs - GPU latency: 4.06582 ms - Host latency: 4.12637 ms (end to end 4.13652 ms, enqueue 2.43242 ms)
[05/15/2026-03:36:23] [I] Average on 10 runs - GPU latency: 4.06309 ms - Host latency: 4.12402 ms (end to end 4.13359 ms, enqueue 2.42109 ms)
[05/15/2026-03:36:23] [I] 
[05/15/2026-03:36:23] [I] === Performance summary ===
[05/15/2026-03:36:23] [I] Throughput: 241.76 qps
[05/15/2026-03:36:23] [I] Latency: min = 4.01611 ms, max = 22.4771 ms, mean = 4.12523 ms, median = 4.08887 ms, percentile(99%) = 4.16602 ms
[05/15/2026-03:36:23] [I] End-to-End Host Latency: min = 4.02051 ms, max = 22.527 ms, mean = 4.13549 ms, median = 4.09863 ms, percentile(99%) = 4.17041 ms
[05/15/2026-03:36:23] [I] Enqueue Time: min = 2.12695 ms, max = 6.65808 ms, mean = 2.83312 ms, median = 2.72656 ms, percentile(99%) = 4.26172 ms
[05/15/2026-03:36:23] [I] H2D Latency: min = 0.0566406 ms, max = 0.29126 ms, mean = 0.059303 ms, median = 0.0585938 ms, percentile(99%) = 0.0639648 ms
[05/15/2026-03:36:23] [I] GPU Compute Time: min = 3.95508 ms, max = 22.1776 ms, mean = 4.06293 ms, median = 4.02734 ms, percentile(99%) = 4.08789 ms
[05/15/2026-03:36:23] [I] D2H Latency: min = 0 ms, max = 0.106445 ms, mean = 0.00299291 ms, median = 0.00292969 ms, percentile(99%) = 0.00390625 ms
[05/15/2026-03:36:23] [I] Total Host Walltime: 19.4614 s
[05/15/2026-03:36:23] [I] Total GPU Compute Time: 19.1161 s
[05/15/2026-03:36:23] [I] Explanations of the performance metrics are printed in the verbose logs.
[05/15/2026-03:36:23] [I] 
&&&& PASSED TensorRT.trtexec [TensorRT v8001] # /usr/src/tensorrt/bin/trtexec --loadEngine=engines/tomato_yolov8n_cls_domainmix_pd5_umair_hard_int8_50pc.engine --warmUp=1000 --duration=20 --iterations=1000
[05/15/2026-03:36:23] [I] [TRT] [MemUsageChange] Init cuBLAS/cuBLASLt: CPU +0, GPU +0, now: CPU 863, GPU 3820 (MiB)
