

=== CMD ===
F:\TFM experimento\training\.venv\Scripts\python.exe F:\TFM experimento\training\scripts\eval_cls_external.py --model F:\TFM experimento\training\runs\pruning\pareto_selected_headprune20\p03_headprune20_recovery_e5\runs\p03_headprune20_recovery_e5\weights\best.pt --data F:\TFM experimento\training\dataset\external_prepared\umair_valid_pd5_mapped --out F:\TFM experimento\training\runs\pruning\pareto_selected_headprune20\external_eval\p03_recovery_umair --imgsz 416 --batch 16 --chunk-size 256
{
  "total": 6431,
  "correct": 5240,
  "top1_accuracy": 0.8148032965324211,
  "mean_confidence": 0.7968326015460178,
  "pred_distribution": {
    "Tomato___Bacterial_spot": 651,
    "Tomato___Tomato_Yellow_Leaf_Curl_Virus": 529,
    "Tomato___Early_blight": 468,
    "Tomato___Late_blight": 839,
    "Tomato___Septoria_leaf_spot": 749,
    "Tomato___Target_Spot": 470,
    "Tomato___Spider_mites Two-spotted_spider_mite": 419,
    "Tomato___Leaf_Mold": 930,
    "Tomato___healthy": 869,
    "Tomato___Tomato_mosaic_virus": 507
  },
  "class_metrics": {
    "Tomato___Bacterial_spot": {
      "total": 732,
      "correct": 530,
      "accuracy": 0.7240437158469946,
      "mean_confidence": 0.7490249460186463
    },
    "Tomato___Early_blight": {
      "total": 643,
      "correct": 397,
      "accuracy": 0.6174183514774495,
      "mean_confidence": 0.6634053324883685
    },
    "Tomato___Late_blight": {
      "total": 792,
      "correct": 620,
      "accuracy": 0.7828282828282829,
      "mean_confidence": 0.7273409620604732
    },
    "Tomato___Leaf_Mold": {
      "total": 739,
      "correct": 660,
      "accuracy": 0.8930987821380244,
      "mean_confidence": 0.8452836160569456
    },
    "Tomato___Septoria_leaf_spot": {
      "total": 746,
      "correct": 556,
      "accuracy": 0.7453083109919572,
      "mean_confidence": 0.736574809468943
    },
    "Tomato___Spider_mites Two-spotted_spider_mite": {
      "total": 435,
      "correct": 366,
      "accuracy": 0.8413793103448276,
      "mean_confidence": 0.8339456110850147
    },
    "Tomato___Target_Spot": {
      "total": 457,
      "correct": 382,
      "accuracy": 0.8358862144420132,
      "mean_confidence": 0.7826944675043844
    },
    "Tomato___Tomato_Yellow_Leaf_Curl_Virus": {
      "total": 498,
      "correct": 471,
      "accuracy": 0.9457831325301205,
      "mean_confidence": 0.9519004532431503
    },
    "Tomato___Tomato_mosaic_virus": {
      "total": 584,
      "correct": 483,
      "accuracy": 0.827054794520548,
      "mean_confidence": 0.8742825653250903
    },
    "Tomato___healthy": {
      "total": 805,
      "correct": 775,
      "accuracy": 0.9627329192546584,
      "mean_confidence": 0.8624670470168131
    }
  }
}
