

=== CMD ===
F:\TFM experimento\training\.venv\Scripts\python.exe F:\TFM experimento\training\scripts\eval_cls_external.py --model F:\TFM experimento\training\runs\pruning\pareto_selected_headprune20\p03_headprune20_recovery_e5\head_pruned_init.pt --data F:\TFM experimento\training\dataset\plantdoc_tomato_cls\val --out F:\TFM experimento\training\runs\pruning\pareto_selected_headprune20\external_eval\p03_pruned_init_plantdoc --imgsz 416 --batch 16 --chunk-size 256
{
  "total": 69,
  "correct": 52,
  "top1_accuracy": 0.7536231884057971,
  "mean_confidence": 0.8665160610192064,
  "pred_distribution": {
    "Tomato___Bacterial_spot": 11,
    "Tomato___Septoria_leaf_spot": 13,
    "Tomato___Early_blight": 9,
    "Tomato___healthy": 7,
    "Tomato___Leaf_Mold": 8,
    "Tomato___Tomato_Yellow_Leaf_Curl_Virus": 5,
    "Tomato___Late_blight": 9,
    "Tomato___Tomato_mosaic_virus": 6,
    "Tomato___Spider_mites Two-spotted_spider_mite": 1
  },
  "class_metrics": {
    "Tomato___Bacterial_spot": {
      "total": 9,
      "correct": 7,
      "accuracy": 0.7777777777777778,
      "mean_confidence": 0.8803339070743985
    },
    "Tomato___Early_blight": {
      "total": 9,
      "correct": 7,
      "accuracy": 0.7777777777777778,
      "mean_confidence": 0.8198965622319115
    },
    "Tomato___Late_blight": {
      "total": 10,
      "correct": 8,
      "accuracy": 0.8,
      "mean_confidence": 0.9185405910015106
    },
    "Tomato___Leaf_Mold": {
      "total": 6,
      "correct": 4,
      "accuracy": 0.6666666666666666,
      "mean_confidence": 0.74176953236262
    },
    "Tomato___Septoria_leaf_spot": {
      "total": 11,
      "correct": 11,
      "accuracy": 1.0,
      "mean_confidence": 0.9231820052320306
    },
    "Tomato___Tomato_Yellow_Leaf_Curl_Virus": {
      "total": 6,
      "correct": 4,
      "accuracy": 0.6666666666666666,
      "mean_confidence": 0.8767731487751007
    },
    "Tomato___Tomato_mosaic_virus": {
      "total": 10,
      "correct": 6,
      "accuracy": 0.6,
      "mean_confidence": 0.8754715919494629
    },
    "Tomato___healthy": {
      "total": 8,
      "correct": 5,
      "accuracy": 0.625,
      "mean_confidence": 0.8351442515850067
    }
  }
}
